<?xml version="1.0" encoding="UTF-8"?>
<testsuite name="com.stackroute.ng2boot.controllers.MovieRestControllerTest" time="0.041" tests="4" errors="4" skipped="0" failures="0">
  <properties>
    <property name="java.runtime.name" value="Java(TM) SE Runtime Environment"/>
    <property name="sun.boot.library.path" value="/usr/lib/jvm/java-8-oracle/jre/lib/amd64"/>
    <property name="java.vm.version" value="25.131-b11"/>
    <property name="java.vm.vendor" value="Oracle Corporation"/>
    <property name="maven.multiModuleProjectDirectory" value="/home/user/Downloads/part1_movieapp-starter/spring-rest"/>
    <property name="java.vendor.url" value="http://java.oracle.com/"/>
    <property name="path.separator" value=":"/>
    <property name="guice.disable.misplaced.annotation.check" value="true"/>
    <property name="java.vm.name" value="Java HotSpot(TM) 64-Bit Server VM"/>
    <property name="file.encoding.pkg" value="sun.io"/>
    <property name="user.country" value="IN"/>
    <property name="sun.java.launcher" value="SUN_STANDARD"/>
    <property name="sun.os.patch.level" value="unknown"/>
    <property name="java.vm.specification.name" value="Java Virtual Machine Specification"/>
    <property name="user.dir" value="/home/user/Downloads/part1_movieapp-starter/spring-rest"/>
    <property name="java.runtime.version" value="1.8.0_131-b11"/>
    <property name="java.awt.graphicsenv" value="sun.awt.X11GraphicsEnvironment"/>
    <property name="java.endorsed.dirs" value="/usr/lib/jvm/java-8-oracle/jre/lib/endorsed"/>
    <property name="os.arch" value="amd64"/>
    <property name="java.io.tmpdir" value="/tmp"/>
    <property name="line.separator" value="&#10;"/>
    <property name="java.vm.specification.vendor" value="Oracle Corporation"/>
    <property name="os.name" value="Linux"/>
    <property name="classworlds.conf" value="/home/user/Documents/workspace-sts-3.8.4.RELEASE/.metadata/.plugins/org.eclipse.m2e.launching/launches/m2conf4802686900555623908.tmp"/>
    <property name="sun.jnu.encoding" value="UTF-8"/>
    <property name="java.library.path" value="/usr/java/packages/lib/amd64:/usr/lib64:/lib64:/lib:/usr/lib"/>
    <property name="java.specification.name" value="Java Platform API Specification"/>
    <property name="java.class.version" value="52.0"/>
    <property name="sun.management.compiler" value="HotSpot 64-Bit Tiered Compilers"/>
    <property name="os.version" value="4.4.0-78-generic"/>
    <property name="user.home" value="/home/user"/>
    <property name="user.timezone" value="Asia/Kolkata"/>
    <property name="java.awt.printerjob" value="sun.print.PSPrinterJob"/>
    <property name="file.encoding" value="UTF-8"/>
    <property name="java.specification.version" value="1.8"/>
    <property name="user.name" value="user"/>
    <property name="java.class.path" value="/home/user/Downloads/sts-bundle/sts-3.8.4.RELEASE/plugins/org.eclipse.m2e.maven.runtime_1.7.0.20160603-1931/jars/plexus-classworlds-2.5.2.jar"/>
    <property name="java.vm.specification.version" value="1.8"/>
    <property name="sun.arch.data.model" value="64"/>
    <property name="java.home" value="/usr/lib/jvm/java-8-oracle/jre"/>
    <property name="sun.java.command" value="org.codehaus.plexus.classworlds.launcher.Launcher -B package"/>
    <property name="java.specification.vendor" value="Oracle Corporation"/>
    <property name="user.language" value="en"/>
    <property name="awt.toolkit" value="sun.awt.X11.XToolkit"/>
    <property name="java.vm.info" value="mixed mode"/>
    <property name="java.version" value="1.8.0_131"/>
    <property name="java.ext.dirs" value="/usr/lib/jvm/java-8-oracle/jre/lib/ext:/usr/java/packages/lib/ext"/>
    <property name="securerandom.source" value="file:/dev/./urandom"/>
    <property name="sun.boot.class.path" value="/usr/lib/jvm/java-8-oracle/jre/lib/resources.jar:/usr/lib/jvm/java-8-oracle/jre/lib/rt.jar:/usr/lib/jvm/java-8-oracle/jre/lib/sunrsasign.jar:/usr/lib/jvm/java-8-oracle/jre/lib/jsse.jar:/usr/lib/jvm/java-8-oracle/jre/lib/jce.jar:/usr/lib/jvm/java-8-oracle/jre/lib/charsets.jar:/usr/lib/jvm/java-8-oracle/jre/lib/jfr.jar:/usr/lib/jvm/java-8-oracle/jre/classes"/>
    <property name="java.vendor" value="Oracle Corporation"/>
    <property name="maven.home" value="/home/user/Downloads/part1_movieapp-starter/spring-rest/EMBEDDED"/>
    <property name="file.separator" value="/"/>
    <property name="java.vendor.url.bug" value="http://bugreport.sun.com/bugreport/"/>
    <property name="sun.cpu.endian" value="little"/>
    <property name="sun.io.unicode.encoding" value="UnicodeLittle"/>
    <property name="sun.desktop" value="gnome"/>
    <property name="sun.cpu.isalist" value=""/>
  </properties>
  <testcase name="deleteMovie" classname="com.stackroute.ng2boot.controllers.MovieRestControllerTest" time="0.02">
    <error message="Failed to load ApplicationContext" type="java.lang.IllegalStateException">java.lang.IllegalStateException: Failed to load ApplicationContext
	at org.springframework.test.context.cache.DefaultCacheAwareContextLoaderDelegate.loadContext(DefaultCacheAwareContextLoaderDelegate.java:124)
	at org.springframework.test.context.support.DefaultTestContext.getApplicationContext(DefaultTestContext.java:83)
	at org.springframework.boot.test.autoconfigure.SpringBootDependencyInjectionTestExecutionListener.prepareTestInstance(SpringBootDependencyInjectionTestExecutionListener.java:47)
	at org.springframework.test.context.TestContextManager.prepareTestInstance(TestContextManager.java:230)
	at org.springframework.test.context.junit4.SpringJUnit4ClassRunner.createTest(SpringJUnit4ClassRunner.java:228)
	at org.springframework.test.context.junit4.SpringJUnit4ClassRunner$1.runReflectiveCall(SpringJUnit4ClassRunner.java:287)
	at org.junit.internal.runners.model.ReflectiveCallable.run(ReflectiveCallable.java:12)
	at org.springframework.test.context.junit4.SpringJUnit4ClassRunner.methodBlock(SpringJUnit4ClassRunner.java:289)
	at org.springframework.test.context.junit4.SpringJUnit4ClassRunner.runChild(SpringJUnit4ClassRunner.java:247)
	at org.springframework.test.context.junit4.SpringJUnit4ClassRunner.runChild(SpringJUnit4ClassRunner.java:94)
	at org.junit.runners.ParentRunner$3.run(ParentRunner.java:290)
	at org.junit.runners.ParentRunner$1.schedule(ParentRunner.java:71)
	at org.junit.runners.ParentRunner.runChildren(ParentRunner.java:288)
	at org.junit.runners.ParentRunner.access$000(ParentRunner.java:58)
	at org.junit.runners.ParentRunner$2.evaluate(ParentRunner.java:268)
	at org.springframework.test.context.junit4.statements.RunBeforeTestClassCallbacks.evaluate(RunBeforeTestClassCallbacks.java:61)
	at org.springframework.test.context.junit4.statements.RunAfterTestClassCallbacks.evaluate(RunAfterTestClassCallbacks.java:70)
	at org.junit.runners.ParentRunner.run(ParentRunner.java:363)
	at org.springframework.test.context.junit4.SpringJUnit4ClassRunner.run(SpringJUnit4ClassRunner.java:191)
	at org.apache.maven.surefire.junit4.JUnit4Provider.execute(JUnit4Provider.java:283)
	at org.apache.maven.surefire.junit4.JUnit4Provider.executeWithRerun(JUnit4Provider.java:173)
	at org.apache.maven.surefire.junit4.JUnit4Provider.executeTestSet(JUnit4Provider.java:153)
	at org.apache.maven.surefire.junit4.JUnit4Provider.invoke(JUnit4Provider.java:128)
	at org.apache.maven.surefire.booter.ForkedBooter.invokeProviderInSameClassLoader(ForkedBooter.java:203)
	at org.apache.maven.surefire.booter.ForkedBooter.runSuitesInProcess(ForkedBooter.java:155)
	at org.apache.maven.surefire.booter.ForkedBooter.main(ForkedBooter.java:103)
Caused by: org.springframework.beans.factory.UnsatisfiedDependencyException: Error creating bean with name 'movieRestController': Unsatisfied dependency expressed through field 'movielinks'; nested exception is org.springframework.beans.factory.NoSuchBeanDefinitionException: No qualifying bean of type 'com.stackroute.ng2boot.links.MovieLinks' available: expected at least 1 bean which qualifies as autowire candidate. Dependency annotations: {@org.springframework.beans.factory.annotation.Autowired(required=true)}
	at org.springframework.beans.factory.annotation.AutowiredAnnotationBeanPostProcessor$AutowiredFieldElement.inject(AutowiredAnnotationBeanPostProcessor.java:592)
	at org.springframework.beans.factory.annotation.InjectionMetadata.inject(InjectionMetadata.java:88)
	at org.springframework.beans.factory.annotation.AutowiredAnnotationBeanPostProcessor.postProcessPropertyValues(AutowiredAnnotationBeanPostProcessor.java:370)
	at org.springframework.beans.factory.support.AbstractAutowireCapableBeanFactory.populateBean(AbstractAutowireCapableBeanFactory.java:1219)
	at org.springframework.beans.factory.support.AbstractAutowireCapableBeanFactory.doCreateBean(AbstractAutowireCapableBeanFactory.java:551)
	at org.springframework.beans.factory.support.AbstractAutowireCapableBeanFactory.createBean(AbstractAutowireCapableBeanFactory.java:482)
	at org.springframework.beans.factory.support.AbstractBeanFactory$1.getObject(AbstractBeanFactory.java:306)
	at org.springframework.beans.factory.support.DefaultSingletonBeanRegistry.getSingleton(DefaultSingletonBeanRegistry.java:230)
	at org.springframework.beans.factory.support.AbstractBeanFactory.doGetBean(AbstractBeanFactory.java:302)
	at org.springframework.beans.factory.support.AbstractBeanFactory.getBean(AbstractBeanFactory.java:197)
	at org.springframework.beans.factory.support.DefaultListableBeanFactory.preInstantiateSingletons(DefaultListableBeanFactory.java:754)
	at org.springframework.context.support.AbstractApplicationContext.finishBeanFactoryInitialization(AbstractApplicationContext.java:866)
	at org.springframework.context.support.AbstractApplicationContext.refresh(AbstractApplicationContext.java:542)
	at org.springframework.boot.SpringApplication.refresh(SpringApplication.java:761)
	at org.springframework.boot.SpringApplication.refreshContext(SpringApplication.java:371)
	at org.springframework.boot.SpringApplication.run(SpringApplication.java:315)
	at org.springframework.boot.test.context.SpringBootContextLoader.loadContext(SpringBootContextLoader.java:111)
	at org.springframework.test.context.cache.DefaultCacheAwareContextLoaderDelegate.loadContextInternal(DefaultCacheAwareContextLoaderDelegate.java:98)
	at org.springframework.test.context.cache.DefaultCacheAwareContextLoaderDelegate.loadContext(DefaultCacheAwareContextLoaderDelegate.java:116)
	at org.springframework.test.context.support.DefaultTestContext.getApplicationContext(DefaultTestContext.java:83)
	at org.springframework.boot.test.autoconfigure.SpringBootDependencyInjectionTestExecutionListener.prepareTestInstance(SpringBootDependencyInjectionTestExecutionListener.java:47)
	at org.springframework.test.context.TestContextManager.prepareTestInstance(TestContextManager.java:230)
	at org.springframework.test.context.junit4.SpringJUnit4ClassRunner.createTest(SpringJUnit4ClassRunner.java:228)
	at org.springframework.test.context.junit4.SpringJUnit4ClassRunner$1.runReflectiveCall(SpringJUnit4ClassRunner.java:287)
	at org.junit.internal.runners.model.ReflectiveCallable.run(ReflectiveCallable.java:12)
	at org.springframework.test.context.junit4.SpringJUnit4ClassRunner.methodBlock(SpringJUnit4ClassRunner.java:289)
	at org.springframework.test.context.junit4.SpringJUnit4ClassRunner.runChild(SpringJUnit4ClassRunner.java:247)
	at org.springframework.test.context.junit4.SpringJUnit4ClassRunner.runChild(SpringJUnit4ClassRunner.java:94)
	at org.junit.runners.ParentRunner$3.run(ParentRunner.java:290)
	at org.junit.runners.ParentRunner$1.schedule(ParentRunner.java:71)
	at org.junit.runners.ParentRunner.runChildren(ParentRunner.java:288)
	at org.junit.runners.ParentRunner.access$000(ParentRunner.java:58)
	at org.junit.runners.ParentRunner$2.evaluate(ParentRunner.java:268)
	at org.springframework.test.context.junit4.statements.RunBeforeTestClassCallbacks.evaluate(RunBeforeTestClassCallbacks.java:61)
	at org.springframework.test.context.junit4.statements.RunAfterTestClassCallbacks.evaluate(RunAfterTestClassCallbacks.java:70)
	at org.junit.runners.ParentRunner.run(ParentRunner.java:363)
	at org.springframework.test.context.junit4.SpringJUnit4ClassRunner.run(SpringJUnit4ClassRunner.java:191)
	at org.apache.maven.surefire.junit4.JUnit4Provider.execute(JUnit4Provider.java:283)
	at org.apache.maven.surefire.junit4.JUnit4Provider.executeWithRerun(JUnit4Provider.java:173)
	at org.apache.maven.surefire.junit4.JUnit4Provider.executeTestSet(JUnit4Provider.java:153)
	at org.apache.maven.surefire.junit4.JUnit4Provider.invoke(JUnit4Provider.java:128)
	at org.apache.maven.surefire.booter.ForkedBooter.invokeProviderInSameClassLoader(ForkedBooter.java:203)
	at org.apache.maven.surefire.booter.ForkedBooter.runSuitesInProcess(ForkedBooter.java:155)
	at org.apache.maven.surefire.booter.ForkedBooter.main(ForkedBooter.java:103)
Caused by: org.springframework.beans.factory.NoSuchBeanDefinitionException: No qualifying bean of type 'com.stackroute.ng2boot.links.MovieLinks' available: expected at least 1 bean which qualifies as autowire candidate. Dependency annotations: {@org.springframework.beans.factory.annotation.Autowired(required=true)}
	at org.springframework.beans.factory.support.DefaultListableBeanFactory.raiseNoMatchingBeanFound(DefaultListableBeanFactory.java:1466)
	at org.springframework.beans.factory.support.DefaultListableBeanFactory.doResolveDependency(DefaultListableBeanFactory.java:1097)
	at org.springframework.beans.factory.support.DefaultListableBeanFactory.resolveDependency(DefaultListableBeanFactory.java:1059)
	at org.springframework.beans.factory.annotation.AutowiredAnnotationBeanPostProcessor$AutowiredFieldElement.inject(AutowiredAnnotationBeanPostProcessor.java:589)
	at org.springframework.beans.factory.annotation.InjectionMetadata.inject(InjectionMetadata.java:88)
	at org.springframework.beans.factory.annotation.AutowiredAnnotationBeanPostProcessor.postProcessPropertyValues(AutowiredAnnotationBeanPostProcessor.java:370)
	at org.springframework.beans.factory.support.AbstractAutowireCapableBeanFactory.populateBean(AbstractAutowireCapableBeanFactory.java:1219)
	at org.springframework.beans.factory.support.AbstractAutowireCapableBeanFactory.doCreateBean(AbstractAutowireCapableBeanFactory.java:551)
	at org.springframework.beans.factory.support.AbstractAutowireCapableBeanFactory.createBean(AbstractAutowireCapableBeanFactory.java:482)
	at org.springframework.beans.factory.support.AbstractBeanFactory$1.getObject(AbstractBeanFactory.java:306)
	at org.springframework.beans.factory.support.DefaultSingletonBeanRegistry.getSingleton(DefaultSingletonBeanRegistry.java:230)
	at org.springframework.beans.factory.support.AbstractBeanFactory.doGetBean(AbstractBeanFactory.java:302)
	at org.springframework.beans.factory.support.AbstractBeanFactory.getBean(AbstractBeanFactory.java:197)
	at org.springframework.beans.factory.support.DefaultListableBeanFactory.preInstantiateSingletons(DefaultListableBeanFactory.java:754)
	at org.springframework.context.support.AbstractApplicationContext.finishBeanFactoryInitialization(AbstractApplicationContext.java:866)
	at org.springframework.context.support.AbstractApplicationContext.refresh(AbstractApplicationContext.java:542)
	at org.springframework.boot.SpringApplication.refresh(SpringApplication.java:761)
	at org.springframework.boot.SpringApplication.refreshContext(SpringApplication.java:371)
	at org.springframework.boot.SpringApplication.run(SpringApplication.java:315)
	at org.springframework.boot.test.context.SpringBootContextLoader.loadContext(SpringBootContextLoader.java:111)
	at org.springframework.test.context.cache.DefaultCacheAwareContextLoaderDelegate.loadContextInternal(DefaultCacheAwareContextLoaderDelegate.java:98)
	at org.springframework.test.context.cache.DefaultCacheAwareContextLoaderDelegate.loadContext(DefaultCacheAwareContextLoaderDelegate.java:116)
	at org.springframework.test.context.support.DefaultTestContext.getApplicationContext(DefaultTestContext.java:83)
	at org.springframework.boot.test.autoconfigure.SpringBootDependencyInjectionTestExecutionListener.prepareTestInstance(SpringBootDependencyInjectionTestExecutionListener.java:47)
	at org.springframework.test.context.TestContextManager.prepareTestInstance(TestContextManager.java:230)
	at org.springframework.test.context.junit4.SpringJUnit4ClassRunner.createTest(SpringJUnit4ClassRunner.java:228)
	at org.springframework.test.context.junit4.SpringJUnit4ClassRunner$1.runReflectiveCall(SpringJUnit4ClassRunner.java:287)
	at org.junit.internal.runners.model.ReflectiveCallable.run(ReflectiveCallable.java:12)
	at org.springframework.test.context.junit4.SpringJUnit4ClassRunner.methodBlock(SpringJUnit4ClassRunner.java:289)
	at org.springframework.test.context.junit4.SpringJUnit4ClassRunner.runChild(SpringJUnit4ClassRunner.java:247)
	at org.springframework.test.context.junit4.SpringJUnit4ClassRunner.runChild(SpringJUnit4ClassRunner.java:94)
	at org.junit.runners.ParentRunner$3.run(ParentRunner.java:290)
	at org.junit.runners.ParentRunner$1.schedule(ParentRunner.java:71)
	at org.junit.runners.ParentRunner.runChildren(ParentRunner.java:288)
	at org.junit.runners.ParentRunner.access$000(ParentRunner.java:58)
	at org.junit.runners.ParentRunner$2.evaluate(ParentRunner.java:268)
	at org.springframework.test.context.junit4.statements.RunBeforeTestClassCallbacks.evaluate(RunBeforeTestClassCallbacks.java:61)
	at org.springframework.test.context.junit4.statements.RunAfterTestClassCallbacks.evaluate(RunAfterTestClassCallbacks.java:70)
	at org.junit.runners.ParentRunner.run(ParentRunner.java:363)
	at org.springframework.test.context.junit4.SpringJUnit4ClassRunner.run(SpringJUnit4ClassRunner.java:191)
	at org.apache.maven.surefire.junit4.JUnit4Provider.execute(JUnit4Provider.java:283)
	at org.apache.maven.surefire.junit4.JUnit4Provider.executeWithRerun(JUnit4Provider.java:173)
	at org.apache.maven.surefire.junit4.JUnit4Provider.executeTestSet(JUnit4Provider.java:153)
	at org.apache.maven.surefire.junit4.JUnit4Provider.invoke(JUnit4Provider.java:128)
	at org.apache.maven.surefire.booter.ForkedBooter.invokeProviderInSameClassLoader(ForkedBooter.java:203)
	at org.apache.maven.surefire.booter.ForkedBooter.runSuitesInProcess(ForkedBooter.java:155)
	at org.apache.maven.surefire.booter.ForkedBooter.main(ForkedBooter.java:103)
</error>
    <system-out><![CDATA[[DEBUG] 2017-06-04 15:06:40.197 [main] SpringJUnit4ClassRunner - SpringJUnit4ClassRunner constructor called with [class com.stackroute.ng2boot.controllers.MovieRestControllerTest]
[DEBUG] 2017-06-04 15:06:40.210 [main] BootstrapUtils - Instantiating CacheAwareContextLoaderDelegate from class [org.springframework.test.context.cache.DefaultCacheAwareContextLoaderDelegate]
[DEBUG] 2017-06-04 15:06:40.217 [main] BootstrapUtils - Instantiating BootstrapContext using constructor [public org.springframework.test.context.support.DefaultBootstrapContext(java.lang.Class,org.springframework.test.context.CacheAwareContextLoaderDelegate)]
[DEBUG] 2017-06-04 15:06:40.241 [main] BootstrapUtils - Instantiating TestContextBootstrapper for test class [com.stackroute.ng2boot.controllers.MovieRestControllerTest] from class [org.springframework.boot.test.autoconfigure.web.servlet.WebMvcTestContextBootstrapper]
[INFO ] 2017-06-04 15:06:40.268 [main] WebMvcTestContextBootstrapper - Neither @ContextConfiguration nor @ContextHierarchy found for test class [com.stackroute.ng2boot.controllers.MovieRestControllerTest], using SpringBootContextLoader
[DEBUG] 2017-06-04 15:06:40.274 [main] AbstractContextLoader - Did not detect default resource location for test class [com.stackroute.ng2boot.controllers.MovieRestControllerTest]: class path resource [com/stackroute/ng2boot/controllers/MovieRestControllerTest-context.xml] does not exist
[DEBUG] 2017-06-04 15:06:40.274 [main] AbstractContextLoader - Did not detect default resource location for test class [com.stackroute.ng2boot.controllers.MovieRestControllerTest]: class path resource [com/stackroute/ng2boot/controllers/MovieRestControllerTestContext.groovy] does not exist
[INFO ] 2017-06-04 15:06:40.275 [main] AbstractContextLoader - Could not detect default resource locations for test class [com.stackroute.ng2boot.controllers.MovieRestControllerTest]: no resource found for suffixes {-context.xml, Context.groovy}.
[INFO ] 2017-06-04 15:06:40.276 [main] AnnotationConfigContextLoaderUtils - Could not detect default configuration classes for test class [com.stackroute.ng2boot.controllers.MovieRestControllerTest]: MovieRestControllerTest does not declare any static, non-private, non-final, nested classes annotated with @Configuration.
[DEBUG] 2017-06-04 15:06:40.338 [main] ActiveProfilesUtils - Could not find an 'annotation declaring class' for annotation type [org.springframework.test.context.ActiveProfiles] and class [com.stackroute.ng2boot.controllers.MovieRestControllerTest]
[DEBUG] 2017-06-04 15:06:40.392 [main] StandardEnvironment - Adding [systemProperties] PropertySource with lowest search precedence
[DEBUG] 2017-06-04 15:06:40.394 [main] StandardEnvironment - Adding [systemEnvironment] PropertySource with lowest search precedence
[DEBUG] 2017-06-04 15:06:40.394 [main] StandardEnvironment - Initialized StandardEnvironment with PropertySources [systemProperties,systemEnvironment]
[DEBUG] 2017-06-04 15:06:40.408 [main] PathMatchingResourcePatternResolver - Resolved classpath location [com/stackroute/ng2boot/controllers/] to resources [URL [file:/home/user/Downloads/part1_movieapp-starter/spring-rest/target/test-classes/com/stackroute/ng2boot/controllers/], URL [file:/home/user/Downloads/part1_movieapp-starter/spring-rest/target/classes/com/stackroute/ng2boot/controllers/]]
[DEBUG] 2017-06-04 15:06:40.408 [main] PathMatchingResourcePatternResolver - Looking for matching resources in directory tree [/home/user/Downloads/part1_movieapp-starter/spring-rest/target/test-classes/com/stackroute/ng2boot/controllers]
[DEBUG] 2017-06-04 15:06:40.409 [main] PathMatchingResourcePatternResolver - Searching directory [/home/user/Downloads/part1_movieapp-starter/spring-rest/target/test-classes/com/stackroute/ng2boot/controllers] for files matching pattern [/home/user/Downloads/part1_movieapp-starter/spring-rest/target/test-classes/com/stackroute/ng2boot/controllers/*.class]
[DEBUG] 2017-06-04 15:06:40.412 [main] PathMatchingResourcePatternResolver - Looking for matching resources in directory tree [/home/user/Downloads/part1_movieapp-starter/spring-rest/target/classes/com/stackroute/ng2boot/controllers]
[DEBUG] 2017-06-04 15:06:40.413 [main] PathMatchingResourcePatternResolver - Searching directory [/home/user/Downloads/part1_movieapp-starter/spring-rest/target/classes/com/stackroute/ng2boot/controllers] for files matching pattern [/home/user/Downloads/part1_movieapp-starter/spring-rest/target/classes/com/stackroute/ng2boot/controllers/*.class]
[DEBUG] 2017-06-04 15:06:40.414 [main] PathMatchingResourcePatternResolver - Resolved location pattern [classpath*:com/stackroute/ng2boot/controllers/*.class] to resources [file [/home/user/Downloads/part1_movieapp-starter/spring-rest/target/test-classes/com/stackroute/ng2boot/controllers/MovieRestControllerTest.class], file [/home/user/Downloads/part1_movieapp-starter/spring-rest/target/classes/com/stackroute/ng2boot/controllers/MovieRestController.class], file [/home/user/Downloads/part1_movieapp-starter/spring-rest/target/classes/com/stackroute/ng2boot/controllers/MovieRestControllerTest.class]]
[DEBUG] 2017-06-04 15:06:40.464 [main] PathMatchingResourcePatternResolver - Resolved classpath location [com/stackroute/ng2boot/] to resources [URL [file:/home/user/Downloads/part1_movieapp-starter/spring-rest/target/test-classes/com/stackroute/ng2boot/], URL [file:/home/user/Downloads/part1_movieapp-starter/spring-rest/target/classes/com/stackroute/ng2boot/]]
[DEBUG] 2017-06-04 15:06:40.464 [main] PathMatchingResourcePatternResolver - Looking for matching resources in directory tree [/home/user/Downloads/part1_movieapp-starter/spring-rest/target/test-classes/com/stackroute/ng2boot]
[DEBUG] 2017-06-04 15:06:40.465 [main] PathMatchingResourcePatternResolver - Searching directory [/home/user/Downloads/part1_movieapp-starter/spring-rest/target/test-classes/com/stackroute/ng2boot] for files matching pattern [/home/user/Downloads/part1_movieapp-starter/spring-rest/target/test-classes/com/stackroute/ng2boot/*.class]
[DEBUG] 2017-06-04 15:06:40.465 [main] PathMatchingResourcePatternResolver - Looking for matching resources in directory tree [/home/user/Downloads/part1_movieapp-starter/spring-rest/target/classes/com/stackroute/ng2boot]
[DEBUG] 2017-06-04 15:06:40.466 [main] PathMatchingResourcePatternResolver - Searching directory [/home/user/Downloads/part1_movieapp-starter/spring-rest/target/classes/com/stackroute/ng2boot] for files matching pattern [/home/user/Downloads/part1_movieapp-starter/spring-rest/target/classes/com/stackroute/ng2boot/*.class]
[DEBUG] 2017-06-04 15:06:40.468 [main] PathMatchingResourcePatternResolver - Resolved location pattern [classpath*:com/stackroute/ng2boot/*.class] to resources [file [/home/user/Downloads/part1_movieapp-starter/spring-rest/target/test-classes/com/stackroute/ng2boot/Ng2bootApplicationTests.class], file [/home/user/Downloads/part1_movieapp-starter/spring-rest/target/classes/com/stackroute/ng2boot/Ng2bootApplication.class]]
[DEBUG] 2017-06-04 15:06:40.501 [main] ClassPathScanningCandidateComponentProvider - Identified candidate component class: file [/home/user/Downloads/part1_movieapp-starter/spring-rest/target/classes/com/stackroute/ng2boot/Ng2bootApplication.class]
[INFO ] 2017-06-04 15:06:40.502 [main] SpringBootTestContextBootstrapper - Found @SpringBootConfiguration com.stackroute.ng2boot.Ng2bootApplication for test class com.stackroute.ng2boot.controllers.MovieRestControllerTest
[DEBUG] 2017-06-04 15:06:40.514 [main] WebMvcTestContextBootstrapper - @TestExecutionListeners is not present for class [com.stackroute.ng2boot.controllers.MovieRestControllerTest]: using defaults.
[INFO ] 2017-06-04 15:06:40.518 [main] WebMvcTestContextBootstrapper - Loaded default TestExecutionListener class names from location [META-INF/spring.factories]: [org.springframework.boot.test.mock.mockito.MockitoTestExecutionListener, org.springframework.boot.test.mock.mockito.ResetMocksTestExecutionListener, org.springframework.boot.test.autoconfigure.restdocs.RestDocsTestExecutionListener, org.springframework.boot.test.autoconfigure.web.client.MockRestServiceServerResetTestExecutionListener, org.springframework.boot.test.autoconfigure.web.servlet.MockMvcPrintOnlyOnFailureTestExecutionListener, org.springframework.boot.test.autoconfigure.web.servlet.WebDriverTestExecutionListener, org.springframework.test.context.web.ServletTestExecutionListener, org.springframework.test.context.support.DirtiesContextBeforeModesTestExecutionListener, org.springframework.test.context.support.DependencyInjectionTestExecutionListener, org.springframework.test.context.support.DirtiesContextTestExecutionListener, org.springframework.test.context.transaction.TransactionalTestExecutionListener, org.springframework.test.context.jdbc.SqlScriptsTestExecutionListener]
[INFO ] 2017-06-04 15:06:40.540 [main] WebMvcTestContextBootstrapper - Using TestExecutionListeners: [org.springframework.test.context.web.ServletTestExecutionListener@389b0789, org.springframework.test.context.support.DirtiesContextBeforeModesTestExecutionListener@13d9cbf5, org.springframework.boot.test.autoconfigure.SpringBootDependencyInjectionTestExecutionListener@478db956, org.springframework.test.context.support.DirtiesContextTestExecutionListener@6ca18a14, org.springframework.test.context.transaction.TransactionalTestExecutionListener@c667f46, org.springframework.test.context.jdbc.SqlScriptsTestExecutionListener@51bd8b5c, org.springframework.boot.test.mock.mockito.MockitoTestExecutionListener@7b50df34, org.springframework.boot.test.autoconfigure.web.servlet.WebDriverTestExecutionListener@1b410b60, org.springframework.boot.test.mock.mockito.ResetMocksTestExecutionListener@2462cb01, org.springframework.boot.test.autoconfigure.restdocs.RestDocsTestExecutionListener@19b843ba, org.springframework.boot.test.autoconfigure.web.servlet.MockMvcPrintOnlyOnFailureTestExecutionListener@64ec96c6, org.springframework.boot.test.autoconfigure.web.client.MockRestServiceServerResetTestExecutionListener@77659b30]
[DEBUG] 2017-06-04 15:06:40.542 [main] SpringJUnit4ClassRunner - SpringJUnit4ClassRunner constructor called with [class com.stackroute.ng2boot.Ng2bootApplicationTests]
[DEBUG] 2017-06-04 15:06:40.542 [main] BootstrapUtils - Instantiating CacheAwareContextLoaderDelegate from class [org.springframework.test.context.cache.DefaultCacheAwareContextLoaderDelegate]
[DEBUG] 2017-06-04 15:06:40.542 [main] BootstrapUtils - Instantiating BootstrapContext using constructor [public org.springframework.test.context.support.DefaultBootstrapContext(java.lang.Class,org.springframework.test.context.CacheAwareContextLoaderDelegate)]
[DEBUG] 2017-06-04 15:06:40.545 [main] BootstrapUtils - Instantiating TestContextBootstrapper for test class [com.stackroute.ng2boot.Ng2bootApplicationTests] from class [org.springframework.boot.test.context.SpringBootTestContextBootstrapper]
[INFO ] 2017-06-04 15:06:40.547 [main] SpringBootTestContextBootstrapper - Neither @ContextConfiguration nor @ContextHierarchy found for test class [com.stackroute.ng2boot.Ng2bootApplicationTests], using SpringBootContextLoader
[DEBUG] 2017-06-04 15:06:40.548 [main] AbstractContextLoader - Did not detect default resource location for test class [com.stackroute.ng2boot.Ng2bootApplicationTests]: class path resource [com/stackroute/ng2boot/Ng2bootApplicationTests-context.xml] does not exist
[DEBUG] 2017-06-04 15:06:40.548 [main] AbstractContextLoader - Did not detect default resource location for test class [com.stackroute.ng2boot.Ng2bootApplicationTests]: class path resource [com/stackroute/ng2boot/Ng2bootApplicationTestsContext.groovy] does not exist
[INFO ] 2017-06-04 15:06:40.549 [main] AbstractContextLoader - Could not detect default resource locations for test class [com.stackroute.ng2boot.Ng2bootApplicationTests]: no resource found for suffixes {-context.xml, Context.groovy}.
[INFO ] 2017-06-04 15:06:40.549 [main] AnnotationConfigContextLoaderUtils - Could not detect default configuration classes for test class [com.stackroute.ng2boot.Ng2bootApplicationTests]: Ng2bootApplicationTests does not declare any static, non-private, non-final, nested classes annotated with @Configuration.
[DEBUG] 2017-06-04 15:06:40.557 [main] ActiveProfilesUtils - Could not find an 'annotation declaring class' for annotation type [org.springframework.test.context.ActiveProfiles] and class [com.stackroute.ng2boot.Ng2bootApplicationTests]
[DEBUG] 2017-06-04 15:06:40.559 [main] StandardEnvironment - Adding [systemProperties] PropertySource with lowest search precedence
[DEBUG] 2017-06-04 15:06:40.560 [main] StandardEnvironment - Adding [systemEnvironment] PropertySource with lowest search precedence
[DEBUG] 2017-06-04 15:06:40.560 [main] StandardEnvironment - Initialized StandardEnvironment with PropertySources [systemProperties,systemEnvironment]
[DEBUG] 2017-06-04 15:06:40.561 [main] PathMatchingResourcePatternResolver - Resolved classpath location [com/stackroute/ng2boot/] to resources [URL [file:/home/user/Downloads/part1_movieapp-starter/spring-rest/target/test-classes/com/stackroute/ng2boot/], URL [file:/home/user/Downloads/part1_movieapp-starter/spring-rest/target/classes/com/stackroute/ng2boot/]]
[DEBUG] 2017-06-04 15:06:40.561 [main] PathMatchingResourcePatternResolver - Looking for matching resources in directory tree [/home/user/Downloads/part1_movieapp-starter/spring-rest/target/test-classes/com/stackroute/ng2boot]
[DEBUG] 2017-06-04 15:06:40.561 [main] PathMatchingResourcePatternResolver - Searching directory [/home/user/Downloads/part1_movieapp-starter/spring-rest/target/test-classes/com/stackroute/ng2boot] for files matching pattern [/home/user/Downloads/part1_movieapp-starter/spring-rest/target/test-classes/com/stackroute/ng2boot/*.class]
[DEBUG] 2017-06-04 15:06:40.562 [main] PathMatchingResourcePatternResolver - Looking for matching resources in directory tree [/home/user/Downloads/part1_movieapp-starter/spring-rest/target/classes/com/stackroute/ng2boot]
[DEBUG] 2017-06-04 15:06:40.562 [main] PathMatchingResourcePatternResolver - Searching directory [/home/user/Downloads/part1_movieapp-starter/spring-rest/target/classes/com/stackroute/ng2boot] for files matching pattern [/home/user/Downloads/part1_movieapp-starter/spring-rest/target/classes/com/stackroute/ng2boot/*.class]
[DEBUG] 2017-06-04 15:06:40.564 [main] PathMatchingResourcePatternResolver - Resolved location pattern [classpath*:com/stackroute/ng2boot/*.class] to resources [file [/home/user/Downloads/part1_movieapp-starter/spring-rest/target/test-classes/com/stackroute/ng2boot/Ng2bootApplicationTests.class], file [/home/user/Downloads/part1_movieapp-starter/spring-rest/target/classes/com/stackroute/ng2boot/Ng2bootApplication.class]]
[DEBUG] 2017-06-04 15:06:40.567 [main] ClassPathScanningCandidateComponentProvider - Identified candidate component class: file [/home/user/Downloads/part1_movieapp-starter/spring-rest/target/classes/com/stackroute/ng2boot/Ng2bootApplication.class]
[INFO ] 2017-06-04 15:06:40.567 [main] SpringBootTestContextBootstrapper - Found @SpringBootConfiguration com.stackroute.ng2boot.Ng2bootApplication for test class com.stackroute.ng2boot.Ng2bootApplicationTests
[DEBUG] 2017-06-04 15:06:40.570 [main] SpringBootTestContextBootstrapper - @TestExecutionListeners is not present for class [com.stackroute.ng2boot.Ng2bootApplicationTests]: using defaults.
[INFO ] 2017-06-04 15:06:40.577 [main] SpringBootTestContextBootstrapper - Loaded default TestExecutionListener class names from location [META-INF/spring.factories]: [org.springframework.boot.test.mock.mockito.MockitoTestExecutionListener, org.springframework.boot.test.mock.mockito.ResetMocksTestExecutionListener, org.springframework.boot.test.autoconfigure.restdocs.RestDocsTestExecutionListener, org.springframework.boot.test.autoconfigure.web.client.MockRestServiceServerResetTestExecutionListener, org.springframework.boot.test.autoconfigure.web.servlet.MockMvcPrintOnlyOnFailureTestExecutionListener, org.springframework.boot.test.autoconfigure.web.servlet.WebDriverTestExecutionListener, org.springframework.test.context.web.ServletTestExecutionListener, org.springframework.test.context.support.DirtiesContextBeforeModesTestExecutionListener, org.springframework.test.context.support.DependencyInjectionTestExecutionListener, org.springframework.test.context.support.DirtiesContextTestExecutionListener, org.springframework.test.context.transaction.TransactionalTestExecutionListener, org.springframework.test.context.jdbc.SqlScriptsTestExecutionListener]
[INFO ] 2017-06-04 15:06:40.581 [main] SpringBootTestContextBootstrapper - Using TestExecutionListeners: [org.springframework.test.context.web.ServletTestExecutionListener@3fce8fd9, org.springframework.test.context.support.DirtiesContextBeforeModesTestExecutionListener@609bcfb6, org.springframework.boot.test.autoconfigure.SpringBootDependencyInjectionTestExecutionListener@7d94beb9, org.springframework.test.context.support.DirtiesContextTestExecutionListener@560348e6, org.springframework.test.context.transaction.TransactionalTestExecutionListener@1df8b5b8, org.springframework.test.context.jdbc.SqlScriptsTestExecutionListener@23202fce, org.springframework.boot.test.mock.mockito.MockitoTestExecutionListener@7b993c65, org.springframework.boot.test.autoconfigure.web.servlet.WebDriverTestExecutionListener@37911f88, org.springframework.boot.test.mock.mockito.ResetMocksTestExecutionListener@6f1c29b7, org.springframework.boot.test.autoconfigure.restdocs.RestDocsTestExecutionListener@4d6025c5, org.springframework.boot.test.autoconfigure.web.servlet.MockMvcPrintOnlyOnFailureTestExecutionListener@7f284218, org.springframework.boot.test.autoconfigure.web.client.MockRestServiceServerResetTestExecutionListener@407a7f2a]
[DEBUG] 2017-06-04 15:06:40.584 [main] ProfileValueUtils - Retrieved @ProfileValueSourceConfiguration [null] for test class [com.stackroute.ng2boot.controllers.MovieRestControllerTest]
[DEBUG] 2017-06-04 15:06:40.584 [main] ProfileValueUtils - Retrieved ProfileValueSource type [class org.springframework.test.annotation.SystemProfileValueSource] for class [com.stackroute.ng2boot.controllers.MovieRestControllerTest]
[DEBUG] 2017-06-04 15:06:40.585 [main] ProfileValueUtils - Retrieved @ProfileValueSourceConfiguration [null] for test class [com.stackroute.ng2boot.Ng2bootApplicationTests]
[DEBUG] 2017-06-04 15:06:40.585 [main] ProfileValueUtils - Retrieved ProfileValueSource type [class org.springframework.test.annotation.SystemProfileValueSource] for class [com.stackroute.ng2boot.Ng2bootApplicationTests]
[DEBUG] 2017-06-04 15:06:40.589 [main] SpringJUnit4ClassRunner - SpringJUnit4ClassRunner constructor called with [class com.stackroute.ng2boot.controllers.MovieRestControllerTest]
[DEBUG] 2017-06-04 15:06:40.589 [main] BootstrapUtils - Instantiating CacheAwareContextLoaderDelegate from class [org.springframework.test.context.cache.DefaultCacheAwareContextLoaderDelegate]
[DEBUG] 2017-06-04 15:06:40.589 [main] BootstrapUtils - Instantiating BootstrapContext using constructor [public org.springframework.test.context.support.DefaultBootstrapContext(java.lang.Class,org.springframework.test.context.CacheAwareContextLoaderDelegate)]
[DEBUG] 2017-06-04 15:06:40.590 [main] BootstrapUtils - Instantiating TestContextBootstrapper for test class [com.stackroute.ng2boot.controllers.MovieRestControllerTest] from class [org.springframework.boot.test.autoconfigure.web.servlet.WebMvcTestContextBootstrapper]
[INFO ] 2017-06-04 15:06:40.592 [main] WebMvcTestContextBootstrapper - Neither @ContextConfiguration nor @ContextHierarchy found for test class [com.stackroute.ng2boot.controllers.MovieRestControllerTest], using SpringBootContextLoader
[DEBUG] 2017-06-04 15:06:40.592 [main] AbstractContextLoader - Did not detect default resource location for test class [com.stackroute.ng2boot.controllers.MovieRestControllerTest]: class path resource [com/stackroute/ng2boot/controllers/MovieRestControllerTest-context.xml] does not exist
[DEBUG] 2017-06-04 15:06:40.592 [main] AbstractContextLoader - Did not detect default resource location for test class [com.stackroute.ng2boot.controllers.MovieRestControllerTest]: class path resource [com/stackroute/ng2boot/controllers/MovieRestControllerTestContext.groovy] does not exist
[INFO ] 2017-06-04 15:06:40.593 [main] AbstractContextLoader - Could not detect default resource locations for test class [com.stackroute.ng2boot.controllers.MovieRestControllerTest]: no resource found for suffixes {-context.xml, Context.groovy}.
[INFO ] 2017-06-04 15:06:40.593 [main] AnnotationConfigContextLoaderUtils - Could not detect default configuration classes for test class [com.stackroute.ng2boot.controllers.MovieRestControllerTest]: MovieRestControllerTest does not declare any static, non-private, non-final, nested classes annotated with @Configuration.
[DEBUG] 2017-06-04 15:06:40.604 [main] ActiveProfilesUtils - Could not find an 'annotation declaring class' for annotation type [org.springframework.test.context.ActiveProfiles] and class [com.stackroute.ng2boot.controllers.MovieRestControllerTest]
[DEBUG] 2017-06-04 15:06:40.606 [main] StandardEnvironment - Adding [systemProperties] PropertySource with lowest search precedence
[DEBUG] 2017-06-04 15:06:40.606 [main] StandardEnvironment - Adding [systemEnvironment] PropertySource with lowest search precedence
[DEBUG] 2017-06-04 15:06:40.607 [main] StandardEnvironment - Initialized StandardEnvironment with PropertySources [systemProperties,systemEnvironment]
[INFO ] 2017-06-04 15:06:40.607 [main] SpringBootTestContextBootstrapper - Found @SpringBootConfiguration com.stackroute.ng2boot.Ng2bootApplication for test class com.stackroute.ng2boot.controllers.MovieRestControllerTest
[DEBUG] 2017-06-04 15:06:40.610 [main] WebMvcTestContextBootstrapper - @TestExecutionListeners is not present for class [com.stackroute.ng2boot.controllers.MovieRestControllerTest]: using defaults.
[INFO ] 2017-06-04 15:06:40.613 [main] WebMvcTestContextBootstrapper - Loaded default TestExecutionListener class names from location [META-INF/spring.factories]: [org.springframework.boot.test.mock.mockito.MockitoTestExecutionListener, org.springframework.boot.test.mock.mockito.ResetMocksTestExecutionListener, org.springframework.boot.test.autoconfigure.restdocs.RestDocsTestExecutionListener, org.springframework.boot.test.autoconfigure.web.client.MockRestServiceServerResetTestExecutionListener, org.springframework.boot.test.autoconfigure.web.servlet.MockMvcPrintOnlyOnFailureTestExecutionListener, org.springframework.boot.test.autoconfigure.web.servlet.WebDriverTestExecutionListener, org.springframework.test.context.web.ServletTestExecutionListener, org.springframework.test.context.support.DirtiesContextBeforeModesTestExecutionListener, org.springframework.test.context.support.DependencyInjectionTestExecutionListener, org.springframework.test.context.support.DirtiesContextTestExecutionListener, org.springframework.test.context.transaction.TransactionalTestExecutionListener, org.springframework.test.context.jdbc.SqlScriptsTestExecutionListener]
[INFO ] 2017-06-04 15:06:40.619 [main] WebMvcTestContextBootstrapper - Using TestExecutionListeners: [org.springframework.test.context.web.ServletTestExecutionListener@7fc4780b, org.springframework.test.context.support.DirtiesContextBeforeModesTestExecutionListener@3b79fd76, org.springframework.boot.test.autoconfigure.SpringBootDependencyInjectionTestExecutionListener@48c76607, org.springframework.test.context.support.DirtiesContextTestExecutionListener@43599640, org.springframework.test.context.transaction.TransactionalTestExecutionListener@1f81aa00, org.springframework.test.context.jdbc.SqlScriptsTestExecutionListener@6b6776cb, org.springframework.boot.test.mock.mockito.MockitoTestExecutionListener@1863d2fe, org.springframework.boot.test.autoconfigure.web.servlet.WebDriverTestExecutionListener@1787bc24, org.springframework.boot.test.mock.mockito.ResetMocksTestExecutionListener@544d57e, org.springframework.boot.test.autoconfigure.restdocs.RestDocsTestExecutionListener@55c53a33, org.springframework.boot.test.autoconfigure.web.servlet.MockMvcPrintOnlyOnFailureTestExecutionListener@53b7f657, org.springframework.boot.test.autoconfigure.web.client.MockRestServiceServerResetTestExecutionListener@797b0699]
[DEBUG] 2017-06-04 15:06:40.622 [main] ProfileValueUtils - Retrieved @ProfileValueSourceConfiguration [null] for test class [com.stackroute.ng2boot.controllers.MovieRestControllerTest]
[DEBUG] 2017-06-04 15:06:40.623 [main] ProfileValueUtils - Retrieved ProfileValueSource type [class org.springframework.test.annotation.SystemProfileValueSource] for class [com.stackroute.ng2boot.controllers.MovieRestControllerTest]
[DEBUG] 2017-06-04 15:06:40.624 [main] ProfileValueUtils - Retrieved @ProfileValueSourceConfiguration [null] for test class [com.stackroute.ng2boot.controllers.MovieRestControllerTest]
[DEBUG] 2017-06-04 15:06:40.624 [main] ProfileValueUtils - Retrieved ProfileValueSource type [class org.springframework.test.annotation.SystemProfileValueSource] for class [com.stackroute.ng2boot.controllers.MovieRestControllerTest]
[DEBUG] 2017-06-04 15:06:40.628 [main] AbstractDirtiesContextTestExecutionListener - Before test class: context [DefaultTestContext@29a5f4e7 testClass = MovieRestControllerTest, testInstance = [null], testMethod = [null], testException = [null], mergedContextConfiguration = [WebMergedContextConfiguration@79c97cb testClass = MovieRestControllerTest, locations = '{}', classes = '{class com.stackroute.ng2boot.Ng2bootApplication}', contextInitializerClasses = '[]', activeProfiles = '{}', propertySourceLocations = '{}', propertySourceProperties = '{org.springframework.boot.test.autoconfigure.web.servlet.WebMvcTestContextBootstrapper=true}', contextCustomizers = set[org.springframework.boot.test.context.ImportsContextCustomizer@51e4757b, org.springframework.boot.test.context.filter.ExcludeFilterContextCustomizer@d5b810e, org.springframework.boot.test.mock.mockito.MockitoContextCustomizer@5df9e145, org.springframework.boot.test.autoconfigure.OverrideAutoConfigurationContextCustomizerFactory$DisableAutoConfigurationContextCustomizer@82de64a, org.springframework.boot.test.autoconfigure.filter.TypeExcludeFiltersContextCustomizer@1613674b, org.springframework.boot.test.autoconfigure.properties.PropertyMappingContextCustomizer@ddca66c4, org.springframework.boot.test.autoconfigure.web.servlet.WebDriverContextCustomizerFactory$Customizer@7d4f9aae], resourceBasePath = '', contextLoader = 'org.springframework.boot.test.context.SpringBootContextLoader', parent = [null]]], class annotated with @DirtiesContext [false] with mode [null].
[DEBUG] 2017-06-04 15:06:40.629 [main] ProfileValueUtils - Retrieved @ProfileValueSourceConfiguration [null] for test class [com.stackroute.ng2boot.controllers.MovieRestControllerTest]
[DEBUG] 2017-06-04 15:06:40.630 [main] ProfileValueUtils - Retrieved ProfileValueSource type [class org.springframework.test.annotation.SystemProfileValueSource] for class [com.stackroute.ng2boot.controllers.MovieRestControllerTest]
[DEBUG] 2017-06-04 15:06:40.639 [main] DependencyInjectionTestExecutionListener - Performing dependency injection for test context [[DefaultTestContext@29a5f4e7 testClass = MovieRestControllerTest, testInstance = com.stackroute.ng2boot.controllers.MovieRestControllerTest@59d4cd39, testMethod = [null], testException = [null], mergedContextConfiguration = [WebMergedContextConfiguration@79c97cb testClass = MovieRestControllerTest, locations = '{}', classes = '{class com.stackroute.ng2boot.Ng2bootApplication}', contextInitializerClasses = '[]', activeProfiles = '{}', propertySourceLocations = '{}', propertySourceProperties = '{org.springframework.boot.test.autoconfigure.web.servlet.WebMvcTestContextBootstrapper=true}', contextCustomizers = set[org.springframework.boot.test.context.ImportsContextCustomizer@51e4757b, org.springframework.boot.test.context.filter.ExcludeFilterContextCustomizer@d5b810e, org.springframework.boot.test.mock.mockito.MockitoContextCustomizer@5df9e145, org.springframework.boot.test.autoconfigure.OverrideAutoConfigurationContextCustomizerFactory$DisableAutoConfigurationContextCustomizer@82de64a, org.springframework.boot.test.autoconfigure.filter.TypeExcludeFiltersContextCustomizer@1613674b, org.springframework.boot.test.autoconfigure.properties.PropertyMappingContextCustomizer@ddca66c4, org.springframework.boot.test.autoconfigure.web.servlet.WebDriverContextCustomizerFactory$Customizer@7d4f9aae], resourceBasePath = '', contextLoader = 'org.springframework.boot.test.context.SpringBootContextLoader', parent = [null]]]].
[DEBUG] 2017-06-04 15:06:40.675 [main] StandardEnvironment - Adding [systemProperties] PropertySource with lowest search precedence
[DEBUG] 2017-06-04 15:06:40.675 [main] StandardEnvironment - Adding [systemEnvironment] PropertySource with lowest search precedence
[DEBUG] 2017-06-04 15:06:40.675 [main] StandardEnvironment - Initialized StandardEnvironment with PropertySources [systemProperties,systemEnvironment]
[DEBUG] 2017-06-04 15:06:40.676 [main] TestPropertySourceUtils - Adding inlined properties to environment: {spring.jmx.enabled=false, org.springframework.boot.test.autoconfigure.web.servlet.WebMvcTestContextBootstrapper=true, server.port=-1}
[DEBUG] 2017-06-04 15:06:40.676 [main] StandardEnvironment - Adding [Inlined Test Properties] PropertySource with highest search precedence
[DEBUG] 2017-06-04 15:06:40.862 [main] ClasspathLoggingApplicationListener - Application started with classpath: [file:/home/user/Downloads/part1_movieapp-starter/spring-rest/target/surefire/surefirebooter8256104674369339533.jar]
[DEBUG] 2017-06-04 15:06:40.863 [main] PropertySourcesPropertyResolver - Could not find key 'context.listener.classes' in any property source
[DEBUG] 2017-06-04 15:06:40.866 [main] PropertySourcesPropertyResolver - Could not find key 'banner.image.location' in any property source
[DEBUG] 2017-06-04 15:06:40.868 [main] PropertySourcesPropertyResolver - Could not find key 'banner.location' in any property source

  .   ____          _            __ _ _
 /\\ / ___'_ __ _ _(_)_ __  __ _ \ \ \ \
( ( )\___ | '_ | '_| | '_ \/ _` | \ \ \ \
 \\/  ___)| |_)| | | | | || (_| |  ) ) ) )
  '  |____| .__|_| |_|_| |_\__, | / / / /
 =========|_|==============|___/=/_/_/_/
 :: Spring Boot ::        (v1.4.2.RELEASE)

[DEBUG] 2017-06-04 15:06:40.927 [main] PropertySourcesPropertyResolver - Could not find key 'context.initializer.classes' in any property source
[DEBUG] 2017-06-04 15:06:40.928 [main] PropertySourcesPropertyResolver - Could not find key 'spring.config.name:application' in any property source
[DEBUG] 2017-06-04 15:06:40.929 [main] PropertySourcesPropertyResolver - Could not find key 'spring.config.name' in any property source
[DEBUG] 2017-06-04 15:06:40.930 [main] PropertySourcesPropertyResolver - Could not find key 'vcap.application.name:application' in any property source
[DEBUG] 2017-06-04 15:06:40.930 [main] PropertySourcesPropertyResolver - Could not find key 'vcap.application.name' in any property source
[DEBUG] 2017-06-04 15:06:40.930 [main] PropertySourcesPropertyResolver - Could not find key 'spring.application.name:application' in any property source
[DEBUG] 2017-06-04 15:06:40.931 [main] PropertySourcesPropertyResolver - Could not find key 'spring.application.name' in any property source
[DEBUG] 2017-06-04 15:06:40.932 [main] PropertySourcesPropertyResolver - Could not find key 'PORT:null' in any property source
[DEBUG] 2017-06-04 15:06:40.932 [main] PropertySourcesPropertyResolver - Could not find key 'PORT' in any property source
[DEBUG] 2017-06-04 15:06:40.933 [main] PropertySourcesPropertyResolver - Could not find key 'server.port:null' in any property source
[DEBUG] 2017-06-04 15:06:40.933 [main] PropertySourcesPropertyResolver - Found key 'server.port' in [Inlined Test Properties] with type [String]
[DEBUG] 2017-06-04 15:06:40.934 [main] PropertySourcesPropertyResolver - Could not find key 'spring.application.index:-1' in any property source
[DEBUG] 2017-06-04 15:06:40.934 [main] PropertySourcesPropertyResolver - Could not find key 'spring.application.index' in any property source
[DEBUG] 2017-06-04 15:06:40.934 [main] PropertySourcesPropertyResolver - Could not find key 'vcap.application.instance_index:-1' in any property source
[DEBUG] 2017-06-04 15:06:40.935 [main] PropertySourcesPropertyResolver - Could not find key 'vcap.application.instance_index' in any property source
[DEBUG] 2017-06-04 15:06:40.936 [main] PropertySourcesPropertyResolver - Could not find key 'spring.profiles.active' in any property source
[DEBUG] 2017-06-04 15:06:40.961 [main] StandardEnvironment - Adding [test] PropertySource with highest search precedence
[DEBUG] 2017-06-04 15:06:40.964 [main] StandardEnvironment - Adding [Annotations] PropertySource with highest search precedence
[DEBUG] 2017-06-04 15:06:40.969 [main] DefaultListableBeanFactory - Returning cached instance of singleton bean 'autoConfigurationReport'
[INFO ] 2017-06-04 15:06:40.972 [main] MovieRestControllerTest - Starting MovieRestControllerTest on user-ThinkPad-T420 with PID 3136 (started by user in /home/user/Downloads/part1_movieapp-starter/spring-rest)
[DEBUG] 2017-06-04 15:06:40.972 [main] MovieRestControllerTest - Running with Spring Boot v1.4.2.RELEASE, Spring v4.3.4.RELEASE
[DEBUG] 2017-06-04 15:06:40.973 [main] PropertySourcesPropertyResolver - Could not find key 'spring.profiles.active' in any property source
[DEBUG] 2017-06-04 15:06:40.973 [main] PropertySourcesPropertyResolver - Could not find key 'spring.profiles.default' in any property source
[INFO ] 2017-06-04 15:06:40.973 [main] MovieRestControllerTest - No active profile set, falling back to default profiles: default
[DEBUG] 2017-06-04 15:06:40.973 [main] SpringApplication - Loading source class com.stackroute.ng2boot.Ng2bootApplication
[DEBUG] 2017-06-04 15:06:40.983 [main] ClassPathBeanDefinitionScanner - JSR-250 'javax.annotation.ManagedBean' found and supported for component scanning
[DEBUG] 2017-06-04 15:06:40.995 [main] ConfigFileApplicationListener - Loaded config file 'file:/home/user/Downloads/part1_movieapp-starter/spring-rest/target/classes/application.properties' (classpath:/application.properties)
[DEBUG] 2017-06-04 15:06:40.995 [main] ConfigFileApplicationListener - Skipped (empty) config file 'file:/home/user/Downloads/part1_movieapp-starter/spring-rest/target/classes/application.properties' (classpath:/application.properties) for profile default
[INFO ] 2017-06-04 15:06:41.015 [main] GenericWebApplicationContext - Refreshing org.springframework.web.context.support.GenericWebApplicationContext@78383390: startup date [Sun Jun 04 15:06:40 IST 2017]; root of context hierarchy
[DEBUG] 2017-06-04 15:06:41.016 [main] GenericWebApplicationContext - Bean factory for org.springframework.web.context.support.GenericWebApplicationContext@78383390: org.springframework.beans.factory.support.DefaultListableBeanFactory@42f8285e: defining beans [org.springframework.context.annotation.internalConfigurationAnnotationProcessor,org.springframework.context.annotation.internalAutowiredAnnotationProcessor,org.springframework.context.annotation.internalRequiredAnnotationProcessor,org.springframework.context.annotation.internalCommonAnnotationProcessor,org.springframework.context.event.internalEventListenerProcessor,org.springframework.context.event.internalEventListenerFactory,org.springframework.boot.test.context.ImportsContextCustomizer$ImportsCleanupPostProcessor,org.springframework.boot.test.context.ImportsContextCustomizer$ImportsConfiguration,org.springframework.boot.test.mock.mockito.MockitoPostProcessor$SpyPostProcessor,org.springframework.boot.test.mock.mockito.MockitoPostProcessor,ng2bootApplication]; root of factory hierarchy
[DEBUG] 2017-06-04 15:06:41.030 [main] DefaultListableBeanFactory - Registering scope 'request' with implementation [org.springframework.web.context.request.RequestScope@58ffcbd7]
[DEBUG] 2017-06-04 15:06:41.031 [main] DefaultListableBeanFactory - Registering scope 'session' with implementation [org.springframework.web.context.request.SessionScope@3c9bfddc]
[DEBUG] 2017-06-04 15:06:41.031 [main] DefaultListableBeanFactory - Registering scope 'globalSession' with implementation [org.springframework.web.context.request.SessionScope@1a9c38eb]
[DEBUG] 2017-06-04 15:06:41.032 [main] DefaultListableBeanFactory - Registering scope 'application' with implementation [org.springframework.web.context.support.ServletContextScope@2f4205be]
[DEBUG] 2017-06-04 15:06:41.039 [main] DefaultListableBeanFactory - Creating shared instance of singleton bean 'org.springframework.context.annotation.internalConfigurationAnnotationProcessor'
[DEBUG] 2017-06-04 15:06:41.039 [main] DefaultListableBeanFactory - Creating instance of bean 'org.springframework.context.annotation.internalConfigurationAnnotationProcessor'
[DEBUG] 2017-06-04 15:06:41.045 [main] DefaultListableBeanFactory - Eagerly caching bean 'org.springframework.context.annotation.internalConfigurationAnnotationProcessor' to allow for resolving potential circular references
[DEBUG] 2017-06-04 15:06:41.061 [main] DefaultListableBeanFactory - Creating shared instance of singleton bean 'org.springframework.boot.autoconfigure.internalCachingMetadataReaderFactory'
[DEBUG] 2017-06-04 15:06:41.061 [main] DefaultListableBeanFactory - Creating instance of bean 'org.springframework.boot.autoconfigure.internalCachingMetadataReaderFactory'
[DEBUG] 2017-06-04 15:06:41.062 [main] DefaultListableBeanFactory - Eagerly caching bean 'org.springframework.boot.autoconfigure.internalCachingMetadataReaderFactory' to allow for resolving potential circular references
[DEBUG] 2017-06-04 15:06:41.064 [main] DefaultListableBeanFactory - Finished creating instance of bean 'org.springframework.boot.autoconfigure.internalCachingMetadataReaderFactory'
[DEBUG] 2017-06-04 15:06:41.086 [main] DefaultListableBeanFactory - Finished creating instance of bean 'org.springframework.context.annotation.internalConfigurationAnnotationProcessor'
[DEBUG] 2017-06-04 15:06:41.139 [main] StandardEnvironment - Adding [systemProperties] PropertySource with lowest search precedence
[DEBUG] 2017-06-04 15:06:41.140 [main] StandardEnvironment - Adding [systemEnvironment] PropertySource with lowest search precedence
[DEBUG] 2017-06-04 15:06:41.140 [main] StandardEnvironment - Initialized StandardEnvironment with PropertySources [systemProperties,systemEnvironment]
[DEBUG] 2017-06-04 15:06:41.140 [main] ClassPathBeanDefinitionScanner - JSR-250 'javax.annotation.ManagedBean' found and supported for component scanning
[DEBUG] 2017-06-04 15:06:41.143 [main] PathMatchingResourcePatternResolver - Resolved classpath location [com/stackroute/ng2boot/] to resources [URL [file:/home/user/Downloads/part1_movieapp-starter/spring-rest/target/test-classes/com/stackroute/ng2boot/], URL [file:/home/user/Downloads/part1_movieapp-starter/spring-rest/target/classes/com/stackroute/ng2boot/]]
[DEBUG] 2017-06-04 15:06:41.144 [main] PathMatchingResourcePatternResolver - Looking for matching resources in directory tree [/home/user/Downloads/part1_movieapp-starter/spring-rest/target/test-classes/com/stackroute/ng2boot]
[DEBUG] 2017-06-04 15:06:41.144 [main] PathMatchingResourcePatternResolver - Searching directory [/home/user/Downloads/part1_movieapp-starter/spring-rest/target/test-classes/com/stackroute/ng2boot] for files matching pattern [/home/user/Downloads/part1_movieapp-starter/spring-rest/target/test-classes/com/stackroute/ng2boot/**/*.class]
[DEBUG] 2017-06-04 15:06:41.144 [main] PathMatchingResourcePatternResolver - Searching directory [/home/user/Downloads/part1_movieapp-starter/spring-rest/target/test-classes/com/stackroute/ng2boot/controllers] for files matching pattern [/home/user/Downloads/part1_movieapp-starter/spring-rest/target/test-classes/com/stackroute/ng2boot/**/*.class]
[DEBUG] 2017-06-04 15:06:41.145 [main] PathMatchingResourcePatternResolver - Looking for matching resources in directory tree [/home/user/Downloads/part1_movieapp-starter/spring-rest/target/classes/com/stackroute/ng2boot]
[DEBUG] 2017-06-04 15:06:41.145 [main] PathMatchingResourcePatternResolver - Searching directory [/home/user/Downloads/part1_movieapp-starter/spring-rest/target/classes/com/stackroute/ng2boot] for files matching pattern [/home/user/Downloads/part1_movieapp-starter/spring-rest/target/classes/com/stackroute/ng2boot/**/*.class]
[DEBUG] 2017-06-04 15:06:41.146 [main] PathMatchingResourcePatternResolver - Searching directory [/home/user/Downloads/part1_movieapp-starter/spring-rest/target/classes/com/stackroute/ng2boot/config] for files matching pattern [/home/user/Downloads/part1_movieapp-starter/spring-rest/target/classes/com/stackroute/ng2boot/**/*.class]
[DEBUG] 2017-06-04 15:06:41.146 [main] PathMatchingResourcePatternResolver - Searching directory [/home/user/Downloads/part1_movieapp-starter/spring-rest/target/classes/com/stackroute/ng2boot/controllers] for files matching pattern [/home/user/Downloads/part1_movieapp-starter/spring-rest/target/classes/com/stackroute/ng2boot/**/*.class]
[DEBUG] 2017-06-04 15:06:41.147 [main] PathMatchingResourcePatternResolver - Searching directory [/home/user/Downloads/part1_movieapp-starter/spring-rest/target/classes/com/stackroute/ng2boot/domain] for files matching pattern [/home/user/Downloads/part1_movieapp-starter/spring-rest/target/classes/com/stackroute/ng2boot/**/*.class]
[DEBUG] 2017-06-04 15:06:41.147 [main] PathMatchingResourcePatternResolver - Searching directory [/home/user/Downloads/part1_movieapp-starter/spring-rest/target/classes/com/stackroute/ng2boot/links] for files matching pattern [/home/user/Downloads/part1_movieapp-starter/spring-rest/target/classes/com/stackroute/ng2boot/**/*.class]
[DEBUG] 2017-06-04 15:06:41.148 [main] PathMatchingResourcePatternResolver - Searching directory [/home/user/Downloads/part1_movieapp-starter/spring-rest/target/classes/com/stackroute/ng2boot/repository] for files matching pattern [/home/user/Downloads/part1_movieapp-starter/spring-rest/target/classes/com/stackroute/ng2boot/**/*.class]
[DEBUG] 2017-06-04 15:06:41.148 [main] PathMatchingResourcePatternResolver - Searching directory [/home/user/Downloads/part1_movieapp-starter/spring-rest/target/classes/com/stackroute/ng2boot/service] for files matching pattern [/home/user/Downloads/part1_movieapp-starter/spring-rest/target/classes/com/stackroute/ng2boot/**/*.class]
[DEBUG] 2017-06-04 15:06:41.149 [main] PathMatchingResourcePatternResolver - Resolved location pattern [classpath*:com/stackroute/ng2boot/**/*.class] to resources [file [/home/user/Downloads/part1_movieapp-starter/spring-rest/target/test-classes/com/stackroute/ng2boot/Ng2bootApplicationTests.class], file [/home/user/Downloads/part1_movieapp-starter/spring-rest/target/test-classes/com/stackroute/ng2boot/controllers/MovieRestControllerTest.class], file [/home/user/Downloads/part1_movieapp-starter/spring-rest/target/classes/com/stackroute/ng2boot/Ng2bootApplication.class], file [/home/user/Downloads/part1_movieapp-starter/spring-rest/target/classes/com/stackroute/ng2boot/config/SwaggerConfig.class], file [/home/user/Downloads/part1_movieapp-starter/spring-rest/target/classes/com/stackroute/ng2boot/controllers/MovieRestController.class], file [/home/user/Downloads/part1_movieapp-starter/spring-rest/target/classes/com/stackroute/ng2boot/controllers/MovieRestControllerTest.class], file [/home/user/Downloads/part1_movieapp-starter/spring-rest/target/classes/com/stackroute/ng2boot/domain/Movie.class], file [/home/user/Downloads/part1_movieapp-starter/spring-rest/target/classes/com/stackroute/ng2boot/links/MovieLinks.class], file [/home/user/Downloads/part1_movieapp-starter/spring-rest/target/classes/com/stackroute/ng2boot/links/MovieLinksImpl.class], file [/home/user/Downloads/part1_movieapp-starter/spring-rest/target/classes/com/stackroute/ng2boot/repository/CrudsRepository.class], file [/home/user/Downloads/part1_movieapp-starter/spring-rest/target/classes/com/stackroute/ng2boot/repository/MovieRepository.class], file [/home/user/Downloads/part1_movieapp-starter/spring-rest/target/classes/com/stackroute/ng2boot/service/MovieGetService.class], file [/home/user/Downloads/part1_movieapp-starter/spring-rest/target/classes/com/stackroute/ng2boot/service/MovieGetServiceImpl.class]]
[DEBUG] 2017-06-04 15:06:41.150 [main] DefaultListableBeanFactory - Returning cached instance of singleton bean 'org.springframework.boot.test.context.filter.TestTypeExcludeFilter'
[DEBUG] 2017-06-04 15:06:41.155 [main] DefaultListableBeanFactory - Returning cached instance of singleton bean 'org.springframework.boot.test.autoconfigure.filter.TypeExcludeFilters'
[DEBUG] 2017-06-04 15:06:41.157 [main] DefaultListableBeanFactory - Returning cached instance of singleton bean 'org.springframework.boot.test.context.filter.TestTypeExcludeFilter'
[DEBUG] 2017-06-04 15:06:41.158 [main] DefaultListableBeanFactory - Returning cached instance of singleton bean 'org.springframework.boot.test.autoconfigure.filter.TypeExcludeFilters'
[DEBUG] 2017-06-04 15:06:41.163 [main] DefaultListableBeanFactory - Returning cached instance of singleton bean 'org.springframework.boot.test.context.filter.TestTypeExcludeFilter'
[DEBUG] 2017-06-04 15:06:41.172 [main] DefaultListableBeanFactory - Returning cached instance of singleton bean 'org.springframework.boot.test.autoconfigure.filter.TypeExcludeFilters'
[DEBUG] 2017-06-04 15:06:41.184 [main] DefaultListableBeanFactory - Returning cached instance of singleton bean 'org.springframework.boot.test.context.filter.TestTypeExcludeFilter'
[DEBUG] 2017-06-04 15:06:41.185 [main] DefaultListableBeanFactory - Returning cached instance of singleton bean 'org.springframework.boot.test.autoconfigure.filter.TypeExcludeFilters'
[DEBUG] 2017-06-04 15:06:41.186 [main] ClassPathBeanDefinitionScanner - Identified candidate component class: file [/home/user/Downloads/part1_movieapp-starter/spring-rest/target/classes/com/stackroute/ng2boot/controllers/MovieRestController.class]
[DEBUG] 2017-06-04 15:06:41.189 [main] DefaultListableBeanFactory - Returning cached instance of singleton bean 'org.springframework.boot.test.context.filter.TestTypeExcludeFilter'
[DEBUG] 2017-06-04 15:06:41.189 [main] DefaultListableBeanFactory - Returning cached instance of singleton bean 'org.springframework.boot.test.autoconfigure.filter.TypeExcludeFilters'
[DEBUG] 2017-06-04 15:06:41.194 [main] DefaultListableBeanFactory - Returning cached instance of singleton bean 'org.springframework.boot.test.context.filter.TestTypeExcludeFilter'
[DEBUG] 2017-06-04 15:06:41.194 [main] DefaultListableBeanFactory - Returning cached instance of singleton bean 'org.springframework.boot.test.autoconfigure.filter.TypeExcludeFilters'
[DEBUG] 2017-06-04 15:06:41.201 [main] DefaultListableBeanFactory - Returning cached instance of singleton bean 'org.springframework.boot.test.context.filter.TestTypeExcludeFilter'
[DEBUG] 2017-06-04 15:06:41.201 [main] DefaultListableBeanFactory - Returning cached instance of singleton bean 'org.springframework.boot.test.autoconfigure.filter.TypeExcludeFilters'
[DEBUG] 2017-06-04 15:06:41.203 [main] DefaultListableBeanFactory - Returning cached instance of singleton bean 'org.springframework.boot.test.context.filter.TestTypeExcludeFilter'
[DEBUG] 2017-06-04 15:06:41.204 [main] DefaultListableBeanFactory - Returning cached instance of singleton bean 'org.springframework.boot.test.autoconfigure.filter.TypeExcludeFilters'
[DEBUG] 2017-06-04 15:06:41.206 [main] DefaultListableBeanFactory - Returning cached instance of singleton bean 'org.springframework.boot.test.context.filter.TestTypeExcludeFilter'
[DEBUG] 2017-06-04 15:06:41.206 [main] DefaultListableBeanFactory - Returning cached instance of singleton bean 'org.springframework.boot.test.autoconfigure.filter.TypeExcludeFilters'
[DEBUG] 2017-06-04 15:06:41.212 [main] DefaultListableBeanFactory - Returning cached instance of singleton bean 'org.springframework.boot.test.context.filter.TestTypeExcludeFilter'
[DEBUG] 2017-06-04 15:06:41.213 [main] DefaultListableBeanFactory - Returning cached instance of singleton bean 'org.springframework.boot.test.autoconfigure.filter.TypeExcludeFilters'
[DEBUG] 2017-06-04 15:06:41.221 [main] DefaultListableBeanFactory - Returning cached instance of singleton bean 'org.springframework.boot.test.context.filter.TestTypeExcludeFilter'
[DEBUG] 2017-06-04 15:06:41.222 [main] DefaultListableBeanFactory - Returning cached instance of singleton bean 'org.springframework.boot.test.autoconfigure.filter.TypeExcludeFilters'
[DEBUG] 2017-06-04 15:06:41.223 [main] DefaultListableBeanFactory - Returning cached instance of singleton bean 'org.springframework.boot.test.context.filter.TestTypeExcludeFilter'
[DEBUG] 2017-06-04 15:06:41.224 [main] DefaultListableBeanFactory - Returning cached instance of singleton bean 'org.springframework.boot.test.autoconfigure.filter.TypeExcludeFilters'
[DEBUG] 2017-06-04 15:06:41.266 [main] DefaultListableBeanFactory - Returning cached instance of singleton bean 'org.springframework.boot.autoconfigure.internalCachingMetadataReaderFactory'
[DEBUG] 2017-06-04 15:06:41.360 [background-preinit] logging - Logging Provider: org.jboss.logging.Log4j2LoggerProvider
[INFO ] 2017-06-04 15:06:41.361 [background-preinit] Version - HV000001: Hibernate Validator 5.2.4.Final
[DEBUG] 2017-06-04 15:06:41.390 [main] DefaultListableBeanFactory - Returning cached instance of singleton bean 'autoConfigurationReport'
[DEBUG] 2017-06-04 15:06:41.394 [main] PropertySourcesPropertyResolver - Could not find key 'spring.messages.basename' in any property source
[DEBUG] 2017-06-04 15:06:41.396 [main] PathMatchingResourcePatternResolver - Resolved classpath location [messages.properties] to resources []
[DEBUG] 2017-06-04 15:06:41.396 [background-preinit] DefaultTraversableResolver - Cannot find javax.persistence.Persistence on classpath. Assuming non JPA 2 environment. All properties will per default be traversable.
[DEBUG] 2017-06-04 15:06:41.398 [main] DefaultListableBeanFactory - Returning cached instance of singleton bean 'autoConfigurationReport'
[DEBUG] 2017-06-04 15:06:41.405 [main] DefaultListableBeanFactory - Returning cached instance of singleton bean 'autoConfigurationReport'
[DEBUG] 2017-06-04 15:06:41.407 [main] DefaultListableBeanFactory - Returning cached instance of singleton bean 'autoConfigurationReport'
[DEBUG] 2017-06-04 15:06:41.421 [main] PropertySourcesPropertyResolver - Found key 'spring.cache.type' in [Annotations] with type [CacheType]
[DEBUG] 2017-06-04 15:06:41.422 [main] PropertySourcesPropertyResolver - Found key 'spring.test.mockmvc.secure' in [Annotations] with type [Boolean]
[DEBUG] 2017-06-04 15:06:41.423 [main] PropertySourcesPropertyResolver - Found key 'spring.test.mockmvc.webdriver.enabled' in [Annotations] with type [Boolean]
[DEBUG] 2017-06-04 15:06:41.423 [main] PropertySourcesPropertyResolver - Found key 'spring.test.mockmvc.add-filters' in [Annotations] with type [Boolean]
[DEBUG] 2017-06-04 15:06:41.424 [main] PropertySourcesPropertyResolver - Found key 'spring.test.mockmvc.print-only-on-failure' in [Annotations] with type [Boolean]
[DEBUG] 2017-06-04 15:06:41.425 [main] PropertySourcesPropertyResolver - Found key 'spring.test.mockmvc.webclient.enabled' in [Annotations] with type [Boolean]
[DEBUG] 2017-06-04 15:06:41.425 [main] PropertySourcesPropertyResolver - Found key 'spring.boot.enableautoconfiguration' in [test] with type [String]
[DEBUG] 2017-06-04 15:06:41.426 [main] PropertySourcesPropertyResolver - Found key 'spring.jmx.enabled' in [Inlined Test Properties] with type [String]
[DEBUG] 2017-06-04 15:06:41.426 [main] PropertySourcesPropertyResolver - Found key 'org.springframework.boot.test.autoconfigure.web.servlet.WebMvcTestContextBootstrapper' in [Inlined Test Properties] with type [String]
[DEBUG] 2017-06-04 15:06:41.427 [main] PropertySourcesPropertyResolver - Found key 'server.port' in [Inlined Test Properties] with type [String]
[DEBUG] 2017-06-04 15:06:41.427 [main] PropertySourcesPropertyResolver - Found key 'java.runtime.name' in [systemProperties] with type [String]
[DEBUG] 2017-06-04 15:06:41.427 [main] PropertySourcesPropertyResolver - Found key 'sun.boot.library.path' in [systemProperties] with type [String]
[DEBUG] 2017-06-04 15:06:41.427 [main] PropertySourcesPropertyResolver - Found key 'java.vm.version' in [systemProperties] with type [String]
[DEBUG] 2017-06-04 15:06:41.427 [main] PropertySourcesPropertyResolver - Found key 'java.vm.vendor' in [systemProperties] with type [String]
[DEBUG] 2017-06-04 15:06:41.427 [main] PropertySourcesPropertyResolver - Found key 'java.vendor.url' in [systemProperties] with type [String]
[DEBUG] 2017-06-04 15:06:41.427 [main] PropertySourcesPropertyResolver - Found key 'path.separator' in [systemProperties] with type [String]
[DEBUG] 2017-06-04 15:06:41.428 [main] PropertySourcesPropertyResolver - Found key 'java.vm.name' in [systemProperties] with type [String]
[DEBUG] 2017-06-04 15:06:41.428 [main] PropertySourcesPropertyResolver - Found key 'file.encoding.pkg' in [systemProperties] with type [String]
[DEBUG] 2017-06-04 15:06:41.428 [main] PropertySourcesPropertyResolver - Found key 'user.country' in [systemProperties] with type [String]
[DEBUG] 2017-06-04 15:06:41.428 [main] PropertySourcesPropertyResolver - Found key 'sun.java.launcher' in [systemProperties] with type [String]
[DEBUG] 2017-06-04 15:06:41.428 [main] PropertySourcesPropertyResolver - Found key 'sun.os.patch.level' in [systemProperties] with type [String]
[DEBUG] 2017-06-04 15:06:41.428 [main] PropertySourcesPropertyResolver - Found key 'PID' in [systemProperties] with type [String]
[DEBUG] 2017-06-04 15:06:41.428 [main] PropertySourcesPropertyResolver - Found key 'java.vm.specification.name' in [systemProperties] with type [String]
[DEBUG] 2017-06-04 15:06:41.429 [main] PropertySourcesPropertyResolver - Found key 'user.dir' in [systemProperties] with type [String]
[DEBUG] 2017-06-04 15:06:41.429 [main] PropertySourcesPropertyResolver - Found key 'java.runtime.version' in [systemProperties] with type [String]
[DEBUG] 2017-06-04 15:06:41.429 [main] PropertySourcesPropertyResolver - Found key 'basedir' in [systemProperties] with type [String]
[DEBUG] 2017-06-04 15:06:41.429 [main] PropertySourcesPropertyResolver - Found key 'java.awt.graphicsenv' in [systemProperties] with type [String]
[DEBUG] 2017-06-04 15:06:41.429 [main] PropertySourcesPropertyResolver - Found key 'java.endorsed.dirs' in [systemProperties] with type [String]
[DEBUG] 2017-06-04 15:06:41.429 [main] PropertySourcesPropertyResolver - Found key 'os.arch' in [systemProperties] with type [String]
[DEBUG] 2017-06-04 15:06:41.429 [main] PropertySourcesPropertyResolver - Found key 'surefire.real.class.path' in [systemProperties] with type [String]
[DEBUG] 2017-06-04 15:06:41.430 [main] PropertySourcesPropertyResolver - Found key 'java.io.tmpdir' in [systemProperties] with type [String]
[DEBUG] 2017-06-04 15:06:41.430 [main] PropertySourcesPropertyResolver - Found key 'line.separator' in [systemProperties] with type [String]
[DEBUG] 2017-06-04 15:06:41.430 [main] PropertySourcesPropertyResolver - Found key 'java.vm.specification.vendor' in [systemProperties] with type [String]
[DEBUG] 2017-06-04 15:06:41.430 [main] PropertySourcesPropertyResolver - Found key 'os.name' in [systemProperties] with type [String]
[DEBUG] 2017-06-04 15:06:41.430 [main] PropertySourcesPropertyResolver - Found key 'sun.jnu.encoding' in [systemProperties] with type [String]
[DEBUG] 2017-06-04 15:06:41.430 [main] PropertySourcesPropertyResolver - Found key 'spring.beaninfo.ignore' in [systemProperties] with type [String]
[DEBUG] 2017-06-04 15:06:41.430 [main] PropertySourcesPropertyResolver - Found key 'java.library.path' in [systemProperties] with type [String]
[DEBUG] 2017-06-04 15:06:41.432 [main] PropertySourcesPropertyResolver - Found key 'surefire.test.class.path' in [systemProperties] with type [String]
[DEBUG] 2017-06-04 15:06:41.432 [main] PropertySourcesPropertyResolver - Found key 'java.specification.name' in [systemProperties] with type [String]
[DEBUG] 2017-06-04 15:06:41.433 [main] PropertySourcesPropertyResolver - Found key 'java.class.version' in [systemProperties] with type [String]
[DEBUG] 2017-06-04 15:06:41.433 [main] PropertySourcesPropertyResolver - Found key 'sun.management.compiler' in [systemProperties] with type [String]
[DEBUG] 2017-06-04 15:06:41.433 [main] PropertySourcesPropertyResolver - Found key 'os.version' in [systemProperties] with type [String]
[DEBUG] 2017-06-04 15:06:41.433 [main] PropertySourcesPropertyResolver - Found key 'user.home' in [systemProperties] with type [String]
[DEBUG] 2017-06-04 15:06:41.433 [main] PropertySourcesPropertyResolver - Found key 'user.timezone' in [systemProperties] with type [String]
[DEBUG] 2017-06-04 15:06:41.433 [main] PropertySourcesPropertyResolver - Found key 'java.awt.printerjob' in [systemProperties] with type [String]
[DEBUG] 2017-06-04 15:06:41.434 [main] PropertySourcesPropertyResolver - Found key 'file.encoding' in [systemProperties] with type [String]
[DEBUG] 2017-06-04 15:06:41.435 [main] PropertySourcesPropertyResolver - Found key 'java.specification.version' in [systemProperties] with type [String]
[DEBUG] 2017-06-04 15:06:41.435 [main] PropertySourcesPropertyResolver - Found key 'java.class.path' in [systemProperties] with type [String]
[DEBUG] 2017-06-04 15:06:41.438 [main] PropertySourcesPropertyResolver - Found key 'user.name' in [systemProperties] with type [String]
[DEBUG] 2017-06-04 15:06:41.438 [main] PropertySourcesPropertyResolver - Found key 'java.vm.specification.version' in [systemProperties] with type [String]
[DEBUG] 2017-06-04 15:06:41.439 [main] PropertySourcesPropertyResolver - Found key 'sun.java.command' in [systemProperties] with type [String]
[DEBUG] 2017-06-04 15:06:41.440 [main] PropertySourcesPropertyResolver - Found key 'java.home' in [systemProperties] with type [String]
[DEBUG] 2017-06-04 15:06:41.440 [main] PropertySourcesPropertyResolver - Found key 'sun.arch.data.model' in [systemProperties] with type [String]
[DEBUG] 2017-06-04 15:06:41.442 [main] PropertySourcesPropertyResolver - Found key 'user.language' in [systemProperties] with type [String]
[DEBUG] 2017-06-04 15:06:41.442 [main] PropertySourcesPropertyResolver - Found key 'java.specification.vendor' in [systemProperties] with type [String]
[DEBUG] 2017-06-04 15:06:41.442 [main] PropertySourcesPropertyResolver - Found key 'awt.toolkit' in [systemProperties] with type [String]
[DEBUG] 2017-06-04 15:06:41.442 [main] PropertySourcesPropertyResolver - Found key 'java.vm.info' in [systemProperties] with type [String]
[DEBUG] 2017-06-04 15:06:41.442 [main] PropertySourcesPropertyResolver - Found key 'java.version' in [systemProperties] with type [String]
[DEBUG] 2017-06-04 15:06:41.442 [main] PropertySourcesPropertyResolver - Found key 'java.ext.dirs' in [systemProperties] with type [String]
[DEBUG] 2017-06-04 15:06:41.443 [main] PropertySourcesPropertyResolver - Found key 'sun.boot.class.path' in [systemProperties] with type [String]
[DEBUG] 2017-06-04 15:06:41.443 [main] PropertySourcesPropertyResolver - Found key 'java.awt.headless' in [systemProperties] with type [String]
[DEBUG] 2017-06-04 15:06:41.443 [main] PropertySourcesPropertyResolver - Found key 'java.vendor' in [systemProperties] with type [String]
[DEBUG] 2017-06-04 15:06:41.443 [main] PropertySourcesPropertyResolver - Found key 'localRepository' in [systemProperties] with type [String]
[DEBUG] 2017-06-04 15:06:41.443 [main] PropertySourcesPropertyResolver - Found key 'file.separator' in [systemProperties] with type [String]
[DEBUG] 2017-06-04 15:06:41.443 [main] PropertySourcesPropertyResolver - Found key 'java.vendor.url.bug' in [systemProperties] with type [String]
[DEBUG] 2017-06-04 15:06:41.443 [main] PropertySourcesPropertyResolver - Found key 'sun.io.unicode.encoding' in [systemProperties] with type [String]
[DEBUG] 2017-06-04 15:06:41.444 [main] PropertySourcesPropertyResolver - Found key 'sun.cpu.endian' in [systemProperties] with type [String]
[DEBUG] 2017-06-04 15:06:41.444 [main] PropertySourcesPropertyResolver - Found key 'sun.desktop' in [systemProperties] with type [String]
[DEBUG] 2017-06-04 15:06:41.444 [main] PropertySourcesPropertyResolver - Found key 'sun.cpu.isalist' in [systemProperties] with type [String]
[DEBUG] 2017-06-04 15:06:41.444 [main] PropertySourcesPropertyResolver - Found key 'PATH' in [systemEnvironment] with type [String]
[DEBUG] 2017-06-04 15:06:41.444 [main] PropertySourcesPropertyResolver - Found key 'XAUTHORITY' in [systemEnvironment] with type [String]
[DEBUG] 2017-06-04 15:06:41.444 [main] PropertySourcesPropertyResolver - Found key 'XMODIFIERS' in [systemEnvironment] with type [String]
[DEBUG] 2017-06-04 15:06:41.445 [main] PropertySourcesPropertyResolver - Found key 'XDG_DATA_DIRS' in [systemEnvironment] with type [String]
[DEBUG] 2017-06-04 15:06:41.445 [main] PropertySourcesPropertyResolver - Found key 'GDMSESSION' in [systemEnvironment] with type [String]
[DEBUG] 2017-06-04 15:06:41.445 [main] PropertySourcesPropertyResolver - Found key 'MANDATORY_PATH' in [systemEnvironment] with type [String]
[DEBUG] 2017-06-04 15:06:41.445 [main] PropertySourcesPropertyResolver - Found key 'GTK_IM_MODULE' in [systemEnvironment] with type [String]
[DEBUG] 2017-06-04 15:06:41.445 [main] PropertySourcesPropertyResolver - Found key 'DBUS_SESSION_BUS_ADDRESS' in [systemEnvironment] with type [String]
[DEBUG] 2017-06-04 15:06:41.445 [main] PropertySourcesPropertyResolver - Found key 'DEFAULTS_PATH' in [systemEnvironment] with type [String]
[DEBUG] 2017-06-04 15:06:41.445 [main] PropertySourcesPropertyResolver - Found key 'XDG_CURRENT_DESKTOP' in [systemEnvironment] with type [String]
[DEBUG] 2017-06-04 15:06:41.445 [main] PropertySourcesPropertyResolver - Found key 'UPSTART_SESSION' in [systemEnvironment] with type [String]
[DEBUG] 2017-06-04 15:06:41.446 [main] PropertySourcesPropertyResolver - Found key 'QT4_IM_MODULE' in [systemEnvironment] with type [String]
[DEBUG] 2017-06-04 15:06:41.446 [main] PropertySourcesPropertyResolver - Found key 'QT_LINUX_ACCESSIBILITY_ALWAYS_ON' in [systemEnvironment] with type [String]
[DEBUG] 2017-06-04 15:06:41.446 [main] PropertySourcesPropertyResolver - Found key 'LOGNAME' in [systemEnvironment] with type [String]
[DEBUG] 2017-06-04 15:06:41.447 [main] PropertySourcesPropertyResolver - Found key 'JOB' in [systemEnvironment] with type [String]
[DEBUG] 2017-06-04 15:06:41.447 [main] PropertySourcesPropertyResolver - Found key 'PWD' in [systemEnvironment] with type [String]
[DEBUG] 2017-06-04 15:06:41.447 [main] PropertySourcesPropertyResolver - Found key 'DERBY_HOME' in [systemEnvironment] with type [String]
[DEBUG] 2017-06-04 15:06:41.448 [main] PropertySourcesPropertyResolver - Found key 'IM_CONFIG_PHASE' in [systemEnvironment] with type [String]
[DEBUG] 2017-06-04 15:06:41.448 [main] PropertySourcesPropertyResolver - Found key 'LANGUAGE' in [systemEnvironment] with type [String]
[DEBUG] 2017-06-04 15:06:41.448 [main] PropertySourcesPropertyResolver - Found key 'SHELL' in [systemEnvironment] with type [String]
[DEBUG] 2017-06-04 15:06:41.448 [main] PropertySourcesPropertyResolver - Found key 'GIO_LAUNCHED_DESKTOP_FILE' in [systemEnvironment] with type [String]
[DEBUG] 2017-06-04 15:06:41.448 [main] PropertySourcesPropertyResolver - Found key 'GTK2_MODULES' in [systemEnvironment] with type [String]
[DEBUG] 2017-06-04 15:06:41.448 [main] PropertySourcesPropertyResolver - Found key 'INSTANCE' in [systemEnvironment] with type [String]
[DEBUG] 2017-06-04 15:06:41.449 [main] PropertySourcesPropertyResolver - Found key 'J2SDKDIR' in [systemEnvironment] with type [String]
[DEBUG] 2017-06-04 15:06:41.449 [main] PropertySourcesPropertyResolver - Found key 'OLDPWD' in [systemEnvironment] with type [String]
[DEBUG] 2017-06-04 15:06:41.449 [main] PropertySourcesPropertyResolver - Found key 'GNOME_DESKTOP_SESSION_ID' in [systemEnvironment] with type [String]
[DEBUG] 2017-06-04 15:06:41.449 [main] PropertySourcesPropertyResolver - Found key 'UPSTART_INSTANCE' in [systemEnvironment] with type [String]
[DEBUG] 2017-06-04 15:06:41.449 [main] PropertySourcesPropertyResolver - Found key 'GTK_MODULES' in [systemEnvironment] with type [String]
[DEBUG] 2017-06-04 15:06:41.449 [main] PropertySourcesPropertyResolver - Found key 'J2REDIR' in [systemEnvironment] with type [String]
[DEBUG] 2017-06-04 15:06:41.450 [main] PropertySourcesPropertyResolver - Found key 'GDK_SCALE' in [systemEnvironment] with type [String]
[DEBUG] 2017-06-04 15:06:41.450 [main] PropertySourcesPropertyResolver - Found key 'CLUTTER_IM_MODULE' in [systemEnvironment] with type [String]
[DEBUG] 2017-06-04 15:06:41.450 [main] PropertySourcesPropertyResolver - Found key 'XDG_SESSION_PATH' in [systemEnvironment] with type [String]
[DEBUG] 2017-06-04 15:06:41.450 [main] PropertySourcesPropertyResolver - Found key 'COMPIZ_BIN_PATH' in [systemEnvironment] with type [String]
[DEBUG] 2017-06-04 15:06:41.450 [main] PropertySourcesPropertyResolver - Found key 'SESSIONTYPE' in [systemEnvironment] with type [String]
[DEBUG] 2017-06-04 15:06:41.450 [main] PropertySourcesPropertyResolver - Found key 'XDG_SESSION_DESKTOP' in [systemEnvironment] with type [String]
[DEBUG] 2017-06-04 15:06:41.450 [main] PropertySourcesPropertyResolver - Found key 'SHLVL' in [systemEnvironment] with type [String]
[DEBUG] 2017-06-04 15:06:41.451 [main] PropertySourcesPropertyResolver - Found key 'OXYGEN_DISABLE_INNER_SHADOWS_HACK' in [systemEnvironment] with type [String]
[DEBUG] 2017-06-04 15:06:41.451 [main] PropertySourcesPropertyResolver - Found key 'COMPIZ_CONFIG_PROFILE' in [systemEnvironment] with type [String]
[DEBUG] 2017-06-04 15:06:41.451 [main] PropertySourcesPropertyResolver - Found key 'QT_IM_MODULE' in [systemEnvironment] with type [String]
[DEBUG] 2017-06-04 15:06:41.451 [main] PropertySourcesPropertyResolver - Found key 'UPSTART_JOB' in [systemEnvironment] with type [String]
[DEBUG] 2017-06-04 15:06:41.452 [main] PropertySourcesPropertyResolver - Found key 'JAVA_HOME' in [systemEnvironment] with type [String]
[DEBUG] 2017-06-04 15:06:41.452 [main] PropertySourcesPropertyResolver - Found key 'XDG_CONFIG_DIRS' in [systemEnvironment] with type [String]
[DEBUG] 2017-06-04 15:06:41.452 [main] PropertySourcesPropertyResolver - Found key 'XFILESEARCHPATH' in [systemEnvironment] with type [String]
[DEBUG] 2017-06-04 15:06:41.452 [main] PropertySourcesPropertyResolver - Found key 'LANG' in [systemEnvironment] with type [String]
[DEBUG] 2017-06-04 15:06:41.452 [main] PropertySourcesPropertyResolver - Found key 'GNOME_KEYRING_CONTROL' in [systemEnvironment] with type [String]
[DEBUG] 2017-06-04 15:06:41.452 [main] PropertySourcesPropertyResolver - Found key 'XDG_SEAT_PATH' in [systemEnvironment] with type [String]
[DEBUG] 2017-06-04 15:06:41.453 [main] PropertySourcesPropertyResolver - Found key 'XDG_SESSION_ID' in [systemEnvironment] with type [String]
[DEBUG] 2017-06-04 15:06:41.453 [main] PropertySourcesPropertyResolver - Found key 'XDG_SESSION_TYPE' in [systemEnvironment] with type [String]
[DEBUG] 2017-06-04 15:06:41.453 [main] PropertySourcesPropertyResolver - Found key 'DISPLAY' in [systemEnvironment] with type [String]
[DEBUG] 2017-06-04 15:06:41.453 [main] PropertySourcesPropertyResolver - Found key 'NODE_PATH' in [systemEnvironment] with type [String]
[DEBUG] 2017-06-04 15:06:41.453 [main] PropertySourcesPropertyResolver - Found key 'GDM_LANG' in [systemEnvironment] with type [String]
[DEBUG] 2017-06-04 15:06:41.453 [main] PropertySourcesPropertyResolver - Found key 'XDG_GREETER_DATA_DIR' in [systemEnvironment] with type [String]
[DEBUG] 2017-06-04 15:06:41.453 [main] PropertySourcesPropertyResolver - Found key 'UPSTART_EVENTS' in [systemEnvironment] with type [String]
[DEBUG] 2017-06-04 15:06:41.454 [main] PropertySourcesPropertyResolver - Found key 'LIBOVERLAY_SCROLLBAR' in [systemEnvironment] with type [String]
[DEBUG] 2017-06-04 15:06:41.454 [main] PropertySourcesPropertyResolver - Found key 'GPG_AGENT_INFO' in [systemEnvironment] with type [String]
[DEBUG] 2017-06-04 15:06:41.454 [main] PropertySourcesPropertyResolver - Found key 'GDK_CORE_DEVICE_EVENTS' in [systemEnvironment] with type [String]
[DEBUG] 2017-06-04 15:06:41.454 [main] PropertySourcesPropertyResolver - Found key 'DESKTOP_SESSION' in [systemEnvironment] with type [String]
[DEBUG] 2017-06-04 15:06:41.454 [main] PropertySourcesPropertyResolver - Found key 'SESSION' in [systemEnvironment] with type [String]
[DEBUG] 2017-06-04 15:06:41.457 [main] PropertySourcesPropertyResolver - Found key 'USER' in [systemEnvironment] with type [String]
[DEBUG] 2017-06-04 15:06:41.458 [main] PropertySourcesPropertyResolver - Found key 'GIO_LAUNCHED_DESKTOP_FILE_PID' in [systemEnvironment] with type [String]
[DEBUG] 2017-06-04 15:06:41.458 [main] PropertySourcesPropertyResolver - Found key 'QT_ACCESSIBILITY' in [systemEnvironment] with type [String]
[DEBUG] 2017-06-04 15:06:41.458 [main] PropertySourcesPropertyResolver - Found key 'SSH_AUTH_SOCK' in [systemEnvironment] with type [String]
[DEBUG] 2017-06-04 15:06:41.458 [main] PropertySourcesPropertyResolver - Found key 'XDG_SEAT' in [systemEnvironment] with type [String]
[DEBUG] 2017-06-04 15:06:41.468 [main] PropertySourcesPropertyResolver - Found key 'NLSPATH' in [systemEnvironment] with type [String]
[DEBUG] 2017-06-04 15:06:41.469 [main] PropertySourcesPropertyResolver - Found key 'QT_QPA_PLATFORMTHEME' in [systemEnvironment] with type [String]
[DEBUG] 2017-06-04 15:06:41.470 [main] PropertySourcesPropertyResolver - Found key 'XDG_VTNR' in [systemEnvironment] with type [String]
[DEBUG] 2017-06-04 15:06:41.470 [main] PropertySourcesPropertyResolver - Found key 'XDG_RUNTIME_DIR' in [systemEnvironment] with type [String]
[DEBUG] 2017-06-04 15:06:41.471 [main] PropertySourcesPropertyResolver - Found key 'HOME' in [systemEnvironment] with type [String]
[DEBUG] 2017-06-04 15:06:41.471 [main] PropertySourcesPropertyResolver - Found key 'GNOME_KEYRING_PID' in [systemEnvironment] with type [String]
[DEBUG] 2017-06-04 15:06:41.472 [main] PropertySourcesPropertyResolver - Found key 'logging.config' in [applicationConfigurationProperties] with type [String]
[DEBUG] 2017-06-04 15:06:41.500 [main] DefaultListableBeanFactory - Returning cached instance of singleton bean 'autoConfigurationReport'
[DEBUG] 2017-06-04 15:06:41.513 [main] DefaultListableBeanFactory - Returning cached instance of singleton bean 'autoConfigurationReport'
[DEBUG] 2017-06-04 15:06:41.533 [main] DefaultListableBeanFactory - Returning cached instance of singleton bean 'autoConfigurationReport'
[DEBUG] 2017-06-04 15:06:41.537 [main] DefaultListableBeanFactory - Returning cached instance of singleton bean 'autoConfigurationReport'
[DEBUG] 2017-06-04 15:06:41.568 [main] PropertySourcesPropertyResolver - Found key 'spring.cache.type' in [Annotations] with type [CacheType]
[DEBUG] 2017-06-04 15:06:41.569 [main] DefaultListableBeanFactory - Returning cached instance of singleton bean 'autoConfigurationReport'
[DEBUG] 2017-06-04 15:06:41.571 [main] DefaultListableBeanFactory - Returning cached instance of singleton bean 'autoConfigurationReport'
[DEBUG] 2017-06-04 15:06:41.574 [main] DefaultListableBeanFactory - Returning cached instance of singleton bean 'autoConfigurationReport'
[DEBUG] 2017-06-04 15:06:41.575 [main] DefaultListableBeanFactory - Returning cached instance of singleton bean 'autoConfigurationReport'
[DEBUG] 2017-06-04 15:06:41.576 [main] DefaultListableBeanFactory - Returning cached instance of singleton bean 'autoConfigurationReport'
[DEBUG] 2017-06-04 15:06:41.577 [main] DefaultListableBeanFactory - Returning cached instance of singleton bean 'autoConfigurationReport'
[DEBUG] 2017-06-04 15:06:41.578 [main] PropertySourcesPropertyResolver - Found key 'spring.cache.type' in [Annotations] with type [CacheType]
[DEBUG] 2017-06-04 15:06:41.579 [main] DefaultListableBeanFactory - Returning cached instance of singleton bean 'autoConfigurationReport'
[DEBUG] 2017-06-04 15:06:41.580 [main] DefaultListableBeanFactory - Returning cached instance of singleton bean 'autoConfigurationReport'
[DEBUG] 2017-06-04 15:06:41.582 [main] DefaultListableBeanFactory - Returning cached instance of singleton bean 'autoConfigurationReport'
[DEBUG] 2017-06-04 15:06:41.583 [main] PropertySourcesPropertyResolver - Found key 'spring.cache.type' in [Annotations] with type [CacheType]
[DEBUG] 2017-06-04 15:06:41.583 [main] DefaultListableBeanFactory - Returning cached instance of singleton bean 'autoConfigurationReport'
[DEBUG] 2017-06-04 15:06:41.584 [main] PropertySourcesPropertyResolver - Found key 'spring.cache.type' in [Annotations] with type [CacheType]
[DEBUG] 2017-06-04 15:06:41.584 [main] DefaultListableBeanFactory - Returning cached instance of singleton bean 'autoConfigurationReport'
[DEBUG] 2017-06-04 15:06:41.586 [main] DefaultListableBeanFactory - Returning cached instance of singleton bean 'autoConfigurationReport'
[DEBUG] 2017-06-04 15:06:41.587 [main] DefaultListableBeanFactory - Returning cached instance of singleton bean 'autoConfigurationReport'
[DEBUG] 2017-06-04 15:06:41.588 [main] DefaultListableBeanFactory - Returning cached instance of singleton bean 'autoConfigurationReport'
[DEBUG] 2017-06-04 15:06:41.589 [main] DefaultListableBeanFactory - Returning cached instance of singleton bean 'autoConfigurationReport'
[DEBUG] 2017-06-04 15:06:41.597 [main] DefaultListableBeanFactory - Returning cached instance of singleton bean 'autoConfigurationReport'
[DEBUG] 2017-06-04 15:06:41.601 [main] DefaultListableBeanFactory - Returning cached instance of singleton bean 'autoConfigurationReport'
[DEBUG] 2017-06-04 15:06:41.603 [main] DefaultListableBeanFactory - Returning cached instance of singleton bean 'autoConfigurationReport'
[DEBUG] 2017-06-04 15:06:41.604 [main] DefaultListableBeanFactory - Returning cached instance of singleton bean 'autoConfigurationReport'
[DEBUG] 2017-06-04 15:06:41.605 [main] DefaultListableBeanFactory - Returning cached instance of singleton bean 'autoConfigurationReport'
[DEBUG] 2017-06-04 15:06:41.606 [main] DefaultListableBeanFactory - Returning cached instance of singleton bean 'autoConfigurationReport'
[DEBUG] 2017-06-04 15:06:41.608 [main] DefaultListableBeanFactory - Returning cached instance of singleton bean 'autoConfigurationReport'
[DEBUG] 2017-06-04 15:06:41.614 [main] DefaultListableBeanFactory - Returning cached instance of singleton bean 'autoConfigurationReport'
[DEBUG] 2017-06-04 15:06:41.615 [main] DefaultListableBeanFactory - Returning cached instance of singleton bean 'autoConfigurationReport'
[DEBUG] 2017-06-04 15:06:41.616 [main] DefaultListableBeanFactory - Returning cached instance of singleton bean 'autoConfigurationReport'
[DEBUG] 2017-06-04 15:06:41.618 [main] DefaultListableBeanFactory - Returning cached instance of singleton bean 'autoConfigurationReport'
[DEBUG] 2017-06-04 15:06:41.625 [main] DefaultListableBeanFactory - Returning cached instance of singleton bean 'autoConfigurationReport'
[DEBUG] 2017-06-04 15:06:41.625 [main] DefaultListableBeanFactory - Returning cached instance of singleton bean 'autoConfigurationReport'
[DEBUG] 2017-06-04 15:06:41.650 [main] DefaultListableBeanFactory - Returning cached instance of singleton bean 'autoConfigurationReport'
[DEBUG] 2017-06-04 15:06:41.651 [main] DefaultListableBeanFactory - Returning cached instance of singleton bean 'autoConfigurationReport'
[DEBUG] 2017-06-04 15:06:41.652 [main] DefaultListableBeanFactory - Returning cached instance of singleton bean 'autoConfigurationReport'
[DEBUG] 2017-06-04 15:06:41.655 [main] PropertySourcesPropertyResolver - Found key 'spring.test.mockmvc.secure' in [Annotations] with type [Boolean]
[DEBUG] 2017-06-04 15:06:41.655 [main] DefaultListableBeanFactory - Returning cached instance of singleton bean 'autoConfigurationReport'
[DEBUG] 2017-06-04 15:06:41.661 [main] DefaultListableBeanFactory - Returning cached instance of singleton bean 'autoConfigurationReport'
[DEBUG] 2017-06-04 15:06:41.661 [main] DefaultListableBeanFactory - Returning cached instance of singleton bean 'autoConfigurationReport'
[DEBUG] 2017-06-04 15:06:41.664 [main] DefaultListableBeanFactory - Returning cached instance of singleton bean 'autoConfigurationReport'
[DEBUG] 2017-06-04 15:06:41.665 [main] DefaultListableBeanFactory - Returning cached instance of singleton bean 'autoConfigurationReport'
[DEBUG] 2017-06-04 15:06:41.665 [main] DefaultListableBeanFactory - Returning cached instance of singleton bean 'autoConfigurationReport'
[DEBUG] 2017-06-04 15:06:41.666 [main] PropertySourcesPropertyResolver - Found key 'spring.boot.enableautoconfiguration' in [test] with type [String]
[DEBUG] 2017-06-04 15:06:41.668 [main] ConfigurationClassBeanDefinitionReader - Registered bean definition for imported class 'com.stackroute.ng2boot.controllers.MovieRestControllerTest'
[DEBUG] 2017-06-04 15:06:41.686 [main] StandardEnvironment - Adding [systemProperties] PropertySource with lowest search precedence
[DEBUG] 2017-06-04 15:06:41.686 [main] StandardEnvironment - Adding [systemEnvironment] PropertySource with lowest search precedence
[DEBUG] 2017-06-04 15:06:41.686 [main] StandardEnvironment - Initialized StandardEnvironment with PropertySources [systemProperties,systemEnvironment]
[DEBUG] 2017-06-04 15:06:41.688 [main] PathMatchingResourcePatternResolver - Resolved classpath location [org/springframework/data/] to resources [URL [jar:file:/home/user/.m2/repository/org/springframework/data/spring-data-mongodb/1.9.5.RELEASE/spring-data-mongodb-1.9.5.RELEASE.jar!/org/springframework/data/], URL [jar:file:/home/user/.m2/repository/org/springframework/data/spring-data-commons/1.12.5.RELEASE/spring-data-commons-1.12.5.RELEASE.jar!/org/springframework/data/]]
[DEBUG] 2017-06-04 15:06:41.688 [main] PathMatchingResourcePatternResolver - Looking for matching resources in jar file [file:/home/user/.m2/repository/org/springframework/data/spring-data-mongodb/1.9.5.RELEASE/spring-data-mongodb-1.9.5.RELEASE.jar]
[DEBUG] 2017-06-04 15:06:41.703 [main] PathMatchingResourcePatternResolver - Looking for matching resources in jar file [file:/home/user/.m2/repository/org/springframework/data/spring-data-commons/1.12.5.RELEASE/spring-data-commons-1.12.5.RELEASE.jar]
[DEBUG] 2017-06-04 15:06:41.713 [main] PathMatchingResourcePatternResolver - Resolved location pattern [classpath*:org/springframework/data/**/repository/support/**/*.class] to resources [URL [jar:file:/home/user/.m2/repository/org/springframework/data/spring-data-mongodb/1.9.5.RELEASE/spring-data-mongodb-1.9.5.RELEASE.jar!/org/springframework/data/mongodb/repository/support/IndexEnsuringQueryCreationListener.class], URL [jar:file:/home/user/.m2/repository/org/springframework/data/spring-data-mongodb/1.9.5.RELEASE/spring-data-mongodb-1.9.5.RELEASE.jar!/org/springframework/data/mongodb/repository/support/MappingMongoEntityInformation.class], URL [jar:file:/home/user/.m2/repository/org/springframework/data/spring-data-mongodb/1.9.5.RELEASE/spring-data-mongodb-1.9.5.RELEASE.jar!/org/springframework/data/mongodb/repository/support/MongoAnnotationProcessor.class], URL [jar:file:/home/user/.m2/repository/org/springframework/data/spring-data-mongodb/1.9.5.RELEASE/spring-data-mongodb-1.9.5.RELEASE.jar!/org/springframework/data/mongodb/repository/support/MongoRepositoryFactory$MongoQueryLookupStrategy.class], URL [jar:file:/home/user/.m2/repository/org/springframework/data/spring-data-mongodb/1.9.5.RELEASE/spring-data-mongodb-1.9.5.RELEASE.jar!/org/springframework/data/mongodb/repository/support/MongoRepositoryFactory.class], URL [jar:file:/home/user/.m2/repository/org/springframework/data/spring-data-mongodb/1.9.5.RELEASE/spring-data-mongodb-1.9.5.RELEASE.jar!/org/springframework/data/mongodb/repository/support/MongoRepositoryFactoryBean.class], URL [jar:file:/home/user/.m2/repository/org/springframework/data/spring-data-mongodb/1.9.5.RELEASE/spring-data-mongodb-1.9.5.RELEASE.jar!/org/springframework/data/mongodb/repository/support/QueryDslMongoRepository.class], URL [jar:file:/home/user/.m2/repository/org/springframework/data/spring-data-mongodb/1.9.5.RELEASE/spring-data-mongodb-1.9.5.RELEASE.jar!/org/springframework/data/mongodb/repository/support/QuerydslRepositorySupport.class], URL [jar:file:/home/user/.m2/repository/org/springframework/data/spring-data-mongodb/1.9.5.RELEASE/spring-data-mongodb-1.9.5.RELEASE.jar!/org/springframework/data/mongodb/repository/support/SimpleMongoRepository.class], URL [jar:file:/home/user/.m2/repository/org/springframework/data/spring-data-mongodb/1.9.5.RELEASE/spring-data-mongodb-1.9.5.RELEASE.jar!/org/springframework/data/mongodb/repository/support/SpringDataMongodbQuery$1.class], URL [jar:file:/home/user/.m2/repository/org/springframework/data/spring-data-mongodb/1.9.5.RELEASE/spring-data-mongodb-1.9.5.RELEASE.jar!/org/springframework/data/mongodb/repository/support/SpringDataMongodbQuery.class], URL [jar:file:/home/user/.m2/repository/org/springframework/data/spring-data-mongodb/1.9.5.RELEASE/spring-data-mongodb-1.9.5.RELEASE.jar!/org/springframework/data/mongodb/repository/support/SpringDataMongodbSerializer.class], URL [jar:file:/home/user/.m2/repository/org/springframework/data/spring-data-commons/1.12.5.RELEASE/spring-data-commons-1.12.5.RELEASE.jar!/org/springframework/data/repository/support/AnnotationAttribute.class], URL [jar:file:/home/user/.m2/repository/org/springframework/data/spring-data-commons/1.12.5.RELEASE/spring-data-commons-1.12.5.RELEASE.jar!/org/springframework/data/repository/support/CrudRepositoryInvoker.class], URL [jar:file:/home/user/.m2/repository/org/springframework/data/spring-data-commons/1.12.5.RELEASE/spring-data-commons-1.12.5.RELEASE.jar!/org/springframework/data/repository/support/DefaultRepositoryInvokerFactory.class], URL [jar:file:/home/user/.m2/repository/org/springframework/data/spring-data-commons/1.12.5.RELEASE/spring-data-commons-1.12.5.RELEASE.jar!/org/springframework/data/repository/support/DomainClassConverter$ToEntityConverter.class], URL [jar:file:/home/user/.m2/repository/org/springframework/data/spring-data-commons/1.12.5.RELEASE/spring-data-commons-1.12.5.RELEASE.jar!/org/springframework/data/repository/support/DomainClassConverter$ToIdConverter.class], URL [jar:file:/home/user/.m2/repository/org/springframework/data/spring-data-commons/1.12.5.RELEASE/spring-data-commons-1.12.5.RELEASE.jar!/org/springframework/data/repository/support/DomainClassConverter.class], URL [jar:file:/home/user/.m2/repository/org/springframework/data/spring-data-commons/1.12.5.RELEASE/spring-data-commons-1.12.5.RELEASE.jar!/org/springframework/data/repository/support/DomainClassPropertyEditor.class], URL [jar:file:/home/user/.m2/repository/org/springframework/data/spring-data-commons/1.12.5.RELEASE/spring-data-commons-1.12.5.RELEASE.jar!/org/springframework/data/repository/support/DomainClassPropertyEditorRegistrar.class], URL [jar:file:/home/user/.m2/repository/org/springframework/data/spring-data-commons/1.12.5.RELEASE/spring-data-commons-1.12.5.RELEASE.jar!/org/springframework/data/repository/support/MethodParameters$AnnotationNamingMethodParameter.class], URL [jar:file:/home/user/.m2/repository/org/springframework/data/spring-data-commons/1.12.5.RELEASE/spring-data-commons-1.12.5.RELEASE.jar!/org/springframework/data/repository/support/MethodParameters.class], URL [jar:file:/home/user/.m2/repository/org/springframework/data/spring-data-commons/1.12.5.RELEASE/spring-data-commons-1.12.5.RELEASE.jar!/org/springframework/data/repository/support/PagingAndSortingRepositoryInvoker.class], URL [jar:file:/home/user/.m2/repository/org/springframework/data/spring-data-commons/1.12.5.RELEASE/spring-data-commons-1.12.5.RELEASE.jar!/org/springframework/data/repository/support/QueryMethodParameterConversionException.class], URL [jar:file:/home/user/.m2/repository/org/springframework/data/spring-data-commons/1.12.5.RELEASE/spring-data-commons-1.12.5.RELEASE.jar!/org/springframework/data/repository/support/ReflectionRepositoryInvoker.class], URL [jar:file:/home/user/.m2/repository/org/springframework/data/spring-data-commons/1.12.5.RELEASE/spring-data-commons-1.12.5.RELEASE.jar!/org/springframework/data/repository/support/Repositories$EmptyRepositoryFactoryInformation.class], URL [jar:file:/home/user/.m2/repository/org/springframework/data/spring-data-commons/1.12.5.RELEASE/spring-data-commons-1.12.5.RELEASE.jar!/org/springframework/data/repository/support/Repositories.class], URL [jar:file:/home/user/.m2/repository/org/springframework/data/spring-data-commons/1.12.5.RELEASE/spring-data-commons-1.12.5.RELEASE.jar!/org/springframework/data/repository/support/RepositoryInvocationInformation.class], URL [jar:file:/home/user/.m2/repository/org/springframework/data/spring-data-commons/1.12.5.RELEASE/spring-data-commons-1.12.5.RELEASE.jar!/org/springframework/data/repository/support/RepositoryInvoker.class], URL [jar:file:/home/user/.m2/repository/org/springframework/data/spring-data-commons/1.12.5.RELEASE/spring-data-commons-1.12.5.RELEASE.jar!/org/springframework/data/repository/support/RepositoryInvokerFactory.class]]
[DEBUG] 2017-06-04 15:06:41.721 [main] AssignableTypeFilter - Could not read super class [com.querydsl.apt.AbstractQuerydslProcessor] of type-filtered class [org.springframework.data.mongodb.repository.support.MongoAnnotationProcessor]
[DEBUG] 2017-06-04 15:06:41.722 [main] ClassPathScanningCandidateComponentProvider - Identified candidate component class: URL [jar:file:/home/user/.m2/repository/org/springframework/data/spring-data-mongodb/1.9.5.RELEASE/spring-data-mongodb-1.9.5.RELEASE.jar!/org/springframework/data/mongodb/repository/support/MongoRepositoryFactory.class]
[DEBUG] 2017-06-04 15:06:41.740 [main] AssignableTypeFilter - Could not read super class [com.querydsl.mongodb.AbstractMongodbQuery] of type-filtered class [org.springframework.data.mongodb.repository.support.SpringDataMongodbQuery]
[DEBUG] 2017-06-04 15:06:41.741 [main] AssignableTypeFilter - Could not read super class [com.querydsl.mongodb.MongodbSerializer] of type-filtered class [org.springframework.data.mongodb.repository.support.SpringDataMongodbSerializer]
[DEBUG] 2017-06-04 15:06:41.767 [main] StandardEnvironment - Adding [systemProperties] PropertySource with lowest search precedence
[DEBUG] 2017-06-04 15:06:41.768 [main] StandardEnvironment - Adding [systemEnvironment] PropertySource with lowest search precedence
[DEBUG] 2017-06-04 15:06:41.768 [main] StandardEnvironment - Initialized StandardEnvironment with PropertySources [systemProperties,systemEnvironment]
[DEBUG] 2017-06-04 15:06:41.771 [main] PathMatchingResourcePatternResolver - Resolved classpath location [com/stackroute/ng2boot/] to resources [URL [file:/home/user/Downloads/part1_movieapp-starter/spring-rest/target/test-classes/com/stackroute/ng2boot/], URL [file:/home/user/Downloads/part1_movieapp-starter/spring-rest/target/classes/com/stackroute/ng2boot/]]
[DEBUG] 2017-06-04 15:06:41.771 [main] PathMatchingResourcePatternResolver - Looking for matching resources in directory tree [/home/user/Downloads/part1_movieapp-starter/spring-rest/target/test-classes/com/stackroute/ng2boot]
[DEBUG] 2017-06-04 15:06:41.772 [main] PathMatchingResourcePatternResolver - Searching directory [/home/user/Downloads/part1_movieapp-starter/spring-rest/target/test-classes/com/stackroute/ng2boot] for files matching pattern [/home/user/Downloads/part1_movieapp-starter/spring-rest/target/test-classes/com/stackroute/ng2boot/**/*.class]
[DEBUG] 2017-06-04 15:06:41.772 [main] PathMatchingResourcePatternResolver - Searching directory [/home/user/Downloads/part1_movieapp-starter/spring-rest/target/test-classes/com/stackroute/ng2boot/controllers] for files matching pattern [/home/user/Downloads/part1_movieapp-starter/spring-rest/target/test-classes/com/stackroute/ng2boot/**/*.class]
[DEBUG] 2017-06-04 15:06:41.772 [main] PathMatchingResourcePatternResolver - Looking for matching resources in directory tree [/home/user/Downloads/part1_movieapp-starter/spring-rest/target/classes/com/stackroute/ng2boot]
[DEBUG] 2017-06-04 15:06:41.772 [main] PathMatchingResourcePatternResolver - Searching directory [/home/user/Downloads/part1_movieapp-starter/spring-rest/target/classes/com/stackroute/ng2boot] for files matching pattern [/home/user/Downloads/part1_movieapp-starter/spring-rest/target/classes/com/stackroute/ng2boot/**/*.class]
[DEBUG] 2017-06-04 15:06:41.772 [main] PathMatchingResourcePatternResolver - Searching directory [/home/user/Downloads/part1_movieapp-starter/spring-rest/target/classes/com/stackroute/ng2boot/config] for files matching pattern [/home/user/Downloads/part1_movieapp-starter/spring-rest/target/classes/com/stackroute/ng2boot/**/*.class]
[DEBUG] 2017-06-04 15:06:41.773 [main] PathMatchingResourcePatternResolver - Searching directory [/home/user/Downloads/part1_movieapp-starter/spring-rest/target/classes/com/stackroute/ng2boot/controllers] for files matching pattern [/home/user/Downloads/part1_movieapp-starter/spring-rest/target/classes/com/stackroute/ng2boot/**/*.class]
[DEBUG] 2017-06-04 15:06:41.773 [main] PathMatchingResourcePatternResolver - Searching directory [/home/user/Downloads/part1_movieapp-starter/spring-rest/target/classes/com/stackroute/ng2boot/domain] for files matching pattern [/home/user/Downloads/part1_movieapp-starter/spring-rest/target/classes/com/stackroute/ng2boot/**/*.class]
[DEBUG] 2017-06-04 15:06:41.773 [main] PathMatchingResourcePatternResolver - Searching directory [/home/user/Downloads/part1_movieapp-starter/spring-rest/target/classes/com/stackroute/ng2boot/links] for files matching pattern [/home/user/Downloads/part1_movieapp-starter/spring-rest/target/classes/com/stackroute/ng2boot/**/*.class]
[DEBUG] 2017-06-04 15:06:41.773 [main] PathMatchingResourcePatternResolver - Searching directory [/home/user/Downloads/part1_movieapp-starter/spring-rest/target/classes/com/stackroute/ng2boot/repository] for files matching pattern [/home/user/Downloads/part1_movieapp-starter/spring-rest/target/classes/com/stackroute/ng2boot/**/*.class]
[DEBUG] 2017-06-04 15:06:41.773 [main] PathMatchingResourcePatternResolver - Searching directory [/home/user/Downloads/part1_movieapp-starter/spring-rest/target/classes/com/stackroute/ng2boot/service] for files matching pattern [/home/user/Downloads/part1_movieapp-starter/spring-rest/target/classes/com/stackroute/ng2boot/**/*.class]
[DEBUG] 2017-06-04 15:06:41.774 [main] PathMatchingResourcePatternResolver - Resolved location pattern [classpath*:com/stackroute/ng2boot/**/*.class] to resources [file [/home/user/Downloads/part1_movieapp-starter/spring-rest/target/test-classes/com/stackroute/ng2boot/Ng2bootApplicationTests.class], file [/home/user/Downloads/part1_movieapp-starter/spring-rest/target/test-classes/com/stackroute/ng2boot/controllers/MovieRestControllerTest.class], file [/home/user/Downloads/part1_movieapp-starter/spring-rest/target/classes/com/stackroute/ng2boot/Ng2bootApplication.class], file [/home/user/Downloads/part1_movieapp-starter/spring-rest/target/classes/com/stackroute/ng2boot/config/SwaggerConfig.class], file [/home/user/Downloads/part1_movieapp-starter/spring-rest/target/classes/com/stackroute/ng2boot/controllers/MovieRestController.class], file [/home/user/Downloads/part1_movieapp-starter/spring-rest/target/classes/com/stackroute/ng2boot/controllers/MovieRestControllerTest.class], file [/home/user/Downloads/part1_movieapp-starter/spring-rest/target/classes/com/stackroute/ng2boot/domain/Movie.class], file [/home/user/Downloads/part1_movieapp-starter/spring-rest/target/classes/com/stackroute/ng2boot/links/MovieLinks.class], file [/home/user/Downloads/part1_movieapp-starter/spring-rest/target/classes/com/stackroute/ng2boot/links/MovieLinksImpl.class], file [/home/user/Downloads/part1_movieapp-starter/spring-rest/target/classes/com/stackroute/ng2boot/repository/CrudsRepository.class], file [/home/user/Downloads/part1_movieapp-starter/spring-rest/target/classes/com/stackroute/ng2boot/repository/MovieRepository.class], file [/home/user/Downloads/part1_movieapp-starter/spring-rest/target/classes/com/stackroute/ng2boot/service/MovieGetService.class], file [/home/user/Downloads/part1_movieapp-starter/spring-rest/target/classes/com/stackroute/ng2boot/service/MovieGetServiceImpl.class]]
[DEBUG] 2017-06-04 15:06:41.789 [main] RepositoryComponentProvider - Identified candidate component class: file [/home/user/Downloads/part1_movieapp-starter/spring-rest/target/classes/com/stackroute/ng2boot/repository/CrudsRepository.class]
[DEBUG] 2017-06-04 15:06:41.791 [main] RepositoryComponentProvider - Identified candidate component class: file [/home/user/Downloads/part1_movieapp-starter/spring-rest/target/classes/com/stackroute/ng2boot/repository/MovieRepository.class]
[DEBUG] 2017-06-04 15:06:41.797 [main] StandardEnvironment - Adding [systemProperties] PropertySource with lowest search precedence
[DEBUG] 2017-06-04 15:06:41.797 [main] StandardEnvironment - Adding [systemEnvironment] PropertySource with lowest search precedence
[DEBUG] 2017-06-04 15:06:41.797 [main] StandardEnvironment - Initialized StandardEnvironment with PropertySources [systemProperties,systemEnvironment]
[DEBUG] 2017-06-04 15:06:41.799 [main] PathMatchingResourcePatternResolver - Resolved classpath location [com/stackroute/ng2boot/] to resources [URL [file:/home/user/Downloads/part1_movieapp-starter/spring-rest/target/test-classes/com/stackroute/ng2boot/], URL [file:/home/user/Downloads/part1_movieapp-starter/spring-rest/target/classes/com/stackroute/ng2boot/]]
[DEBUG] 2017-06-04 15:06:41.799 [main] PathMatchingResourcePatternResolver - Looking for matching resources in directory tree [/home/user/Downloads/part1_movieapp-starter/spring-rest/target/test-classes/com/stackroute/ng2boot]
[DEBUG] 2017-06-04 15:06:41.799 [main] PathMatchingResourcePatternResolver - Searching directory [/home/user/Downloads/part1_movieapp-starter/spring-rest/target/test-classes/com/stackroute/ng2boot] for files matching pattern [/home/user/Downloads/part1_movieapp-starter/spring-rest/target/test-classes/com/stackroute/ng2boot/**/*CrudsRepositoryImpl.class]
[DEBUG] 2017-06-04 15:06:41.799 [main] PathMatchingResourcePatternResolver - Searching directory [/home/user/Downloads/part1_movieapp-starter/spring-rest/target/test-classes/com/stackroute/ng2boot/controllers] for files matching pattern [/home/user/Downloads/part1_movieapp-starter/spring-rest/target/test-classes/com/stackroute/ng2boot/**/*CrudsRepositoryImpl.class]
[DEBUG] 2017-06-04 15:06:41.800 [main] PathMatchingResourcePatternResolver - Looking for matching resources in directory tree [/home/user/Downloads/part1_movieapp-starter/spring-rest/target/classes/com/stackroute/ng2boot]
[DEBUG] 2017-06-04 15:06:41.800 [main] PathMatchingResourcePatternResolver - Searching directory [/home/user/Downloads/part1_movieapp-starter/spring-rest/target/classes/com/stackroute/ng2boot] for files matching pattern [/home/user/Downloads/part1_movieapp-starter/spring-rest/target/classes/com/stackroute/ng2boot/**/*CrudsRepositoryImpl.class]
[DEBUG] 2017-06-04 15:06:41.800 [main] PathMatchingResourcePatternResolver - Searching directory [/home/user/Downloads/part1_movieapp-starter/spring-rest/target/classes/com/stackroute/ng2boot/config] for files matching pattern [/home/user/Downloads/part1_movieapp-starter/spring-rest/target/classes/com/stackroute/ng2boot/**/*CrudsRepositoryImpl.class]
[DEBUG] 2017-06-04 15:06:41.800 [main] PathMatchingResourcePatternResolver - Searching directory [/home/user/Downloads/part1_movieapp-starter/spring-rest/target/classes/com/stackroute/ng2boot/controllers] for files matching pattern [/home/user/Downloads/part1_movieapp-starter/spring-rest/target/classes/com/stackroute/ng2boot/**/*CrudsRepositoryImpl.class]
[DEBUG] 2017-06-04 15:06:41.800 [main] PathMatchingResourcePatternResolver - Searching directory [/home/user/Downloads/part1_movieapp-starter/spring-rest/target/classes/com/stackroute/ng2boot/domain] for files matching pattern [/home/user/Downloads/part1_movieapp-starter/spring-rest/target/classes/com/stackroute/ng2boot/**/*CrudsRepositoryImpl.class]
[DEBUG] 2017-06-04 15:06:41.800 [main] PathMatchingResourcePatternResolver - Searching directory [/home/user/Downloads/part1_movieapp-starter/spring-rest/target/classes/com/stackroute/ng2boot/links] for files matching pattern [/home/user/Downloads/part1_movieapp-starter/spring-rest/target/classes/com/stackroute/ng2boot/**/*CrudsRepositoryImpl.class]
[DEBUG] 2017-06-04 15:06:41.801 [main] PathMatchingResourcePatternResolver - Searching directory [/home/user/Downloads/part1_movieapp-starter/spring-rest/target/classes/com/stackroute/ng2boot/repository] for files matching pattern [/home/user/Downloads/part1_movieapp-starter/spring-rest/target/classes/com/stackroute/ng2boot/**/*CrudsRepositoryImpl.class]
[DEBUG] 2017-06-04 15:06:41.801 [main] PathMatchingResourcePatternResolver - Searching directory [/home/user/Downloads/part1_movieapp-starter/spring-rest/target/classes/com/stackroute/ng2boot/service] for files matching pattern [/home/user/Downloads/part1_movieapp-starter/spring-rest/target/classes/com/stackroute/ng2boot/**/*CrudsRepositoryImpl.class]
[DEBUG] 2017-06-04 15:06:41.801 [main] PathMatchingResourcePatternResolver - Resolved location pattern [classpath*:com/stackroute/ng2boot/**/*CrudsRepositoryImpl.class] to resources []
[DEBUG] 2017-06-04 15:06:41.805 [main] RepositoryConfigurationDelegate - Spring Data MongoDB - Registering repository: crudsRepository - Interface: com.stackroute.ng2boot.repository.CrudsRepository - Factory: org.springframework.data.mongodb.repository.support.MongoRepositoryFactoryBean
[DEBUG] 2017-06-04 15:06:41.808 [main] StandardEnvironment - Adding [systemProperties] PropertySource with lowest search precedence
[DEBUG] 2017-06-04 15:06:41.808 [main] StandardEnvironment - Adding [systemEnvironment] PropertySource with lowest search precedence
[DEBUG] 2017-06-04 15:06:41.808 [main] StandardEnvironment - Initialized StandardEnvironment with PropertySources [systemProperties,systemEnvironment]
[DEBUG] 2017-06-04 15:06:41.809 [main] PathMatchingResourcePatternResolver - Resolved classpath location [com/stackroute/ng2boot/] to resources [URL [file:/home/user/Downloads/part1_movieapp-starter/spring-rest/target/test-classes/com/stackroute/ng2boot/], URL [file:/home/user/Downloads/part1_movieapp-starter/spring-rest/target/classes/com/stackroute/ng2boot/]]
[DEBUG] 2017-06-04 15:06:41.809 [main] PathMatchingResourcePatternResolver - Looking for matching resources in directory tree [/home/user/Downloads/part1_movieapp-starter/spring-rest/target/test-classes/com/stackroute/ng2boot]
[DEBUG] 2017-06-04 15:06:41.809 [main] PathMatchingResourcePatternResolver - Searching directory [/home/user/Downloads/part1_movieapp-starter/spring-rest/target/test-classes/com/stackroute/ng2boot] for files matching pattern [/home/user/Downloads/part1_movieapp-starter/spring-rest/target/test-classes/com/stackroute/ng2boot/**/*MovieRepositoryImpl.class]
[DEBUG] 2017-06-04 15:06:41.809 [main] PathMatchingResourcePatternResolver - Searching directory [/home/user/Downloads/part1_movieapp-starter/spring-rest/target/test-classes/com/stackroute/ng2boot/controllers] for files matching pattern [/home/user/Downloads/part1_movieapp-starter/spring-rest/target/test-classes/com/stackroute/ng2boot/**/*MovieRepositoryImpl.class]
[DEBUG] 2017-06-04 15:06:41.809 [main] PathMatchingResourcePatternResolver - Looking for matching resources in directory tree [/home/user/Downloads/part1_movieapp-starter/spring-rest/target/classes/com/stackroute/ng2boot]
[DEBUG] 2017-06-04 15:06:41.810 [main] PathMatchingResourcePatternResolver - Searching directory [/home/user/Downloads/part1_movieapp-starter/spring-rest/target/classes/com/stackroute/ng2boot] for files matching pattern [/home/user/Downloads/part1_movieapp-starter/spring-rest/target/classes/com/stackroute/ng2boot/**/*MovieRepositoryImpl.class]
[DEBUG] 2017-06-04 15:06:41.810 [main] PathMatchingResourcePatternResolver - Searching directory [/home/user/Downloads/part1_movieapp-starter/spring-rest/target/classes/com/stackroute/ng2boot/config] for files matching pattern [/home/user/Downloads/part1_movieapp-starter/spring-rest/target/classes/com/stackroute/ng2boot/**/*MovieRepositoryImpl.class]
[DEBUG] 2017-06-04 15:06:41.810 [main] PathMatchingResourcePatternResolver - Searching directory [/home/user/Downloads/part1_movieapp-starter/spring-rest/target/classes/com/stackroute/ng2boot/controllers] for files matching pattern [/home/user/Downloads/part1_movieapp-starter/spring-rest/target/classes/com/stackroute/ng2boot/**/*MovieRepositoryImpl.class]
[DEBUG] 2017-06-04 15:06:41.810 [main] PathMatchingResourcePatternResolver - Searching directory [/home/user/Downloads/part1_movieapp-starter/spring-rest/target/classes/com/stackroute/ng2boot/domain] for files matching pattern [/home/user/Downloads/part1_movieapp-starter/spring-rest/target/classes/com/stackroute/ng2boot/**/*MovieRepositoryImpl.class]
[DEBUG] 2017-06-04 15:06:41.810 [main] PathMatchingResourcePatternResolver - Searching directory [/home/user/Downloads/part1_movieapp-starter/spring-rest/target/classes/com/stackroute/ng2boot/links] for files matching pattern [/home/user/Downloads/part1_movieapp-starter/spring-rest/target/classes/com/stackroute/ng2boot/**/*MovieRepositoryImpl.class]
[DEBUG] 2017-06-04 15:06:41.810 [main] PathMatchingResourcePatternResolver - Searching directory [/home/user/Downloads/part1_movieapp-starter/spring-rest/target/classes/com/stackroute/ng2boot/repository] for files matching pattern [/home/user/Downloads/part1_movieapp-starter/spring-rest/target/classes/com/stackroute/ng2boot/**/*MovieRepositoryImpl.class]
[DEBUG] 2017-06-04 15:06:41.811 [main] PathMatchingResourcePatternResolver - Searching directory [/home/user/Downloads/part1_movieapp-starter/spring-rest/target/classes/com/stackroute/ng2boot/service] for files matching pattern [/home/user/Downloads/part1_movieapp-starter/spring-rest/target/classes/com/stackroute/ng2boot/**/*MovieRepositoryImpl.class]
[DEBUG] 2017-06-04 15:06:41.811 [main] PathMatchingResourcePatternResolver - Resolved location pattern [classpath*:com/stackroute/ng2boot/**/*MovieRepositoryImpl.class] to resources []
[DEBUG] 2017-06-04 15:06:41.814 [main] RepositoryConfigurationDelegate - Spring Data MongoDB - Registering repository: movieRepository - Interface: com.stackroute.ng2boot.repository.MovieRepository - Factory: org.springframework.data.mongodb.repository.support.MongoRepositoryFactoryBean
[DEBUG] 2017-06-04 15:06:41.814 [main] DefaultListableBeanFactory - Returning cached instance of singleton bean 'autoConfigurationReport'
[DEBUG] 2017-06-04 15:06:41.815 [main] DefaultListableBeanFactory - Returning cached instance of singleton bean 'autoConfigurationReport'
[DEBUG] 2017-06-04 15:06:41.821 [main] DefaultListableBeanFactory - Creating shared instance of singleton bean 'org.springframework.boot.autoconfigure.condition.BeanTypeRegistry'
[DEBUG] 2017-06-04 15:06:41.821 [main] DefaultListableBeanFactory - Creating instance of bean 'org.springframework.boot.autoconfigure.condition.BeanTypeRegistry'
[DEBUG] 2017-06-04 15:06:41.833 [main] DefaultListableBeanFactory - Eagerly caching bean 'org.springframework.boot.autoconfigure.condition.BeanTypeRegistry' to allow for resolving potential circular references
[DEBUG] 2017-06-04 15:06:41.833 [main] DefaultListableBeanFactory - Finished creating instance of bean 'org.springframework.boot.autoconfigure.condition.BeanTypeRegistry'
[DEBUG] 2017-06-04 15:06:41.845 [main] DefaultListableBeanFactory - Returning cached instance of singleton bean 'autoConfigurationReport'
[DEBUG] 2017-06-04 15:06:41.845 [main] ConfigurationClassBeanDefinitionReader - Registered bean definition for imported class 'org.springframework.boot.autoconfigure.web.WebMvcAutoConfiguration$EnableWebMvcConfiguration'
[DEBUG] 2017-06-04 15:06:41.852 [main] ConfigurationClassBeanDefinitionReader - Registering bean definition for @Bean method org.springframework.boot.autoconfigure.web.WebMvcAutoConfiguration$EnableWebMvcConfiguration.requestMappingHandlerAdapter()
[DEBUG] 2017-06-04 15:06:41.853 [main] ConfigurationClassBeanDefinitionReader - Registering bean definition for @Bean method org.springframework.boot.autoconfigure.web.WebMvcAutoConfiguration$EnableWebMvcConfiguration.requestMappingHandlerMapping()
[DEBUG] 2017-06-04 15:06:41.854 [main] ConfigurationClassBeanDefinitionReader - Registering bean definition for @Bean method org.springframework.boot.autoconfigure.web.WebMvcAutoConfiguration$EnableWebMvcConfiguration.mvcPathMatcher()
[DEBUG] 2017-06-04 15:06:41.855 [main] ConfigurationClassBeanDefinitionReader - Registering bean definition for @Bean method org.springframework.boot.autoconfigure.web.WebMvcAutoConfiguration$EnableWebMvcConfiguration.mvcUrlPathHelper()
[DEBUG] 2017-06-04 15:06:41.855 [main] ConfigurationClassBeanDefinitionReader - Registering bean definition for @Bean method org.springframework.boot.autoconfigure.web.WebMvcAutoConfiguration$EnableWebMvcConfiguration.mvcContentNegotiationManager()
[DEBUG] 2017-06-04 15:06:41.856 [main] ConfigurationClassBeanDefinitionReader - Registering bean definition for @Bean method org.springframework.boot.autoconfigure.web.WebMvcAutoConfiguration$EnableWebMvcConfiguration.viewControllerHandlerMapping()
[DEBUG] 2017-06-04 15:06:41.857 [main] ConfigurationClassBeanDefinitionReader - Registering bean definition for @Bean method org.springframework.boot.autoconfigure.web.WebMvcAutoConfiguration$EnableWebMvcConfiguration.beanNameHandlerMapping()
[DEBUG] 2017-06-04 15:06:41.858 [main] ConfigurationClassBeanDefinitionReader - Registering bean definition for @Bean method org.springframework.boot.autoconfigure.web.WebMvcAutoConfiguration$EnableWebMvcConfiguration.resourceHandlerMapping()
[DEBUG] 2017-06-04 15:06:41.861 [main] ConfigurationClassBeanDefinitionReader - Registering bean definition for @Bean method org.springframework.boot.autoconfigure.web.WebMvcAutoConfiguration$EnableWebMvcConfiguration.mvcResourceUrlProvider()
[DEBUG] 2017-06-04 15:06:41.862 [main] ConfigurationClassBeanDefinitionReader - Registering bean definition for @Bean method org.springframework.boot.autoconfigure.web.WebMvcAutoConfiguration$EnableWebMvcConfiguration.defaultServletHandlerMapping()
[DEBUG] 2017-06-04 15:06:41.862 [main] ConfigurationClassBeanDefinitionReader - Registering bean definition for @Bean method org.springframework.boot.autoconfigure.web.WebMvcAutoConfiguration$EnableWebMvcConfiguration.mvcConversionService()
[DEBUG] 2017-06-04 15:06:41.862 [main] ConfigurationClassBeanDefinitionReader - Registering bean definition for @Bean method org.springframework.boot.autoconfigure.web.WebMvcAutoConfiguration$EnableWebMvcConfiguration.mvcValidator()
[DEBUG] 2017-06-04 15:06:41.862 [main] ConfigurationClassBeanDefinitionReader - Registering bean definition for @Bean method org.springframework.boot.autoconfigure.web.WebMvcAutoConfiguration$EnableWebMvcConfiguration.mvcUriComponentsContributor()
[DEBUG] 2017-06-04 15:06:41.862 [main] ConfigurationClassBeanDefinitionReader - Registering bean definition for @Bean method org.springframework.boot.autoconfigure.web.WebMvcAutoConfiguration$EnableWebMvcConfiguration.httpRequestHandlerAdapter()
[DEBUG] 2017-06-04 15:06:41.863 [main] ConfigurationClassBeanDefinitionReader - Registering bean definition for @Bean method org.springframework.boot.autoconfigure.web.WebMvcAutoConfiguration$EnableWebMvcConfiguration.simpleControllerHandlerAdapter()
[DEBUG] 2017-06-04 15:06:41.863 [main] ConfigurationClassBeanDefinitionReader - Registering bean definition for @Bean method org.springframework.boot.autoconfigure.web.WebMvcAutoConfiguration$EnableWebMvcConfiguration.handlerExceptionResolver()
[DEBUG] 2017-06-04 15:06:41.863 [main] ConfigurationClassBeanDefinitionReader - Registering bean definition for @Bean method org.springframework.boot.autoconfigure.web.WebMvcAutoConfiguration$EnableWebMvcConfiguration.mvcViewResolver()
[DEBUG] 2017-06-04 15:06:41.864 [main] DefaultListableBeanFactory - Returning cached instance of singleton bean 'autoConfigurationReport'
[DEBUG] 2017-06-04 15:06:41.864 [main] ConfigurationClassBeanDefinitionReader - Registered bean definition for imported class 'org.springframework.boot.autoconfigure.web.WebMvcAutoConfiguration$WebMvcAutoConfigurationAdapter$FaviconConfiguration'
[DEBUG] 2017-06-04 15:06:41.864 [main] ConfigurationClassBeanDefinitionReader - Registering bean definition for @Bean method org.springframework.boot.autoconfigure.web.WebMvcAutoConfiguration$WebMvcAutoConfigurationAdapter$FaviconConfiguration.faviconHandlerMapping()
[DEBUG] 2017-06-04 15:06:41.864 [main] ConfigurationClassBeanDefinitionReader - Registering bean definition for @Bean method org.springframework.boot.autoconfigure.web.WebMvcAutoConfiguration$WebMvcAutoConfigurationAdapter$FaviconConfiguration.faviconRequestHandler()
[DEBUG] 2017-06-04 15:06:41.866 [main] ConfigurationClassBeanDefinitionReader - Registered bean definition for imported class 'org.springframework.boot.autoconfigure.web.WebMvcAutoConfiguration$WebMvcAutoConfigurationAdapter'
[DEBUG] 2017-06-04 15:06:41.883 [main] DefaultListableBeanFactory - Returning cached instance of singleton bean 'org.springframework.boot.autoconfigure.condition.BeanTypeRegistry'
[DEBUG] 2017-06-04 15:06:41.909 [main] DefaultListableBeanFactory - Returning cached instance of singleton bean 'autoConfigurationReport'
[DEBUG] 2017-06-04 15:06:41.910 [main] ConfigurationClassBeanDefinitionReader - Registering bean definition for @Bean method org.springframework.boot.autoconfigure.web.WebMvcAutoConfiguration$WebMvcAutoConfigurationAdapter.defaultViewResolver()
[DEBUG] 2017-06-04 15:06:41.911 [main] DefaultListableBeanFactory - Returning cached instance of singleton bean 'org.springframework.boot.autoconfigure.condition.BeanTypeRegistry'
[DEBUG] 2017-06-04 15:06:41.912 [main] DefaultListableBeanFactory - Returning cached instance of singleton bean 'autoConfigurationReport'
[DEBUG] 2017-06-04 15:06:41.912 [main] DefaultListableBeanFactory - Returning cached instance of singleton bean 'org.springframework.boot.autoconfigure.condition.BeanTypeRegistry'
[DEBUG] 2017-06-04 15:06:41.913 [main] DefaultListableBeanFactory - Returning cached instance of singleton bean 'org.springframework.boot.autoconfigure.condition.BeanTypeRegistry'
[DEBUG] 2017-06-04 15:06:41.913 [main] DefaultListableBeanFactory - Returning cached instance of singleton bean 'autoConfigurationReport'
[DEBUG] 2017-06-04 15:06:41.913 [main] DefaultListableBeanFactory - Returning cached instance of singleton bean 'org.springframework.boot.autoconfigure.condition.BeanTypeRegistry'
[DEBUG] 2017-06-04 15:06:41.913 [main] DefaultListableBeanFactory - Returning cached instance of singleton bean 'org.springframework.boot.autoconfigure.condition.BeanTypeRegistry'
[DEBUG] 2017-06-04 15:06:41.914 [main] DefaultListableBeanFactory - Returning cached instance of singleton bean 'autoConfigurationReport'
[DEBUG] 2017-06-04 15:06:41.914 [main] ConfigurationClassBeanDefinitionReader - Registering bean definition for @Bean method org.springframework.boot.autoconfigure.web.WebMvcAutoConfiguration$WebMvcAutoConfigurationAdapter.viewResolver()
[DEBUG] 2017-06-04 15:06:41.915 [main] DefaultListableBeanFactory - Returning cached instance of singleton bean 'autoConfigurationReport'
[DEBUG] 2017-06-04 15:06:41.916 [main] DefaultListableBeanFactory - Returning cached instance of singleton bean 'autoConfigurationReport'
[DEBUG] 2017-06-04 15:06:41.916 [main] ConfigurationClassBeanDefinitionReader - Registering bean definition for @Bean method org.springframework.boot.autoconfigure.web.WebMvcAutoConfiguration$WebMvcAutoConfigurationAdapter.welcomePageHandlerMapping()
[DEBUG] 2017-06-04 15:06:41.917 [main] DefaultListableBeanFactory - Returning cached instance of singleton bean 'org.springframework.boot.autoconfigure.condition.BeanTypeRegistry'
[DEBUG] 2017-06-04 15:06:41.917 [main] DefaultListableBeanFactory - Returning cached instance of singleton bean 'org.springframework.boot.autoconfigure.condition.BeanTypeRegistry'
[DEBUG] 2017-06-04 15:06:41.918 [main] DefaultListableBeanFactory - Returning cached instance of singleton bean 'autoConfigurationReport'
[DEBUG] 2017-06-04 15:06:41.918 [main] ConfigurationClassBeanDefinitionReader - Registering bean definition for @Bean method org.springframework.boot.autoconfigure.web.WebMvcAutoConfiguration$WebMvcAutoConfigurationAdapter.requestContextFilter()
[DEBUG] 2017-06-04 15:06:41.923 [main] ConfigurationClassBeanDefinitionReader - Registered bean definition for imported class 'org.springframework.boot.autoconfigure.web.WebMvcAutoConfiguration'
[DEBUG] 2017-06-04 15:06:41.923 [main] DefaultListableBeanFactory - Returning cached instance of singleton bean 'org.springframework.boot.autoconfigure.condition.BeanTypeRegistry'
[DEBUG] 2017-06-04 15:06:41.925 [main] DefaultListableBeanFactory - Returning cached instance of singleton bean 'autoConfigurationReport'
[DEBUG] 2017-06-04 15:06:41.925 [main] ConfigurationClassBeanDefinitionReader - Registering bean definition for @Bean method org.springframework.boot.autoconfigure.web.WebMvcAutoConfiguration.hiddenHttpMethodFilter()
[DEBUG] 2017-06-04 15:06:41.926 [main] DefaultListableBeanFactory - Returning cached instance of singleton bean 'autoConfigurationReport'
[DEBUG] 2017-06-04 15:06:41.927 [main] DefaultListableBeanFactory - Returning cached instance of singleton bean 'org.springframework.boot.autoconfigure.condition.BeanTypeRegistry'
[DEBUG] 2017-06-04 15:06:41.929 [main] DefaultListableBeanFactory - Returning cached instance of singleton bean 'autoConfigurationReport'
[DEBUG] 2017-06-04 15:06:41.929 [main] ConfigurationClassBeanDefinitionReader - Registering bean definition for @Bean method org.springframework.boot.autoconfigure.web.WebMvcAutoConfiguration.httpPutFormContentFilter()
[DEBUG] 2017-06-04 15:06:41.929 [main] DefaultListableBeanFactory - Returning cached instance of singleton bean 'autoConfigurationReport'
[DEBUG] 2017-06-04 15:06:41.931 [main] DefaultListableBeanFactory - Returning cached instance of singleton bean 'org.springframework.boot.autoconfigure.condition.BeanTypeRegistry'
[DEBUG] 2017-06-04 15:06:41.932 [main] DefaultListableBeanFactory - Returning cached instance of singleton bean 'autoConfigurationReport'
[DEBUG] 2017-06-04 15:06:41.932 [main] DefaultListableBeanFactory - Returning cached instance of singleton bean 'autoConfigurationReport'
[DEBUG] 2017-06-04 15:06:41.933 [main] ConfigurationClassBeanDefinitionReader - Registered bean definition for imported class 'org.springframework.boot.autoconfigure.gson.GsonAutoConfiguration'
[DEBUG] 2017-06-04 15:06:41.933 [main] DefaultListableBeanFactory - Returning cached instance of singleton bean 'org.springframework.boot.autoconfigure.condition.BeanTypeRegistry'
[DEBUG] 2017-06-04 15:06:41.934 [main] DefaultListableBeanFactory - Returning cached instance of singleton bean 'autoConfigurationReport'
[DEBUG] 2017-06-04 15:06:41.934 [main] ConfigurationClassBeanDefinitionReader - Registering bean definition for @Bean method org.springframework.boot.autoconfigure.gson.GsonAutoConfiguration.gson()
[DEBUG] 2017-06-04 15:06:41.934 [main] DefaultListableBeanFactory - Returning cached instance of singleton bean 'autoConfigurationReport'
[DEBUG] 2017-06-04 15:06:41.935 [main] DefaultListableBeanFactory - Returning cached instance of singleton bean 'autoConfigurationReport'
[DEBUG] 2017-06-04 15:06:41.935 [main] ConfigurationClassBeanDefinitionReader - Registered bean definition for imported class 'org.springframework.boot.autoconfigure.jackson.JacksonAutoConfiguration$Jackson2ObjectMapperBuilderCustomizerConfiguration'
[DEBUG] 2017-06-04 15:06:41.935 [main] ConfigurationClassBeanDefinitionReader - Registering bean definition for @Bean method org.springframework.boot.autoconfigure.jackson.JacksonAutoConfiguration$Jackson2ObjectMapperBuilderCustomizerConfiguration.standardJacksonObjectMapperBuilderCustomizer()
[DEBUG] 2017-06-04 15:06:41.936 [main] DefaultListableBeanFactory - Returning cached instance of singleton bean 'autoConfigurationReport'
[DEBUG] 2017-06-04 15:06:41.936 [main] ConfigurationClassBeanDefinitionReader - Registered bean definition for imported class 'org.springframework.boot.autoconfigure.jackson.JacksonAutoConfiguration$JacksonObjectMapperBuilderConfiguration'
[DEBUG] 2017-06-04 15:06:41.936 [main] DefaultListableBeanFactory - Returning cached instance of singleton bean 'org.springframework.boot.autoconfigure.condition.BeanTypeRegistry'
[DEBUG] 2017-06-04 15:06:41.939 [main] DefaultListableBeanFactory - Returning cached instance of singleton bean 'autoConfigurationReport'
[DEBUG] 2017-06-04 15:06:41.946 [main] ConfigurationClassBeanDefinitionReader - Registering bean definition for @Bean method org.springframework.boot.autoconfigure.jackson.JacksonAutoConfiguration$JacksonObjectMapperBuilderConfiguration.jacksonObjectMapperBuilder()
[DEBUG] 2017-06-04 15:06:41.946 [main] DefaultListableBeanFactory - Returning cached instance of singleton bean 'autoConfigurationReport'
[DEBUG] 2017-06-04 15:06:41.947 [main] ConfigurationClassBeanDefinitionReader - Registered bean definition for imported class 'org.springframework.boot.autoconfigure.jackson.JacksonAutoConfiguration$JacksonObjectMapperConfiguration'
[DEBUG] 2017-06-04 15:06:41.955 [main] DefaultListableBeanFactory - Returning cached instance of singleton bean 'org.springframework.boot.autoconfigure.condition.BeanTypeRegistry'
[DEBUG] 2017-06-04 15:06:41.956 [main] DefaultListableBeanFactory - Returning cached instance of singleton bean 'autoConfigurationReport'
[DEBUG] 2017-06-04 15:06:41.957 [main] ConfigurationClassBeanDefinitionReader - Registering bean definition for @Bean method org.springframework.boot.autoconfigure.jackson.JacksonAutoConfiguration$JacksonObjectMapperConfiguration.jacksonObjectMapper()
[DEBUG] 2017-06-04 15:06:41.957 [main] ConfigurationClassBeanDefinitionReader - Registered bean definition for imported class 'org.springframework.boot.autoconfigure.jackson.JacksonAutoConfiguration'
[DEBUG] 2017-06-04 15:06:41.957 [main] ConfigurationClassBeanDefinitionReader - Registering bean definition for @Bean method org.springframework.boot.autoconfigure.jackson.JacksonAutoConfiguration.jsonComponentModule()
[DEBUG] 2017-06-04 15:06:41.958 [main] DefaultListableBeanFactory - Returning cached instance of singleton bean 'autoConfigurationReport'
[DEBUG] 2017-06-04 15:06:41.959 [main] DefaultListableBeanFactory - Returning cached instance of singleton bean 'autoConfigurationReport'
[DEBUG] 2017-06-04 15:06:41.959 [main] ConfigurationClassBeanDefinitionReader - Registered bean definition for imported class 'org.springframework.boot.autoconfigure.web.HttpMessageConvertersAutoConfiguration$StringHttpMessageConverterConfiguration'
[DEBUG] 2017-06-04 15:06:41.960 [main] DefaultListableBeanFactory - Returning cached instance of singleton bean 'org.springframework.boot.autoconfigure.condition.BeanTypeRegistry'
[DEBUG] 2017-06-04 15:06:41.962 [main] DefaultListableBeanFactory - Returning cached instance of singleton bean 'autoConfigurationReport'
[DEBUG] 2017-06-04 15:06:41.962 [main] ConfigurationClassBeanDefinitionReader - Registering bean definition for @Bean method org.springframework.boot.autoconfigure.web.HttpMessageConvertersAutoConfiguration$StringHttpMessageConverterConfiguration.stringHttpMessageConverter()
[DEBUG] 2017-06-04 15:06:41.963 [main] DefaultListableBeanFactory - Returning cached instance of singleton bean 'autoConfigurationReport'
[DEBUG] 2017-06-04 15:06:41.963 [main] DefaultListableBeanFactory - Returning cached instance of singleton bean 'autoConfigurationReport'
[DEBUG] 2017-06-04 15:06:41.964 [main] DefaultListableBeanFactory - Returning cached instance of singleton bean 'org.springframework.boot.autoconfigure.condition.BeanTypeRegistry'
[DEBUG] 2017-06-04 15:06:41.964 [main] DefaultListableBeanFactory - Returning cached instance of singleton bean 'autoConfigurationReport'
[DEBUG] 2017-06-04 15:06:41.964 [main] ConfigurationClassBeanDefinitionReader - Registered bean definition for imported class 'org.springframework.boot.autoconfigure.web.JacksonHttpMessageConvertersConfiguration$MappingJackson2HttpMessageConverterConfiguration'
[DEBUG] 2017-06-04 15:06:41.965 [main] DefaultListableBeanFactory - Returning cached instance of singleton bean 'org.springframework.boot.autoconfigure.condition.BeanTypeRegistry'
[DEBUG] 2017-06-04 15:06:41.966 [main] DefaultListableBeanFactory - Returning cached instance of singleton bean 'org.springframework.boot.autoconfigure.condition.BeanTypeRegistry'
[DEBUG] 2017-06-04 15:06:41.966 [main] DefaultListableBeanFactory - Returning cached instance of singleton bean 'autoConfigurationReport'
[DEBUG] 2017-06-04 15:06:41.966 [main] ConfigurationClassBeanDefinitionReader - Registering bean definition for @Bean method org.springframework.boot.autoconfigure.web.JacksonHttpMessageConvertersConfiguration$MappingJackson2HttpMessageConverterConfiguration.mappingJackson2HttpMessageConverter()
[DEBUG] 2017-06-04 15:06:41.967 [main] ConfigurationClassBeanDefinitionReader - Registered bean definition for imported class 'org.springframework.boot.autoconfigure.web.JacksonHttpMessageConvertersConfiguration'
[DEBUG] 2017-06-04 15:06:41.967 [main] DefaultListableBeanFactory - Returning cached instance of singleton bean 'autoConfigurationReport'
[DEBUG] 2017-06-04 15:06:41.970 [main] DefaultListableBeanFactory - Returning cached instance of singleton bean 'org.springframework.boot.autoconfigure.condition.BeanTypeRegistry'
[DEBUG] 2017-06-04 15:06:41.971 [main] DefaultListableBeanFactory - Returning cached instance of singleton bean 'autoConfigurationReport'
[DEBUG] 2017-06-04 15:06:41.972 [main] ConfigurationClassBeanDefinitionReader - Registered bean definition for imported class 'org.springframework.boot.autoconfigure.web.GsonHttpMessageConvertersConfiguration'
[DEBUG] 2017-06-04 15:06:41.972 [main] ConfigurationClassBeanDefinitionReader - Registered bean definition for imported class 'org.springframework.boot.autoconfigure.web.HttpMessageConvertersAutoConfiguration'
[DEBUG] 2017-06-04 15:06:41.974 [main] DefaultListableBeanFactory - Returning cached instance of singleton bean 'org.springframework.boot.autoconfigure.condition.BeanTypeRegistry'
[DEBUG] 2017-06-04 15:06:41.974 [main] DefaultListableBeanFactory - Returning cached instance of singleton bean 'autoConfigurationReport'
[DEBUG] 2017-06-04 15:06:41.975 [main] ConfigurationClassBeanDefinitionReader - Registering bean definition for @Bean method org.springframework.boot.autoconfigure.web.HttpMessageConvertersAutoConfiguration.messageConverters()
[DEBUG] 2017-06-04 15:06:41.975 [main] DefaultListableBeanFactory - Returning cached instance of singleton bean 'autoConfigurationReport'
[DEBUG] 2017-06-04 15:06:41.975 [main] DefaultListableBeanFactory - Returning cached instance of singleton bean 'autoConfigurationReport'
[DEBUG] 2017-06-04 15:06:41.976 [main] DefaultListableBeanFactory - Returning cached instance of singleton bean 'org.springframework.boot.autoconfigure.condition.BeanTypeRegistry'
[DEBUG] 2017-06-04 15:06:41.976 [main] DefaultListableBeanFactory - Returning cached instance of singleton bean 'autoConfigurationReport'
[DEBUG] 2017-06-04 15:06:41.977 [main] ConfigurationClassBeanDefinitionReader - Registered bean definition for imported class 'org.springframework.boot.autoconfigure.hateoas.HypermediaAutoConfiguration$EntityLinksConfiguration'
[DEBUG] 2017-06-04 15:06:41.982 [main] DefaultListableBeanFactory - Returning cached instance of singleton bean 'org.springframework.boot.autoconfigure.condition.BeanTypeRegistry'
[DEBUG] 2017-06-04 15:06:41.985 [main] DefaultListableBeanFactory - Returning cached instance of singleton bean 'autoConfigurationReport'
[DEBUG] 2017-06-04 15:06:41.985 [main] ConfigurationClassBeanDefinitionReader - Registered bean definition for imported class 'org.springframework.hateoas.config.HateoasConfiguration'
[DEBUG] 2017-06-04 15:06:41.985 [main] ConfigurationClassBeanDefinitionReader - Registering bean definition for @Bean method org.springframework.hateoas.config.HateoasConfiguration.linkRelationMessageSource()
[DEBUG] 2017-06-04 15:06:41.986 [main] ConfigurationClassBeanDefinitionReader - Registered bean definition for imported class 'org.springframework.boot.autoconfigure.hateoas.HypermediaAutoConfiguration$HypermediaConfiguration'
[DEBUG] 2017-06-04 15:06:41.986 [main] ConfigurationClassBeanDefinitionReader - Registering bean definition for @Bean method org.springframework.boot.autoconfigure.hateoas.HypermediaAutoConfiguration$HypermediaConfiguration.halObjectMapperConfigurer()
[DEBUG] 2017-06-04 15:06:41.987 [main] DefaultListableBeanFactory - Overriding bean definition for bean 'entityLinksPluginRegistry' with an equivalent definition: replacing [Root bean: class [org.springframework.plugin.core.support.PluginRegistryFactoryBean]; scope=; abstract=false; lazyInit=false; autowireMode=0; dependencyCheck=0; autowireCandidate=true; primary=false; factoryBeanName=null; factoryMethodName=null; initMethodName=null; destroyMethodName=null] with [Root bean: class [org.springframework.plugin.core.support.PluginRegistryFactoryBean]; scope=; abstract=false; lazyInit=false; autowireMode=0; dependencyCheck=0; autowireCandidate=true; primary=false; factoryBeanName=null; factoryMethodName=null; initMethodName=null; destroyMethodName=null]
[DEBUG] 2017-06-04 15:06:41.987 [main] DefaultListableBeanFactory - Overriding bean definition for bean 'controllerEntityLinks' with an equivalent definition: replacing [Root bean: class [org.springframework.hateoas.core.ControllerEntityLinksFactoryBean]; scope=; abstract=false; lazyInit=false; autowireMode=0; dependencyCheck=0; autowireCandidate=true; primary=false; factoryBeanName=null; factoryMethodName=null; initMethodName=null; destroyMethodName=null] with [Root bean: class [org.springframework.hateoas.core.ControllerEntityLinksFactoryBean]; scope=; abstract=false; lazyInit=false; autowireMode=0; dependencyCheck=0; autowireCandidate=true; primary=false; factoryBeanName=null; factoryMethodName=null; initMethodName=null; destroyMethodName=null]
[DEBUG] 2017-06-04 15:06:41.988 [main] DefaultListableBeanFactory - Overriding bean definition for bean 'delegatingEntityLinks' with an equivalent definition: replacing [Root bean: class [org.springframework.hateoas.core.DelegatingEntityLinks]; scope=; abstract=false; lazyInit=false; autowireMode=0; dependencyCheck=0; autowireCandidate=true; primary=true; factoryBeanName=null; factoryMethodName=null; initMethodName=null; destroyMethodName=null] with [Root bean: class [org.springframework.hateoas.core.DelegatingEntityLinks]; scope=; abstract=false; lazyInit=false; autowireMode=0; dependencyCheck=0; autowireCandidate=true; primary=true; factoryBeanName=null; factoryMethodName=null; initMethodName=null; destroyMethodName=null]
[DEBUG] 2017-06-04 15:06:41.991 [main] ConfigurationClassBeanDefinitionReader - Registered bean definition for imported class 'org.springframework.boot.autoconfigure.hateoas.HypermediaHttpMessageConverterConfiguration'
[DEBUG] 2017-06-04 15:06:41.992 [main] DefaultListableBeanFactory - Returning cached instance of singleton bean 'autoConfigurationReport'
[DEBUG] 2017-06-04 15:06:41.993 [main] ConfigurationClassBeanDefinitionReader - Registering bean definition for @Bean method org.springframework.boot.autoconfigure.hateoas.HypermediaHttpMessageConverterConfiguration.halMessageConverterSupportedMediaTypeCustomizer()
[DEBUG] 2017-06-04 15:06:41.994 [main] ConfigurationClassBeanDefinitionReader - Registered bean definition for imported class 'org.springframework.boot.autoconfigure.hateoas.HypermediaAutoConfiguration'
[DEBUG] 2017-06-04 15:06:41.994 [main] DefaultListableBeanFactory - Returning cached instance of singleton bean 'autoConfigurationReport'
[DEBUG] 2017-06-04 15:06:41.995 [main] ConfigurationClassBeanDefinitionReader - Registered bean definition for imported class 'org.springframework.boot.test.autoconfigure.web.servlet.MockMvcAutoConfiguration'
[DEBUG] 2017-06-04 15:06:41.995 [main] DefaultListableBeanFactory - Returning cached instance of singleton bean 'org.springframework.boot.autoconfigure.condition.BeanTypeRegistry'
[DEBUG] 2017-06-04 15:06:42.000 [main] DefaultListableBeanFactory - Returning cached instance of singleton bean 'autoConfigurationReport'
[DEBUG] 2017-06-04 15:06:42.000 [main] ConfigurationClassBeanDefinitionReader - Registering bean definition for @Bean method org.springframework.boot.test.autoconfigure.web.servlet.MockMvcAutoConfiguration.mockMvcBuilder()
[DEBUG] 2017-06-04 15:06:42.001 [main] ConfigurationClassBeanDefinitionReader - Registering bean definition for @Bean method org.springframework.boot.test.autoconfigure.web.servlet.MockMvcAutoConfiguration.springBootMockMvcBuilderCustomizer()
[DEBUG] 2017-06-04 15:06:42.004 [main] DefaultListableBeanFactory - Returning cached instance of singleton bean 'org.springframework.boot.autoconfigure.condition.BeanTypeRegistry'
[DEBUG] 2017-06-04 15:06:42.005 [main] DefaultListableBeanFactory - Returning cached instance of singleton bean 'autoConfigurationReport'
[DEBUG] 2017-06-04 15:06:42.005 [main] ConfigurationClassBeanDefinitionReader - Registering bean definition for @Bean method org.springframework.boot.test.autoconfigure.web.servlet.MockMvcAutoConfiguration.mockMvc()
[DEBUG] 2017-06-04 15:06:42.006 [main] PropertySourcesPropertyResolver - Found key 'spring.test.mockmvc.secure' in [Annotations] with type [Boolean]
[DEBUG] 2017-06-04 15:06:42.006 [main] DefaultListableBeanFactory - Returning cached instance of singleton bean 'autoConfigurationReport'
[DEBUG] 2017-06-04 15:06:42.007 [main] DefaultListableBeanFactory - Returning cached instance of singleton bean 'autoConfigurationReport'
[DEBUG] 2017-06-04 15:06:42.007 [main] ConfigurationClassBeanDefinitionReader - Registered bean definition for imported class 'org.springframework.boot.autoconfigure.web.ServerPropertiesAutoConfiguration'
[DEBUG] 2017-06-04 15:06:42.009 [main] DefaultListableBeanFactory - Returning cached instance of singleton bean 'org.springframework.boot.autoconfigure.condition.BeanTypeRegistry'
[DEBUG] 2017-06-04 15:06:42.011 [main] DefaultListableBeanFactory - Returning cached instance of singleton bean 'autoConfigurationReport'
[DEBUG] 2017-06-04 15:06:42.011 [main] ConfigurationClassBeanDefinitionReader - Registering bean definition for @Bean method org.springframework.boot.autoconfigure.web.ServerPropertiesAutoConfiguration.serverProperties()
[DEBUG] 2017-06-04 15:06:42.011 [main] ConfigurationClassBeanDefinitionReader - Registering bean definition for @Bean method org.springframework.boot.autoconfigure.web.ServerPropertiesAutoConfiguration.duplicateServerPropertiesDetector()
[DEBUG] 2017-06-04 15:06:42.013 [main] ConfigurationClassBeanDefinitionReader - Registered bean definition for imported class 'org.springframework.boot.test.autoconfigure.web.servlet.MockMvcSecurityAutoConfiguration'
[DEBUG] 2017-06-04 15:06:42.043 [main] DefaultListableBeanFactory - Creating shared instance of singleton bean 'org.springframework.boot.test.context.ImportsContextCustomizer$ImportsCleanupPostProcessor'
[DEBUG] 2017-06-04 15:06:42.043 [main] DefaultListableBeanFactory - Creating instance of bean 'org.springframework.boot.test.context.ImportsContextCustomizer$ImportsCleanupPostProcessor'
[DEBUG] 2017-06-04 15:06:42.044 [main] DefaultListableBeanFactory - Eagerly caching bean 'org.springframework.boot.test.context.ImportsContextCustomizer$ImportsCleanupPostProcessor' to allow for resolving potential circular references
[DEBUG] 2017-06-04 15:06:42.044 [main] DefaultListableBeanFactory - Finished creating instance of bean 'org.springframework.boot.test.context.ImportsContextCustomizer$ImportsCleanupPostProcessor'
[DEBUG] 2017-06-04 15:06:42.122 [main] ConfigurationClassEnhancer - Successfully enhanced com.stackroute.ng2boot.Ng2bootApplication; enhanced class name is: com.stackroute.ng2boot.Ng2bootApplication$$EnhancerBySpringCGLIB$$2d67f579
[DEBUG] 2017-06-04 15:06:42.122 [main] ConfigurationClassPostProcessor - Replacing bean definition 'ng2bootApplication' existing class 'com.stackroute.ng2boot.Ng2bootApplication' with enhanced class 'com.stackroute.ng2boot.Ng2bootApplication$$EnhancerBySpringCGLIB$$2d67f579'
[DEBUG] 2017-06-04 15:06:42.139 [main] ConfigurationClassEnhancer - Successfully enhanced org.springframework.boot.autoconfigure.web.WebMvcAutoConfiguration$EnableWebMvcConfiguration; enhanced class name is: org.springframework.boot.autoconfigure.web.WebMvcAutoConfiguration$EnableWebMvcConfiguration$$EnhancerBySpringCGLIB$$3221c155
[DEBUG] 2017-06-04 15:06:42.139 [main] ConfigurationClassPostProcessor - Replacing bean definition 'org.springframework.boot.autoconfigure.web.WebMvcAutoConfiguration$EnableWebMvcConfiguration' existing class 'org.springframework.boot.autoconfigure.web.WebMvcAutoConfiguration$EnableWebMvcConfiguration' with enhanced class 'org.springframework.boot.autoconfigure.web.WebMvcAutoConfiguration$EnableWebMvcConfiguration$$EnhancerBySpringCGLIB$$3221c155'
[DEBUG] 2017-06-04 15:06:42.143 [main] ConfigurationClassEnhancer - Successfully enhanced org.springframework.boot.autoconfigure.web.WebMvcAutoConfiguration$WebMvcAutoConfigurationAdapter$FaviconConfiguration; enhanced class name is: org.springframework.boot.autoconfigure.web.WebMvcAutoConfiguration$WebMvcAutoConfigurationAdapter$FaviconConfiguration$$EnhancerBySpringCGLIB$$13114b40
[DEBUG] 2017-06-04 15:06:42.143 [main] ConfigurationClassPostProcessor - Replacing bean definition 'org.springframework.boot.autoconfigure.web.WebMvcAutoConfiguration$WebMvcAutoConfigurationAdapter$FaviconConfiguration' existing class 'org.springframework.boot.autoconfigure.web.WebMvcAutoConfiguration$WebMvcAutoConfigurationAdapter$FaviconConfiguration' with enhanced class 'org.springframework.boot.autoconfigure.web.WebMvcAutoConfiguration$WebMvcAutoConfigurationAdapter$FaviconConfiguration$$EnhancerBySpringCGLIB$$13114b40'
[DEBUG] 2017-06-04 15:06:42.151 [main] ConfigurationClassEnhancer - Successfully enhanced org.springframework.boot.autoconfigure.web.WebMvcAutoConfiguration$WebMvcAutoConfigurationAdapter; enhanced class name is: org.springframework.boot.autoconfigure.web.WebMvcAutoConfiguration$WebMvcAutoConfigurationAdapter$$EnhancerBySpringCGLIB$$c5f776c8
[DEBUG] 2017-06-04 15:06:42.151 [main] ConfigurationClassPostProcessor - Replacing bean definition 'org.springframework.boot.autoconfigure.web.WebMvcAutoConfiguration$WebMvcAutoConfigurationAdapter' existing class 'org.springframework.boot.autoconfigure.web.WebMvcAutoConfiguration$WebMvcAutoConfigurationAdapter' with enhanced class 'org.springframework.boot.autoconfigure.web.WebMvcAutoConfiguration$WebMvcAutoConfigurationAdapter$$EnhancerBySpringCGLIB$$c5f776c8'
[DEBUG] 2017-06-04 15:06:42.152 [main] ConfigurationClassEnhancer - Successfully enhanced org.springframework.boot.autoconfigure.web.WebMvcAutoConfiguration$WebMvcAutoConfigurationAdapter; enhanced class name is: org.springframework.boot.autoconfigure.web.WebMvcAutoConfiguration$WebMvcAutoConfigurationAdapter$$EnhancerBySpringCGLIB$$c5f776c8
[DEBUG] 2017-06-04 15:06:42.152 [main] ConfigurationClassPostProcessor - Replacing bean definition 'requestContextFilter' existing class 'org.springframework.boot.autoconfigure.web.WebMvcAutoConfiguration$WebMvcAutoConfigurationAdapter' with enhanced class 'org.springframework.boot.autoconfigure.web.WebMvcAutoConfiguration$WebMvcAutoConfigurationAdapter$$EnhancerBySpringCGLIB$$c5f776c8'
[DEBUG] 2017-06-04 15:06:42.154 [main] ConfigurationClassEnhancer - Successfully enhanced org.springframework.boot.autoconfigure.web.WebMvcAutoConfiguration; enhanced class name is: org.springframework.boot.autoconfigure.web.WebMvcAutoConfiguration$$EnhancerBySpringCGLIB$$4a31088c
[DEBUG] 2017-06-04 15:06:42.154 [main] ConfigurationClassPostProcessor - Replacing bean definition 'org.springframework.boot.autoconfigure.web.WebMvcAutoConfiguration' existing class 'org.springframework.boot.autoconfigure.web.WebMvcAutoConfiguration' with enhanced class 'org.springframework.boot.autoconfigure.web.WebMvcAutoConfiguration$$EnhancerBySpringCGLIB$$4a31088c'
[DEBUG] 2017-06-04 15:06:42.156 [main] ConfigurationClassEnhancer - Successfully enhanced org.springframework.boot.autoconfigure.gson.GsonAutoConfiguration; enhanced class name is: org.springframework.boot.autoconfigure.gson.GsonAutoConfiguration$$EnhancerBySpringCGLIB$$19af32d6
[DEBUG] 2017-06-04 15:06:42.156 [main] ConfigurationClassPostProcessor - Replacing bean definition 'org.springframework.boot.autoconfigure.gson.GsonAutoConfiguration' existing class 'org.springframework.boot.autoconfigure.gson.GsonAutoConfiguration' with enhanced class 'org.springframework.boot.autoconfigure.gson.GsonAutoConfiguration$$EnhancerBySpringCGLIB$$19af32d6'
[DEBUG] 2017-06-04 15:06:42.159 [main] ConfigurationClassEnhancer - Successfully enhanced org.springframework.boot.autoconfigure.jackson.JacksonAutoConfiguration$Jackson2ObjectMapperBuilderCustomizerConfiguration; enhanced class name is: org.springframework.boot.autoconfigure.jackson.JacksonAutoConfiguration$Jackson2ObjectMapperBuilderCustomizerConfiguration$$EnhancerBySpringCGLIB$$a3eb46e5
[DEBUG] 2017-06-04 15:06:42.160 [main] ConfigurationClassPostProcessor - Replacing bean definition 'org.springframework.boot.autoconfigure.jackson.JacksonAutoConfiguration$Jackson2ObjectMapperBuilderCustomizerConfiguration' existing class 'org.springframework.boot.autoconfigure.jackson.JacksonAutoConfiguration$Jackson2ObjectMapperBuilderCustomizerConfiguration' with enhanced class 'org.springframework.boot.autoconfigure.jackson.JacksonAutoConfiguration$Jackson2ObjectMapperBuilderCustomizerConfiguration$$EnhancerBySpringCGLIB$$a3eb46e5'
[DEBUG] 2017-06-04 15:06:42.163 [main] ConfigurationClassEnhancer - Successfully enhanced org.springframework.boot.autoconfigure.jackson.JacksonAutoConfiguration$JacksonObjectMapperBuilderConfiguration; enhanced class name is: org.springframework.boot.autoconfigure.jackson.JacksonAutoConfiguration$JacksonObjectMapperBuilderConfiguration$$EnhancerBySpringCGLIB$$e8d460f6
[DEBUG] 2017-06-04 15:06:42.163 [main] ConfigurationClassPostProcessor - Replacing bean definition 'org.springframework.boot.autoconfigure.jackson.JacksonAutoConfiguration$JacksonObjectMapperBuilderConfiguration' existing class 'org.springframework.boot.autoconfigure.jackson.JacksonAutoConfiguration$JacksonObjectMapperBuilderConfiguration' with enhanced class 'org.springframework.boot.autoconfigure.jackson.JacksonAutoConfiguration$JacksonObjectMapperBuilderConfiguration$$EnhancerBySpringCGLIB$$e8d460f6'
[DEBUG] 2017-06-04 15:06:42.166 [main] ConfigurationClassEnhancer - Successfully enhanced org.springframework.boot.autoconfigure.jackson.JacksonAutoConfiguration$JacksonObjectMapperConfiguration; enhanced class name is: org.springframework.boot.autoconfigure.jackson.JacksonAutoConfiguration$JacksonObjectMapperConfiguration$$EnhancerBySpringCGLIB$$36879edd
[DEBUG] 2017-06-04 15:06:42.167 [main] ConfigurationClassPostProcessor - Replacing bean definition 'org.springframework.boot.autoconfigure.jackson.JacksonAutoConfiguration$JacksonObjectMapperConfiguration' existing class 'org.springframework.boot.autoconfigure.jackson.JacksonAutoConfiguration$JacksonObjectMapperConfiguration' with enhanced class 'org.springframework.boot.autoconfigure.jackson.JacksonAutoConfiguration$JacksonObjectMapperConfiguration$$EnhancerBySpringCGLIB$$36879edd'
[DEBUG] 2017-06-04 15:06:42.170 [main] ConfigurationClassEnhancer - Successfully enhanced org.springframework.boot.autoconfigure.jackson.JacksonAutoConfiguration; enhanced class name is: org.springframework.boot.autoconfigure.jackson.JacksonAutoConfiguration$$EnhancerBySpringCGLIB$$18933c6c
[DEBUG] 2017-06-04 15:06:42.170 [main] ConfigurationClassPostProcessor - Replacing bean definition 'org.springframework.boot.autoconfigure.jackson.JacksonAutoConfiguration' existing class 'org.springframework.boot.autoconfigure.jackson.JacksonAutoConfiguration' with enhanced class 'org.springframework.boot.autoconfigure.jackson.JacksonAutoConfiguration$$EnhancerBySpringCGLIB$$18933c6c'
[DEBUG] 2017-06-04 15:06:42.173 [main] ConfigurationClassEnhancer - Successfully enhanced org.springframework.boot.autoconfigure.web.HttpMessageConvertersAutoConfiguration$StringHttpMessageConverterConfiguration; enhanced class name is: org.springframework.boot.autoconfigure.web.HttpMessageConvertersAutoConfiguration$StringHttpMessageConverterConfiguration$$EnhancerBySpringCGLIB$$2822484c
[DEBUG] 2017-06-04 15:06:42.173 [main] ConfigurationClassPostProcessor - Replacing bean definition 'org.springframework.boot.autoconfigure.web.HttpMessageConvertersAutoConfiguration$StringHttpMessageConverterConfiguration' existing class 'org.springframework.boot.autoconfigure.web.HttpMessageConvertersAutoConfiguration$StringHttpMessageConverterConfiguration' with enhanced class 'org.springframework.boot.autoconfigure.web.HttpMessageConvertersAutoConfiguration$StringHttpMessageConverterConfiguration$$EnhancerBySpringCGLIB$$2822484c'
[DEBUG] 2017-06-04 15:06:42.177 [main] ConfigurationClassEnhancer - Successfully enhanced org.springframework.boot.autoconfigure.web.JacksonHttpMessageConvertersConfiguration$MappingJackson2HttpMessageConverterConfiguration; enhanced class name is: org.springframework.boot.autoconfigure.web.JacksonHttpMessageConvertersConfiguration$MappingJackson2HttpMessageConverterConfiguration$$EnhancerBySpringCGLIB$$b630724c
[DEBUG] 2017-06-04 15:06:42.177 [main] ConfigurationClassPostProcessor - Replacing bean definition 'org.springframework.boot.autoconfigure.web.JacksonHttpMessageConvertersConfiguration$MappingJackson2HttpMessageConverterConfiguration' existing class 'org.springframework.boot.autoconfigure.web.JacksonHttpMessageConvertersConfiguration$MappingJackson2HttpMessageConverterConfiguration' with enhanced class 'org.springframework.boot.autoconfigure.web.JacksonHttpMessageConvertersConfiguration$MappingJackson2HttpMessageConverterConfiguration$$EnhancerBySpringCGLIB$$b630724c'
[DEBUG] 2017-06-04 15:06:42.180 [main] ConfigurationClassEnhancer - Successfully enhanced org.springframework.boot.autoconfigure.web.JacksonHttpMessageConvertersConfiguration; enhanced class name is: org.springframework.boot.autoconfigure.web.JacksonHttpMessageConvertersConfiguration$$EnhancerBySpringCGLIB$$491e0ac2
[DEBUG] 2017-06-04 15:06:42.180 [main] ConfigurationClassPostProcessor - Replacing bean definition 'org.springframework.boot.autoconfigure.web.JacksonHttpMessageConvertersConfiguration' existing class 'org.springframework.boot.autoconfigure.web.JacksonHttpMessageConvertersConfiguration' with enhanced class 'org.springframework.boot.autoconfigure.web.JacksonHttpMessageConvertersConfiguration$$EnhancerBySpringCGLIB$$491e0ac2'
[DEBUG] 2017-06-04 15:06:42.183 [main] ConfigurationClassEnhancer - Successfully enhanced org.springframework.boot.autoconfigure.web.GsonHttpMessageConvertersConfiguration; enhanced class name is: org.springframework.boot.autoconfigure.web.GsonHttpMessageConvertersConfiguration$$EnhancerBySpringCGLIB$$b6298886
[DEBUG] 2017-06-04 15:06:42.183 [main] ConfigurationClassPostProcessor - Replacing bean definition 'org.springframework.boot.autoconfigure.web.GsonHttpMessageConvertersConfiguration' existing class 'org.springframework.boot.autoconfigure.web.GsonHttpMessageConvertersConfiguration' with enhanced class 'org.springframework.boot.autoconfigure.web.GsonHttpMessageConvertersConfiguration$$EnhancerBySpringCGLIB$$b6298886'
[DEBUG] 2017-06-04 15:06:42.186 [main] ConfigurationClassEnhancer - Successfully enhanced org.springframework.boot.autoconfigure.web.HttpMessageConvertersAutoConfiguration; enhanced class name is: org.springframework.boot.autoconfigure.web.HttpMessageConvertersAutoConfiguration$$EnhancerBySpringCGLIB$$6bac3dac
[DEBUG] 2017-06-04 15:06:42.186 [main] ConfigurationClassPostProcessor - Replacing bean definition 'org.springframework.boot.autoconfigure.web.HttpMessageConvertersAutoConfiguration' existing class 'org.springframework.boot.autoconfigure.web.HttpMessageConvertersAutoConfiguration' with enhanced class 'org.springframework.boot.autoconfigure.web.HttpMessageConvertersAutoConfiguration$$EnhancerBySpringCGLIB$$6bac3dac'
[DEBUG] 2017-06-04 15:06:42.189 [main] ConfigurationClassEnhancer - Successfully enhanced org.springframework.boot.autoconfigure.hateoas.HypermediaAutoConfiguration$EntityLinksConfiguration; enhanced class name is: org.springframework.boot.autoconfigure.hateoas.HypermediaAutoConfiguration$EntityLinksConfiguration$$EnhancerBySpringCGLIB$$a4aa7529
[DEBUG] 2017-06-04 15:06:42.189 [main] ConfigurationClassPostProcessor - Replacing bean definition 'org.springframework.boot.autoconfigure.hateoas.HypermediaAutoConfiguration$EntityLinksConfiguration' existing class 'org.springframework.boot.autoconfigure.hateoas.HypermediaAutoConfiguration$EntityLinksConfiguration' with enhanced class 'org.springframework.boot.autoconfigure.hateoas.HypermediaAutoConfiguration$EntityLinksConfiguration$$EnhancerBySpringCGLIB$$a4aa7529'
[DEBUG] 2017-06-04 15:06:42.192 [main] ConfigurationClassEnhancer - Successfully enhanced org.springframework.hateoas.config.HateoasConfiguration; enhanced class name is: org.springframework.hateoas.config.HateoasConfiguration$$EnhancerBySpringCGLIB$$5a746c7e
[DEBUG] 2017-06-04 15:06:42.192 [main] ConfigurationClassPostProcessor - Replacing bean definition 'org.springframework.hateoas.config.HateoasConfiguration' existing class 'org.springframework.hateoas.config.HateoasConfiguration' with enhanced class 'org.springframework.hateoas.config.HateoasConfiguration$$EnhancerBySpringCGLIB$$5a746c7e'
[DEBUG] 2017-06-04 15:06:42.194 [main] ConfigurationClassEnhancer - Successfully enhanced org.springframework.boot.autoconfigure.hateoas.HypermediaAutoConfiguration$HypermediaConfiguration; enhanced class name is: org.springframework.boot.autoconfigure.hateoas.HypermediaAutoConfiguration$HypermediaConfiguration$$EnhancerBySpringCGLIB$$7982c8d7
[DEBUG] 2017-06-04 15:06:42.194 [main] ConfigurationClassPostProcessor - Replacing bean definition 'org.springframework.boot.autoconfigure.hateoas.HypermediaAutoConfiguration$HypermediaConfiguration' existing class 'org.springframework.boot.autoconfigure.hateoas.HypermediaAutoConfiguration$HypermediaConfiguration' with enhanced class 'org.springframework.boot.autoconfigure.hateoas.HypermediaAutoConfiguration$HypermediaConfiguration$$EnhancerBySpringCGLIB$$7982c8d7'
[DEBUG] 2017-06-04 15:06:42.195 [main] ConfigurationClassEnhancer - Successfully enhanced org.springframework.boot.autoconfigure.hateoas.HypermediaAutoConfiguration$HypermediaConfiguration; enhanced class name is: org.springframework.boot.autoconfigure.hateoas.HypermediaAutoConfiguration$HypermediaConfiguration$$EnhancerBySpringCGLIB$$7982c8d7
[DEBUG] 2017-06-04 15:06:42.195 [main] ConfigurationClassPostProcessor - Replacing bean definition 'halObjectMapperConfigurer' existing class 'org.springframework.boot.autoconfigure.hateoas.HypermediaAutoConfiguration$HypermediaConfiguration' with enhanced class 'org.springframework.boot.autoconfigure.hateoas.HypermediaAutoConfiguration$HypermediaConfiguration$$EnhancerBySpringCGLIB$$7982c8d7'
[DEBUG] 2017-06-04 15:06:42.197 [main] ConfigurationClassEnhancer - Successfully enhanced org.springframework.boot.autoconfigure.hateoas.HypermediaAutoConfiguration; enhanced class name is: org.springframework.boot.autoconfigure.hateoas.HypermediaAutoConfiguration$$EnhancerBySpringCGLIB$$f6fa897d
[DEBUG] 2017-06-04 15:06:42.197 [main] ConfigurationClassPostProcessor - Replacing bean definition 'org.springframework.boot.autoconfigure.hateoas.HypermediaAutoConfiguration' existing class 'org.springframework.boot.autoconfigure.hateoas.HypermediaAutoConfiguration' with enhanced class 'org.springframework.boot.autoconfigure.hateoas.HypermediaAutoConfiguration$$EnhancerBySpringCGLIB$$f6fa897d'
[DEBUG] 2017-06-04 15:06:42.200 [main] ConfigurationClassEnhancer - Successfully enhanced org.springframework.boot.test.autoconfigure.web.servlet.MockMvcAutoConfiguration; enhanced class name is: org.springframework.boot.test.autoconfigure.web.servlet.MockMvcAutoConfiguration$$EnhancerBySpringCGLIB$$9956da89
[DEBUG] 2017-06-04 15:06:42.201 [main] ConfigurationClassPostProcessor - Replacing bean definition 'org.springframework.boot.test.autoconfigure.web.servlet.MockMvcAutoConfiguration' existing class 'org.springframework.boot.test.autoconfigure.web.servlet.MockMvcAutoConfiguration' with enhanced class 'org.springframework.boot.test.autoconfigure.web.servlet.MockMvcAutoConfiguration$$EnhancerBySpringCGLIB$$9956da89'
[DEBUG] 2017-06-04 15:06:42.204 [main] ConfigurationClassEnhancer - Successfully enhanced org.springframework.boot.autoconfigure.web.ServerPropertiesAutoConfiguration; enhanced class name is: org.springframework.boot.autoconfigure.web.ServerPropertiesAutoConfiguration$$EnhancerBySpringCGLIB$$91499b1c
[DEBUG] 2017-06-04 15:06:42.204 [main] ConfigurationClassPostProcessor - Replacing bean definition 'org.springframework.boot.autoconfigure.web.ServerPropertiesAutoConfiguration' existing class 'org.springframework.boot.autoconfigure.web.ServerPropertiesAutoConfiguration' with enhanced class 'org.springframework.boot.autoconfigure.web.ServerPropertiesAutoConfiguration$$EnhancerBySpringCGLIB$$91499b1c'
[DEBUG] 2017-06-04 15:06:42.206 [main] ConfigurationClassEnhancer - Successfully enhanced org.springframework.boot.test.autoconfigure.web.servlet.MockMvcSecurityAutoConfiguration; enhanced class name is: org.springframework.boot.test.autoconfigure.web.servlet.MockMvcSecurityAutoConfiguration$$EnhancerBySpringCGLIB$$af84fe29
[DEBUG] 2017-06-04 15:06:42.206 [main] ConfigurationClassPostProcessor - Replacing bean definition 'org.springframework.boot.test.autoconfigure.web.servlet.MockMvcSecurityAutoConfiguration' existing class 'org.springframework.boot.test.autoconfigure.web.servlet.MockMvcSecurityAutoConfiguration' with enhanced class 'org.springframework.boot.test.autoconfigure.web.servlet.MockMvcSecurityAutoConfiguration$$EnhancerBySpringCGLIB$$af84fe29'
[DEBUG] 2017-06-04 15:06:42.207 [main] StandardEnvironment - Adding [applicationConfig: [classpath:/application.properties]] PropertySource with search precedence immediately lower than [applicationConfigurationProperties]
[DEBUG] 2017-06-04 15:06:42.207 [main] StandardEnvironment - Removing [applicationConfigurationProperties] PropertySource
[DEBUG] 2017-06-04 15:06:42.207 [main] StandardEnvironment - Removing [defaultProperties] PropertySource
[DEBUG] 2017-06-04 15:06:42.208 [main] DefaultListableBeanFactory - Creating shared instance of singleton bean 'org.springframework.boot.test.mock.mockito.MockitoPostProcessor'
[DEBUG] 2017-06-04 15:06:42.208 [main] DefaultListableBeanFactory - Creating instance of bean 'org.springframework.boot.test.mock.mockito.MockitoPostProcessor'
[DEBUG] 2017-06-04 15:06:42.214 [main] DefaultListableBeanFactory - Eagerly caching bean 'org.springframework.boot.test.mock.mockito.MockitoPostProcessor' to allow for resolving potential circular references
[DEBUG] 2017-06-04 15:06:42.215 [main] DefaultListableBeanFactory - Finished creating instance of bean 'org.springframework.boot.test.mock.mockito.MockitoPostProcessor'
[DEBUG] 2017-06-04 15:06:42.383 [main] DefaultListableBeanFactory - Creating shared instance of singleton bean 'org.springframework.boot.context.properties.ConfigurationPropertiesBindingPostProcessor.store'
[DEBUG] 2017-06-04 15:06:42.384 [main] DefaultListableBeanFactory - Creating instance of bean 'org.springframework.boot.context.properties.ConfigurationPropertiesBindingPostProcessor.store'
[DEBUG] 2017-06-04 15:06:42.384 [main] DefaultListableBeanFactory - Eagerly caching bean 'org.springframework.boot.context.properties.ConfigurationPropertiesBindingPostProcessor.store' to allow for resolving potential circular references
[DEBUG] 2017-06-04 15:06:42.384 [main] DefaultListableBeanFactory - Finished creating instance of bean 'org.springframework.boot.context.properties.ConfigurationPropertiesBindingPostProcessor.store'
[DEBUG] 2017-06-04 15:06:42.395 [main] DefaultListableBeanFactory - Creating shared instance of singleton bean 'org.springframework.context.annotation.internalAutowiredAnnotationProcessor'
[DEBUG] 2017-06-04 15:06:42.395 [main] DefaultListableBeanFactory - Creating instance of bean 'org.springframework.context.annotation.internalAutowiredAnnotationProcessor'
[DEBUG] 2017-06-04 15:06:42.396 [main] DefaultListableBeanFactory - Eagerly caching bean 'org.springframework.context.annotation.internalAutowiredAnnotationProcessor' to allow for resolving potential circular references
[DEBUG] 2017-06-04 15:06:42.396 [main] DefaultListableBeanFactory - Finished creating instance of bean 'org.springframework.context.annotation.internalAutowiredAnnotationProcessor'
[DEBUG] 2017-06-04 15:06:42.396 [main] DefaultListableBeanFactory - Creating shared instance of singleton bean 'org.springframework.context.annotation.internalRequiredAnnotationProcessor'
[DEBUG] 2017-06-04 15:06:42.396 [main] DefaultListableBeanFactory - Creating instance of bean 'org.springframework.context.annotation.internalRequiredAnnotationProcessor'
[DEBUG] 2017-06-04 15:06:42.396 [main] DefaultListableBeanFactory - Eagerly caching bean 'org.springframework.context.annotation.internalRequiredAnnotationProcessor' to allow for resolving potential circular references
[DEBUG] 2017-06-04 15:06:42.396 [main] DefaultListableBeanFactory - Finished creating instance of bean 'org.springframework.context.annotation.internalRequiredAnnotationProcessor'
[DEBUG] 2017-06-04 15:06:42.397 [main] DefaultListableBeanFactory - Creating shared instance of singleton bean 'org.springframework.context.annotation.internalCommonAnnotationProcessor'
[DEBUG] 2017-06-04 15:06:42.397 [main] DefaultListableBeanFactory - Creating instance of bean 'org.springframework.context.annotation.internalCommonAnnotationProcessor'
[DEBUG] 2017-06-04 15:06:42.400 [main] DefaultListableBeanFactory - Eagerly caching bean 'org.springframework.context.annotation.internalCommonAnnotationProcessor' to allow for resolving potential circular references
[DEBUG] 2017-06-04 15:06:42.400 [main] DefaultListableBeanFactory - Finished creating instance of bean 'org.springframework.context.annotation.internalCommonAnnotationProcessor'
[DEBUG] 2017-06-04 15:06:42.401 [main] DefaultListableBeanFactory - Creating shared instance of singleton bean 'org.springframework.boot.test.mock.mockito.MockitoPostProcessor$SpyPostProcessor'
[DEBUG] 2017-06-04 15:06:42.401 [main] DefaultListableBeanFactory - Creating instance of bean 'org.springframework.boot.test.mock.mockito.MockitoPostProcessor$SpyPostProcessor'
[DEBUG] 2017-06-04 15:06:42.401 [main] DefaultListableBeanFactory - Returning cached instance of singleton bean 'org.springframework.boot.test.mock.mockito.MockitoPostProcessor'
[DEBUG] 2017-06-04 15:06:42.401 [main] DefaultListableBeanFactory - Eagerly caching bean 'org.springframework.boot.test.mock.mockito.MockitoPostProcessor$SpyPostProcessor' to allow for resolving potential circular references
[DEBUG] 2017-06-04 15:06:42.402 [main] DefaultListableBeanFactory - Finished creating instance of bean 'org.springframework.boot.test.mock.mockito.MockitoPostProcessor$SpyPostProcessor'
[DEBUG] 2017-06-04 15:06:42.402 [main] DefaultListableBeanFactory - Creating shared instance of singleton bean 'org.springframework.context.annotation.ConfigurationClassPostProcessor.importAwareProcessor'
[DEBUG] 2017-06-04 15:06:42.402 [main] DefaultListableBeanFactory - Creating instance of bean 'org.springframework.context.annotation.ConfigurationClassPostProcessor.importAwareProcessor'
[DEBUG] 2017-06-04 15:06:42.402 [main] DefaultListableBeanFactory - Eagerly caching bean 'org.springframework.context.annotation.ConfigurationClassPostProcessor.importAwareProcessor' to allow for resolving potential circular references
[DEBUG] 2017-06-04 15:06:42.402 [main] DefaultListableBeanFactory - Finished creating instance of bean 'org.springframework.context.annotation.ConfigurationClassPostProcessor.importAwareProcessor'
[DEBUG] 2017-06-04 15:06:42.402 [main] DefaultListableBeanFactory - Creating shared instance of singleton bean 'org.springframework.context.annotation.ConfigurationClassPostProcessor.enhancedConfigurationProcessor'
[DEBUG] 2017-06-04 15:06:42.402 [main] DefaultListableBeanFactory - Creating instance of bean 'org.springframework.context.annotation.ConfigurationClassPostProcessor.enhancedConfigurationProcessor'
[DEBUG] 2017-06-04 15:06:42.402 [main] DefaultListableBeanFactory - Eagerly caching bean 'org.springframework.context.annotation.ConfigurationClassPostProcessor.enhancedConfigurationProcessor' to allow for resolving potential circular references
[DEBUG] 2017-06-04 15:06:42.402 [main] DefaultListableBeanFactory - Finished creating instance of bean 'org.springframework.context.annotation.ConfigurationClassPostProcessor.enhancedConfigurationProcessor'
[DEBUG] 2017-06-04 15:06:42.402 [main] DefaultListableBeanFactory - Creating shared instance of singleton bean 'org.springframework.data.repository.core.support.RepositoryFactoryBeanSupport_Predictor'
[DEBUG] 2017-06-04 15:06:42.402 [main] DefaultListableBeanFactory - Creating instance of bean 'org.springframework.data.repository.core.support.RepositoryFactoryBeanSupport_Predictor'
[DEBUG] 2017-06-04 15:06:42.409 [main] DefaultListableBeanFactory - Eagerly caching bean 'org.springframework.data.repository.core.support.RepositoryFactoryBeanSupport_Predictor' to allow for resolving potential circular references
[DEBUG] 2017-06-04 15:06:42.409 [main] DefaultListableBeanFactory - Finished creating instance of bean 'org.springframework.data.repository.core.support.RepositoryFactoryBeanSupport_Predictor'
[DEBUG] 2017-06-04 15:06:42.409 [main] DefaultListableBeanFactory - Creating shared instance of singleton bean 'org.springframework.boot.context.properties.ConfigurationPropertiesBindingPostProcessor'
[DEBUG] 2017-06-04 15:06:42.409 [main] DefaultListableBeanFactory - Creating instance of bean 'org.springframework.boot.context.properties.ConfigurationPropertiesBindingPostProcessor'
[DEBUG] 2017-06-04 15:06:42.410 [main] StandardEnvironment - Adding [systemProperties] PropertySource with lowest search precedence
[DEBUG] 2017-06-04 15:06:42.410 [main] StandardEnvironment - Adding [systemEnvironment] PropertySource with lowest search precedence
[DEBUG] 2017-06-04 15:06:42.410 [main] StandardEnvironment - Initialized StandardEnvironment with PropertySources [systemProperties,systemEnvironment]
[DEBUG] 2017-06-04 15:06:42.410 [main] DefaultListableBeanFactory - Eagerly caching bean 'org.springframework.boot.context.properties.ConfigurationPropertiesBindingPostProcessor' to allow for resolving potential circular references
[DEBUG] 2017-06-04 15:06:42.410 [main] DefaultListableBeanFactory - Returning cached instance of singleton bean 'org.springframework.boot.context.properties.ConfigurationPropertiesBindingPostProcessor.store'
[DEBUG] 2017-06-04 15:06:42.419 [main] DefaultListableBeanFactory - Invoking afterPropertiesSet() on bean with name 'org.springframework.boot.context.properties.ConfigurationPropertiesBindingPostProcessor'
[DEBUG] 2017-06-04 15:06:42.420 [main] DefaultListableBeanFactory - Finished creating instance of bean 'org.springframework.boot.context.properties.ConfigurationPropertiesBindingPostProcessor'
[DEBUG] 2017-06-04 15:06:42.420 [main] DefaultListableBeanFactory - Returning cached instance of singleton bean 'org.springframework.boot.test.mock.mockito.MockitoPostProcessor'
[DEBUG] 2017-06-04 15:06:42.421 [main] DefaultListableBeanFactory - Creating shared instance of singleton bean 'halObjectMapperConfigurer'
[DEBUG] 2017-06-04 15:06:42.421 [main] DefaultListableBeanFactory - Creating instance of bean 'halObjectMapperConfigurer'
[DEBUG] 2017-06-04 15:06:42.424 [main] DefaultListableBeanFactory - Eagerly caching bean 'halObjectMapperConfigurer' to allow for resolving potential circular references
[DEBUG] 2017-06-04 15:06:42.428 [main] DefaultListableBeanFactory - Finished creating instance of bean 'halObjectMapperConfigurer'
[DEBUG] 2017-06-04 15:06:42.429 [main] DefaultListableBeanFactory - Creating shared instance of singleton bean 'org.springframework.hateoas.config.HypermediaSupportBeanDefinitionRegistrar$DefaultObjectMapperCustomizer#0'
[DEBUG] 2017-06-04 15:06:42.429 [main] DefaultListableBeanFactory - Creating instance of bean 'org.springframework.hateoas.config.HypermediaSupportBeanDefinitionRegistrar$DefaultObjectMapperCustomizer#0'
[DEBUG] 2017-06-04 15:06:42.430 [main] DefaultListableBeanFactory - Eagerly caching bean 'org.springframework.hateoas.config.HypermediaSupportBeanDefinitionRegistrar$DefaultObjectMapperCustomizer#0' to allow for resolving potential circular references
[DEBUG] 2017-06-04 15:06:42.432 [main] DefaultListableBeanFactory - Finished creating instance of bean 'org.springframework.hateoas.config.HypermediaSupportBeanDefinitionRegistrar$DefaultObjectMapperCustomizer#0'
[DEBUG] 2017-06-04 15:06:42.432 [main] DefaultListableBeanFactory - Creating shared instance of singleton bean 'org.springframework.hateoas.config.HypermediaSupportBeanDefinitionRegistrar$Jackson2ModuleRegisteringBeanPostProcessor#0'
[DEBUG] 2017-06-04 15:06:42.432 [main] DefaultListableBeanFactory - Creating instance of bean 'org.springframework.hateoas.config.HypermediaSupportBeanDefinitionRegistrar$Jackson2ModuleRegisteringBeanPostProcessor#0'
[DEBUG] 2017-06-04 15:06:42.432 [main] DefaultListableBeanFactory - Eagerly caching bean 'org.springframework.hateoas.config.HypermediaSupportBeanDefinitionRegistrar$Jackson2ModuleRegisteringBeanPostProcessor#0' to allow for resolving potential circular references
[DEBUG] 2017-06-04 15:06:42.434 [main] DefaultListableBeanFactory - Finished creating instance of bean 'org.springframework.hateoas.config.HypermediaSupportBeanDefinitionRegistrar$Jackson2ModuleRegisteringBeanPostProcessor#0'
[DEBUG] 2017-06-04 15:06:42.434 [main] DefaultListableBeanFactory - Returning cached instance of singleton bean 'org.springframework.boot.test.autoconfigure.properties.PropertyMappingContextCustomizer$PropertyMappingCheckBeanPostProcessor'
[DEBUG] 2017-06-04 15:06:42.436 [main] GenericWebApplicationContext - Unable to locate MessageSource with name 'messageSource': using default [org.springframework.context.support.DelegatingMessageSource@1dab9dd6]
[DEBUG] 2017-06-04 15:06:42.436 [main] GenericWebApplicationContext - Unable to locate ApplicationEventMulticaster with name 'applicationEventMulticaster': using default [org.springframework.context.event.SimpleApplicationEventMulticaster@247667dd]
[DEBUG] 2017-06-04 15:06:42.438 [main] UiApplicationContextUtils - Unable to locate ThemeSource with name 'themeSource': using default [org.springframework.ui.context.support.ResourceBundleThemeSource@56ccd751]
[DEBUG] 2017-06-04 15:06:42.457 [main] DefaultListableBeanFactory - Pre-instantiating singletons in org.springframework.beans.factory.support.DefaultListableBeanFactory@42f8285e: defining beans [org.springframework.context.annotation.internalConfigurationAnnotationProcessor,org.springframework.context.annotation.internalAutowiredAnnotationProcessor,org.springframework.context.annotation.internalRequiredAnnotationProcessor,org.springframework.context.annotation.internalCommonAnnotationProcessor,org.springframework.context.event.internalEventListenerProcessor,org.springframework.context.event.internalEventListenerFactory,org.springframework.boot.test.context.ImportsContextCustomizer$ImportsCleanupPostProcessor,org.springframework.boot.test.mock.mockito.MockitoPostProcessor$SpyPostProcessor,org.springframework.boot.test.mock.mockito.MockitoPostProcessor,ng2bootApplication,org.springframework.boot.autoconfigure.internalCachingMetadataReaderFactory,org.springframework.context.annotation.ConfigurationClassPostProcessor.importAwareProcessor,org.springframework.context.annotation.ConfigurationClassPostProcessor.enhancedConfigurationProcessor,movieRestController,org.springframework.boot.autoconfigure.AutoConfigurationPackages,org.springframework.data.mongodb.repository.config.MongoRepositoryConfigurationExtension#0,org.springframework.data.repository.core.support.RepositoryFactoryBeanSupport_Predictor,crudsRepository,movieRepository,org.springframework.boot.autoconfigure.condition.BeanTypeRegistry,org.springframework.boot.autoconfigure.web.WebMvcAutoConfiguration$EnableWebMvcConfiguration,requestMappingHandlerAdapter,requestMappingHandlerMapping,mvcPathMatcher,mvcUrlPathHelper,mvcContentNegotiationManager,viewControllerHandlerMapping,beanNameHandlerMapping,resourceHandlerMapping,mvcResourceUrlProvider,defaultServletHandlerMapping,mvcConversionService,mvcValidator,mvcUriComponentsContributor,httpRequestHandlerAdapter,simpleControllerHandlerAdapter,handlerExceptionResolver,mvcViewResolver,org.springframework.boot.autoconfigure.web.WebMvcAutoConfiguration$WebMvcAutoConfigurationAdapter$FaviconConfiguration,faviconHandlerMapping,faviconRequestHandler,org.springframework.boot.autoconfigure.web.WebMvcAutoConfiguration$WebMvcAutoConfigurationAdapter,defaultViewResolver,viewResolver,welcomePageHandlerMapping,requestContextFilter,spring.mvc-org.springframework.boot.autoconfigure.web.WebMvcProperties,spring.resources-org.springframework.boot.autoconfigure.web.ResourceProperties,org.springframework.boot.context.properties.ConfigurationPropertiesBindingPostProcessor,org.springframework.boot.context.properties.ConfigurationPropertiesBindingPostProcessor.store,org.springframework.boot.autoconfigure.web.WebMvcAutoConfiguration,hiddenHttpMethodFilter,httpPutFormContentFilter,org.springframework.boot.autoconfigure.gson.GsonAutoConfiguration,gson,org.springframework.boot.autoconfigure.jackson.JacksonAutoConfiguration$Jackson2ObjectMapperBuilderCustomizerConfiguration,standardJacksonObjectMapperBuilderCustomizer,spring.jackson-org.springframework.boot.autoconfigure.jackson.JacksonProperties,org.springframework.boot.autoconfigure.jackson.JacksonAutoConfiguration$JacksonObjectMapperBuilderConfiguration,jacksonObjectMapperBuilder,org.springframework.boot.autoconfigure.jackson.JacksonAutoConfiguration$JacksonObjectMapperConfiguration,jacksonObjectMapper,org.springframework.boot.autoconfigure.jackson.JacksonAutoConfiguration,jsonComponentModule,org.springframework.boot.autoconfigure.web.HttpMessageConvertersAutoConfiguration$StringHttpMessageConverterConfiguration,stringHttpMessageConverter,spring.http.encoding-org.springframework.boot.autoconfigure.web.HttpEncodingProperties,org.springframework.boot.autoconfigure.web.JacksonHttpMessageConvertersConfiguration$MappingJackson2HttpMessageConverterConfiguration,mappingJackson2HttpMessageConverter,org.springframework.boot.autoconfigure.web.JacksonHttpMessageConvertersConfiguration,org.springframework.boot.autoconfigure.web.GsonHttpMessageConvertersConfiguration,org.springframework.boot.autoconfigure.web.HttpMessageConvertersAutoConfiguration,messageConverters,org.springframework.boot.autoconfigure.hateoas.HypermediaAutoConfiguration$EntityLinksConfiguration,entityLinksPluginRegistry,controllerEntityLinks,delegatingEntityLinks,org.springframework.hateoas.config.HateoasConfiguration,linkRelationMessageSource,org.springframework.boot.autoconfigure.hateoas.HypermediaAutoConfiguration$HypermediaConfiguration,halObjectMapperConfigurer,org.springframework.hateoas.hal.HalLinkDiscoverer#0,_halObjectMapper,org.springframework.hateoas.config.HypermediaSupportBeanDefinitionRegistrar$DefaultObjectMapperCustomizer#0,org.springframework.hateoas.config.HypermediaSupportBeanDefinitionRegistrar$Jackson2ModuleRegisteringBeanPostProcessor#0,_linkDiscovererRegistry,org.springframework.hateoas.LinkDiscoverers#0,defaultRelProvider,annotationRelProvider,relProviderPluginRegistry,_relProvider,org.springframework.boot.autoconfigure.hateoas.HypermediaHttpMessageConverterConfiguration,halMessageConverterSupportedMediaTypeCustomizer,org.springframework.boot.autoconfigure.hateoas.HypermediaAutoConfiguration,spring.hateoas-org.springframework.boot.autoconfigure.hateoas.HateoasProperties,org.springframework.boot.test.autoconfigure.web.servlet.MockMvcAutoConfiguration,mockMvcBuilder,springBootMockMvcBuilderCustomizer,mockMvc,org.springframework.boot.autoconfigure.web.ServerPropertiesAutoConfiguration,serverProperties,duplicateServerPropertiesDetector,org.springframework.boot.test.autoconfigure.web.servlet.MockMvcSecurityAutoConfiguration,com.stackroute.ng2boot.service.MovieGetService#0]; root of factory hierarchy
[DEBUG] 2017-06-04 15:06:42.457 [main] DefaultListableBeanFactory - Returning cached instance of singleton bean 'org.springframework.context.annotation.internalConfigurationAnnotationProcessor'
[DEBUG] 2017-06-04 15:06:42.457 [main] DefaultListableBeanFactory - Returning cached instance of singleton bean 'org.springframework.context.annotation.internalAutowiredAnnotationProcessor'
[DEBUG] 2017-06-04 15:06:42.457 [main] DefaultListableBeanFactory - Returning cached instance of singleton bean 'org.springframework.context.annotation.internalRequiredAnnotationProcessor'
[DEBUG] 2017-06-04 15:06:42.458 [main] DefaultListableBeanFactory - Returning cached instance of singleton bean 'org.springframework.context.annotation.internalCommonAnnotationProcessor'
[DEBUG] 2017-06-04 15:06:42.458 [main] DefaultListableBeanFactory - Creating shared instance of singleton bean 'org.springframework.context.event.internalEventListenerProcessor'
[DEBUG] 2017-06-04 15:06:42.458 [main] DefaultListableBeanFactory - Creating instance of bean 'org.springframework.context.event.internalEventListenerProcessor'
[DEBUG] 2017-06-04 15:06:42.459 [main] DefaultListableBeanFactory - Eagerly caching bean 'org.springframework.context.event.internalEventListenerProcessor' to allow for resolving potential circular references
[DEBUG] 2017-06-04 15:06:42.465 [main] DefaultListableBeanFactory - Finished creating instance of bean 'org.springframework.context.event.internalEventListenerProcessor'
[DEBUG] 2017-06-04 15:06:42.465 [main] DefaultListableBeanFactory - Creating shared instance of singleton bean 'org.springframework.context.event.internalEventListenerFactory'
[DEBUG] 2017-06-04 15:06:42.465 [main] DefaultListableBeanFactory - Creating instance of bean 'org.springframework.context.event.internalEventListenerFactory'
[DEBUG] 2017-06-04 15:06:42.466 [main] DefaultListableBeanFactory - Eagerly caching bean 'org.springframework.context.event.internalEventListenerFactory' to allow for resolving potential circular references
[DEBUG] 2017-06-04 15:06:42.469 [main] DefaultListableBeanFactory - Finished creating instance of bean 'org.springframework.context.event.internalEventListenerFactory'
[DEBUG] 2017-06-04 15:06:42.469 [main] DefaultListableBeanFactory - Returning cached instance of singleton bean 'org.springframework.boot.test.context.ImportsContextCustomizer$ImportsCleanupPostProcessor'
[DEBUG] 2017-06-04 15:06:42.469 [main] DefaultListableBeanFactory - Returning cached instance of singleton bean 'org.springframework.boot.test.mock.mockito.MockitoPostProcessor$SpyPostProcessor'
[DEBUG] 2017-06-04 15:06:42.469 [main] DefaultListableBeanFactory - Returning cached instance of singleton bean 'org.springframework.boot.test.mock.mockito.MockitoPostProcessor'
[DEBUG] 2017-06-04 15:06:42.469 [main] DefaultListableBeanFactory - Creating shared instance of singleton bean 'ng2bootApplication'
[DEBUG] 2017-06-04 15:06:42.469 [main] DefaultListableBeanFactory - Creating instance of bean 'ng2bootApplication'
[DEBUG] 2017-06-04 15:06:42.470 [main] DefaultListableBeanFactory - Eagerly caching bean 'ng2bootApplication' to allow for resolving potential circular references
[DEBUG] 2017-06-04 15:06:42.475 [main] DefaultListableBeanFactory - Finished creating instance of bean 'ng2bootApplication'
[DEBUG] 2017-06-04 15:06:42.475 [main] DefaultListableBeanFactory - Returning cached instance of singleton bean 'org.springframework.boot.autoconfigure.internalCachingMetadataReaderFactory'
[DEBUG] 2017-06-04 15:06:42.476 [main] DefaultListableBeanFactory - Returning cached instance of singleton bean 'org.springframework.context.annotation.ConfigurationClassPostProcessor.importAwareProcessor'
[DEBUG] 2017-06-04 15:06:42.476 [main] DefaultListableBeanFactory - Returning cached instance of singleton bean 'org.springframework.context.annotation.ConfigurationClassPostProcessor.enhancedConfigurationProcessor'
[DEBUG] 2017-06-04 15:06:42.476 [main] DefaultListableBeanFactory - Creating shared instance of singleton bean 'movieRestController'
[DEBUG] 2017-06-04 15:06:42.476 [main] DefaultListableBeanFactory - Creating instance of bean 'movieRestController'
[DEBUG] 2017-06-04 15:06:42.483 [main] InjectionMetadata - Registered injected element on class [com.stackroute.ng2boot.controllers.MovieRestController]: AutowiredFieldElement for private com.stackroute.ng2boot.service.MovieGetService com.stackroute.ng2boot.controllers.MovieRestController.moviegetservice
[DEBUG] 2017-06-04 15:06:42.483 [main] InjectionMetadata - Registered injected element on class [com.stackroute.ng2boot.controllers.MovieRestController]: AutowiredFieldElement for private com.stackroute.ng2boot.links.MovieLinks com.stackroute.ng2boot.controllers.MovieRestController.movielinks
[DEBUG] 2017-06-04 15:06:42.483 [main] DefaultListableBeanFactory - Eagerly caching bean 'movieRestController' to allow for resolving potential circular references
[DEBUG] 2017-06-04 15:06:42.485 [main] InjectionMetadata - Processing injected element of bean 'movieRestController': AutowiredFieldElement for private com.stackroute.ng2boot.service.MovieGetService com.stackroute.ng2boot.controllers.MovieRestController.moviegetservice
[DEBUG] 2017-06-04 15:06:42.491 [main] DefaultListableBeanFactory - Returning cached instance of singleton bean 'com.stackroute.ng2boot.service.MovieGetService#0'
[DEBUG] 2017-06-04 15:06:42.492 [main] AutowiredAnnotationBeanPostProcessor - Autowiring by type from bean name 'movieRestController' to bean named 'com.stackroute.ng2boot.service.MovieGetService#0'
[DEBUG] 2017-06-04 15:06:42.492 [main] InjectionMetadata - Processing injected element of bean 'movieRestController': AutowiredFieldElement for private com.stackroute.ng2boot.links.MovieLinks com.stackroute.ng2boot.controllers.MovieRestController.movielinks
[WARN ] 2017-06-04 15:06:42.494 [main] GenericWebApplicationContext - Exception encountered during context initialization - cancelling refresh attempt: org.springframework.beans.factory.UnsatisfiedDependencyException: Error creating bean with name 'movieRestController': Unsatisfied dependency expressed through field 'movielinks'; nested exception is org.springframework.beans.factory.NoSuchBeanDefinitionException: No qualifying bean of type 'com.stackroute.ng2boot.links.MovieLinks' available: expected at least 1 bean which qualifies as autowire candidate. Dependency annotations: {@org.springframework.beans.factory.annotation.Autowired(required=true)}
[DEBUG] 2017-06-04 15:06:42.495 [main] DefaultListableBeanFactory - Destroying singletons in org.springframework.beans.factory.support.DefaultListableBeanFactory@42f8285e: defining beans [org.springframework.context.annotation.internalConfigurationAnnotationProcessor,org.springframework.context.annotation.internalAutowiredAnnotationProcessor,org.springframework.context.annotation.internalRequiredAnnotationProcessor,org.springframework.context.annotation.internalCommonAnnotationProcessor,org.springframework.context.event.internalEventListenerProcessor,org.springframework.context.event.internalEventListenerFactory,org.springframework.boot.test.context.ImportsContextCustomizer$ImportsCleanupPostProcessor,org.springframework.boot.test.mock.mockito.MockitoPostProcessor$SpyPostProcessor,org.springframework.boot.test.mock.mockito.MockitoPostProcessor,ng2bootApplication,org.springframework.boot.autoconfigure.internalCachingMetadataReaderFactory,org.springframework.context.annotation.ConfigurationClassPostProcessor.importAwareProcessor,org.springframework.context.annotation.ConfigurationClassPostProcessor.enhancedConfigurationProcessor,movieRestController,org.springframework.boot.autoconfigure.AutoConfigurationPackages,org.springframework.data.mongodb.repository.config.MongoRepositoryConfigurationExtension#0,org.springframework.data.repository.core.support.RepositoryFactoryBeanSupport_Predictor,crudsRepository,movieRepository,org.springframework.boot.autoconfigure.condition.BeanTypeRegistry,org.springframework.boot.autoconfigure.web.WebMvcAutoConfiguration$EnableWebMvcConfiguration,requestMappingHandlerAdapter,requestMappingHandlerMapping,mvcPathMatcher,mvcUrlPathHelper,mvcContentNegotiationManager,viewControllerHandlerMapping,beanNameHandlerMapping,resourceHandlerMapping,mvcResourceUrlProvider,defaultServletHandlerMapping,mvcConversionService,mvcValidator,mvcUriComponentsContributor,httpRequestHandlerAdapter,simpleControllerHandlerAdapter,handlerExceptionResolver,mvcViewResolver,org.springframework.boot.autoconfigure.web.WebMvcAutoConfiguration$WebMvcAutoConfigurationAdapter$FaviconConfiguration,faviconHandlerMapping,faviconRequestHandler,org.springframework.boot.autoconfigure.web.WebMvcAutoConfiguration$WebMvcAutoConfigurationAdapter,defaultViewResolver,viewResolver,welcomePageHandlerMapping,requestContextFilter,spring.mvc-org.springframework.boot.autoconfigure.web.WebMvcProperties,spring.resources-org.springframework.boot.autoconfigure.web.ResourceProperties,org.springframework.boot.context.properties.ConfigurationPropertiesBindingPostProcessor,org.springframework.boot.context.properties.ConfigurationPropertiesBindingPostProcessor.store,org.springframework.boot.autoconfigure.web.WebMvcAutoConfiguration,hiddenHttpMethodFilter,httpPutFormContentFilter,org.springframework.boot.autoconfigure.gson.GsonAutoConfiguration,gson,org.springframework.boot.autoconfigure.jackson.JacksonAutoConfiguration$Jackson2ObjectMapperBuilderCustomizerConfiguration,standardJacksonObjectMapperBuilderCustomizer,spring.jackson-org.springframework.boot.autoconfigure.jackson.JacksonProperties,org.springframework.boot.autoconfigure.jackson.JacksonAutoConfiguration$JacksonObjectMapperBuilderConfiguration,jacksonObjectMapperBuilder,org.springframework.boot.autoconfigure.jackson.JacksonAutoConfiguration$JacksonObjectMapperConfiguration,jacksonObjectMapper,org.springframework.boot.autoconfigure.jackson.JacksonAutoConfiguration,jsonComponentModule,org.springframework.boot.autoconfigure.web.HttpMessageConvertersAutoConfiguration$StringHttpMessageConverterConfiguration,stringHttpMessageConverter,spring.http.encoding-org.springframework.boot.autoconfigure.web.HttpEncodingProperties,org.springframework.boot.autoconfigure.web.JacksonHttpMessageConvertersConfiguration$MappingJackson2HttpMessageConverterConfiguration,mappingJackson2HttpMessageConverter,org.springframework.boot.autoconfigure.web.JacksonHttpMessageConvertersConfiguration,org.springframework.boot.autoconfigure.web.GsonHttpMessageConvertersConfiguration,org.springframework.boot.autoconfigure.web.HttpMessageConvertersAutoConfiguration,messageConverters,org.springframework.boot.autoconfigure.hateoas.HypermediaAutoConfiguration$EntityLinksConfiguration,entityLinksPluginRegistry,controllerEntityLinks,delegatingEntityLinks,org.springframework.hateoas.config.HateoasConfiguration,linkRelationMessageSource,org.springframework.boot.autoconfigure.hateoas.HypermediaAutoConfiguration$HypermediaConfiguration,halObjectMapperConfigurer,org.springframework.hateoas.hal.HalLinkDiscoverer#0,_halObjectMapper,org.springframework.hateoas.config.HypermediaSupportBeanDefinitionRegistrar$DefaultObjectMapperCustomizer#0,org.springframework.hateoas.config.HypermediaSupportBeanDefinitionRegistrar$Jackson2ModuleRegisteringBeanPostProcessor#0,_linkDiscovererRegistry,org.springframework.hateoas.LinkDiscoverers#0,defaultRelProvider,annotationRelProvider,relProviderPluginRegistry,_relProvider,org.springframework.boot.autoconfigure.hateoas.HypermediaHttpMessageConverterConfiguration,halMessageConverterSupportedMediaTypeCustomizer,org.springframework.boot.autoconfigure.hateoas.HypermediaAutoConfiguration,spring.hateoas-org.springframework.boot.autoconfigure.hateoas.HateoasProperties,org.springframework.boot.test.autoconfigure.web.servlet.MockMvcAutoConfiguration,mockMvcBuilder,springBootMockMvcBuilderCustomizer,mockMvc,org.springframework.boot.autoconfigure.web.ServerPropertiesAutoConfiguration,serverProperties,duplicateServerPropertiesDetector,org.springframework.boot.test.autoconfigure.web.servlet.MockMvcSecurityAutoConfiguration,com.stackroute.ng2boot.service.MovieGetService#0]; root of factory hierarchy
[DEBUG] 2017-06-04 15:06:42.495 [main] DisposableBeanAdapter - Invoking destroy() on bean with name 'org.springframework.boot.context.properties.ConfigurationPropertiesBindingPostProcessor'
[DEBUG] 2017-06-04 15:06:42.495 [main] DefaultListableBeanFactory - Retrieved dependent beans for bean 'org.springframework.boot.autoconfigure.internalCachingMetadataReaderFactory': [org.springframework.context.annotation.internalConfigurationAnnotationProcessor]
[DEBUG] 2017-06-04 15:06:42.501 [main] ClasspathLoggingApplicationListener - Application failed to start with classpath: [file:/home/user/Downloads/part1_movieapp-starter/spring-rest/target/surefire/surefirebooter8256104674369339533.jar]
[DEBUG] 2017-06-04 15:06:42.509 [main] AutoConfigurationReportLoggingInitializer - 


=========================
AUTO-CONFIGURATION REPORT
=========================


Positive matches:
-----------------

   GsonAutoConfiguration matched:
      - @ConditionalOnClass found required class 'com.google.gson.Gson' (OnClassCondition)

   GsonAutoConfiguration#gson matched:
      - @ConditionalOnMissingBean (types: com.google.gson.Gson; SearchStrategy: all) did not find any beans (OnBeanCondition)

   GsonHttpMessageConvertersConfiguration matched:
      - @ConditionalOnClass found required class 'com.google.gson.Gson' (OnClassCondition)

   HttpMessageConvertersAutoConfiguration matched:
      - @ConditionalOnClass found required class 'org.springframework.http.converter.HttpMessageConverter' (OnClassCondition)

   HttpMessageConvertersAutoConfiguration#messageConverters matched:
      - @ConditionalOnMissingBean (types: org.springframework.boot.autoconfigure.web.HttpMessageConverters; SearchStrategy: all) did not find any beans (OnBeanCondition)

   HttpMessageConvertersAutoConfiguration.StringHttpMessageConverterConfiguration matched:
      - @ConditionalOnClass found required class 'org.springframework.http.converter.StringHttpMessageConverter' (OnClassCondition)

   HttpMessageConvertersAutoConfiguration.StringHttpMessageConverterConfiguration#stringHttpMessageConverter matched:
      - @ConditionalOnMissingBean (types: org.springframework.http.converter.StringHttpMessageConverter; SearchStrategy: all) did not find any beans (OnBeanCondition)

   HypermediaAutoConfiguration matched:
      - @ConditionalOnClass found required classes 'org.springframework.hateoas.Resource', 'org.springframework.web.bind.annotation.RequestMapping', 'org.springframework.plugin.core.Plugin' (OnClassCondition)
      - @ConditionalOnWebApplication (required) found 'session' scope (OnWebApplicationCondition)

   HypermediaAutoConfiguration.EntityLinksConfiguration matched:
      - @ConditionalOnMissingBean (types: org.springframework.hateoas.EntityLinks; SearchStrategy: all) did not find any beans (OnBeanCondition)

   HypermediaAutoConfiguration.HypermediaConfiguration matched:
      - @ConditionalOnMissingBean (types: org.springframework.hateoas.LinkDiscoverers; SearchStrategy: all) did not find any beans (OnBeanCondition)

   HypermediaHttpMessageConverterConfiguration#halMessageConverterSupportedMediaTypeCustomizer matched:
      - @ConditionalOnProperty (spring.hateoas.use-hal-as-default-json-media-type) matched (OnPropertyCondition)

   JacksonAutoConfiguration matched:
      - @ConditionalOnClass found required class 'com.fasterxml.jackson.databind.ObjectMapper' (OnClassCondition)

   JacksonAutoConfiguration.Jackson2ObjectMapperBuilderCustomizerConfiguration matched:
      - @ConditionalOnClass found required classes 'com.fasterxml.jackson.databind.ObjectMapper', 'org.springframework.http.converter.json.Jackson2ObjectMapperBuilder' (OnClassCondition)

   JacksonAutoConfiguration.JacksonObjectMapperBuilderConfiguration matched:
      - @ConditionalOnClass found required classes 'com.fasterxml.jackson.databind.ObjectMapper', 'org.springframework.http.converter.json.Jackson2ObjectMapperBuilder' (OnClassCondition)

   JacksonAutoConfiguration.JacksonObjectMapperBuilderConfiguration#jacksonObjectMapperBuilder matched:
      - @ConditionalOnMissingBean (types: org.springframework.http.converter.json.Jackson2ObjectMapperBuilder; SearchStrategy: all) did not find any beans (OnBeanCondition)

   JacksonAutoConfiguration.JacksonObjectMapperConfiguration matched:
      - @ConditionalOnClass found required classes 'com.fasterxml.jackson.databind.ObjectMapper', 'org.springframework.http.converter.json.Jackson2ObjectMapperBuilder' (OnClassCondition)

   JacksonAutoConfiguration.JacksonObjectMapperConfiguration#jacksonObjectMapper matched:
      - @ConditionalOnMissingBean (types: com.fasterxml.jackson.databind.ObjectMapper; SearchStrategy: all) did not find any beans (OnBeanCondition)

   JacksonHttpMessageConvertersConfiguration.MappingJackson2HttpMessageConverterConfiguration matched:
      - @ConditionalOnClass found required class 'com.fasterxml.jackson.databind.ObjectMapper' (OnClassCondition)
      - @ConditionalOnProperty (spring.http.converters.preferred-json-mapper=jackson) matched (OnPropertyCondition)
      - @ConditionalOnBean (types: com.fasterxml.jackson.databind.ObjectMapper; SearchStrategy: all) found bean 'jacksonObjectMapper' (OnBeanCondition)

   JacksonHttpMessageConvertersConfiguration.MappingJackson2HttpMessageConverterConfiguration#mappingJackson2HttpMessageConverter matched:
      - @ConditionalOnMissingBean (types: org.springframework.http.converter.json.MappingJackson2HttpMessageConverter; SearchStrategy: all) did not find any beans (OnBeanCondition)

   MockMvcAutoConfiguration matched:
      - @ConditionalOnWebApplication (required) found 'session' scope (OnWebApplicationCondition)

   MockMvcAutoConfiguration#mockMvc matched:
      - @ConditionalOnMissingBean (types: org.springframework.test.web.servlet.MockMvc; SearchStrategy: all) did not find any beans (OnBeanCondition)

   MockMvcAutoConfiguration#mockMvcBuilder matched:
      - @ConditionalOnMissingBean (types: org.springframework.test.web.servlet.MockMvcBuilder; SearchStrategy: all) did not find any beans (OnBeanCondition)

   MockMvcSecurityAutoConfiguration matched:
      - @ConditionalOnProperty (spring.test.mockmvc.secure=true) matched (OnPropertyCondition)

   NoOpCacheConfiguration matched:
      - Cache org.springframework.boot.autoconfigure.cache.NoOpCacheConfiguration NONE cache type (CacheCondition)

   ServerPropertiesAutoConfiguration matched:
      - @ConditionalOnWebApplication (required) found 'session' scope (OnWebApplicationCondition)

   ServerPropertiesAutoConfiguration#serverProperties matched:
      - @ConditionalOnMissingBean (types: org.springframework.boot.autoconfigure.web.ServerProperties; SearchStrategy: current) did not find any beans (OnBeanCondition)

   WebMvcAutoConfiguration matched:
      - @ConditionalOnClass found required classes 'javax.servlet.Servlet', 'org.springframework.web.servlet.DispatcherServlet', 'org.springframework.web.servlet.config.annotation.WebMvcConfigurerAdapter' (OnClassCondition)
      - @ConditionalOnWebApplication (required) found 'session' scope (OnWebApplicationCondition)
      - @ConditionalOnMissingBean (types: org.springframework.web.servlet.config.annotation.WebMvcConfigurationSupport; SearchStrategy: all) did not find any beans (OnBeanCondition)

   WebMvcAutoConfiguration#hiddenHttpMethodFilter matched:
      - @ConditionalOnMissingBean (types: org.springframework.web.filter.HiddenHttpMethodFilter; SearchStrategy: all) did not find any beans (OnBeanCondition)

   WebMvcAutoConfiguration#httpPutFormContentFilter matched:
      - @ConditionalOnProperty (spring.mvc.formcontent.putfilter.enabled) matched (OnPropertyCondition)
      - @ConditionalOnMissingBean (types: org.springframework.web.filter.HttpPutFormContentFilter; SearchStrategy: all) did not find any beans (OnBeanCondition)

   WebMvcAutoConfiguration.WebMvcAutoConfigurationAdapter#defaultViewResolver matched:
      - @ConditionalOnMissingBean (types: org.springframework.web.servlet.view.InternalResourceViewResolver; SearchStrategy: all) did not find any beans (OnBeanCondition)

   WebMvcAutoConfiguration.WebMvcAutoConfigurationAdapter#requestContextFilter matched:
      - @ConditionalOnMissingBean (types: org.springframework.web.context.request.RequestContextListener,org.springframework.web.filter.RequestContextFilter; SearchStrategy: all) did not find any beans (OnBeanCondition)

   WebMvcAutoConfiguration.WebMvcAutoConfigurationAdapter#viewResolver matched:
      - @ConditionalOnBean (types: org.springframework.web.servlet.ViewResolver; SearchStrategy: all) found beans 'defaultViewResolver', 'mvcViewResolver'; @ConditionalOnMissingBean (names: viewResolver; types: org.springframework.web.servlet.view.ContentNegotiatingViewResolver; SearchStrategy: all) did not find any beans (OnBeanCondition)

   WebMvcAutoConfiguration.WebMvcAutoConfigurationAdapter.FaviconConfiguration matched:
      - @ConditionalOnProperty (spring.mvc.favicon.enabled) matched (OnPropertyCondition)


Negative matches:
-----------------

   CacheAutoConfiguration:
      Did not match:
         - @ConditionalOnBean (types: org.springframework.cache.interceptor.CacheAspectSupport; SearchStrategy: all) did not find any beans (OnBeanCondition)
      Matched:
         - @ConditionalOnClass found required class 'org.springframework.cache.CacheManager' (OnClassCondition)

   CacheAutoConfiguration.CacheManagerJpaDependencyConfiguration:
      Did not match:
         - @ConditionalOnClass did not find required class 'org.springframework.orm.jpa.LocalContainerEntityManagerFactoryBean' (OnClassCondition)
         - Ancestor org.springframework.boot.autoconfigure.cache.CacheAutoConfiguration did not match (ConditionEvaluationReport.AncestorsMatchedCondition)

   CaffeineCacheConfiguration:
      Did not match:
         - @ConditionalOnClass did not find required classes 'com.github.benmanes.caffeine.cache.Caffeine', 'org.springframework.cache.caffeine.CaffeineCacheManager' (OnClassCondition)

   CouchbaseCacheConfiguration:
      Did not match:
         - @ConditionalOnClass did not find required classes 'com.couchbase.client.java.Bucket', 'com.couchbase.client.spring.cache.CouchbaseCacheManager' (OnClassCondition)

   EhCacheCacheConfiguration:
      Did not match:
         - @ConditionalOnClass did not find required classes 'net.sf.ehcache.Cache', 'org.springframework.cache.ehcache.EhCacheCacheManager' (OnClassCondition)

   FreeMarkerAutoConfiguration:
      Did not match:
         - @ConditionalOnClass did not find required classes 'freemarker.template.Configuration', 'org.springframework.ui.freemarker.FreeMarkerConfigurationFactory' (OnClassCondition)

   GenericCacheConfiguration:
      Did not match:
         - Cache org.springframework.boot.autoconfigure.cache.GenericCacheConfiguration NONE cache type (CacheCondition)

   GroovyTemplateAutoConfiguration:
      Did not match:
         - @ConditionalOnClass did not find required class 'groovy.text.markup.MarkupTemplateEngine' (OnClassCondition)

   GsonHttpMessageConvertersConfiguration.GsonHttpMessageConverterConfiguration:
      Did not match:
         - AnyNestedCondition 0 matched 2 did not; NestedCondition on GsonHttpMessageConvertersConfiguration.PreferGsonOrMissingJacksonCondition.JacksonMissing @ConditionalOnMissingBean (types: org.springframework.http.converter.json.MappingJackson2HttpMessageConverter; SearchStrategy: all) found bean 'mappingJackson2HttpMessageConverter'; NestedCondition on GsonHttpMessageConvertersConfiguration.PreferGsonOrMissingJacksonCondition.GsonPreferred @ConditionalOnProperty (spring.http.converters.preferred-json-mapper=gson) did not find property 'spring.http.converters.preferred-json-mapper' (GsonHttpMessageConvertersConfiguration.PreferGsonOrMissingJacksonCondition)

   GuavaCacheConfiguration:
      Did not match:
         - @ConditionalOnClass did not find required class 'org.springframework.cache.guava.GuavaCacheManager' (OnClassCondition)

   HazelcastCacheConfiguration:
      Did not match:
         - @ConditionalOnClass did not find required classes 'com.hazelcast.core.HazelcastInstance', 'com.hazelcast.spring.cache.HazelcastCacheManager' (OnClassCondition)

   InfinispanCacheConfiguration:
      Did not match:
         - @ConditionalOnClass did not find required class 'org.infinispan.spring.provider.SpringEmbeddedCacheManager' (OnClassCondition)

   JCacheCacheConfiguration:
      Did not match:
         - @ConditionalOnClass did not find required classes 'javax.cache.Caching', 'org.springframework.cache.jcache.JCacheCacheManager' (OnClassCondition)

   JacksonAutoConfiguration.JodaDateTimeJacksonConfiguration:
      Did not match:
         - @ConditionalOnClass did not find required classes 'org.joda.time.DateTime', 'com.fasterxml.jackson.datatype.joda.ser.DateTimeSerializer', 'com.fasterxml.jackson.datatype.joda.cfg.JacksonJodaDateFormat' (OnClassCondition)

   JacksonAutoConfiguration.ParameterNamesModuleConfiguration:
      Did not match:
         - @ConditionalOnClass did not find required class 'com.fasterxml.jackson.module.paramnames.ParameterNamesModule' (OnClassCondition)

   JacksonHttpMessageConvertersConfiguration.MappingJackson2XmlHttpMessageConverterConfiguration:
      Did not match:
         - @ConditionalOnClass did not find required class 'com.fasterxml.jackson.dataformat.xml.XmlMapper' (OnClassCondition)

   MessageSourceAutoConfiguration:
      Did not match:
         - ResourceBundle did not find bundle with basename messages (MessageSourceAutoConfiguration.ResourceBundleCondition)

   MockMvcSecurityConfiguration:
      Did not match:
         - @ConditionalOnClass did not find required class 'org.springframework.security.test.web.servlet.request.SecurityMockMvcRequestPostProcessors' (OnClassCondition)

   MockMvcWebClientAutoConfiguration:
      Did not match:
         - @ConditionalOnClass did not find required class 'com.gargoylesoftware.htmlunit.WebClient' (OnClassCondition)

   MockMvcWebDriverAutoConfiguration:
      Did not match:
         - @ConditionalOnClass did not find required class 'org.openqa.selenium.htmlunit.HtmlUnitDriver' (OnClassCondition)

   MustacheAutoConfiguration:
      Did not match:
         - @ConditionalOnClass did not find required class 'com.samskivert.mustache.Mustache' (OnClassCondition)

   RedisCacheConfiguration:
      Did not match:
         - Cache org.springframework.boot.autoconfigure.cache.RedisCacheConfiguration NONE cache type (CacheCondition)

   SecurityAutoConfiguration:
      Did not match:
         - @ConditionalOnClass did not find required classes 'org.springframework.security.authentication.AuthenticationManager', 'org.springframework.security.config.annotation.authentication.configurers.GlobalAuthenticationConfigurerAdapter' (OnClassCondition)

   SimpleCacheConfiguration:
      Did not match:
         - Cache org.springframework.boot.autoconfigure.cache.SimpleCacheConfiguration NONE cache type (CacheCondition)

   ThymeleafAutoConfiguration:
      Did not match:
         - @ConditionalOnClass did not find required class 'org.thymeleaf.spring4.SpringTemplateEngine' (OnClassCondition)

   WebMvcAutoConfiguration.ResourceChainCustomizerConfiguration:
      Did not match:
         - @ConditionalOnEnabledResourceChain did not find class org.webjars.WebJarAssetLocator (OnEnabledResourceChainCondition)

   WebMvcAutoConfiguration.WebMvcAutoConfigurationAdapter#beanNameViewResolver:
      Did not match:
         - @ConditionalOnBean (types: org.springframework.web.servlet.View; SearchStrategy: all) did not find any beans (OnBeanCondition)

   WebMvcAutoConfiguration.WebMvcAutoConfigurationAdapter#dateFormatter:
      Did not match:
         - @ConditionalOnProperty (spring.mvc.date-format) did not find property 'date-format' (OnPropertyCondition)

   WebMvcAutoConfiguration.WebMvcAutoConfigurationAdapter#localeResolver:
      Did not match:
         - @ConditionalOnProperty (spring.mvc.locale) did not find property 'locale' (OnPropertyCondition)


Exclusions:
-----------

    None


Unconditional classes:
----------------------

    None



[DEBUG] 2017-06-04 15:06:42.579 [main] LoggingFailureAnalysisReporter - Application failed to start due to an exception
org.springframework.beans.factory.NoSuchBeanDefinitionException: No qualifying bean of type 'com.stackroute.ng2boot.links.MovieLinks' available: expected at least 1 bean which qualifies as autowire candidate. Dependency annotations: {@org.springframework.beans.factory.annotation.Autowired(required=true)}
	at org.springframework.beans.factory.support.DefaultListableBeanFactory.raiseNoMatchingBeanFound(DefaultListableBeanFactory.java:1466) ~[spring-beans-4.3.4.RELEASE.jar:4.3.4.RELEASE]
	at org.springframework.beans.factory.support.DefaultListableBeanFactory.doResolveDependency(DefaultListableBeanFactory.java:1097) ~[spring-beans-4.3.4.RELEASE.jar:4.3.4.RELEASE]
	at org.springframework.beans.factory.support.DefaultListableBeanFactory.resolveDependency(DefaultListableBeanFactory.java:1059) ~[spring-beans-4.3.4.RELEASE.jar:4.3.4.RELEASE]
	at org.springframework.beans.factory.annotation.AutowiredAnnotationBeanPostProcessor$AutowiredFieldElement.inject(AutowiredAnnotationBeanPostProcessor.java:589) ~[spring-beans-4.3.4.RELEASE.jar:4.3.4.RELEASE]
	at org.springframework.beans.factory.annotation.InjectionMetadata.inject(InjectionMetadata.java:88) ~[spring-beans-4.3.4.RELEASE.jar:4.3.4.RELEASE]
	at org.springframework.beans.factory.annotation.AutowiredAnnotationBeanPostProcessor.postProcessPropertyValues(AutowiredAnnotationBeanPostProcessor.java:370) ~[spring-beans-4.3.4.RELEASE.jar:4.3.4.RELEASE]
	at org.springframework.beans.factory.support.AbstractAutowireCapableBeanFactory.populateBean(AbstractAutowireCapableBeanFactory.java:1219) ~[spring-beans-4.3.4.RELEASE.jar:4.3.4.RELEASE]
	at org.springframework.beans.factory.support.AbstractAutowireCapableBeanFactory.doCreateBean(AbstractAutowireCapableBeanFactory.java:551) ~[spring-beans-4.3.4.RELEASE.jar:4.3.4.RELEASE]
	at org.springframework.beans.factory.support.AbstractAutowireCapableBeanFactory.createBean(AbstractAutowireCapableBeanFactory.java:482) ~[spring-beans-4.3.4.RELEASE.jar:4.3.4.RELEASE]
	at org.springframework.beans.factory.support.AbstractBeanFactory$1.getObject(AbstractBeanFactory.java:306) ~[spring-beans-4.3.4.RELEASE.jar:4.3.4.RELEASE]
	at org.springframework.beans.factory.support.DefaultSingletonBeanRegistry.getSingleton(DefaultSingletonBeanRegistry.java:230) ~[spring-beans-4.3.4.RELEASE.jar:4.3.4.RELEASE]
	at org.springframework.beans.factory.support.AbstractBeanFactory.doGetBean(AbstractBeanFactory.java:302) ~[spring-beans-4.3.4.RELEASE.jar:4.3.4.RELEASE]
	at org.springframework.beans.factory.support.AbstractBeanFactory.getBean(AbstractBeanFactory.java:197) ~[spring-beans-4.3.4.RELEASE.jar:4.3.4.RELEASE]
	at org.springframework.beans.factory.support.DefaultListableBeanFactory.preInstantiateSingletons(DefaultListableBeanFactory.java:754) ~[spring-beans-4.3.4.RELEASE.jar:4.3.4.RELEASE]
	at org.springframework.context.support.AbstractApplicationContext.finishBeanFactoryInitialization(AbstractApplicationContext.java:866) ~[spring-context-4.3.4.RELEASE.jar:4.3.4.RELEASE]
	at org.springframework.context.support.AbstractApplicationContext.refresh(AbstractApplicationContext.java:542) ~[spring-context-4.3.4.RELEASE.jar:4.3.4.RELEASE]
	at org.springframework.boot.SpringApplication.refresh(SpringApplication.java:761) [spring-boot-1.4.2.RELEASE.jar:1.4.2.RELEASE]
	at org.springframework.boot.SpringApplication.refreshContext(SpringApplication.java:371) [spring-boot-1.4.2.RELEASE.jar:1.4.2.RELEASE]
	at org.springframework.boot.SpringApplication.run(SpringApplication.java:315) [spring-boot-1.4.2.RELEASE.jar:1.4.2.RELEASE]
	at org.springframework.boot.test.context.SpringBootContextLoader.loadContext(SpringBootContextLoader.java:111) [spring-boot-test-1.4.2.RELEASE.jar:1.4.2.RELEASE]
	at org.springframework.test.context.cache.DefaultCacheAwareContextLoaderDelegate.loadContextInternal(DefaultCacheAwareContextLoaderDelegate.java:98) [spring-test-4.3.4.RELEASE.jar:4.3.4.RELEASE]
	at org.springframework.test.context.cache.DefaultCacheAwareContextLoaderDelegate.loadContext(DefaultCacheAwareContextLoaderDelegate.java:116) [spring-test-4.3.4.RELEASE.jar:4.3.4.RELEASE]
	at org.springframework.test.context.support.DefaultTestContext.getApplicationContext(DefaultTestContext.java:83) [spring-test-4.3.4.RELEASE.jar:4.3.4.RELEASE]
	at org.springframework.test.context.support.DependencyInjectionTestExecutionListener.injectDependencies(DependencyInjectionTestExecutionListener.java:117) [spring-test-4.3.4.RELEASE.jar:4.3.4.RELEASE]
	at org.springframework.test.context.support.DependencyInjectionTestExecutionListener.prepareTestInstance(DependencyInjectionTestExecutionListener.java:83) [spring-test-4.3.4.RELEASE.jar:4.3.4.RELEASE]
	at org.springframework.boot.test.autoconfigure.SpringBootDependencyInjectionTestExecutionListener.prepareTestInstance(SpringBootDependencyInjectionTestExecutionListener.java:44) [spring-boot-test-autoconfigure-1.4.2.RELEASE.jar:1.4.2.RELEASE]
	at org.springframework.test.context.TestContextManager.prepareTestInstance(TestContextManager.java:230) [spring-test-4.3.4.RELEASE.jar:4.3.4.RELEASE]
	at org.springframework.test.context.junit4.SpringJUnit4ClassRunner.createTest(SpringJUnit4ClassRunner.java:228) [spring-test-4.3.4.RELEASE.jar:4.3.4.RELEASE]
	at org.springframework.test.context.junit4.SpringJUnit4ClassRunner$1.runReflectiveCall(SpringJUnit4ClassRunner.java:287) [spring-test-4.3.4.RELEASE.jar:4.3.4.RELEASE]
	at org.junit.internal.runners.model.ReflectiveCallable.run(ReflectiveCallable.java:12) [junit-4.12.jar:4.12]
	at org.springframework.test.context.junit4.SpringJUnit4ClassRunner.methodBlock(SpringJUnit4ClassRunner.java:289) [spring-test-4.3.4.RELEASE.jar:4.3.4.RELEASE]
	at org.springframework.test.context.junit4.SpringJUnit4ClassRunner.runChild(SpringJUnit4ClassRunner.java:247) [spring-test-4.3.4.RELEASE.jar:4.3.4.RELEASE]
	at org.springframework.test.context.junit4.SpringJUnit4ClassRunner.runChild(SpringJUnit4ClassRunner.java:94) [spring-test-4.3.4.RELEASE.jar:4.3.4.RELEASE]
	at org.junit.runners.ParentRunner$3.run(ParentRunner.java:290) [junit-4.12.jar:4.12]
	at org.junit.runners.ParentRunner$1.schedule(ParentRunner.java:71) [junit-4.12.jar:4.12]
	at org.junit.runners.ParentRunner.runChildren(ParentRunner.java:288) [junit-4.12.jar:4.12]
	at org.junit.runners.ParentRunner.access$000(ParentRunner.java:58) [junit-4.12.jar:4.12]
	at org.junit.runners.ParentRunner$2.evaluate(ParentRunner.java:268) [junit-4.12.jar:4.12]
	at org.springframework.test.context.junit4.statements.RunBeforeTestClassCallbacks.evaluate(RunBeforeTestClassCallbacks.java:61) [spring-test-4.3.4.RELEASE.jar:4.3.4.RELEASE]
	at org.springframework.test.context.junit4.statements.RunAfterTestClassCallbacks.evaluate(RunAfterTestClassCallbacks.java:70) [spring-test-4.3.4.RELEASE.jar:4.3.4.RELEASE]
	at org.junit.runners.ParentRunner.run(ParentRunner.java:363) [junit-4.12.jar:4.12]
	at org.springframework.test.context.junit4.SpringJUnit4ClassRunner.run(SpringJUnit4ClassRunner.java:191) [spring-test-4.3.4.RELEASE.jar:4.3.4.RELEASE]
	at org.apache.maven.surefire.junit4.JUnit4Provider.execute(JUnit4Provider.java:283) [surefire-junit4-2.18.1.jar:2.18.1]
	at org.apache.maven.surefire.junit4.JUnit4Provider.executeWithRerun(JUnit4Provider.java:173) [surefire-junit4-2.18.1.jar:2.18.1]
	at org.apache.maven.surefire.junit4.JUnit4Provider.executeTestSet(JUnit4Provider.java:153) [surefire-junit4-2.18.1.jar:2.18.1]
	at org.apache.maven.surefire.junit4.JUnit4Provider.invoke(JUnit4Provider.java:128) [surefire-junit4-2.18.1.jar:2.18.1]
	at org.apache.maven.surefire.booter.ForkedBooter.invokeProviderInSameClassLoader(ForkedBooter.java:203) [surefire-booter-2.18.1.jar:2.18.1]
	at org.apache.maven.surefire.booter.ForkedBooter.runSuitesInProcess(ForkedBooter.java:155) [surefire-booter-2.18.1.jar:2.18.1]
	at org.apache.maven.surefire.booter.ForkedBooter.main(ForkedBooter.java:103) [surefire-booter-2.18.1.jar:2.18.1]
[ERROR] 2017-06-04 15:06:42.585 [main] LoggingFailureAnalysisReporter - 

***************************
APPLICATION FAILED TO START
***************************

Description:

Field movielinks in com.stackroute.ng2boot.controllers.MovieRestController required a bean of type 'com.stackroute.ng2boot.links.MovieLinks' that could not be found.


Action:

Consider defining a bean of type 'com.stackroute.ng2boot.links.MovieLinks' in your configuration.

[DEBUG] 2017-06-04 15:06:42.607 [main] StandardEnvironment - Adding [systemProperties] PropertySource with lowest search precedence
[DEBUG] 2017-06-04 15:06:42.607 [main] StandardEnvironment - Adding [systemEnvironment] PropertySource with lowest search precedence
[DEBUG] 2017-06-04 15:06:42.607 [main] StandardEnvironment - Initialized StandardEnvironment with PropertySources [systemProperties,systemEnvironment]
[DEBUG] 2017-06-04 15:06:42.608 [main] TestPropertySourceUtils - Adding inlined properties to environment: {spring.jmx.enabled=false, org.springframework.boot.test.autoconfigure.web.servlet.WebMvcTestContextBootstrapper=true, server.port=-1}
[DEBUG] 2017-06-04 15:06:42.608 [main] StandardEnvironment - Adding [Inlined Test Properties] PropertySource with highest search precedence
[DEBUG] 2017-06-04 15:06:42.617 [main] PropertySourcesPropertyResolver - Could not find key 'spring.profiles.active' in any property source
[DEBUG] 2017-06-04 15:06:42.618 [main] PropertySourcesPropertyResolver - Could not find key 'spring.profiles.active' in any property source
[DEBUG] 2017-06-04 15:06:42.621 [main] PropertySourcesPropertyResolver - Could not find key 'SPRING_APPLICATION_JSON:' in any property source
[DEBUG] 2017-06-04 15:06:42.621 [main] PropertySourcesPropertyResolver - Could not find key 'SPRING_APPLICATION_JSON' in any property source
[DEBUG] 2017-06-04 15:06:42.621 [main] PropertySourcesPropertyResolver - Could not find key 'spring.application.json:' in any property source
[DEBUG] 2017-06-04 15:06:42.621 [main] PropertySourcesPropertyResolver - Could not find key 'spring.application.json' in any property source
[DEBUG] 2017-06-04 15:06:42.621 [main] StandardEnvironment - Adding [random] PropertySource with search precedence immediately lower than [systemEnvironment]
[DEBUG] 2017-06-04 15:06:42.624 [main] PropertySourcesPropertyResolver - Could not find key 'spring.profiles.active' in any property source
[DEBUG] 2017-06-04 15:06:42.624 [main] PropertySourcesPropertyResolver - Could not find key 'spring.profiles.default' in any property source
[DEBUG] 2017-06-04 15:06:42.627 [main] MutablePropertySources - Adding [applicationConfig: [profile=]] PropertySource with highest search precedence
[DEBUG] 2017-06-04 15:06:42.644 [main] StandardEnvironment - Adding [applicationConfigurationProperties] PropertySource with lowest search precedence
[DEBUG] 2017-06-04 15:06:42.660 [main] PropertySourcesPropertyResolver - Could not find key 'logging.file' in any property source
[DEBUG] 2017-06-04 15:06:42.660 [main] PropertySourcesPropertyResolver - Could not find key 'logging.path' in any property source
[DEBUG] 2017-06-04 15:06:42.660 [main] PropertySourcesPropertyResolver - Could not find key 'debug' in any property source
[DEBUG] 2017-06-04 15:06:42.660 [main] PropertySourcesPropertyResolver - Could not find key 'trace' in any property source
[DEBUG] 2017-06-04 15:06:42.660 [main] PropertySourcesPropertyResolver - Found key 'logging.config' in [applicationConfigurationProperties] with type [String]
[DEBUG] 2017-06-04 15:06:42.664 [main] ClasspathLoggingApplicationListener - Application started with classpath: [file:/home/user/Downloads/part1_movieapp-starter/spring-rest/target/surefire/surefirebooter8256104674369339533.jar]
[DEBUG] 2017-06-04 15:06:42.665 [main] PropertySourcesPropertyResolver - Could not find key 'context.listener.classes' in any property source
[DEBUG] 2017-06-04 15:06:42.666 [main] PropertySourcesPropertyResolver - Could not find key 'banner.image.location' in any property source
[DEBUG] 2017-06-04 15:06:42.667 [main] PropertySourcesPropertyResolver - Could not find key 'banner.location' in any property source

  .   ____          _            __ _ _
 /\\ / ___'_ __ _ _(_)_ __  __ _ \ \ \ \
( ( )\___ | '_ | '_| | '_ \/ _` | \ \ \ \
 \\/  ___)| |_)| | | | | || (_| |  ) ) ) )
  '  |____| .__|_| |_|_| |_\__, | / / / /
 =========|_|==============|___/=/_/_/_/
 :: Spring Boot ::        (v1.4.2.RELEASE)

[DEBUG] 2017-06-04 15:06:42.671 [background-preinit] DefaultTraversableResolver - Cannot find javax.persistence.Persistence on classpath. Assuming non JPA 2 environment. All properties will per default be traversable.
[DEBUG] 2017-06-04 15:06:42.672 [main] PropertySourcesPropertyResolver - Could not find key 'context.initializer.classes' in any property source
[DEBUG] 2017-06-04 15:06:42.674 [main] PropertySourcesPropertyResolver - Could not find key 'spring.config.name:application' in any property source
[DEBUG] 2017-06-04 15:06:42.675 [main] PropertySourcesPropertyResolver - Could not find key 'spring.config.name' in any property source
[DEBUG] 2017-06-04 15:06:42.675 [main] PropertySourcesPropertyResolver - Could not find key 'vcap.application.name:application' in any property source
[DEBUG] 2017-06-04 15:06:42.675 [main] PropertySourcesPropertyResolver - Could not find key 'vcap.application.name' in any property source
[DEBUG] 2017-06-04 15:06:42.676 [main] PropertySourcesPropertyResolver - Could not find key 'spring.application.name:application' in any property source
[DEBUG] 2017-06-04 15:06:42.676 [main] PropertySourcesPropertyResolver - Could not find key 'spring.application.name' in any property source
[DEBUG] 2017-06-04 15:06:42.679 [main] PropertySourcesPropertyResolver - Could not find key 'PORT:null' in any property source
[DEBUG] 2017-06-04 15:06:42.679 [main] PropertySourcesPropertyResolver - Could not find key 'PORT' in any property source
[DEBUG] 2017-06-04 15:06:42.679 [main] PropertySourcesPropertyResolver - Could not find key 'server.port:null' in any property source
[DEBUG] 2017-06-04 15:06:42.679 [main] PropertySourcesPropertyResolver - Found key 'server.port' in [Inlined Test Properties] with type [String]
[DEBUG] 2017-06-04 15:06:42.680 [main] PropertySourcesPropertyResolver - Could not find key 'spring.application.index:-1' in any property source
[DEBUG] 2017-06-04 15:06:42.680 [main] PropertySourcesPropertyResolver - Could not find key 'spring.application.index' in any property source
[DEBUG] 2017-06-04 15:06:42.680 [main] PropertySourcesPropertyResolver - Could not find key 'vcap.application.instance_index:-1' in any property source
[DEBUG] 2017-06-04 15:06:42.680 [main] PropertySourcesPropertyResolver - Could not find key 'vcap.application.instance_index' in any property source
[DEBUG] 2017-06-04 15:06:42.680 [main] PropertySourcesPropertyResolver - Could not find key 'spring.profiles.active' in any property source
[DEBUG] 2017-06-04 15:06:42.681 [main] StandardEnvironment - Adding [test] PropertySource with highest search precedence
[DEBUG] 2017-06-04 15:06:42.682 [main] StandardEnvironment - Adding [Annotations] PropertySource with highest search precedence
[DEBUG] 2017-06-04 15:06:42.683 [main] DefaultListableBeanFactory - Returning cached instance of singleton bean 'autoConfigurationReport'
[INFO ] 2017-06-04 15:06:42.683 [main] MovieRestControllerTest - Starting MovieRestControllerTest on user-ThinkPad-T420 with PID 3136 (started by user in /home/user/Downloads/part1_movieapp-starter/spring-rest)
[DEBUG] 2017-06-04 15:06:42.683 [main] MovieRestControllerTest - Running with Spring Boot v1.4.2.RELEASE, Spring v4.3.4.RELEASE
[DEBUG] 2017-06-04 15:06:42.683 [main] PropertySourcesPropertyResolver - Could not find key 'spring.profiles.active' in any property source
[DEBUG] 2017-06-04 15:06:42.683 [main] PropertySourcesPropertyResolver - Could not find key 'spring.profiles.default' in any property source
[INFO ] 2017-06-04 15:06:42.683 [main] MovieRestControllerTest - No active profile set, falling back to default profiles: default
[DEBUG] 2017-06-04 15:06:42.683 [main] SpringApplication - Loading source class com.stackroute.ng2boot.Ng2bootApplication
[DEBUG] 2017-06-04 15:06:42.684 [main] ClassPathBeanDefinitionScanner - JSR-250 'javax.annotation.ManagedBean' found and supported for component scanning
[DEBUG] 2017-06-04 15:06:42.686 [main] ConfigFileApplicationListener - Loaded config file 'file:/home/user/Downloads/part1_movieapp-starter/spring-rest/target/classes/application.properties' (classpath:/application.properties)
[DEBUG] 2017-06-04 15:06:42.686 [main] ConfigFileApplicationListener - Skipped (empty) config file 'file:/home/user/Downloads/part1_movieapp-starter/spring-rest/target/classes/application.properties' (classpath:/application.properties) for profile default
[INFO ] 2017-06-04 15:06:42.687 [main] GenericWebApplicationContext - Refreshing org.springframework.web.context.support.GenericWebApplicationContext@4158debd: startup date [Sun Jun 04 15:06:42 IST 2017]; root of context hierarchy
[DEBUG] 2017-06-04 15:06:42.687 [main] GenericWebApplicationContext - Bean factory for org.springframework.web.context.support.GenericWebApplicationContext@4158debd: org.springframework.beans.factory.support.DefaultListableBeanFactory@27fde870: defining beans [org.springframework.context.annotation.internalConfigurationAnnotationProcessor,org.springframework.context.annotation.internalAutowiredAnnotationProcessor,org.springframework.context.annotation.internalRequiredAnnotationProcessor,org.springframework.context.annotation.internalCommonAnnotationProcessor,org.springframework.context.event.internalEventListenerProcessor,org.springframework.context.event.internalEventListenerFactory,org.springframework.boot.test.context.ImportsContextCustomizer$ImportsCleanupPostProcessor,org.springframework.boot.test.context.ImportsContextCustomizer$ImportsConfiguration,org.springframework.boot.test.mock.mockito.MockitoPostProcessor$SpyPostProcessor,org.springframework.boot.test.mock.mockito.MockitoPostProcessor,ng2bootApplication]; root of factory hierarchy
[DEBUG] 2017-06-04 15:06:42.687 [main] DefaultListableBeanFactory - Registering scope 'request' with implementation [org.springframework.web.context.request.RequestScope@5ac7aa18]
[DEBUG] 2017-06-04 15:06:42.687 [main] DefaultListableBeanFactory - Registering scope 'session' with implementation [org.springframework.web.context.request.SessionScope@4cdd2c73]
[DEBUG] 2017-06-04 15:06:42.687 [main] DefaultListableBeanFactory - Registering scope 'globalSession' with implementation [org.springframework.web.context.request.SessionScope@4abf3f0]
[DEBUG] 2017-06-04 15:06:42.687 [main] DefaultListableBeanFactory - Registering scope 'application' with implementation [org.springframework.web.context.support.ServletContextScope@4e4c3a38]
[DEBUG] 2017-06-04 15:06:42.688 [main] DefaultListableBeanFactory - Creating shared instance of singleton bean 'org.springframework.context.annotation.internalConfigurationAnnotationProcessor'
[DEBUG] 2017-06-04 15:06:42.688 [main] DefaultListableBeanFactory - Creating instance of bean 'org.springframework.context.annotation.internalConfigurationAnnotationProcessor'
[DEBUG] 2017-06-04 15:06:42.688 [main] DefaultListableBeanFactory - Eagerly caching bean 'org.springframework.context.annotation.internalConfigurationAnnotationProcessor' to allow for resolving potential circular references
[DEBUG] 2017-06-04 15:06:42.689 [main] DefaultListableBeanFactory - Creating shared instance of singleton bean 'org.springframework.boot.autoconfigure.internalCachingMetadataReaderFactory'
[DEBUG] 2017-06-04 15:06:42.689 [main] DefaultListableBeanFactory - Creating instance of bean 'org.springframework.boot.autoconfigure.internalCachingMetadataReaderFactory'
[DEBUG] 2017-06-04 15:06:42.689 [main] DefaultListableBeanFactory - Eagerly caching bean 'org.springframework.boot.autoconfigure.internalCachingMetadataReaderFactory' to allow for resolving potential circular references
[DEBUG] 2017-06-04 15:06:42.689 [main] DefaultListableBeanFactory - Finished creating instance of bean 'org.springframework.boot.autoconfigure.internalCachingMetadataReaderFactory'
[DEBUG] 2017-06-04 15:06:42.696 [main] DefaultListableBeanFactory - Finished creating instance of bean 'org.springframework.context.annotation.internalConfigurationAnnotationProcessor'
[DEBUG] 2017-06-04 15:06:42.726 [main] StandardEnvironment - Adding [systemProperties] PropertySource with lowest search precedence
[DEBUG] 2017-06-04 15:06:42.726 [main] StandardEnvironment - Adding [systemEnvironment] PropertySource with lowest search precedence
[DEBUG] 2017-06-04 15:06:42.727 [main] StandardEnvironment - Initialized StandardEnvironment with PropertySources [systemProperties,systemEnvironment]
[DEBUG] 2017-06-04 15:06:42.727 [main] ClassPathBeanDefinitionScanner - JSR-250 'javax.annotation.ManagedBean' found and supported for component scanning
[DEBUG] 2017-06-04 15:06:42.728 [main] PathMatchingResourcePatternResolver - Resolved classpath location [com/stackroute/ng2boot/] to resources [URL [file:/home/user/Downloads/part1_movieapp-starter/spring-rest/target/test-classes/com/stackroute/ng2boot/], URL [file:/home/user/Downloads/part1_movieapp-starter/spring-rest/target/classes/com/stackroute/ng2boot/]]
[DEBUG] 2017-06-04 15:06:42.728 [main] PathMatchingResourcePatternResolver - Looking for matching resources in directory tree [/home/user/Downloads/part1_movieapp-starter/spring-rest/target/test-classes/com/stackroute/ng2boot]
[DEBUG] 2017-06-04 15:06:42.728 [main] PathMatchingResourcePatternResolver - Searching directory [/home/user/Downloads/part1_movieapp-starter/spring-rest/target/test-classes/com/stackroute/ng2boot] for files matching pattern [/home/user/Downloads/part1_movieapp-starter/spring-rest/target/test-classes/com/stackroute/ng2boot/**/*.class]
[DEBUG] 2017-06-04 15:06:42.731 [main] PathMatchingResourcePatternResolver - Searching directory [/home/user/Downloads/part1_movieapp-starter/spring-rest/target/test-classes/com/stackroute/ng2boot/controllers] for files matching pattern [/home/user/Downloads/part1_movieapp-starter/spring-rest/target/test-classes/com/stackroute/ng2boot/**/*.class]
[DEBUG] 2017-06-04 15:06:42.731 [main] PathMatchingResourcePatternResolver - Looking for matching resources in directory tree [/home/user/Downloads/part1_movieapp-starter/spring-rest/target/classes/com/stackroute/ng2boot]
[DEBUG] 2017-06-04 15:06:42.732 [main] PathMatchingResourcePatternResolver - Searching directory [/home/user/Downloads/part1_movieapp-starter/spring-rest/target/classes/com/stackroute/ng2boot] for files matching pattern [/home/user/Downloads/part1_movieapp-starter/spring-rest/target/classes/com/stackroute/ng2boot/**/*.class]
[DEBUG] 2017-06-04 15:06:42.732 [main] PathMatchingResourcePatternResolver - Searching directory [/home/user/Downloads/part1_movieapp-starter/spring-rest/target/classes/com/stackroute/ng2boot/config] for files matching pattern [/home/user/Downloads/part1_movieapp-starter/spring-rest/target/classes/com/stackroute/ng2boot/**/*.class]
[DEBUG] 2017-06-04 15:06:42.732 [main] PathMatchingResourcePatternResolver - Searching directory [/home/user/Downloads/part1_movieapp-starter/spring-rest/target/classes/com/stackroute/ng2boot/controllers] for files matching pattern [/home/user/Downloads/part1_movieapp-starter/spring-rest/target/classes/com/stackroute/ng2boot/**/*.class]
[DEBUG] 2017-06-04 15:06:42.732 [main] PathMatchingResourcePatternResolver - Searching directory [/home/user/Downloads/part1_movieapp-starter/spring-rest/target/classes/com/stackroute/ng2boot/domain] for files matching pattern [/home/user/Downloads/part1_movieapp-starter/spring-rest/target/classes/com/stackroute/ng2boot/**/*.class]
[DEBUG] 2017-06-04 15:06:42.732 [main] PathMatchingResourcePatternResolver - Searching directory [/home/user/Downloads/part1_movieapp-starter/spring-rest/target/classes/com/stackroute/ng2boot/links] for files matching pattern [/home/user/Downloads/part1_movieapp-starter/spring-rest/target/classes/com/stackroute/ng2boot/**/*.class]
[DEBUG] 2017-06-04 15:06:42.732 [main] PathMatchingResourcePatternResolver - Searching directory [/home/user/Downloads/part1_movieapp-starter/spring-rest/target/classes/com/stackroute/ng2boot/repository] for files matching pattern [/home/user/Downloads/part1_movieapp-starter/spring-rest/target/classes/com/stackroute/ng2boot/**/*.class]
[DEBUG] 2017-06-04 15:06:42.733 [main] PathMatchingResourcePatternResolver - Searching directory [/home/user/Downloads/part1_movieapp-starter/spring-rest/target/classes/com/stackroute/ng2boot/service] for files matching pattern [/home/user/Downloads/part1_movieapp-starter/spring-rest/target/classes/com/stackroute/ng2boot/**/*.class]
[DEBUG] 2017-06-04 15:06:42.733 [main] PathMatchingResourcePatternResolver - Resolved location pattern [classpath*:com/stackroute/ng2boot/**/*.class] to resources [file [/home/user/Downloads/part1_movieapp-starter/spring-rest/target/test-classes/com/stackroute/ng2boot/Ng2bootApplicationTests.class], file [/home/user/Downloads/part1_movieapp-starter/spring-rest/target/test-classes/com/stackroute/ng2boot/controllers/MovieRestControllerTest.class], file [/home/user/Downloads/part1_movieapp-starter/spring-rest/target/classes/com/stackroute/ng2boot/Ng2bootApplication.class], file [/home/user/Downloads/part1_movieapp-starter/spring-rest/target/classes/com/stackroute/ng2boot/config/SwaggerConfig.class], file [/home/user/Downloads/part1_movieapp-starter/spring-rest/target/classes/com/stackroute/ng2boot/controllers/MovieRestController.class], file [/home/user/Downloads/part1_movieapp-starter/spring-rest/target/classes/com/stackroute/ng2boot/controllers/MovieRestControllerTest.class], file [/home/user/Downloads/part1_movieapp-starter/spring-rest/target/classes/com/stackroute/ng2boot/domain/Movie.class], file [/home/user/Downloads/part1_movieapp-starter/spring-rest/target/classes/com/stackroute/ng2boot/links/MovieLinks.class], file [/home/user/Downloads/part1_movieapp-starter/spring-rest/target/classes/com/stackroute/ng2boot/links/MovieLinksImpl.class], file [/home/user/Downloads/part1_movieapp-starter/spring-rest/target/classes/com/stackroute/ng2boot/repository/CrudsRepository.class], file [/home/user/Downloads/part1_movieapp-starter/spring-rest/target/classes/com/stackroute/ng2boot/repository/MovieRepository.class], file [/home/user/Downloads/part1_movieapp-starter/spring-rest/target/classes/com/stackroute/ng2boot/service/MovieGetService.class], file [/home/user/Downloads/part1_movieapp-starter/spring-rest/target/classes/com/stackroute/ng2boot/service/MovieGetServiceImpl.class]]
[DEBUG] 2017-06-04 15:06:42.734 [main] DefaultListableBeanFactory - Returning cached instance of singleton bean 'org.springframework.boot.test.context.filter.TestTypeExcludeFilter'
[DEBUG] 2017-06-04 15:06:42.734 [main] DefaultListableBeanFactory - Returning cached instance of singleton bean 'org.springframework.boot.test.autoconfigure.filter.TypeExcludeFilters'
[DEBUG] 2017-06-04 15:06:42.738 [main] DefaultListableBeanFactory - Returning cached instance of singleton bean 'org.springframework.boot.test.context.filter.TestTypeExcludeFilter'
[DEBUG] 2017-06-04 15:06:42.738 [main] DefaultListableBeanFactory - Returning cached instance of singleton bean 'org.springframework.boot.test.autoconfigure.filter.TypeExcludeFilters'
[DEBUG] 2017-06-04 15:06:42.741 [main] DefaultListableBeanFactory - Returning cached instance of singleton bean 'org.springframework.boot.test.context.filter.TestTypeExcludeFilter'
[DEBUG] 2017-06-04 15:06:42.741 [main] DefaultListableBeanFactory - Returning cached instance of singleton bean 'org.springframework.boot.test.autoconfigure.filter.TypeExcludeFilters'
[DEBUG] 2017-06-04 15:06:42.749 [main] DefaultListableBeanFactory - Returning cached instance of singleton bean 'org.springframework.boot.test.context.filter.TestTypeExcludeFilter'
[DEBUG] 2017-06-04 15:06:42.749 [main] DefaultListableBeanFactory - Returning cached instance of singleton bean 'org.springframework.boot.test.autoconfigure.filter.TypeExcludeFilters'
[DEBUG] 2017-06-04 15:06:42.749 [main] ClassPathBeanDefinitionScanner - Identified candidate component class: file [/home/user/Downloads/part1_movieapp-starter/spring-rest/target/classes/com/stackroute/ng2boot/controllers/MovieRestController.class]
[DEBUG] 2017-06-04 15:06:42.750 [main] DefaultListableBeanFactory - Returning cached instance of singleton bean 'org.springframework.boot.test.context.filter.TestTypeExcludeFilter'
[DEBUG] 2017-06-04 15:06:42.750 [main] DefaultListableBeanFactory - Returning cached instance of singleton bean 'org.springframework.boot.test.autoconfigure.filter.TypeExcludeFilters'
[DEBUG] 2017-06-04 15:06:42.751 [main] DefaultListableBeanFactory - Returning cached instance of singleton bean 'org.springframework.boot.test.context.filter.TestTypeExcludeFilter'
[DEBUG] 2017-06-04 15:06:42.751 [main] DefaultListableBeanFactory - Returning cached instance of singleton bean 'org.springframework.boot.test.autoconfigure.filter.TypeExcludeFilters'
[DEBUG] 2017-06-04 15:06:42.756 [main] DefaultListableBeanFactory - Returning cached instance of singleton bean 'org.springframework.boot.test.context.filter.TestTypeExcludeFilter'
[DEBUG] 2017-06-04 15:06:42.756 [main] DefaultListableBeanFactory - Returning cached instance of singleton bean 'org.springframework.boot.test.autoconfigure.filter.TypeExcludeFilters'
[DEBUG] 2017-06-04 15:06:42.757 [main] DefaultListableBeanFactory - Returning cached instance of singleton bean 'org.springframework.boot.test.context.filter.TestTypeExcludeFilter'
[DEBUG] 2017-06-04 15:06:42.757 [main] DefaultListableBeanFactory - Returning cached instance of singleton bean 'org.springframework.boot.test.autoconfigure.filter.TypeExcludeFilters'
[DEBUG] 2017-06-04 15:06:42.760 [main] DefaultListableBeanFactory - Returning cached instance of singleton bean 'org.springframework.boot.test.context.filter.TestTypeExcludeFilter'
[DEBUG] 2017-06-04 15:06:42.760 [main] DefaultListableBeanFactory - Returning cached instance of singleton bean 'org.springframework.boot.test.autoconfigure.filter.TypeExcludeFilters'
[DEBUG] 2017-06-04 15:06:42.764 [main] DefaultListableBeanFactory - Returning cached instance of singleton bean 'org.springframework.boot.test.context.filter.TestTypeExcludeFilter'
[DEBUG] 2017-06-04 15:06:42.764 [main] DefaultListableBeanFactory - Returning cached instance of singleton bean 'org.springframework.boot.test.autoconfigure.filter.TypeExcludeFilters'
[DEBUG] 2017-06-04 15:06:42.770 [main] DefaultListableBeanFactory - Returning cached instance of singleton bean 'org.springframework.boot.test.context.filter.TestTypeExcludeFilter'
[DEBUG] 2017-06-04 15:06:42.770 [main] DefaultListableBeanFactory - Returning cached instance of singleton bean 'org.springframework.boot.test.autoconfigure.filter.TypeExcludeFilters'
[DEBUG] 2017-06-04 15:06:42.771 [main] DefaultListableBeanFactory - Returning cached instance of singleton bean 'org.springframework.boot.test.context.filter.TestTypeExcludeFilter'
[DEBUG] 2017-06-04 15:06:42.771 [main] DefaultListableBeanFactory - Returning cached instance of singleton bean 'org.springframework.boot.test.autoconfigure.filter.TypeExcludeFilters'
[DEBUG] 2017-06-04 15:06:42.797 [main] DefaultListableBeanFactory - Returning cached instance of singleton bean 'org.springframework.boot.autoconfigure.internalCachingMetadataReaderFactory'
[DEBUG] 2017-06-04 15:06:42.817 [main] DefaultListableBeanFactory - Returning cached instance of singleton bean 'autoConfigurationReport'
[DEBUG] 2017-06-04 15:06:42.818 [main] PropertySourcesPropertyResolver - Could not find key 'spring.messages.basename' in any property source
[DEBUG] 2017-06-04 15:06:42.818 [main] DefaultListableBeanFactory - Returning cached instance of singleton bean 'autoConfigurationReport'
[DEBUG] 2017-06-04 15:06:42.819 [main] DefaultListableBeanFactory - Returning cached instance of singleton bean 'autoConfigurationReport'
[DEBUG] 2017-06-04 15:06:42.819 [main] DefaultListableBeanFactory - Returning cached instance of singleton bean 'autoConfigurationReport'
[DEBUG] 2017-06-04 15:06:42.823 [main] PropertySourcesPropertyResolver - Found key 'spring.cache.type' in [Annotations] with type [CacheType]
[DEBUG] 2017-06-04 15:06:42.823 [main] PropertySourcesPropertyResolver - Found key 'spring.test.mockmvc.secure' in [Annotations] with type [Boolean]
[DEBUG] 2017-06-04 15:06:42.824 [main] PropertySourcesPropertyResolver - Found key 'spring.test.mockmvc.webdriver.enabled' in [Annotations] with type [Boolean]
[DEBUG] 2017-06-04 15:06:42.824 [main] PropertySourcesPropertyResolver - Found key 'spring.test.mockmvc.add-filters' in [Annotations] with type [Boolean]
[DEBUG] 2017-06-04 15:06:42.824 [main] PropertySourcesPropertyResolver - Found key 'spring.test.mockmvc.print-only-on-failure' in [Annotations] with type [Boolean]
[DEBUG] 2017-06-04 15:06:42.824 [main] PropertySourcesPropertyResolver - Found key 'spring.test.mockmvc.webclient.enabled' in [Annotations] with type [Boolean]
[DEBUG] 2017-06-04 15:06:42.824 [main] PropertySourcesPropertyResolver - Found key 'spring.boot.enableautoconfiguration' in [test] with type [String]
[DEBUG] 2017-06-04 15:06:42.824 [main] PropertySourcesPropertyResolver - Found key 'spring.jmx.enabled' in [Inlined Test Properties] with type [String]
[DEBUG] 2017-06-04 15:06:42.824 [main] PropertySourcesPropertyResolver - Found key 'org.springframework.boot.test.autoconfigure.web.servlet.WebMvcTestContextBootstrapper' in [Inlined Test Properties] with type [String]
[DEBUG] 2017-06-04 15:06:42.825 [main] PropertySourcesPropertyResolver - Found key 'server.port' in [Inlined Test Properties] with type [String]
[DEBUG] 2017-06-04 15:06:42.825 [main] PropertySourcesPropertyResolver - Found key 'java.runtime.name' in [systemProperties] with type [String]
[DEBUG] 2017-06-04 15:06:42.825 [main] PropertySourcesPropertyResolver - Found key 'sun.boot.library.path' in [systemProperties] with type [String]
[DEBUG] 2017-06-04 15:06:42.825 [main] PropertySourcesPropertyResolver - Found key 'java.vm.version' in [systemProperties] with type [String]
[DEBUG] 2017-06-04 15:06:42.825 [main] PropertySourcesPropertyResolver - Found key 'java.vm.vendor' in [systemProperties] with type [String]
[DEBUG] 2017-06-04 15:06:42.825 [main] PropertySourcesPropertyResolver - Found key 'java.vendor.url' in [systemProperties] with type [String]
[DEBUG] 2017-06-04 15:06:42.825 [main] PropertySourcesPropertyResolver - Found key 'path.separator' in [systemProperties] with type [String]
[DEBUG] 2017-06-04 15:06:42.825 [main] PropertySourcesPropertyResolver - Found key 'java.vm.name' in [systemProperties] with type [String]
[DEBUG] 2017-06-04 15:06:42.825 [main] PropertySourcesPropertyResolver - Found key 'file.encoding.pkg' in [systemProperties] with type [String]
[DEBUG] 2017-06-04 15:06:42.825 [main] PropertySourcesPropertyResolver - Found key 'user.country' in [systemProperties] with type [String]
[DEBUG] 2017-06-04 15:06:42.825 [main] PropertySourcesPropertyResolver - Found key 'sun.java.launcher' in [systemProperties] with type [String]
[DEBUG] 2017-06-04 15:06:42.825 [main] PropertySourcesPropertyResolver - Found key 'sun.os.patch.level' in [systemProperties] with type [String]
[DEBUG] 2017-06-04 15:06:42.826 [main] PropertySourcesPropertyResolver - Found key 'PID' in [systemProperties] with type [String]
[DEBUG] 2017-06-04 15:06:42.826 [main] PropertySourcesPropertyResolver - Found key 'java.vm.specification.name' in [systemProperties] with type [String]
[DEBUG] 2017-06-04 15:06:42.826 [main] PropertySourcesPropertyResolver - Found key 'user.dir' in [systemProperties] with type [String]
[DEBUG] 2017-06-04 15:06:42.826 [main] PropertySourcesPropertyResolver - Found key 'java.runtime.version' in [systemProperties] with type [String]
[DEBUG] 2017-06-04 15:06:42.826 [main] PropertySourcesPropertyResolver - Found key 'basedir' in [systemProperties] with type [String]
[DEBUG] 2017-06-04 15:06:42.826 [main] PropertySourcesPropertyResolver - Found key 'java.awt.graphicsenv' in [systemProperties] with type [String]
[DEBUG] 2017-06-04 15:06:42.826 [main] PropertySourcesPropertyResolver - Found key 'java.endorsed.dirs' in [systemProperties] with type [String]
[DEBUG] 2017-06-04 15:06:42.826 [main] PropertySourcesPropertyResolver - Found key 'os.arch' in [systemProperties] with type [String]
[DEBUG] 2017-06-04 15:06:42.826 [main] PropertySourcesPropertyResolver - Found key 'surefire.real.class.path' in [systemProperties] with type [String]
[DEBUG] 2017-06-04 15:06:42.826 [main] PropertySourcesPropertyResolver - Found key 'java.io.tmpdir' in [systemProperties] with type [String]
[DEBUG] 2017-06-04 15:06:42.826 [main] PropertySourcesPropertyResolver - Found key 'line.separator' in [systemProperties] with type [String]
[DEBUG] 2017-06-04 15:06:42.826 [main] PropertySourcesPropertyResolver - Found key 'java.vm.specification.vendor' in [systemProperties] with type [String]
[DEBUG] 2017-06-04 15:06:42.827 [main] PropertySourcesPropertyResolver - Found key 'os.name' in [systemProperties] with type [String]
[DEBUG] 2017-06-04 15:06:42.827 [main] PropertySourcesPropertyResolver - Found key 'sun.jnu.encoding' in [systemProperties] with type [String]
[DEBUG] 2017-06-04 15:06:42.827 [main] PropertySourcesPropertyResolver - Found key 'spring.beaninfo.ignore' in [systemProperties] with type [String]
[DEBUG] 2017-06-04 15:06:42.827 [main] PropertySourcesPropertyResolver - Found key 'java.library.path' in [systemProperties] with type [String]
[DEBUG] 2017-06-04 15:06:42.827 [main] PropertySourcesPropertyResolver - Found key 'surefire.test.class.path' in [systemProperties] with type [String]
[DEBUG] 2017-06-04 15:06:42.827 [main] PropertySourcesPropertyResolver - Found key 'java.specification.name' in [systemProperties] with type [String]
[DEBUG] 2017-06-04 15:06:42.827 [main] PropertySourcesPropertyResolver - Found key 'java.class.version' in [systemProperties] with type [String]
[DEBUG] 2017-06-04 15:06:42.827 [main] PropertySourcesPropertyResolver - Found key 'sun.management.compiler' in [systemProperties] with type [String]
[DEBUG] 2017-06-04 15:06:42.827 [main] PropertySourcesPropertyResolver - Found key 'os.version' in [systemProperties] with type [String]
[DEBUG] 2017-06-04 15:06:42.827 [main] PropertySourcesPropertyResolver - Found key 'user.home' in [systemProperties] with type [String]
[DEBUG] 2017-06-04 15:06:42.827 [main] PropertySourcesPropertyResolver - Found key 'user.timezone' in [systemProperties] with type [String]
[DEBUG] 2017-06-04 15:06:42.827 [main] PropertySourcesPropertyResolver - Found key 'java.awt.printerjob' in [systemProperties] with type [String]
[DEBUG] 2017-06-04 15:06:42.827 [main] PropertySourcesPropertyResolver - Found key 'file.encoding' in [systemProperties] with type [String]
[DEBUG] 2017-06-04 15:06:42.828 [main] PropertySourcesPropertyResolver - Found key 'java.specification.version' in [systemProperties] with type [String]
[DEBUG] 2017-06-04 15:06:42.828 [main] PropertySourcesPropertyResolver - Found key 'java.class.path' in [systemProperties] with type [String]
[DEBUG] 2017-06-04 15:06:42.828 [main] PropertySourcesPropertyResolver - Found key 'user.name' in [systemProperties] with type [String]
[DEBUG] 2017-06-04 15:06:42.828 [main] PropertySourcesPropertyResolver - Found key 'java.vm.specification.version' in [systemProperties] with type [String]
[DEBUG] 2017-06-04 15:06:42.828 [main] PropertySourcesPropertyResolver - Found key 'sun.java.command' in [systemProperties] with type [String]
[DEBUG] 2017-06-04 15:06:42.828 [main] PropertySourcesPropertyResolver - Found key 'java.home' in [systemProperties] with type [String]
[DEBUG] 2017-06-04 15:06:42.828 [main] PropertySourcesPropertyResolver - Found key 'sun.arch.data.model' in [systemProperties] with type [String]
[DEBUG] 2017-06-04 15:06:42.828 [main] PropertySourcesPropertyResolver - Found key 'user.language' in [systemProperties] with type [String]
[DEBUG] 2017-06-04 15:06:42.828 [main] PropertySourcesPropertyResolver - Found key 'java.specification.vendor' in [systemProperties] with type [String]
[DEBUG] 2017-06-04 15:06:42.828 [main] PropertySourcesPropertyResolver - Found key 'awt.toolkit' in [systemProperties] with type [String]
[DEBUG] 2017-06-04 15:06:42.828 [main] PropertySourcesPropertyResolver - Found key 'java.vm.info' in [systemProperties] with type [String]
[DEBUG] 2017-06-04 15:06:42.828 [main] PropertySourcesPropertyResolver - Found key 'java.version' in [systemProperties] with type [String]
[DEBUG] 2017-06-04 15:06:42.828 [main] PropertySourcesPropertyResolver - Found key 'java.ext.dirs' in [systemProperties] with type [String]
[DEBUG] 2017-06-04 15:06:42.828 [main] PropertySourcesPropertyResolver - Found key 'sun.boot.class.path' in [systemProperties] with type [String]
[DEBUG] 2017-06-04 15:06:42.828 [main] PropertySourcesPropertyResolver - Found key 'java.awt.headless' in [systemProperties] with type [String]
[DEBUG] 2017-06-04 15:06:42.829 [main] PropertySourcesPropertyResolver - Found key 'java.vendor' in [systemProperties] with type [String]
[DEBUG] 2017-06-04 15:06:42.829 [main] PropertySourcesPropertyResolver - Found key 'localRepository' in [systemProperties] with type [String]
[DEBUG] 2017-06-04 15:06:42.829 [main] PropertySourcesPropertyResolver - Found key 'file.separator' in [systemProperties] with type [String]
[DEBUG] 2017-06-04 15:06:42.829 [main] PropertySourcesPropertyResolver - Found key 'java.vendor.url.bug' in [systemProperties] with type [String]
[DEBUG] 2017-06-04 15:06:42.829 [main] PropertySourcesPropertyResolver - Found key 'sun.io.unicode.encoding' in [systemProperties] with type [String]
[DEBUG] 2017-06-04 15:06:42.829 [main] PropertySourcesPropertyResolver - Found key 'sun.cpu.endian' in [systemProperties] with type [String]
[DEBUG] 2017-06-04 15:06:42.829 [main] PropertySourcesPropertyResolver - Found key 'sun.desktop' in [systemProperties] with type [String]
[DEBUG] 2017-06-04 15:06:42.829 [main] PropertySourcesPropertyResolver - Found key 'sun.cpu.isalist' in [systemProperties] with type [String]
[DEBUG] 2017-06-04 15:06:42.829 [main] PropertySourcesPropertyResolver - Found key 'PATH' in [systemEnvironment] with type [String]
[DEBUG] 2017-06-04 15:06:42.829 [main] PropertySourcesPropertyResolver - Found key 'XAUTHORITY' in [systemEnvironment] with type [String]
[DEBUG] 2017-06-04 15:06:42.829 [main] PropertySourcesPropertyResolver - Found key 'XMODIFIERS' in [systemEnvironment] with type [String]
[DEBUG] 2017-06-04 15:06:42.829 [main] PropertySourcesPropertyResolver - Found key 'XDG_DATA_DIRS' in [systemEnvironment] with type [String]
[DEBUG] 2017-06-04 15:06:42.829 [main] PropertySourcesPropertyResolver - Found key 'GDMSESSION' in [systemEnvironment] with type [String]
[DEBUG] 2017-06-04 15:06:42.829 [main] PropertySourcesPropertyResolver - Found key 'MANDATORY_PATH' in [systemEnvironment] with type [String]
[DEBUG] 2017-06-04 15:06:42.829 [main] PropertySourcesPropertyResolver - Found key 'GTK_IM_MODULE' in [systemEnvironment] with type [String]
[DEBUG] 2017-06-04 15:06:42.829 [main] PropertySourcesPropertyResolver - Found key 'DBUS_SESSION_BUS_ADDRESS' in [systemEnvironment] with type [String]
[DEBUG] 2017-06-04 15:06:42.830 [main] PropertySourcesPropertyResolver - Found key 'DEFAULTS_PATH' in [systemEnvironment] with type [String]
[DEBUG] 2017-06-04 15:06:42.830 [main] PropertySourcesPropertyResolver - Found key 'XDG_CURRENT_DESKTOP' in [systemEnvironment] with type [String]
[DEBUG] 2017-06-04 15:06:42.830 [main] PropertySourcesPropertyResolver - Found key 'UPSTART_SESSION' in [systemEnvironment] with type [String]
[DEBUG] 2017-06-04 15:06:42.830 [main] PropertySourcesPropertyResolver - Found key 'QT4_IM_MODULE' in [systemEnvironment] with type [String]
[DEBUG] 2017-06-04 15:06:42.830 [main] PropertySourcesPropertyResolver - Found key 'QT_LINUX_ACCESSIBILITY_ALWAYS_ON' in [systemEnvironment] with type [String]
[DEBUG] 2017-06-04 15:06:42.830 [main] PropertySourcesPropertyResolver - Found key 'LOGNAME' in [systemEnvironment] with type [String]
[DEBUG] 2017-06-04 15:06:42.830 [main] PropertySourcesPropertyResolver - Found key 'JOB' in [systemEnvironment] with type [String]
[DEBUG] 2017-06-04 15:06:42.830 [main] PropertySourcesPropertyResolver - Found key 'PWD' in [systemEnvironment] with type [String]
[DEBUG] 2017-06-04 15:06:42.830 [main] PropertySourcesPropertyResolver - Found key 'DERBY_HOME' in [systemEnvironment] with type [String]
[DEBUG] 2017-06-04 15:06:42.830 [main] PropertySourcesPropertyResolver - Found key 'IM_CONFIG_PHASE' in [systemEnvironment] with type [String]
[DEBUG] 2017-06-04 15:06:42.831 [main] PropertySourcesPropertyResolver - Found key 'LANGUAGE' in [systemEnvironment] with type [String]
[DEBUG] 2017-06-04 15:06:42.831 [main] PropertySourcesPropertyResolver - Found key 'SHELL' in [systemEnvironment] with type [String]
[DEBUG] 2017-06-04 15:06:42.831 [main] PropertySourcesPropertyResolver - Found key 'GIO_LAUNCHED_DESKTOP_FILE' in [systemEnvironment] with type [String]
[DEBUG] 2017-06-04 15:06:42.831 [main] PropertySourcesPropertyResolver - Found key 'GTK2_MODULES' in [systemEnvironment] with type [String]
[DEBUG] 2017-06-04 15:06:42.831 [main] PropertySourcesPropertyResolver - Found key 'INSTANCE' in [systemEnvironment] with type [String]
[DEBUG] 2017-06-04 15:06:42.831 [main] PropertySourcesPropertyResolver - Found key 'J2SDKDIR' in [systemEnvironment] with type [String]
[DEBUG] 2017-06-04 15:06:42.831 [main] PropertySourcesPropertyResolver - Found key 'OLDPWD' in [systemEnvironment] with type [String]
[DEBUG] 2017-06-04 15:06:42.831 [main] PropertySourcesPropertyResolver - Found key 'GNOME_DESKTOP_SESSION_ID' in [systemEnvironment] with type [String]
[DEBUG] 2017-06-04 15:06:42.831 [main] PropertySourcesPropertyResolver - Found key 'UPSTART_INSTANCE' in [systemEnvironment] with type [String]
[DEBUG] 2017-06-04 15:06:42.831 [main] PropertySourcesPropertyResolver - Found key 'GTK_MODULES' in [systemEnvironment] with type [String]
[DEBUG] 2017-06-04 15:06:42.832 [main] PropertySourcesPropertyResolver - Found key 'J2REDIR' in [systemEnvironment] with type [String]
[DEBUG] 2017-06-04 15:06:42.832 [main] PropertySourcesPropertyResolver - Found key 'GDK_SCALE' in [systemEnvironment] with type [String]
[DEBUG] 2017-06-04 15:06:42.832 [main] PropertySourcesPropertyResolver - Found key 'CLUTTER_IM_MODULE' in [systemEnvironment] with type [String]
[DEBUG] 2017-06-04 15:06:42.832 [main] PropertySourcesPropertyResolver - Found key 'XDG_SESSION_PATH' in [systemEnvironment] with type [String]
[DEBUG] 2017-06-04 15:06:42.832 [main] PropertySourcesPropertyResolver - Found key 'COMPIZ_BIN_PATH' in [systemEnvironment] with type [String]
[DEBUG] 2017-06-04 15:06:42.832 [main] PropertySourcesPropertyResolver - Found key 'SESSIONTYPE' in [systemEnvironment] with type [String]
[DEBUG] 2017-06-04 15:06:42.832 [main] PropertySourcesPropertyResolver - Found key 'XDG_SESSION_DESKTOP' in [systemEnvironment] with type [String]
[DEBUG] 2017-06-04 15:06:42.832 [main] PropertySourcesPropertyResolver - Found key 'SHLVL' in [systemEnvironment] with type [String]
[DEBUG] 2017-06-04 15:06:42.832 [main] PropertySourcesPropertyResolver - Found key 'OXYGEN_DISABLE_INNER_SHADOWS_HACK' in [systemEnvironment] with type [String]
[DEBUG] 2017-06-04 15:06:42.832 [main] PropertySourcesPropertyResolver - Found key 'COMPIZ_CONFIG_PROFILE' in [systemEnvironment] with type [String]
[DEBUG] 2017-06-04 15:06:42.832 [main] PropertySourcesPropertyResolver - Found key 'QT_IM_MODULE' in [systemEnvironment] with type [String]
[DEBUG] 2017-06-04 15:06:42.833 [main] PropertySourcesPropertyResolver - Found key 'UPSTART_JOB' in [systemEnvironment] with type [String]
[DEBUG] 2017-06-04 15:06:42.833 [main] PropertySourcesPropertyResolver - Found key 'JAVA_HOME' in [systemEnvironment] with type [String]
[DEBUG] 2017-06-04 15:06:42.833 [main] PropertySourcesPropertyResolver - Found key 'XDG_CONFIG_DIRS' in [systemEnvironment] with type [String]
[DEBUG] 2017-06-04 15:06:42.833 [main] PropertySourcesPropertyResolver - Found key 'XFILESEARCHPATH' in [systemEnvironment] with type [String]
[DEBUG] 2017-06-04 15:06:42.833 [main] PropertySourcesPropertyResolver - Found key 'LANG' in [systemEnvironment] with type [String]
[DEBUG] 2017-06-04 15:06:42.833 [main] PropertySourcesPropertyResolver - Found key 'GNOME_KEYRING_CONTROL' in [systemEnvironment] with type [String]
[DEBUG] 2017-06-04 15:06:42.833 [main] PropertySourcesPropertyResolver - Found key 'XDG_SEAT_PATH' in [systemEnvironment] with type [String]
[DEBUG] 2017-06-04 15:06:42.833 [main] PropertySourcesPropertyResolver - Found key 'XDG_SESSION_ID' in [systemEnvironment] with type [String]
[DEBUG] 2017-06-04 15:06:42.833 [main] PropertySourcesPropertyResolver - Found key 'XDG_SESSION_TYPE' in [systemEnvironment] with type [String]
[DEBUG] 2017-06-04 15:06:42.833 [main] PropertySourcesPropertyResolver - Found key 'DISPLAY' in [systemEnvironment] with type [String]
[DEBUG] 2017-06-04 15:06:42.833 [main] PropertySourcesPropertyResolver - Found key 'NODE_PATH' in [systemEnvironment] with type [String]
[DEBUG] 2017-06-04 15:06:42.833 [main] PropertySourcesPropertyResolver - Found key 'GDM_LANG' in [systemEnvironment] with type [String]
[DEBUG] 2017-06-04 15:06:42.834 [main] PropertySourcesPropertyResolver - Found key 'XDG_GREETER_DATA_DIR' in [systemEnvironment] with type [String]
[DEBUG] 2017-06-04 15:06:42.834 [main] PropertySourcesPropertyResolver - Found key 'UPSTART_EVENTS' in [systemEnvironment] with type [String]
[DEBUG] 2017-06-04 15:06:42.834 [main] PropertySourcesPropertyResolver - Found key 'LIBOVERLAY_SCROLLBAR' in [systemEnvironment] with type [String]
[DEBUG] 2017-06-04 15:06:42.834 [main] PropertySourcesPropertyResolver - Found key 'GPG_AGENT_INFO' in [systemEnvironment] with type [String]
[DEBUG] 2017-06-04 15:06:42.834 [main] PropertySourcesPropertyResolver - Found key 'GDK_CORE_DEVICE_EVENTS' in [systemEnvironment] with type [String]
[DEBUG] 2017-06-04 15:06:42.834 [main] PropertySourcesPropertyResolver - Found key 'DESKTOP_SESSION' in [systemEnvironment] with type [String]
[DEBUG] 2017-06-04 15:06:42.834 [main] PropertySourcesPropertyResolver - Found key 'SESSION' in [systemEnvironment] with type [String]
[DEBUG] 2017-06-04 15:06:42.834 [main] PropertySourcesPropertyResolver - Found key 'USER' in [systemEnvironment] with type [String]
[DEBUG] 2017-06-04 15:06:42.834 [main] PropertySourcesPropertyResolver - Found key 'GIO_LAUNCHED_DESKTOP_FILE_PID' in [systemEnvironment] with type [String]
[DEBUG] 2017-06-04 15:06:42.834 [main] PropertySourcesPropertyResolver - Found key 'QT_ACCESSIBILITY' in [systemEnvironment] with type [String]
[DEBUG] 2017-06-04 15:06:42.834 [main] PropertySourcesPropertyResolver - Found key 'SSH_AUTH_SOCK' in [systemEnvironment] with type [String]
[DEBUG] 2017-06-04 15:06:42.835 [main] PropertySourcesPropertyResolver - Found key 'XDG_SEAT' in [systemEnvironment] with type [String]
[DEBUG] 2017-06-04 15:06:42.835 [main] PropertySourcesPropertyResolver - Found key 'NLSPATH' in [systemEnvironment] with type [String]
[DEBUG] 2017-06-04 15:06:42.835 [main] PropertySourcesPropertyResolver - Found key 'QT_QPA_PLATFORMTHEME' in [systemEnvironment] with type [String]
[DEBUG] 2017-06-04 15:06:42.835 [main] PropertySourcesPropertyResolver - Found key 'XDG_VTNR' in [systemEnvironment] with type [String]
[DEBUG] 2017-06-04 15:06:42.835 [main] PropertySourcesPropertyResolver - Found key 'XDG_RUNTIME_DIR' in [systemEnvironment] with type [String]
[DEBUG] 2017-06-04 15:06:42.835 [main] PropertySourcesPropertyResolver - Found key 'HOME' in [systemEnvironment] with type [String]
[DEBUG] 2017-06-04 15:06:42.835 [main] PropertySourcesPropertyResolver - Found key 'GNOME_KEYRING_PID' in [systemEnvironment] with type [String]
[DEBUG] 2017-06-04 15:06:42.835 [main] PropertySourcesPropertyResolver - Found key 'logging.config' in [applicationConfigurationProperties] with type [String]
[DEBUG] 2017-06-04 15:06:42.844 [main] DefaultListableBeanFactory - Returning cached instance of singleton bean 'autoConfigurationReport'
[DEBUG] 2017-06-04 15:06:42.850 [main] DefaultListableBeanFactory - Returning cached instance of singleton bean 'autoConfigurationReport'
[DEBUG] 2017-06-04 15:06:42.861 [main] DefaultListableBeanFactory - Returning cached instance of singleton bean 'autoConfigurationReport'
[DEBUG] 2017-06-04 15:06:42.863 [main] DefaultListableBeanFactory - Returning cached instance of singleton bean 'autoConfigurationReport'
[DEBUG] 2017-06-04 15:06:42.877 [main] PropertySourcesPropertyResolver - Found key 'spring.cache.type' in [Annotations] with type [CacheType]
[DEBUG] 2017-06-04 15:06:42.878 [main] DefaultListableBeanFactory - Returning cached instance of singleton bean 'autoConfigurationReport'
[DEBUG] 2017-06-04 15:06:42.879 [main] DefaultListableBeanFactory - Returning cached instance of singleton bean 'autoConfigurationReport'
[DEBUG] 2017-06-04 15:06:42.880 [main] DefaultListableBeanFactory - Returning cached instance of singleton bean 'autoConfigurationReport'
[DEBUG] 2017-06-04 15:06:42.881 [main] DefaultListableBeanFactory - Returning cached instance of singleton bean 'autoConfigurationReport'
[DEBUG] 2017-06-04 15:06:42.883 [main] DefaultListableBeanFactory - Returning cached instance of singleton bean 'autoConfigurationReport'
[DEBUG] 2017-06-04 15:06:42.884 [main] DefaultListableBeanFactory - Returning cached instance of singleton bean 'autoConfigurationReport'
[DEBUG] 2017-06-04 15:06:42.884 [main] PropertySourcesPropertyResolver - Found key 'spring.cache.type' in [Annotations] with type [CacheType]
[DEBUG] 2017-06-04 15:06:42.884 [main] DefaultListableBeanFactory - Returning cached instance of singleton bean 'autoConfigurationReport'
[DEBUG] 2017-06-04 15:06:42.886 [main] DefaultListableBeanFactory - Returning cached instance of singleton bean 'autoConfigurationReport'
[DEBUG] 2017-06-04 15:06:42.887 [main] DefaultListableBeanFactory - Returning cached instance of singleton bean 'autoConfigurationReport'
[DEBUG] 2017-06-04 15:06:42.887 [main] PropertySourcesPropertyResolver - Found key 'spring.cache.type' in [Annotations] with type [CacheType]
[DEBUG] 2017-06-04 15:06:42.887 [main] DefaultListableBeanFactory - Returning cached instance of singleton bean 'autoConfigurationReport'
[DEBUG] 2017-06-04 15:06:42.888 [main] PropertySourcesPropertyResolver - Found key 'spring.cache.type' in [Annotations] with type [CacheType]
[DEBUG] 2017-06-04 15:06:42.888 [main] DefaultListableBeanFactory - Returning cached instance of singleton bean 'autoConfigurationReport'
[DEBUG] 2017-06-04 15:06:42.890 [main] DefaultListableBeanFactory - Returning cached instance of singleton bean 'autoConfigurationReport'
[DEBUG] 2017-06-04 15:06:42.891 [main] DefaultListableBeanFactory - Returning cached instance of singleton bean 'autoConfigurationReport'
[DEBUG] 2017-06-04 15:06:42.891 [main] DefaultListableBeanFactory - Returning cached instance of singleton bean 'autoConfigurationReport'
[DEBUG] 2017-06-04 15:06:42.892 [main] DefaultListableBeanFactory - Returning cached instance of singleton bean 'autoConfigurationReport'
[DEBUG] 2017-06-04 15:06:42.899 [main] DefaultListableBeanFactory - Returning cached instance of singleton bean 'autoConfigurationReport'
[DEBUG] 2017-06-04 15:06:42.903 [main] DefaultListableBeanFactory - Returning cached instance of singleton bean 'autoConfigurationReport'
[DEBUG] 2017-06-04 15:06:42.907 [main] DefaultListableBeanFactory - Returning cached instance of singleton bean 'autoConfigurationReport'
[DEBUG] 2017-06-04 15:06:42.908 [main] DefaultListableBeanFactory - Returning cached instance of singleton bean 'autoConfigurationReport'
[DEBUG] 2017-06-04 15:06:42.909 [main] DefaultListableBeanFactory - Returning cached instance of singleton bean 'autoConfigurationReport'
[DEBUG] 2017-06-04 15:06:42.910 [main] DefaultListableBeanFactory - Returning cached instance of singleton bean 'autoConfigurationReport'
[DEBUG] 2017-06-04 15:06:42.912 [main] DefaultListableBeanFactory - Returning cached instance of singleton bean 'autoConfigurationReport'
[DEBUG] 2017-06-04 15:06:42.918 [main] DefaultListableBeanFactory - Returning cached instance of singleton bean 'autoConfigurationReport'
[DEBUG] 2017-06-04 15:06:42.918 [main] DefaultListableBeanFactory - Returning cached instance of singleton bean 'autoConfigurationReport'
[DEBUG] 2017-06-04 15:06:42.919 [main] DefaultListableBeanFactory - Returning cached instance of singleton bean 'autoConfigurationReport'
[DEBUG] 2017-06-04 15:06:42.921 [main] DefaultListableBeanFactory - Returning cached instance of singleton bean 'autoConfigurationReport'
[DEBUG] 2017-06-04 15:06:42.924 [main] DefaultListableBeanFactory - Returning cached instance of singleton bean 'autoConfigurationReport'
[DEBUG] 2017-06-04 15:06:42.925 [main] DefaultListableBeanFactory - Returning cached instance of singleton bean 'autoConfigurationReport'
[DEBUG] 2017-06-04 15:06:42.937 [main] DefaultListableBeanFactory - Returning cached instance of singleton bean 'autoConfigurationReport'
[DEBUG] 2017-06-04 15:06:42.937 [main] DefaultListableBeanFactory - Returning cached instance of singleton bean 'autoConfigurationReport'
[DEBUG] 2017-06-04 15:06:42.938 [main] DefaultListableBeanFactory - Returning cached instance of singleton bean 'autoConfigurationReport'
[DEBUG] 2017-06-04 15:06:42.941 [main] PropertySourcesPropertyResolver - Found key 'spring.test.mockmvc.secure' in [Annotations] with type [Boolean]
[DEBUG] 2017-06-04 15:06:42.942 [main] DefaultListableBeanFactory - Returning cached instance of singleton bean 'autoConfigurationReport'
[DEBUG] 2017-06-04 15:06:42.945 [main] DefaultListableBeanFactory - Returning cached instance of singleton bean 'autoConfigurationReport'
[DEBUG] 2017-06-04 15:06:42.946 [main] DefaultListableBeanFactory - Returning cached instance of singleton bean 'autoConfigurationReport'
[DEBUG] 2017-06-04 15:06:42.948 [main] DefaultListableBeanFactory - Returning cached instance of singleton bean 'autoConfigurationReport'
[DEBUG] 2017-06-04 15:06:42.948 [main] DefaultListableBeanFactory - Returning cached instance of singleton bean 'autoConfigurationReport'
[DEBUG] 2017-06-04 15:06:42.949 [main] DefaultListableBeanFactory - Returning cached instance of singleton bean 'autoConfigurationReport'
[DEBUG] 2017-06-04 15:06:42.949 [main] PropertySourcesPropertyResolver - Found key 'spring.boot.enableautoconfiguration' in [test] with type [String]
[DEBUG] 2017-06-04 15:06:42.950 [main] ConfigurationClassBeanDefinitionReader - Registered bean definition for imported class 'com.stackroute.ng2boot.controllers.MovieRestControllerTest'
[DEBUG] 2017-06-04 15:06:42.951 [main] StandardEnvironment - Adding [systemProperties] PropertySource with lowest search precedence
[DEBUG] 2017-06-04 15:06:42.951 [main] StandardEnvironment - Adding [systemEnvironment] PropertySource with lowest search precedence
[DEBUG] 2017-06-04 15:06:42.951 [main] StandardEnvironment - Initialized StandardEnvironment with PropertySources [systemProperties,systemEnvironment]
[DEBUG] 2017-06-04 15:06:42.952 [main] PathMatchingResourcePatternResolver - Resolved classpath location [org/springframework/data/] to resources [URL [jar:file:/home/user/.m2/repository/org/springframework/data/spring-data-mongodb/1.9.5.RELEASE/spring-data-mongodb-1.9.5.RELEASE.jar!/org/springframework/data/], URL [jar:file:/home/user/.m2/repository/org/springframework/data/spring-data-commons/1.12.5.RELEASE/spring-data-commons-1.12.5.RELEASE.jar!/org/springframework/data/]]
[DEBUG] 2017-06-04 15:06:42.952 [main] PathMatchingResourcePatternResolver - Looking for matching resources in jar file [file:/home/user/.m2/repository/org/springframework/data/spring-data-mongodb/1.9.5.RELEASE/spring-data-mongodb-1.9.5.RELEASE.jar]
[DEBUG] 2017-06-04 15:06:42.957 [main] PathMatchingResourcePatternResolver - Looking for matching resources in jar file [file:/home/user/.m2/repository/org/springframework/data/spring-data-commons/1.12.5.RELEASE/spring-data-commons-1.12.5.RELEASE.jar]
[DEBUG] 2017-06-04 15:06:42.962 [main] PathMatchingResourcePatternResolver - Resolved location pattern [classpath*:org/springframework/data/**/repository/support/**/*.class] to resources [URL [jar:file:/home/user/.m2/repository/org/springframework/data/spring-data-mongodb/1.9.5.RELEASE/spring-data-mongodb-1.9.5.RELEASE.jar!/org/springframework/data/mongodb/repository/support/IndexEnsuringQueryCreationListener.class], URL [jar:file:/home/user/.m2/repository/org/springframework/data/spring-data-mongodb/1.9.5.RELEASE/spring-data-mongodb-1.9.5.RELEASE.jar!/org/springframework/data/mongodb/repository/support/MappingMongoEntityInformation.class], URL [jar:file:/home/user/.m2/repository/org/springframework/data/spring-data-mongodb/1.9.5.RELEASE/spring-data-mongodb-1.9.5.RELEASE.jar!/org/springframework/data/mongodb/repository/support/MongoAnnotationProcessor.class], URL [jar:file:/home/user/.m2/repository/org/springframework/data/spring-data-mongodb/1.9.5.RELEASE/spring-data-mongodb-1.9.5.RELEASE.jar!/org/springframework/data/mongodb/repository/support/MongoRepositoryFactory$MongoQueryLookupStrategy.class], URL [jar:file:/home/user/.m2/repository/org/springframework/data/spring-data-mongodb/1.9.5.RELEASE/spring-data-mongodb-1.9.5.RELEASE.jar!/org/springframework/data/mongodb/repository/support/MongoRepositoryFactory.class], URL [jar:file:/home/user/.m2/repository/org/springframework/data/spring-data-mongodb/1.9.5.RELEASE/spring-data-mongodb-1.9.5.RELEASE.jar!/org/springframework/data/mongodb/repository/support/MongoRepositoryFactoryBean.class], URL [jar:file:/home/user/.m2/repository/org/springframework/data/spring-data-mongodb/1.9.5.RELEASE/spring-data-mongodb-1.9.5.RELEASE.jar!/org/springframework/data/mongodb/repository/support/QueryDslMongoRepository.class], URL [jar:file:/home/user/.m2/repository/org/springframework/data/spring-data-mongodb/1.9.5.RELEASE/spring-data-mongodb-1.9.5.RELEASE.jar!/org/springframework/data/mongodb/repository/support/QuerydslRepositorySupport.class], URL [jar:file:/home/user/.m2/repository/org/springframework/data/spring-data-mongodb/1.9.5.RELEASE/spring-data-mongodb-1.9.5.RELEASE.jar!/org/springframework/data/mongodb/repository/support/SimpleMongoRepository.class], URL [jar:file:/home/user/.m2/repository/org/springframework/data/spring-data-mongodb/1.9.5.RELEASE/spring-data-mongodb-1.9.5.RELEASE.jar!/org/springframework/data/mongodb/repository/support/SpringDataMongodbQuery$1.class], URL [jar:file:/home/user/.m2/repository/org/springframework/data/spring-data-mongodb/1.9.5.RELEASE/spring-data-mongodb-1.9.5.RELEASE.jar!/org/springframework/data/mongodb/repository/support/SpringDataMongodbQuery.class], URL [jar:file:/home/user/.m2/repository/org/springframework/data/spring-data-mongodb/1.9.5.RELEASE/spring-data-mongodb-1.9.5.RELEASE.jar!/org/springframework/data/mongodb/repository/support/SpringDataMongodbSerializer.class], URL [jar:file:/home/user/.m2/repository/org/springframework/data/spring-data-commons/1.12.5.RELEASE/spring-data-commons-1.12.5.RELEASE.jar!/org/springframework/data/repository/support/AnnotationAttribute.class], URL [jar:file:/home/user/.m2/repository/org/springframework/data/spring-data-commons/1.12.5.RELEASE/spring-data-commons-1.12.5.RELEASE.jar!/org/springframework/data/repository/support/CrudRepositoryInvoker.class], URL [jar:file:/home/user/.m2/repository/org/springframework/data/spring-data-commons/1.12.5.RELEASE/spring-data-commons-1.12.5.RELEASE.jar!/org/springframework/data/repository/support/DefaultRepositoryInvokerFactory.class], URL [jar:file:/home/user/.m2/repository/org/springframework/data/spring-data-commons/1.12.5.RELEASE/spring-data-commons-1.12.5.RELEASE.jar!/org/springframework/data/repository/support/DomainClassConverter$ToEntityConverter.class], URL [jar:file:/home/user/.m2/repository/org/springframework/data/spring-data-commons/1.12.5.RELEASE/spring-data-commons-1.12.5.RELEASE.jar!/org/springframework/data/repository/support/DomainClassConverter$ToIdConverter.class], URL [jar:file:/home/user/.m2/repository/org/springframework/data/spring-data-commons/1.12.5.RELEASE/spring-data-commons-1.12.5.RELEASE.jar!/org/springframework/data/repository/support/DomainClassConverter.class], URL [jar:file:/home/user/.m2/repository/org/springframework/data/spring-data-commons/1.12.5.RELEASE/spring-data-commons-1.12.5.RELEASE.jar!/org/springframework/data/repository/support/DomainClassPropertyEditor.class], URL [jar:file:/home/user/.m2/repository/org/springframework/data/spring-data-commons/1.12.5.RELEASE/spring-data-commons-1.12.5.RELEASE.jar!/org/springframework/data/repository/support/DomainClassPropertyEditorRegistrar.class], URL [jar:file:/home/user/.m2/repository/org/springframework/data/spring-data-commons/1.12.5.RELEASE/spring-data-commons-1.12.5.RELEASE.jar!/org/springframework/data/repository/support/MethodParameters$AnnotationNamingMethodParameter.class], URL [jar:file:/home/user/.m2/repository/org/springframework/data/spring-data-commons/1.12.5.RELEASE/spring-data-commons-1.12.5.RELEASE.jar!/org/springframework/data/repository/support/MethodParameters.class], URL [jar:file:/home/user/.m2/repository/org/springframework/data/spring-data-commons/1.12.5.RELEASE/spring-data-commons-1.12.5.RELEASE.jar!/org/springframework/data/repository/support/PagingAndSortingRepositoryInvoker.class], URL [jar:file:/home/user/.m2/repository/org/springframework/data/spring-data-commons/1.12.5.RELEASE/spring-data-commons-1.12.5.RELEASE.jar!/org/springframework/data/repository/support/QueryMethodParameterConversionException.class], URL [jar:file:/home/user/.m2/repository/org/springframework/data/spring-data-commons/1.12.5.RELEASE/spring-data-commons-1.12.5.RELEASE.jar!/org/springframework/data/repository/support/ReflectionRepositoryInvoker.class], URL [jar:file:/home/user/.m2/repository/org/springframework/data/spring-data-commons/1.12.5.RELEASE/spring-data-commons-1.12.5.RELEASE.jar!/org/springframework/data/repository/support/Repositories$EmptyRepositoryFactoryInformation.class], URL [jar:file:/home/user/.m2/repository/org/springframework/data/spring-data-commons/1.12.5.RELEASE/spring-data-commons-1.12.5.RELEASE.jar!/org/springframework/data/repository/support/Repositories.class], URL [jar:file:/home/user/.m2/repository/org/springframework/data/spring-data-commons/1.12.5.RELEASE/spring-data-commons-1.12.5.RELEASE.jar!/org/springframework/data/repository/support/RepositoryInvocationInformation.class], URL [jar:file:/home/user/.m2/repository/org/springframework/data/spring-data-commons/1.12.5.RELEASE/spring-data-commons-1.12.5.RELEASE.jar!/org/springframework/data/repository/support/RepositoryInvoker.class], URL [jar:file:/home/user/.m2/repository/org/springframework/data/spring-data-commons/1.12.5.RELEASE/spring-data-commons-1.12.5.RELEASE.jar!/org/springframework/data/repository/support/RepositoryInvokerFactory.class]]
[DEBUG] 2017-06-04 15:06:42.967 [main] AssignableTypeFilter - Could not read super class [com.querydsl.apt.AbstractQuerydslProcessor] of type-filtered class [org.springframework.data.mongodb.repository.support.MongoAnnotationProcessor]
[DEBUG] 2017-06-04 15:06:42.968 [main] ClassPathScanningCandidateComponentProvider - Identified candidate component class: URL [jar:file:/home/user/.m2/repository/org/springframework/data/spring-data-mongodb/1.9.5.RELEASE/spring-data-mongodb-1.9.5.RELEASE.jar!/org/springframework/data/mongodb/repository/support/MongoRepositoryFactory.class]
[DEBUG] 2017-06-04 15:06:42.976 [main] AssignableTypeFilter - Could not read super class [com.querydsl.mongodb.AbstractMongodbQuery] of type-filtered class [org.springframework.data.mongodb.repository.support.SpringDataMongodbQuery]
[DEBUG] 2017-06-04 15:06:42.977 [main] AssignableTypeFilter - Could not read super class [com.querydsl.mongodb.MongodbSerializer] of type-filtered class [org.springframework.data.mongodb.repository.support.SpringDataMongodbSerializer]
[DEBUG] 2017-06-04 15:06:42.992 [main] StandardEnvironment - Adding [systemProperties] PropertySource with lowest search precedence
[DEBUG] 2017-06-04 15:06:42.992 [main] StandardEnvironment - Adding [systemEnvironment] PropertySource with lowest search precedence
[DEBUG] 2017-06-04 15:06:42.992 [main] StandardEnvironment - Initialized StandardEnvironment with PropertySources [systemProperties,systemEnvironment]
[DEBUG] 2017-06-04 15:06:42.992 [main] PathMatchingResourcePatternResolver - Resolved classpath location [com/stackroute/ng2boot/] to resources [URL [file:/home/user/Downloads/part1_movieapp-starter/spring-rest/target/test-classes/com/stackroute/ng2boot/], URL [file:/home/user/Downloads/part1_movieapp-starter/spring-rest/target/classes/com/stackroute/ng2boot/]]
[DEBUG] 2017-06-04 15:06:42.993 [main] PathMatchingResourcePatternResolver - Looking for matching resources in directory tree [/home/user/Downloads/part1_movieapp-starter/spring-rest/target/test-classes/com/stackroute/ng2boot]
[DEBUG] 2017-06-04 15:06:42.993 [main] PathMatchingResourcePatternResolver - Searching directory [/home/user/Downloads/part1_movieapp-starter/spring-rest/target/test-classes/com/stackroute/ng2boot] for files matching pattern [/home/user/Downloads/part1_movieapp-starter/spring-rest/target/test-classes/com/stackroute/ng2boot/**/*.class]
[DEBUG] 2017-06-04 15:06:42.993 [main] PathMatchingResourcePatternResolver - Searching directory [/home/user/Downloads/part1_movieapp-starter/spring-rest/target/test-classes/com/stackroute/ng2boot/controllers] for files matching pattern [/home/user/Downloads/part1_movieapp-starter/spring-rest/target/test-classes/com/stackroute/ng2boot/**/*.class]
[DEBUG] 2017-06-04 15:06:42.993 [main] PathMatchingResourcePatternResolver - Looking for matching resources in directory tree [/home/user/Downloads/part1_movieapp-starter/spring-rest/target/classes/com/stackroute/ng2boot]
[DEBUG] 2017-06-04 15:06:42.993 [main] PathMatchingResourcePatternResolver - Searching directory [/home/user/Downloads/part1_movieapp-starter/spring-rest/target/classes/com/stackroute/ng2boot] for files matching pattern [/home/user/Downloads/part1_movieapp-starter/spring-rest/target/classes/com/stackroute/ng2boot/**/*.class]
[DEBUG] 2017-06-04 15:06:42.994 [main] PathMatchingResourcePatternResolver - Searching directory [/home/user/Downloads/part1_movieapp-starter/spring-rest/target/classes/com/stackroute/ng2boot/config] for files matching pattern [/home/user/Downloads/part1_movieapp-starter/spring-rest/target/classes/com/stackroute/ng2boot/**/*.class]
[DEBUG] 2017-06-04 15:06:42.994 [main] PathMatchingResourcePatternResolver - Searching directory [/home/user/Downloads/part1_movieapp-starter/spring-rest/target/classes/com/stackroute/ng2boot/controllers] for files matching pattern [/home/user/Downloads/part1_movieapp-starter/spring-rest/target/classes/com/stackroute/ng2boot/**/*.class]
[DEBUG] 2017-06-04 15:06:42.994 [main] PathMatchingResourcePatternResolver - Searching directory [/home/user/Downloads/part1_movieapp-starter/spring-rest/target/classes/com/stackroute/ng2boot/domain] for files matching pattern [/home/user/Downloads/part1_movieapp-starter/spring-rest/target/classes/com/stackroute/ng2boot/**/*.class]
[DEBUG] 2017-06-04 15:06:42.994 [main] PathMatchingResourcePatternResolver - Searching directory [/home/user/Downloads/part1_movieapp-starter/spring-rest/target/classes/com/stackroute/ng2boot/links] for files matching pattern [/home/user/Downloads/part1_movieapp-starter/spring-rest/target/classes/com/stackroute/ng2boot/**/*.class]
[DEBUG] 2017-06-04 15:06:42.994 [main] PathMatchingResourcePatternResolver - Searching directory [/home/user/Downloads/part1_movieapp-starter/spring-rest/target/classes/com/stackroute/ng2boot/repository] for files matching pattern [/home/user/Downloads/part1_movieapp-starter/spring-rest/target/classes/com/stackroute/ng2boot/**/*.class]
[DEBUG] 2017-06-04 15:06:42.994 [main] PathMatchingResourcePatternResolver - Searching directory [/home/user/Downloads/part1_movieapp-starter/spring-rest/target/classes/com/stackroute/ng2boot/service] for files matching pattern [/home/user/Downloads/part1_movieapp-starter/spring-rest/target/classes/com/stackroute/ng2boot/**/*.class]
[DEBUG] 2017-06-04 15:06:42.995 [main] PathMatchingResourcePatternResolver - Resolved location pattern [classpath*:com/stackroute/ng2boot/**/*.class] to resources [file [/home/user/Downloads/part1_movieapp-starter/spring-rest/target/test-classes/com/stackroute/ng2boot/Ng2bootApplicationTests.class], file [/home/user/Downloads/part1_movieapp-starter/spring-rest/target/test-classes/com/stackroute/ng2boot/controllers/MovieRestControllerTest.class], file [/home/user/Downloads/part1_movieapp-starter/spring-rest/target/classes/com/stackroute/ng2boot/Ng2bootApplication.class], file [/home/user/Downloads/part1_movieapp-starter/spring-rest/target/classes/com/stackroute/ng2boot/config/SwaggerConfig.class], file [/home/user/Downloads/part1_movieapp-starter/spring-rest/target/classes/com/stackroute/ng2boot/controllers/MovieRestController.class], file [/home/user/Downloads/part1_movieapp-starter/spring-rest/target/classes/com/stackroute/ng2boot/controllers/MovieRestControllerTest.class], file [/home/user/Downloads/part1_movieapp-starter/spring-rest/target/classes/com/stackroute/ng2boot/domain/Movie.class], file [/home/user/Downloads/part1_movieapp-starter/spring-rest/target/classes/com/stackroute/ng2boot/links/MovieLinks.class], file [/home/user/Downloads/part1_movieapp-starter/spring-rest/target/classes/com/stackroute/ng2boot/links/MovieLinksImpl.class], file [/home/user/Downloads/part1_movieapp-starter/spring-rest/target/classes/com/stackroute/ng2boot/repository/CrudsRepository.class], file [/home/user/Downloads/part1_movieapp-starter/spring-rest/target/classes/com/stackroute/ng2boot/repository/MovieRepository.class], file [/home/user/Downloads/part1_movieapp-starter/spring-rest/target/classes/com/stackroute/ng2boot/service/MovieGetService.class], file [/home/user/Downloads/part1_movieapp-starter/spring-rest/target/classes/com/stackroute/ng2boot/service/MovieGetServiceImpl.class]]
[DEBUG] 2017-06-04 15:06:43.014 [main] RepositoryComponentProvider - Identified candidate component class: file [/home/user/Downloads/part1_movieapp-starter/spring-rest/target/classes/com/stackroute/ng2boot/repository/CrudsRepository.class]
[DEBUG] 2017-06-04 15:06:43.017 [main] RepositoryComponentProvider - Identified candidate component class: file [/home/user/Downloads/part1_movieapp-starter/spring-rest/target/classes/com/stackroute/ng2boot/repository/MovieRepository.class]
[DEBUG] 2017-06-04 15:06:43.020 [main] StandardEnvironment - Adding [systemProperties] PropertySource with lowest search precedence
[DEBUG] 2017-06-04 15:06:43.020 [main] StandardEnvironment - Adding [systemEnvironment] PropertySource with lowest search precedence
[DEBUG] 2017-06-04 15:06:43.020 [main] StandardEnvironment - Initialized StandardEnvironment with PropertySources [systemProperties,systemEnvironment]
[DEBUG] 2017-06-04 15:06:43.020 [main] PathMatchingResourcePatternResolver - Resolved classpath location [com/stackroute/ng2boot/] to resources [URL [file:/home/user/Downloads/part1_movieapp-starter/spring-rest/target/test-classes/com/stackroute/ng2boot/], URL [file:/home/user/Downloads/part1_movieapp-starter/spring-rest/target/classes/com/stackroute/ng2boot/]]
[DEBUG] 2017-06-04 15:06:43.020 [main] PathMatchingResourcePatternResolver - Looking for matching resources in directory tree [/home/user/Downloads/part1_movieapp-starter/spring-rest/target/test-classes/com/stackroute/ng2boot]
[DEBUG] 2017-06-04 15:06:43.020 [main] PathMatchingResourcePatternResolver - Searching directory [/home/user/Downloads/part1_movieapp-starter/spring-rest/target/test-classes/com/stackroute/ng2boot] for files matching pattern [/home/user/Downloads/part1_movieapp-starter/spring-rest/target/test-classes/com/stackroute/ng2boot/**/*CrudsRepositoryImpl.class]
[DEBUG] 2017-06-04 15:06:43.021 [main] PathMatchingResourcePatternResolver - Searching directory [/home/user/Downloads/part1_movieapp-starter/spring-rest/target/test-classes/com/stackroute/ng2boot/controllers] for files matching pattern [/home/user/Downloads/part1_movieapp-starter/spring-rest/target/test-classes/com/stackroute/ng2boot/**/*CrudsRepositoryImpl.class]
[DEBUG] 2017-06-04 15:06:43.021 [main] PathMatchingResourcePatternResolver - Looking for matching resources in directory tree [/home/user/Downloads/part1_movieapp-starter/spring-rest/target/classes/com/stackroute/ng2boot]
[DEBUG] 2017-06-04 15:06:43.021 [main] PathMatchingResourcePatternResolver - Searching directory [/home/user/Downloads/part1_movieapp-starter/spring-rest/target/classes/com/stackroute/ng2boot] for files matching pattern [/home/user/Downloads/part1_movieapp-starter/spring-rest/target/classes/com/stackroute/ng2boot/**/*CrudsRepositoryImpl.class]
[DEBUG] 2017-06-04 15:06:43.022 [main] PathMatchingResourcePatternResolver - Searching directory [/home/user/Downloads/part1_movieapp-starter/spring-rest/target/classes/com/stackroute/ng2boot/config] for files matching pattern [/home/user/Downloads/part1_movieapp-starter/spring-rest/target/classes/com/stackroute/ng2boot/**/*CrudsRepositoryImpl.class]
[DEBUG] 2017-06-04 15:06:43.022 [main] PathMatchingResourcePatternResolver - Searching directory [/home/user/Downloads/part1_movieapp-starter/spring-rest/target/classes/com/stackroute/ng2boot/controllers] for files matching pattern [/home/user/Downloads/part1_movieapp-starter/spring-rest/target/classes/com/stackroute/ng2boot/**/*CrudsRepositoryImpl.class]
[DEBUG] 2017-06-04 15:06:43.022 [main] PathMatchingResourcePatternResolver - Searching directory [/home/user/Downloads/part1_movieapp-starter/spring-rest/target/classes/com/stackroute/ng2boot/domain] for files matching pattern [/home/user/Downloads/part1_movieapp-starter/spring-rest/target/classes/com/stackroute/ng2boot/**/*CrudsRepositoryImpl.class]
[DEBUG] 2017-06-04 15:06:43.022 [main] PathMatchingResourcePatternResolver - Searching directory [/home/user/Downloads/part1_movieapp-starter/spring-rest/target/classes/com/stackroute/ng2boot/links] for files matching pattern [/home/user/Downloads/part1_movieapp-starter/spring-rest/target/classes/com/stackroute/ng2boot/**/*CrudsRepositoryImpl.class]
[DEBUG] 2017-06-04 15:06:43.022 [main] PathMatchingResourcePatternResolver - Searching directory [/home/user/Downloads/part1_movieapp-starter/spring-rest/target/classes/com/stackroute/ng2boot/repository] for files matching pattern [/home/user/Downloads/part1_movieapp-starter/spring-rest/target/classes/com/stackroute/ng2boot/**/*CrudsRepositoryImpl.class]
[DEBUG] 2017-06-04 15:06:43.022 [main] PathMatchingResourcePatternResolver - Searching directory [/home/user/Downloads/part1_movieapp-starter/spring-rest/target/classes/com/stackroute/ng2boot/service] for files matching pattern [/home/user/Downloads/part1_movieapp-starter/spring-rest/target/classes/com/stackroute/ng2boot/**/*CrudsRepositoryImpl.class]
[DEBUG] 2017-06-04 15:06:43.022 [main] PathMatchingResourcePatternResolver - Resolved location pattern [classpath*:com/stackroute/ng2boot/**/*CrudsRepositoryImpl.class] to resources []
[DEBUG] 2017-06-04 15:06:43.023 [main] RepositoryConfigurationDelegate - Spring Data MongoDB - Registering repository: crudsRepository - Interface: com.stackroute.ng2boot.repository.CrudsRepository - Factory: org.springframework.data.mongodb.repository.support.MongoRepositoryFactoryBean
[DEBUG] 2017-06-04 15:06:43.024 [main] StandardEnvironment - Adding [systemProperties] PropertySource with lowest search precedence
[DEBUG] 2017-06-04 15:06:43.024 [main] StandardEnvironment - Adding [systemEnvironment] PropertySource with lowest search precedence
[DEBUG] 2017-06-04 15:06:43.024 [main] StandardEnvironment - Initialized StandardEnvironment with PropertySources [systemProperties,systemEnvironment]
[DEBUG] 2017-06-04 15:06:43.024 [main] PathMatchingResourcePatternResolver - Resolved classpath location [com/stackroute/ng2boot/] to resources [URL [file:/home/user/Downloads/part1_movieapp-starter/spring-rest/target/test-classes/com/stackroute/ng2boot/], URL [file:/home/user/Downloads/part1_movieapp-starter/spring-rest/target/classes/com/stackroute/ng2boot/]]
[DEBUG] 2017-06-04 15:06:43.024 [main] PathMatchingResourcePatternResolver - Looking for matching resources in directory tree [/home/user/Downloads/part1_movieapp-starter/spring-rest/target/test-classes/com/stackroute/ng2boot]
[DEBUG] 2017-06-04 15:06:43.024 [main] PathMatchingResourcePatternResolver - Searching directory [/home/user/Downloads/part1_movieapp-starter/spring-rest/target/test-classes/com/stackroute/ng2boot] for files matching pattern [/home/user/Downloads/part1_movieapp-starter/spring-rest/target/test-classes/com/stackroute/ng2boot/**/*MovieRepositoryImpl.class]
[DEBUG] 2017-06-04 15:06:43.024 [main] PathMatchingResourcePatternResolver - Searching directory [/home/user/Downloads/part1_movieapp-starter/spring-rest/target/test-classes/com/stackroute/ng2boot/controllers] for files matching pattern [/home/user/Downloads/part1_movieapp-starter/spring-rest/target/test-classes/com/stackroute/ng2boot/**/*MovieRepositoryImpl.class]
[DEBUG] 2017-06-04 15:06:43.024 [main] PathMatchingResourcePatternResolver - Looking for matching resources in directory tree [/home/user/Downloads/part1_movieapp-starter/spring-rest/target/classes/com/stackroute/ng2boot]
[DEBUG] 2017-06-04 15:06:43.025 [main] PathMatchingResourcePatternResolver - Searching directory [/home/user/Downloads/part1_movieapp-starter/spring-rest/target/classes/com/stackroute/ng2boot] for files matching pattern [/home/user/Downloads/part1_movieapp-starter/spring-rest/target/classes/com/stackroute/ng2boot/**/*MovieRepositoryImpl.class]
[DEBUG] 2017-06-04 15:06:43.025 [main] PathMatchingResourcePatternResolver - Searching directory [/home/user/Downloads/part1_movieapp-starter/spring-rest/target/classes/com/stackroute/ng2boot/config] for files matching pattern [/home/user/Downloads/part1_movieapp-starter/spring-rest/target/classes/com/stackroute/ng2boot/**/*MovieRepositoryImpl.class]
[DEBUG] 2017-06-04 15:06:43.025 [main] PathMatchingResourcePatternResolver - Searching directory [/home/user/Downloads/part1_movieapp-starter/spring-rest/target/classes/com/stackroute/ng2boot/controllers] for files matching pattern [/home/user/Downloads/part1_movieapp-starter/spring-rest/target/classes/com/stackroute/ng2boot/**/*MovieRepositoryImpl.class]
[DEBUG] 2017-06-04 15:06:43.025 [main] PathMatchingResourcePatternResolver - Searching directory [/home/user/Downloads/part1_movieapp-starter/spring-rest/target/classes/com/stackroute/ng2boot/domain] for files matching pattern [/home/user/Downloads/part1_movieapp-starter/spring-rest/target/classes/com/stackroute/ng2boot/**/*MovieRepositoryImpl.class]
[DEBUG] 2017-06-04 15:06:43.025 [main] PathMatchingResourcePatternResolver - Searching directory [/home/user/Downloads/part1_movieapp-starter/spring-rest/target/classes/com/stackroute/ng2boot/links] for files matching pattern [/home/user/Downloads/part1_movieapp-starter/spring-rest/target/classes/com/stackroute/ng2boot/**/*MovieRepositoryImpl.class]
[DEBUG] 2017-06-04 15:06:43.025 [main] PathMatchingResourcePatternResolver - Searching directory [/home/user/Downloads/part1_movieapp-starter/spring-rest/target/classes/com/stackroute/ng2boot/repository] for files matching pattern [/home/user/Downloads/part1_movieapp-starter/spring-rest/target/classes/com/stackroute/ng2boot/**/*MovieRepositoryImpl.class]
[DEBUG] 2017-06-04 15:06:43.025 [main] PathMatchingResourcePatternResolver - Searching directory [/home/user/Downloads/part1_movieapp-starter/spring-rest/target/classes/com/stackroute/ng2boot/service] for files matching pattern [/home/user/Downloads/part1_movieapp-starter/spring-rest/target/classes/com/stackroute/ng2boot/**/*MovieRepositoryImpl.class]
[DEBUG] 2017-06-04 15:06:43.025 [main] PathMatchingResourcePatternResolver - Resolved location pattern [classpath*:com/stackroute/ng2boot/**/*MovieRepositoryImpl.class] to resources []
[DEBUG] 2017-06-04 15:06:43.025 [main] RepositoryConfigurationDelegate - Spring Data MongoDB - Registering repository: movieRepository - Interface: com.stackroute.ng2boot.repository.MovieRepository - Factory: org.springframework.data.mongodb.repository.support.MongoRepositoryFactoryBean
[DEBUG] 2017-06-04 15:06:43.026 [main] DefaultListableBeanFactory - Returning cached instance of singleton bean 'autoConfigurationReport'
[DEBUG] 2017-06-04 15:06:43.026 [main] DefaultListableBeanFactory - Returning cached instance of singleton bean 'autoConfigurationReport'
[DEBUG] 2017-06-04 15:06:43.026 [main] DefaultListableBeanFactory - Creating shared instance of singleton bean 'org.springframework.boot.autoconfigure.condition.BeanTypeRegistry'
[DEBUG] 2017-06-04 15:06:43.026 [main] DefaultListableBeanFactory - Creating instance of bean 'org.springframework.boot.autoconfigure.condition.BeanTypeRegistry'
[DEBUG] 2017-06-04 15:06:43.027 [main] DefaultListableBeanFactory - Eagerly caching bean 'org.springframework.boot.autoconfigure.condition.BeanTypeRegistry' to allow for resolving potential circular references
[DEBUG] 2017-06-04 15:06:43.027 [main] DefaultListableBeanFactory - Finished creating instance of bean 'org.springframework.boot.autoconfigure.condition.BeanTypeRegistry'
[DEBUG] 2017-06-04 15:06:43.029 [main] DefaultListableBeanFactory - Returning cached instance of singleton bean 'autoConfigurationReport'
[DEBUG] 2017-06-04 15:06:43.029 [main] ConfigurationClassBeanDefinitionReader - Registered bean definition for imported class 'org.springframework.boot.autoconfigure.web.WebMvcAutoConfiguration$EnableWebMvcConfiguration'
[DEBUG] 2017-06-04 15:06:43.029 [main] ConfigurationClassBeanDefinitionReader - Registering bean definition for @Bean method org.springframework.boot.autoconfigure.web.WebMvcAutoConfiguration$EnableWebMvcConfiguration.requestMappingHandlerAdapter()
[DEBUG] 2017-06-04 15:06:43.030 [main] ConfigurationClassBeanDefinitionReader - Registering bean definition for @Bean method org.springframework.boot.autoconfigure.web.WebMvcAutoConfiguration$EnableWebMvcConfiguration.requestMappingHandlerMapping()
[DEBUG] 2017-06-04 15:06:43.030 [main] ConfigurationClassBeanDefinitionReader - Registering bean definition for @Bean method org.springframework.boot.autoconfigure.web.WebMvcAutoConfiguration$EnableWebMvcConfiguration.mvcPathMatcher()
[DEBUG] 2017-06-04 15:06:43.030 [main] ConfigurationClassBeanDefinitionReader - Registering bean definition for @Bean method org.springframework.boot.autoconfigure.web.WebMvcAutoConfiguration$EnableWebMvcConfiguration.mvcUrlPathHelper()
[DEBUG] 2017-06-04 15:06:43.030 [main] ConfigurationClassBeanDefinitionReader - Registering bean definition for @Bean method org.springframework.boot.autoconfigure.web.WebMvcAutoConfiguration$EnableWebMvcConfiguration.mvcContentNegotiationManager()
[DEBUG] 2017-06-04 15:06:43.030 [main] ConfigurationClassBeanDefinitionReader - Registering bean definition for @Bean method org.springframework.boot.autoconfigure.web.WebMvcAutoConfiguration$EnableWebMvcConfiguration.viewControllerHandlerMapping()
[DEBUG] 2017-06-04 15:06:43.030 [main] ConfigurationClassBeanDefinitionReader - Registering bean definition for @Bean method org.springframework.boot.autoconfigure.web.WebMvcAutoConfiguration$EnableWebMvcConfiguration.beanNameHandlerMapping()
[DEBUG] 2017-06-04 15:06:43.030 [main] ConfigurationClassBeanDefinitionReader - Registering bean definition for @Bean method org.springframework.boot.autoconfigure.web.WebMvcAutoConfiguration$EnableWebMvcConfiguration.resourceHandlerMapping()
[DEBUG] 2017-06-04 15:06:43.030 [main] ConfigurationClassBeanDefinitionReader - Registering bean definition for @Bean method org.springframework.boot.autoconfigure.web.WebMvcAutoConfiguration$EnableWebMvcConfiguration.mvcResourceUrlProvider()
[DEBUG] 2017-06-04 15:06:43.030 [main] ConfigurationClassBeanDefinitionReader - Registering bean definition for @Bean method org.springframework.boot.autoconfigure.web.WebMvcAutoConfiguration$EnableWebMvcConfiguration.defaultServletHandlerMapping()
[DEBUG] 2017-06-04 15:06:43.031 [main] ConfigurationClassBeanDefinitionReader - Registering bean definition for @Bean method org.springframework.boot.autoconfigure.web.WebMvcAutoConfiguration$EnableWebMvcConfiguration.mvcConversionService()
[DEBUG] 2017-06-04 15:06:43.031 [main] ConfigurationClassBeanDefinitionReader - Registering bean definition for @Bean method org.springframework.boot.autoconfigure.web.WebMvcAutoConfiguration$EnableWebMvcConfiguration.mvcValidator()
[DEBUG] 2017-06-04 15:06:43.031 [main] ConfigurationClassBeanDefinitionReader - Registering bean definition for @Bean method org.springframework.boot.autoconfigure.web.WebMvcAutoConfiguration$EnableWebMvcConfiguration.mvcUriComponentsContributor()
[DEBUG] 2017-06-04 15:06:43.042 [main] ConfigurationClassBeanDefinitionReader - Registering bean definition for @Bean method org.springframework.boot.autoconfigure.web.WebMvcAutoConfiguration$EnableWebMvcConfiguration.httpRequestHandlerAdapter()
[DEBUG] 2017-06-04 15:06:43.043 [main] ConfigurationClassBeanDefinitionReader - Registering bean definition for @Bean method org.springframework.boot.autoconfigure.web.WebMvcAutoConfiguration$EnableWebMvcConfiguration.simpleControllerHandlerAdapter()
[DEBUG] 2017-06-04 15:06:43.043 [main] ConfigurationClassBeanDefinitionReader - Registering bean definition for @Bean method org.springframework.boot.autoconfigure.web.WebMvcAutoConfiguration$EnableWebMvcConfiguration.handlerExceptionResolver()
[DEBUG] 2017-06-04 15:06:43.043 [main] ConfigurationClassBeanDefinitionReader - Registering bean definition for @Bean method org.springframework.boot.autoconfigure.web.WebMvcAutoConfiguration$EnableWebMvcConfiguration.mvcViewResolver()
[DEBUG] 2017-06-04 15:06:43.044 [main] DefaultListableBeanFactory - Returning cached instance of singleton bean 'autoConfigurationReport'
[DEBUG] 2017-06-04 15:06:43.044 [main] ConfigurationClassBeanDefinitionReader - Registered bean definition for imported class 'org.springframework.boot.autoconfigure.web.WebMvcAutoConfiguration$WebMvcAutoConfigurationAdapter$FaviconConfiguration'
[DEBUG] 2017-06-04 15:06:43.045 [main] ConfigurationClassBeanDefinitionReader - Registering bean definition for @Bean method org.springframework.boot.autoconfigure.web.WebMvcAutoConfiguration$WebMvcAutoConfigurationAdapter$FaviconConfiguration.faviconHandlerMapping()
[DEBUG] 2017-06-04 15:06:43.045 [main] ConfigurationClassBeanDefinitionReader - Registering bean definition for @Bean method org.springframework.boot.autoconfigure.web.WebMvcAutoConfiguration$WebMvcAutoConfigurationAdapter$FaviconConfiguration.faviconRequestHandler()
[DEBUG] 2017-06-04 15:06:43.045 [main] ConfigurationClassBeanDefinitionReader - Registered bean definition for imported class 'org.springframework.boot.autoconfigure.web.WebMvcAutoConfiguration$WebMvcAutoConfigurationAdapter'
[DEBUG] 2017-06-04 15:06:43.045 [main] DefaultListableBeanFactory - Returning cached instance of singleton bean 'org.springframework.boot.autoconfigure.condition.BeanTypeRegistry'
[DEBUG] 2017-06-04 15:06:43.050 [main] DefaultListableBeanFactory - Returning cached instance of singleton bean 'autoConfigurationReport'
[DEBUG] 2017-06-04 15:06:43.050 [main] ConfigurationClassBeanDefinitionReader - Registering bean definition for @Bean method org.springframework.boot.autoconfigure.web.WebMvcAutoConfiguration$WebMvcAutoConfigurationAdapter.defaultViewResolver()
[DEBUG] 2017-06-04 15:06:43.054 [main] DefaultListableBeanFactory - Returning cached instance of singleton bean 'org.springframework.boot.autoconfigure.condition.BeanTypeRegistry'
[DEBUG] 2017-06-04 15:06:43.055 [main] DefaultListableBeanFactory - Returning cached instance of singleton bean 'autoConfigurationReport'
[DEBUG] 2017-06-04 15:06:43.055 [main] DefaultListableBeanFactory - Returning cached instance of singleton bean 'org.springframework.boot.autoconfigure.condition.BeanTypeRegistry'
[DEBUG] 2017-06-04 15:06:43.055 [main] DefaultListableBeanFactory - Returning cached instance of singleton bean 'org.springframework.boot.autoconfigure.condition.BeanTypeRegistry'
[DEBUG] 2017-06-04 15:06:43.055 [main] DefaultListableBeanFactory - Returning cached instance of singleton bean 'autoConfigurationReport'
[DEBUG] 2017-06-04 15:06:43.055 [main] DefaultListableBeanFactory - Returning cached instance of singleton bean 'org.springframework.boot.autoconfigure.condition.BeanTypeRegistry'
[DEBUG] 2017-06-04 15:06:43.055 [main] DefaultListableBeanFactory - Returning cached instance of singleton bean 'org.springframework.boot.autoconfigure.condition.BeanTypeRegistry'
[DEBUG] 2017-06-04 15:06:43.056 [main] DefaultListableBeanFactory - Returning cached instance of singleton bean 'autoConfigurationReport'
[DEBUG] 2017-06-04 15:06:43.056 [main] ConfigurationClassBeanDefinitionReader - Registering bean definition for @Bean method org.springframework.boot.autoconfigure.web.WebMvcAutoConfiguration$WebMvcAutoConfigurationAdapter.viewResolver()
[DEBUG] 2017-06-04 15:06:43.056 [main] DefaultListableBeanFactory - Returning cached instance of singleton bean 'autoConfigurationReport'
[DEBUG] 2017-06-04 15:06:43.057 [main] DefaultListableBeanFactory - Returning cached instance of singleton bean 'autoConfigurationReport'
[DEBUG] 2017-06-04 15:06:43.057 [main] ConfigurationClassBeanDefinitionReader - Registering bean definition for @Bean method org.springframework.boot.autoconfigure.web.WebMvcAutoConfiguration$WebMvcAutoConfigurationAdapter.welcomePageHandlerMapping()
[DEBUG] 2017-06-04 15:06:43.058 [main] DefaultListableBeanFactory - Returning cached instance of singleton bean 'org.springframework.boot.autoconfigure.condition.BeanTypeRegistry'
[DEBUG] 2017-06-04 15:06:43.059 [main] DefaultListableBeanFactory - Returning cached instance of singleton bean 'org.springframework.boot.autoconfigure.condition.BeanTypeRegistry'
[DEBUG] 2017-06-04 15:06:43.059 [main] DefaultListableBeanFactory - Returning cached instance of singleton bean 'autoConfigurationReport'
[DEBUG] 2017-06-04 15:06:43.059 [main] ConfigurationClassBeanDefinitionReader - Registering bean definition for @Bean method org.springframework.boot.autoconfigure.web.WebMvcAutoConfiguration$WebMvcAutoConfigurationAdapter.requestContextFilter()
[DEBUG] 2017-06-04 15:06:43.059 [main] ConfigurationClassBeanDefinitionReader - Registered bean definition for imported class 'org.springframework.boot.autoconfigure.web.WebMvcAutoConfiguration'
[DEBUG] 2017-06-04 15:06:43.060 [main] DefaultListableBeanFactory - Returning cached instance of singleton bean 'org.springframework.boot.autoconfigure.condition.BeanTypeRegistry'
[DEBUG] 2017-06-04 15:06:43.060 [main] DefaultListableBeanFactory - Returning cached instance of singleton bean 'autoConfigurationReport'
[DEBUG] 2017-06-04 15:06:43.060 [main] ConfigurationClassBeanDefinitionReader - Registering bean definition for @Bean method org.springframework.boot.autoconfigure.web.WebMvcAutoConfiguration.hiddenHttpMethodFilter()
[DEBUG] 2017-06-04 15:06:43.061 [main] DefaultListableBeanFactory - Returning cached instance of singleton bean 'autoConfigurationReport'
[DEBUG] 2017-06-04 15:06:43.061 [main] DefaultListableBeanFactory - Returning cached instance of singleton bean 'org.springframework.boot.autoconfigure.condition.BeanTypeRegistry'
[DEBUG] 2017-06-04 15:06:43.061 [main] DefaultListableBeanFactory - Returning cached instance of singleton bean 'autoConfigurationReport'
[DEBUG] 2017-06-04 15:06:43.061 [main] ConfigurationClassBeanDefinitionReader - Registering bean definition for @Bean method org.springframework.boot.autoconfigure.web.WebMvcAutoConfiguration.httpPutFormContentFilter()
[DEBUG] 2017-06-04 15:06:43.062 [main] DefaultListableBeanFactory - Returning cached instance of singleton bean 'autoConfigurationReport'
[DEBUG] 2017-06-04 15:06:43.062 [main] DefaultListableBeanFactory - Returning cached instance of singleton bean 'org.springframework.boot.autoconfigure.condition.BeanTypeRegistry'
[DEBUG] 2017-06-04 15:06:43.062 [main] DefaultListableBeanFactory - Returning cached instance of singleton bean 'autoConfigurationReport'
[DEBUG] 2017-06-04 15:06:43.062 [main] DefaultListableBeanFactory - Returning cached instance of singleton bean 'autoConfigurationReport'
[DEBUG] 2017-06-04 15:06:43.062 [main] ConfigurationClassBeanDefinitionReader - Registered bean definition for imported class 'org.springframework.boot.autoconfigure.gson.GsonAutoConfiguration'
[DEBUG] 2017-06-04 15:06:43.062 [main] DefaultListableBeanFactory - Returning cached instance of singleton bean 'org.springframework.boot.autoconfigure.condition.BeanTypeRegistry'
[DEBUG] 2017-06-04 15:06:43.063 [main] DefaultListableBeanFactory - Returning cached instance of singleton bean 'autoConfigurationReport'
[DEBUG] 2017-06-04 15:06:43.063 [main] ConfigurationClassBeanDefinitionReader - Registering bean definition for @Bean method org.springframework.boot.autoconfigure.gson.GsonAutoConfiguration.gson()
[DEBUG] 2017-06-04 15:06:43.063 [main] DefaultListableBeanFactory - Returning cached instance of singleton bean 'autoConfigurationReport'
[DEBUG] 2017-06-04 15:06:43.063 [main] DefaultListableBeanFactory - Returning cached instance of singleton bean 'autoConfigurationReport'
[DEBUG] 2017-06-04 15:06:43.063 [main] ConfigurationClassBeanDefinitionReader - Registered bean definition for imported class 'org.springframework.boot.autoconfigure.jackson.JacksonAutoConfiguration$Jackson2ObjectMapperBuilderCustomizerConfiguration'
[DEBUG] 2017-06-04 15:06:43.063 [main] ConfigurationClassBeanDefinitionReader - Registering bean definition for @Bean method org.springframework.boot.autoconfigure.jackson.JacksonAutoConfiguration$Jackson2ObjectMapperBuilderCustomizerConfiguration.standardJacksonObjectMapperBuilderCustomizer()
[DEBUG] 2017-06-04 15:06:43.064 [main] DefaultListableBeanFactory - Returning cached instance of singleton bean 'autoConfigurationReport'
[DEBUG] 2017-06-04 15:06:43.064 [main] ConfigurationClassBeanDefinitionReader - Registered bean definition for imported class 'org.springframework.boot.autoconfigure.jackson.JacksonAutoConfiguration$JacksonObjectMapperBuilderConfiguration'
[DEBUG] 2017-06-04 15:06:43.064 [main] DefaultListableBeanFactory - Returning cached instance of singleton bean 'org.springframework.boot.autoconfigure.condition.BeanTypeRegistry'
[DEBUG] 2017-06-04 15:06:43.064 [main] DefaultListableBeanFactory - Returning cached instance of singleton bean 'autoConfigurationReport'
[DEBUG] 2017-06-04 15:06:43.065 [main] ConfigurationClassBeanDefinitionReader - Registering bean definition for @Bean method org.springframework.boot.autoconfigure.jackson.JacksonAutoConfiguration$JacksonObjectMapperBuilderConfiguration.jacksonObjectMapperBuilder()
[DEBUG] 2017-06-04 15:06:43.065 [main] DefaultListableBeanFactory - Returning cached instance of singleton bean 'autoConfigurationReport'
[DEBUG] 2017-06-04 15:06:43.065 [main] ConfigurationClassBeanDefinitionReader - Registered bean definition for imported class 'org.springframework.boot.autoconfigure.jackson.JacksonAutoConfiguration$JacksonObjectMapperConfiguration'
[DEBUG] 2017-06-04 15:06:43.065 [main] DefaultListableBeanFactory - Returning cached instance of singleton bean 'org.springframework.boot.autoconfigure.condition.BeanTypeRegistry'
[DEBUG] 2017-06-04 15:06:43.066 [main] DefaultListableBeanFactory - Returning cached instance of singleton bean 'autoConfigurationReport'
[DEBUG] 2017-06-04 15:06:43.066 [main] ConfigurationClassBeanDefinitionReader - Registering bean definition for @Bean method org.springframework.boot.autoconfigure.jackson.JacksonAutoConfiguration$JacksonObjectMapperConfiguration.jacksonObjectMapper()
[DEBUG] 2017-06-04 15:06:43.066 [main] ConfigurationClassBeanDefinitionReader - Registered bean definition for imported class 'org.springframework.boot.autoconfigure.jackson.JacksonAutoConfiguration'
[DEBUG] 2017-06-04 15:06:43.066 [main] ConfigurationClassBeanDefinitionReader - Registering bean definition for @Bean method org.springframework.boot.autoconfigure.jackson.JacksonAutoConfiguration.jsonComponentModule()
[DEBUG] 2017-06-04 15:06:43.066 [main] DefaultListableBeanFactory - Returning cached instance of singleton bean 'autoConfigurationReport'
[DEBUG] 2017-06-04 15:06:43.067 [main] DefaultListableBeanFactory - Returning cached instance of singleton bean 'autoConfigurationReport'
[DEBUG] 2017-06-04 15:06:43.067 [main] ConfigurationClassBeanDefinitionReader - Registered bean definition for imported class 'org.springframework.boot.autoconfigure.web.HttpMessageConvertersAutoConfiguration$StringHttpMessageConverterConfiguration'
[DEBUG] 2017-06-04 15:06:43.067 [main] DefaultListableBeanFactory - Returning cached instance of singleton bean 'org.springframework.boot.autoconfigure.condition.BeanTypeRegistry'
[DEBUG] 2017-06-04 15:06:43.067 [main] DefaultListableBeanFactory - Returning cached instance of singleton bean 'autoConfigurationReport'
[DEBUG] 2017-06-04 15:06:43.067 [main] ConfigurationClassBeanDefinitionReader - Registering bean definition for @Bean method org.springframework.boot.autoconfigure.web.HttpMessageConvertersAutoConfiguration$StringHttpMessageConverterConfiguration.stringHttpMessageConverter()
[DEBUG] 2017-06-04 15:06:43.068 [main] DefaultListableBeanFactory - Returning cached instance of singleton bean 'autoConfigurationReport'
[DEBUG] 2017-06-04 15:06:43.068 [main] DefaultListableBeanFactory - Returning cached instance of singleton bean 'autoConfigurationReport'
[DEBUG] 2017-06-04 15:06:43.068 [main] DefaultListableBeanFactory - Returning cached instance of singleton bean 'org.springframework.boot.autoconfigure.condition.BeanTypeRegistry'
[DEBUG] 2017-06-04 15:06:43.069 [main] DefaultListableBeanFactory - Returning cached instance of singleton bean 'autoConfigurationReport'
[DEBUG] 2017-06-04 15:06:43.069 [main] ConfigurationClassBeanDefinitionReader - Registered bean definition for imported class 'org.springframework.boot.autoconfigure.web.JacksonHttpMessageConvertersConfiguration$MappingJackson2HttpMessageConverterConfiguration'
[DEBUG] 2017-06-04 15:06:43.070 [main] DefaultListableBeanFactory - Returning cached instance of singleton bean 'org.springframework.boot.autoconfigure.condition.BeanTypeRegistry'
[DEBUG] 2017-06-04 15:06:43.070 [main] DefaultListableBeanFactory - Returning cached instance of singleton bean 'org.springframework.boot.autoconfigure.condition.BeanTypeRegistry'
[DEBUG] 2017-06-04 15:06:43.070 [main] DefaultListableBeanFactory - Returning cached instance of singleton bean 'autoConfigurationReport'
[DEBUG] 2017-06-04 15:06:43.071 [main] ConfigurationClassBeanDefinitionReader - Registering bean definition for @Bean method org.springframework.boot.autoconfigure.web.JacksonHttpMessageConvertersConfiguration$MappingJackson2HttpMessageConverterConfiguration.mappingJackson2HttpMessageConverter()
[DEBUG] 2017-06-04 15:06:43.071 [main] ConfigurationClassBeanDefinitionReader - Registered bean definition for imported class 'org.springframework.boot.autoconfigure.web.JacksonHttpMessageConvertersConfiguration'
[DEBUG] 2017-06-04 15:06:43.071 [main] DefaultListableBeanFactory - Returning cached instance of singleton bean 'autoConfigurationReport'
[DEBUG] 2017-06-04 15:06:43.074 [main] DefaultListableBeanFactory - Returning cached instance of singleton bean 'org.springframework.boot.autoconfigure.condition.BeanTypeRegistry'
[DEBUG] 2017-06-04 15:06:43.076 [main] DefaultListableBeanFactory - Returning cached instance of singleton bean 'autoConfigurationReport'
[DEBUG] 2017-06-04 15:06:43.076 [main] ConfigurationClassBeanDefinitionReader - Registered bean definition for imported class 'org.springframework.boot.autoconfigure.web.GsonHttpMessageConvertersConfiguration'
[DEBUG] 2017-06-04 15:06:43.076 [main] ConfigurationClassBeanDefinitionReader - Registered bean definition for imported class 'org.springframework.boot.autoconfigure.web.HttpMessageConvertersAutoConfiguration'
[DEBUG] 2017-06-04 15:06:43.077 [main] DefaultListableBeanFactory - Returning cached instance of singleton bean 'org.springframework.boot.autoconfigure.condition.BeanTypeRegistry'
[DEBUG] 2017-06-04 15:06:43.078 [main] DefaultListableBeanFactory - Returning cached instance of singleton bean 'autoConfigurationReport'
[DEBUG] 2017-06-04 15:06:43.078 [main] ConfigurationClassBeanDefinitionReader - Registering bean definition for @Bean method org.springframework.boot.autoconfigure.web.HttpMessageConvertersAutoConfiguration.messageConverters()
[DEBUG] 2017-06-04 15:06:43.079 [main] DefaultListableBeanFactory - Returning cached instance of singleton bean 'autoConfigurationReport'
[DEBUG] 2017-06-04 15:06:43.079 [main] DefaultListableBeanFactory - Returning cached instance of singleton bean 'autoConfigurationReport'
[DEBUG] 2017-06-04 15:06:43.080 [main] DefaultListableBeanFactory - Returning cached instance of singleton bean 'org.springframework.boot.autoconfigure.condition.BeanTypeRegistry'
[DEBUG] 2017-06-04 15:06:43.080 [main] DefaultListableBeanFactory - Returning cached instance of singleton bean 'autoConfigurationReport'
[DEBUG] 2017-06-04 15:06:43.080 [main] ConfigurationClassBeanDefinitionReader - Registered bean definition for imported class 'org.springframework.boot.autoconfigure.hateoas.HypermediaAutoConfiguration$EntityLinksConfiguration'
[DEBUG] 2017-06-04 15:06:43.081 [main] DefaultListableBeanFactory - Returning cached instance of singleton bean 'org.springframework.boot.autoconfigure.condition.BeanTypeRegistry'
[DEBUG] 2017-06-04 15:06:43.082 [main] DefaultListableBeanFactory - Returning cached instance of singleton bean 'autoConfigurationReport'
[DEBUG] 2017-06-04 15:06:43.082 [main] ConfigurationClassBeanDefinitionReader - Registered bean definition for imported class 'org.springframework.hateoas.config.HateoasConfiguration'
[DEBUG] 2017-06-04 15:06:43.082 [main] ConfigurationClassBeanDefinitionReader - Registering bean definition for @Bean method org.springframework.hateoas.config.HateoasConfiguration.linkRelationMessageSource()
[DEBUG] 2017-06-04 15:06:43.083 [main] ConfigurationClassBeanDefinitionReader - Registered bean definition for imported class 'org.springframework.boot.autoconfigure.hateoas.HypermediaAutoConfiguration$HypermediaConfiguration'
[DEBUG] 2017-06-04 15:06:43.083 [main] ConfigurationClassBeanDefinitionReader - Registering bean definition for @Bean method org.springframework.boot.autoconfigure.hateoas.HypermediaAutoConfiguration$HypermediaConfiguration.halObjectMapperConfigurer()
[DEBUG] 2017-06-04 15:06:43.083 [main] DefaultListableBeanFactory - Overriding bean definition for bean 'entityLinksPluginRegistry' with an equivalent definition: replacing [Root bean: class [org.springframework.plugin.core.support.PluginRegistryFactoryBean]; scope=; abstract=false; lazyInit=false; autowireMode=0; dependencyCheck=0; autowireCandidate=true; primary=false; factoryBeanName=null; factoryMethodName=null; initMethodName=null; destroyMethodName=null] with [Root bean: class [org.springframework.plugin.core.support.PluginRegistryFactoryBean]; scope=; abstract=false; lazyInit=false; autowireMode=0; dependencyCheck=0; autowireCandidate=true; primary=false; factoryBeanName=null; factoryMethodName=null; initMethodName=null; destroyMethodName=null]
[DEBUG] 2017-06-04 15:06:43.083 [main] DefaultListableBeanFactory - Overriding bean definition for bean 'controllerEntityLinks' with an equivalent definition: replacing [Root bean: class [org.springframework.hateoas.core.ControllerEntityLinksFactoryBean]; scope=; abstract=false; lazyInit=false; autowireMode=0; dependencyCheck=0; autowireCandidate=true; primary=false; factoryBeanName=null; factoryMethodName=null; initMethodName=null; destroyMethodName=null] with [Root bean: class [org.springframework.hateoas.core.ControllerEntityLinksFactoryBean]; scope=; abstract=false; lazyInit=false; autowireMode=0; dependencyCheck=0; autowireCandidate=true; primary=false; factoryBeanName=null; factoryMethodName=null; initMethodName=null; destroyMethodName=null]
[DEBUG] 2017-06-04 15:06:43.083 [main] DefaultListableBeanFactory - Overriding bean definition for bean 'delegatingEntityLinks' with an equivalent definition: replacing [Root bean: class [org.springframework.hateoas.core.DelegatingEntityLinks]; scope=; abstract=false; lazyInit=false; autowireMode=0; dependencyCheck=0; autowireCandidate=true; primary=true; factoryBeanName=null; factoryMethodName=null; initMethodName=null; destroyMethodName=null] with [Root bean: class [org.springframework.hateoas.core.DelegatingEntityLinks]; scope=; abstract=false; lazyInit=false; autowireMode=0; dependencyCheck=0; autowireCandidate=true; primary=true; factoryBeanName=null; factoryMethodName=null; initMethodName=null; destroyMethodName=null]
[DEBUG] 2017-06-04 15:06:43.085 [main] ConfigurationClassBeanDefinitionReader - Registered bean definition for imported class 'org.springframework.boot.autoconfigure.hateoas.HypermediaHttpMessageConverterConfiguration'
[DEBUG] 2017-06-04 15:06:43.086 [main] DefaultListableBeanFactory - Returning cached instance of singleton bean 'autoConfigurationReport'
[DEBUG] 2017-06-04 15:06:43.087 [main] ConfigurationClassBeanDefinitionReader - Registering bean definition for @Bean method org.springframework.boot.autoconfigure.hateoas.HypermediaHttpMessageConverterConfiguration.halMessageConverterSupportedMediaTypeCustomizer()
[DEBUG] 2017-06-04 15:06:43.087 [main] ConfigurationClassBeanDefinitionReader - Registered bean definition for imported class 'org.springframework.boot.autoconfigure.hateoas.HypermediaAutoConfiguration'
[DEBUG] 2017-06-04 15:06:43.087 [main] DefaultListableBeanFactory - Returning cached instance of singleton bean 'autoConfigurationReport'
[DEBUG] 2017-06-04 15:06:43.087 [main] ConfigurationClassBeanDefinitionReader - Registered bean definition for imported class 'org.springframework.boot.test.autoconfigure.web.servlet.MockMvcAutoConfiguration'
[DEBUG] 2017-06-04 15:06:43.088 [main] DefaultListableBeanFactory - Returning cached instance of singleton bean 'org.springframework.boot.autoconfigure.condition.BeanTypeRegistry'
[DEBUG] 2017-06-04 15:06:43.090 [main] DefaultListableBeanFactory - Returning cached instance of singleton bean 'autoConfigurationReport'
[DEBUG] 2017-06-04 15:06:43.090 [main] ConfigurationClassBeanDefinitionReader - Registering bean definition for @Bean method org.springframework.boot.test.autoconfigure.web.servlet.MockMvcAutoConfiguration.mockMvcBuilder()
[DEBUG] 2017-06-04 15:06:43.090 [main] ConfigurationClassBeanDefinitionReader - Registering bean definition for @Bean method org.springframework.boot.test.autoconfigure.web.servlet.MockMvcAutoConfiguration.springBootMockMvcBuilderCustomizer()
[DEBUG] 2017-06-04 15:06:43.090 [main] DefaultListableBeanFactory - Returning cached instance of singleton bean 'org.springframework.boot.autoconfigure.condition.BeanTypeRegistry'
[DEBUG] 2017-06-04 15:06:43.091 [main] DefaultListableBeanFactory - Returning cached instance of singleton bean 'autoConfigurationReport'
[DEBUG] 2017-06-04 15:06:43.091 [main] ConfigurationClassBeanDefinitionReader - Registering bean definition for @Bean method org.springframework.boot.test.autoconfigure.web.servlet.MockMvcAutoConfiguration.mockMvc()
[DEBUG] 2017-06-04 15:06:43.092 [main] PropertySourcesPropertyResolver - Found key 'spring.test.mockmvc.secure' in [Annotations] with type [Boolean]
[DEBUG] 2017-06-04 15:06:43.092 [main] DefaultListableBeanFactory - Returning cached instance of singleton bean 'autoConfigurationReport'
[DEBUG] 2017-06-04 15:06:43.093 [main] DefaultListableBeanFactory - Returning cached instance of singleton bean 'autoConfigurationReport'
[DEBUG] 2017-06-04 15:06:43.093 [main] ConfigurationClassBeanDefinitionReader - Registered bean definition for imported class 'org.springframework.boot.autoconfigure.web.ServerPropertiesAutoConfiguration'
[DEBUG] 2017-06-04 15:06:43.094 [main] DefaultListableBeanFactory - Returning cached instance of singleton bean 'org.springframework.boot.autoconfigure.condition.BeanTypeRegistry'
[DEBUG] 2017-06-04 15:06:43.094 [main] DefaultListableBeanFactory - Returning cached instance of singleton bean 'autoConfigurationReport'
[DEBUG] 2017-06-04 15:06:43.094 [main] ConfigurationClassBeanDefinitionReader - Registering bean definition for @Bean method org.springframework.boot.autoconfigure.web.ServerPropertiesAutoConfiguration.serverProperties()
[DEBUG] 2017-06-04 15:06:43.095 [main] ConfigurationClassBeanDefinitionReader - Registering bean definition for @Bean method org.springframework.boot.autoconfigure.web.ServerPropertiesAutoConfiguration.duplicateServerPropertiesDetector()
[DEBUG] 2017-06-04 15:06:43.096 [main] ConfigurationClassBeanDefinitionReader - Registered bean definition for imported class 'org.springframework.boot.test.autoconfigure.web.servlet.MockMvcSecurityAutoConfiguration'
[DEBUG] 2017-06-04 15:06:43.105 [main] DefaultListableBeanFactory - Creating shared instance of singleton bean 'org.springframework.boot.test.context.ImportsContextCustomizer$ImportsCleanupPostProcessor'
[DEBUG] 2017-06-04 15:06:43.106 [main] DefaultListableBeanFactory - Creating instance of bean 'org.springframework.boot.test.context.ImportsContextCustomizer$ImportsCleanupPostProcessor'
[DEBUG] 2017-06-04 15:06:43.107 [main] DefaultListableBeanFactory - Eagerly caching bean 'org.springframework.boot.test.context.ImportsContextCustomizer$ImportsCleanupPostProcessor' to allow for resolving potential circular references
[DEBUG] 2017-06-04 15:06:43.107 [main] DefaultListableBeanFactory - Finished creating instance of bean 'org.springframework.boot.test.context.ImportsContextCustomizer$ImportsCleanupPostProcessor'
[DEBUG] 2017-06-04 15:06:43.111 [main] ConfigurationClassEnhancer - Successfully enhanced com.stackroute.ng2boot.Ng2bootApplication; enhanced class name is: com.stackroute.ng2boot.Ng2bootApplication$$EnhancerBySpringCGLIB$$2d67f579
[DEBUG] 2017-06-04 15:06:43.111 [main] ConfigurationClassPostProcessor - Replacing bean definition 'ng2bootApplication' existing class 'com.stackroute.ng2boot.Ng2bootApplication' with enhanced class 'com.stackroute.ng2boot.Ng2bootApplication$$EnhancerBySpringCGLIB$$2d67f579'
[DEBUG] 2017-06-04 15:06:43.111 [main] ConfigurationClassEnhancer - Successfully enhanced org.springframework.boot.autoconfigure.web.WebMvcAutoConfiguration$EnableWebMvcConfiguration; enhanced class name is: org.springframework.boot.autoconfigure.web.WebMvcAutoConfiguration$EnableWebMvcConfiguration$$EnhancerBySpringCGLIB$$3221c155
[DEBUG] 2017-06-04 15:06:43.111 [main] ConfigurationClassPostProcessor - Replacing bean definition 'org.springframework.boot.autoconfigure.web.WebMvcAutoConfiguration$EnableWebMvcConfiguration' existing class 'org.springframework.boot.autoconfigure.web.WebMvcAutoConfiguration$EnableWebMvcConfiguration' with enhanced class 'org.springframework.boot.autoconfigure.web.WebMvcAutoConfiguration$EnableWebMvcConfiguration$$EnhancerBySpringCGLIB$$3221c155'
[DEBUG] 2017-06-04 15:06:43.112 [main] ConfigurationClassEnhancer - Successfully enhanced org.springframework.boot.autoconfigure.web.WebMvcAutoConfiguration$WebMvcAutoConfigurationAdapter$FaviconConfiguration; enhanced class name is: org.springframework.boot.autoconfigure.web.WebMvcAutoConfiguration$WebMvcAutoConfigurationAdapter$FaviconConfiguration$$EnhancerBySpringCGLIB$$13114b40
[DEBUG] 2017-06-04 15:06:43.112 [main] ConfigurationClassPostProcessor - Replacing bean definition 'org.springframework.boot.autoconfigure.web.WebMvcAutoConfiguration$WebMvcAutoConfigurationAdapter$FaviconConfiguration' existing class 'org.springframework.boot.autoconfigure.web.WebMvcAutoConfiguration$WebMvcAutoConfigurationAdapter$FaviconConfiguration' with enhanced class 'org.springframework.boot.autoconfigure.web.WebMvcAutoConfiguration$WebMvcAutoConfigurationAdapter$FaviconConfiguration$$EnhancerBySpringCGLIB$$13114b40'
[DEBUG] 2017-06-04 15:06:43.112 [main] ConfigurationClassEnhancer - Successfully enhanced org.springframework.boot.autoconfigure.web.WebMvcAutoConfiguration$WebMvcAutoConfigurationAdapter; enhanced class name is: org.springframework.boot.autoconfigure.web.WebMvcAutoConfiguration$WebMvcAutoConfigurationAdapter$$EnhancerBySpringCGLIB$$c5f776c8
[DEBUG] 2017-06-04 15:06:43.112 [main] ConfigurationClassPostProcessor - Replacing bean definition 'org.springframework.boot.autoconfigure.web.WebMvcAutoConfiguration$WebMvcAutoConfigurationAdapter' existing class 'org.springframework.boot.autoconfigure.web.WebMvcAutoConfiguration$WebMvcAutoConfigurationAdapter' with enhanced class 'org.springframework.boot.autoconfigure.web.WebMvcAutoConfiguration$WebMvcAutoConfigurationAdapter$$EnhancerBySpringCGLIB$$c5f776c8'
[DEBUG] 2017-06-04 15:06:43.112 [main] ConfigurationClassEnhancer - Successfully enhanced org.springframework.boot.autoconfigure.web.WebMvcAutoConfiguration$WebMvcAutoConfigurationAdapter; enhanced class name is: org.springframework.boot.autoconfigure.web.WebMvcAutoConfiguration$WebMvcAutoConfigurationAdapter$$EnhancerBySpringCGLIB$$c5f776c8
[DEBUG] 2017-06-04 15:06:43.112 [main] ConfigurationClassPostProcessor - Replacing bean definition 'requestContextFilter' existing class 'org.springframework.boot.autoconfigure.web.WebMvcAutoConfiguration$WebMvcAutoConfigurationAdapter' with enhanced class 'org.springframework.boot.autoconfigure.web.WebMvcAutoConfiguration$WebMvcAutoConfigurationAdapter$$EnhancerBySpringCGLIB$$c5f776c8'
[DEBUG] 2017-06-04 15:06:43.112 [main] ConfigurationClassEnhancer - Successfully enhanced org.springframework.boot.autoconfigure.web.WebMvcAutoConfiguration; enhanced class name is: org.springframework.boot.autoconfigure.web.WebMvcAutoConfiguration$$EnhancerBySpringCGLIB$$4a31088c
[DEBUG] 2017-06-04 15:06:43.112 [main] ConfigurationClassPostProcessor - Replacing bean definition 'org.springframework.boot.autoconfigure.web.WebMvcAutoConfiguration' existing class 'org.springframework.boot.autoconfigure.web.WebMvcAutoConfiguration' with enhanced class 'org.springframework.boot.autoconfigure.web.WebMvcAutoConfiguration$$EnhancerBySpringCGLIB$$4a31088c'
[DEBUG] 2017-06-04 15:06:43.112 [main] ConfigurationClassEnhancer - Successfully enhanced org.springframework.boot.autoconfigure.gson.GsonAutoConfiguration; enhanced class name is: org.springframework.boot.autoconfigure.gson.GsonAutoConfiguration$$EnhancerBySpringCGLIB$$19af32d6
[DEBUG] 2017-06-04 15:06:43.112 [main] ConfigurationClassPostProcessor - Replacing bean definition 'org.springframework.boot.autoconfigure.gson.GsonAutoConfiguration' existing class 'org.springframework.boot.autoconfigure.gson.GsonAutoConfiguration' with enhanced class 'org.springframework.boot.autoconfigure.gson.GsonAutoConfiguration$$EnhancerBySpringCGLIB$$19af32d6'
[DEBUG] 2017-06-04 15:06:43.112 [main] ConfigurationClassEnhancer - Successfully enhanced org.springframework.boot.autoconfigure.jackson.JacksonAutoConfiguration$Jackson2ObjectMapperBuilderCustomizerConfiguration; enhanced class name is: org.springframework.boot.autoconfigure.jackson.JacksonAutoConfiguration$Jackson2ObjectMapperBuilderCustomizerConfiguration$$EnhancerBySpringCGLIB$$a3eb46e5
[DEBUG] 2017-06-04 15:06:43.113 [main] ConfigurationClassPostProcessor - Replacing bean definition 'org.springframework.boot.autoconfigure.jackson.JacksonAutoConfiguration$Jackson2ObjectMapperBuilderCustomizerConfiguration' existing class 'org.springframework.boot.autoconfigure.jackson.JacksonAutoConfiguration$Jackson2ObjectMapperBuilderCustomizerConfiguration' with enhanced class 'org.springframework.boot.autoconfigure.jackson.JacksonAutoConfiguration$Jackson2ObjectMapperBuilderCustomizerConfiguration$$EnhancerBySpringCGLIB$$a3eb46e5'
[DEBUG] 2017-06-04 15:06:43.113 [main] ConfigurationClassEnhancer - Successfully enhanced org.springframework.boot.autoconfigure.jackson.JacksonAutoConfiguration$JacksonObjectMapperBuilderConfiguration; enhanced class name is: org.springframework.boot.autoconfigure.jackson.JacksonAutoConfiguration$JacksonObjectMapperBuilderConfiguration$$EnhancerBySpringCGLIB$$e8d460f6
[DEBUG] 2017-06-04 15:06:43.113 [main] ConfigurationClassPostProcessor - Replacing bean definition 'org.springframework.boot.autoconfigure.jackson.JacksonAutoConfiguration$JacksonObjectMapperBuilderConfiguration' existing class 'org.springframework.boot.autoconfigure.jackson.JacksonAutoConfiguration$JacksonObjectMapperBuilderConfiguration' with enhanced class 'org.springframework.boot.autoconfigure.jackson.JacksonAutoConfiguration$JacksonObjectMapperBuilderConfiguration$$EnhancerBySpringCGLIB$$e8d460f6'
[DEBUG] 2017-06-04 15:06:43.113 [main] ConfigurationClassEnhancer - Successfully enhanced org.springframework.boot.autoconfigure.jackson.JacksonAutoConfiguration$JacksonObjectMapperConfiguration; enhanced class name is: org.springframework.boot.autoconfigure.jackson.JacksonAutoConfiguration$JacksonObjectMapperConfiguration$$EnhancerBySpringCGLIB$$36879edd
[DEBUG] 2017-06-04 15:06:43.113 [main] ConfigurationClassPostProcessor - Replacing bean definition 'org.springframework.boot.autoconfigure.jackson.JacksonAutoConfiguration$JacksonObjectMapperConfiguration' existing class 'org.springframework.boot.autoconfigure.jackson.JacksonAutoConfiguration$JacksonObjectMapperConfiguration' with enhanced class 'org.springframework.boot.autoconfigure.jackson.JacksonAutoConfiguration$JacksonObjectMapperConfiguration$$EnhancerBySpringCGLIB$$36879edd'
[DEBUG] 2017-06-04 15:06:43.113 [main] ConfigurationClassEnhancer - Successfully enhanced org.springframework.boot.autoconfigure.jackson.JacksonAutoConfiguration; enhanced class name is: org.springframework.boot.autoconfigure.jackson.JacksonAutoConfiguration$$EnhancerBySpringCGLIB$$18933c6c
[DEBUG] 2017-06-04 15:06:43.113 [main] ConfigurationClassPostProcessor - Replacing bean definition 'org.springframework.boot.autoconfigure.jackson.JacksonAutoConfiguration' existing class 'org.springframework.boot.autoconfigure.jackson.JacksonAutoConfiguration' with enhanced class 'org.springframework.boot.autoconfigure.jackson.JacksonAutoConfiguration$$EnhancerBySpringCGLIB$$18933c6c'
[DEBUG] 2017-06-04 15:06:43.113 [main] ConfigurationClassEnhancer - Successfully enhanced org.springframework.boot.autoconfigure.web.HttpMessageConvertersAutoConfiguration$StringHttpMessageConverterConfiguration; enhanced class name is: org.springframework.boot.autoconfigure.web.HttpMessageConvertersAutoConfiguration$StringHttpMessageConverterConfiguration$$EnhancerBySpringCGLIB$$2822484c
[DEBUG] 2017-06-04 15:06:43.114 [main] ConfigurationClassPostProcessor - Replacing bean definition 'org.springframework.boot.autoconfigure.web.HttpMessageConvertersAutoConfiguration$StringHttpMessageConverterConfiguration' existing class 'org.springframework.boot.autoconfigure.web.HttpMessageConvertersAutoConfiguration$StringHttpMessageConverterConfiguration' with enhanced class 'org.springframework.boot.autoconfigure.web.HttpMessageConvertersAutoConfiguration$StringHttpMessageConverterConfiguration$$EnhancerBySpringCGLIB$$2822484c'
[DEBUG] 2017-06-04 15:06:43.114 [main] ConfigurationClassEnhancer - Successfully enhanced org.springframework.boot.autoconfigure.web.JacksonHttpMessageConvertersConfiguration$MappingJackson2HttpMessageConverterConfiguration; enhanced class name is: org.springframework.boot.autoconfigure.web.JacksonHttpMessageConvertersConfiguration$MappingJackson2HttpMessageConverterConfiguration$$EnhancerBySpringCGLIB$$b630724c
[DEBUG] 2017-06-04 15:06:43.114 [main] ConfigurationClassPostProcessor - Replacing bean definition 'org.springframework.boot.autoconfigure.web.JacksonHttpMessageConvertersConfiguration$MappingJackson2HttpMessageConverterConfiguration' existing class 'org.springframework.boot.autoconfigure.web.JacksonHttpMessageConvertersConfiguration$MappingJackson2HttpMessageConverterConfiguration' with enhanced class 'org.springframework.boot.autoconfigure.web.JacksonHttpMessageConvertersConfiguration$MappingJackson2HttpMessageConverterConfiguration$$EnhancerBySpringCGLIB$$b630724c'
[DEBUG] 2017-06-04 15:06:43.114 [main] ConfigurationClassEnhancer - Successfully enhanced org.springframework.boot.autoconfigure.web.JacksonHttpMessageConvertersConfiguration; enhanced class name is: org.springframework.boot.autoconfigure.web.JacksonHttpMessageConvertersConfiguration$$EnhancerBySpringCGLIB$$491e0ac2
[DEBUG] 2017-06-04 15:06:43.114 [main] ConfigurationClassPostProcessor - Replacing bean definition 'org.springframework.boot.autoconfigure.web.JacksonHttpMessageConvertersConfiguration' existing class 'org.springframework.boot.autoconfigure.web.JacksonHttpMessageConvertersConfiguration' with enhanced class 'org.springframework.boot.autoconfigure.web.JacksonHttpMessageConvertersConfiguration$$EnhancerBySpringCGLIB$$491e0ac2'
[DEBUG] 2017-06-04 15:06:43.114 [main] ConfigurationClassEnhancer - Successfully enhanced org.springframework.boot.autoconfigure.web.GsonHttpMessageConvertersConfiguration; enhanced class name is: org.springframework.boot.autoconfigure.web.GsonHttpMessageConvertersConfiguration$$EnhancerBySpringCGLIB$$b6298886
[DEBUG] 2017-06-04 15:06:43.114 [main] ConfigurationClassPostProcessor - Replacing bean definition 'org.springframework.boot.autoconfigure.web.GsonHttpMessageConvertersConfiguration' existing class 'org.springframework.boot.autoconfigure.web.GsonHttpMessageConvertersConfiguration' with enhanced class 'org.springframework.boot.autoconfigure.web.GsonHttpMessageConvertersConfiguration$$EnhancerBySpringCGLIB$$b6298886'
[DEBUG] 2017-06-04 15:06:43.115 [main] ConfigurationClassEnhancer - Successfully enhanced org.springframework.boot.autoconfigure.web.HttpMessageConvertersAutoConfiguration; enhanced class name is: org.springframework.boot.autoconfigure.web.HttpMessageConvertersAutoConfiguration$$EnhancerBySpringCGLIB$$6bac3dac
[DEBUG] 2017-06-04 15:06:43.115 [main] ConfigurationClassPostProcessor - Replacing bean definition 'org.springframework.boot.autoconfigure.web.HttpMessageConvertersAutoConfiguration' existing class 'org.springframework.boot.autoconfigure.web.HttpMessageConvertersAutoConfiguration' with enhanced class 'org.springframework.boot.autoconfigure.web.HttpMessageConvertersAutoConfiguration$$EnhancerBySpringCGLIB$$6bac3dac'
[DEBUG] 2017-06-04 15:06:43.115 [main] ConfigurationClassEnhancer - Successfully enhanced org.springframework.boot.autoconfigure.hateoas.HypermediaAutoConfiguration$EntityLinksConfiguration; enhanced class name is: org.springframework.boot.autoconfigure.hateoas.HypermediaAutoConfiguration$EntityLinksConfiguration$$EnhancerBySpringCGLIB$$a4aa7529
[DEBUG] 2017-06-04 15:06:43.115 [main] ConfigurationClassPostProcessor - Replacing bean definition 'org.springframework.boot.autoconfigure.hateoas.HypermediaAutoConfiguration$EntityLinksConfiguration' existing class 'org.springframework.boot.autoconfigure.hateoas.HypermediaAutoConfiguration$EntityLinksConfiguration' with enhanced class 'org.springframework.boot.autoconfigure.hateoas.HypermediaAutoConfiguration$EntityLinksConfiguration$$EnhancerBySpringCGLIB$$a4aa7529'
[DEBUG] 2017-06-04 15:06:43.115 [main] ConfigurationClassEnhancer - Successfully enhanced org.springframework.hateoas.config.HateoasConfiguration; enhanced class name is: org.springframework.hateoas.config.HateoasConfiguration$$EnhancerBySpringCGLIB$$5a746c7e
[DEBUG] 2017-06-04 15:06:43.115 [main] ConfigurationClassPostProcessor - Replacing bean definition 'org.springframework.hateoas.config.HateoasConfiguration' existing class 'org.springframework.hateoas.config.HateoasConfiguration' with enhanced class 'org.springframework.hateoas.config.HateoasConfiguration$$EnhancerBySpringCGLIB$$5a746c7e'
[DEBUG] 2017-06-04 15:06:43.115 [main] ConfigurationClassEnhancer - Successfully enhanced org.springframework.boot.autoconfigure.hateoas.HypermediaAutoConfiguration$HypermediaConfiguration; enhanced class name is: org.springframework.boot.autoconfigure.hateoas.HypermediaAutoConfiguration$HypermediaConfiguration$$EnhancerBySpringCGLIB$$7982c8d7
[DEBUG] 2017-06-04 15:06:43.115 [main] ConfigurationClassPostProcessor - Replacing bean definition 'org.springframework.boot.autoconfigure.hateoas.HypermediaAutoConfiguration$HypermediaConfiguration' existing class 'org.springframework.boot.autoconfigure.hateoas.HypermediaAutoConfiguration$HypermediaConfiguration' with enhanced class 'org.springframework.boot.autoconfigure.hateoas.HypermediaAutoConfiguration$HypermediaConfiguration$$EnhancerBySpringCGLIB$$7982c8d7'
[DEBUG] 2017-06-04 15:06:43.115 [main] ConfigurationClassEnhancer - Successfully enhanced org.springframework.boot.autoconfigure.hateoas.HypermediaAutoConfiguration$HypermediaConfiguration; enhanced class name is: org.springframework.boot.autoconfigure.hateoas.HypermediaAutoConfiguration$HypermediaConfiguration$$EnhancerBySpringCGLIB$$7982c8d7
[DEBUG] 2017-06-04 15:06:43.115 [main] ConfigurationClassPostProcessor - Replacing bean definition 'halObjectMapperConfigurer' existing class 'org.springframework.boot.autoconfigure.hateoas.HypermediaAutoConfiguration$HypermediaConfiguration' with enhanced class 'org.springframework.boot.autoconfigure.hateoas.HypermediaAutoConfiguration$HypermediaConfiguration$$EnhancerBySpringCGLIB$$7982c8d7'
[DEBUG] 2017-06-04 15:06:43.115 [main] ConfigurationClassEnhancer - Successfully enhanced org.springframework.boot.autoconfigure.hateoas.HypermediaAutoConfiguration; enhanced class name is: org.springframework.boot.autoconfigure.hateoas.HypermediaAutoConfiguration$$EnhancerBySpringCGLIB$$f6fa897d
[DEBUG] 2017-06-04 15:06:43.115 [main] ConfigurationClassPostProcessor - Replacing bean definition 'org.springframework.boot.autoconfigure.hateoas.HypermediaAutoConfiguration' existing class 'org.springframework.boot.autoconfigure.hateoas.HypermediaAutoConfiguration' with enhanced class 'org.springframework.boot.autoconfigure.hateoas.HypermediaAutoConfiguration$$EnhancerBySpringCGLIB$$f6fa897d'
[DEBUG] 2017-06-04 15:06:43.116 [main] ConfigurationClassEnhancer - Successfully enhanced org.springframework.boot.test.autoconfigure.web.servlet.MockMvcAutoConfiguration; enhanced class name is: org.springframework.boot.test.autoconfigure.web.servlet.MockMvcAutoConfiguration$$EnhancerBySpringCGLIB$$9956da89
[DEBUG] 2017-06-04 15:06:43.116 [main] ConfigurationClassPostProcessor - Replacing bean definition 'org.springframework.boot.test.autoconfigure.web.servlet.MockMvcAutoConfiguration' existing class 'org.springframework.boot.test.autoconfigure.web.servlet.MockMvcAutoConfiguration' with enhanced class 'org.springframework.boot.test.autoconfigure.web.servlet.MockMvcAutoConfiguration$$EnhancerBySpringCGLIB$$9956da89'
[DEBUG] 2017-06-04 15:06:43.116 [main] ConfigurationClassEnhancer - Successfully enhanced org.springframework.boot.autoconfigure.web.ServerPropertiesAutoConfiguration; enhanced class name is: org.springframework.boot.autoconfigure.web.ServerPropertiesAutoConfiguration$$EnhancerBySpringCGLIB$$91499b1c
[DEBUG] 2017-06-04 15:06:43.116 [main] ConfigurationClassPostProcessor - Replacing bean definition 'org.springframework.boot.autoconfigure.web.ServerPropertiesAutoConfiguration' existing class 'org.springframework.boot.autoconfigure.web.ServerPropertiesAutoConfiguration' with enhanced class 'org.springframework.boot.autoconfigure.web.ServerPropertiesAutoConfiguration$$EnhancerBySpringCGLIB$$91499b1c'
[DEBUG] 2017-06-04 15:06:43.116 [main] ConfigurationClassEnhancer - Successfully enhanced org.springframework.boot.test.autoconfigure.web.servlet.MockMvcSecurityAutoConfiguration; enhanced class name is: org.springframework.boot.test.autoconfigure.web.servlet.MockMvcSecurityAutoConfiguration$$EnhancerBySpringCGLIB$$af84fe29
[DEBUG] 2017-06-04 15:06:43.116 [main] ConfigurationClassPostProcessor - Replacing bean definition 'org.springframework.boot.test.autoconfigure.web.servlet.MockMvcSecurityAutoConfiguration' existing class 'org.springframework.boot.test.autoconfigure.web.servlet.MockMvcSecurityAutoConfiguration' with enhanced class 'org.springframework.boot.test.autoconfigure.web.servlet.MockMvcSecurityAutoConfiguration$$EnhancerBySpringCGLIB$$af84fe29'
[DEBUG] 2017-06-04 15:06:43.116 [main] StandardEnvironment - Adding [applicationConfig: [classpath:/application.properties]] PropertySource with search precedence immediately lower than [applicationConfigurationProperties]
[DEBUG] 2017-06-04 15:06:43.116 [main] StandardEnvironment - Removing [applicationConfigurationProperties] PropertySource
[DEBUG] 2017-06-04 15:06:43.116 [main] StandardEnvironment - Removing [defaultProperties] PropertySource
[DEBUG] 2017-06-04 15:06:43.117 [main] DefaultListableBeanFactory - Creating shared instance of singleton bean 'org.springframework.boot.test.mock.mockito.MockitoPostProcessor'
[DEBUG] 2017-06-04 15:06:43.117 [main] DefaultListableBeanFactory - Creating instance of bean 'org.springframework.boot.test.mock.mockito.MockitoPostProcessor'
[DEBUG] 2017-06-04 15:06:43.120 [main] DefaultListableBeanFactory - Eagerly caching bean 'org.springframework.boot.test.mock.mockito.MockitoPostProcessor' to allow for resolving potential circular references
[DEBUG] 2017-06-04 15:06:43.120 [main] DefaultListableBeanFactory - Finished creating instance of bean 'org.springframework.boot.test.mock.mockito.MockitoPostProcessor'
[DEBUG] 2017-06-04 15:06:43.129 [main] DefaultListableBeanFactory - Creating shared instance of singleton bean 'org.springframework.boot.context.properties.ConfigurationPropertiesBindingPostProcessor.store'
[DEBUG] 2017-06-04 15:06:43.129 [main] DefaultListableBeanFactory - Creating instance of bean 'org.springframework.boot.context.properties.ConfigurationPropertiesBindingPostProcessor.store'
[DEBUG] 2017-06-04 15:06:43.129 [main] DefaultListableBeanFactory - Eagerly caching bean 'org.springframework.boot.context.properties.ConfigurationPropertiesBindingPostProcessor.store' to allow for resolving potential circular references
[DEBUG] 2017-06-04 15:06:43.129 [main] DefaultListableBeanFactory - Finished creating instance of bean 'org.springframework.boot.context.properties.ConfigurationPropertiesBindingPostProcessor.store'
[DEBUG] 2017-06-04 15:06:43.138 [main] DefaultListableBeanFactory - Creating shared instance of singleton bean 'org.springframework.context.annotation.internalAutowiredAnnotationProcessor'
[DEBUG] 2017-06-04 15:06:43.138 [main] DefaultListableBeanFactory - Creating instance of bean 'org.springframework.context.annotation.internalAutowiredAnnotationProcessor'
[DEBUG] 2017-06-04 15:06:43.163 [main] DefaultListableBeanFactory - Eagerly caching bean 'org.springframework.context.annotation.internalAutowiredAnnotationProcessor' to allow for resolving potential circular references
[DEBUG] 2017-06-04 15:06:43.163 [main] DefaultListableBeanFactory - Finished creating instance of bean 'org.springframework.context.annotation.internalAutowiredAnnotationProcessor'
[DEBUG] 2017-06-04 15:06:43.163 [main] DefaultListableBeanFactory - Creating shared instance of singleton bean 'org.springframework.context.annotation.internalRequiredAnnotationProcessor'
[DEBUG] 2017-06-04 15:06:43.163 [main] DefaultListableBeanFactory - Creating instance of bean 'org.springframework.context.annotation.internalRequiredAnnotationProcessor'
[DEBUG] 2017-06-04 15:06:43.164 [main] DefaultListableBeanFactory - Eagerly caching bean 'org.springframework.context.annotation.internalRequiredAnnotationProcessor' to allow for resolving potential circular references
[DEBUG] 2017-06-04 15:06:43.164 [main] DefaultListableBeanFactory - Finished creating instance of bean 'org.springframework.context.annotation.internalRequiredAnnotationProcessor'
[DEBUG] 2017-06-04 15:06:43.164 [main] DefaultListableBeanFactory - Creating shared instance of singleton bean 'org.springframework.context.annotation.internalCommonAnnotationProcessor'
[DEBUG] 2017-06-04 15:06:43.164 [main] DefaultListableBeanFactory - Creating instance of bean 'org.springframework.context.annotation.internalCommonAnnotationProcessor'
[DEBUG] 2017-06-04 15:06:43.164 [main] DefaultListableBeanFactory - Eagerly caching bean 'org.springframework.context.annotation.internalCommonAnnotationProcessor' to allow for resolving potential circular references
[DEBUG] 2017-06-04 15:06:43.164 [main] DefaultListableBeanFactory - Finished creating instance of bean 'org.springframework.context.annotation.internalCommonAnnotationProcessor'
[DEBUG] 2017-06-04 15:06:43.164 [main] DefaultListableBeanFactory - Creating shared instance of singleton bean 'org.springframework.boot.test.mock.mockito.MockitoPostProcessor$SpyPostProcessor'
[DEBUG] 2017-06-04 15:06:43.164 [main] DefaultListableBeanFactory - Creating instance of bean 'org.springframework.boot.test.mock.mockito.MockitoPostProcessor$SpyPostProcessor'
[DEBUG] 2017-06-04 15:06:43.164 [main] DefaultListableBeanFactory - Returning cached instance of singleton bean 'org.springframework.boot.test.mock.mockito.MockitoPostProcessor'
[DEBUG] 2017-06-04 15:06:43.166 [main] DefaultListableBeanFactory - Eagerly caching bean 'org.springframework.boot.test.mock.mockito.MockitoPostProcessor$SpyPostProcessor' to allow for resolving potential circular references
[DEBUG] 2017-06-04 15:06:43.166 [main] DefaultListableBeanFactory - Finished creating instance of bean 'org.springframework.boot.test.mock.mockito.MockitoPostProcessor$SpyPostProcessor'
[DEBUG] 2017-06-04 15:06:43.166 [main] DefaultListableBeanFactory - Creating shared instance of singleton bean 'org.springframework.context.annotation.ConfigurationClassPostProcessor.importAwareProcessor'
[DEBUG] 2017-06-04 15:06:43.166 [main] DefaultListableBeanFactory - Creating instance of bean 'org.springframework.context.annotation.ConfigurationClassPostProcessor.importAwareProcessor'
[DEBUG] 2017-06-04 15:06:43.166 [main] DefaultListableBeanFactory - Eagerly caching bean 'org.springframework.context.annotation.ConfigurationClassPostProcessor.importAwareProcessor' to allow for resolving potential circular references
[DEBUG] 2017-06-04 15:06:43.166 [main] DefaultListableBeanFactory - Finished creating instance of bean 'org.springframework.context.annotation.ConfigurationClassPostProcessor.importAwareProcessor'
[DEBUG] 2017-06-04 15:06:43.166 [main] DefaultListableBeanFactory - Creating shared instance of singleton bean 'org.springframework.context.annotation.ConfigurationClassPostProcessor.enhancedConfigurationProcessor'
[DEBUG] 2017-06-04 15:06:43.166 [main] DefaultListableBeanFactory - Creating instance of bean 'org.springframework.context.annotation.ConfigurationClassPostProcessor.enhancedConfigurationProcessor'
[DEBUG] 2017-06-04 15:06:43.166 [main] DefaultListableBeanFactory - Eagerly caching bean 'org.springframework.context.annotation.ConfigurationClassPostProcessor.enhancedConfigurationProcessor' to allow for resolving potential circular references
[DEBUG] 2017-06-04 15:06:43.166 [main] DefaultListableBeanFactory - Finished creating instance of bean 'org.springframework.context.annotation.ConfigurationClassPostProcessor.enhancedConfigurationProcessor'
[DEBUG] 2017-06-04 15:06:43.166 [main] DefaultListableBeanFactory - Creating shared instance of singleton bean 'org.springframework.data.repository.core.support.RepositoryFactoryBeanSupport_Predictor'
[DEBUG] 2017-06-04 15:06:43.166 [main] DefaultListableBeanFactory - Creating instance of bean 'org.springframework.data.repository.core.support.RepositoryFactoryBeanSupport_Predictor'
[DEBUG] 2017-06-04 15:06:43.168 [main] DefaultListableBeanFactory - Eagerly caching bean 'org.springframework.data.repository.core.support.RepositoryFactoryBeanSupport_Predictor' to allow for resolving potential circular references
[DEBUG] 2017-06-04 15:06:43.168 [main] DefaultListableBeanFactory - Finished creating instance of bean 'org.springframework.data.repository.core.support.RepositoryFactoryBeanSupport_Predictor'
[DEBUG] 2017-06-04 15:06:43.168 [main] DefaultListableBeanFactory - Creating shared instance of singleton bean 'org.springframework.boot.context.properties.ConfigurationPropertiesBindingPostProcessor'
[DEBUG] 2017-06-04 15:06:43.168 [main] DefaultListableBeanFactory - Creating instance of bean 'org.springframework.boot.context.properties.ConfigurationPropertiesBindingPostProcessor'
[DEBUG] 2017-06-04 15:06:43.169 [main] StandardEnvironment - Adding [systemProperties] PropertySource with lowest search precedence
[DEBUG] 2017-06-04 15:06:43.169 [main] StandardEnvironment - Adding [systemEnvironment] PropertySource with lowest search precedence
[DEBUG] 2017-06-04 15:06:43.169 [main] StandardEnvironment - Initialized StandardEnvironment with PropertySources [systemProperties,systemEnvironment]
[DEBUG] 2017-06-04 15:06:43.169 [main] DefaultListableBeanFactory - Eagerly caching bean 'org.springframework.boot.context.properties.ConfigurationPropertiesBindingPostProcessor' to allow for resolving potential circular references
[DEBUG] 2017-06-04 15:06:43.169 [main] DefaultListableBeanFactory - Returning cached instance of singleton bean 'org.springframework.boot.context.properties.ConfigurationPropertiesBindingPostProcessor.store'
[DEBUG] 2017-06-04 15:06:43.181 [main] DefaultListableBeanFactory - Invoking afterPropertiesSet() on bean with name 'org.springframework.boot.context.properties.ConfigurationPropertiesBindingPostProcessor'
[DEBUG] 2017-06-04 15:06:43.182 [main] DefaultListableBeanFactory - Finished creating instance of bean 'org.springframework.boot.context.properties.ConfigurationPropertiesBindingPostProcessor'
[DEBUG] 2017-06-04 15:06:43.182 [main] DefaultListableBeanFactory - Returning cached instance of singleton bean 'org.springframework.boot.test.mock.mockito.MockitoPostProcessor'
[DEBUG] 2017-06-04 15:06:43.182 [main] DefaultListableBeanFactory - Creating shared instance of singleton bean 'halObjectMapperConfigurer'
[DEBUG] 2017-06-04 15:06:43.182 [main] DefaultListableBeanFactory - Creating instance of bean 'halObjectMapperConfigurer'
[DEBUG] 2017-06-04 15:06:43.183 [main] DefaultListableBeanFactory - Eagerly caching bean 'halObjectMapperConfigurer' to allow for resolving potential circular references
[DEBUG] 2017-06-04 15:06:43.186 [main] DefaultListableBeanFactory - Finished creating instance of bean 'halObjectMapperConfigurer'
[DEBUG] 2017-06-04 15:06:43.186 [main] DefaultListableBeanFactory - Creating shared instance of singleton bean 'org.springframework.hateoas.config.HypermediaSupportBeanDefinitionRegistrar$DefaultObjectMapperCustomizer#0'
[DEBUG] 2017-06-04 15:06:43.187 [main] DefaultListableBeanFactory - Creating instance of bean 'org.springframework.hateoas.config.HypermediaSupportBeanDefinitionRegistrar$DefaultObjectMapperCustomizer#0'
[DEBUG] 2017-06-04 15:06:43.187 [main] DefaultListableBeanFactory - Eagerly caching bean 'org.springframework.hateoas.config.HypermediaSupportBeanDefinitionRegistrar$DefaultObjectMapperCustomizer#0' to allow for resolving potential circular references
[DEBUG] 2017-06-04 15:06:43.197 [main] DefaultListableBeanFactory - Finished creating instance of bean 'org.springframework.hateoas.config.HypermediaSupportBeanDefinitionRegistrar$DefaultObjectMapperCustomizer#0'
[DEBUG] 2017-06-04 15:06:43.197 [main] DefaultListableBeanFactory - Creating shared instance of singleton bean 'org.springframework.hateoas.config.HypermediaSupportBeanDefinitionRegistrar$Jackson2ModuleRegisteringBeanPostProcessor#0'
[DEBUG] 2017-06-04 15:06:43.197 [main] DefaultListableBeanFactory - Creating instance of bean 'org.springframework.hateoas.config.HypermediaSupportBeanDefinitionRegistrar$Jackson2ModuleRegisteringBeanPostProcessor#0'
[DEBUG] 2017-06-04 15:06:43.197 [main] DefaultListableBeanFactory - Eagerly caching bean 'org.springframework.hateoas.config.HypermediaSupportBeanDefinitionRegistrar$Jackson2ModuleRegisteringBeanPostProcessor#0' to allow for resolving potential circular references
[DEBUG] 2017-06-04 15:06:43.202 [main] DefaultListableBeanFactory - Finished creating instance of bean 'org.springframework.hateoas.config.HypermediaSupportBeanDefinitionRegistrar$Jackson2ModuleRegisteringBeanPostProcessor#0'
[DEBUG] 2017-06-04 15:06:43.203 [main] DefaultListableBeanFactory - Returning cached instance of singleton bean 'org.springframework.boot.test.autoconfigure.properties.PropertyMappingContextCustomizer$PropertyMappingCheckBeanPostProcessor'
[DEBUG] 2017-06-04 15:06:43.203 [main] GenericWebApplicationContext - Unable to locate MessageSource with name 'messageSource': using default [org.springframework.context.support.DelegatingMessageSource@289778cd]
[DEBUG] 2017-06-04 15:06:43.203 [main] GenericWebApplicationContext - Unable to locate ApplicationEventMulticaster with name 'applicationEventMulticaster': using default [org.springframework.context.event.SimpleApplicationEventMulticaster@7495699f]
[DEBUG] 2017-06-04 15:06:43.203 [main] UiApplicationContextUtils - Unable to locate ThemeSource with name 'themeSource': using default [org.springframework.ui.context.support.ResourceBundleThemeSource@7c2312fa]
[DEBUG] 2017-06-04 15:06:43.205 [main] DefaultListableBeanFactory - Pre-instantiating singletons in org.springframework.beans.factory.support.DefaultListableBeanFactory@27fde870: defining beans [org.springframework.context.annotation.internalConfigurationAnnotationProcessor,org.springframework.context.annotation.internalAutowiredAnnotationProcessor,org.springframework.context.annotation.internalRequiredAnnotationProcessor,org.springframework.context.annotation.internalCommonAnnotationProcessor,org.springframework.context.event.internalEventListenerProcessor,org.springframework.context.event.internalEventListenerFactory,org.springframework.boot.test.context.ImportsContextCustomizer$ImportsCleanupPostProcessor,org.springframework.boot.test.mock.mockito.MockitoPostProcessor$SpyPostProcessor,org.springframework.boot.test.mock.mockito.MockitoPostProcessor,ng2bootApplication,org.springframework.boot.autoconfigure.internalCachingMetadataReaderFactory,org.springframework.context.annotation.ConfigurationClassPostProcessor.importAwareProcessor,org.springframework.context.annotation.ConfigurationClassPostProcessor.enhancedConfigurationProcessor,movieRestController,org.springframework.boot.autoconfigure.AutoConfigurationPackages,org.springframework.data.mongodb.repository.config.MongoRepositoryConfigurationExtension#0,org.springframework.data.repository.core.support.RepositoryFactoryBeanSupport_Predictor,crudsRepository,movieRepository,org.springframework.boot.autoconfigure.condition.BeanTypeRegistry,org.springframework.boot.autoconfigure.web.WebMvcAutoConfiguration$EnableWebMvcConfiguration,requestMappingHandlerAdapter,requestMappingHandlerMapping,mvcPathMatcher,mvcUrlPathHelper,mvcContentNegotiationManager,viewControllerHandlerMapping,beanNameHandlerMapping,resourceHandlerMapping,mvcResourceUrlProvider,defaultServletHandlerMapping,mvcConversionService,mvcValidator,mvcUriComponentsContributor,httpRequestHandlerAdapter,simpleControllerHandlerAdapter,handlerExceptionResolver,mvcViewResolver,org.springframework.boot.autoconfigure.web.WebMvcAutoConfiguration$WebMvcAutoConfigurationAdapter$FaviconConfiguration,faviconHandlerMapping,faviconRequestHandler,org.springframework.boot.autoconfigure.web.WebMvcAutoConfiguration$WebMvcAutoConfigurationAdapter,defaultViewResolver,viewResolver,welcomePageHandlerMapping,requestContextFilter,spring.mvc-org.springframework.boot.autoconfigure.web.WebMvcProperties,spring.resources-org.springframework.boot.autoconfigure.web.ResourceProperties,org.springframework.boot.context.properties.ConfigurationPropertiesBindingPostProcessor,org.springframework.boot.context.properties.ConfigurationPropertiesBindingPostProcessor.store,org.springframework.boot.autoconfigure.web.WebMvcAutoConfiguration,hiddenHttpMethodFilter,httpPutFormContentFilter,org.springframework.boot.autoconfigure.gson.GsonAutoConfiguration,gson,org.springframework.boot.autoconfigure.jackson.JacksonAutoConfiguration$Jackson2ObjectMapperBuilderCustomizerConfiguration,standardJacksonObjectMapperBuilderCustomizer,spring.jackson-org.springframework.boot.autoconfigure.jackson.JacksonProperties,org.springframework.boot.autoconfigure.jackson.JacksonAutoConfiguration$JacksonObjectMapperBuilderConfiguration,jacksonObjectMapperBuilder,org.springframework.boot.autoconfigure.jackson.JacksonAutoConfiguration$JacksonObjectMapperConfiguration,jacksonObjectMapper,org.springframework.boot.autoconfigure.jackson.JacksonAutoConfiguration,jsonComponentModule,org.springframework.boot.autoconfigure.web.HttpMessageConvertersAutoConfiguration$StringHttpMessageConverterConfiguration,stringHttpMessageConverter,spring.http.encoding-org.springframework.boot.autoconfigure.web.HttpEncodingProperties,org.springframework.boot.autoconfigure.web.JacksonHttpMessageConvertersConfiguration$MappingJackson2HttpMessageConverterConfiguration,mappingJackson2HttpMessageConverter,org.springframework.boot.autoconfigure.web.JacksonHttpMessageConvertersConfiguration,org.springframework.boot.autoconfigure.web.GsonHttpMessageConvertersConfiguration,org.springframework.boot.autoconfigure.web.HttpMessageConvertersAutoConfiguration,messageConverters,org.springframework.boot.autoconfigure.hateoas.HypermediaAutoConfiguration$EntityLinksConfiguration,entityLinksPluginRegistry,controllerEntityLinks,delegatingEntityLinks,org.springframework.hateoas.config.HateoasConfiguration,linkRelationMessageSource,org.springframework.boot.autoconfigure.hateoas.HypermediaAutoConfiguration$HypermediaConfiguration,halObjectMapperConfigurer,org.springframework.hateoas.hal.HalLinkDiscoverer#0,_halObjectMapper,org.springframework.hateoas.config.HypermediaSupportBeanDefinitionRegistrar$DefaultObjectMapperCustomizer#0,org.springframework.hateoas.config.HypermediaSupportBeanDefinitionRegistrar$Jackson2ModuleRegisteringBeanPostProcessor#0,_linkDiscovererRegistry,org.springframework.hateoas.LinkDiscoverers#0,defaultRelProvider,annotationRelProvider,relProviderPluginRegistry,_relProvider,org.springframework.boot.autoconfigure.hateoas.HypermediaHttpMessageConverterConfiguration,halMessageConverterSupportedMediaTypeCustomizer,org.springframework.boot.autoconfigure.hateoas.HypermediaAutoConfiguration,spring.hateoas-org.springframework.boot.autoconfigure.hateoas.HateoasProperties,org.springframework.boot.test.autoconfigure.web.servlet.MockMvcAutoConfiguration,mockMvcBuilder,springBootMockMvcBuilderCustomizer,mockMvc,org.springframework.boot.autoconfigure.web.ServerPropertiesAutoConfiguration,serverProperties,duplicateServerPropertiesDetector,org.springframework.boot.test.autoconfigure.web.servlet.MockMvcSecurityAutoConfiguration,com.stackroute.ng2boot.service.MovieGetService#0]; root of factory hierarchy
[DEBUG] 2017-06-04 15:06:43.206 [main] DefaultListableBeanFactory - Returning cached instance of singleton bean 'org.springframework.context.annotation.internalConfigurationAnnotationProcessor'
[DEBUG] 2017-06-04 15:06:43.206 [main] DefaultListableBeanFactory - Returning cached instance of singleton bean 'org.springframework.context.annotation.internalAutowiredAnnotationProcessor'
[DEBUG] 2017-06-04 15:06:43.206 [main] DefaultListableBeanFactory - Returning cached instance of singleton bean 'org.springframework.context.annotation.internalRequiredAnnotationProcessor'
[DEBUG] 2017-06-04 15:06:43.206 [main] DefaultListableBeanFactory - Returning cached instance of singleton bean 'org.springframework.context.annotation.internalCommonAnnotationProcessor'
[DEBUG] 2017-06-04 15:06:43.206 [main] DefaultListableBeanFactory - Creating shared instance of singleton bean 'org.springframework.context.event.internalEventListenerProcessor'
[DEBUG] 2017-06-04 15:06:43.206 [main] DefaultListableBeanFactory - Creating instance of bean 'org.springframework.context.event.internalEventListenerProcessor'
[DEBUG] 2017-06-04 15:06:43.206 [main] DefaultListableBeanFactory - Eagerly caching bean 'org.springframework.context.event.internalEventListenerProcessor' to allow for resolving potential circular references
[DEBUG] 2017-06-04 15:06:43.210 [main] DefaultListableBeanFactory - Finished creating instance of bean 'org.springframework.context.event.internalEventListenerProcessor'
[DEBUG] 2017-06-04 15:06:43.210 [main] DefaultListableBeanFactory - Creating shared instance of singleton bean 'org.springframework.context.event.internalEventListenerFactory'
[DEBUG] 2017-06-04 15:06:43.210 [main] DefaultListableBeanFactory - Creating instance of bean 'org.springframework.context.event.internalEventListenerFactory'
[DEBUG] 2017-06-04 15:06:43.210 [main] DefaultListableBeanFactory - Eagerly caching bean 'org.springframework.context.event.internalEventListenerFactory' to allow for resolving potential circular references
[DEBUG] 2017-06-04 15:06:43.222 [main] DefaultListableBeanFactory - Finished creating instance of bean 'org.springframework.context.event.internalEventListenerFactory'
[DEBUG] 2017-06-04 15:06:43.222 [main] DefaultListableBeanFactory - Returning cached instance of singleton bean 'org.springframework.boot.test.context.ImportsContextCustomizer$ImportsCleanupPostProcessor'
[DEBUG] 2017-06-04 15:06:43.222 [main] DefaultListableBeanFactory - Returning cached instance of singleton bean 'org.springframework.boot.test.mock.mockito.MockitoPostProcessor$SpyPostProcessor'
[DEBUG] 2017-06-04 15:06:43.222 [main] DefaultListableBeanFactory - Returning cached instance of singleton bean 'org.springframework.boot.test.mock.mockito.MockitoPostProcessor'
[DEBUG] 2017-06-04 15:06:43.222 [main] DefaultListableBeanFactory - Creating shared instance of singleton bean 'ng2bootApplication'
[DEBUG] 2017-06-04 15:06:43.222 [main] DefaultListableBeanFactory - Creating instance of bean 'ng2bootApplication'
[DEBUG] 2017-06-04 15:06:43.222 [main] DefaultListableBeanFactory - Eagerly caching bean 'ng2bootApplication' to allow for resolving potential circular references
[DEBUG] 2017-06-04 15:06:43.226 [main] DefaultListableBeanFactory - Finished creating instance of bean 'ng2bootApplication'
[DEBUG] 2017-06-04 15:06:43.226 [main] DefaultListableBeanFactory - Returning cached instance of singleton bean 'org.springframework.boot.autoconfigure.internalCachingMetadataReaderFactory'
[DEBUG] 2017-06-04 15:06:43.226 [main] DefaultListableBeanFactory - Returning cached instance of singleton bean 'org.springframework.context.annotation.ConfigurationClassPostProcessor.importAwareProcessor'
[DEBUG] 2017-06-04 15:06:43.226 [main] DefaultListableBeanFactory - Returning cached instance of singleton bean 'org.springframework.context.annotation.ConfigurationClassPostProcessor.enhancedConfigurationProcessor'
[DEBUG] 2017-06-04 15:06:43.226 [main] DefaultListableBeanFactory - Creating shared instance of singleton bean 'movieRestController'
[DEBUG] 2017-06-04 15:06:43.226 [main] DefaultListableBeanFactory - Creating instance of bean 'movieRestController'
[DEBUG] 2017-06-04 15:06:43.227 [main] InjectionMetadata - Registered injected element on class [com.stackroute.ng2boot.controllers.MovieRestController]: AutowiredFieldElement for private com.stackroute.ng2boot.service.MovieGetService com.stackroute.ng2boot.controllers.MovieRestController.moviegetservice
[DEBUG] 2017-06-04 15:06:43.227 [main] InjectionMetadata - Registered injected element on class [com.stackroute.ng2boot.controllers.MovieRestController]: AutowiredFieldElement for private com.stackroute.ng2boot.links.MovieLinks com.stackroute.ng2boot.controllers.MovieRestController.movielinks
[DEBUG] 2017-06-04 15:06:43.227 [main] DefaultListableBeanFactory - Eagerly caching bean 'movieRestController' to allow for resolving potential circular references
[DEBUG] 2017-06-04 15:06:43.230 [main] InjectionMetadata - Processing injected element of bean 'movieRestController': AutowiredFieldElement for private com.stackroute.ng2boot.service.MovieGetService com.stackroute.ng2boot.controllers.MovieRestController.moviegetservice
[DEBUG] 2017-06-04 15:06:43.231 [main] DefaultListableBeanFactory - Returning cached instance of singleton bean 'com.stackroute.ng2boot.service.MovieGetService#0'
[DEBUG] 2017-06-04 15:06:43.231 [main] AutowiredAnnotationBeanPostProcessor - Autowiring by type from bean name 'movieRestController' to bean named 'com.stackroute.ng2boot.service.MovieGetService#0'
[DEBUG] 2017-06-04 15:06:43.231 [main] InjectionMetadata - Processing injected element of bean 'movieRestController': AutowiredFieldElement for private com.stackroute.ng2boot.links.MovieLinks com.stackroute.ng2boot.controllers.MovieRestController.movielinks
[WARN ] 2017-06-04 15:06:43.233 [main] GenericWebApplicationContext - Exception encountered during context initialization - cancelling refresh attempt: org.springframework.beans.factory.UnsatisfiedDependencyException: Error creating bean with name 'movieRestController': Unsatisfied dependency expressed through field 'movielinks'; nested exception is org.springframework.beans.factory.NoSuchBeanDefinitionException: No qualifying bean of type 'com.stackroute.ng2boot.links.MovieLinks' available: expected at least 1 bean which qualifies as autowire candidate. Dependency annotations: {@org.springframework.beans.factory.annotation.Autowired(required=true)}
[DEBUG] 2017-06-04 15:06:43.233 [main] DefaultListableBeanFactory - Destroying singletons in org.springframework.beans.factory.support.DefaultListableBeanFactory@27fde870: defining beans [org.springframework.context.annotation.internalConfigurationAnnotationProcessor,org.springframework.context.annotation.internalAutowiredAnnotationProcessor,org.springframework.context.annotation.internalRequiredAnnotationProcessor,org.springframework.context.annotation.internalCommonAnnotationProcessor,org.springframework.context.event.internalEventListenerProcessor,org.springframework.context.event.internalEventListenerFactory,org.springframework.boot.test.context.ImportsContextCustomizer$ImportsCleanupPostProcessor,org.springframework.boot.test.mock.mockito.MockitoPostProcessor$SpyPostProcessor,org.springframework.boot.test.mock.mockito.MockitoPostProcessor,ng2bootApplication,org.springframework.boot.autoconfigure.internalCachingMetadataReaderFactory,org.springframework.context.annotation.ConfigurationClassPostProcessor.importAwareProcessor,org.springframework.context.annotation.ConfigurationClassPostProcessor.enhancedConfigurationProcessor,movieRestController,org.springframework.boot.autoconfigure.AutoConfigurationPackages,org.springframework.data.mongodb.repository.config.MongoRepositoryConfigurationExtension#0,org.springframework.data.repository.core.support.RepositoryFactoryBeanSupport_Predictor,crudsRepository,movieRepository,org.springframework.boot.autoconfigure.condition.BeanTypeRegistry,org.springframework.boot.autoconfigure.web.WebMvcAutoConfiguration$EnableWebMvcConfiguration,requestMappingHandlerAdapter,requestMappingHandlerMapping,mvcPathMatcher,mvcUrlPathHelper,mvcContentNegotiationManager,viewControllerHandlerMapping,beanNameHandlerMapping,resourceHandlerMapping,mvcResourceUrlProvider,defaultServletHandlerMapping,mvcConversionService,mvcValidator,mvcUriComponentsContributor,httpRequestHandlerAdapter,simpleControllerHandlerAdapter,handlerExceptionResolver,mvcViewResolver,org.springframework.boot.autoconfigure.web.WebMvcAutoConfiguration$WebMvcAutoConfigurationAdapter$FaviconConfiguration,faviconHandlerMapping,faviconRequestHandler,org.springframework.boot.autoconfigure.web.WebMvcAutoConfiguration$WebMvcAutoConfigurationAdapter,defaultViewResolver,viewResolver,welcomePageHandlerMapping,requestContextFilter,spring.mvc-org.springframework.boot.autoconfigure.web.WebMvcProperties,spring.resources-org.springframework.boot.autoconfigure.web.ResourceProperties,org.springframework.boot.context.properties.ConfigurationPropertiesBindingPostProcessor,org.springframework.boot.context.properties.ConfigurationPropertiesBindingPostProcessor.store,org.springframework.boot.autoconfigure.web.WebMvcAutoConfiguration,hiddenHttpMethodFilter,httpPutFormContentFilter,org.springframework.boot.autoconfigure.gson.GsonAutoConfiguration,gson,org.springframework.boot.autoconfigure.jackson.JacksonAutoConfiguration$Jackson2ObjectMapperBuilderCustomizerConfiguration,standardJacksonObjectMapperBuilderCustomizer,spring.jackson-org.springframework.boot.autoconfigure.jackson.JacksonProperties,org.springframework.boot.autoconfigure.jackson.JacksonAutoConfiguration$JacksonObjectMapperBuilderConfiguration,jacksonObjectMapperBuilder,org.springframework.boot.autoconfigure.jackson.JacksonAutoConfiguration$JacksonObjectMapperConfiguration,jacksonObjectMapper,org.springframework.boot.autoconfigure.jackson.JacksonAutoConfiguration,jsonComponentModule,org.springframework.boot.autoconfigure.web.HttpMessageConvertersAutoConfiguration$StringHttpMessageConverterConfiguration,stringHttpMessageConverter,spring.http.encoding-org.springframework.boot.autoconfigure.web.HttpEncodingProperties,org.springframework.boot.autoconfigure.web.JacksonHttpMessageConvertersConfiguration$MappingJackson2HttpMessageConverterConfiguration,mappingJackson2HttpMessageConverter,org.springframework.boot.autoconfigure.web.JacksonHttpMessageConvertersConfiguration,org.springframework.boot.autoconfigure.web.GsonHttpMessageConvertersConfiguration,org.springframework.boot.autoconfigure.web.HttpMessageConvertersAutoConfiguration,messageConverters,org.springframework.boot.autoconfigure.hateoas.HypermediaAutoConfiguration$EntityLinksConfiguration,entityLinksPluginRegistry,controllerEntityLinks,delegatingEntityLinks,org.springframework.hateoas.config.HateoasConfiguration,linkRelationMessageSource,org.springframework.boot.autoconfigure.hateoas.HypermediaAutoConfiguration$HypermediaConfiguration,halObjectMapperConfigurer,org.springframework.hateoas.hal.HalLinkDiscoverer#0,_halObjectMapper,org.springframework.hateoas.config.HypermediaSupportBeanDefinitionRegistrar$DefaultObjectMapperCustomizer#0,org.springframework.hateoas.config.HypermediaSupportBeanDefinitionRegistrar$Jackson2ModuleRegisteringBeanPostProcessor#0,_linkDiscovererRegistry,org.springframework.hateoas.LinkDiscoverers#0,defaultRelProvider,annotationRelProvider,relProviderPluginRegistry,_relProvider,org.springframework.boot.autoconfigure.hateoas.HypermediaHttpMessageConverterConfiguration,halMessageConverterSupportedMediaTypeCustomizer,org.springframework.boot.autoconfigure.hateoas.HypermediaAutoConfiguration,spring.hateoas-org.springframework.boot.autoconfigure.hateoas.HateoasProperties,org.springframework.boot.test.autoconfigure.web.servlet.MockMvcAutoConfiguration,mockMvcBuilder,springBootMockMvcBuilderCustomizer,mockMvc,org.springframework.boot.autoconfigure.web.ServerPropertiesAutoConfiguration,serverProperties,duplicateServerPropertiesDetector,org.springframework.boot.test.autoconfigure.web.servlet.MockMvcSecurityAutoConfiguration,com.stackroute.ng2boot.service.MovieGetService#0]; root of factory hierarchy
[DEBUG] 2017-06-04 15:06:43.234 [main] DisposableBeanAdapter - Invoking destroy() on bean with name 'org.springframework.boot.context.properties.ConfigurationPropertiesBindingPostProcessor'
[DEBUG] 2017-06-04 15:06:43.234 [main] DefaultListableBeanFactory - Retrieved dependent beans for bean 'org.springframework.boot.autoconfigure.internalCachingMetadataReaderFactory': [org.springframework.context.annotation.internalConfigurationAnnotationProcessor]
[DEBUG] 2017-06-04 15:06:43.235 [main] ClasspathLoggingApplicationListener - Application failed to start with classpath: [file:/home/user/Downloads/part1_movieapp-starter/spring-rest/target/surefire/surefirebooter8256104674369339533.jar]
[DEBUG] 2017-06-04 15:06:43.239 [main] AutoConfigurationReportLoggingInitializer - 


=========================
AUTO-CONFIGURATION REPORT
=========================


Positive matches:
-----------------

   GsonAutoConfiguration matched:
      - @ConditionalOnClass found required class 'com.google.gson.Gson' (OnClassCondition)

   GsonAutoConfiguration#gson matched:
      - @ConditionalOnMissingBean (types: com.google.gson.Gson; SearchStrategy: all) did not find any beans (OnBeanCondition)

   GsonHttpMessageConvertersConfiguration matched:
      - @ConditionalOnClass found required class 'com.google.gson.Gson' (OnClassCondition)

   HttpMessageConvertersAutoConfiguration matched:
      - @ConditionalOnClass found required class 'org.springframework.http.converter.HttpMessageConverter' (OnClassCondition)

   HttpMessageConvertersAutoConfiguration#messageConverters matched:
      - @ConditionalOnMissingBean (types: org.springframework.boot.autoconfigure.web.HttpMessageConverters; SearchStrategy: all) did not find any beans (OnBeanCondition)

   HttpMessageConvertersAutoConfiguration.StringHttpMessageConverterConfiguration matched:
      - @ConditionalOnClass found required class 'org.springframework.http.converter.StringHttpMessageConverter' (OnClassCondition)

   HttpMessageConvertersAutoConfiguration.StringHttpMessageConverterConfiguration#stringHttpMessageConverter matched:
      - @ConditionalOnMissingBean (types: org.springframework.http.converter.StringHttpMessageConverter; SearchStrategy: all) did not find any beans (OnBeanCondition)

   HypermediaAutoConfiguration matched:
      - @ConditionalOnClass found required classes 'org.springframework.hateoas.Resource', 'org.springframework.web.bind.annotation.RequestMapping', 'org.springframework.plugin.core.Plugin' (OnClassCondition)
      - @ConditionalOnWebApplication (required) found 'session' scope (OnWebApplicationCondition)

   HypermediaAutoConfiguration.EntityLinksConfiguration matched:
      - @ConditionalOnMissingBean (types: org.springframework.hateoas.EntityLinks; SearchStrategy: all) did not find any beans (OnBeanCondition)

   HypermediaAutoConfiguration.HypermediaConfiguration matched:
      - @ConditionalOnMissingBean (types: org.springframework.hateoas.LinkDiscoverers; SearchStrategy: all) did not find any beans (OnBeanCondition)

   HypermediaHttpMessageConverterConfiguration#halMessageConverterSupportedMediaTypeCustomizer matched:
      - @ConditionalOnProperty (spring.hateoas.use-hal-as-default-json-media-type) matched (OnPropertyCondition)

   JacksonAutoConfiguration matched:
      - @ConditionalOnClass found required class 'com.fasterxml.jackson.databind.ObjectMapper' (OnClassCondition)

   JacksonAutoConfiguration.Jackson2ObjectMapperBuilderCustomizerConfiguration matched:
      - @ConditionalOnClass found required classes 'com.fasterxml.jackson.databind.ObjectMapper', 'org.springframework.http.converter.json.Jackson2ObjectMapperBuilder' (OnClassCondition)

   JacksonAutoConfiguration.JacksonObjectMapperBuilderConfiguration matched:
      - @ConditionalOnClass found required classes 'com.fasterxml.jackson.databind.ObjectMapper', 'org.springframework.http.converter.json.Jackson2ObjectMapperBuilder' (OnClassCondition)

   JacksonAutoConfiguration.JacksonObjectMapperBuilderConfiguration#jacksonObjectMapperBuilder matched:
      - @ConditionalOnMissingBean (types: org.springframework.http.converter.json.Jackson2ObjectMapperBuilder; SearchStrategy: all) did not find any beans (OnBeanCondition)

   JacksonAutoConfiguration.JacksonObjectMapperConfiguration matched:
      - @ConditionalOnClass found required classes 'com.fasterxml.jackson.databind.ObjectMapper', 'org.springframework.http.converter.json.Jackson2ObjectMapperBuilder' (OnClassCondition)

   JacksonAutoConfiguration.JacksonObjectMapperConfiguration#jacksonObjectMapper matched:
      - @ConditionalOnMissingBean (types: com.fasterxml.jackson.databind.ObjectMapper; SearchStrategy: all) did not find any beans (OnBeanCondition)

   JacksonHttpMessageConvertersConfiguration.MappingJackson2HttpMessageConverterConfiguration matched:
      - @ConditionalOnClass found required class 'com.fasterxml.jackson.databind.ObjectMapper' (OnClassCondition)
      - @ConditionalOnProperty (spring.http.converters.preferred-json-mapper=jackson) matched (OnPropertyCondition)
      - @ConditionalOnBean (types: com.fasterxml.jackson.databind.ObjectMapper; SearchStrategy: all) found bean 'jacksonObjectMapper' (OnBeanCondition)

   JacksonHttpMessageConvertersConfiguration.MappingJackson2HttpMessageConverterConfiguration#mappingJackson2HttpMessageConverter matched:
      - @ConditionalOnMissingBean (types: org.springframework.http.converter.json.MappingJackson2HttpMessageConverter; SearchStrategy: all) did not find any beans (OnBeanCondition)

   MockMvcAutoConfiguration matched:
      - @ConditionalOnWebApplication (required) found 'session' scope (OnWebApplicationCondition)

   MockMvcAutoConfiguration#mockMvc matched:
      - @ConditionalOnMissingBean (types: org.springframework.test.web.servlet.MockMvc; SearchStrategy: all) did not find any beans (OnBeanCondition)

   MockMvcAutoConfiguration#mockMvcBuilder matched:
      - @ConditionalOnMissingBean (types: org.springframework.test.web.servlet.MockMvcBuilder; SearchStrategy: all) did not find any beans (OnBeanCondition)

   MockMvcSecurityAutoConfiguration matched:
      - @ConditionalOnProperty (spring.test.mockmvc.secure=true) matched (OnPropertyCondition)

   NoOpCacheConfiguration matched:
      - Cache org.springframework.boot.autoconfigure.cache.NoOpCacheConfiguration NONE cache type (CacheCondition)

   ServerPropertiesAutoConfiguration matched:
      - @ConditionalOnWebApplication (required) found 'session' scope (OnWebApplicationCondition)

   ServerPropertiesAutoConfiguration#serverProperties matched:
      - @ConditionalOnMissingBean (types: org.springframework.boot.autoconfigure.web.ServerProperties; SearchStrategy: current) did not find any beans (OnBeanCondition)

   WebMvcAutoConfiguration matched:
      - @ConditionalOnClass found required classes 'javax.servlet.Servlet', 'org.springframework.web.servlet.DispatcherServlet', 'org.springframework.web.servlet.config.annotation.WebMvcConfigurerAdapter' (OnClassCondition)
      - @ConditionalOnWebApplication (required) found 'session' scope (OnWebApplicationCondition)
      - @ConditionalOnMissingBean (types: org.springframework.web.servlet.config.annotation.WebMvcConfigurationSupport; SearchStrategy: all) did not find any beans (OnBeanCondition)

   WebMvcAutoConfiguration#hiddenHttpMethodFilter matched:
      - @ConditionalOnMissingBean (types: org.springframework.web.filter.HiddenHttpMethodFilter; SearchStrategy: all) did not find any beans (OnBeanCondition)

   WebMvcAutoConfiguration#httpPutFormContentFilter matched:
      - @ConditionalOnProperty (spring.mvc.formcontent.putfilter.enabled) matched (OnPropertyCondition)
      - @ConditionalOnMissingBean (types: org.springframework.web.filter.HttpPutFormContentFilter; SearchStrategy: all) did not find any beans (OnBeanCondition)

   WebMvcAutoConfiguration.WebMvcAutoConfigurationAdapter#defaultViewResolver matched:
      - @ConditionalOnMissingBean (types: org.springframework.web.servlet.view.InternalResourceViewResolver; SearchStrategy: all) did not find any beans (OnBeanCondition)

   WebMvcAutoConfiguration.WebMvcAutoConfigurationAdapter#requestContextFilter matched:
      - @ConditionalOnMissingBean (types: org.springframework.web.context.request.RequestContextListener,org.springframework.web.filter.RequestContextFilter; SearchStrategy: all) did not find any beans (OnBeanCondition)

   WebMvcAutoConfiguration.WebMvcAutoConfigurationAdapter#viewResolver matched:
      - @ConditionalOnBean (types: org.springframework.web.servlet.ViewResolver; SearchStrategy: all) found beans 'defaultViewResolver', 'mvcViewResolver'; @ConditionalOnMissingBean (names: viewResolver; types: org.springframework.web.servlet.view.ContentNegotiatingViewResolver; SearchStrategy: all) did not find any beans (OnBeanCondition)

   WebMvcAutoConfiguration.WebMvcAutoConfigurationAdapter.FaviconConfiguration matched:
      - @ConditionalOnProperty (spring.mvc.favicon.enabled) matched (OnPropertyCondition)


Negative matches:
-----------------

   CacheAutoConfiguration:
      Did not match:
         - @ConditionalOnBean (types: org.springframework.cache.interceptor.CacheAspectSupport; SearchStrategy: all) did not find any beans (OnBeanCondition)
      Matched:
         - @ConditionalOnClass found required class 'org.springframework.cache.CacheManager' (OnClassCondition)

   CacheAutoConfiguration.CacheManagerJpaDependencyConfiguration:
      Did not match:
         - @ConditionalOnClass did not find required class 'org.springframework.orm.jpa.LocalContainerEntityManagerFactoryBean' (OnClassCondition)
         - Ancestor org.springframework.boot.autoconfigure.cache.CacheAutoConfiguration did not match (ConditionEvaluationReport.AncestorsMatchedCondition)

   CaffeineCacheConfiguration:
      Did not match:
         - @ConditionalOnClass did not find required classes 'com.github.benmanes.caffeine.cache.Caffeine', 'org.springframework.cache.caffeine.CaffeineCacheManager' (OnClassCondition)

   CouchbaseCacheConfiguration:
      Did not match:
         - @ConditionalOnClass did not find required classes 'com.couchbase.client.java.Bucket', 'com.couchbase.client.spring.cache.CouchbaseCacheManager' (OnClassCondition)

   EhCacheCacheConfiguration:
      Did not match:
         - @ConditionalOnClass did not find required classes 'net.sf.ehcache.Cache', 'org.springframework.cache.ehcache.EhCacheCacheManager' (OnClassCondition)

   FreeMarkerAutoConfiguration:
      Did not match:
         - @ConditionalOnClass did not find required classes 'freemarker.template.Configuration', 'org.springframework.ui.freemarker.FreeMarkerConfigurationFactory' (OnClassCondition)

   GenericCacheConfiguration:
      Did not match:
         - Cache org.springframework.boot.autoconfigure.cache.GenericCacheConfiguration NONE cache type (CacheCondition)

   GroovyTemplateAutoConfiguration:
      Did not match:
         - @ConditionalOnClass did not find required class 'groovy.text.markup.MarkupTemplateEngine' (OnClassCondition)

   GsonHttpMessageConvertersConfiguration.GsonHttpMessageConverterConfiguration:
      Did not match:
         - AnyNestedCondition 0 matched 2 did not; NestedCondition on GsonHttpMessageConvertersConfiguration.PreferGsonOrMissingJacksonCondition.JacksonMissing @ConditionalOnMissingBean (types: org.springframework.http.converter.json.MappingJackson2HttpMessageConverter; SearchStrategy: all) found bean 'mappingJackson2HttpMessageConverter'; NestedCondition on GsonHttpMessageConvertersConfiguration.PreferGsonOrMissingJacksonCondition.GsonPreferred @ConditionalOnProperty (spring.http.converters.preferred-json-mapper=gson) did not find property 'spring.http.converters.preferred-json-mapper' (GsonHttpMessageConvertersConfiguration.PreferGsonOrMissingJacksonCondition)

   GuavaCacheConfiguration:
      Did not match:
         - @ConditionalOnClass did not find required class 'org.springframework.cache.guava.GuavaCacheManager' (OnClassCondition)

   HazelcastCacheConfiguration:
      Did not match:
         - @ConditionalOnClass did not find required classes 'com.hazelcast.core.HazelcastInstance', 'com.hazelcast.spring.cache.HazelcastCacheManager' (OnClassCondition)

   InfinispanCacheConfiguration:
      Did not match:
         - @ConditionalOnClass did not find required class 'org.infinispan.spring.provider.SpringEmbeddedCacheManager' (OnClassCondition)

   JCacheCacheConfiguration:
      Did not match:
         - @ConditionalOnClass did not find required classes 'javax.cache.Caching', 'org.springframework.cache.jcache.JCacheCacheManager' (OnClassCondition)

   JacksonAutoConfiguration.JodaDateTimeJacksonConfiguration:
      Did not match:
         - @ConditionalOnClass did not find required classes 'org.joda.time.DateTime', 'com.fasterxml.jackson.datatype.joda.ser.DateTimeSerializer', 'com.fasterxml.jackson.datatype.joda.cfg.JacksonJodaDateFormat' (OnClassCondition)

   JacksonAutoConfiguration.ParameterNamesModuleConfiguration:
      Did not match:
         - @ConditionalOnClass did not find required class 'com.fasterxml.jackson.module.paramnames.ParameterNamesModule' (OnClassCondition)

   JacksonHttpMessageConvertersConfiguration.MappingJackson2XmlHttpMessageConverterConfiguration:
      Did not match:
         - @ConditionalOnClass did not find required class 'com.fasterxml.jackson.dataformat.xml.XmlMapper' (OnClassCondition)

   MessageSourceAutoConfiguration:
      Did not match:
         - ResourceBundle did not find bundle with basename messages (MessageSourceAutoConfiguration.ResourceBundleCondition)

   MockMvcSecurityConfiguration:
      Did not match:
         - @ConditionalOnClass did not find required class 'org.springframework.security.test.web.servlet.request.SecurityMockMvcRequestPostProcessors' (OnClassCondition)

   MockMvcWebClientAutoConfiguration:
      Did not match:
         - @ConditionalOnClass did not find required class 'com.gargoylesoftware.htmlunit.WebClient' (OnClassCondition)

   MockMvcWebDriverAutoConfiguration:
      Did not match:
         - @ConditionalOnClass did not find required class 'org.openqa.selenium.htmlunit.HtmlUnitDriver' (OnClassCondition)

   MustacheAutoConfiguration:
      Did not match:
         - @ConditionalOnClass did not find required class 'com.samskivert.mustache.Mustache' (OnClassCondition)

   RedisCacheConfiguration:
      Did not match:
         - Cache org.springframework.boot.autoconfigure.cache.RedisCacheConfiguration NONE cache type (CacheCondition)

   SecurityAutoConfiguration:
      Did not match:
         - @ConditionalOnClass did not find required classes 'org.springframework.security.authentication.AuthenticationManager', 'org.springframework.security.config.annotation.authentication.configurers.GlobalAuthenticationConfigurerAdapter' (OnClassCondition)

   SimpleCacheConfiguration:
      Did not match:
         - Cache org.springframework.boot.autoconfigure.cache.SimpleCacheConfiguration NONE cache type (CacheCondition)

   ThymeleafAutoConfiguration:
      Did not match:
         - @ConditionalOnClass did not find required class 'org.thymeleaf.spring4.SpringTemplateEngine' (OnClassCondition)

   WebMvcAutoConfiguration.ResourceChainCustomizerConfiguration:
      Did not match:
         - @ConditionalOnEnabledResourceChain did not find class org.webjars.WebJarAssetLocator (OnEnabledResourceChainCondition)

   WebMvcAutoConfiguration.WebMvcAutoConfigurationAdapter#beanNameViewResolver:
      Did not match:
         - @ConditionalOnBean (types: org.springframework.web.servlet.View; SearchStrategy: all) did not find any beans (OnBeanCondition)

   WebMvcAutoConfiguration.WebMvcAutoConfigurationAdapter#dateFormatter:
      Did not match:
         - @ConditionalOnProperty (spring.mvc.date-format) did not find property 'date-format' (OnPropertyCondition)

   WebMvcAutoConfiguration.WebMvcAutoConfigurationAdapter#localeResolver:
      Did not match:
         - @ConditionalOnProperty (spring.mvc.locale) did not find property 'locale' (OnPropertyCondition)


Exclusions:
-----------

    None


Unconditional classes:
----------------------

    None



[DEBUG] 2017-06-04 15:06:43.297 [main] LoggingFailureAnalysisReporter - Application failed to start due to an exception
org.springframework.beans.factory.NoSuchBeanDefinitionException: No qualifying bean of type 'com.stackroute.ng2boot.links.MovieLinks' available: expected at least 1 bean which qualifies as autowire candidate. Dependency annotations: {@org.springframework.beans.factory.annotation.Autowired(required=true)}
	at org.springframework.beans.factory.support.DefaultListableBeanFactory.raiseNoMatchingBeanFound(DefaultListableBeanFactory.java:1466) ~[spring-beans-4.3.4.RELEASE.jar:4.3.4.RELEASE]
	at org.springframework.beans.factory.support.DefaultListableBeanFactory.doResolveDependency(DefaultListableBeanFactory.java:1097) ~[spring-beans-4.3.4.RELEASE.jar:4.3.4.RELEASE]
	at org.springframework.beans.factory.support.DefaultListableBeanFactory.resolveDependency(DefaultListableBeanFactory.java:1059) ~[spring-beans-4.3.4.RELEASE.jar:4.3.4.RELEASE]
	at org.springframework.beans.factory.annotation.AutowiredAnnotationBeanPostProcessor$AutowiredFieldElement.inject(AutowiredAnnotationBeanPostProcessor.java:589) ~[spring-beans-4.3.4.RELEASE.jar:4.3.4.RELEASE]
	at org.springframework.beans.factory.annotation.InjectionMetadata.inject(InjectionMetadata.java:88) ~[spring-beans-4.3.4.RELEASE.jar:4.3.4.RELEASE]
	at org.springframework.beans.factory.annotation.AutowiredAnnotationBeanPostProcessor.postProcessPropertyValues(AutowiredAnnotationBeanPostProcessor.java:370) ~[spring-beans-4.3.4.RELEASE.jar:4.3.4.RELEASE]
	at org.springframework.beans.factory.support.AbstractAutowireCapableBeanFactory.populateBean(AbstractAutowireCapableBeanFactory.java:1219) ~[spring-beans-4.3.4.RELEASE.jar:4.3.4.RELEASE]
	at org.springframework.beans.factory.support.AbstractAutowireCapableBeanFactory.doCreateBean(AbstractAutowireCapableBeanFactory.java:551) ~[spring-beans-4.3.4.RELEASE.jar:4.3.4.RELEASE]
	at org.springframework.beans.factory.support.AbstractAutowireCapableBeanFactory.createBean(AbstractAutowireCapableBeanFactory.java:482) ~[spring-beans-4.3.4.RELEASE.jar:4.3.4.RELEASE]
	at org.springframework.beans.factory.support.AbstractBeanFactory$1.getObject(AbstractBeanFactory.java:306) ~[spring-beans-4.3.4.RELEASE.jar:4.3.4.RELEASE]
	at org.springframework.beans.factory.support.DefaultSingletonBeanRegistry.getSingleton(DefaultSingletonBeanRegistry.java:230) ~[spring-beans-4.3.4.RELEASE.jar:4.3.4.RELEASE]
	at org.springframework.beans.factory.support.AbstractBeanFactory.doGetBean(AbstractBeanFactory.java:302) ~[spring-beans-4.3.4.RELEASE.jar:4.3.4.RELEASE]
	at org.springframework.beans.factory.support.AbstractBeanFactory.getBean(AbstractBeanFactory.java:197) ~[spring-beans-4.3.4.RELEASE.jar:4.3.4.RELEASE]
	at org.springframework.beans.factory.support.DefaultListableBeanFactory.preInstantiateSingletons(DefaultListableBeanFactory.java:754) ~[spring-beans-4.3.4.RELEASE.jar:4.3.4.RELEASE]
	at org.springframework.context.support.AbstractApplicationContext.finishBeanFactoryInitialization(AbstractApplicationContext.java:866) ~[spring-context-4.3.4.RELEASE.jar:4.3.4.RELEASE]
	at org.springframework.context.support.AbstractApplicationContext.refresh(AbstractApplicationContext.java:542) ~[spring-context-4.3.4.RELEASE.jar:4.3.4.RELEASE]
	at org.springframework.boot.SpringApplication.refresh(SpringApplication.java:761) [spring-boot-1.4.2.RELEASE.jar:1.4.2.RELEASE]
	at org.springframework.boot.SpringApplication.refreshContext(SpringApplication.java:371) [spring-boot-1.4.2.RELEASE.jar:1.4.2.RELEASE]
	at org.springframework.boot.SpringApplication.run(SpringApplication.java:315) [spring-boot-1.4.2.RELEASE.jar:1.4.2.RELEASE]
	at org.springframework.boot.test.context.SpringBootContextLoader.loadContext(SpringBootContextLoader.java:111) [spring-boot-test-1.4.2.RELEASE.jar:1.4.2.RELEASE]
	at org.springframework.test.context.cache.DefaultCacheAwareContextLoaderDelegate.loadContextInternal(DefaultCacheAwareContextLoaderDelegate.java:98) [spring-test-4.3.4.RELEASE.jar:4.3.4.RELEASE]
	at org.springframework.test.context.cache.DefaultCacheAwareContextLoaderDelegate.loadContext(DefaultCacheAwareContextLoaderDelegate.java:116) [spring-test-4.3.4.RELEASE.jar:4.3.4.RELEASE]
	at org.springframework.test.context.support.DefaultTestContext.getApplicationContext(DefaultTestContext.java:83) [spring-test-4.3.4.RELEASE.jar:4.3.4.RELEASE]
	at org.springframework.boot.test.autoconfigure.SpringBootDependencyInjectionTestExecutionListener.prepareTestInstance(SpringBootDependencyInjectionTestExecutionListener.java:47) [spring-boot-test-autoconfigure-1.4.2.RELEASE.jar:1.4.2.RELEASE]
	at org.springframework.test.context.TestContextManager.prepareTestInstance(TestContextManager.java:230) [spring-test-4.3.4.RELEASE.jar:4.3.4.RELEASE]
	at org.springframework.test.context.junit4.SpringJUnit4ClassRunner.createTest(SpringJUnit4ClassRunner.java:228) [spring-test-4.3.4.RELEASE.jar:4.3.4.RELEASE]
	at org.springframework.test.context.junit4.SpringJUnit4ClassRunner$1.runReflectiveCall(SpringJUnit4ClassRunner.java:287) [spring-test-4.3.4.RELEASE.jar:4.3.4.RELEASE]
	at org.junit.internal.runners.model.ReflectiveCallable.run(ReflectiveCallable.java:12) [junit-4.12.jar:4.12]
	at org.springframework.test.context.junit4.SpringJUnit4ClassRunner.methodBlock(SpringJUnit4ClassRunner.java:289) [spring-test-4.3.4.RELEASE.jar:4.3.4.RELEASE]
	at org.springframework.test.context.junit4.SpringJUnit4ClassRunner.runChild(SpringJUnit4ClassRunner.java:247) [spring-test-4.3.4.RELEASE.jar:4.3.4.RELEASE]
	at org.springframework.test.context.junit4.SpringJUnit4ClassRunner.runChild(SpringJUnit4ClassRunner.java:94) [spring-test-4.3.4.RELEASE.jar:4.3.4.RELEASE]
	at org.junit.runners.ParentRunner$3.run(ParentRunner.java:290) [junit-4.12.jar:4.12]
	at org.junit.runners.ParentRunner$1.schedule(ParentRunner.java:71) [junit-4.12.jar:4.12]
	at org.junit.runners.ParentRunner.runChildren(ParentRunner.java:288) [junit-4.12.jar:4.12]
	at org.junit.runners.ParentRunner.access$000(ParentRunner.java:58) [junit-4.12.jar:4.12]
	at org.junit.runners.ParentRunner$2.evaluate(ParentRunner.java:268) [junit-4.12.jar:4.12]
	at org.springframework.test.context.junit4.statements.RunBeforeTestClassCallbacks.evaluate(RunBeforeTestClassCallbacks.java:61) [spring-test-4.3.4.RELEASE.jar:4.3.4.RELEASE]
	at org.springframework.test.context.junit4.statements.RunAfterTestClassCallbacks.evaluate(RunAfterTestClassCallbacks.java:70) [spring-test-4.3.4.RELEASE.jar:4.3.4.RELEASE]
	at org.junit.runners.ParentRunner.run(ParentRunner.java:363) [junit-4.12.jar:4.12]
	at org.springframework.test.context.junit4.SpringJUnit4ClassRunner.run(SpringJUnit4ClassRunner.java:191) [spring-test-4.3.4.RELEASE.jar:4.3.4.RELEASE]
	at org.apache.maven.surefire.junit4.JUnit4Provider.execute(JUnit4Provider.java:283) [surefire-junit4-2.18.1.jar:2.18.1]
	at org.apache.maven.surefire.junit4.JUnit4Provider.executeWithRerun(JUnit4Provider.java:173) [surefire-junit4-2.18.1.jar:2.18.1]
	at org.apache.maven.surefire.junit4.JUnit4Provider.executeTestSet(JUnit4Provider.java:153) [surefire-junit4-2.18.1.jar:2.18.1]
	at org.apache.maven.surefire.junit4.JUnit4Provider.invoke(JUnit4Provider.java:128) [surefire-junit4-2.18.1.jar:2.18.1]
	at org.apache.maven.surefire.booter.ForkedBooter.invokeProviderInSameClassLoader(ForkedBooter.java:203) [surefire-booter-2.18.1.jar:2.18.1]
	at org.apache.maven.surefire.booter.ForkedBooter.runSuitesInProcess(ForkedBooter.java:155) [surefire-booter-2.18.1.jar:2.18.1]
	at org.apache.maven.surefire.booter.ForkedBooter.main(ForkedBooter.java:103) [surefire-booter-2.18.1.jar:2.18.1]
[ERROR] 2017-06-04 15:06:43.298 [main] LoggingFailureAnalysisReporter - 

***************************
APPLICATION FAILED TO START
***************************

Description:

Field movielinks in com.stackroute.ng2boot.controllers.MovieRestController required a bean of type 'com.stackroute.ng2boot.links.MovieLinks' that could not be found.


Action:

Consider defining a bean of type 'com.stackroute.ng2boot.links.MovieLinks' in your configuration.

[ERROR] 2017-06-04 15:06:43.299 [main] TestContextManager - Caught exception while allowing TestExecutionListener [org.springframework.boot.test.autoconfigure.SpringBootDependencyInjectionTestExecutionListener@48c76607] to prepare test instance [com.stackroute.ng2boot.controllers.MovieRestControllerTest@59d4cd39]
java.lang.IllegalStateException: Failed to load ApplicationContext
	at org.springframework.test.context.cache.DefaultCacheAwareContextLoaderDelegate.loadContext(DefaultCacheAwareContextLoaderDelegate.java:124) ~[spring-test-4.3.4.RELEASE.jar:4.3.4.RELEASE]
	at org.springframework.test.context.support.DefaultTestContext.getApplicationContext(DefaultTestContext.java:83) ~[spring-test-4.3.4.RELEASE.jar:4.3.4.RELEASE]
	at org.springframework.boot.test.autoconfigure.SpringBootDependencyInjectionTestExecutionListener.prepareTestInstance(SpringBootDependencyInjectionTestExecutionListener.java:47) ~[spring-boot-test-autoconfigure-1.4.2.RELEASE.jar:1.4.2.RELEASE]
	at org.springframework.test.context.TestContextManager.prepareTestInstance(TestContextManager.java:230) [spring-test-4.3.4.RELEASE.jar:4.3.4.RELEASE]
	at org.springframework.test.context.junit4.SpringJUnit4ClassRunner.createTest(SpringJUnit4ClassRunner.java:228) [spring-test-4.3.4.RELEASE.jar:4.3.4.RELEASE]
	at org.springframework.test.context.junit4.SpringJUnit4ClassRunner$1.runReflectiveCall(SpringJUnit4ClassRunner.java:287) [spring-test-4.3.4.RELEASE.jar:4.3.4.RELEASE]
	at org.junit.internal.runners.model.ReflectiveCallable.run(ReflectiveCallable.java:12) [junit-4.12.jar:4.12]
	at org.springframework.test.context.junit4.SpringJUnit4ClassRunner.methodBlock(SpringJUnit4ClassRunner.java:289) [spring-test-4.3.4.RELEASE.jar:4.3.4.RELEASE]
	at org.springframework.test.context.junit4.SpringJUnit4ClassRunner.runChild(SpringJUnit4ClassRunner.java:247) [spring-test-4.3.4.RELEASE.jar:4.3.4.RELEASE]
	at org.springframework.test.context.junit4.SpringJUnit4ClassRunner.runChild(SpringJUnit4ClassRunner.java:94) [spring-test-4.3.4.RELEASE.jar:4.3.4.RELEASE]
	at org.junit.runners.ParentRunner$3.run(ParentRunner.java:290) [junit-4.12.jar:4.12]
	at org.junit.runners.ParentRunner$1.schedule(ParentRunner.java:71) [junit-4.12.jar:4.12]
	at org.junit.runners.ParentRunner.runChildren(ParentRunner.java:288) [junit-4.12.jar:4.12]
	at org.junit.runners.ParentRunner.access$000(ParentRunner.java:58) [junit-4.12.jar:4.12]
	at org.junit.runners.ParentRunner$2.evaluate(ParentRunner.java:268) [junit-4.12.jar:4.12]
	at org.springframework.test.context.junit4.statements.RunBeforeTestClassCallbacks.evaluate(RunBeforeTestClassCallbacks.java:61) [spring-test-4.3.4.RELEASE.jar:4.3.4.RELEASE]
	at org.springframework.test.context.junit4.statements.RunAfterTestClassCallbacks.evaluate(RunAfterTestClassCallbacks.java:70) [spring-test-4.3.4.RELEASE.jar:4.3.4.RELEASE]
	at org.junit.runners.ParentRunner.run(ParentRunner.java:363) [junit-4.12.jar:4.12]
	at org.springframework.test.context.junit4.SpringJUnit4ClassRunner.run(SpringJUnit4ClassRunner.java:191) [spring-test-4.3.4.RELEASE.jar:4.3.4.RELEASE]
	at org.apache.maven.surefire.junit4.JUnit4Provider.execute(JUnit4Provider.java:283) [surefire-junit4-2.18.1.jar:2.18.1]
	at org.apache.maven.surefire.junit4.JUnit4Provider.executeWithRerun(JUnit4Provider.java:173) [surefire-junit4-2.18.1.jar:2.18.1]
	at org.apache.maven.surefire.junit4.JUnit4Provider.executeTestSet(JUnit4Provider.java:153) [surefire-junit4-2.18.1.jar:2.18.1]
	at org.apache.maven.surefire.junit4.JUnit4Provider.invoke(JUnit4Provider.java:128) [surefire-junit4-2.18.1.jar:2.18.1]
	at org.apache.maven.surefire.booter.ForkedBooter.invokeProviderInSameClassLoader(ForkedBooter.java:203) [surefire-booter-2.18.1.jar:2.18.1]
	at org.apache.maven.surefire.booter.ForkedBooter.runSuitesInProcess(ForkedBooter.java:155) [surefire-booter-2.18.1.jar:2.18.1]
	at org.apache.maven.surefire.booter.ForkedBooter.main(ForkedBooter.java:103) [surefire-booter-2.18.1.jar:2.18.1]
Caused by: org.springframework.beans.factory.UnsatisfiedDependencyException: Error creating bean with name 'movieRestController': Unsatisfied dependency expressed through field 'movielinks'; nested exception is org.springframework.beans.factory.NoSuchBeanDefinitionException: No qualifying bean of type 'com.stackroute.ng2boot.links.MovieLinks' available: expected at least 1 bean which qualifies as autowire candidate. Dependency annotations: {@org.springframework.beans.factory.annotation.Autowired(required=true)}
	at org.springframework.beans.factory.annotation.AutowiredAnnotationBeanPostProcessor$AutowiredFieldElement.inject(AutowiredAnnotationBeanPostProcessor.java:592) ~[spring-beans-4.3.4.RELEASE.jar:4.3.4.RELEASE]
	at org.springframework.beans.factory.annotation.InjectionMetadata.inject(InjectionMetadata.java:88) ~[spring-beans-4.3.4.RELEASE.jar:4.3.4.RELEASE]
	at org.springframework.beans.factory.annotation.AutowiredAnnotationBeanPostProcessor.postProcessPropertyValues(AutowiredAnnotationBeanPostProcessor.java:370) ~[spring-beans-4.3.4.RELEASE.jar:4.3.4.RELEASE]
	at org.springframework.beans.factory.support.AbstractAutowireCapableBeanFactory.populateBean(AbstractAutowireCapableBeanFactory.java:1219) ~[spring-beans-4.3.4.RELEASE.jar:4.3.4.RELEASE]
	at org.springframework.beans.factory.support.AbstractAutowireCapableBeanFactory.doCreateBean(AbstractAutowireCapableBeanFactory.java:551) ~[spring-beans-4.3.4.RELEASE.jar:4.3.4.RELEASE]
	at org.springframework.beans.factory.support.AbstractAutowireCapableBeanFactory.createBean(AbstractAutowireCapableBeanFactory.java:482) ~[spring-beans-4.3.4.RELEASE.jar:4.3.4.RELEASE]
	at org.springframework.beans.factory.support.AbstractBeanFactory$1.getObject(AbstractBeanFactory.java:306) ~[spring-beans-4.3.4.RELEASE.jar:4.3.4.RELEASE]
	at org.springframework.beans.factory.support.DefaultSingletonBeanRegistry.getSingleton(DefaultSingletonBeanRegistry.java:230) ~[spring-beans-4.3.4.RELEASE.jar:4.3.4.RELEASE]
	at org.springframework.beans.factory.support.AbstractBeanFactory.doGetBean(AbstractBeanFactory.java:302) ~[spring-beans-4.3.4.RELEASE.jar:4.3.4.RELEASE]
	at org.springframework.beans.factory.support.AbstractBeanFactory.getBean(AbstractBeanFactory.java:197) ~[spring-beans-4.3.4.RELEASE.jar:4.3.4.RELEASE]
	at org.springframework.beans.factory.support.DefaultListableBeanFactory.preInstantiateSingletons(DefaultListableBeanFactory.java:754) ~[spring-beans-4.3.4.RELEASE.jar:4.3.4.RELEASE]
	at org.springframework.context.support.AbstractApplicationContext.finishBeanFactoryInitialization(AbstractApplicationContext.java:866) ~[spring-context-4.3.4.RELEASE.jar:4.3.4.RELEASE]
	at org.springframework.context.support.AbstractApplicationContext.refresh(AbstractApplicationContext.java:542) ~[spring-context-4.3.4.RELEASE.jar:4.3.4.RELEASE]
	at org.springframework.boot.SpringApplication.refresh(SpringApplication.java:761) ~[spring-boot-1.4.2.RELEASE.jar:1.4.2.RELEASE]
	at org.springframework.boot.SpringApplication.refreshContext(SpringApplication.java:371) ~[spring-boot-1.4.2.RELEASE.jar:1.4.2.RELEASE]
	at org.springframework.boot.SpringApplication.run(SpringApplication.java:315) ~[spring-boot-1.4.2.RELEASE.jar:1.4.2.RELEASE]
	at org.springframework.boot.test.context.SpringBootContextLoader.loadContext(SpringBootContextLoader.java:111) ~[spring-boot-test-1.4.2.RELEASE.jar:1.4.2.RELEASE]
	at org.springframework.test.context.cache.DefaultCacheAwareContextLoaderDelegate.loadContextInternal(DefaultCacheAwareContextLoaderDelegate.java:98) ~[spring-test-4.3.4.RELEASE.jar:4.3.4.RELEASE]
	at org.springframework.test.context.cache.DefaultCacheAwareContextLoaderDelegate.loadContext(DefaultCacheAwareContextLoaderDelegate.java:116) ~[spring-test-4.3.4.RELEASE.jar:4.3.4.RELEASE]
	... 25 more
Caused by: org.springframework.beans.factory.NoSuchBeanDefinitionException: No qualifying bean of type 'com.stackroute.ng2boot.links.MovieLinks' available: expected at least 1 bean which qualifies as autowire candidate. Dependency annotations: {@org.springframework.beans.factory.annotation.Autowired(required=true)}
	at org.springframework.beans.factory.support.DefaultListableBeanFactory.raiseNoMatchingBeanFound(DefaultListableBeanFactory.java:1466) ~[spring-beans-4.3.4.RELEASE.jar:4.3.4.RELEASE]
	at org.springframework.beans.factory.support.DefaultListableBeanFactory.doResolveDependency(DefaultListableBeanFactory.java:1097) ~[spring-beans-4.3.4.RELEASE.jar:4.3.4.RELEASE]
	at org.springframework.beans.factory.support.DefaultListableBeanFactory.resolveDependency(DefaultListableBeanFactory.java:1059) ~[spring-beans-4.3.4.RELEASE.jar:4.3.4.RELEASE]
	at org.springframework.beans.factory.annotation.AutowiredAnnotationBeanPostProcessor$AutowiredFieldElement.inject(AutowiredAnnotationBeanPostProcessor.java:589) ~[spring-beans-4.3.4.RELEASE.jar:4.3.4.RELEASE]
	at org.springframework.beans.factory.annotation.InjectionMetadata.inject(InjectionMetadata.java:88) ~[spring-beans-4.3.4.RELEASE.jar:4.3.4.RELEASE]
	at org.springframework.beans.factory.annotation.AutowiredAnnotationBeanPostProcessor.postProcessPropertyValues(AutowiredAnnotationBeanPostProcessor.java:370) ~[spring-beans-4.3.4.RELEASE.jar:4.3.4.RELEASE]
	at org.springframework.beans.factory.support.AbstractAutowireCapableBeanFactory.populateBean(AbstractAutowireCapableBeanFactory.java:1219) ~[spring-beans-4.3.4.RELEASE.jar:4.3.4.RELEASE]
	at org.springframework.beans.factory.support.AbstractAutowireCapableBeanFactory.doCreateBean(AbstractAutowireCapableBeanFactory.java:551) ~[spring-beans-4.3.4.RELEASE.jar:4.3.4.RELEASE]
	at org.springframework.beans.factory.support.AbstractAutowireCapableBeanFactory.createBean(AbstractAutowireCapableBeanFactory.java:482) ~[spring-beans-4.3.4.RELEASE.jar:4.3.4.RELEASE]
	at org.springframework.beans.factory.support.AbstractBeanFactory$1.getObject(AbstractBeanFactory.java:306) ~[spring-beans-4.3.4.RELEASE.jar:4.3.4.RELEASE]
	at org.springframework.beans.factory.support.DefaultSingletonBeanRegistry.getSingleton(DefaultSingletonBeanRegistry.java:230) ~[spring-beans-4.3.4.RELEASE.jar:4.3.4.RELEASE]
	at org.springframework.beans.factory.support.AbstractBeanFactory.doGetBean(AbstractBeanFactory.java:302) ~[spring-beans-4.3.4.RELEASE.jar:4.3.4.RELEASE]
	at org.springframework.beans.factory.support.AbstractBeanFactory.getBean(AbstractBeanFactory.java:197) ~[spring-beans-4.3.4.RELEASE.jar:4.3.4.RELEASE]
	at org.springframework.beans.factory.support.DefaultListableBeanFactory.preInstantiateSingletons(DefaultListableBeanFactory.java:754) ~[spring-beans-4.3.4.RELEASE.jar:4.3.4.RELEASE]
	at org.springframework.context.support.AbstractApplicationContext.finishBeanFactoryInitialization(AbstractApplicationContext.java:866) ~[spring-context-4.3.4.RELEASE.jar:4.3.4.RELEASE]
	at org.springframework.context.support.AbstractApplicationContext.refresh(AbstractApplicationContext.java:542) ~[spring-context-4.3.4.RELEASE.jar:4.3.4.RELEASE]
	at org.springframework.boot.SpringApplication.refresh(SpringApplication.java:761) ~[spring-boot-1.4.2.RELEASE.jar:1.4.2.RELEASE]
	at org.springframework.boot.SpringApplication.refreshContext(SpringApplication.java:371) ~[spring-boot-1.4.2.RELEASE.jar:1.4.2.RELEASE]
	at org.springframework.boot.SpringApplication.run(SpringApplication.java:315) ~[spring-boot-1.4.2.RELEASE.jar:1.4.2.RELEASE]
	at org.springframework.boot.test.context.SpringBootContextLoader.loadContext(SpringBootContextLoader.java:111) ~[spring-boot-test-1.4.2.RELEASE.jar:1.4.2.RELEASE]
	at org.springframework.test.context.cache.DefaultCacheAwareContextLoaderDelegate.loadContextInternal(DefaultCacheAwareContextLoaderDelegate.java:98) ~[spring-test-4.3.4.RELEASE.jar:4.3.4.RELEASE]
	at org.springframework.test.context.cache.DefaultCacheAwareContextLoaderDelegate.loadContext(DefaultCacheAwareContextLoaderDelegate.java:116) ~[spring-test-4.3.4.RELEASE.jar:4.3.4.RELEASE]
	... 25 more
]]></system-out>
  </testcase>
  <testcase name="list" classname="com.stackroute.ng2boot.controllers.MovieRestControllerTest" time="0.007">
    <error message="Failed to load ApplicationContext" type="java.lang.IllegalStateException">java.lang.IllegalStateException: Failed to load ApplicationContext
	at org.springframework.test.context.cache.DefaultCacheAwareContextLoaderDelegate.loadContext(DefaultCacheAwareContextLoaderDelegate.java:124)
	at org.springframework.test.context.support.DefaultTestContext.getApplicationContext(DefaultTestContext.java:83)
	at org.springframework.boot.test.autoconfigure.SpringBootDependencyInjectionTestExecutionListener.prepareTestInstance(SpringBootDependencyInjectionTestExecutionListener.java:47)
	at org.springframework.test.context.TestContextManager.prepareTestInstance(TestContextManager.java:230)
	at org.springframework.test.context.junit4.SpringJUnit4ClassRunner.createTest(SpringJUnit4ClassRunner.java:228)
	at org.springframework.test.context.junit4.SpringJUnit4ClassRunner$1.runReflectiveCall(SpringJUnit4ClassRunner.java:287)
	at org.junit.internal.runners.model.ReflectiveCallable.run(ReflectiveCallable.java:12)
	at org.springframework.test.context.junit4.SpringJUnit4ClassRunner.methodBlock(SpringJUnit4ClassRunner.java:289)
	at org.springframework.test.context.junit4.SpringJUnit4ClassRunner.runChild(SpringJUnit4ClassRunner.java:247)
	at org.springframework.test.context.junit4.SpringJUnit4ClassRunner.runChild(SpringJUnit4ClassRunner.java:94)
	at org.junit.runners.ParentRunner$3.run(ParentRunner.java:290)
	at org.junit.runners.ParentRunner$1.schedule(ParentRunner.java:71)
	at org.junit.runners.ParentRunner.runChildren(ParentRunner.java:288)
	at org.junit.runners.ParentRunner.access$000(ParentRunner.java:58)
	at org.junit.runners.ParentRunner$2.evaluate(ParentRunner.java:268)
	at org.springframework.test.context.junit4.statements.RunBeforeTestClassCallbacks.evaluate(RunBeforeTestClassCallbacks.java:61)
	at org.springframework.test.context.junit4.statements.RunAfterTestClassCallbacks.evaluate(RunAfterTestClassCallbacks.java:70)
	at org.junit.runners.ParentRunner.run(ParentRunner.java:363)
	at org.springframework.test.context.junit4.SpringJUnit4ClassRunner.run(SpringJUnit4ClassRunner.java:191)
	at org.apache.maven.surefire.junit4.JUnit4Provider.execute(JUnit4Provider.java:283)
	at org.apache.maven.surefire.junit4.JUnit4Provider.executeWithRerun(JUnit4Provider.java:173)
	at org.apache.maven.surefire.junit4.JUnit4Provider.executeTestSet(JUnit4Provider.java:153)
	at org.apache.maven.surefire.junit4.JUnit4Provider.invoke(JUnit4Provider.java:128)
	at org.apache.maven.surefire.booter.ForkedBooter.invokeProviderInSameClassLoader(ForkedBooter.java:203)
	at org.apache.maven.surefire.booter.ForkedBooter.runSuitesInProcess(ForkedBooter.java:155)
	at org.apache.maven.surefire.booter.ForkedBooter.main(ForkedBooter.java:103)
Caused by: org.springframework.beans.factory.UnsatisfiedDependencyException: Error creating bean with name 'movieRestController': Unsatisfied dependency expressed through field 'movielinks'; nested exception is org.springframework.beans.factory.NoSuchBeanDefinitionException: No qualifying bean of type 'com.stackroute.ng2boot.links.MovieLinks' available: expected at least 1 bean which qualifies as autowire candidate. Dependency annotations: {@org.springframework.beans.factory.annotation.Autowired(required=true)}
	at org.springframework.beans.factory.annotation.AutowiredAnnotationBeanPostProcessor$AutowiredFieldElement.inject(AutowiredAnnotationBeanPostProcessor.java:592)
	at org.springframework.beans.factory.annotation.InjectionMetadata.inject(InjectionMetadata.java:88)
	at org.springframework.beans.factory.annotation.AutowiredAnnotationBeanPostProcessor.postProcessPropertyValues(AutowiredAnnotationBeanPostProcessor.java:370)
	at org.springframework.beans.factory.support.AbstractAutowireCapableBeanFactory.populateBean(AbstractAutowireCapableBeanFactory.java:1219)
	at org.springframework.beans.factory.support.AbstractAutowireCapableBeanFactory.doCreateBean(AbstractAutowireCapableBeanFactory.java:551)
	at org.springframework.beans.factory.support.AbstractAutowireCapableBeanFactory.createBean(AbstractAutowireCapableBeanFactory.java:482)
	at org.springframework.beans.factory.support.AbstractBeanFactory$1.getObject(AbstractBeanFactory.java:306)
	at org.springframework.beans.factory.support.DefaultSingletonBeanRegistry.getSingleton(DefaultSingletonBeanRegistry.java:230)
	at org.springframework.beans.factory.support.AbstractBeanFactory.doGetBean(AbstractBeanFactory.java:302)
	at org.springframework.beans.factory.support.AbstractBeanFactory.getBean(AbstractBeanFactory.java:197)
	at org.springframework.beans.factory.support.DefaultListableBeanFactory.preInstantiateSingletons(DefaultListableBeanFactory.java:754)
	at org.springframework.context.support.AbstractApplicationContext.finishBeanFactoryInitialization(AbstractApplicationContext.java:866)
	at org.springframework.context.support.AbstractApplicationContext.refresh(AbstractApplicationContext.java:542)
	at org.springframework.boot.SpringApplication.refresh(SpringApplication.java:761)
	at org.springframework.boot.SpringApplication.refreshContext(SpringApplication.java:371)
	at org.springframework.boot.SpringApplication.run(SpringApplication.java:315)
	at org.springframework.boot.test.context.SpringBootContextLoader.loadContext(SpringBootContextLoader.java:111)
	at org.springframework.test.context.cache.DefaultCacheAwareContextLoaderDelegate.loadContextInternal(DefaultCacheAwareContextLoaderDelegate.java:98)
	at org.springframework.test.context.cache.DefaultCacheAwareContextLoaderDelegate.loadContext(DefaultCacheAwareContextLoaderDelegate.java:116)
	at org.springframework.test.context.support.DefaultTestContext.getApplicationContext(DefaultTestContext.java:83)
	at org.springframework.boot.test.autoconfigure.SpringBootDependencyInjectionTestExecutionListener.prepareTestInstance(SpringBootDependencyInjectionTestExecutionListener.java:47)
	at org.springframework.test.context.TestContextManager.prepareTestInstance(TestContextManager.java:230)
	at org.springframework.test.context.junit4.SpringJUnit4ClassRunner.createTest(SpringJUnit4ClassRunner.java:228)
	at org.springframework.test.context.junit4.SpringJUnit4ClassRunner$1.runReflectiveCall(SpringJUnit4ClassRunner.java:287)
	at org.junit.internal.runners.model.ReflectiveCallable.run(ReflectiveCallable.java:12)
	at org.springframework.test.context.junit4.SpringJUnit4ClassRunner.methodBlock(SpringJUnit4ClassRunner.java:289)
	at org.springframework.test.context.junit4.SpringJUnit4ClassRunner.runChild(SpringJUnit4ClassRunner.java:247)
	at org.springframework.test.context.junit4.SpringJUnit4ClassRunner.runChild(SpringJUnit4ClassRunner.java:94)
	at org.junit.runners.ParentRunner$3.run(ParentRunner.java:290)
	at org.junit.runners.ParentRunner$1.schedule(ParentRunner.java:71)
	at org.junit.runners.ParentRunner.runChildren(ParentRunner.java:288)
	at org.junit.runners.ParentRunner.access$000(ParentRunner.java:58)
	at org.junit.runners.ParentRunner$2.evaluate(ParentRunner.java:268)
	at org.springframework.test.context.junit4.statements.RunBeforeTestClassCallbacks.evaluate(RunBeforeTestClassCallbacks.java:61)
	at org.springframework.test.context.junit4.statements.RunAfterTestClassCallbacks.evaluate(RunAfterTestClassCallbacks.java:70)
	at org.junit.runners.ParentRunner.run(ParentRunner.java:363)
	at org.springframework.test.context.junit4.SpringJUnit4ClassRunner.run(SpringJUnit4ClassRunner.java:191)
	at org.apache.maven.surefire.junit4.JUnit4Provider.execute(JUnit4Provider.java:283)
	at org.apache.maven.surefire.junit4.JUnit4Provider.executeWithRerun(JUnit4Provider.java:173)
	at org.apache.maven.surefire.junit4.JUnit4Provider.executeTestSet(JUnit4Provider.java:153)
	at org.apache.maven.surefire.junit4.JUnit4Provider.invoke(JUnit4Provider.java:128)
	at org.apache.maven.surefire.booter.ForkedBooter.invokeProviderInSameClassLoader(ForkedBooter.java:203)
	at org.apache.maven.surefire.booter.ForkedBooter.runSuitesInProcess(ForkedBooter.java:155)
	at org.apache.maven.surefire.booter.ForkedBooter.main(ForkedBooter.java:103)
Caused by: org.springframework.beans.factory.NoSuchBeanDefinitionException: No qualifying bean of type 'com.stackroute.ng2boot.links.MovieLinks' available: expected at least 1 bean which qualifies as autowire candidate. Dependency annotations: {@org.springframework.beans.factory.annotation.Autowired(required=true)}
	at org.springframework.beans.factory.support.DefaultListableBeanFactory.raiseNoMatchingBeanFound(DefaultListableBeanFactory.java:1466)
	at org.springframework.beans.factory.support.DefaultListableBeanFactory.doResolveDependency(DefaultListableBeanFactory.java:1097)
	at org.springframework.beans.factory.support.DefaultListableBeanFactory.resolveDependency(DefaultListableBeanFactory.java:1059)
	at org.springframework.beans.factory.annotation.AutowiredAnnotationBeanPostProcessor$AutowiredFieldElement.inject(AutowiredAnnotationBeanPostProcessor.java:589)
	at org.springframework.beans.factory.annotation.InjectionMetadata.inject(InjectionMetadata.java:88)
	at org.springframework.beans.factory.annotation.AutowiredAnnotationBeanPostProcessor.postProcessPropertyValues(AutowiredAnnotationBeanPostProcessor.java:370)
	at org.springframework.beans.factory.support.AbstractAutowireCapableBeanFactory.populateBean(AbstractAutowireCapableBeanFactory.java:1219)
	at org.springframework.beans.factory.support.AbstractAutowireCapableBeanFactory.doCreateBean(AbstractAutowireCapableBeanFactory.java:551)
	at org.springframework.beans.factory.support.AbstractAutowireCapableBeanFactory.createBean(AbstractAutowireCapableBeanFactory.java:482)
	at org.springframework.beans.factory.support.AbstractBeanFactory$1.getObject(AbstractBeanFactory.java:306)
	at org.springframework.beans.factory.support.DefaultSingletonBeanRegistry.getSingleton(DefaultSingletonBeanRegistry.java:230)
	at org.springframework.beans.factory.support.AbstractBeanFactory.doGetBean(AbstractBeanFactory.java:302)
	at org.springframework.beans.factory.support.AbstractBeanFactory.getBean(AbstractBeanFactory.java:197)
	at org.springframework.beans.factory.support.DefaultListableBeanFactory.preInstantiateSingletons(DefaultListableBeanFactory.java:754)
	at org.springframework.context.support.AbstractApplicationContext.finishBeanFactoryInitialization(AbstractApplicationContext.java:866)
	at org.springframework.context.support.AbstractApplicationContext.refresh(AbstractApplicationContext.java:542)
	at org.springframework.boot.SpringApplication.refresh(SpringApplication.java:761)
	at org.springframework.boot.SpringApplication.refreshContext(SpringApplication.java:371)
	at org.springframework.boot.SpringApplication.run(SpringApplication.java:315)
	at org.springframework.boot.test.context.SpringBootContextLoader.loadContext(SpringBootContextLoader.java:111)
	at org.springframework.test.context.cache.DefaultCacheAwareContextLoaderDelegate.loadContextInternal(DefaultCacheAwareContextLoaderDelegate.java:98)
	at org.springframework.test.context.cache.DefaultCacheAwareContextLoaderDelegate.loadContext(DefaultCacheAwareContextLoaderDelegate.java:116)
	at org.springframework.test.context.support.DefaultTestContext.getApplicationContext(DefaultTestContext.java:83)
	at org.springframework.boot.test.autoconfigure.SpringBootDependencyInjectionTestExecutionListener.prepareTestInstance(SpringBootDependencyInjectionTestExecutionListener.java:47)
	at org.springframework.test.context.TestContextManager.prepareTestInstance(TestContextManager.java:230)
	at org.springframework.test.context.junit4.SpringJUnit4ClassRunner.createTest(SpringJUnit4ClassRunner.java:228)
	at org.springframework.test.context.junit4.SpringJUnit4ClassRunner$1.runReflectiveCall(SpringJUnit4ClassRunner.java:287)
	at org.junit.internal.runners.model.ReflectiveCallable.run(ReflectiveCallable.java:12)
	at org.springframework.test.context.junit4.SpringJUnit4ClassRunner.methodBlock(SpringJUnit4ClassRunner.java:289)
	at org.springframework.test.context.junit4.SpringJUnit4ClassRunner.runChild(SpringJUnit4ClassRunner.java:247)
	at org.springframework.test.context.junit4.SpringJUnit4ClassRunner.runChild(SpringJUnit4ClassRunner.java:94)
	at org.junit.runners.ParentRunner$3.run(ParentRunner.java:290)
	at org.junit.runners.ParentRunner$1.schedule(ParentRunner.java:71)
	at org.junit.runners.ParentRunner.runChildren(ParentRunner.java:288)
	at org.junit.runners.ParentRunner.access$000(ParentRunner.java:58)
	at org.junit.runners.ParentRunner$2.evaluate(ParentRunner.java:268)
	at org.springframework.test.context.junit4.statements.RunBeforeTestClassCallbacks.evaluate(RunBeforeTestClassCallbacks.java:61)
	at org.springframework.test.context.junit4.statements.RunAfterTestClassCallbacks.evaluate(RunAfterTestClassCallbacks.java:70)
	at org.junit.runners.ParentRunner.run(ParentRunner.java:363)
	at org.springframework.test.context.junit4.SpringJUnit4ClassRunner.run(SpringJUnit4ClassRunner.java:191)
	at org.apache.maven.surefire.junit4.JUnit4Provider.execute(JUnit4Provider.java:283)
	at org.apache.maven.surefire.junit4.JUnit4Provider.executeWithRerun(JUnit4Provider.java:173)
	at org.apache.maven.surefire.junit4.JUnit4Provider.executeTestSet(JUnit4Provider.java:153)
	at org.apache.maven.surefire.junit4.JUnit4Provider.invoke(JUnit4Provider.java:128)
	at org.apache.maven.surefire.booter.ForkedBooter.invokeProviderInSameClassLoader(ForkedBooter.java:203)
	at org.apache.maven.surefire.booter.ForkedBooter.runSuitesInProcess(ForkedBooter.java:155)
	at org.apache.maven.surefire.booter.ForkedBooter.main(ForkedBooter.java:103)
</error>
    <system-out><![CDATA[[DEBUG] 2017-06-04 15:06:43.318 [main] ProfileValueUtils - Retrieved @ProfileValueSourceConfiguration [null] for test class [com.stackroute.ng2boot.controllers.MovieRestControllerTest]
[DEBUG] 2017-06-04 15:06:43.318 [main] ProfileValueUtils - Retrieved ProfileValueSource type [class org.springframework.test.annotation.SystemProfileValueSource] for class [com.stackroute.ng2boot.controllers.MovieRestControllerTest]
[DEBUG] 2017-06-04 15:06:43.319 [main] DependencyInjectionTestExecutionListener - Performing dependency injection for test context [[DefaultTestContext@29a5f4e7 testClass = MovieRestControllerTest, testInstance = com.stackroute.ng2boot.controllers.MovieRestControllerTest@4d96250, testMethod = [null], testException = [null], mergedContextConfiguration = [WebMergedContextConfiguration@79c97cb testClass = MovieRestControllerTest, locations = '{}', classes = '{class com.stackroute.ng2boot.Ng2bootApplication}', contextInitializerClasses = '[]', activeProfiles = '{}', propertySourceLocations = '{}', propertySourceProperties = '{org.springframework.boot.test.autoconfigure.web.servlet.WebMvcTestContextBootstrapper=true}', contextCustomizers = set[org.springframework.boot.test.context.ImportsContextCustomizer@51e4757b, org.springframework.boot.test.context.filter.ExcludeFilterContextCustomizer@d5b810e, org.springframework.boot.test.mock.mockito.MockitoContextCustomizer@5df9e145, org.springframework.boot.test.autoconfigure.OverrideAutoConfigurationContextCustomizerFactory$DisableAutoConfigurationContextCustomizer@82de64a, org.springframework.boot.test.autoconfigure.filter.TypeExcludeFiltersContextCustomizer@1613674b, org.springframework.boot.test.autoconfigure.properties.PropertyMappingContextCustomizer@ddca66c4, org.springframework.boot.test.autoconfigure.web.servlet.WebDriverContextCustomizerFactory$Customizer@7d4f9aae], resourceBasePath = '', contextLoader = 'org.springframework.boot.test.context.SpringBootContextLoader', parent = [null]]]].
[DEBUG] 2017-06-04 15:06:43.331 [main] StandardEnvironment - Adding [systemProperties] PropertySource with lowest search precedence
[DEBUG] 2017-06-04 15:06:43.331 [main] StandardEnvironment - Adding [systemEnvironment] PropertySource with lowest search precedence
[DEBUG] 2017-06-04 15:06:43.331 [main] StandardEnvironment - Initialized StandardEnvironment with PropertySources [systemProperties,systemEnvironment]
[DEBUG] 2017-06-04 15:06:43.332 [main] TestPropertySourceUtils - Adding inlined properties to environment: {spring.jmx.enabled=false, org.springframework.boot.test.autoconfigure.web.servlet.WebMvcTestContextBootstrapper=true, server.port=-1}
[DEBUG] 2017-06-04 15:06:43.333 [main] StandardEnvironment - Adding [Inlined Test Properties] PropertySource with highest search precedence
[DEBUG] 2017-06-04 15:06:43.342 [main] PropertySourcesPropertyResolver - Could not find key 'spring.profiles.active' in any property source
[DEBUG] 2017-06-04 15:06:43.342 [main] PropertySourcesPropertyResolver - Could not find key 'spring.profiles.active' in any property source
[DEBUG] 2017-06-04 15:06:43.345 [main] PropertySourcesPropertyResolver - Could not find key 'SPRING_APPLICATION_JSON:' in any property source
[DEBUG] 2017-06-04 15:06:43.346 [main] PropertySourcesPropertyResolver - Could not find key 'SPRING_APPLICATION_JSON' in any property source
[DEBUG] 2017-06-04 15:06:43.346 [main] PropertySourcesPropertyResolver - Could not find key 'spring.application.json:' in any property source
[DEBUG] 2017-06-04 15:06:43.346 [main] PropertySourcesPropertyResolver - Could not find key 'spring.application.json' in any property source
[DEBUG] 2017-06-04 15:06:43.346 [main] StandardEnvironment - Adding [random] PropertySource with search precedence immediately lower than [systemEnvironment]
[DEBUG] 2017-06-04 15:06:43.355 [main] PropertySourcesPropertyResolver - Could not find key 'spring.profiles.active' in any property source
[DEBUG] 2017-06-04 15:06:43.356 [main] PropertySourcesPropertyResolver - Could not find key 'spring.profiles.default' in any property source
[DEBUG] 2017-06-04 15:06:43.358 [main] MutablePropertySources - Adding [applicationConfig: [profile=]] PropertySource with highest search precedence
[DEBUG] 2017-06-04 15:06:43.372 [main] StandardEnvironment - Adding [applicationConfigurationProperties] PropertySource with lowest search precedence
[DEBUG] 2017-06-04 15:06:43.391 [main] PropertySourcesPropertyResolver - Could not find key 'logging.file' in any property source
[DEBUG] 2017-06-04 15:06:43.391 [main] PropertySourcesPropertyResolver - Could not find key 'logging.path' in any property source
[DEBUG] 2017-06-04 15:06:43.391 [main] PropertySourcesPropertyResolver - Could not find key 'debug' in any property source
[DEBUG] 2017-06-04 15:06:43.391 [main] PropertySourcesPropertyResolver - Could not find key 'trace' in any property source
[DEBUG] 2017-06-04 15:06:43.392 [main] PropertySourcesPropertyResolver - Found key 'logging.config' in [applicationConfigurationProperties] with type [String]
[DEBUG] 2017-06-04 15:06:43.395 [main] ClasspathLoggingApplicationListener - Application started with classpath: [file:/home/user/Downloads/part1_movieapp-starter/spring-rest/target/surefire/surefirebooter8256104674369339533.jar]
[DEBUG] 2017-06-04 15:06:43.395 [main] PropertySourcesPropertyResolver - Could not find key 'context.listener.classes' in any property source
[DEBUG] 2017-06-04 15:06:43.395 [main] PropertySourcesPropertyResolver - Could not find key 'banner.image.location' in any property source
[DEBUG] 2017-06-04 15:06:43.396 [main] PropertySourcesPropertyResolver - Could not find key 'banner.location' in any property source

  .   ____          _            __ _ _
 /\\ / ___'_ __ _ _(_)_ __  __ _ \ \ \ \
( ( )\___ | '_ | '_| | '_ \/ _` | \ \ \ \
 \\/  ___)| |_)| | | | | || (_| |  ) ) ) )
  '  |____| .__|_| |_|_| |_\__, | / / / /
 =========|_|==============|___/=/_/_/_/
 :: Spring Boot ::        (v1.4.2.RELEASE)

[DEBUG] 2017-06-04 15:06:43.400 [main] PropertySourcesPropertyResolver - Could not find key 'context.initializer.classes' in any property source
[DEBUG] 2017-06-04 15:06:43.400 [main] PropertySourcesPropertyResolver - Could not find key 'spring.config.name:application' in any property source
[DEBUG] 2017-06-04 15:06:43.400 [main] PropertySourcesPropertyResolver - Could not find key 'spring.config.name' in any property source
[DEBUG] 2017-06-04 15:06:43.400 [main] PropertySourcesPropertyResolver - Could not find key 'vcap.application.name:application' in any property source
[DEBUG] 2017-06-04 15:06:43.401 [main] PropertySourcesPropertyResolver - Could not find key 'vcap.application.name' in any property source
[DEBUG] 2017-06-04 15:06:43.401 [main] PropertySourcesPropertyResolver - Could not find key 'spring.application.name:application' in any property source
[DEBUG] 2017-06-04 15:06:43.401 [main] PropertySourcesPropertyResolver - Could not find key 'spring.application.name' in any property source
[DEBUG] 2017-06-04 15:06:43.401 [main] PropertySourcesPropertyResolver - Could not find key 'PORT:null' in any property source
[DEBUG] 2017-06-04 15:06:43.401 [main] PropertySourcesPropertyResolver - Could not find key 'PORT' in any property source
[DEBUG] 2017-06-04 15:06:43.401 [main] PropertySourcesPropertyResolver - Could not find key 'server.port:null' in any property source
[DEBUG] 2017-06-04 15:06:43.401 [main] PropertySourcesPropertyResolver - Found key 'server.port' in [Inlined Test Properties] with type [String]
[DEBUG] 2017-06-04 15:06:43.402 [main] PropertySourcesPropertyResolver - Could not find key 'spring.application.index:-1' in any property source
[DEBUG] 2017-06-04 15:06:43.402 [main] PropertySourcesPropertyResolver - Could not find key 'spring.application.index' in any property source
[DEBUG] 2017-06-04 15:06:43.402 [main] PropertySourcesPropertyResolver - Could not find key 'vcap.application.instance_index:-1' in any property source
[DEBUG] 2017-06-04 15:06:43.402 [main] PropertySourcesPropertyResolver - Could not find key 'vcap.application.instance_index' in any property source
[DEBUG] 2017-06-04 15:06:43.402 [main] PropertySourcesPropertyResolver - Could not find key 'spring.profiles.active' in any property source
[DEBUG] 2017-06-04 15:06:43.403 [main] StandardEnvironment - Adding [test] PropertySource with highest search precedence
[DEBUG] 2017-06-04 15:06:43.404 [main] StandardEnvironment - Adding [Annotations] PropertySource with highest search precedence
[DEBUG] 2017-06-04 15:06:43.405 [main] DefaultListableBeanFactory - Returning cached instance of singleton bean 'autoConfigurationReport'
[INFO ] 2017-06-04 15:06:43.405 [main] MovieRestControllerTest - Starting MovieRestControllerTest on user-ThinkPad-T420 with PID 3136 (started by user in /home/user/Downloads/part1_movieapp-starter/spring-rest)
[DEBUG] 2017-06-04 15:06:43.405 [main] MovieRestControllerTest - Running with Spring Boot v1.4.2.RELEASE, Spring v4.3.4.RELEASE
[DEBUG] 2017-06-04 15:06:43.406 [main] PropertySourcesPropertyResolver - Could not find key 'spring.profiles.active' in any property source
[DEBUG] 2017-06-04 15:06:43.406 [main] PropertySourcesPropertyResolver - Could not find key 'spring.profiles.default' in any property source
[INFO ] 2017-06-04 15:06:43.406 [main] MovieRestControllerTest - No active profile set, falling back to default profiles: default
[DEBUG] 2017-06-04 15:06:43.406 [main] SpringApplication - Loading source class com.stackroute.ng2boot.Ng2bootApplication
[DEBUG] 2017-06-04 15:06:43.412 [background-preinit] DefaultTraversableResolver - Cannot find javax.persistence.Persistence on classpath. Assuming non JPA 2 environment. All properties will per default be traversable.
[DEBUG] 2017-06-04 15:06:43.413 [main] ClassPathBeanDefinitionScanner - JSR-250 'javax.annotation.ManagedBean' found and supported for component scanning
[DEBUG] 2017-06-04 15:06:43.418 [main] ConfigFileApplicationListener - Loaded config file 'file:/home/user/Downloads/part1_movieapp-starter/spring-rest/target/classes/application.properties' (classpath:/application.properties)
[DEBUG] 2017-06-04 15:06:43.418 [main] ConfigFileApplicationListener - Skipped (empty) config file 'file:/home/user/Downloads/part1_movieapp-starter/spring-rest/target/classes/application.properties' (classpath:/application.properties) for profile default
[INFO ] 2017-06-04 15:06:43.418 [main] GenericWebApplicationContext - Refreshing org.springframework.web.context.support.GenericWebApplicationContext@1128620c: startup date [Sun Jun 04 15:06:43 IST 2017]; root of context hierarchy
[DEBUG] 2017-06-04 15:06:43.418 [main] GenericWebApplicationContext - Bean factory for org.springframework.web.context.support.GenericWebApplicationContext@1128620c: org.springframework.beans.factory.support.DefaultListableBeanFactory@76f856a8: defining beans [org.springframework.context.annotation.internalConfigurationAnnotationProcessor,org.springframework.context.annotation.internalAutowiredAnnotationProcessor,org.springframework.context.annotation.internalRequiredAnnotationProcessor,org.springframework.context.annotation.internalCommonAnnotationProcessor,org.springframework.context.event.internalEventListenerProcessor,org.springframework.context.event.internalEventListenerFactory,org.springframework.boot.test.context.ImportsContextCustomizer$ImportsCleanupPostProcessor,org.springframework.boot.test.context.ImportsContextCustomizer$ImportsConfiguration,org.springframework.boot.test.mock.mockito.MockitoPostProcessor$SpyPostProcessor,org.springframework.boot.test.mock.mockito.MockitoPostProcessor,ng2bootApplication]; root of factory hierarchy
[DEBUG] 2017-06-04 15:06:43.418 [main] DefaultListableBeanFactory - Registering scope 'request' with implementation [org.springframework.web.context.request.RequestScope@174e1b69]
[DEBUG] 2017-06-04 15:06:43.418 [main] DefaultListableBeanFactory - Registering scope 'session' with implementation [org.springframework.web.context.request.SessionScope@1046498a]
[DEBUG] 2017-06-04 15:06:43.418 [main] DefaultListableBeanFactory - Registering scope 'globalSession' with implementation [org.springframework.web.context.request.SessionScope@243f003c]
[DEBUG] 2017-06-04 15:06:43.418 [main] DefaultListableBeanFactory - Registering scope 'application' with implementation [org.springframework.web.context.support.ServletContextScope@71cb3139]
[DEBUG] 2017-06-04 15:06:43.441 [main] DefaultListableBeanFactory - Creating shared instance of singleton bean 'org.springframework.context.annotation.internalConfigurationAnnotationProcessor'
[DEBUG] 2017-06-04 15:06:43.441 [main] DefaultListableBeanFactory - Creating instance of bean 'org.springframework.context.annotation.internalConfigurationAnnotationProcessor'
[DEBUG] 2017-06-04 15:06:43.441 [main] DefaultListableBeanFactory - Eagerly caching bean 'org.springframework.context.annotation.internalConfigurationAnnotationProcessor' to allow for resolving potential circular references
[DEBUG] 2017-06-04 15:06:43.441 [main] DefaultListableBeanFactory - Creating shared instance of singleton bean 'org.springframework.boot.autoconfigure.internalCachingMetadataReaderFactory'
[DEBUG] 2017-06-04 15:06:43.441 [main] DefaultListableBeanFactory - Creating instance of bean 'org.springframework.boot.autoconfigure.internalCachingMetadataReaderFactory'
[DEBUG] 2017-06-04 15:06:43.441 [main] DefaultListableBeanFactory - Eagerly caching bean 'org.springframework.boot.autoconfigure.internalCachingMetadataReaderFactory' to allow for resolving potential circular references
[DEBUG] 2017-06-04 15:06:43.441 [main] DefaultListableBeanFactory - Finished creating instance of bean 'org.springframework.boot.autoconfigure.internalCachingMetadataReaderFactory'
[DEBUG] 2017-06-04 15:06:43.445 [main] DefaultListableBeanFactory - Finished creating instance of bean 'org.springframework.context.annotation.internalConfigurationAnnotationProcessor'
[DEBUG] 2017-06-04 15:06:43.460 [main] StandardEnvironment - Adding [systemProperties] PropertySource with lowest search precedence
[DEBUG] 2017-06-04 15:06:43.461 [main] StandardEnvironment - Adding [systemEnvironment] PropertySource with lowest search precedence
[DEBUG] 2017-06-04 15:06:43.461 [main] StandardEnvironment - Initialized StandardEnvironment with PropertySources [systemProperties,systemEnvironment]
[DEBUG] 2017-06-04 15:06:43.461 [main] ClassPathBeanDefinitionScanner - JSR-250 'javax.annotation.ManagedBean' found and supported for component scanning
[DEBUG] 2017-06-04 15:06:43.462 [main] PathMatchingResourcePatternResolver - Resolved classpath location [com/stackroute/ng2boot/] to resources [URL [file:/home/user/Downloads/part1_movieapp-starter/spring-rest/target/test-classes/com/stackroute/ng2boot/], URL [file:/home/user/Downloads/part1_movieapp-starter/spring-rest/target/classes/com/stackroute/ng2boot/]]
[DEBUG] 2017-06-04 15:06:43.462 [main] PathMatchingResourcePatternResolver - Looking for matching resources in directory tree [/home/user/Downloads/part1_movieapp-starter/spring-rest/target/test-classes/com/stackroute/ng2boot]
[DEBUG] 2017-06-04 15:06:43.462 [main] PathMatchingResourcePatternResolver - Searching directory [/home/user/Downloads/part1_movieapp-starter/spring-rest/target/test-classes/com/stackroute/ng2boot] for files matching pattern [/home/user/Downloads/part1_movieapp-starter/spring-rest/target/test-classes/com/stackroute/ng2boot/**/*.class]
[DEBUG] 2017-06-04 15:06:43.463 [main] PathMatchingResourcePatternResolver - Searching directory [/home/user/Downloads/part1_movieapp-starter/spring-rest/target/test-classes/com/stackroute/ng2boot/controllers] for files matching pattern [/home/user/Downloads/part1_movieapp-starter/spring-rest/target/test-classes/com/stackroute/ng2boot/**/*.class]
[DEBUG] 2017-06-04 15:06:43.463 [main] PathMatchingResourcePatternResolver - Looking for matching resources in directory tree [/home/user/Downloads/part1_movieapp-starter/spring-rest/target/classes/com/stackroute/ng2boot]
[DEBUG] 2017-06-04 15:06:43.463 [main] PathMatchingResourcePatternResolver - Searching directory [/home/user/Downloads/part1_movieapp-starter/spring-rest/target/classes/com/stackroute/ng2boot] for files matching pattern [/home/user/Downloads/part1_movieapp-starter/spring-rest/target/classes/com/stackroute/ng2boot/**/*.class]
[DEBUG] 2017-06-04 15:06:43.463 [main] PathMatchingResourcePatternResolver - Searching directory [/home/user/Downloads/part1_movieapp-starter/spring-rest/target/classes/com/stackroute/ng2boot/config] for files matching pattern [/home/user/Downloads/part1_movieapp-starter/spring-rest/target/classes/com/stackroute/ng2boot/**/*.class]
[DEBUG] 2017-06-04 15:06:43.464 [main] PathMatchingResourcePatternResolver - Searching directory [/home/user/Downloads/part1_movieapp-starter/spring-rest/target/classes/com/stackroute/ng2boot/controllers] for files matching pattern [/home/user/Downloads/part1_movieapp-starter/spring-rest/target/classes/com/stackroute/ng2boot/**/*.class]
[DEBUG] 2017-06-04 15:06:43.464 [main] PathMatchingResourcePatternResolver - Searching directory [/home/user/Downloads/part1_movieapp-starter/spring-rest/target/classes/com/stackroute/ng2boot/domain] for files matching pattern [/home/user/Downloads/part1_movieapp-starter/spring-rest/target/classes/com/stackroute/ng2boot/**/*.class]
[DEBUG] 2017-06-04 15:06:43.464 [main] PathMatchingResourcePatternResolver - Searching directory [/home/user/Downloads/part1_movieapp-starter/spring-rest/target/classes/com/stackroute/ng2boot/links] for files matching pattern [/home/user/Downloads/part1_movieapp-starter/spring-rest/target/classes/com/stackroute/ng2boot/**/*.class]
[DEBUG] 2017-06-04 15:06:43.464 [main] PathMatchingResourcePatternResolver - Searching directory [/home/user/Downloads/part1_movieapp-starter/spring-rest/target/classes/com/stackroute/ng2boot/repository] for files matching pattern [/home/user/Downloads/part1_movieapp-starter/spring-rest/target/classes/com/stackroute/ng2boot/**/*.class]
[DEBUG] 2017-06-04 15:06:43.464 [main] PathMatchingResourcePatternResolver - Searching directory [/home/user/Downloads/part1_movieapp-starter/spring-rest/target/classes/com/stackroute/ng2boot/service] for files matching pattern [/home/user/Downloads/part1_movieapp-starter/spring-rest/target/classes/com/stackroute/ng2boot/**/*.class]
[DEBUG] 2017-06-04 15:06:43.465 [main] PathMatchingResourcePatternResolver - Resolved location pattern [classpath*:com/stackroute/ng2boot/**/*.class] to resources [file [/home/user/Downloads/part1_movieapp-starter/spring-rest/target/test-classes/com/stackroute/ng2boot/Ng2bootApplicationTests.class], file [/home/user/Downloads/part1_movieapp-starter/spring-rest/target/test-classes/com/stackroute/ng2boot/controllers/MovieRestControllerTest.class], file [/home/user/Downloads/part1_movieapp-starter/spring-rest/target/classes/com/stackroute/ng2boot/Ng2bootApplication.class], file [/home/user/Downloads/part1_movieapp-starter/spring-rest/target/classes/com/stackroute/ng2boot/config/SwaggerConfig.class], file [/home/user/Downloads/part1_movieapp-starter/spring-rest/target/classes/com/stackroute/ng2boot/controllers/MovieRestController.class], file [/home/user/Downloads/part1_movieapp-starter/spring-rest/target/classes/com/stackroute/ng2boot/controllers/MovieRestControllerTest.class], file [/home/user/Downloads/part1_movieapp-starter/spring-rest/target/classes/com/stackroute/ng2boot/domain/Movie.class], file [/home/user/Downloads/part1_movieapp-starter/spring-rest/target/classes/com/stackroute/ng2boot/links/MovieLinks.class], file [/home/user/Downloads/part1_movieapp-starter/spring-rest/target/classes/com/stackroute/ng2boot/links/MovieLinksImpl.class], file [/home/user/Downloads/part1_movieapp-starter/spring-rest/target/classes/com/stackroute/ng2boot/repository/CrudsRepository.class], file [/home/user/Downloads/part1_movieapp-starter/spring-rest/target/classes/com/stackroute/ng2boot/repository/MovieRepository.class], file [/home/user/Downloads/part1_movieapp-starter/spring-rest/target/classes/com/stackroute/ng2boot/service/MovieGetService.class], file [/home/user/Downloads/part1_movieapp-starter/spring-rest/target/classes/com/stackroute/ng2boot/service/MovieGetServiceImpl.class]]
[DEBUG] 2017-06-04 15:06:43.466 [main] DefaultListableBeanFactory - Returning cached instance of singleton bean 'org.springframework.boot.test.context.filter.TestTypeExcludeFilter'
[DEBUG] 2017-06-04 15:06:43.466 [main] DefaultListableBeanFactory - Returning cached instance of singleton bean 'org.springframework.boot.test.autoconfigure.filter.TypeExcludeFilters'
[DEBUG] 2017-06-04 15:06:43.467 [main] DefaultListableBeanFactory - Returning cached instance of singleton bean 'org.springframework.boot.test.context.filter.TestTypeExcludeFilter'
[DEBUG] 2017-06-04 15:06:43.467 [main] DefaultListableBeanFactory - Returning cached instance of singleton bean 'org.springframework.boot.test.autoconfigure.filter.TypeExcludeFilters'
[DEBUG] 2017-06-04 15:06:43.472 [main] DefaultListableBeanFactory - Returning cached instance of singleton bean 'org.springframework.boot.test.context.filter.TestTypeExcludeFilter'
[DEBUG] 2017-06-04 15:06:43.473 [main] DefaultListableBeanFactory - Returning cached instance of singleton bean 'org.springframework.boot.test.autoconfigure.filter.TypeExcludeFilters'
[DEBUG] 2017-06-04 15:06:43.476 [main] DefaultListableBeanFactory - Returning cached instance of singleton bean 'org.springframework.boot.test.context.filter.TestTypeExcludeFilter'
[DEBUG] 2017-06-04 15:06:43.476 [main] DefaultListableBeanFactory - Returning cached instance of singleton bean 'org.springframework.boot.test.autoconfigure.filter.TypeExcludeFilters'
[DEBUG] 2017-06-04 15:06:43.477 [main] ClassPathBeanDefinitionScanner - Identified candidate component class: file [/home/user/Downloads/part1_movieapp-starter/spring-rest/target/classes/com/stackroute/ng2boot/controllers/MovieRestController.class]
[DEBUG] 2017-06-04 15:06:43.478 [main] DefaultListableBeanFactory - Returning cached instance of singleton bean 'org.springframework.boot.test.context.filter.TestTypeExcludeFilter'
[DEBUG] 2017-06-04 15:06:43.478 [main] DefaultListableBeanFactory - Returning cached instance of singleton bean 'org.springframework.boot.test.autoconfigure.filter.TypeExcludeFilters'
[DEBUG] 2017-06-04 15:06:43.479 [main] DefaultListableBeanFactory - Returning cached instance of singleton bean 'org.springframework.boot.test.context.filter.TestTypeExcludeFilter'
[DEBUG] 2017-06-04 15:06:43.479 [main] DefaultListableBeanFactory - Returning cached instance of singleton bean 'org.springframework.boot.test.autoconfigure.filter.TypeExcludeFilters'
[DEBUG] 2017-06-04 15:06:43.483 [main] DefaultListableBeanFactory - Returning cached instance of singleton bean 'org.springframework.boot.test.context.filter.TestTypeExcludeFilter'
[DEBUG] 2017-06-04 15:06:43.483 [main] DefaultListableBeanFactory - Returning cached instance of singleton bean 'org.springframework.boot.test.autoconfigure.filter.TypeExcludeFilters'
[DEBUG] 2017-06-04 15:06:43.484 [main] DefaultListableBeanFactory - Returning cached instance of singleton bean 'org.springframework.boot.test.context.filter.TestTypeExcludeFilter'
[DEBUG] 2017-06-04 15:06:43.484 [main] DefaultListableBeanFactory - Returning cached instance of singleton bean 'org.springframework.boot.test.autoconfigure.filter.TypeExcludeFilters'
[DEBUG] 2017-06-04 15:06:43.485 [main] DefaultListableBeanFactory - Returning cached instance of singleton bean 'org.springframework.boot.test.context.filter.TestTypeExcludeFilter'
[DEBUG] 2017-06-04 15:06:43.485 [main] DefaultListableBeanFactory - Returning cached instance of singleton bean 'org.springframework.boot.test.autoconfigure.filter.TypeExcludeFilters'
[DEBUG] 2017-06-04 15:06:43.488 [main] DefaultListableBeanFactory - Returning cached instance of singleton bean 'org.springframework.boot.test.context.filter.TestTypeExcludeFilter'
[DEBUG] 2017-06-04 15:06:43.488 [main] DefaultListableBeanFactory - Returning cached instance of singleton bean 'org.springframework.boot.test.autoconfigure.filter.TypeExcludeFilters'
[DEBUG] 2017-06-04 15:06:43.494 [main] DefaultListableBeanFactory - Returning cached instance of singleton bean 'org.springframework.boot.test.context.filter.TestTypeExcludeFilter'
[DEBUG] 2017-06-04 15:06:43.494 [main] DefaultListableBeanFactory - Returning cached instance of singleton bean 'org.springframework.boot.test.autoconfigure.filter.TypeExcludeFilters'
[DEBUG] 2017-06-04 15:06:43.495 [main] DefaultListableBeanFactory - Returning cached instance of singleton bean 'org.springframework.boot.test.context.filter.TestTypeExcludeFilter'
[DEBUG] 2017-06-04 15:06:43.495 [main] DefaultListableBeanFactory - Returning cached instance of singleton bean 'org.springframework.boot.test.autoconfigure.filter.TypeExcludeFilters'
[DEBUG] 2017-06-04 15:06:43.512 [main] DefaultListableBeanFactory - Returning cached instance of singleton bean 'org.springframework.boot.autoconfigure.internalCachingMetadataReaderFactory'
[DEBUG] 2017-06-04 15:06:43.528 [main] DefaultListableBeanFactory - Returning cached instance of singleton bean 'autoConfigurationReport'
[DEBUG] 2017-06-04 15:06:43.530 [main] PropertySourcesPropertyResolver - Could not find key 'spring.messages.basename' in any property source
[DEBUG] 2017-06-04 15:06:43.530 [main] DefaultListableBeanFactory - Returning cached instance of singleton bean 'autoConfigurationReport'
[DEBUG] 2017-06-04 15:06:43.531 [main] DefaultListableBeanFactory - Returning cached instance of singleton bean 'autoConfigurationReport'
[DEBUG] 2017-06-04 15:06:43.531 [main] DefaultListableBeanFactory - Returning cached instance of singleton bean 'autoConfigurationReport'
[DEBUG] 2017-06-04 15:06:43.538 [main] PropertySourcesPropertyResolver - Found key 'spring.cache.type' in [Annotations] with type [CacheType]
[DEBUG] 2017-06-04 15:06:43.539 [main] PropertySourcesPropertyResolver - Found key 'spring.test.mockmvc.secure' in [Annotations] with type [Boolean]
[DEBUG] 2017-06-04 15:06:43.539 [main] PropertySourcesPropertyResolver - Found key 'spring.test.mockmvc.webdriver.enabled' in [Annotations] with type [Boolean]
[DEBUG] 2017-06-04 15:06:43.539 [main] PropertySourcesPropertyResolver - Found key 'spring.test.mockmvc.add-filters' in [Annotations] with type [Boolean]
[DEBUG] 2017-06-04 15:06:43.539 [main] PropertySourcesPropertyResolver - Found key 'spring.test.mockmvc.print-only-on-failure' in [Annotations] with type [Boolean]
[DEBUG] 2017-06-04 15:06:43.540 [main] PropertySourcesPropertyResolver - Found key 'spring.test.mockmvc.webclient.enabled' in [Annotations] with type [Boolean]
[DEBUG] 2017-06-04 15:06:43.540 [main] PropertySourcesPropertyResolver - Found key 'spring.boot.enableautoconfiguration' in [test] with type [String]
[DEBUG] 2017-06-04 15:06:43.540 [main] PropertySourcesPropertyResolver - Found key 'spring.jmx.enabled' in [Inlined Test Properties] with type [String]
[DEBUG] 2017-06-04 15:06:43.540 [main] PropertySourcesPropertyResolver - Found key 'org.springframework.boot.test.autoconfigure.web.servlet.WebMvcTestContextBootstrapper' in [Inlined Test Properties] with type [String]
[DEBUG] 2017-06-04 15:06:43.540 [main] PropertySourcesPropertyResolver - Found key 'server.port' in [Inlined Test Properties] with type [String]
[DEBUG] 2017-06-04 15:06:43.541 [main] PropertySourcesPropertyResolver - Found key 'java.runtime.name' in [systemProperties] with type [String]
[DEBUG] 2017-06-04 15:06:43.541 [main] PropertySourcesPropertyResolver - Found key 'sun.boot.library.path' in [systemProperties] with type [String]
[DEBUG] 2017-06-04 15:06:43.541 [main] PropertySourcesPropertyResolver - Found key 'java.vm.version' in [systemProperties] with type [String]
[DEBUG] 2017-06-04 15:06:43.541 [main] PropertySourcesPropertyResolver - Found key 'java.vm.vendor' in [systemProperties] with type [String]
[DEBUG] 2017-06-04 15:06:43.541 [main] PropertySourcesPropertyResolver - Found key 'java.vendor.url' in [systemProperties] with type [String]
[DEBUG] 2017-06-04 15:06:43.541 [main] PropertySourcesPropertyResolver - Found key 'path.separator' in [systemProperties] with type [String]
[DEBUG] 2017-06-04 15:06:43.541 [main] PropertySourcesPropertyResolver - Found key 'java.vm.name' in [systemProperties] with type [String]
[DEBUG] 2017-06-04 15:06:43.542 [main] PropertySourcesPropertyResolver - Found key 'file.encoding.pkg' in [systemProperties] with type [String]
[DEBUG] 2017-06-04 15:06:43.542 [main] PropertySourcesPropertyResolver - Found key 'user.country' in [systemProperties] with type [String]
[DEBUG] 2017-06-04 15:06:43.542 [main] PropertySourcesPropertyResolver - Found key 'sun.java.launcher' in [systemProperties] with type [String]
[DEBUG] 2017-06-04 15:06:43.542 [main] PropertySourcesPropertyResolver - Found key 'sun.os.patch.level' in [systemProperties] with type [String]
[DEBUG] 2017-06-04 15:06:43.542 [main] PropertySourcesPropertyResolver - Found key 'PID' in [systemProperties] with type [String]
[DEBUG] 2017-06-04 15:06:43.542 [main] PropertySourcesPropertyResolver - Found key 'java.vm.specification.name' in [systemProperties] with type [String]
[DEBUG] 2017-06-04 15:06:43.542 [main] PropertySourcesPropertyResolver - Found key 'user.dir' in [systemProperties] with type [String]
[DEBUG] 2017-06-04 15:06:43.543 [main] PropertySourcesPropertyResolver - Found key 'java.runtime.version' in [systemProperties] with type [String]
[DEBUG] 2017-06-04 15:06:43.543 [main] PropertySourcesPropertyResolver - Found key 'basedir' in [systemProperties] with type [String]
[DEBUG] 2017-06-04 15:06:43.543 [main] PropertySourcesPropertyResolver - Found key 'java.awt.graphicsenv' in [systemProperties] with type [String]
[DEBUG] 2017-06-04 15:06:43.543 [main] PropertySourcesPropertyResolver - Found key 'java.endorsed.dirs' in [systemProperties] with type [String]
[DEBUG] 2017-06-04 15:06:43.543 [main] PropertySourcesPropertyResolver - Found key 'os.arch' in [systemProperties] with type [String]
[DEBUG] 2017-06-04 15:06:43.543 [main] PropertySourcesPropertyResolver - Found key 'surefire.real.class.path' in [systemProperties] with type [String]
[DEBUG] 2017-06-04 15:06:43.543 [main] PropertySourcesPropertyResolver - Found key 'java.io.tmpdir' in [systemProperties] with type [String]
[DEBUG] 2017-06-04 15:06:43.543 [main] PropertySourcesPropertyResolver - Found key 'line.separator' in [systemProperties] with type [String]
[DEBUG] 2017-06-04 15:06:43.544 [main] PropertySourcesPropertyResolver - Found key 'java.vm.specification.vendor' in [systemProperties] with type [String]
[DEBUG] 2017-06-04 15:06:43.544 [main] PropertySourcesPropertyResolver - Found key 'os.name' in [systemProperties] with type [String]
[DEBUG] 2017-06-04 15:06:43.544 [main] PropertySourcesPropertyResolver - Found key 'sun.jnu.encoding' in [systemProperties] with type [String]
[DEBUG] 2017-06-04 15:06:43.544 [main] PropertySourcesPropertyResolver - Found key 'spring.beaninfo.ignore' in [systemProperties] with type [String]
[DEBUG] 2017-06-04 15:06:43.544 [main] PropertySourcesPropertyResolver - Found key 'java.library.path' in [systemProperties] with type [String]
[DEBUG] 2017-06-04 15:06:43.544 [main] PropertySourcesPropertyResolver - Found key 'surefire.test.class.path' in [systemProperties] with type [String]
[DEBUG] 2017-06-04 15:06:43.544 [main] PropertySourcesPropertyResolver - Found key 'java.specification.name' in [systemProperties] with type [String]
[DEBUG] 2017-06-04 15:06:43.544 [main] PropertySourcesPropertyResolver - Found key 'java.class.version' in [systemProperties] with type [String]
[DEBUG] 2017-06-04 15:06:43.544 [main] PropertySourcesPropertyResolver - Found key 'sun.management.compiler' in [systemProperties] with type [String]
[DEBUG] 2017-06-04 15:06:43.545 [main] PropertySourcesPropertyResolver - Found key 'os.version' in [systemProperties] with type [String]
[DEBUG] 2017-06-04 15:06:43.545 [main] PropertySourcesPropertyResolver - Found key 'user.home' in [systemProperties] with type [String]
[DEBUG] 2017-06-04 15:06:43.545 [main] PropertySourcesPropertyResolver - Found key 'user.timezone' in [systemProperties] with type [String]
[DEBUG] 2017-06-04 15:06:43.545 [main] PropertySourcesPropertyResolver - Found key 'java.awt.printerjob' in [systemProperties] with type [String]
[DEBUG] 2017-06-04 15:06:43.545 [main] PropertySourcesPropertyResolver - Found key 'file.encoding' in [systemProperties] with type [String]
[DEBUG] 2017-06-04 15:06:43.545 [main] PropertySourcesPropertyResolver - Found key 'java.specification.version' in [systemProperties] with type [String]
[DEBUG] 2017-06-04 15:06:43.545 [main] PropertySourcesPropertyResolver - Found key 'java.class.path' in [systemProperties] with type [String]
[DEBUG] 2017-06-04 15:06:43.545 [main] PropertySourcesPropertyResolver - Found key 'user.name' in [systemProperties] with type [String]
[DEBUG] 2017-06-04 15:06:43.546 [main] PropertySourcesPropertyResolver - Found key 'java.vm.specification.version' in [systemProperties] with type [String]
[DEBUG] 2017-06-04 15:06:43.546 [main] PropertySourcesPropertyResolver - Found key 'sun.java.command' in [systemProperties] with type [String]
[DEBUG] 2017-06-04 15:06:43.546 [main] PropertySourcesPropertyResolver - Found key 'java.home' in [systemProperties] with type [String]
[DEBUG] 2017-06-04 15:06:43.546 [main] PropertySourcesPropertyResolver - Found key 'sun.arch.data.model' in [systemProperties] with type [String]
[DEBUG] 2017-06-04 15:06:43.546 [main] PropertySourcesPropertyResolver - Found key 'user.language' in [systemProperties] with type [String]
[DEBUG] 2017-06-04 15:06:43.546 [main] PropertySourcesPropertyResolver - Found key 'java.specification.vendor' in [systemProperties] with type [String]
[DEBUG] 2017-06-04 15:06:43.546 [main] PropertySourcesPropertyResolver - Found key 'awt.toolkit' in [systemProperties] with type [String]
[DEBUG] 2017-06-04 15:06:43.546 [main] PropertySourcesPropertyResolver - Found key 'java.vm.info' in [systemProperties] with type [String]
[DEBUG] 2017-06-04 15:06:43.546 [main] PropertySourcesPropertyResolver - Found key 'java.version' in [systemProperties] with type [String]
[DEBUG] 2017-06-04 15:06:43.546 [main] PropertySourcesPropertyResolver - Found key 'java.ext.dirs' in [systemProperties] with type [String]
[DEBUG] 2017-06-04 15:06:43.547 [main] PropertySourcesPropertyResolver - Found key 'sun.boot.class.path' in [systemProperties] with type [String]
[DEBUG] 2017-06-04 15:06:43.547 [main] PropertySourcesPropertyResolver - Found key 'java.awt.headless' in [systemProperties] with type [String]
[DEBUG] 2017-06-04 15:06:43.547 [main] PropertySourcesPropertyResolver - Found key 'java.vendor' in [systemProperties] with type [String]
[DEBUG] 2017-06-04 15:06:43.547 [main] PropertySourcesPropertyResolver - Found key 'localRepository' in [systemProperties] with type [String]
[DEBUG] 2017-06-04 15:06:43.548 [main] PropertySourcesPropertyResolver - Found key 'file.separator' in [systemProperties] with type [String]
[DEBUG] 2017-06-04 15:06:43.548 [main] PropertySourcesPropertyResolver - Found key 'java.vendor.url.bug' in [systemProperties] with type [String]
[DEBUG] 2017-06-04 15:06:43.548 [main] PropertySourcesPropertyResolver - Found key 'sun.io.unicode.encoding' in [systemProperties] with type [String]
[DEBUG] 2017-06-04 15:06:43.548 [main] PropertySourcesPropertyResolver - Found key 'sun.cpu.endian' in [systemProperties] with type [String]
[DEBUG] 2017-06-04 15:06:43.548 [main] PropertySourcesPropertyResolver - Found key 'sun.desktop' in [systemProperties] with type [String]
[DEBUG] 2017-06-04 15:06:43.549 [main] PropertySourcesPropertyResolver - Found key 'sun.cpu.isalist' in [systemProperties] with type [String]
[DEBUG] 2017-06-04 15:06:43.549 [main] PropertySourcesPropertyResolver - Found key 'PATH' in [systemEnvironment] with type [String]
[DEBUG] 2017-06-04 15:06:43.549 [main] PropertySourcesPropertyResolver - Found key 'XAUTHORITY' in [systemEnvironment] with type [String]
[DEBUG] 2017-06-04 15:06:43.549 [main] PropertySourcesPropertyResolver - Found key 'XMODIFIERS' in [systemEnvironment] with type [String]
[DEBUG] 2017-06-04 15:06:43.549 [main] PropertySourcesPropertyResolver - Found key 'XDG_DATA_DIRS' in [systemEnvironment] with type [String]
[DEBUG] 2017-06-04 15:06:43.549 [main] PropertySourcesPropertyResolver - Found key 'GDMSESSION' in [systemEnvironment] with type [String]
[DEBUG] 2017-06-04 15:06:43.550 [main] PropertySourcesPropertyResolver - Found key 'MANDATORY_PATH' in [systemEnvironment] with type [String]
[DEBUG] 2017-06-04 15:06:43.550 [main] PropertySourcesPropertyResolver - Found key 'GTK_IM_MODULE' in [systemEnvironment] with type [String]
[DEBUG] 2017-06-04 15:06:43.550 [main] PropertySourcesPropertyResolver - Found key 'DBUS_SESSION_BUS_ADDRESS' in [systemEnvironment] with type [String]
[DEBUG] 2017-06-04 15:06:43.550 [main] PropertySourcesPropertyResolver - Found key 'DEFAULTS_PATH' in [systemEnvironment] with type [String]
[DEBUG] 2017-06-04 15:06:43.550 [main] PropertySourcesPropertyResolver - Found key 'XDG_CURRENT_DESKTOP' in [systemEnvironment] with type [String]
[DEBUG] 2017-06-04 15:06:43.550 [main] PropertySourcesPropertyResolver - Found key 'UPSTART_SESSION' in [systemEnvironment] with type [String]
[DEBUG] 2017-06-04 15:06:43.550 [main] PropertySourcesPropertyResolver - Found key 'QT4_IM_MODULE' in [systemEnvironment] with type [String]
[DEBUG] 2017-06-04 15:06:43.551 [main] PropertySourcesPropertyResolver - Found key 'QT_LINUX_ACCESSIBILITY_ALWAYS_ON' in [systemEnvironment] with type [String]
[DEBUG] 2017-06-04 15:06:43.551 [main] PropertySourcesPropertyResolver - Found key 'LOGNAME' in [systemEnvironment] with type [String]
[DEBUG] 2017-06-04 15:06:43.551 [main] PropertySourcesPropertyResolver - Found key 'JOB' in [systemEnvironment] with type [String]
[DEBUG] 2017-06-04 15:06:43.551 [main] PropertySourcesPropertyResolver - Found key 'PWD' in [systemEnvironment] with type [String]
[DEBUG] 2017-06-04 15:06:43.551 [main] PropertySourcesPropertyResolver - Found key 'DERBY_HOME' in [systemEnvironment] with type [String]
[DEBUG] 2017-06-04 15:06:43.551 [main] PropertySourcesPropertyResolver - Found key 'IM_CONFIG_PHASE' in [systemEnvironment] with type [String]
[DEBUG] 2017-06-04 15:06:43.551 [main] PropertySourcesPropertyResolver - Found key 'LANGUAGE' in [systemEnvironment] with type [String]
[DEBUG] 2017-06-04 15:06:43.552 [main] PropertySourcesPropertyResolver - Found key 'SHELL' in [systemEnvironment] with type [String]
[DEBUG] 2017-06-04 15:06:43.552 [main] PropertySourcesPropertyResolver - Found key 'GIO_LAUNCHED_DESKTOP_FILE' in [systemEnvironment] with type [String]
[DEBUG] 2017-06-04 15:06:43.552 [main] PropertySourcesPropertyResolver - Found key 'GTK2_MODULES' in [systemEnvironment] with type [String]
[DEBUG] 2017-06-04 15:06:43.552 [main] PropertySourcesPropertyResolver - Found key 'INSTANCE' in [systemEnvironment] with type [String]
[DEBUG] 2017-06-04 15:06:43.552 [main] PropertySourcesPropertyResolver - Found key 'J2SDKDIR' in [systemEnvironment] with type [String]
[DEBUG] 2017-06-04 15:06:43.552 [main] PropertySourcesPropertyResolver - Found key 'OLDPWD' in [systemEnvironment] with type [String]
[DEBUG] 2017-06-04 15:06:43.552 [main] PropertySourcesPropertyResolver - Found key 'GNOME_DESKTOP_SESSION_ID' in [systemEnvironment] with type [String]
[DEBUG] 2017-06-04 15:06:43.553 [main] PropertySourcesPropertyResolver - Found key 'UPSTART_INSTANCE' in [systemEnvironment] with type [String]
[DEBUG] 2017-06-04 15:06:43.553 [main] PropertySourcesPropertyResolver - Found key 'GTK_MODULES' in [systemEnvironment] with type [String]
[DEBUG] 2017-06-04 15:06:43.553 [main] PropertySourcesPropertyResolver - Found key 'J2REDIR' in [systemEnvironment] with type [String]
[DEBUG] 2017-06-04 15:06:43.553 [main] PropertySourcesPropertyResolver - Found key 'GDK_SCALE' in [systemEnvironment] with type [String]
[DEBUG] 2017-06-04 15:06:43.553 [main] PropertySourcesPropertyResolver - Found key 'CLUTTER_IM_MODULE' in [systemEnvironment] with type [String]
[DEBUG] 2017-06-04 15:06:43.555 [main] PropertySourcesPropertyResolver - Found key 'XDG_SESSION_PATH' in [systemEnvironment] with type [String]
[DEBUG] 2017-06-04 15:06:43.555 [main] PropertySourcesPropertyResolver - Found key 'COMPIZ_BIN_PATH' in [systemEnvironment] with type [String]
[DEBUG] 2017-06-04 15:06:43.555 [main] PropertySourcesPropertyResolver - Found key 'SESSIONTYPE' in [systemEnvironment] with type [String]
[DEBUG] 2017-06-04 15:06:43.557 [main] PropertySourcesPropertyResolver - Found key 'XDG_SESSION_DESKTOP' in [systemEnvironment] with type [String]
[DEBUG] 2017-06-04 15:06:43.557 [main] PropertySourcesPropertyResolver - Found key 'SHLVL' in [systemEnvironment] with type [String]
[DEBUG] 2017-06-04 15:06:43.558 [main] PropertySourcesPropertyResolver - Found key 'OXYGEN_DISABLE_INNER_SHADOWS_HACK' in [systemEnvironment] with type [String]
[DEBUG] 2017-06-04 15:06:43.558 [main] PropertySourcesPropertyResolver - Found key 'COMPIZ_CONFIG_PROFILE' in [systemEnvironment] with type [String]
[DEBUG] 2017-06-04 15:06:43.558 [main] PropertySourcesPropertyResolver - Found key 'QT_IM_MODULE' in [systemEnvironment] with type [String]
[DEBUG] 2017-06-04 15:06:43.559 [main] PropertySourcesPropertyResolver - Found key 'UPSTART_JOB' in [systemEnvironment] with type [String]
[DEBUG] 2017-06-04 15:06:43.559 [main] PropertySourcesPropertyResolver - Found key 'JAVA_HOME' in [systemEnvironment] with type [String]
[DEBUG] 2017-06-04 15:06:43.559 [main] PropertySourcesPropertyResolver - Found key 'XDG_CONFIG_DIRS' in [systemEnvironment] with type [String]
[DEBUG] 2017-06-04 15:06:43.559 [main] PropertySourcesPropertyResolver - Found key 'XFILESEARCHPATH' in [systemEnvironment] with type [String]
[DEBUG] 2017-06-04 15:06:43.560 [main] PropertySourcesPropertyResolver - Found key 'LANG' in [systemEnvironment] with type [String]
[DEBUG] 2017-06-04 15:06:43.560 [main] PropertySourcesPropertyResolver - Found key 'GNOME_KEYRING_CONTROL' in [systemEnvironment] with type [String]
[DEBUG] 2017-06-04 15:06:43.560 [main] PropertySourcesPropertyResolver - Found key 'XDG_SEAT_PATH' in [systemEnvironment] with type [String]
[DEBUG] 2017-06-04 15:06:43.561 [main] PropertySourcesPropertyResolver - Found key 'XDG_SESSION_ID' in [systemEnvironment] with type [String]
[DEBUG] 2017-06-04 15:06:43.561 [main] PropertySourcesPropertyResolver - Found key 'XDG_SESSION_TYPE' in [systemEnvironment] with type [String]
[DEBUG] 2017-06-04 15:06:43.561 [main] PropertySourcesPropertyResolver - Found key 'DISPLAY' in [systemEnvironment] with type [String]
[DEBUG] 2017-06-04 15:06:43.561 [main] PropertySourcesPropertyResolver - Found key 'NODE_PATH' in [systemEnvironment] with type [String]
[DEBUG] 2017-06-04 15:06:43.562 [main] PropertySourcesPropertyResolver - Found key 'GDM_LANG' in [systemEnvironment] with type [String]
[DEBUG] 2017-06-04 15:06:43.562 [main] PropertySourcesPropertyResolver - Found key 'XDG_GREETER_DATA_DIR' in [systemEnvironment] with type [String]
[DEBUG] 2017-06-04 15:06:43.562 [main] PropertySourcesPropertyResolver - Found key 'UPSTART_EVENTS' in [systemEnvironment] with type [String]
[DEBUG] 2017-06-04 15:06:43.562 [main] PropertySourcesPropertyResolver - Found key 'LIBOVERLAY_SCROLLBAR' in [systemEnvironment] with type [String]
[DEBUG] 2017-06-04 15:06:43.563 [main] PropertySourcesPropertyResolver - Found key 'GPG_AGENT_INFO' in [systemEnvironment] with type [String]
[DEBUG] 2017-06-04 15:06:43.563 [main] PropertySourcesPropertyResolver - Found key 'GDK_CORE_DEVICE_EVENTS' in [systemEnvironment] with type [String]
[DEBUG] 2017-06-04 15:06:43.563 [main] PropertySourcesPropertyResolver - Found key 'DESKTOP_SESSION' in [systemEnvironment] with type [String]
[DEBUG] 2017-06-04 15:06:43.563 [main] PropertySourcesPropertyResolver - Found key 'SESSION' in [systemEnvironment] with type [String]
[DEBUG] 2017-06-04 15:06:43.564 [main] PropertySourcesPropertyResolver - Found key 'USER' in [systemEnvironment] with type [String]
[DEBUG] 2017-06-04 15:06:43.564 [main] PropertySourcesPropertyResolver - Found key 'GIO_LAUNCHED_DESKTOP_FILE_PID' in [systemEnvironment] with type [String]
[DEBUG] 2017-06-04 15:06:43.565 [main] PropertySourcesPropertyResolver - Found key 'QT_ACCESSIBILITY' in [systemEnvironment] with type [String]
[DEBUG] 2017-06-04 15:06:43.565 [main] PropertySourcesPropertyResolver - Found key 'SSH_AUTH_SOCK' in [systemEnvironment] with type [String]
[DEBUG] 2017-06-04 15:06:43.565 [main] PropertySourcesPropertyResolver - Found key 'XDG_SEAT' in [systemEnvironment] with type [String]
[DEBUG] 2017-06-04 15:06:43.565 [main] PropertySourcesPropertyResolver - Found key 'NLSPATH' in [systemEnvironment] with type [String]
[DEBUG] 2017-06-04 15:06:43.567 [main] PropertySourcesPropertyResolver - Found key 'QT_QPA_PLATFORMTHEME' in [systemEnvironment] with type [String]
[DEBUG] 2017-06-04 15:06:43.567 [main] PropertySourcesPropertyResolver - Found key 'XDG_VTNR' in [systemEnvironment] with type [String]
[DEBUG] 2017-06-04 15:06:43.567 [main] PropertySourcesPropertyResolver - Found key 'XDG_RUNTIME_DIR' in [systemEnvironment] with type [String]
[DEBUG] 2017-06-04 15:06:43.568 [main] PropertySourcesPropertyResolver - Found key 'HOME' in [systemEnvironment] with type [String]
[DEBUG] 2017-06-04 15:06:43.568 [main] PropertySourcesPropertyResolver - Found key 'GNOME_KEYRING_PID' in [systemEnvironment] with type [String]
[DEBUG] 2017-06-04 15:06:43.568 [main] PropertySourcesPropertyResolver - Found key 'logging.config' in [applicationConfigurationProperties] with type [String]
[DEBUG] 2017-06-04 15:06:43.583 [main] DefaultListableBeanFactory - Returning cached instance of singleton bean 'autoConfigurationReport'
[DEBUG] 2017-06-04 15:06:43.593 [main] DefaultListableBeanFactory - Returning cached instance of singleton bean 'autoConfigurationReport'
[DEBUG] 2017-06-04 15:06:43.607 [main] DefaultListableBeanFactory - Returning cached instance of singleton bean 'autoConfigurationReport'
[DEBUG] 2017-06-04 15:06:43.610 [main] DefaultListableBeanFactory - Returning cached instance of singleton bean 'autoConfigurationReport'
[DEBUG] 2017-06-04 15:06:43.626 [main] PropertySourcesPropertyResolver - Found key 'spring.cache.type' in [Annotations] with type [CacheType]
[DEBUG] 2017-06-04 15:06:43.627 [main] DefaultListableBeanFactory - Returning cached instance of singleton bean 'autoConfigurationReport'
[DEBUG] 2017-06-04 15:06:43.628 [main] DefaultListableBeanFactory - Returning cached instance of singleton bean 'autoConfigurationReport'
[DEBUG] 2017-06-04 15:06:43.629 [main] DefaultListableBeanFactory - Returning cached instance of singleton bean 'autoConfigurationReport'
[DEBUG] 2017-06-04 15:06:43.631 [main] DefaultListableBeanFactory - Returning cached instance of singleton bean 'autoConfigurationReport'
[DEBUG] 2017-06-04 15:06:43.631 [main] DefaultListableBeanFactory - Returning cached instance of singleton bean 'autoConfigurationReport'
[DEBUG] 2017-06-04 15:06:43.632 [main] DefaultListableBeanFactory - Returning cached instance of singleton bean 'autoConfigurationReport'
[DEBUG] 2017-06-04 15:06:43.635 [main] PropertySourcesPropertyResolver - Found key 'spring.cache.type' in [Annotations] with type [CacheType]
[DEBUG] 2017-06-04 15:06:43.635 [main] DefaultListableBeanFactory - Returning cached instance of singleton bean 'autoConfigurationReport'
[DEBUG] 2017-06-04 15:06:43.636 [main] DefaultListableBeanFactory - Returning cached instance of singleton bean 'autoConfigurationReport'
[DEBUG] 2017-06-04 15:06:43.637 [main] DefaultListableBeanFactory - Returning cached instance of singleton bean 'autoConfigurationReport'
[DEBUG] 2017-06-04 15:06:43.638 [main] PropertySourcesPropertyResolver - Found key 'spring.cache.type' in [Annotations] with type [CacheType]
[DEBUG] 2017-06-04 15:06:43.638 [main] DefaultListableBeanFactory - Returning cached instance of singleton bean 'autoConfigurationReport'
[DEBUG] 2017-06-04 15:06:43.638 [main] PropertySourcesPropertyResolver - Found key 'spring.cache.type' in [Annotations] with type [CacheType]
[DEBUG] 2017-06-04 15:06:43.639 [main] DefaultListableBeanFactory - Returning cached instance of singleton bean 'autoConfigurationReport'
[DEBUG] 2017-06-04 15:06:43.641 [main] DefaultListableBeanFactory - Returning cached instance of singleton bean 'autoConfigurationReport'
[DEBUG] 2017-06-04 15:06:43.642 [main] DefaultListableBeanFactory - Returning cached instance of singleton bean 'autoConfigurationReport'
[DEBUG] 2017-06-04 15:06:43.643 [main] DefaultListableBeanFactory - Returning cached instance of singleton bean 'autoConfigurationReport'
[DEBUG] 2017-06-04 15:06:43.644 [main] DefaultListableBeanFactory - Returning cached instance of singleton bean 'autoConfigurationReport'
[DEBUG] 2017-06-04 15:06:43.647 [main] DefaultListableBeanFactory - Returning cached instance of singleton bean 'autoConfigurationReport'
[DEBUG] 2017-06-04 15:06:43.650 [main] DefaultListableBeanFactory - Returning cached instance of singleton bean 'autoConfigurationReport'
[DEBUG] 2017-06-04 15:06:43.651 [main] DefaultListableBeanFactory - Returning cached instance of singleton bean 'autoConfigurationReport'
[DEBUG] 2017-06-04 15:06:43.653 [main] DefaultListableBeanFactory - Returning cached instance of singleton bean 'autoConfigurationReport'
[DEBUG] 2017-06-04 15:06:43.653 [main] DefaultListableBeanFactory - Returning cached instance of singleton bean 'autoConfigurationReport'
[DEBUG] 2017-06-04 15:06:43.655 [main] DefaultListableBeanFactory - Returning cached instance of singleton bean 'autoConfigurationReport'
[DEBUG] 2017-06-04 15:06:43.659 [main] DefaultListableBeanFactory - Returning cached instance of singleton bean 'autoConfigurationReport'
[DEBUG] 2017-06-04 15:06:43.668 [main] DefaultListableBeanFactory - Returning cached instance of singleton bean 'autoConfigurationReport'
[DEBUG] 2017-06-04 15:06:43.669 [main] DefaultListableBeanFactory - Returning cached instance of singleton bean 'autoConfigurationReport'
[DEBUG] 2017-06-04 15:06:43.670 [main] DefaultListableBeanFactory - Returning cached instance of singleton bean 'autoConfigurationReport'
[DEBUG] 2017-06-04 15:06:43.674 [main] DefaultListableBeanFactory - Returning cached instance of singleton bean 'autoConfigurationReport'
[DEBUG] 2017-06-04 15:06:43.677 [main] DefaultListableBeanFactory - Returning cached instance of singleton bean 'autoConfigurationReport'
[DEBUG] 2017-06-04 15:06:43.677 [main] DefaultListableBeanFactory - Returning cached instance of singleton bean 'autoConfigurationReport'
[DEBUG] 2017-06-04 15:06:43.695 [main] DefaultListableBeanFactory - Returning cached instance of singleton bean 'autoConfigurationReport'
[DEBUG] 2017-06-04 15:06:43.696 [main] DefaultListableBeanFactory - Returning cached instance of singleton bean 'autoConfigurationReport'
[DEBUG] 2017-06-04 15:06:43.696 [main] DefaultListableBeanFactory - Returning cached instance of singleton bean 'autoConfigurationReport'
[DEBUG] 2017-06-04 15:06:43.699 [main] PropertySourcesPropertyResolver - Found key 'spring.test.mockmvc.secure' in [Annotations] with type [Boolean]
[DEBUG] 2017-06-04 15:06:43.699 [main] DefaultListableBeanFactory - Returning cached instance of singleton bean 'autoConfigurationReport'
[DEBUG] 2017-06-04 15:06:43.704 [main] DefaultListableBeanFactory - Returning cached instance of singleton bean 'autoConfigurationReport'
[DEBUG] 2017-06-04 15:06:43.704 [main] DefaultListableBeanFactory - Returning cached instance of singleton bean 'autoConfigurationReport'
[DEBUG] 2017-06-04 15:06:43.706 [main] DefaultListableBeanFactory - Returning cached instance of singleton bean 'autoConfigurationReport'
[DEBUG] 2017-06-04 15:06:43.707 [main] DefaultListableBeanFactory - Returning cached instance of singleton bean 'autoConfigurationReport'
[DEBUG] 2017-06-04 15:06:43.708 [main] DefaultListableBeanFactory - Returning cached instance of singleton bean 'autoConfigurationReport'
[DEBUG] 2017-06-04 15:06:43.708 [main] PropertySourcesPropertyResolver - Found key 'spring.boot.enableautoconfiguration' in [test] with type [String]
[DEBUG] 2017-06-04 15:06:43.709 [main] ConfigurationClassBeanDefinitionReader - Registered bean definition for imported class 'com.stackroute.ng2boot.controllers.MovieRestControllerTest'
[DEBUG] 2017-06-04 15:06:43.710 [main] StandardEnvironment - Adding [systemProperties] PropertySource with lowest search precedence
[DEBUG] 2017-06-04 15:06:43.711 [main] StandardEnvironment - Adding [systemEnvironment] PropertySource with lowest search precedence
[DEBUG] 2017-06-04 15:06:43.711 [main] StandardEnvironment - Initialized StandardEnvironment with PropertySources [systemProperties,systemEnvironment]
[DEBUG] 2017-06-04 15:06:43.712 [main] PathMatchingResourcePatternResolver - Resolved classpath location [org/springframework/data/] to resources [URL [jar:file:/home/user/.m2/repository/org/springframework/data/spring-data-mongodb/1.9.5.RELEASE/spring-data-mongodb-1.9.5.RELEASE.jar!/org/springframework/data/], URL [jar:file:/home/user/.m2/repository/org/springframework/data/spring-data-commons/1.12.5.RELEASE/spring-data-commons-1.12.5.RELEASE.jar!/org/springframework/data/]]
[DEBUG] 2017-06-04 15:06:43.712 [main] PathMatchingResourcePatternResolver - Looking for matching resources in jar file [file:/home/user/.m2/repository/org/springframework/data/spring-data-mongodb/1.9.5.RELEASE/spring-data-mongodb-1.9.5.RELEASE.jar]
[DEBUG] 2017-06-04 15:06:43.716 [main] PathMatchingResourcePatternResolver - Looking for matching resources in jar file [file:/home/user/.m2/repository/org/springframework/data/spring-data-commons/1.12.5.RELEASE/spring-data-commons-1.12.5.RELEASE.jar]
[DEBUG] 2017-06-04 15:06:43.724 [main] PathMatchingResourcePatternResolver - Resolved location pattern [classpath*:org/springframework/data/**/repository/support/**/*.class] to resources [URL [jar:file:/home/user/.m2/repository/org/springframework/data/spring-data-mongodb/1.9.5.RELEASE/spring-data-mongodb-1.9.5.RELEASE.jar!/org/springframework/data/mongodb/repository/support/IndexEnsuringQueryCreationListener.class], URL [jar:file:/home/user/.m2/repository/org/springframework/data/spring-data-mongodb/1.9.5.RELEASE/spring-data-mongodb-1.9.5.RELEASE.jar!/org/springframework/data/mongodb/repository/support/MappingMongoEntityInformation.class], URL [jar:file:/home/user/.m2/repository/org/springframework/data/spring-data-mongodb/1.9.5.RELEASE/spring-data-mongodb-1.9.5.RELEASE.jar!/org/springframework/data/mongodb/repository/support/MongoAnnotationProcessor.class], URL [jar:file:/home/user/.m2/repository/org/springframework/data/spring-data-mongodb/1.9.5.RELEASE/spring-data-mongodb-1.9.5.RELEASE.jar!/org/springframework/data/mongodb/repository/support/MongoRepositoryFactory$MongoQueryLookupStrategy.class], URL [jar:file:/home/user/.m2/repository/org/springframework/data/spring-data-mongodb/1.9.5.RELEASE/spring-data-mongodb-1.9.5.RELEASE.jar!/org/springframework/data/mongodb/repository/support/MongoRepositoryFactory.class], URL [jar:file:/home/user/.m2/repository/org/springframework/data/spring-data-mongodb/1.9.5.RELEASE/spring-data-mongodb-1.9.5.RELEASE.jar!/org/springframework/data/mongodb/repository/support/MongoRepositoryFactoryBean.class], URL [jar:file:/home/user/.m2/repository/org/springframework/data/spring-data-mongodb/1.9.5.RELEASE/spring-data-mongodb-1.9.5.RELEASE.jar!/org/springframework/data/mongodb/repository/support/QueryDslMongoRepository.class], URL [jar:file:/home/user/.m2/repository/org/springframework/data/spring-data-mongodb/1.9.5.RELEASE/spring-data-mongodb-1.9.5.RELEASE.jar!/org/springframework/data/mongodb/repository/support/QuerydslRepositorySupport.class], URL [jar:file:/home/user/.m2/repository/org/springframework/data/spring-data-mongodb/1.9.5.RELEASE/spring-data-mongodb-1.9.5.RELEASE.jar!/org/springframework/data/mongodb/repository/support/SimpleMongoRepository.class], URL [jar:file:/home/user/.m2/repository/org/springframework/data/spring-data-mongodb/1.9.5.RELEASE/spring-data-mongodb-1.9.5.RELEASE.jar!/org/springframework/data/mongodb/repository/support/SpringDataMongodbQuery$1.class], URL [jar:file:/home/user/.m2/repository/org/springframework/data/spring-data-mongodb/1.9.5.RELEASE/spring-data-mongodb-1.9.5.RELEASE.jar!/org/springframework/data/mongodb/repository/support/SpringDataMongodbQuery.class], URL [jar:file:/home/user/.m2/repository/org/springframework/data/spring-data-mongodb/1.9.5.RELEASE/spring-data-mongodb-1.9.5.RELEASE.jar!/org/springframework/data/mongodb/repository/support/SpringDataMongodbSerializer.class], URL [jar:file:/home/user/.m2/repository/org/springframework/data/spring-data-commons/1.12.5.RELEASE/spring-data-commons-1.12.5.RELEASE.jar!/org/springframework/data/repository/support/AnnotationAttribute.class], URL [jar:file:/home/user/.m2/repository/org/springframework/data/spring-data-commons/1.12.5.RELEASE/spring-data-commons-1.12.5.RELEASE.jar!/org/springframework/data/repository/support/CrudRepositoryInvoker.class], URL [jar:file:/home/user/.m2/repository/org/springframework/data/spring-data-commons/1.12.5.RELEASE/spring-data-commons-1.12.5.RELEASE.jar!/org/springframework/data/repository/support/DefaultRepositoryInvokerFactory.class], URL [jar:file:/home/user/.m2/repository/org/springframework/data/spring-data-commons/1.12.5.RELEASE/spring-data-commons-1.12.5.RELEASE.jar!/org/springframework/data/repository/support/DomainClassConverter$ToEntityConverter.class], URL [jar:file:/home/user/.m2/repository/org/springframework/data/spring-data-commons/1.12.5.RELEASE/spring-data-commons-1.12.5.RELEASE.jar!/org/springframework/data/repository/support/DomainClassConverter$ToIdConverter.class], URL [jar:file:/home/user/.m2/repository/org/springframework/data/spring-data-commons/1.12.5.RELEASE/spring-data-commons-1.12.5.RELEASE.jar!/org/springframework/data/repository/support/DomainClassConverter.class], URL [jar:file:/home/user/.m2/repository/org/springframework/data/spring-data-commons/1.12.5.RELEASE/spring-data-commons-1.12.5.RELEASE.jar!/org/springframework/data/repository/support/DomainClassPropertyEditor.class], URL [jar:file:/home/user/.m2/repository/org/springframework/data/spring-data-commons/1.12.5.RELEASE/spring-data-commons-1.12.5.RELEASE.jar!/org/springframework/data/repository/support/DomainClassPropertyEditorRegistrar.class], URL [jar:file:/home/user/.m2/repository/org/springframework/data/spring-data-commons/1.12.5.RELEASE/spring-data-commons-1.12.5.RELEASE.jar!/org/springframework/data/repository/support/MethodParameters$AnnotationNamingMethodParameter.class], URL [jar:file:/home/user/.m2/repository/org/springframework/data/spring-data-commons/1.12.5.RELEASE/spring-data-commons-1.12.5.RELEASE.jar!/org/springframework/data/repository/support/MethodParameters.class], URL [jar:file:/home/user/.m2/repository/org/springframework/data/spring-data-commons/1.12.5.RELEASE/spring-data-commons-1.12.5.RELEASE.jar!/org/springframework/data/repository/support/PagingAndSortingRepositoryInvoker.class], URL [jar:file:/home/user/.m2/repository/org/springframework/data/spring-data-commons/1.12.5.RELEASE/spring-data-commons-1.12.5.RELEASE.jar!/org/springframework/data/repository/support/QueryMethodParameterConversionException.class], URL [jar:file:/home/user/.m2/repository/org/springframework/data/spring-data-commons/1.12.5.RELEASE/spring-data-commons-1.12.5.RELEASE.jar!/org/springframework/data/repository/support/ReflectionRepositoryInvoker.class], URL [jar:file:/home/user/.m2/repository/org/springframework/data/spring-data-commons/1.12.5.RELEASE/spring-data-commons-1.12.5.RELEASE.jar!/org/springframework/data/repository/support/Repositories$EmptyRepositoryFactoryInformation.class], URL [jar:file:/home/user/.m2/repository/org/springframework/data/spring-data-commons/1.12.5.RELEASE/spring-data-commons-1.12.5.RELEASE.jar!/org/springframework/data/repository/support/Repositories.class], URL [jar:file:/home/user/.m2/repository/org/springframework/data/spring-data-commons/1.12.5.RELEASE/spring-data-commons-1.12.5.RELEASE.jar!/org/springframework/data/repository/support/RepositoryInvocationInformation.class], URL [jar:file:/home/user/.m2/repository/org/springframework/data/spring-data-commons/1.12.5.RELEASE/spring-data-commons-1.12.5.RELEASE.jar!/org/springframework/data/repository/support/RepositoryInvoker.class], URL [jar:file:/home/user/.m2/repository/org/springframework/data/spring-data-commons/1.12.5.RELEASE/spring-data-commons-1.12.5.RELEASE.jar!/org/springframework/data/repository/support/RepositoryInvokerFactory.class]]
[DEBUG] 2017-06-04 15:06:43.728 [main] AssignableTypeFilter - Could not read super class [com.querydsl.apt.AbstractQuerydslProcessor] of type-filtered class [org.springframework.data.mongodb.repository.support.MongoAnnotationProcessor]
[DEBUG] 2017-06-04 15:06:43.729 [main] ClassPathScanningCandidateComponentProvider - Identified candidate component class: URL [jar:file:/home/user/.m2/repository/org/springframework/data/spring-data-mongodb/1.9.5.RELEASE/spring-data-mongodb-1.9.5.RELEASE.jar!/org/springframework/data/mongodb/repository/support/MongoRepositoryFactory.class]
[DEBUG] 2017-06-04 15:06:43.744 [main] AssignableTypeFilter - Could not read super class [com.querydsl.mongodb.AbstractMongodbQuery] of type-filtered class [org.springframework.data.mongodb.repository.support.SpringDataMongodbQuery]
[DEBUG] 2017-06-04 15:06:43.744 [main] AssignableTypeFilter - Could not read super class [com.querydsl.mongodb.MongodbSerializer] of type-filtered class [org.springframework.data.mongodb.repository.support.SpringDataMongodbSerializer]
[DEBUG] 2017-06-04 15:06:43.754 [main] StandardEnvironment - Adding [systemProperties] PropertySource with lowest search precedence
[DEBUG] 2017-06-04 15:06:43.754 [main] StandardEnvironment - Adding [systemEnvironment] PropertySource with lowest search precedence
[DEBUG] 2017-06-04 15:06:43.754 [main] StandardEnvironment - Initialized StandardEnvironment with PropertySources [systemProperties,systemEnvironment]
[DEBUG] 2017-06-04 15:06:43.755 [main] PathMatchingResourcePatternResolver - Resolved classpath location [com/stackroute/ng2boot/] to resources [URL [file:/home/user/Downloads/part1_movieapp-starter/spring-rest/target/test-classes/com/stackroute/ng2boot/], URL [file:/home/user/Downloads/part1_movieapp-starter/spring-rest/target/classes/com/stackroute/ng2boot/]]
[DEBUG] 2017-06-04 15:06:43.755 [main] PathMatchingResourcePatternResolver - Looking for matching resources in directory tree [/home/user/Downloads/part1_movieapp-starter/spring-rest/target/test-classes/com/stackroute/ng2boot]
[DEBUG] 2017-06-04 15:06:43.755 [main] PathMatchingResourcePatternResolver - Searching directory [/home/user/Downloads/part1_movieapp-starter/spring-rest/target/test-classes/com/stackroute/ng2boot] for files matching pattern [/home/user/Downloads/part1_movieapp-starter/spring-rest/target/test-classes/com/stackroute/ng2boot/**/*.class]
[DEBUG] 2017-06-04 15:06:43.756 [main] PathMatchingResourcePatternResolver - Searching directory [/home/user/Downloads/part1_movieapp-starter/spring-rest/target/test-classes/com/stackroute/ng2boot/controllers] for files matching pattern [/home/user/Downloads/part1_movieapp-starter/spring-rest/target/test-classes/com/stackroute/ng2boot/**/*.class]
[DEBUG] 2017-06-04 15:06:43.756 [main] PathMatchingResourcePatternResolver - Looking for matching resources in directory tree [/home/user/Downloads/part1_movieapp-starter/spring-rest/target/classes/com/stackroute/ng2boot]
[DEBUG] 2017-06-04 15:06:43.756 [main] PathMatchingResourcePatternResolver - Searching directory [/home/user/Downloads/part1_movieapp-starter/spring-rest/target/classes/com/stackroute/ng2boot] for files matching pattern [/home/user/Downloads/part1_movieapp-starter/spring-rest/target/classes/com/stackroute/ng2boot/**/*.class]
[DEBUG] 2017-06-04 15:06:43.756 [main] PathMatchingResourcePatternResolver - Searching directory [/home/user/Downloads/part1_movieapp-starter/spring-rest/target/classes/com/stackroute/ng2boot/config] for files matching pattern [/home/user/Downloads/part1_movieapp-starter/spring-rest/target/classes/com/stackroute/ng2boot/**/*.class]
[DEBUG] 2017-06-04 15:06:43.757 [main] PathMatchingResourcePatternResolver - Searching directory [/home/user/Downloads/part1_movieapp-starter/spring-rest/target/classes/com/stackroute/ng2boot/controllers] for files matching pattern [/home/user/Downloads/part1_movieapp-starter/spring-rest/target/classes/com/stackroute/ng2boot/**/*.class]
[DEBUG] 2017-06-04 15:06:43.757 [main] PathMatchingResourcePatternResolver - Searching directory [/home/user/Downloads/part1_movieapp-starter/spring-rest/target/classes/com/stackroute/ng2boot/domain] for files matching pattern [/home/user/Downloads/part1_movieapp-starter/spring-rest/target/classes/com/stackroute/ng2boot/**/*.class]
[DEBUG] 2017-06-04 15:06:43.757 [main] PathMatchingResourcePatternResolver - Searching directory [/home/user/Downloads/part1_movieapp-starter/spring-rest/target/classes/com/stackroute/ng2boot/links] for files matching pattern [/home/user/Downloads/part1_movieapp-starter/spring-rest/target/classes/com/stackroute/ng2boot/**/*.class]
[DEBUG] 2017-06-04 15:06:43.757 [main] PathMatchingResourcePatternResolver - Searching directory [/home/user/Downloads/part1_movieapp-starter/spring-rest/target/classes/com/stackroute/ng2boot/repository] for files matching pattern [/home/user/Downloads/part1_movieapp-starter/spring-rest/target/classes/com/stackroute/ng2boot/**/*.class]
[DEBUG] 2017-06-04 15:06:43.757 [main] PathMatchingResourcePatternResolver - Searching directory [/home/user/Downloads/part1_movieapp-starter/spring-rest/target/classes/com/stackroute/ng2boot/service] for files matching pattern [/home/user/Downloads/part1_movieapp-starter/spring-rest/target/classes/com/stackroute/ng2boot/**/*.class]
[DEBUG] 2017-06-04 15:06:43.757 [main] PathMatchingResourcePatternResolver - Resolved location pattern [classpath*:com/stackroute/ng2boot/**/*.class] to resources [file [/home/user/Downloads/part1_movieapp-starter/spring-rest/target/test-classes/com/stackroute/ng2boot/Ng2bootApplicationTests.class], file [/home/user/Downloads/part1_movieapp-starter/spring-rest/target/test-classes/com/stackroute/ng2boot/controllers/MovieRestControllerTest.class], file [/home/user/Downloads/part1_movieapp-starter/spring-rest/target/classes/com/stackroute/ng2boot/Ng2bootApplication.class], file [/home/user/Downloads/part1_movieapp-starter/spring-rest/target/classes/com/stackroute/ng2boot/config/SwaggerConfig.class], file [/home/user/Downloads/part1_movieapp-starter/spring-rest/target/classes/com/stackroute/ng2boot/controllers/MovieRestController.class], file [/home/user/Downloads/part1_movieapp-starter/spring-rest/target/classes/com/stackroute/ng2boot/controllers/MovieRestControllerTest.class], file [/home/user/Downloads/part1_movieapp-starter/spring-rest/target/classes/com/stackroute/ng2boot/domain/Movie.class], file [/home/user/Downloads/part1_movieapp-starter/spring-rest/target/classes/com/stackroute/ng2boot/links/MovieLinks.class], file [/home/user/Downloads/part1_movieapp-starter/spring-rest/target/classes/com/stackroute/ng2boot/links/MovieLinksImpl.class], file [/home/user/Downloads/part1_movieapp-starter/spring-rest/target/classes/com/stackroute/ng2boot/repository/CrudsRepository.class], file [/home/user/Downloads/part1_movieapp-starter/spring-rest/target/classes/com/stackroute/ng2boot/repository/MovieRepository.class], file [/home/user/Downloads/part1_movieapp-starter/spring-rest/target/classes/com/stackroute/ng2boot/service/MovieGetService.class], file [/home/user/Downloads/part1_movieapp-starter/spring-rest/target/classes/com/stackroute/ng2boot/service/MovieGetServiceImpl.class]]
[DEBUG] 2017-06-04 15:06:43.769 [main] RepositoryComponentProvider - Identified candidate component class: file [/home/user/Downloads/part1_movieapp-starter/spring-rest/target/classes/com/stackroute/ng2boot/repository/CrudsRepository.class]
[DEBUG] 2017-06-04 15:06:43.770 [main] RepositoryComponentProvider - Identified candidate component class: file [/home/user/Downloads/part1_movieapp-starter/spring-rest/target/classes/com/stackroute/ng2boot/repository/MovieRepository.class]
[DEBUG] 2017-06-04 15:06:43.772 [main] StandardEnvironment - Adding [systemProperties] PropertySource with lowest search precedence
[DEBUG] 2017-06-04 15:06:43.772 [main] StandardEnvironment - Adding [systemEnvironment] PropertySource with lowest search precedence
[DEBUG] 2017-06-04 15:06:43.772 [main] StandardEnvironment - Initialized StandardEnvironment with PropertySources [systemProperties,systemEnvironment]
[DEBUG] 2017-06-04 15:06:43.773 [main] PathMatchingResourcePatternResolver - Resolved classpath location [com/stackroute/ng2boot/] to resources [URL [file:/home/user/Downloads/part1_movieapp-starter/spring-rest/target/test-classes/com/stackroute/ng2boot/], URL [file:/home/user/Downloads/part1_movieapp-starter/spring-rest/target/classes/com/stackroute/ng2boot/]]
[DEBUG] 2017-06-04 15:06:43.773 [main] PathMatchingResourcePatternResolver - Looking for matching resources in directory tree [/home/user/Downloads/part1_movieapp-starter/spring-rest/target/test-classes/com/stackroute/ng2boot]
[DEBUG] 2017-06-04 15:06:43.773 [main] PathMatchingResourcePatternResolver - Searching directory [/home/user/Downloads/part1_movieapp-starter/spring-rest/target/test-classes/com/stackroute/ng2boot] for files matching pattern [/home/user/Downloads/part1_movieapp-starter/spring-rest/target/test-classes/com/stackroute/ng2boot/**/*MovieRepositoryImpl.class]
[DEBUG] 2017-06-04 15:06:43.773 [main] PathMatchingResourcePatternResolver - Searching directory [/home/user/Downloads/part1_movieapp-starter/spring-rest/target/test-classes/com/stackroute/ng2boot/controllers] for files matching pattern [/home/user/Downloads/part1_movieapp-starter/spring-rest/target/test-classes/com/stackroute/ng2boot/**/*MovieRepositoryImpl.class]
[DEBUG] 2017-06-04 15:06:43.773 [main] PathMatchingResourcePatternResolver - Looking for matching resources in directory tree [/home/user/Downloads/part1_movieapp-starter/spring-rest/target/classes/com/stackroute/ng2boot]
[DEBUG] 2017-06-04 15:06:43.773 [main] PathMatchingResourcePatternResolver - Searching directory [/home/user/Downloads/part1_movieapp-starter/spring-rest/target/classes/com/stackroute/ng2boot] for files matching pattern [/home/user/Downloads/part1_movieapp-starter/spring-rest/target/classes/com/stackroute/ng2boot/**/*MovieRepositoryImpl.class]
[DEBUG] 2017-06-04 15:06:43.774 [main] PathMatchingResourcePatternResolver - Searching directory [/home/user/Downloads/part1_movieapp-starter/spring-rest/target/classes/com/stackroute/ng2boot/config] for files matching pattern [/home/user/Downloads/part1_movieapp-starter/spring-rest/target/classes/com/stackroute/ng2boot/**/*MovieRepositoryImpl.class]
[DEBUG] 2017-06-04 15:06:43.774 [main] PathMatchingResourcePatternResolver - Searching directory [/home/user/Downloads/part1_movieapp-starter/spring-rest/target/classes/com/stackroute/ng2boot/controllers] for files matching pattern [/home/user/Downloads/part1_movieapp-starter/spring-rest/target/classes/com/stackroute/ng2boot/**/*MovieRepositoryImpl.class]
[DEBUG] 2017-06-04 15:06:43.774 [main] PathMatchingResourcePatternResolver - Searching directory [/home/user/Downloads/part1_movieapp-starter/spring-rest/target/classes/com/stackroute/ng2boot/domain] for files matching pattern [/home/user/Downloads/part1_movieapp-starter/spring-rest/target/classes/com/stackroute/ng2boot/**/*MovieRepositoryImpl.class]
[DEBUG] 2017-06-04 15:06:43.774 [main] PathMatchingResourcePatternResolver - Searching directory [/home/user/Downloads/part1_movieapp-starter/spring-rest/target/classes/com/stackroute/ng2boot/links] for files matching pattern [/home/user/Downloads/part1_movieapp-starter/spring-rest/target/classes/com/stackroute/ng2boot/**/*MovieRepositoryImpl.class]
[DEBUG] 2017-06-04 15:06:43.774 [main] PathMatchingResourcePatternResolver - Searching directory [/home/user/Downloads/part1_movieapp-starter/spring-rest/target/classes/com/stackroute/ng2boot/repository] for files matching pattern [/home/user/Downloads/part1_movieapp-starter/spring-rest/target/classes/com/stackroute/ng2boot/**/*MovieRepositoryImpl.class]
[DEBUG] 2017-06-04 15:06:43.774 [main] PathMatchingResourcePatternResolver - Searching directory [/home/user/Downloads/part1_movieapp-starter/spring-rest/target/classes/com/stackroute/ng2boot/service] for files matching pattern [/home/user/Downloads/part1_movieapp-starter/spring-rest/target/classes/com/stackroute/ng2boot/**/*MovieRepositoryImpl.class]
[DEBUG] 2017-06-04 15:06:43.774 [main] PathMatchingResourcePatternResolver - Resolved location pattern [classpath*:com/stackroute/ng2boot/**/*MovieRepositoryImpl.class] to resources []
[DEBUG] 2017-06-04 15:06:43.775 [main] RepositoryConfigurationDelegate - Spring Data MongoDB - Registering repository: movieRepository - Interface: com.stackroute.ng2boot.repository.MovieRepository - Factory: org.springframework.data.mongodb.repository.support.MongoRepositoryFactoryBean
[DEBUG] 2017-06-04 15:06:43.775 [main] StandardEnvironment - Adding [systemProperties] PropertySource with lowest search precedence
[DEBUG] 2017-06-04 15:06:43.775 [main] StandardEnvironment - Adding [systemEnvironment] PropertySource with lowest search precedence
[DEBUG] 2017-06-04 15:06:43.775 [main] StandardEnvironment - Initialized StandardEnvironment with PropertySources [systemProperties,systemEnvironment]
[DEBUG] 2017-06-04 15:06:43.776 [main] PathMatchingResourcePatternResolver - Resolved classpath location [com/stackroute/ng2boot/] to resources [URL [file:/home/user/Downloads/part1_movieapp-starter/spring-rest/target/test-classes/com/stackroute/ng2boot/], URL [file:/home/user/Downloads/part1_movieapp-starter/spring-rest/target/classes/com/stackroute/ng2boot/]]
[DEBUG] 2017-06-04 15:06:43.776 [main] PathMatchingResourcePatternResolver - Looking for matching resources in directory tree [/home/user/Downloads/part1_movieapp-starter/spring-rest/target/test-classes/com/stackroute/ng2boot]
[DEBUG] 2017-06-04 15:06:43.776 [main] PathMatchingResourcePatternResolver - Searching directory [/home/user/Downloads/part1_movieapp-starter/spring-rest/target/test-classes/com/stackroute/ng2boot] for files matching pattern [/home/user/Downloads/part1_movieapp-starter/spring-rest/target/test-classes/com/stackroute/ng2boot/**/*CrudsRepositoryImpl.class]
[DEBUG] 2017-06-04 15:06:43.776 [main] PathMatchingResourcePatternResolver - Searching directory [/home/user/Downloads/part1_movieapp-starter/spring-rest/target/test-classes/com/stackroute/ng2boot/controllers] for files matching pattern [/home/user/Downloads/part1_movieapp-starter/spring-rest/target/test-classes/com/stackroute/ng2boot/**/*CrudsRepositoryImpl.class]
[DEBUG] 2017-06-04 15:06:43.776 [main] PathMatchingResourcePatternResolver - Looking for matching resources in directory tree [/home/user/Downloads/part1_movieapp-starter/spring-rest/target/classes/com/stackroute/ng2boot]
[DEBUG] 2017-06-04 15:06:43.776 [main] PathMatchingResourcePatternResolver - Searching directory [/home/user/Downloads/part1_movieapp-starter/spring-rest/target/classes/com/stackroute/ng2boot] for files matching pattern [/home/user/Downloads/part1_movieapp-starter/spring-rest/target/classes/com/stackroute/ng2boot/**/*CrudsRepositoryImpl.class]
[DEBUG] 2017-06-04 15:06:43.777 [main] PathMatchingResourcePatternResolver - Searching directory [/home/user/Downloads/part1_movieapp-starter/spring-rest/target/classes/com/stackroute/ng2boot/config] for files matching pattern [/home/user/Downloads/part1_movieapp-starter/spring-rest/target/classes/com/stackroute/ng2boot/**/*CrudsRepositoryImpl.class]
[DEBUG] 2017-06-04 15:06:43.777 [main] PathMatchingResourcePatternResolver - Searching directory [/home/user/Downloads/part1_movieapp-starter/spring-rest/target/classes/com/stackroute/ng2boot/controllers] for files matching pattern [/home/user/Downloads/part1_movieapp-starter/spring-rest/target/classes/com/stackroute/ng2boot/**/*CrudsRepositoryImpl.class]
[DEBUG] 2017-06-04 15:06:43.778 [main] PathMatchingResourcePatternResolver - Searching directory [/home/user/Downloads/part1_movieapp-starter/spring-rest/target/classes/com/stackroute/ng2boot/domain] for files matching pattern [/home/user/Downloads/part1_movieapp-starter/spring-rest/target/classes/com/stackroute/ng2boot/**/*CrudsRepositoryImpl.class]
[DEBUG] 2017-06-04 15:06:43.778 [main] PathMatchingResourcePatternResolver - Searching directory [/home/user/Downloads/part1_movieapp-starter/spring-rest/target/classes/com/stackroute/ng2boot/links] for files matching pattern [/home/user/Downloads/part1_movieapp-starter/spring-rest/target/classes/com/stackroute/ng2boot/**/*CrudsRepositoryImpl.class]
[DEBUG] 2017-06-04 15:06:43.778 [main] PathMatchingResourcePatternResolver - Searching directory [/home/user/Downloads/part1_movieapp-starter/spring-rest/target/classes/com/stackroute/ng2boot/repository] for files matching pattern [/home/user/Downloads/part1_movieapp-starter/spring-rest/target/classes/com/stackroute/ng2boot/**/*CrudsRepositoryImpl.class]
[DEBUG] 2017-06-04 15:06:43.778 [main] PathMatchingResourcePatternResolver - Searching directory [/home/user/Downloads/part1_movieapp-starter/spring-rest/target/classes/com/stackroute/ng2boot/service] for files matching pattern [/home/user/Downloads/part1_movieapp-starter/spring-rest/target/classes/com/stackroute/ng2boot/**/*CrudsRepositoryImpl.class]
[DEBUG] 2017-06-04 15:06:43.778 [main] PathMatchingResourcePatternResolver - Resolved location pattern [classpath*:com/stackroute/ng2boot/**/*CrudsRepositoryImpl.class] to resources []
[DEBUG] 2017-06-04 15:06:43.778 [main] RepositoryConfigurationDelegate - Spring Data MongoDB - Registering repository: crudsRepository - Interface: com.stackroute.ng2boot.repository.CrudsRepository - Factory: org.springframework.data.mongodb.repository.support.MongoRepositoryFactoryBean
[DEBUG] 2017-06-04 15:06:43.779 [main] DefaultListableBeanFactory - Returning cached instance of singleton bean 'autoConfigurationReport'
[DEBUG] 2017-06-04 15:06:43.779 [main] DefaultListableBeanFactory - Returning cached instance of singleton bean 'autoConfigurationReport'
[DEBUG] 2017-06-04 15:06:43.779 [main] DefaultListableBeanFactory - Creating shared instance of singleton bean 'org.springframework.boot.autoconfigure.condition.BeanTypeRegistry'
[DEBUG] 2017-06-04 15:06:43.779 [main] DefaultListableBeanFactory - Creating instance of bean 'org.springframework.boot.autoconfigure.condition.BeanTypeRegistry'
[DEBUG] 2017-06-04 15:06:43.780 [main] DefaultListableBeanFactory - Eagerly caching bean 'org.springframework.boot.autoconfigure.condition.BeanTypeRegistry' to allow for resolving potential circular references
[DEBUG] 2017-06-04 15:06:43.780 [main] DefaultListableBeanFactory - Finished creating instance of bean 'org.springframework.boot.autoconfigure.condition.BeanTypeRegistry'
[DEBUG] 2017-06-04 15:06:43.781 [main] DefaultListableBeanFactory - Returning cached instance of singleton bean 'autoConfigurationReport'
[DEBUG] 2017-06-04 15:06:43.781 [main] ConfigurationClassBeanDefinitionReader - Registered bean definition for imported class 'org.springframework.boot.autoconfigure.web.WebMvcAutoConfiguration$EnableWebMvcConfiguration'
[DEBUG] 2017-06-04 15:06:43.781 [main] ConfigurationClassBeanDefinitionReader - Registering bean definition for @Bean method org.springframework.boot.autoconfigure.web.WebMvcAutoConfiguration$EnableWebMvcConfiguration.requestMappingHandlerAdapter()
[DEBUG] 2017-06-04 15:06:43.782 [main] ConfigurationClassBeanDefinitionReader - Registering bean definition for @Bean method org.springframework.boot.autoconfigure.web.WebMvcAutoConfiguration$EnableWebMvcConfiguration.requestMappingHandlerMapping()
[DEBUG] 2017-06-04 15:06:43.782 [main] ConfigurationClassBeanDefinitionReader - Registering bean definition for @Bean method org.springframework.boot.autoconfigure.web.WebMvcAutoConfiguration$EnableWebMvcConfiguration.mvcPathMatcher()
[DEBUG] 2017-06-04 15:06:43.782 [main] ConfigurationClassBeanDefinitionReader - Registering bean definition for @Bean method org.springframework.boot.autoconfigure.web.WebMvcAutoConfiguration$EnableWebMvcConfiguration.mvcUrlPathHelper()
[DEBUG] 2017-06-04 15:06:43.782 [main] ConfigurationClassBeanDefinitionReader - Registering bean definition for @Bean method org.springframework.boot.autoconfigure.web.WebMvcAutoConfiguration$EnableWebMvcConfiguration.mvcContentNegotiationManager()
[DEBUG] 2017-06-04 15:06:43.782 [main] ConfigurationClassBeanDefinitionReader - Registering bean definition for @Bean method org.springframework.boot.autoconfigure.web.WebMvcAutoConfiguration$EnableWebMvcConfiguration.viewControllerHandlerMapping()
[DEBUG] 2017-06-04 15:06:43.782 [main] ConfigurationClassBeanDefinitionReader - Registering bean definition for @Bean method org.springframework.boot.autoconfigure.web.WebMvcAutoConfiguration$EnableWebMvcConfiguration.beanNameHandlerMapping()
[DEBUG] 2017-06-04 15:06:43.782 [main] ConfigurationClassBeanDefinitionReader - Registering bean definition for @Bean method org.springframework.boot.autoconfigure.web.WebMvcAutoConfiguration$EnableWebMvcConfiguration.resourceHandlerMapping()
[DEBUG] 2017-06-04 15:06:43.782 [main] ConfigurationClassBeanDefinitionReader - Registering bean definition for @Bean method org.springframework.boot.autoconfigure.web.WebMvcAutoConfiguration$EnableWebMvcConfiguration.mvcResourceUrlProvider()
[DEBUG] 2017-06-04 15:06:43.782 [main] ConfigurationClassBeanDefinitionReader - Registering bean definition for @Bean method org.springframework.boot.autoconfigure.web.WebMvcAutoConfiguration$EnableWebMvcConfiguration.defaultServletHandlerMapping()
[DEBUG] 2017-06-04 15:06:43.782 [main] ConfigurationClassBeanDefinitionReader - Registering bean definition for @Bean method org.springframework.boot.autoconfigure.web.WebMvcAutoConfiguration$EnableWebMvcConfiguration.mvcConversionService()
[DEBUG] 2017-06-04 15:06:43.782 [main] ConfigurationClassBeanDefinitionReader - Registering bean definition for @Bean method org.springframework.boot.autoconfigure.web.WebMvcAutoConfiguration$EnableWebMvcConfiguration.mvcValidator()
[DEBUG] 2017-06-04 15:06:43.783 [main] ConfigurationClassBeanDefinitionReader - Registering bean definition for @Bean method org.springframework.boot.autoconfigure.web.WebMvcAutoConfiguration$EnableWebMvcConfiguration.mvcUriComponentsContributor()
[DEBUG] 2017-06-04 15:06:43.783 [main] ConfigurationClassBeanDefinitionReader - Registering bean definition for @Bean method org.springframework.boot.autoconfigure.web.WebMvcAutoConfiguration$EnableWebMvcConfiguration.httpRequestHandlerAdapter()
[DEBUG] 2017-06-04 15:06:43.783 [main] ConfigurationClassBeanDefinitionReader - Registering bean definition for @Bean method org.springframework.boot.autoconfigure.web.WebMvcAutoConfiguration$EnableWebMvcConfiguration.simpleControllerHandlerAdapter()
[DEBUG] 2017-06-04 15:06:43.783 [main] ConfigurationClassBeanDefinitionReader - Registering bean definition for @Bean method org.springframework.boot.autoconfigure.web.WebMvcAutoConfiguration$EnableWebMvcConfiguration.handlerExceptionResolver()
[DEBUG] 2017-06-04 15:06:43.783 [main] ConfigurationClassBeanDefinitionReader - Registering bean definition for @Bean method org.springframework.boot.autoconfigure.web.WebMvcAutoConfiguration$EnableWebMvcConfiguration.mvcViewResolver()
[DEBUG] 2017-06-04 15:06:43.783 [main] DefaultListableBeanFactory - Returning cached instance of singleton bean 'autoConfigurationReport'
[DEBUG] 2017-06-04 15:06:43.784 [main] ConfigurationClassBeanDefinitionReader - Registered bean definition for imported class 'org.springframework.boot.autoconfigure.web.WebMvcAutoConfiguration$WebMvcAutoConfigurationAdapter$FaviconConfiguration'
[DEBUG] 2017-06-04 15:06:43.784 [main] ConfigurationClassBeanDefinitionReader - Registering bean definition for @Bean method org.springframework.boot.autoconfigure.web.WebMvcAutoConfiguration$WebMvcAutoConfigurationAdapter$FaviconConfiguration.faviconHandlerMapping()
[DEBUG] 2017-06-04 15:06:43.784 [main] ConfigurationClassBeanDefinitionReader - Registering bean definition for @Bean method org.springframework.boot.autoconfigure.web.WebMvcAutoConfiguration$WebMvcAutoConfigurationAdapter$FaviconConfiguration.faviconRequestHandler()
[DEBUG] 2017-06-04 15:06:43.784 [main] ConfigurationClassBeanDefinitionReader - Registered bean definition for imported class 'org.springframework.boot.autoconfigure.web.WebMvcAutoConfiguration$WebMvcAutoConfigurationAdapter'
[DEBUG] 2017-06-04 15:06:43.784 [main] DefaultListableBeanFactory - Returning cached instance of singleton bean 'org.springframework.boot.autoconfigure.condition.BeanTypeRegistry'
[DEBUG] 2017-06-04 15:06:43.788 [main] DefaultListableBeanFactory - Returning cached instance of singleton bean 'autoConfigurationReport'
[DEBUG] 2017-06-04 15:06:43.788 [main] ConfigurationClassBeanDefinitionReader - Registering bean definition for @Bean method org.springframework.boot.autoconfigure.web.WebMvcAutoConfiguration$WebMvcAutoConfigurationAdapter.defaultViewResolver()
[DEBUG] 2017-06-04 15:06:43.788 [main] DefaultListableBeanFactory - Returning cached instance of singleton bean 'org.springframework.boot.autoconfigure.condition.BeanTypeRegistry'
[DEBUG] 2017-06-04 15:06:43.789 [main] DefaultListableBeanFactory - Returning cached instance of singleton bean 'autoConfigurationReport'
[DEBUG] 2017-06-04 15:06:43.789 [main] DefaultListableBeanFactory - Returning cached instance of singleton bean 'org.springframework.boot.autoconfigure.condition.BeanTypeRegistry'
[DEBUG] 2017-06-04 15:06:43.789 [main] DefaultListableBeanFactory - Returning cached instance of singleton bean 'org.springframework.boot.autoconfigure.condition.BeanTypeRegistry'
[DEBUG] 2017-06-04 15:06:43.789 [main] DefaultListableBeanFactory - Returning cached instance of singleton bean 'autoConfigurationReport'
[DEBUG] 2017-06-04 15:06:43.789 [main] DefaultListableBeanFactory - Returning cached instance of singleton bean 'org.springframework.boot.autoconfigure.condition.BeanTypeRegistry'
[DEBUG] 2017-06-04 15:06:43.790 [main] DefaultListableBeanFactory - Returning cached instance of singleton bean 'org.springframework.boot.autoconfigure.condition.BeanTypeRegistry'
[DEBUG] 2017-06-04 15:06:43.790 [main] DefaultListableBeanFactory - Returning cached instance of singleton bean 'autoConfigurationReport'
[DEBUG] 2017-06-04 15:06:43.790 [main] ConfigurationClassBeanDefinitionReader - Registering bean definition for @Bean method org.springframework.boot.autoconfigure.web.WebMvcAutoConfiguration$WebMvcAutoConfigurationAdapter.viewResolver()
[DEBUG] 2017-06-04 15:06:43.790 [main] DefaultListableBeanFactory - Returning cached instance of singleton bean 'autoConfigurationReport'
[DEBUG] 2017-06-04 15:06:43.791 [main] DefaultListableBeanFactory - Returning cached instance of singleton bean 'autoConfigurationReport'
[DEBUG] 2017-06-04 15:06:43.791 [main] ConfigurationClassBeanDefinitionReader - Registering bean definition for @Bean method org.springframework.boot.autoconfigure.web.WebMvcAutoConfiguration$WebMvcAutoConfigurationAdapter.welcomePageHandlerMapping()
[DEBUG] 2017-06-04 15:06:43.791 [main] DefaultListableBeanFactory - Returning cached instance of singleton bean 'org.springframework.boot.autoconfigure.condition.BeanTypeRegistry'
[DEBUG] 2017-06-04 15:06:43.792 [main] DefaultListableBeanFactory - Returning cached instance of singleton bean 'org.springframework.boot.autoconfigure.condition.BeanTypeRegistry'
[DEBUG] 2017-06-04 15:06:43.792 [main] DefaultListableBeanFactory - Returning cached instance of singleton bean 'autoConfigurationReport'
[DEBUG] 2017-06-04 15:06:43.792 [main] ConfigurationClassBeanDefinitionReader - Registering bean definition for @Bean method org.springframework.boot.autoconfigure.web.WebMvcAutoConfiguration$WebMvcAutoConfigurationAdapter.requestContextFilter()
[DEBUG] 2017-06-04 15:06:43.793 [main] ConfigurationClassBeanDefinitionReader - Registered bean definition for imported class 'org.springframework.boot.autoconfigure.web.WebMvcAutoConfiguration'
[DEBUG] 2017-06-04 15:06:43.793 [main] DefaultListableBeanFactory - Returning cached instance of singleton bean 'org.springframework.boot.autoconfigure.condition.BeanTypeRegistry'
[DEBUG] 2017-06-04 15:06:43.793 [main] DefaultListableBeanFactory - Returning cached instance of singleton bean 'autoConfigurationReport'
[DEBUG] 2017-06-04 15:06:43.794 [main] ConfigurationClassBeanDefinitionReader - Registering bean definition for @Bean method org.springframework.boot.autoconfigure.web.WebMvcAutoConfiguration.hiddenHttpMethodFilter()
[DEBUG] 2017-06-04 15:06:43.794 [main] DefaultListableBeanFactory - Returning cached instance of singleton bean 'autoConfigurationReport'
[DEBUG] 2017-06-04 15:06:43.794 [main] DefaultListableBeanFactory - Returning cached instance of singleton bean 'org.springframework.boot.autoconfigure.condition.BeanTypeRegistry'
[DEBUG] 2017-06-04 15:06:43.795 [main] DefaultListableBeanFactory - Returning cached instance of singleton bean 'autoConfigurationReport'
[DEBUG] 2017-06-04 15:06:43.795 [main] ConfigurationClassBeanDefinitionReader - Registering bean definition for @Bean method org.springframework.boot.autoconfigure.web.WebMvcAutoConfiguration.httpPutFormContentFilter()
[DEBUG] 2017-06-04 15:06:43.795 [main] DefaultListableBeanFactory - Returning cached instance of singleton bean 'autoConfigurationReport'
[DEBUG] 2017-06-04 15:06:43.795 [main] DefaultListableBeanFactory - Returning cached instance of singleton bean 'org.springframework.boot.autoconfigure.condition.BeanTypeRegistry'
[DEBUG] 2017-06-04 15:06:43.796 [main] DefaultListableBeanFactory - Returning cached instance of singleton bean 'autoConfigurationReport'
[DEBUG] 2017-06-04 15:06:43.796 [main] DefaultListableBeanFactory - Returning cached instance of singleton bean 'autoConfigurationReport'
[DEBUG] 2017-06-04 15:06:43.796 [main] ConfigurationClassBeanDefinitionReader - Registered bean definition for imported class 'org.springframework.boot.autoconfigure.gson.GsonAutoConfiguration'
[DEBUG] 2017-06-04 15:06:43.796 [main] DefaultListableBeanFactory - Returning cached instance of singleton bean 'org.springframework.boot.autoconfigure.condition.BeanTypeRegistry'
[DEBUG] 2017-06-04 15:06:43.796 [main] DefaultListableBeanFactory - Returning cached instance of singleton bean 'autoConfigurationReport'
[DEBUG] 2017-06-04 15:06:43.797 [main] ConfigurationClassBeanDefinitionReader - Registering bean definition for @Bean method org.springframework.boot.autoconfigure.gson.GsonAutoConfiguration.gson()
[DEBUG] 2017-06-04 15:06:43.797 [main] DefaultListableBeanFactory - Returning cached instance of singleton bean 'autoConfigurationReport'
[DEBUG] 2017-06-04 15:06:43.797 [main] DefaultListableBeanFactory - Returning cached instance of singleton bean 'autoConfigurationReport'
[DEBUG] 2017-06-04 15:06:43.797 [main] ConfigurationClassBeanDefinitionReader - Registered bean definition for imported class 'org.springframework.boot.autoconfigure.jackson.JacksonAutoConfiguration$Jackson2ObjectMapperBuilderCustomizerConfiguration'
[DEBUG] 2017-06-04 15:06:43.797 [main] ConfigurationClassBeanDefinitionReader - Registering bean definition for @Bean method org.springframework.boot.autoconfigure.jackson.JacksonAutoConfiguration$Jackson2ObjectMapperBuilderCustomizerConfiguration.standardJacksonObjectMapperBuilderCustomizer()
[DEBUG] 2017-06-04 15:06:43.797 [main] DefaultListableBeanFactory - Returning cached instance of singleton bean 'autoConfigurationReport'
[DEBUG] 2017-06-04 15:06:43.797 [main] ConfigurationClassBeanDefinitionReader - Registered bean definition for imported class 'org.springframework.boot.autoconfigure.jackson.JacksonAutoConfiguration$JacksonObjectMapperBuilderConfiguration'
[DEBUG] 2017-06-04 15:06:43.799 [main] DefaultListableBeanFactory - Returning cached instance of singleton bean 'org.springframework.boot.autoconfigure.condition.BeanTypeRegistry'
[DEBUG] 2017-06-04 15:06:43.800 [main] DefaultListableBeanFactory - Returning cached instance of singleton bean 'autoConfigurationReport'
[DEBUG] 2017-06-04 15:06:43.800 [main] ConfigurationClassBeanDefinitionReader - Registering bean definition for @Bean method org.springframework.boot.autoconfigure.jackson.JacksonAutoConfiguration$JacksonObjectMapperBuilderConfiguration.jacksonObjectMapperBuilder()
[DEBUG] 2017-06-04 15:06:43.800 [main] DefaultListableBeanFactory - Returning cached instance of singleton bean 'autoConfigurationReport'
[DEBUG] 2017-06-04 15:06:43.801 [main] ConfigurationClassBeanDefinitionReader - Registered bean definition for imported class 'org.springframework.boot.autoconfigure.jackson.JacksonAutoConfiguration$JacksonObjectMapperConfiguration'
[DEBUG] 2017-06-04 15:06:43.801 [main] DefaultListableBeanFactory - Returning cached instance of singleton bean 'org.springframework.boot.autoconfigure.condition.BeanTypeRegistry'
[DEBUG] 2017-06-04 15:06:43.801 [main] DefaultListableBeanFactory - Returning cached instance of singleton bean 'autoConfigurationReport'
[DEBUG] 2017-06-04 15:06:43.801 [main] ConfigurationClassBeanDefinitionReader - Registering bean definition for @Bean method org.springframework.boot.autoconfigure.jackson.JacksonAutoConfiguration$JacksonObjectMapperConfiguration.jacksonObjectMapper()
[DEBUG] 2017-06-04 15:06:43.802 [main] ConfigurationClassBeanDefinitionReader - Registered bean definition for imported class 'org.springframework.boot.autoconfigure.jackson.JacksonAutoConfiguration'
[DEBUG] 2017-06-04 15:06:43.802 [main] ConfigurationClassBeanDefinitionReader - Registering bean definition for @Bean method org.springframework.boot.autoconfigure.jackson.JacksonAutoConfiguration.jsonComponentModule()
[DEBUG] 2017-06-04 15:06:43.802 [main] DefaultListableBeanFactory - Returning cached instance of singleton bean 'autoConfigurationReport'
[DEBUG] 2017-06-04 15:06:43.802 [main] DefaultListableBeanFactory - Returning cached instance of singleton bean 'autoConfigurationReport'
[DEBUG] 2017-06-04 15:06:43.802 [main] ConfigurationClassBeanDefinitionReader - Registered bean definition for imported class 'org.springframework.boot.autoconfigure.web.HttpMessageConvertersAutoConfiguration$StringHttpMessageConverterConfiguration'
[DEBUG] 2017-06-04 15:06:43.802 [main] DefaultListableBeanFactory - Returning cached instance of singleton bean 'org.springframework.boot.autoconfigure.condition.BeanTypeRegistry'
[DEBUG] 2017-06-04 15:06:43.803 [main] DefaultListableBeanFactory - Returning cached instance of singleton bean 'autoConfigurationReport'
[DEBUG] 2017-06-04 15:06:43.803 [main] ConfigurationClassBeanDefinitionReader - Registering bean definition for @Bean method org.springframework.boot.autoconfigure.web.HttpMessageConvertersAutoConfiguration$StringHttpMessageConverterConfiguration.stringHttpMessageConverter()
[DEBUG] 2017-06-04 15:06:43.804 [main] DefaultListableBeanFactory - Returning cached instance of singleton bean 'autoConfigurationReport'
[DEBUG] 2017-06-04 15:06:43.804 [main] DefaultListableBeanFactory - Returning cached instance of singleton bean 'autoConfigurationReport'
[DEBUG] 2017-06-04 15:06:43.804 [main] DefaultListableBeanFactory - Returning cached instance of singleton bean 'org.springframework.boot.autoconfigure.condition.BeanTypeRegistry'
[DEBUG] 2017-06-04 15:06:43.804 [main] DefaultListableBeanFactory - Returning cached instance of singleton bean 'autoConfigurationReport'
[DEBUG] 2017-06-04 15:06:43.805 [main] ConfigurationClassBeanDefinitionReader - Registered bean definition for imported class 'org.springframework.boot.autoconfigure.web.JacksonHttpMessageConvertersConfiguration$MappingJackson2HttpMessageConverterConfiguration'
[DEBUG] 2017-06-04 15:06:43.805 [main] DefaultListableBeanFactory - Returning cached instance of singleton bean 'org.springframework.boot.autoconfigure.condition.BeanTypeRegistry'
[DEBUG] 2017-06-04 15:06:43.805 [main] DefaultListableBeanFactory - Returning cached instance of singleton bean 'org.springframework.boot.autoconfigure.condition.BeanTypeRegistry'
[DEBUG] 2017-06-04 15:06:43.806 [main] DefaultListableBeanFactory - Returning cached instance of singleton bean 'autoConfigurationReport'
[DEBUG] 2017-06-04 15:06:43.806 [main] ConfigurationClassBeanDefinitionReader - Registering bean definition for @Bean method org.springframework.boot.autoconfigure.web.JacksonHttpMessageConvertersConfiguration$MappingJackson2HttpMessageConverterConfiguration.mappingJackson2HttpMessageConverter()
[DEBUG] 2017-06-04 15:06:43.806 [main] ConfigurationClassBeanDefinitionReader - Registered bean definition for imported class 'org.springframework.boot.autoconfigure.web.JacksonHttpMessageConvertersConfiguration'
[DEBUG] 2017-06-04 15:06:43.807 [main] DefaultListableBeanFactory - Returning cached instance of singleton bean 'autoConfigurationReport'
[DEBUG] 2017-06-04 15:06:43.809 [main] DefaultListableBeanFactory - Returning cached instance of singleton bean 'org.springframework.boot.autoconfigure.condition.BeanTypeRegistry'
[DEBUG] 2017-06-04 15:06:43.810 [main] DefaultListableBeanFactory - Returning cached instance of singleton bean 'autoConfigurationReport'
[DEBUG] 2017-06-04 15:06:43.810 [main] ConfigurationClassBeanDefinitionReader - Registered bean definition for imported class 'org.springframework.boot.autoconfigure.web.GsonHttpMessageConvertersConfiguration'
[DEBUG] 2017-06-04 15:06:43.810 [main] ConfigurationClassBeanDefinitionReader - Registered bean definition for imported class 'org.springframework.boot.autoconfigure.web.HttpMessageConvertersAutoConfiguration'
[DEBUG] 2017-06-04 15:06:43.810 [main] DefaultListableBeanFactory - Returning cached instance of singleton bean 'org.springframework.boot.autoconfigure.condition.BeanTypeRegistry'
[DEBUG] 2017-06-04 15:06:43.810 [main] DefaultListableBeanFactory - Returning cached instance of singleton bean 'autoConfigurationReport'
[DEBUG] 2017-06-04 15:06:43.811 [main] ConfigurationClassBeanDefinitionReader - Registering bean definition for @Bean method org.springframework.boot.autoconfigure.web.HttpMessageConvertersAutoConfiguration.messageConverters()
[DEBUG] 2017-06-04 15:06:43.811 [main] DefaultListableBeanFactory - Returning cached instance of singleton bean 'autoConfigurationReport'
[DEBUG] 2017-06-04 15:06:43.811 [main] DefaultListableBeanFactory - Returning cached instance of singleton bean 'autoConfigurationReport'
[DEBUG] 2017-06-04 15:06:43.811 [main] DefaultListableBeanFactory - Returning cached instance of singleton bean 'org.springframework.boot.autoconfigure.condition.BeanTypeRegistry'
[DEBUG] 2017-06-04 15:06:43.811 [main] DefaultListableBeanFactory - Returning cached instance of singleton bean 'autoConfigurationReport'
[DEBUG] 2017-06-04 15:06:43.812 [main] ConfigurationClassBeanDefinitionReader - Registered bean definition for imported class 'org.springframework.boot.autoconfigure.hateoas.HypermediaAutoConfiguration$EntityLinksConfiguration'
[DEBUG] 2017-06-04 15:06:43.812 [main] DefaultListableBeanFactory - Returning cached instance of singleton bean 'org.springframework.boot.autoconfigure.condition.BeanTypeRegistry'
[DEBUG] 2017-06-04 15:06:43.813 [main] DefaultListableBeanFactory - Returning cached instance of singleton bean 'autoConfigurationReport'
[DEBUG] 2017-06-04 15:06:43.813 [main] ConfigurationClassBeanDefinitionReader - Registered bean definition for imported class 'org.springframework.hateoas.config.HateoasConfiguration'
[DEBUG] 2017-06-04 15:06:43.813 [main] ConfigurationClassBeanDefinitionReader - Registering bean definition for @Bean method org.springframework.hateoas.config.HateoasConfiguration.linkRelationMessageSource()
[DEBUG] 2017-06-04 15:06:43.813 [main] ConfigurationClassBeanDefinitionReader - Registered bean definition for imported class 'org.springframework.boot.autoconfigure.hateoas.HypermediaAutoConfiguration$HypermediaConfiguration'
[DEBUG] 2017-06-04 15:06:43.813 [main] ConfigurationClassBeanDefinitionReader - Registering bean definition for @Bean method org.springframework.boot.autoconfigure.hateoas.HypermediaAutoConfiguration$HypermediaConfiguration.halObjectMapperConfigurer()
[DEBUG] 2017-06-04 15:06:43.813 [main] DefaultListableBeanFactory - Overriding bean definition for bean 'entityLinksPluginRegistry' with an equivalent definition: replacing [Root bean: class [org.springframework.plugin.core.support.PluginRegistryFactoryBean]; scope=; abstract=false; lazyInit=false; autowireMode=0; dependencyCheck=0; autowireCandidate=true; primary=false; factoryBeanName=null; factoryMethodName=null; initMethodName=null; destroyMethodName=null] with [Root bean: class [org.springframework.plugin.core.support.PluginRegistryFactoryBean]; scope=; abstract=false; lazyInit=false; autowireMode=0; dependencyCheck=0; autowireCandidate=true; primary=false; factoryBeanName=null; factoryMethodName=null; initMethodName=null; destroyMethodName=null]
[DEBUG] 2017-06-04 15:06:43.813 [main] DefaultListableBeanFactory - Overriding bean definition for bean 'controllerEntityLinks' with an equivalent definition: replacing [Root bean: class [org.springframework.hateoas.core.ControllerEntityLinksFactoryBean]; scope=; abstract=false; lazyInit=false; autowireMode=0; dependencyCheck=0; autowireCandidate=true; primary=false; factoryBeanName=null; factoryMethodName=null; initMethodName=null; destroyMethodName=null] with [Root bean: class [org.springframework.hateoas.core.ControllerEntityLinksFactoryBean]; scope=; abstract=false; lazyInit=false; autowireMode=0; dependencyCheck=0; autowireCandidate=true; primary=false; factoryBeanName=null; factoryMethodName=null; initMethodName=null; destroyMethodName=null]
[DEBUG] 2017-06-04 15:06:43.813 [main] DefaultListableBeanFactory - Overriding bean definition for bean 'delegatingEntityLinks' with an equivalent definition: replacing [Root bean: class [org.springframework.hateoas.core.DelegatingEntityLinks]; scope=; abstract=false; lazyInit=false; autowireMode=0; dependencyCheck=0; autowireCandidate=true; primary=true; factoryBeanName=null; factoryMethodName=null; initMethodName=null; destroyMethodName=null] with [Root bean: class [org.springframework.hateoas.core.DelegatingEntityLinks]; scope=; abstract=false; lazyInit=false; autowireMode=0; dependencyCheck=0; autowireCandidate=true; primary=true; factoryBeanName=null; factoryMethodName=null; initMethodName=null; destroyMethodName=null]
[DEBUG] 2017-06-04 15:06:43.814 [main] ConfigurationClassBeanDefinitionReader - Registered bean definition for imported class 'org.springframework.boot.autoconfigure.hateoas.HypermediaHttpMessageConverterConfiguration'
[DEBUG] 2017-06-04 15:06:43.814 [main] DefaultListableBeanFactory - Returning cached instance of singleton bean 'autoConfigurationReport'
[DEBUG] 2017-06-04 15:06:43.814 [main] ConfigurationClassBeanDefinitionReader - Registering bean definition for @Bean method org.springframework.boot.autoconfigure.hateoas.HypermediaHttpMessageConverterConfiguration.halMessageConverterSupportedMediaTypeCustomizer()
[DEBUG] 2017-06-04 15:06:43.814 [main] ConfigurationClassBeanDefinitionReader - Registered bean definition for imported class 'org.springframework.boot.autoconfigure.hateoas.HypermediaAutoConfiguration'
[DEBUG] 2017-06-04 15:06:43.815 [main] DefaultListableBeanFactory - Returning cached instance of singleton bean 'autoConfigurationReport'
[DEBUG] 2017-06-04 15:06:43.815 [main] ConfigurationClassBeanDefinitionReader - Registered bean definition for imported class 'org.springframework.boot.test.autoconfigure.web.servlet.MockMvcAutoConfiguration'
[DEBUG] 2017-06-04 15:06:43.815 [main] DefaultListableBeanFactory - Returning cached instance of singleton bean 'org.springframework.boot.autoconfigure.condition.BeanTypeRegistry'
[DEBUG] 2017-06-04 15:06:43.816 [main] DefaultListableBeanFactory - Returning cached instance of singleton bean 'autoConfigurationReport'
[DEBUG] 2017-06-04 15:06:43.816 [main] ConfigurationClassBeanDefinitionReader - Registering bean definition for @Bean method org.springframework.boot.test.autoconfigure.web.servlet.MockMvcAutoConfiguration.mockMvcBuilder()
[DEBUG] 2017-06-04 15:06:43.816 [main] ConfigurationClassBeanDefinitionReader - Registering bean definition for @Bean method org.springframework.boot.test.autoconfigure.web.servlet.MockMvcAutoConfiguration.springBootMockMvcBuilderCustomizer()
[DEBUG] 2017-06-04 15:06:43.817 [main] DefaultListableBeanFactory - Returning cached instance of singleton bean 'org.springframework.boot.autoconfigure.condition.BeanTypeRegistry'
[DEBUG] 2017-06-04 15:06:43.817 [main] DefaultListableBeanFactory - Returning cached instance of singleton bean 'autoConfigurationReport'
[DEBUG] 2017-06-04 15:06:43.817 [main] ConfigurationClassBeanDefinitionReader - Registering bean definition for @Bean method org.springframework.boot.test.autoconfigure.web.servlet.MockMvcAutoConfiguration.mockMvc()
[DEBUG] 2017-06-04 15:06:43.818 [main] PropertySourcesPropertyResolver - Found key 'spring.test.mockmvc.secure' in [Annotations] with type [Boolean]
[DEBUG] 2017-06-04 15:06:43.818 [main] DefaultListableBeanFactory - Returning cached instance of singleton bean 'autoConfigurationReport'
[DEBUG] 2017-06-04 15:06:43.818 [main] DefaultListableBeanFactory - Returning cached instance of singleton bean 'autoConfigurationReport'
[DEBUG] 2017-06-04 15:06:43.818 [main] ConfigurationClassBeanDefinitionReader - Registered bean definition for imported class 'org.springframework.boot.autoconfigure.web.ServerPropertiesAutoConfiguration'
[DEBUG] 2017-06-04 15:06:43.819 [main] DefaultListableBeanFactory - Returning cached instance of singleton bean 'org.springframework.boot.autoconfigure.condition.BeanTypeRegistry'
[DEBUG] 2017-06-04 15:06:43.819 [main] DefaultListableBeanFactory - Returning cached instance of singleton bean 'autoConfigurationReport'
[DEBUG] 2017-06-04 15:06:43.819 [main] ConfigurationClassBeanDefinitionReader - Registering bean definition for @Bean method org.springframework.boot.autoconfigure.web.ServerPropertiesAutoConfiguration.serverProperties()
[DEBUG] 2017-06-04 15:06:43.819 [main] ConfigurationClassBeanDefinitionReader - Registering bean definition for @Bean method org.springframework.boot.autoconfigure.web.ServerPropertiesAutoConfiguration.duplicateServerPropertiesDetector()
[DEBUG] 2017-06-04 15:06:43.819 [main] ConfigurationClassBeanDefinitionReader - Registered bean definition for imported class 'org.springframework.boot.test.autoconfigure.web.servlet.MockMvcSecurityAutoConfiguration'
[DEBUG] 2017-06-04 15:06:43.824 [main] DefaultListableBeanFactory - Creating shared instance of singleton bean 'org.springframework.boot.test.context.ImportsContextCustomizer$ImportsCleanupPostProcessor'
[DEBUG] 2017-06-04 15:06:43.824 [main] DefaultListableBeanFactory - Creating instance of bean 'org.springframework.boot.test.context.ImportsContextCustomizer$ImportsCleanupPostProcessor'
[DEBUG] 2017-06-04 15:06:43.825 [main] DefaultListableBeanFactory - Eagerly caching bean 'org.springframework.boot.test.context.ImportsContextCustomizer$ImportsCleanupPostProcessor' to allow for resolving potential circular references
[DEBUG] 2017-06-04 15:06:43.825 [main] DefaultListableBeanFactory - Finished creating instance of bean 'org.springframework.boot.test.context.ImportsContextCustomizer$ImportsCleanupPostProcessor'
[DEBUG] 2017-06-04 15:06:43.826 [main] ConfigurationClassEnhancer - Successfully enhanced com.stackroute.ng2boot.Ng2bootApplication; enhanced class name is: com.stackroute.ng2boot.Ng2bootApplication$$EnhancerBySpringCGLIB$$2d67f579
[DEBUG] 2017-06-04 15:06:43.826 [main] ConfigurationClassPostProcessor - Replacing bean definition 'ng2bootApplication' existing class 'com.stackroute.ng2boot.Ng2bootApplication' with enhanced class 'com.stackroute.ng2boot.Ng2bootApplication$$EnhancerBySpringCGLIB$$2d67f579'
[DEBUG] 2017-06-04 15:06:43.826 [main] ConfigurationClassEnhancer - Successfully enhanced org.springframework.boot.autoconfigure.web.WebMvcAutoConfiguration$EnableWebMvcConfiguration; enhanced class name is: org.springframework.boot.autoconfigure.web.WebMvcAutoConfiguration$EnableWebMvcConfiguration$$EnhancerBySpringCGLIB$$3221c155
[DEBUG] 2017-06-04 15:06:43.826 [main] ConfigurationClassPostProcessor - Replacing bean definition 'org.springframework.boot.autoconfigure.web.WebMvcAutoConfiguration$EnableWebMvcConfiguration' existing class 'org.springframework.boot.autoconfigure.web.WebMvcAutoConfiguration$EnableWebMvcConfiguration' with enhanced class 'org.springframework.boot.autoconfigure.web.WebMvcAutoConfiguration$EnableWebMvcConfiguration$$EnhancerBySpringCGLIB$$3221c155'
[DEBUG] 2017-06-04 15:06:43.826 [main] ConfigurationClassEnhancer - Successfully enhanced org.springframework.boot.autoconfigure.web.WebMvcAutoConfiguration$WebMvcAutoConfigurationAdapter$FaviconConfiguration; enhanced class name is: org.springframework.boot.autoconfigure.web.WebMvcAutoConfiguration$WebMvcAutoConfigurationAdapter$FaviconConfiguration$$EnhancerBySpringCGLIB$$13114b40
[DEBUG] 2017-06-04 15:06:43.826 [main] ConfigurationClassPostProcessor - Replacing bean definition 'org.springframework.boot.autoconfigure.web.WebMvcAutoConfiguration$WebMvcAutoConfigurationAdapter$FaviconConfiguration' existing class 'org.springframework.boot.autoconfigure.web.WebMvcAutoConfiguration$WebMvcAutoConfigurationAdapter$FaviconConfiguration' with enhanced class 'org.springframework.boot.autoconfigure.web.WebMvcAutoConfiguration$WebMvcAutoConfigurationAdapter$FaviconConfiguration$$EnhancerBySpringCGLIB$$13114b40'
[DEBUG] 2017-06-04 15:06:43.826 [main] ConfigurationClassEnhancer - Successfully enhanced org.springframework.boot.autoconfigure.web.WebMvcAutoConfiguration$WebMvcAutoConfigurationAdapter; enhanced class name is: org.springframework.boot.autoconfigure.web.WebMvcAutoConfiguration$WebMvcAutoConfigurationAdapter$$EnhancerBySpringCGLIB$$c5f776c8
[DEBUG] 2017-06-04 15:06:43.826 [main] ConfigurationClassPostProcessor - Replacing bean definition 'org.springframework.boot.autoconfigure.web.WebMvcAutoConfiguration$WebMvcAutoConfigurationAdapter' existing class 'org.springframework.boot.autoconfigure.web.WebMvcAutoConfiguration$WebMvcAutoConfigurationAdapter' with enhanced class 'org.springframework.boot.autoconfigure.web.WebMvcAutoConfiguration$WebMvcAutoConfigurationAdapter$$EnhancerBySpringCGLIB$$c5f776c8'
[DEBUG] 2017-06-04 15:06:43.826 [main] ConfigurationClassEnhancer - Successfully enhanced org.springframework.boot.autoconfigure.web.WebMvcAutoConfiguration$WebMvcAutoConfigurationAdapter; enhanced class name is: org.springframework.boot.autoconfigure.web.WebMvcAutoConfiguration$WebMvcAutoConfigurationAdapter$$EnhancerBySpringCGLIB$$c5f776c8
[DEBUG] 2017-06-04 15:06:43.826 [main] ConfigurationClassPostProcessor - Replacing bean definition 'requestContextFilter' existing class 'org.springframework.boot.autoconfigure.web.WebMvcAutoConfiguration$WebMvcAutoConfigurationAdapter' with enhanced class 'org.springframework.boot.autoconfigure.web.WebMvcAutoConfiguration$WebMvcAutoConfigurationAdapter$$EnhancerBySpringCGLIB$$c5f776c8'
[DEBUG] 2017-06-04 15:06:43.826 [main] ConfigurationClassEnhancer - Successfully enhanced org.springframework.boot.autoconfigure.web.WebMvcAutoConfiguration; enhanced class name is: org.springframework.boot.autoconfigure.web.WebMvcAutoConfiguration$$EnhancerBySpringCGLIB$$4a31088c
[DEBUG] 2017-06-04 15:06:43.827 [main] ConfigurationClassPostProcessor - Replacing bean definition 'org.springframework.boot.autoconfigure.web.WebMvcAutoConfiguration' existing class 'org.springframework.boot.autoconfigure.web.WebMvcAutoConfiguration' with enhanced class 'org.springframework.boot.autoconfigure.web.WebMvcAutoConfiguration$$EnhancerBySpringCGLIB$$4a31088c'
[DEBUG] 2017-06-04 15:06:43.827 [main] ConfigurationClassEnhancer - Successfully enhanced org.springframework.boot.autoconfigure.gson.GsonAutoConfiguration; enhanced class name is: org.springframework.boot.autoconfigure.gson.GsonAutoConfiguration$$EnhancerBySpringCGLIB$$19af32d6
[DEBUG] 2017-06-04 15:06:43.827 [main] ConfigurationClassPostProcessor - Replacing bean definition 'org.springframework.boot.autoconfigure.gson.GsonAutoConfiguration' existing class 'org.springframework.boot.autoconfigure.gson.GsonAutoConfiguration' with enhanced class 'org.springframework.boot.autoconfigure.gson.GsonAutoConfiguration$$EnhancerBySpringCGLIB$$19af32d6'
[DEBUG] 2017-06-04 15:06:43.827 [main] ConfigurationClassEnhancer - Successfully enhanced org.springframework.boot.autoconfigure.jackson.JacksonAutoConfiguration$Jackson2ObjectMapperBuilderCustomizerConfiguration; enhanced class name is: org.springframework.boot.autoconfigure.jackson.JacksonAutoConfiguration$Jackson2ObjectMapperBuilderCustomizerConfiguration$$EnhancerBySpringCGLIB$$a3eb46e5
[DEBUG] 2017-06-04 15:06:43.827 [main] ConfigurationClassPostProcessor - Replacing bean definition 'org.springframework.boot.autoconfigure.jackson.JacksonAutoConfiguration$Jackson2ObjectMapperBuilderCustomizerConfiguration' existing class 'org.springframework.boot.autoconfigure.jackson.JacksonAutoConfiguration$Jackson2ObjectMapperBuilderCustomizerConfiguration' with enhanced class 'org.springframework.boot.autoconfigure.jackson.JacksonAutoConfiguration$Jackson2ObjectMapperBuilderCustomizerConfiguration$$EnhancerBySpringCGLIB$$a3eb46e5'
[DEBUG] 2017-06-04 15:06:43.827 [main] ConfigurationClassEnhancer - Successfully enhanced org.springframework.boot.autoconfigure.jackson.JacksonAutoConfiguration$JacksonObjectMapperBuilderConfiguration; enhanced class name is: org.springframework.boot.autoconfigure.jackson.JacksonAutoConfiguration$JacksonObjectMapperBuilderConfiguration$$EnhancerBySpringCGLIB$$e8d460f6
[DEBUG] 2017-06-04 15:06:43.827 [main] ConfigurationClassPostProcessor - Replacing bean definition 'org.springframework.boot.autoconfigure.jackson.JacksonAutoConfiguration$JacksonObjectMapperBuilderConfiguration' existing class 'org.springframework.boot.autoconfigure.jackson.JacksonAutoConfiguration$JacksonObjectMapperBuilderConfiguration' with enhanced class 'org.springframework.boot.autoconfigure.jackson.JacksonAutoConfiguration$JacksonObjectMapperBuilderConfiguration$$EnhancerBySpringCGLIB$$e8d460f6'
[DEBUG] 2017-06-04 15:06:43.827 [main] ConfigurationClassEnhancer - Successfully enhanced org.springframework.boot.autoconfigure.jackson.JacksonAutoConfiguration$JacksonObjectMapperConfiguration; enhanced class name is: org.springframework.boot.autoconfigure.jackson.JacksonAutoConfiguration$JacksonObjectMapperConfiguration$$EnhancerBySpringCGLIB$$36879edd
[DEBUG] 2017-06-04 15:06:43.827 [main] ConfigurationClassPostProcessor - Replacing bean definition 'org.springframework.boot.autoconfigure.jackson.JacksonAutoConfiguration$JacksonObjectMapperConfiguration' existing class 'org.springframework.boot.autoconfigure.jackson.JacksonAutoConfiguration$JacksonObjectMapperConfiguration' with enhanced class 'org.springframework.boot.autoconfigure.jackson.JacksonAutoConfiguration$JacksonObjectMapperConfiguration$$EnhancerBySpringCGLIB$$36879edd'
[DEBUG] 2017-06-04 15:06:43.827 [main] ConfigurationClassEnhancer - Successfully enhanced org.springframework.boot.autoconfigure.jackson.JacksonAutoConfiguration; enhanced class name is: org.springframework.boot.autoconfigure.jackson.JacksonAutoConfiguration$$EnhancerBySpringCGLIB$$18933c6c
[DEBUG] 2017-06-04 15:06:43.827 [main] ConfigurationClassPostProcessor - Replacing bean definition 'org.springframework.boot.autoconfigure.jackson.JacksonAutoConfiguration' existing class 'org.springframework.boot.autoconfigure.jackson.JacksonAutoConfiguration' with enhanced class 'org.springframework.boot.autoconfigure.jackson.JacksonAutoConfiguration$$EnhancerBySpringCGLIB$$18933c6c'
[DEBUG] 2017-06-04 15:06:43.827 [main] ConfigurationClassEnhancer - Successfully enhanced org.springframework.boot.autoconfigure.web.HttpMessageConvertersAutoConfiguration$StringHttpMessageConverterConfiguration; enhanced class name is: org.springframework.boot.autoconfigure.web.HttpMessageConvertersAutoConfiguration$StringHttpMessageConverterConfiguration$$EnhancerBySpringCGLIB$$2822484c
[DEBUG] 2017-06-04 15:06:43.827 [main] ConfigurationClassPostProcessor - Replacing bean definition 'org.springframework.boot.autoconfigure.web.HttpMessageConvertersAutoConfiguration$StringHttpMessageConverterConfiguration' existing class 'org.springframework.boot.autoconfigure.web.HttpMessageConvertersAutoConfiguration$StringHttpMessageConverterConfiguration' with enhanced class 'org.springframework.boot.autoconfigure.web.HttpMessageConvertersAutoConfiguration$StringHttpMessageConverterConfiguration$$EnhancerBySpringCGLIB$$2822484c'
[DEBUG] 2017-06-04 15:06:43.827 [main] ConfigurationClassEnhancer - Successfully enhanced org.springframework.boot.autoconfigure.web.JacksonHttpMessageConvertersConfiguration$MappingJackson2HttpMessageConverterConfiguration; enhanced class name is: org.springframework.boot.autoconfigure.web.JacksonHttpMessageConvertersConfiguration$MappingJackson2HttpMessageConverterConfiguration$$EnhancerBySpringCGLIB$$b630724c
[DEBUG] 2017-06-04 15:06:43.827 [main] ConfigurationClassPostProcessor - Replacing bean definition 'org.springframework.boot.autoconfigure.web.JacksonHttpMessageConvertersConfiguration$MappingJackson2HttpMessageConverterConfiguration' existing class 'org.springframework.boot.autoconfigure.web.JacksonHttpMessageConvertersConfiguration$MappingJackson2HttpMessageConverterConfiguration' with enhanced class 'org.springframework.boot.autoconfigure.web.JacksonHttpMessageConvertersConfiguration$MappingJackson2HttpMessageConverterConfiguration$$EnhancerBySpringCGLIB$$b630724c'
[DEBUG] 2017-06-04 15:06:43.828 [main] ConfigurationClassEnhancer - Successfully enhanced org.springframework.boot.autoconfigure.web.JacksonHttpMessageConvertersConfiguration; enhanced class name is: org.springframework.boot.autoconfigure.web.JacksonHttpMessageConvertersConfiguration$$EnhancerBySpringCGLIB$$491e0ac2
[DEBUG] 2017-06-04 15:06:43.828 [main] ConfigurationClassPostProcessor - Replacing bean definition 'org.springframework.boot.autoconfigure.web.JacksonHttpMessageConvertersConfiguration' existing class 'org.springframework.boot.autoconfigure.web.JacksonHttpMessageConvertersConfiguration' with enhanced class 'org.springframework.boot.autoconfigure.web.JacksonHttpMessageConvertersConfiguration$$EnhancerBySpringCGLIB$$491e0ac2'
[DEBUG] 2017-06-04 15:06:43.828 [main] ConfigurationClassEnhancer - Successfully enhanced org.springframework.boot.autoconfigure.web.GsonHttpMessageConvertersConfiguration; enhanced class name is: org.springframework.boot.autoconfigure.web.GsonHttpMessageConvertersConfiguration$$EnhancerBySpringCGLIB$$b6298886
[DEBUG] 2017-06-04 15:06:43.828 [main] ConfigurationClassPostProcessor - Replacing bean definition 'org.springframework.boot.autoconfigure.web.GsonHttpMessageConvertersConfiguration' existing class 'org.springframework.boot.autoconfigure.web.GsonHttpMessageConvertersConfiguration' with enhanced class 'org.springframework.boot.autoconfigure.web.GsonHttpMessageConvertersConfiguration$$EnhancerBySpringCGLIB$$b6298886'
[DEBUG] 2017-06-04 15:06:43.828 [main] ConfigurationClassEnhancer - Successfully enhanced org.springframework.boot.autoconfigure.web.HttpMessageConvertersAutoConfiguration; enhanced class name is: org.springframework.boot.autoconfigure.web.HttpMessageConvertersAutoConfiguration$$EnhancerBySpringCGLIB$$6bac3dac
[DEBUG] 2017-06-04 15:06:43.828 [main] ConfigurationClassPostProcessor - Replacing bean definition 'org.springframework.boot.autoconfigure.web.HttpMessageConvertersAutoConfiguration' existing class 'org.springframework.boot.autoconfigure.web.HttpMessageConvertersAutoConfiguration' with enhanced class 'org.springframework.boot.autoconfigure.web.HttpMessageConvertersAutoConfiguration$$EnhancerBySpringCGLIB$$6bac3dac'
[DEBUG] 2017-06-04 15:06:43.828 [main] ConfigurationClassEnhancer - Successfully enhanced org.springframework.boot.autoconfigure.hateoas.HypermediaAutoConfiguration$EntityLinksConfiguration; enhanced class name is: org.springframework.boot.autoconfigure.hateoas.HypermediaAutoConfiguration$EntityLinksConfiguration$$EnhancerBySpringCGLIB$$a4aa7529
[DEBUG] 2017-06-04 15:06:43.828 [main] ConfigurationClassPostProcessor - Replacing bean definition 'org.springframework.boot.autoconfigure.hateoas.HypermediaAutoConfiguration$EntityLinksConfiguration' existing class 'org.springframework.boot.autoconfigure.hateoas.HypermediaAutoConfiguration$EntityLinksConfiguration' with enhanced class 'org.springframework.boot.autoconfigure.hateoas.HypermediaAutoConfiguration$EntityLinksConfiguration$$EnhancerBySpringCGLIB$$a4aa7529'
[DEBUG] 2017-06-04 15:06:43.828 [main] ConfigurationClassEnhancer - Successfully enhanced org.springframework.hateoas.config.HateoasConfiguration; enhanced class name is: org.springframework.hateoas.config.HateoasConfiguration$$EnhancerBySpringCGLIB$$5a746c7e
[DEBUG] 2017-06-04 15:06:43.828 [main] ConfigurationClassPostProcessor - Replacing bean definition 'org.springframework.hateoas.config.HateoasConfiguration' existing class 'org.springframework.hateoas.config.HateoasConfiguration' with enhanced class 'org.springframework.hateoas.config.HateoasConfiguration$$EnhancerBySpringCGLIB$$5a746c7e'
[DEBUG] 2017-06-04 15:06:43.828 [main] ConfigurationClassEnhancer - Successfully enhanced org.springframework.boot.autoconfigure.hateoas.HypermediaAutoConfiguration$HypermediaConfiguration; enhanced class name is: org.springframework.boot.autoconfigure.hateoas.HypermediaAutoConfiguration$HypermediaConfiguration$$EnhancerBySpringCGLIB$$7982c8d7
[DEBUG] 2017-06-04 15:06:43.828 [main] ConfigurationClassPostProcessor - Replacing bean definition 'org.springframework.boot.autoconfigure.hateoas.HypermediaAutoConfiguration$HypermediaConfiguration' existing class 'org.springframework.boot.autoconfigure.hateoas.HypermediaAutoConfiguration$HypermediaConfiguration' with enhanced class 'org.springframework.boot.autoconfigure.hateoas.HypermediaAutoConfiguration$HypermediaConfiguration$$EnhancerBySpringCGLIB$$7982c8d7'
[DEBUG] 2017-06-04 15:06:43.828 [main] ConfigurationClassEnhancer - Successfully enhanced org.springframework.boot.autoconfigure.hateoas.HypermediaAutoConfiguration$HypermediaConfiguration; enhanced class name is: org.springframework.boot.autoconfigure.hateoas.HypermediaAutoConfiguration$HypermediaConfiguration$$EnhancerBySpringCGLIB$$7982c8d7
[DEBUG] 2017-06-04 15:06:43.828 [main] ConfigurationClassPostProcessor - Replacing bean definition 'halObjectMapperConfigurer' existing class 'org.springframework.boot.autoconfigure.hateoas.HypermediaAutoConfiguration$HypermediaConfiguration' with enhanced class 'org.springframework.boot.autoconfigure.hateoas.HypermediaAutoConfiguration$HypermediaConfiguration$$EnhancerBySpringCGLIB$$7982c8d7'
[DEBUG] 2017-06-04 15:06:43.828 [main] ConfigurationClassEnhancer - Successfully enhanced org.springframework.boot.autoconfigure.hateoas.HypermediaAutoConfiguration; enhanced class name is: org.springframework.boot.autoconfigure.hateoas.HypermediaAutoConfiguration$$EnhancerBySpringCGLIB$$f6fa897d
[DEBUG] 2017-06-04 15:06:43.828 [main] ConfigurationClassPostProcessor - Replacing bean definition 'org.springframework.boot.autoconfigure.hateoas.HypermediaAutoConfiguration' existing class 'org.springframework.boot.autoconfigure.hateoas.HypermediaAutoConfiguration' with enhanced class 'org.springframework.boot.autoconfigure.hateoas.HypermediaAutoConfiguration$$EnhancerBySpringCGLIB$$f6fa897d'
[DEBUG] 2017-06-04 15:06:43.828 [main] ConfigurationClassEnhancer - Successfully enhanced org.springframework.boot.test.autoconfigure.web.servlet.MockMvcAutoConfiguration; enhanced class name is: org.springframework.boot.test.autoconfigure.web.servlet.MockMvcAutoConfiguration$$EnhancerBySpringCGLIB$$9956da89
[DEBUG] 2017-06-04 15:06:43.828 [main] ConfigurationClassPostProcessor - Replacing bean definition 'org.springframework.boot.test.autoconfigure.web.servlet.MockMvcAutoConfiguration' existing class 'org.springframework.boot.test.autoconfigure.web.servlet.MockMvcAutoConfiguration' with enhanced class 'org.springframework.boot.test.autoconfigure.web.servlet.MockMvcAutoConfiguration$$EnhancerBySpringCGLIB$$9956da89'
[DEBUG] 2017-06-04 15:06:43.828 [main] ConfigurationClassEnhancer - Successfully enhanced org.springframework.boot.autoconfigure.web.ServerPropertiesAutoConfiguration; enhanced class name is: org.springframework.boot.autoconfigure.web.ServerPropertiesAutoConfiguration$$EnhancerBySpringCGLIB$$91499b1c
[DEBUG] 2017-06-04 15:06:43.828 [main] ConfigurationClassPostProcessor - Replacing bean definition 'org.springframework.boot.autoconfigure.web.ServerPropertiesAutoConfiguration' existing class 'org.springframework.boot.autoconfigure.web.ServerPropertiesAutoConfiguration' with enhanced class 'org.springframework.boot.autoconfigure.web.ServerPropertiesAutoConfiguration$$EnhancerBySpringCGLIB$$91499b1c'
[DEBUG] 2017-06-04 15:06:43.828 [main] ConfigurationClassEnhancer - Successfully enhanced org.springframework.boot.test.autoconfigure.web.servlet.MockMvcSecurityAutoConfiguration; enhanced class name is: org.springframework.boot.test.autoconfigure.web.servlet.MockMvcSecurityAutoConfiguration$$EnhancerBySpringCGLIB$$af84fe29
[DEBUG] 2017-06-04 15:06:43.828 [main] ConfigurationClassPostProcessor - Replacing bean definition 'org.springframework.boot.test.autoconfigure.web.servlet.MockMvcSecurityAutoConfiguration' existing class 'org.springframework.boot.test.autoconfigure.web.servlet.MockMvcSecurityAutoConfiguration' with enhanced class 'org.springframework.boot.test.autoconfigure.web.servlet.MockMvcSecurityAutoConfiguration$$EnhancerBySpringCGLIB$$af84fe29'
[DEBUG] 2017-06-04 15:06:43.829 [main] StandardEnvironment - Adding [applicationConfig: [classpath:/application.properties]] PropertySource with search precedence immediately lower than [applicationConfigurationProperties]
[DEBUG] 2017-06-04 15:06:43.829 [main] StandardEnvironment - Removing [applicationConfigurationProperties] PropertySource
[DEBUG] 2017-06-04 15:06:43.829 [main] StandardEnvironment - Removing [defaultProperties] PropertySource
[DEBUG] 2017-06-04 15:06:43.829 [main] DefaultListableBeanFactory - Creating shared instance of singleton bean 'org.springframework.boot.test.mock.mockito.MockitoPostProcessor'
[DEBUG] 2017-06-04 15:06:43.829 [main] DefaultListableBeanFactory - Creating instance of bean 'org.springframework.boot.test.mock.mockito.MockitoPostProcessor'
[DEBUG] 2017-06-04 15:06:43.830 [main] DefaultListableBeanFactory - Eagerly caching bean 'org.springframework.boot.test.mock.mockito.MockitoPostProcessor' to allow for resolving potential circular references
[DEBUG] 2017-06-04 15:06:43.831 [main] DefaultListableBeanFactory - Finished creating instance of bean 'org.springframework.boot.test.mock.mockito.MockitoPostProcessor'
[DEBUG] 2017-06-04 15:06:43.840 [main] DefaultListableBeanFactory - Creating shared instance of singleton bean 'org.springframework.boot.context.properties.ConfigurationPropertiesBindingPostProcessor.store'
[DEBUG] 2017-06-04 15:06:43.840 [main] DefaultListableBeanFactory - Creating instance of bean 'org.springframework.boot.context.properties.ConfigurationPropertiesBindingPostProcessor.store'
[DEBUG] 2017-06-04 15:06:43.840 [main] DefaultListableBeanFactory - Eagerly caching bean 'org.springframework.boot.context.properties.ConfigurationPropertiesBindingPostProcessor.store' to allow for resolving potential circular references
[DEBUG] 2017-06-04 15:06:43.840 [main] DefaultListableBeanFactory - Finished creating instance of bean 'org.springframework.boot.context.properties.ConfigurationPropertiesBindingPostProcessor.store'
[DEBUG] 2017-06-04 15:06:43.849 [main] DefaultListableBeanFactory - Creating shared instance of singleton bean 'org.springframework.context.annotation.internalAutowiredAnnotationProcessor'
[DEBUG] 2017-06-04 15:06:43.849 [main] DefaultListableBeanFactory - Creating instance of bean 'org.springframework.context.annotation.internalAutowiredAnnotationProcessor'
[DEBUG] 2017-06-04 15:06:43.850 [main] DefaultListableBeanFactory - Eagerly caching bean 'org.springframework.context.annotation.internalAutowiredAnnotationProcessor' to allow for resolving potential circular references
[DEBUG] 2017-06-04 15:06:43.850 [main] DefaultListableBeanFactory - Finished creating instance of bean 'org.springframework.context.annotation.internalAutowiredAnnotationProcessor'
[DEBUG] 2017-06-04 15:06:43.850 [main] DefaultListableBeanFactory - Creating shared instance of singleton bean 'org.springframework.context.annotation.internalRequiredAnnotationProcessor'
[DEBUG] 2017-06-04 15:06:43.850 [main] DefaultListableBeanFactory - Creating instance of bean 'org.springframework.context.annotation.internalRequiredAnnotationProcessor'
[DEBUG] 2017-06-04 15:06:43.850 [main] DefaultListableBeanFactory - Eagerly caching bean 'org.springframework.context.annotation.internalRequiredAnnotationProcessor' to allow for resolving potential circular references
[DEBUG] 2017-06-04 15:06:43.850 [main] DefaultListableBeanFactory - Finished creating instance of bean 'org.springframework.context.annotation.internalRequiredAnnotationProcessor'
[DEBUG] 2017-06-04 15:06:43.850 [main] DefaultListableBeanFactory - Creating shared instance of singleton bean 'org.springframework.context.annotation.internalCommonAnnotationProcessor'
[DEBUG] 2017-06-04 15:06:43.850 [main] DefaultListableBeanFactory - Creating instance of bean 'org.springframework.context.annotation.internalCommonAnnotationProcessor'
[DEBUG] 2017-06-04 15:06:43.851 [main] DefaultListableBeanFactory - Eagerly caching bean 'org.springframework.context.annotation.internalCommonAnnotationProcessor' to allow for resolving potential circular references
[DEBUG] 2017-06-04 15:06:43.851 [main] DefaultListableBeanFactory - Finished creating instance of bean 'org.springframework.context.annotation.internalCommonAnnotationProcessor'
[DEBUG] 2017-06-04 15:06:43.851 [main] DefaultListableBeanFactory - Creating shared instance of singleton bean 'org.springframework.boot.test.mock.mockito.MockitoPostProcessor$SpyPostProcessor'
[DEBUG] 2017-06-04 15:06:43.851 [main] DefaultListableBeanFactory - Creating instance of bean 'org.springframework.boot.test.mock.mockito.MockitoPostProcessor$SpyPostProcessor'
[DEBUG] 2017-06-04 15:06:43.851 [main] DefaultListableBeanFactory - Returning cached instance of singleton bean 'org.springframework.boot.test.mock.mockito.MockitoPostProcessor'
[DEBUG] 2017-06-04 15:06:43.852 [main] DefaultListableBeanFactory - Eagerly caching bean 'org.springframework.boot.test.mock.mockito.MockitoPostProcessor$SpyPostProcessor' to allow for resolving potential circular references
[DEBUG] 2017-06-04 15:06:43.852 [main] DefaultListableBeanFactory - Finished creating instance of bean 'org.springframework.boot.test.mock.mockito.MockitoPostProcessor$SpyPostProcessor'
[DEBUG] 2017-06-04 15:06:43.852 [main] DefaultListableBeanFactory - Creating shared instance of singleton bean 'org.springframework.context.annotation.ConfigurationClassPostProcessor.importAwareProcessor'
[DEBUG] 2017-06-04 15:06:43.852 [main] DefaultListableBeanFactory - Creating instance of bean 'org.springframework.context.annotation.ConfigurationClassPostProcessor.importAwareProcessor'
[DEBUG] 2017-06-04 15:06:43.857 [main] DefaultListableBeanFactory - Eagerly caching bean 'org.springframework.context.annotation.ConfigurationClassPostProcessor.importAwareProcessor' to allow for resolving potential circular references
[DEBUG] 2017-06-04 15:06:43.857 [main] DefaultListableBeanFactory - Finished creating instance of bean 'org.springframework.context.annotation.ConfigurationClassPostProcessor.importAwareProcessor'
[DEBUG] 2017-06-04 15:06:43.857 [main] DefaultListableBeanFactory - Creating shared instance of singleton bean 'org.springframework.context.annotation.ConfigurationClassPostProcessor.enhancedConfigurationProcessor'
[DEBUG] 2017-06-04 15:06:43.857 [main] DefaultListableBeanFactory - Creating instance of bean 'org.springframework.context.annotation.ConfigurationClassPostProcessor.enhancedConfigurationProcessor'
[DEBUG] 2017-06-04 15:06:43.857 [main] DefaultListableBeanFactory - Eagerly caching bean 'org.springframework.context.annotation.ConfigurationClassPostProcessor.enhancedConfigurationProcessor' to allow for resolving potential circular references
[DEBUG] 2017-06-04 15:06:43.858 [main] DefaultListableBeanFactory - Finished creating instance of bean 'org.springframework.context.annotation.ConfigurationClassPostProcessor.enhancedConfigurationProcessor'
[DEBUG] 2017-06-04 15:06:43.858 [main] DefaultListableBeanFactory - Creating shared instance of singleton bean 'org.springframework.data.repository.core.support.RepositoryFactoryBeanSupport_Predictor'
[DEBUG] 2017-06-04 15:06:43.858 [main] DefaultListableBeanFactory - Creating instance of bean 'org.springframework.data.repository.core.support.RepositoryFactoryBeanSupport_Predictor'
[DEBUG] 2017-06-04 15:06:43.859 [main] DefaultListableBeanFactory - Eagerly caching bean 'org.springframework.data.repository.core.support.RepositoryFactoryBeanSupport_Predictor' to allow for resolving potential circular references
[DEBUG] 2017-06-04 15:06:43.859 [main] DefaultListableBeanFactory - Finished creating instance of bean 'org.springframework.data.repository.core.support.RepositoryFactoryBeanSupport_Predictor'
[DEBUG] 2017-06-04 15:06:43.860 [main] DefaultListableBeanFactory - Creating shared instance of singleton bean 'org.springframework.boot.context.properties.ConfigurationPropertiesBindingPostProcessor'
[DEBUG] 2017-06-04 15:06:43.860 [main] DefaultListableBeanFactory - Creating instance of bean 'org.springframework.boot.context.properties.ConfigurationPropertiesBindingPostProcessor'
[DEBUG] 2017-06-04 15:06:43.860 [main] StandardEnvironment - Adding [systemProperties] PropertySource with lowest search precedence
[DEBUG] 2017-06-04 15:06:43.861 [main] StandardEnvironment - Adding [systemEnvironment] PropertySource with lowest search precedence
[DEBUG] 2017-06-04 15:06:43.861 [main] StandardEnvironment - Initialized StandardEnvironment with PropertySources [systemProperties,systemEnvironment]
[DEBUG] 2017-06-04 15:06:43.861 [main] DefaultListableBeanFactory - Eagerly caching bean 'org.springframework.boot.context.properties.ConfigurationPropertiesBindingPostProcessor' to allow for resolving potential circular references
[DEBUG] 2017-06-04 15:06:43.861 [main] DefaultListableBeanFactory - Returning cached instance of singleton bean 'org.springframework.boot.context.properties.ConfigurationPropertiesBindingPostProcessor.store'
[DEBUG] 2017-06-04 15:06:43.869 [main] DefaultListableBeanFactory - Invoking afterPropertiesSet() on bean with name 'org.springframework.boot.context.properties.ConfigurationPropertiesBindingPostProcessor'
[DEBUG] 2017-06-04 15:06:43.870 [main] DefaultListableBeanFactory - Finished creating instance of bean 'org.springframework.boot.context.properties.ConfigurationPropertiesBindingPostProcessor'
[DEBUG] 2017-06-04 15:06:43.870 [main] DefaultListableBeanFactory - Returning cached instance of singleton bean 'org.springframework.boot.test.mock.mockito.MockitoPostProcessor'
[DEBUG] 2017-06-04 15:06:43.870 [main] DefaultListableBeanFactory - Creating shared instance of singleton bean 'halObjectMapperConfigurer'
[DEBUG] 2017-06-04 15:06:43.870 [main] DefaultListableBeanFactory - Creating instance of bean 'halObjectMapperConfigurer'
[DEBUG] 2017-06-04 15:06:43.871 [main] DefaultListableBeanFactory - Eagerly caching bean 'halObjectMapperConfigurer' to allow for resolving potential circular references
[DEBUG] 2017-06-04 15:06:43.874 [main] DefaultListableBeanFactory - Finished creating instance of bean 'halObjectMapperConfigurer'
[DEBUG] 2017-06-04 15:06:43.874 [main] DefaultListableBeanFactory - Creating shared instance of singleton bean 'org.springframework.hateoas.config.HypermediaSupportBeanDefinitionRegistrar$DefaultObjectMapperCustomizer#0'
[DEBUG] 2017-06-04 15:06:43.874 [main] DefaultListableBeanFactory - Creating instance of bean 'org.springframework.hateoas.config.HypermediaSupportBeanDefinitionRegistrar$DefaultObjectMapperCustomizer#0'
[DEBUG] 2017-06-04 15:06:43.874 [main] DefaultListableBeanFactory - Eagerly caching bean 'org.springframework.hateoas.config.HypermediaSupportBeanDefinitionRegistrar$DefaultObjectMapperCustomizer#0' to allow for resolving potential circular references
[DEBUG] 2017-06-04 15:06:43.876 [main] DefaultListableBeanFactory - Finished creating instance of bean 'org.springframework.hateoas.config.HypermediaSupportBeanDefinitionRegistrar$DefaultObjectMapperCustomizer#0'
[DEBUG] 2017-06-04 15:06:43.877 [main] DefaultListableBeanFactory - Creating shared instance of singleton bean 'org.springframework.hateoas.config.HypermediaSupportBeanDefinitionRegistrar$Jackson2ModuleRegisteringBeanPostProcessor#0'
[DEBUG] 2017-06-04 15:06:43.877 [main] DefaultListableBeanFactory - Creating instance of bean 'org.springframework.hateoas.config.HypermediaSupportBeanDefinitionRegistrar$Jackson2ModuleRegisteringBeanPostProcessor#0'
[DEBUG] 2017-06-04 15:06:43.877 [main] DefaultListableBeanFactory - Eagerly caching bean 'org.springframework.hateoas.config.HypermediaSupportBeanDefinitionRegistrar$Jackson2ModuleRegisteringBeanPostProcessor#0' to allow for resolving potential circular references
[DEBUG] 2017-06-04 15:06:43.880 [main] DefaultListableBeanFactory - Finished creating instance of bean 'org.springframework.hateoas.config.HypermediaSupportBeanDefinitionRegistrar$Jackson2ModuleRegisteringBeanPostProcessor#0'
[DEBUG] 2017-06-04 15:06:43.880 [main] DefaultListableBeanFactory - Returning cached instance of singleton bean 'org.springframework.boot.test.autoconfigure.properties.PropertyMappingContextCustomizer$PropertyMappingCheckBeanPostProcessor'
[DEBUG] 2017-06-04 15:06:43.880 [main] GenericWebApplicationContext - Unable to locate MessageSource with name 'messageSource': using default [org.springframework.context.support.DelegatingMessageSource@ac20bb4]
[DEBUG] 2017-06-04 15:06:43.880 [main] GenericWebApplicationContext - Unable to locate ApplicationEventMulticaster with name 'applicationEventMulticaster': using default [org.springframework.context.event.SimpleApplicationEventMulticaster@5a2bd7c8]
[DEBUG] 2017-06-04 15:06:43.881 [main] UiApplicationContextUtils - Unable to locate ThemeSource with name 'themeSource': using default [org.springframework.ui.context.support.ResourceBundleThemeSource@7ca8d498]
[DEBUG] 2017-06-04 15:06:43.883 [main] DefaultListableBeanFactory - Pre-instantiating singletons in org.springframework.beans.factory.support.DefaultListableBeanFactory@76f856a8: defining beans [org.springframework.context.annotation.internalConfigurationAnnotationProcessor,org.springframework.context.annotation.internalAutowiredAnnotationProcessor,org.springframework.context.annotation.internalRequiredAnnotationProcessor,org.springframework.context.annotation.internalCommonAnnotationProcessor,org.springframework.context.event.internalEventListenerProcessor,org.springframework.context.event.internalEventListenerFactory,org.springframework.boot.test.context.ImportsContextCustomizer$ImportsCleanupPostProcessor,org.springframework.boot.test.mock.mockito.MockitoPostProcessor$SpyPostProcessor,org.springframework.boot.test.mock.mockito.MockitoPostProcessor,ng2bootApplication,org.springframework.boot.autoconfigure.internalCachingMetadataReaderFactory,org.springframework.context.annotation.ConfigurationClassPostProcessor.importAwareProcessor,org.springframework.context.annotation.ConfigurationClassPostProcessor.enhancedConfigurationProcessor,movieRestController,org.springframework.boot.autoconfigure.AutoConfigurationPackages,org.springframework.data.mongodb.repository.config.MongoRepositoryConfigurationExtension#0,org.springframework.data.repository.core.support.RepositoryFactoryBeanSupport_Predictor,movieRepository,crudsRepository,org.springframework.boot.autoconfigure.condition.BeanTypeRegistry,org.springframework.boot.autoconfigure.web.WebMvcAutoConfiguration$EnableWebMvcConfiguration,requestMappingHandlerAdapter,requestMappingHandlerMapping,mvcPathMatcher,mvcUrlPathHelper,mvcContentNegotiationManager,viewControllerHandlerMapping,beanNameHandlerMapping,resourceHandlerMapping,mvcResourceUrlProvider,defaultServletHandlerMapping,mvcConversionService,mvcValidator,mvcUriComponentsContributor,httpRequestHandlerAdapter,simpleControllerHandlerAdapter,handlerExceptionResolver,mvcViewResolver,org.springframework.boot.autoconfigure.web.WebMvcAutoConfiguration$WebMvcAutoConfigurationAdapter$FaviconConfiguration,faviconHandlerMapping,faviconRequestHandler,org.springframework.boot.autoconfigure.web.WebMvcAutoConfiguration$WebMvcAutoConfigurationAdapter,defaultViewResolver,viewResolver,welcomePageHandlerMapping,requestContextFilter,spring.mvc-org.springframework.boot.autoconfigure.web.WebMvcProperties,spring.resources-org.springframework.boot.autoconfigure.web.ResourceProperties,org.springframework.boot.context.properties.ConfigurationPropertiesBindingPostProcessor,org.springframework.boot.context.properties.ConfigurationPropertiesBindingPostProcessor.store,org.springframework.boot.autoconfigure.web.WebMvcAutoConfiguration,hiddenHttpMethodFilter,httpPutFormContentFilter,org.springframework.boot.autoconfigure.gson.GsonAutoConfiguration,gson,org.springframework.boot.autoconfigure.jackson.JacksonAutoConfiguration$Jackson2ObjectMapperBuilderCustomizerConfiguration,standardJacksonObjectMapperBuilderCustomizer,spring.jackson-org.springframework.boot.autoconfigure.jackson.JacksonProperties,org.springframework.boot.autoconfigure.jackson.JacksonAutoConfiguration$JacksonObjectMapperBuilderConfiguration,jacksonObjectMapperBuilder,org.springframework.boot.autoconfigure.jackson.JacksonAutoConfiguration$JacksonObjectMapperConfiguration,jacksonObjectMapper,org.springframework.boot.autoconfigure.jackson.JacksonAutoConfiguration,jsonComponentModule,org.springframework.boot.autoconfigure.web.HttpMessageConvertersAutoConfiguration$StringHttpMessageConverterConfiguration,stringHttpMessageConverter,spring.http.encoding-org.springframework.boot.autoconfigure.web.HttpEncodingProperties,org.springframework.boot.autoconfigure.web.JacksonHttpMessageConvertersConfiguration$MappingJackson2HttpMessageConverterConfiguration,mappingJackson2HttpMessageConverter,org.springframework.boot.autoconfigure.web.JacksonHttpMessageConvertersConfiguration,org.springframework.boot.autoconfigure.web.GsonHttpMessageConvertersConfiguration,org.springframework.boot.autoconfigure.web.HttpMessageConvertersAutoConfiguration,messageConverters,org.springframework.boot.autoconfigure.hateoas.HypermediaAutoConfiguration$EntityLinksConfiguration,entityLinksPluginRegistry,controllerEntityLinks,delegatingEntityLinks,org.springframework.hateoas.config.HateoasConfiguration,linkRelationMessageSource,org.springframework.boot.autoconfigure.hateoas.HypermediaAutoConfiguration$HypermediaConfiguration,halObjectMapperConfigurer,org.springframework.hateoas.hal.HalLinkDiscoverer#0,_halObjectMapper,org.springframework.hateoas.config.HypermediaSupportBeanDefinitionRegistrar$DefaultObjectMapperCustomizer#0,org.springframework.hateoas.config.HypermediaSupportBeanDefinitionRegistrar$Jackson2ModuleRegisteringBeanPostProcessor#0,_linkDiscovererRegistry,org.springframework.hateoas.LinkDiscoverers#0,defaultRelProvider,annotationRelProvider,relProviderPluginRegistry,_relProvider,org.springframework.boot.autoconfigure.hateoas.HypermediaHttpMessageConverterConfiguration,halMessageConverterSupportedMediaTypeCustomizer,org.springframework.boot.autoconfigure.hateoas.HypermediaAutoConfiguration,spring.hateoas-org.springframework.boot.autoconfigure.hateoas.HateoasProperties,org.springframework.boot.test.autoconfigure.web.servlet.MockMvcAutoConfiguration,mockMvcBuilder,springBootMockMvcBuilderCustomizer,mockMvc,org.springframework.boot.autoconfigure.web.ServerPropertiesAutoConfiguration,serverProperties,duplicateServerPropertiesDetector,org.springframework.boot.test.autoconfigure.web.servlet.MockMvcSecurityAutoConfiguration,com.stackroute.ng2boot.service.MovieGetService#0]; root of factory hierarchy
[DEBUG] 2017-06-04 15:06:43.883 [main] DefaultListableBeanFactory - Returning cached instance of singleton bean 'org.springframework.context.annotation.internalConfigurationAnnotationProcessor'
[DEBUG] 2017-06-04 15:06:43.883 [main] DefaultListableBeanFactory - Returning cached instance of singleton bean 'org.springframework.context.annotation.internalAutowiredAnnotationProcessor'
[DEBUG] 2017-06-04 15:06:43.883 [main] DefaultListableBeanFactory - Returning cached instance of singleton bean 'org.springframework.context.annotation.internalRequiredAnnotationProcessor'
[DEBUG] 2017-06-04 15:06:43.883 [main] DefaultListableBeanFactory - Returning cached instance of singleton bean 'org.springframework.context.annotation.internalCommonAnnotationProcessor'
[DEBUG] 2017-06-04 15:06:43.884 [main] DefaultListableBeanFactory - Creating shared instance of singleton bean 'org.springframework.context.event.internalEventListenerProcessor'
[DEBUG] 2017-06-04 15:06:43.884 [main] DefaultListableBeanFactory - Creating instance of bean 'org.springframework.context.event.internalEventListenerProcessor'
[DEBUG] 2017-06-04 15:06:43.885 [main] DefaultListableBeanFactory - Eagerly caching bean 'org.springframework.context.event.internalEventListenerProcessor' to allow for resolving potential circular references
[DEBUG] 2017-06-04 15:06:43.887 [main] DefaultListableBeanFactory - Finished creating instance of bean 'org.springframework.context.event.internalEventListenerProcessor'
[DEBUG] 2017-06-04 15:06:43.888 [main] DefaultListableBeanFactory - Creating shared instance of singleton bean 'org.springframework.context.event.internalEventListenerFactory'
[DEBUG] 2017-06-04 15:06:43.888 [main] DefaultListableBeanFactory - Creating instance of bean 'org.springframework.context.event.internalEventListenerFactory'
[DEBUG] 2017-06-04 15:06:43.888 [main] DefaultListableBeanFactory - Eagerly caching bean 'org.springframework.context.event.internalEventListenerFactory' to allow for resolving potential circular references
[DEBUG] 2017-06-04 15:06:43.891 [main] DefaultListableBeanFactory - Finished creating instance of bean 'org.springframework.context.event.internalEventListenerFactory'
[DEBUG] 2017-06-04 15:06:43.891 [main] DefaultListableBeanFactory - Returning cached instance of singleton bean 'org.springframework.boot.test.context.ImportsContextCustomizer$ImportsCleanupPostProcessor'
[DEBUG] 2017-06-04 15:06:43.891 [main] DefaultListableBeanFactory - Returning cached instance of singleton bean 'org.springframework.boot.test.mock.mockito.MockitoPostProcessor$SpyPostProcessor'
[DEBUG] 2017-06-04 15:06:43.891 [main] DefaultListableBeanFactory - Returning cached instance of singleton bean 'org.springframework.boot.test.mock.mockito.MockitoPostProcessor'
[DEBUG] 2017-06-04 15:06:43.891 [main] DefaultListableBeanFactory - Creating shared instance of singleton bean 'ng2bootApplication'
[DEBUG] 2017-06-04 15:06:43.892 [main] DefaultListableBeanFactory - Creating instance of bean 'ng2bootApplication'
[DEBUG] 2017-06-04 15:06:43.892 [main] DefaultListableBeanFactory - Eagerly caching bean 'ng2bootApplication' to allow for resolving potential circular references
[DEBUG] 2017-06-04 15:06:43.895 [main] DefaultListableBeanFactory - Finished creating instance of bean 'ng2bootApplication'
[DEBUG] 2017-06-04 15:06:43.895 [main] DefaultListableBeanFactory - Returning cached instance of singleton bean 'org.springframework.boot.autoconfigure.internalCachingMetadataReaderFactory'
[DEBUG] 2017-06-04 15:06:43.895 [main] DefaultListableBeanFactory - Returning cached instance of singleton bean 'org.springframework.context.annotation.ConfigurationClassPostProcessor.importAwareProcessor'
[DEBUG] 2017-06-04 15:06:43.895 [main] DefaultListableBeanFactory - Returning cached instance of singleton bean 'org.springframework.context.annotation.ConfigurationClassPostProcessor.enhancedConfigurationProcessor'
[DEBUG] 2017-06-04 15:06:43.895 [main] DefaultListableBeanFactory - Creating shared instance of singleton bean 'movieRestController'
[DEBUG] 2017-06-04 15:06:43.895 [main] DefaultListableBeanFactory - Creating instance of bean 'movieRestController'
[DEBUG] 2017-06-04 15:06:43.896 [main] InjectionMetadata - Registered injected element on class [com.stackroute.ng2boot.controllers.MovieRestController]: AutowiredFieldElement for private com.stackroute.ng2boot.service.MovieGetService com.stackroute.ng2boot.controllers.MovieRestController.moviegetservice
[DEBUG] 2017-06-04 15:06:43.896 [main] InjectionMetadata - Registered injected element on class [com.stackroute.ng2boot.controllers.MovieRestController]: AutowiredFieldElement for private com.stackroute.ng2boot.links.MovieLinks com.stackroute.ng2boot.controllers.MovieRestController.movielinks
[DEBUG] 2017-06-04 15:06:43.897 [main] DefaultListableBeanFactory - Eagerly caching bean 'movieRestController' to allow for resolving potential circular references
[DEBUG] 2017-06-04 15:06:43.898 [main] InjectionMetadata - Processing injected element of bean 'movieRestController': AutowiredFieldElement for private com.stackroute.ng2boot.service.MovieGetService com.stackroute.ng2boot.controllers.MovieRestController.moviegetservice
[DEBUG] 2017-06-04 15:06:43.899 [main] DefaultListableBeanFactory - Returning cached instance of singleton bean 'com.stackroute.ng2boot.service.MovieGetService#0'
[DEBUG] 2017-06-04 15:06:43.899 [main] AutowiredAnnotationBeanPostProcessor - Autowiring by type from bean name 'movieRestController' to bean named 'com.stackroute.ng2boot.service.MovieGetService#0'
[DEBUG] 2017-06-04 15:06:43.900 [main] InjectionMetadata - Processing injected element of bean 'movieRestController': AutowiredFieldElement for private com.stackroute.ng2boot.links.MovieLinks com.stackroute.ng2boot.controllers.MovieRestController.movielinks
[WARN ] 2017-06-04 15:06:43.901 [main] GenericWebApplicationContext - Exception encountered during context initialization - cancelling refresh attempt: org.springframework.beans.factory.UnsatisfiedDependencyException: Error creating bean with name 'movieRestController': Unsatisfied dependency expressed through field 'movielinks'; nested exception is org.springframework.beans.factory.NoSuchBeanDefinitionException: No qualifying bean of type 'com.stackroute.ng2boot.links.MovieLinks' available: expected at least 1 bean which qualifies as autowire candidate. Dependency annotations: {@org.springframework.beans.factory.annotation.Autowired(required=true)}
[DEBUG] 2017-06-04 15:06:43.901 [main] DefaultListableBeanFactory - Destroying singletons in org.springframework.beans.factory.support.DefaultListableBeanFactory@76f856a8: defining beans [org.springframework.context.annotation.internalConfigurationAnnotationProcessor,org.springframework.context.annotation.internalAutowiredAnnotationProcessor,org.springframework.context.annotation.internalRequiredAnnotationProcessor,org.springframework.context.annotation.internalCommonAnnotationProcessor,org.springframework.context.event.internalEventListenerProcessor,org.springframework.context.event.internalEventListenerFactory,org.springframework.boot.test.context.ImportsContextCustomizer$ImportsCleanupPostProcessor,org.springframework.boot.test.mock.mockito.MockitoPostProcessor$SpyPostProcessor,org.springframework.boot.test.mock.mockito.MockitoPostProcessor,ng2bootApplication,org.springframework.boot.autoconfigure.internalCachingMetadataReaderFactory,org.springframework.context.annotation.ConfigurationClassPostProcessor.importAwareProcessor,org.springframework.context.annotation.ConfigurationClassPostProcessor.enhancedConfigurationProcessor,movieRestController,org.springframework.boot.autoconfigure.AutoConfigurationPackages,org.springframework.data.mongodb.repository.config.MongoRepositoryConfigurationExtension#0,org.springframework.data.repository.core.support.RepositoryFactoryBeanSupport_Predictor,movieRepository,crudsRepository,org.springframework.boot.autoconfigure.condition.BeanTypeRegistry,org.springframework.boot.autoconfigure.web.WebMvcAutoConfiguration$EnableWebMvcConfiguration,requestMappingHandlerAdapter,requestMappingHandlerMapping,mvcPathMatcher,mvcUrlPathHelper,mvcContentNegotiationManager,viewControllerHandlerMapping,beanNameHandlerMapping,resourceHandlerMapping,mvcResourceUrlProvider,defaultServletHandlerMapping,mvcConversionService,mvcValidator,mvcUriComponentsContributor,httpRequestHandlerAdapter,simpleControllerHandlerAdapter,handlerExceptionResolver,mvcViewResolver,org.springframework.boot.autoconfigure.web.WebMvcAutoConfiguration$WebMvcAutoConfigurationAdapter$FaviconConfiguration,faviconHandlerMapping,faviconRequestHandler,org.springframework.boot.autoconfigure.web.WebMvcAutoConfiguration$WebMvcAutoConfigurationAdapter,defaultViewResolver,viewResolver,welcomePageHandlerMapping,requestContextFilter,spring.mvc-org.springframework.boot.autoconfigure.web.WebMvcProperties,spring.resources-org.springframework.boot.autoconfigure.web.ResourceProperties,org.springframework.boot.context.properties.ConfigurationPropertiesBindingPostProcessor,org.springframework.boot.context.properties.ConfigurationPropertiesBindingPostProcessor.store,org.springframework.boot.autoconfigure.web.WebMvcAutoConfiguration,hiddenHttpMethodFilter,httpPutFormContentFilter,org.springframework.boot.autoconfigure.gson.GsonAutoConfiguration,gson,org.springframework.boot.autoconfigure.jackson.JacksonAutoConfiguration$Jackson2ObjectMapperBuilderCustomizerConfiguration,standardJacksonObjectMapperBuilderCustomizer,spring.jackson-org.springframework.boot.autoconfigure.jackson.JacksonProperties,org.springframework.boot.autoconfigure.jackson.JacksonAutoConfiguration$JacksonObjectMapperBuilderConfiguration,jacksonObjectMapperBuilder,org.springframework.boot.autoconfigure.jackson.JacksonAutoConfiguration$JacksonObjectMapperConfiguration,jacksonObjectMapper,org.springframework.boot.autoconfigure.jackson.JacksonAutoConfiguration,jsonComponentModule,org.springframework.boot.autoconfigure.web.HttpMessageConvertersAutoConfiguration$StringHttpMessageConverterConfiguration,stringHttpMessageConverter,spring.http.encoding-org.springframework.boot.autoconfigure.web.HttpEncodingProperties,org.springframework.boot.autoconfigure.web.JacksonHttpMessageConvertersConfiguration$MappingJackson2HttpMessageConverterConfiguration,mappingJackson2HttpMessageConverter,org.springframework.boot.autoconfigure.web.JacksonHttpMessageConvertersConfiguration,org.springframework.boot.autoconfigure.web.GsonHttpMessageConvertersConfiguration,org.springframework.boot.autoconfigure.web.HttpMessageConvertersAutoConfiguration,messageConverters,org.springframework.boot.autoconfigure.hateoas.HypermediaAutoConfiguration$EntityLinksConfiguration,entityLinksPluginRegistry,controllerEntityLinks,delegatingEntityLinks,org.springframework.hateoas.config.HateoasConfiguration,linkRelationMessageSource,org.springframework.boot.autoconfigure.hateoas.HypermediaAutoConfiguration$HypermediaConfiguration,halObjectMapperConfigurer,org.springframework.hateoas.hal.HalLinkDiscoverer#0,_halObjectMapper,org.springframework.hateoas.config.HypermediaSupportBeanDefinitionRegistrar$DefaultObjectMapperCustomizer#0,org.springframework.hateoas.config.HypermediaSupportBeanDefinitionRegistrar$Jackson2ModuleRegisteringBeanPostProcessor#0,_linkDiscovererRegistry,org.springframework.hateoas.LinkDiscoverers#0,defaultRelProvider,annotationRelProvider,relProviderPluginRegistry,_relProvider,org.springframework.boot.autoconfigure.hateoas.HypermediaHttpMessageConverterConfiguration,halMessageConverterSupportedMediaTypeCustomizer,org.springframework.boot.autoconfigure.hateoas.HypermediaAutoConfiguration,spring.hateoas-org.springframework.boot.autoconfigure.hateoas.HateoasProperties,org.springframework.boot.test.autoconfigure.web.servlet.MockMvcAutoConfiguration,mockMvcBuilder,springBootMockMvcBuilderCustomizer,mockMvc,org.springframework.boot.autoconfigure.web.ServerPropertiesAutoConfiguration,serverProperties,duplicateServerPropertiesDetector,org.springframework.boot.test.autoconfigure.web.servlet.MockMvcSecurityAutoConfiguration,com.stackroute.ng2boot.service.MovieGetService#0]; root of factory hierarchy
[DEBUG] 2017-06-04 15:06:43.901 [main] DisposableBeanAdapter - Invoking destroy() on bean with name 'org.springframework.boot.context.properties.ConfigurationPropertiesBindingPostProcessor'
[DEBUG] 2017-06-04 15:06:43.901 [main] DefaultListableBeanFactory - Retrieved dependent beans for bean 'org.springframework.boot.autoconfigure.internalCachingMetadataReaderFactory': [org.springframework.context.annotation.internalConfigurationAnnotationProcessor]
[DEBUG] 2017-06-04 15:06:43.903 [main] ClasspathLoggingApplicationListener - Application failed to start with classpath: [file:/home/user/Downloads/part1_movieapp-starter/spring-rest/target/surefire/surefirebooter8256104674369339533.jar]
[DEBUG] 2017-06-04 15:06:43.907 [main] AutoConfigurationReportLoggingInitializer - 


=========================
AUTO-CONFIGURATION REPORT
=========================


Positive matches:
-----------------

   GsonAutoConfiguration matched:
      - @ConditionalOnClass found required class 'com.google.gson.Gson' (OnClassCondition)

   GsonAutoConfiguration#gson matched:
      - @ConditionalOnMissingBean (types: com.google.gson.Gson; SearchStrategy: all) did not find any beans (OnBeanCondition)

   GsonHttpMessageConvertersConfiguration matched:
      - @ConditionalOnClass found required class 'com.google.gson.Gson' (OnClassCondition)

   HttpMessageConvertersAutoConfiguration matched:
      - @ConditionalOnClass found required class 'org.springframework.http.converter.HttpMessageConverter' (OnClassCondition)

   HttpMessageConvertersAutoConfiguration#messageConverters matched:
      - @ConditionalOnMissingBean (types: org.springframework.boot.autoconfigure.web.HttpMessageConverters; SearchStrategy: all) did not find any beans (OnBeanCondition)

   HttpMessageConvertersAutoConfiguration.StringHttpMessageConverterConfiguration matched:
      - @ConditionalOnClass found required class 'org.springframework.http.converter.StringHttpMessageConverter' (OnClassCondition)

   HttpMessageConvertersAutoConfiguration.StringHttpMessageConverterConfiguration#stringHttpMessageConverter matched:
      - @ConditionalOnMissingBean (types: org.springframework.http.converter.StringHttpMessageConverter; SearchStrategy: all) did not find any beans (OnBeanCondition)

   HypermediaAutoConfiguration matched:
      - @ConditionalOnClass found required classes 'org.springframework.hateoas.Resource', 'org.springframework.web.bind.annotation.RequestMapping', 'org.springframework.plugin.core.Plugin' (OnClassCondition)
      - @ConditionalOnWebApplication (required) found 'session' scope (OnWebApplicationCondition)

   HypermediaAutoConfiguration.EntityLinksConfiguration matched:
      - @ConditionalOnMissingBean (types: org.springframework.hateoas.EntityLinks; SearchStrategy: all) did not find any beans (OnBeanCondition)

   HypermediaAutoConfiguration.HypermediaConfiguration matched:
      - @ConditionalOnMissingBean (types: org.springframework.hateoas.LinkDiscoverers; SearchStrategy: all) did not find any beans (OnBeanCondition)

   HypermediaHttpMessageConverterConfiguration#halMessageConverterSupportedMediaTypeCustomizer matched:
      - @ConditionalOnProperty (spring.hateoas.use-hal-as-default-json-media-type) matched (OnPropertyCondition)

   JacksonAutoConfiguration matched:
      - @ConditionalOnClass found required class 'com.fasterxml.jackson.databind.ObjectMapper' (OnClassCondition)

   JacksonAutoConfiguration.Jackson2ObjectMapperBuilderCustomizerConfiguration matched:
      - @ConditionalOnClass found required classes 'com.fasterxml.jackson.databind.ObjectMapper', 'org.springframework.http.converter.json.Jackson2ObjectMapperBuilder' (OnClassCondition)

   JacksonAutoConfiguration.JacksonObjectMapperBuilderConfiguration matched:
      - @ConditionalOnClass found required classes 'com.fasterxml.jackson.databind.ObjectMapper', 'org.springframework.http.converter.json.Jackson2ObjectMapperBuilder' (OnClassCondition)

   JacksonAutoConfiguration.JacksonObjectMapperBuilderConfiguration#jacksonObjectMapperBuilder matched:
      - @ConditionalOnMissingBean (types: org.springframework.http.converter.json.Jackson2ObjectMapperBuilder; SearchStrategy: all) did not find any beans (OnBeanCondition)

   JacksonAutoConfiguration.JacksonObjectMapperConfiguration matched:
      - @ConditionalOnClass found required classes 'com.fasterxml.jackson.databind.ObjectMapper', 'org.springframework.http.converter.json.Jackson2ObjectMapperBuilder' (OnClassCondition)

   JacksonAutoConfiguration.JacksonObjectMapperConfiguration#jacksonObjectMapper matched:
      - @ConditionalOnMissingBean (types: com.fasterxml.jackson.databind.ObjectMapper; SearchStrategy: all) did not find any beans (OnBeanCondition)

   JacksonHttpMessageConvertersConfiguration.MappingJackson2HttpMessageConverterConfiguration matched:
      - @ConditionalOnClass found required class 'com.fasterxml.jackson.databind.ObjectMapper' (OnClassCondition)
      - @ConditionalOnProperty (spring.http.converters.preferred-json-mapper=jackson) matched (OnPropertyCondition)
      - @ConditionalOnBean (types: com.fasterxml.jackson.databind.ObjectMapper; SearchStrategy: all) found bean 'jacksonObjectMapper' (OnBeanCondition)

   JacksonHttpMessageConvertersConfiguration.MappingJackson2HttpMessageConverterConfiguration#mappingJackson2HttpMessageConverter matched:
      - @ConditionalOnMissingBean (types: org.springframework.http.converter.json.MappingJackson2HttpMessageConverter; SearchStrategy: all) did not find any beans (OnBeanCondition)

   MockMvcAutoConfiguration matched:
      - @ConditionalOnWebApplication (required) found 'session' scope (OnWebApplicationCondition)

   MockMvcAutoConfiguration#mockMvc matched:
      - @ConditionalOnMissingBean (types: org.springframework.test.web.servlet.MockMvc; SearchStrategy: all) did not find any beans (OnBeanCondition)

   MockMvcAutoConfiguration#mockMvcBuilder matched:
      - @ConditionalOnMissingBean (types: org.springframework.test.web.servlet.MockMvcBuilder; SearchStrategy: all) did not find any beans (OnBeanCondition)

   MockMvcSecurityAutoConfiguration matched:
      - @ConditionalOnProperty (spring.test.mockmvc.secure=true) matched (OnPropertyCondition)

   NoOpCacheConfiguration matched:
      - Cache org.springframework.boot.autoconfigure.cache.NoOpCacheConfiguration NONE cache type (CacheCondition)

   ServerPropertiesAutoConfiguration matched:
      - @ConditionalOnWebApplication (required) found 'session' scope (OnWebApplicationCondition)

   ServerPropertiesAutoConfiguration#serverProperties matched:
      - @ConditionalOnMissingBean (types: org.springframework.boot.autoconfigure.web.ServerProperties; SearchStrategy: current) did not find any beans (OnBeanCondition)

   WebMvcAutoConfiguration matched:
      - @ConditionalOnClass found required classes 'javax.servlet.Servlet', 'org.springframework.web.servlet.DispatcherServlet', 'org.springframework.web.servlet.config.annotation.WebMvcConfigurerAdapter' (OnClassCondition)
      - @ConditionalOnWebApplication (required) found 'session' scope (OnWebApplicationCondition)
      - @ConditionalOnMissingBean (types: org.springframework.web.servlet.config.annotation.WebMvcConfigurationSupport; SearchStrategy: all) did not find any beans (OnBeanCondition)

   WebMvcAutoConfiguration#hiddenHttpMethodFilter matched:
      - @ConditionalOnMissingBean (types: org.springframework.web.filter.HiddenHttpMethodFilter; SearchStrategy: all) did not find any beans (OnBeanCondition)

   WebMvcAutoConfiguration#httpPutFormContentFilter matched:
      - @ConditionalOnProperty (spring.mvc.formcontent.putfilter.enabled) matched (OnPropertyCondition)
      - @ConditionalOnMissingBean (types: org.springframework.web.filter.HttpPutFormContentFilter; SearchStrategy: all) did not find any beans (OnBeanCondition)

   WebMvcAutoConfiguration.WebMvcAutoConfigurationAdapter#defaultViewResolver matched:
      - @ConditionalOnMissingBean (types: org.springframework.web.servlet.view.InternalResourceViewResolver; SearchStrategy: all) did not find any beans (OnBeanCondition)

   WebMvcAutoConfiguration.WebMvcAutoConfigurationAdapter#requestContextFilter matched:
      - @ConditionalOnMissingBean (types: org.springframework.web.context.request.RequestContextListener,org.springframework.web.filter.RequestContextFilter; SearchStrategy: all) did not find any beans (OnBeanCondition)

   WebMvcAutoConfiguration.WebMvcAutoConfigurationAdapter#viewResolver matched:
      - @ConditionalOnBean (types: org.springframework.web.servlet.ViewResolver; SearchStrategy: all) found beans 'defaultViewResolver', 'mvcViewResolver'; @ConditionalOnMissingBean (names: viewResolver; types: org.springframework.web.servlet.view.ContentNegotiatingViewResolver; SearchStrategy: all) did not find any beans (OnBeanCondition)

   WebMvcAutoConfiguration.WebMvcAutoConfigurationAdapter.FaviconConfiguration matched:
      - @ConditionalOnProperty (spring.mvc.favicon.enabled) matched (OnPropertyCondition)


Negative matches:
-----------------

   CacheAutoConfiguration:
      Did not match:
         - @ConditionalOnBean (types: org.springframework.cache.interceptor.CacheAspectSupport; SearchStrategy: all) did not find any beans (OnBeanCondition)
      Matched:
         - @ConditionalOnClass found required class 'org.springframework.cache.CacheManager' (OnClassCondition)

   CacheAutoConfiguration.CacheManagerJpaDependencyConfiguration:
      Did not match:
         - @ConditionalOnClass did not find required class 'org.springframework.orm.jpa.LocalContainerEntityManagerFactoryBean' (OnClassCondition)
         - Ancestor org.springframework.boot.autoconfigure.cache.CacheAutoConfiguration did not match (ConditionEvaluationReport.AncestorsMatchedCondition)

   CaffeineCacheConfiguration:
      Did not match:
         - @ConditionalOnClass did not find required classes 'com.github.benmanes.caffeine.cache.Caffeine', 'org.springframework.cache.caffeine.CaffeineCacheManager' (OnClassCondition)

   CouchbaseCacheConfiguration:
      Did not match:
         - @ConditionalOnClass did not find required classes 'com.couchbase.client.java.Bucket', 'com.couchbase.client.spring.cache.CouchbaseCacheManager' (OnClassCondition)

   EhCacheCacheConfiguration:
      Did not match:
         - @ConditionalOnClass did not find required classes 'net.sf.ehcache.Cache', 'org.springframework.cache.ehcache.EhCacheCacheManager' (OnClassCondition)

   FreeMarkerAutoConfiguration:
      Did not match:
         - @ConditionalOnClass did not find required classes 'freemarker.template.Configuration', 'org.springframework.ui.freemarker.FreeMarkerConfigurationFactory' (OnClassCondition)

   GenericCacheConfiguration:
      Did not match:
         - Cache org.springframework.boot.autoconfigure.cache.GenericCacheConfiguration NONE cache type (CacheCondition)

   GroovyTemplateAutoConfiguration:
      Did not match:
         - @ConditionalOnClass did not find required class 'groovy.text.markup.MarkupTemplateEngine' (OnClassCondition)

   GsonHttpMessageConvertersConfiguration.GsonHttpMessageConverterConfiguration:
      Did not match:
         - AnyNestedCondition 0 matched 2 did not; NestedCondition on GsonHttpMessageConvertersConfiguration.PreferGsonOrMissingJacksonCondition.JacksonMissing @ConditionalOnMissingBean (types: org.springframework.http.converter.json.MappingJackson2HttpMessageConverter; SearchStrategy: all) found bean 'mappingJackson2HttpMessageConverter'; NestedCondition on GsonHttpMessageConvertersConfiguration.PreferGsonOrMissingJacksonCondition.GsonPreferred @ConditionalOnProperty (spring.http.converters.preferred-json-mapper=gson) did not find property 'spring.http.converters.preferred-json-mapper' (GsonHttpMessageConvertersConfiguration.PreferGsonOrMissingJacksonCondition)

   GuavaCacheConfiguration:
      Did not match:
         - @ConditionalOnClass did not find required class 'org.springframework.cache.guava.GuavaCacheManager' (OnClassCondition)

   HazelcastCacheConfiguration:
      Did not match:
         - @ConditionalOnClass did not find required classes 'com.hazelcast.core.HazelcastInstance', 'com.hazelcast.spring.cache.HazelcastCacheManager' (OnClassCondition)

   InfinispanCacheConfiguration:
      Did not match:
         - @ConditionalOnClass did not find required class 'org.infinispan.spring.provider.SpringEmbeddedCacheManager' (OnClassCondition)

   JCacheCacheConfiguration:
      Did not match:
         - @ConditionalOnClass did not find required classes 'javax.cache.Caching', 'org.springframework.cache.jcache.JCacheCacheManager' (OnClassCondition)

   JacksonAutoConfiguration.JodaDateTimeJacksonConfiguration:
      Did not match:
         - @ConditionalOnClass did not find required classes 'org.joda.time.DateTime', 'com.fasterxml.jackson.datatype.joda.ser.DateTimeSerializer', 'com.fasterxml.jackson.datatype.joda.cfg.JacksonJodaDateFormat' (OnClassCondition)

   JacksonAutoConfiguration.ParameterNamesModuleConfiguration:
      Did not match:
         - @ConditionalOnClass did not find required class 'com.fasterxml.jackson.module.paramnames.ParameterNamesModule' (OnClassCondition)

   JacksonHttpMessageConvertersConfiguration.MappingJackson2XmlHttpMessageConverterConfiguration:
      Did not match:
         - @ConditionalOnClass did not find required class 'com.fasterxml.jackson.dataformat.xml.XmlMapper' (OnClassCondition)

   MessageSourceAutoConfiguration:
      Did not match:
         - ResourceBundle did not find bundle with basename messages (MessageSourceAutoConfiguration.ResourceBundleCondition)

   MockMvcSecurityConfiguration:
      Did not match:
         - @ConditionalOnClass did not find required class 'org.springframework.security.test.web.servlet.request.SecurityMockMvcRequestPostProcessors' (OnClassCondition)

   MockMvcWebClientAutoConfiguration:
      Did not match:
         - @ConditionalOnClass did not find required class 'com.gargoylesoftware.htmlunit.WebClient' (OnClassCondition)

   MockMvcWebDriverAutoConfiguration:
      Did not match:
         - @ConditionalOnClass did not find required class 'org.openqa.selenium.htmlunit.HtmlUnitDriver' (OnClassCondition)

   MustacheAutoConfiguration:
      Did not match:
         - @ConditionalOnClass did not find required class 'com.samskivert.mustache.Mustache' (OnClassCondition)

   RedisCacheConfiguration:
      Did not match:
         - Cache org.springframework.boot.autoconfigure.cache.RedisCacheConfiguration NONE cache type (CacheCondition)

   SecurityAutoConfiguration:
      Did not match:
         - @ConditionalOnClass did not find required classes 'org.springframework.security.authentication.AuthenticationManager', 'org.springframework.security.config.annotation.authentication.configurers.GlobalAuthenticationConfigurerAdapter' (OnClassCondition)

   SimpleCacheConfiguration:
      Did not match:
         - Cache org.springframework.boot.autoconfigure.cache.SimpleCacheConfiguration NONE cache type (CacheCondition)

   ThymeleafAutoConfiguration:
      Did not match:
         - @ConditionalOnClass did not find required class 'org.thymeleaf.spring4.SpringTemplateEngine' (OnClassCondition)

   WebMvcAutoConfiguration.ResourceChainCustomizerConfiguration:
      Did not match:
         - @ConditionalOnEnabledResourceChain did not find class org.webjars.WebJarAssetLocator (OnEnabledResourceChainCondition)

   WebMvcAutoConfiguration.WebMvcAutoConfigurationAdapter#beanNameViewResolver:
      Did not match:
         - @ConditionalOnBean (types: org.springframework.web.servlet.View; SearchStrategy: all) did not find any beans (OnBeanCondition)

   WebMvcAutoConfiguration.WebMvcAutoConfigurationAdapter#dateFormatter:
      Did not match:
         - @ConditionalOnProperty (spring.mvc.date-format) did not find property 'date-format' (OnPropertyCondition)

   WebMvcAutoConfiguration.WebMvcAutoConfigurationAdapter#localeResolver:
      Did not match:
         - @ConditionalOnProperty (spring.mvc.locale) did not find property 'locale' (OnPropertyCondition)


Exclusions:
-----------

    None


Unconditional classes:
----------------------

    None



[DEBUG] 2017-06-04 15:06:43.951 [main] LoggingFailureAnalysisReporter - Application failed to start due to an exception
org.springframework.beans.factory.NoSuchBeanDefinitionException: No qualifying bean of type 'com.stackroute.ng2boot.links.MovieLinks' available: expected at least 1 bean which qualifies as autowire candidate. Dependency annotations: {@org.springframework.beans.factory.annotation.Autowired(required=true)}
	at org.springframework.beans.factory.support.DefaultListableBeanFactory.raiseNoMatchingBeanFound(DefaultListableBeanFactory.java:1466) ~[spring-beans-4.3.4.RELEASE.jar:4.3.4.RELEASE]
	at org.springframework.beans.factory.support.DefaultListableBeanFactory.doResolveDependency(DefaultListableBeanFactory.java:1097) ~[spring-beans-4.3.4.RELEASE.jar:4.3.4.RELEASE]
	at org.springframework.beans.factory.support.DefaultListableBeanFactory.resolveDependency(DefaultListableBeanFactory.java:1059) ~[spring-beans-4.3.4.RELEASE.jar:4.3.4.RELEASE]
	at org.springframework.beans.factory.annotation.AutowiredAnnotationBeanPostProcessor$AutowiredFieldElement.inject(AutowiredAnnotationBeanPostProcessor.java:589) ~[spring-beans-4.3.4.RELEASE.jar:4.3.4.RELEASE]
	at org.springframework.beans.factory.annotation.InjectionMetadata.inject(InjectionMetadata.java:88) ~[spring-beans-4.3.4.RELEASE.jar:4.3.4.RELEASE]
	at org.springframework.beans.factory.annotation.AutowiredAnnotationBeanPostProcessor.postProcessPropertyValues(AutowiredAnnotationBeanPostProcessor.java:370) ~[spring-beans-4.3.4.RELEASE.jar:4.3.4.RELEASE]
	at org.springframework.beans.factory.support.AbstractAutowireCapableBeanFactory.populateBean(AbstractAutowireCapableBeanFactory.java:1219) ~[spring-beans-4.3.4.RELEASE.jar:4.3.4.RELEASE]
	at org.springframework.beans.factory.support.AbstractAutowireCapableBeanFactory.doCreateBean(AbstractAutowireCapableBeanFactory.java:551) ~[spring-beans-4.3.4.RELEASE.jar:4.3.4.RELEASE]
	at org.springframework.beans.factory.support.AbstractAutowireCapableBeanFactory.createBean(AbstractAutowireCapableBeanFactory.java:482) ~[spring-beans-4.3.4.RELEASE.jar:4.3.4.RELEASE]
	at org.springframework.beans.factory.support.AbstractBeanFactory$1.getObject(AbstractBeanFactory.java:306) ~[spring-beans-4.3.4.RELEASE.jar:4.3.4.RELEASE]
	at org.springframework.beans.factory.support.DefaultSingletonBeanRegistry.getSingleton(DefaultSingletonBeanRegistry.java:230) ~[spring-beans-4.3.4.RELEASE.jar:4.3.4.RELEASE]
	at org.springframework.beans.factory.support.AbstractBeanFactory.doGetBean(AbstractBeanFactory.java:302) ~[spring-beans-4.3.4.RELEASE.jar:4.3.4.RELEASE]
	at org.springframework.beans.factory.support.AbstractBeanFactory.getBean(AbstractBeanFactory.java:197) ~[spring-beans-4.3.4.RELEASE.jar:4.3.4.RELEASE]
	at org.springframework.beans.factory.support.DefaultListableBeanFactory.preInstantiateSingletons(DefaultListableBeanFactory.java:754) ~[spring-beans-4.3.4.RELEASE.jar:4.3.4.RELEASE]
	at org.springframework.context.support.AbstractApplicationContext.finishBeanFactoryInitialization(AbstractApplicationContext.java:866) ~[spring-context-4.3.4.RELEASE.jar:4.3.4.RELEASE]
	at org.springframework.context.support.AbstractApplicationContext.refresh(AbstractApplicationContext.java:542) ~[spring-context-4.3.4.RELEASE.jar:4.3.4.RELEASE]
	at org.springframework.boot.SpringApplication.refresh(SpringApplication.java:761) [spring-boot-1.4.2.RELEASE.jar:1.4.2.RELEASE]
	at org.springframework.boot.SpringApplication.refreshContext(SpringApplication.java:371) [spring-boot-1.4.2.RELEASE.jar:1.4.2.RELEASE]
	at org.springframework.boot.SpringApplication.run(SpringApplication.java:315) [spring-boot-1.4.2.RELEASE.jar:1.4.2.RELEASE]
	at org.springframework.boot.test.context.SpringBootContextLoader.loadContext(SpringBootContextLoader.java:111) [spring-boot-test-1.4.2.RELEASE.jar:1.4.2.RELEASE]
	at org.springframework.test.context.cache.DefaultCacheAwareContextLoaderDelegate.loadContextInternal(DefaultCacheAwareContextLoaderDelegate.java:98) [spring-test-4.3.4.RELEASE.jar:4.3.4.RELEASE]
	at org.springframework.test.context.cache.DefaultCacheAwareContextLoaderDelegate.loadContext(DefaultCacheAwareContextLoaderDelegate.java:116) [spring-test-4.3.4.RELEASE.jar:4.3.4.RELEASE]
	at org.springframework.test.context.support.DefaultTestContext.getApplicationContext(DefaultTestContext.java:83) [spring-test-4.3.4.RELEASE.jar:4.3.4.RELEASE]
	at org.springframework.test.context.support.DependencyInjectionTestExecutionListener.injectDependencies(DependencyInjectionTestExecutionListener.java:117) [spring-test-4.3.4.RELEASE.jar:4.3.4.RELEASE]
	at org.springframework.test.context.support.DependencyInjectionTestExecutionListener.prepareTestInstance(DependencyInjectionTestExecutionListener.java:83) [spring-test-4.3.4.RELEASE.jar:4.3.4.RELEASE]
	at org.springframework.boot.test.autoconfigure.SpringBootDependencyInjectionTestExecutionListener.prepareTestInstance(SpringBootDependencyInjectionTestExecutionListener.java:44) [spring-boot-test-autoconfigure-1.4.2.RELEASE.jar:1.4.2.RELEASE]
	at org.springframework.test.context.TestContextManager.prepareTestInstance(TestContextManager.java:230) [spring-test-4.3.4.RELEASE.jar:4.3.4.RELEASE]
	at org.springframework.test.context.junit4.SpringJUnit4ClassRunner.createTest(SpringJUnit4ClassRunner.java:228) [spring-test-4.3.4.RELEASE.jar:4.3.4.RELEASE]
	at org.springframework.test.context.junit4.SpringJUnit4ClassRunner$1.runReflectiveCall(SpringJUnit4ClassRunner.java:287) [spring-test-4.3.4.RELEASE.jar:4.3.4.RELEASE]
	at org.junit.internal.runners.model.ReflectiveCallable.run(ReflectiveCallable.java:12) [junit-4.12.jar:4.12]
	at org.springframework.test.context.junit4.SpringJUnit4ClassRunner.methodBlock(SpringJUnit4ClassRunner.java:289) [spring-test-4.3.4.RELEASE.jar:4.3.4.RELEASE]
	at org.springframework.test.context.junit4.SpringJUnit4ClassRunner.runChild(SpringJUnit4ClassRunner.java:247) [spring-test-4.3.4.RELEASE.jar:4.3.4.RELEASE]
	at org.springframework.test.context.junit4.SpringJUnit4ClassRunner.runChild(SpringJUnit4ClassRunner.java:94) [spring-test-4.3.4.RELEASE.jar:4.3.4.RELEASE]
	at org.junit.runners.ParentRunner$3.run(ParentRunner.java:290) [junit-4.12.jar:4.12]
	at org.junit.runners.ParentRunner$1.schedule(ParentRunner.java:71) [junit-4.12.jar:4.12]
	at org.junit.runners.ParentRunner.runChildren(ParentRunner.java:288) [junit-4.12.jar:4.12]
	at org.junit.runners.ParentRunner.access$000(ParentRunner.java:58) [junit-4.12.jar:4.12]
	at org.junit.runners.ParentRunner$2.evaluate(ParentRunner.java:268) [junit-4.12.jar:4.12]
	at org.springframework.test.context.junit4.statements.RunBeforeTestClassCallbacks.evaluate(RunBeforeTestClassCallbacks.java:61) [spring-test-4.3.4.RELEASE.jar:4.3.4.RELEASE]
	at org.springframework.test.context.junit4.statements.RunAfterTestClassCallbacks.evaluate(RunAfterTestClassCallbacks.java:70) [spring-test-4.3.4.RELEASE.jar:4.3.4.RELEASE]
	at org.junit.runners.ParentRunner.run(ParentRunner.java:363) [junit-4.12.jar:4.12]
	at org.springframework.test.context.junit4.SpringJUnit4ClassRunner.run(SpringJUnit4ClassRunner.java:191) [spring-test-4.3.4.RELEASE.jar:4.3.4.RELEASE]
	at org.apache.maven.surefire.junit4.JUnit4Provider.execute(JUnit4Provider.java:283) [surefire-junit4-2.18.1.jar:2.18.1]
	at org.apache.maven.surefire.junit4.JUnit4Provider.executeWithRerun(JUnit4Provider.java:173) [surefire-junit4-2.18.1.jar:2.18.1]
	at org.apache.maven.surefire.junit4.JUnit4Provider.executeTestSet(JUnit4Provider.java:153) [surefire-junit4-2.18.1.jar:2.18.1]
	at org.apache.maven.surefire.junit4.JUnit4Provider.invoke(JUnit4Provider.java:128) [surefire-junit4-2.18.1.jar:2.18.1]
	at org.apache.maven.surefire.booter.ForkedBooter.invokeProviderInSameClassLoader(ForkedBooter.java:203) [surefire-booter-2.18.1.jar:2.18.1]
	at org.apache.maven.surefire.booter.ForkedBooter.runSuitesInProcess(ForkedBooter.java:155) [surefire-booter-2.18.1.jar:2.18.1]
	at org.apache.maven.surefire.booter.ForkedBooter.main(ForkedBooter.java:103) [surefire-booter-2.18.1.jar:2.18.1]
[ERROR] 2017-06-04 15:06:43.953 [main] LoggingFailureAnalysisReporter - 

***************************
APPLICATION FAILED TO START
***************************

Description:

Field movielinks in com.stackroute.ng2boot.controllers.MovieRestController required a bean of type 'com.stackroute.ng2boot.links.MovieLinks' that could not be found.


Action:

Consider defining a bean of type 'com.stackroute.ng2boot.links.MovieLinks' in your configuration.

[DEBUG] 2017-06-04 15:06:43.960 [main] StandardEnvironment - Adding [systemProperties] PropertySource with lowest search precedence
[DEBUG] 2017-06-04 15:06:43.960 [main] StandardEnvironment - Adding [systemEnvironment] PropertySource with lowest search precedence
[DEBUG] 2017-06-04 15:06:43.960 [main] StandardEnvironment - Initialized StandardEnvironment with PropertySources [systemProperties,systemEnvironment]
[DEBUG] 2017-06-04 15:06:43.961 [main] TestPropertySourceUtils - Adding inlined properties to environment: {spring.jmx.enabled=false, org.springframework.boot.test.autoconfigure.web.servlet.WebMvcTestContextBootstrapper=true, server.port=-1}
[DEBUG] 2017-06-04 15:06:43.961 [main] StandardEnvironment - Adding [Inlined Test Properties] PropertySource with highest search precedence
[DEBUG] 2017-06-04 15:06:43.964 [main] PropertySourcesPropertyResolver - Could not find key 'spring.profiles.active' in any property source
[DEBUG] 2017-06-04 15:06:43.965 [main] PropertySourcesPropertyResolver - Could not find key 'spring.profiles.active' in any property source
[DEBUG] 2017-06-04 15:06:43.968 [main] PropertySourcesPropertyResolver - Could not find key 'SPRING_APPLICATION_JSON:' in any property source
[DEBUG] 2017-06-04 15:06:43.968 [main] PropertySourcesPropertyResolver - Could not find key 'SPRING_APPLICATION_JSON' in any property source
[DEBUG] 2017-06-04 15:06:43.968 [main] PropertySourcesPropertyResolver - Could not find key 'spring.application.json:' in any property source
[DEBUG] 2017-06-04 15:06:43.968 [main] PropertySourcesPropertyResolver - Could not find key 'spring.application.json' in any property source
[DEBUG] 2017-06-04 15:06:43.969 [main] StandardEnvironment - Adding [random] PropertySource with search precedence immediately lower than [systemEnvironment]
[DEBUG] 2017-06-04 15:06:43.971 [main] PropertySourcesPropertyResolver - Could not find key 'spring.profiles.active' in any property source
[DEBUG] 2017-06-04 15:06:43.971 [main] PropertySourcesPropertyResolver - Could not find key 'spring.profiles.default' in any property source
[DEBUG] 2017-06-04 15:06:43.974 [main] MutablePropertySources - Adding [applicationConfig: [profile=]] PropertySource with highest search precedence
[DEBUG] 2017-06-04 15:06:43.991 [main] StandardEnvironment - Adding [applicationConfigurationProperties] PropertySource with lowest search precedence
[DEBUG] 2017-06-04 15:06:44.001 [main] PropertySourcesPropertyResolver - Could not find key 'logging.file' in any property source
[DEBUG] 2017-06-04 15:06:44.001 [main] PropertySourcesPropertyResolver - Could not find key 'logging.path' in any property source
[DEBUG] 2017-06-04 15:06:44.001 [main] PropertySourcesPropertyResolver - Could not find key 'debug' in any property source
[DEBUG] 2017-06-04 15:06:44.001 [main] PropertySourcesPropertyResolver - Could not find key 'trace' in any property source
[DEBUG] 2017-06-04 15:06:44.002 [main] PropertySourcesPropertyResolver - Found key 'logging.config' in [applicationConfigurationProperties] with type [String]
[DEBUG] 2017-06-04 15:06:44.005 [main] ClasspathLoggingApplicationListener - Application started with classpath: [file:/home/user/Downloads/part1_movieapp-starter/spring-rest/target/surefire/surefirebooter8256104674369339533.jar]
[DEBUG] 2017-06-04 15:06:44.005 [main] PropertySourcesPropertyResolver - Could not find key 'context.listener.classes' in any property source
[DEBUG] 2017-06-04 15:06:44.005 [main] PropertySourcesPropertyResolver - Could not find key 'banner.image.location' in any property source
[DEBUG] 2017-06-04 15:06:44.006 [main] PropertySourcesPropertyResolver - Could not find key 'banner.location' in any property source

  .   ____          _            __ _ _
 /\\ / ___'_ __ _ _(_)_ __  __ _ \ \ \ \
( ( )\___ | '_ | '_| | '_ \/ _` | \ \ \ \
 \\/  ___)| |_)| | | | | || (_| |  ) ) ) )
  '  |____| .__|_| |_|_| |_\__, | / / / /
 =========|_|==============|___/=/_/_/_/
 :: Spring Boot ::        (v1.4.2.RELEASE)

[DEBUG] 2017-06-04 15:06:44.009 [main] PropertySourcesPropertyResolver - Could not find key 'context.initializer.classes' in any property source
[DEBUG] 2017-06-04 15:06:44.009 [main] PropertySourcesPropertyResolver - Could not find key 'spring.config.name:application' in any property source
[DEBUG] 2017-06-04 15:06:44.009 [main] PropertySourcesPropertyResolver - Could not find key 'spring.config.name' in any property source
[DEBUG] 2017-06-04 15:06:44.009 [main] PropertySourcesPropertyResolver - Could not find key 'vcap.application.name:application' in any property source
[DEBUG] 2017-06-04 15:06:44.009 [main] PropertySourcesPropertyResolver - Could not find key 'vcap.application.name' in any property source
[DEBUG] 2017-06-04 15:06:44.009 [main] PropertySourcesPropertyResolver - Could not find key 'spring.application.name:application' in any property source
[DEBUG] 2017-06-04 15:06:44.009 [main] PropertySourcesPropertyResolver - Could not find key 'spring.application.name' in any property source
[DEBUG] 2017-06-04 15:06:44.010 [main] PropertySourcesPropertyResolver - Could not find key 'PORT:null' in any property source
[DEBUG] 2017-06-04 15:06:44.010 [main] PropertySourcesPropertyResolver - Could not find key 'PORT' in any property source
[DEBUG] 2017-06-04 15:06:44.010 [main] PropertySourcesPropertyResolver - Could not find key 'server.port:null' in any property source
[DEBUG] 2017-06-04 15:06:44.010 [main] PropertySourcesPropertyResolver - Found key 'server.port' in [Inlined Test Properties] with type [String]
[DEBUG] 2017-06-04 15:06:44.010 [main] PropertySourcesPropertyResolver - Could not find key 'spring.application.index:-1' in any property source
[DEBUG] 2017-06-04 15:06:44.010 [main] PropertySourcesPropertyResolver - Could not find key 'spring.application.index' in any property source
[DEBUG] 2017-06-04 15:06:44.010 [main] PropertySourcesPropertyResolver - Could not find key 'vcap.application.instance_index:-1' in any property source
[DEBUG] 2017-06-04 15:06:44.010 [main] PropertySourcesPropertyResolver - Could not find key 'vcap.application.instance_index' in any property source
[DEBUG] 2017-06-04 15:06:44.010 [main] PropertySourcesPropertyResolver - Could not find key 'spring.profiles.active' in any property source
[DEBUG] 2017-06-04 15:06:44.011 [main] StandardEnvironment - Adding [test] PropertySource with highest search precedence
[DEBUG] 2017-06-04 15:06:44.012 [main] StandardEnvironment - Adding [Annotations] PropertySource with highest search precedence
[DEBUG] 2017-06-04 15:06:44.012 [main] DefaultListableBeanFactory - Returning cached instance of singleton bean 'autoConfigurationReport'
[INFO ] 2017-06-04 15:06:44.013 [main] MovieRestControllerTest - Starting MovieRestControllerTest on user-ThinkPad-T420 with PID 3136 (started by user in /home/user/Downloads/part1_movieapp-starter/spring-rest)
[DEBUG] 2017-06-04 15:06:44.013 [main] MovieRestControllerTest - Running with Spring Boot v1.4.2.RELEASE, Spring v4.3.4.RELEASE
[DEBUG] 2017-06-04 15:06:44.013 [main] PropertySourcesPropertyResolver - Could not find key 'spring.profiles.active' in any property source
[DEBUG] 2017-06-04 15:06:44.013 [main] PropertySourcesPropertyResolver - Could not find key 'spring.profiles.default' in any property source
[INFO ] 2017-06-04 15:06:44.013 [main] MovieRestControllerTest - No active profile set, falling back to default profiles: default
[DEBUG] 2017-06-04 15:06:44.013 [main] SpringApplication - Loading source class com.stackroute.ng2boot.Ng2bootApplication
[DEBUG] 2017-06-04 15:06:44.013 [main] ClassPathBeanDefinitionScanner - JSR-250 'javax.annotation.ManagedBean' found and supported for component scanning
[DEBUG] 2017-06-04 15:06:44.014 [background-preinit] DefaultTraversableResolver - Cannot find javax.persistence.Persistence on classpath. Assuming non JPA 2 environment. All properties will per default be traversable.
[DEBUG] 2017-06-04 15:06:44.016 [main] ConfigFileApplicationListener - Loaded config file 'file:/home/user/Downloads/part1_movieapp-starter/spring-rest/target/classes/application.properties' (classpath:/application.properties)
[DEBUG] 2017-06-04 15:06:44.016 [main] ConfigFileApplicationListener - Skipped (empty) config file 'file:/home/user/Downloads/part1_movieapp-starter/spring-rest/target/classes/application.properties' (classpath:/application.properties) for profile default
[INFO ] 2017-06-04 15:06:44.016 [main] GenericWebApplicationContext - Refreshing org.springframework.web.context.support.GenericWebApplicationContext@71d9cb05: startup date [Sun Jun 04 15:06:44 IST 2017]; root of context hierarchy
[DEBUG] 2017-06-04 15:06:44.016 [main] GenericWebApplicationContext - Bean factory for org.springframework.web.context.support.GenericWebApplicationContext@71d9cb05: org.springframework.beans.factory.support.DefaultListableBeanFactory@71945bc0: defining beans [org.springframework.context.annotation.internalConfigurationAnnotationProcessor,org.springframework.context.annotation.internalAutowiredAnnotationProcessor,org.springframework.context.annotation.internalRequiredAnnotationProcessor,org.springframework.context.annotation.internalCommonAnnotationProcessor,org.springframework.context.event.internalEventListenerProcessor,org.springframework.context.event.internalEventListenerFactory,org.springframework.boot.test.context.ImportsContextCustomizer$ImportsCleanupPostProcessor,org.springframework.boot.test.context.ImportsContextCustomizer$ImportsConfiguration,org.springframework.boot.test.mock.mockito.MockitoPostProcessor$SpyPostProcessor,org.springframework.boot.test.mock.mockito.MockitoPostProcessor,ng2bootApplication]; root of factory hierarchy
[DEBUG] 2017-06-04 15:06:44.016 [main] DefaultListableBeanFactory - Registering scope 'request' with implementation [org.springframework.web.context.request.RequestScope@49ede9c7]
[DEBUG] 2017-06-04 15:06:44.016 [main] DefaultListableBeanFactory - Registering scope 'session' with implementation [org.springframework.web.context.request.SessionScope@6ecdbab8]
[DEBUG] 2017-06-04 15:06:44.016 [main] DefaultListableBeanFactory - Registering scope 'globalSession' with implementation [org.springframework.web.context.request.SessionScope@3dd4a6fa]
[DEBUG] 2017-06-04 15:06:44.016 [main] DefaultListableBeanFactory - Registering scope 'application' with implementation [org.springframework.web.context.support.ServletContextScope@19f7222e]
[DEBUG] 2017-06-04 15:06:44.017 [main] DefaultListableBeanFactory - Creating shared instance of singleton bean 'org.springframework.context.annotation.internalConfigurationAnnotationProcessor'
[DEBUG] 2017-06-04 15:06:44.017 [main] DefaultListableBeanFactory - Creating instance of bean 'org.springframework.context.annotation.internalConfigurationAnnotationProcessor'
[DEBUG] 2017-06-04 15:06:44.017 [main] DefaultListableBeanFactory - Eagerly caching bean 'org.springframework.context.annotation.internalConfigurationAnnotationProcessor' to allow for resolving potential circular references
[DEBUG] 2017-06-04 15:06:44.018 [main] DefaultListableBeanFactory - Creating shared instance of singleton bean 'org.springframework.boot.autoconfigure.internalCachingMetadataReaderFactory'
[DEBUG] 2017-06-04 15:06:44.018 [main] DefaultListableBeanFactory - Creating instance of bean 'org.springframework.boot.autoconfigure.internalCachingMetadataReaderFactory'
[DEBUG] 2017-06-04 15:06:44.018 [main] DefaultListableBeanFactory - Eagerly caching bean 'org.springframework.boot.autoconfigure.internalCachingMetadataReaderFactory' to allow for resolving potential circular references
[DEBUG] 2017-06-04 15:06:44.018 [main] DefaultListableBeanFactory - Finished creating instance of bean 'org.springframework.boot.autoconfigure.internalCachingMetadataReaderFactory'
[DEBUG] 2017-06-04 15:06:44.030 [main] DefaultListableBeanFactory - Finished creating instance of bean 'org.springframework.context.annotation.internalConfigurationAnnotationProcessor'
[DEBUG] 2017-06-04 15:06:44.050 [main] StandardEnvironment - Adding [systemProperties] PropertySource with lowest search precedence
[DEBUG] 2017-06-04 15:06:44.050 [main] StandardEnvironment - Adding [systemEnvironment] PropertySource with lowest search precedence
[DEBUG] 2017-06-04 15:06:44.050 [main] StandardEnvironment - Initialized StandardEnvironment with PropertySources [systemProperties,systemEnvironment]
[DEBUG] 2017-06-04 15:06:44.050 [main] ClassPathBeanDefinitionScanner - JSR-250 'javax.annotation.ManagedBean' found and supported for component scanning
[DEBUG] 2017-06-04 15:06:44.051 [main] PathMatchingResourcePatternResolver - Resolved classpath location [com/stackroute/ng2boot/] to resources [URL [file:/home/user/Downloads/part1_movieapp-starter/spring-rest/target/test-classes/com/stackroute/ng2boot/], URL [file:/home/user/Downloads/part1_movieapp-starter/spring-rest/target/classes/com/stackroute/ng2boot/]]
[DEBUG] 2017-06-04 15:06:44.051 [main] PathMatchingResourcePatternResolver - Looking for matching resources in directory tree [/home/user/Downloads/part1_movieapp-starter/spring-rest/target/test-classes/com/stackroute/ng2boot]
[DEBUG] 2017-06-04 15:06:44.052 [main] PathMatchingResourcePatternResolver - Searching directory [/home/user/Downloads/part1_movieapp-starter/spring-rest/target/test-classes/com/stackroute/ng2boot] for files matching pattern [/home/user/Downloads/part1_movieapp-starter/spring-rest/target/test-classes/com/stackroute/ng2boot/**/*.class]
[DEBUG] 2017-06-04 15:06:44.052 [main] PathMatchingResourcePatternResolver - Searching directory [/home/user/Downloads/part1_movieapp-starter/spring-rest/target/test-classes/com/stackroute/ng2boot/controllers] for files matching pattern [/home/user/Downloads/part1_movieapp-starter/spring-rest/target/test-classes/com/stackroute/ng2boot/**/*.class]
[DEBUG] 2017-06-04 15:06:44.052 [main] PathMatchingResourcePatternResolver - Looking for matching resources in directory tree [/home/user/Downloads/part1_movieapp-starter/spring-rest/target/classes/com/stackroute/ng2boot]
[DEBUG] 2017-06-04 15:06:44.052 [main] PathMatchingResourcePatternResolver - Searching directory [/home/user/Downloads/part1_movieapp-starter/spring-rest/target/classes/com/stackroute/ng2boot] for files matching pattern [/home/user/Downloads/part1_movieapp-starter/spring-rest/target/classes/com/stackroute/ng2boot/**/*.class]
[DEBUG] 2017-06-04 15:06:44.053 [main] PathMatchingResourcePatternResolver - Searching directory [/home/user/Downloads/part1_movieapp-starter/spring-rest/target/classes/com/stackroute/ng2boot/config] for files matching pattern [/home/user/Downloads/part1_movieapp-starter/spring-rest/target/classes/com/stackroute/ng2boot/**/*.class]
[DEBUG] 2017-06-04 15:06:44.053 [main] PathMatchingResourcePatternResolver - Searching directory [/home/user/Downloads/part1_movieapp-starter/spring-rest/target/classes/com/stackroute/ng2boot/controllers] for files matching pattern [/home/user/Downloads/part1_movieapp-starter/spring-rest/target/classes/com/stackroute/ng2boot/**/*.class]
[DEBUG] 2017-06-04 15:06:44.053 [main] PathMatchingResourcePatternResolver - Searching directory [/home/user/Downloads/part1_movieapp-starter/spring-rest/target/classes/com/stackroute/ng2boot/domain] for files matching pattern [/home/user/Downloads/part1_movieapp-starter/spring-rest/target/classes/com/stackroute/ng2boot/**/*.class]
[DEBUG] 2017-06-04 15:06:44.053 [main] PathMatchingResourcePatternResolver - Searching directory [/home/user/Downloads/part1_movieapp-starter/spring-rest/target/classes/com/stackroute/ng2boot/links] for files matching pattern [/home/user/Downloads/part1_movieapp-starter/spring-rest/target/classes/com/stackroute/ng2boot/**/*.class]
[DEBUG] 2017-06-04 15:06:44.054 [main] PathMatchingResourcePatternResolver - Searching directory [/home/user/Downloads/part1_movieapp-starter/spring-rest/target/classes/com/stackroute/ng2boot/repository] for files matching pattern [/home/user/Downloads/part1_movieapp-starter/spring-rest/target/classes/com/stackroute/ng2boot/**/*.class]
[DEBUG] 2017-06-04 15:06:44.054 [main] PathMatchingResourcePatternResolver - Searching directory [/home/user/Downloads/part1_movieapp-starter/spring-rest/target/classes/com/stackroute/ng2boot/service] for files matching pattern [/home/user/Downloads/part1_movieapp-starter/spring-rest/target/classes/com/stackroute/ng2boot/**/*.class]
[DEBUG] 2017-06-04 15:06:44.055 [main] PathMatchingResourcePatternResolver - Resolved location pattern [classpath*:com/stackroute/ng2boot/**/*.class] to resources [file [/home/user/Downloads/part1_movieapp-starter/spring-rest/target/test-classes/com/stackroute/ng2boot/Ng2bootApplicationTests.class], file [/home/user/Downloads/part1_movieapp-starter/spring-rest/target/test-classes/com/stackroute/ng2boot/controllers/MovieRestControllerTest.class], file [/home/user/Downloads/part1_movieapp-starter/spring-rest/target/classes/com/stackroute/ng2boot/Ng2bootApplication.class], file [/home/user/Downloads/part1_movieapp-starter/spring-rest/target/classes/com/stackroute/ng2boot/config/SwaggerConfig.class], file [/home/user/Downloads/part1_movieapp-starter/spring-rest/target/classes/com/stackroute/ng2boot/controllers/MovieRestController.class], file [/home/user/Downloads/part1_movieapp-starter/spring-rest/target/classes/com/stackroute/ng2boot/controllers/MovieRestControllerTest.class], file [/home/user/Downloads/part1_movieapp-starter/spring-rest/target/classes/com/stackroute/ng2boot/domain/Movie.class], file [/home/user/Downloads/part1_movieapp-starter/spring-rest/target/classes/com/stackroute/ng2boot/links/MovieLinks.class], file [/home/user/Downloads/part1_movieapp-starter/spring-rest/target/classes/com/stackroute/ng2boot/links/MovieLinksImpl.class], file [/home/user/Downloads/part1_movieapp-starter/spring-rest/target/classes/com/stackroute/ng2boot/repository/CrudsRepository.class], file [/home/user/Downloads/part1_movieapp-starter/spring-rest/target/classes/com/stackroute/ng2boot/repository/MovieRepository.class], file [/home/user/Downloads/part1_movieapp-starter/spring-rest/target/classes/com/stackroute/ng2boot/service/MovieGetService.class], file [/home/user/Downloads/part1_movieapp-starter/spring-rest/target/classes/com/stackroute/ng2boot/service/MovieGetServiceImpl.class]]
[DEBUG] 2017-06-04 15:06:44.057 [main] DefaultListableBeanFactory - Returning cached instance of singleton bean 'org.springframework.boot.test.context.filter.TestTypeExcludeFilter'
[DEBUG] 2017-06-04 15:06:44.057 [main] DefaultListableBeanFactory - Returning cached instance of singleton bean 'org.springframework.boot.test.autoconfigure.filter.TypeExcludeFilters'
[DEBUG] 2017-06-04 15:06:44.058 [main] DefaultListableBeanFactory - Returning cached instance of singleton bean 'org.springframework.boot.test.context.filter.TestTypeExcludeFilter'
[DEBUG] 2017-06-04 15:06:44.058 [main] DefaultListableBeanFactory - Returning cached instance of singleton bean 'org.springframework.boot.test.autoconfigure.filter.TypeExcludeFilters'
[DEBUG] 2017-06-04 15:06:44.059 [main] DefaultListableBeanFactory - Returning cached instance of singleton bean 'org.springframework.boot.test.context.filter.TestTypeExcludeFilter'
[DEBUG] 2017-06-04 15:06:44.059 [main] DefaultListableBeanFactory - Returning cached instance of singleton bean 'org.springframework.boot.test.autoconfigure.filter.TypeExcludeFilters'
[DEBUG] 2017-06-04 15:06:44.063 [main] DefaultListableBeanFactory - Returning cached instance of singleton bean 'org.springframework.boot.test.context.filter.TestTypeExcludeFilter'
[DEBUG] 2017-06-04 15:06:44.063 [main] DefaultListableBeanFactory - Returning cached instance of singleton bean 'org.springframework.boot.test.autoconfigure.filter.TypeExcludeFilters'
[DEBUG] 2017-06-04 15:06:44.065 [main] ClassPathBeanDefinitionScanner - Identified candidate component class: file [/home/user/Downloads/part1_movieapp-starter/spring-rest/target/classes/com/stackroute/ng2boot/controllers/MovieRestController.class]
[DEBUG] 2017-06-04 15:06:44.066 [main] DefaultListableBeanFactory - Returning cached instance of singleton bean 'org.springframework.boot.test.context.filter.TestTypeExcludeFilter'
[DEBUG] 2017-06-04 15:06:44.066 [main] DefaultListableBeanFactory - Returning cached instance of singleton bean 'org.springframework.boot.test.autoconfigure.filter.TypeExcludeFilters'
[DEBUG] 2017-06-04 15:06:44.067 [main] DefaultListableBeanFactory - Returning cached instance of singleton bean 'org.springframework.boot.test.context.filter.TestTypeExcludeFilter'
[DEBUG] 2017-06-04 15:06:44.067 [main] DefaultListableBeanFactory - Returning cached instance of singleton bean 'org.springframework.boot.test.autoconfigure.filter.TypeExcludeFilters'
[DEBUG] 2017-06-04 15:06:44.070 [main] DefaultListableBeanFactory - Returning cached instance of singleton bean 'org.springframework.boot.test.context.filter.TestTypeExcludeFilter'
[DEBUG] 2017-06-04 15:06:44.070 [main] DefaultListableBeanFactory - Returning cached instance of singleton bean 'org.springframework.boot.test.autoconfigure.filter.TypeExcludeFilters'
[DEBUG] 2017-06-04 15:06:44.073 [main] DefaultListableBeanFactory - Returning cached instance of singleton bean 'org.springframework.boot.test.context.filter.TestTypeExcludeFilter'
[DEBUG] 2017-06-04 15:06:44.073 [main] DefaultListableBeanFactory - Returning cached instance of singleton bean 'org.springframework.boot.test.autoconfigure.filter.TypeExcludeFilters'
[DEBUG] 2017-06-04 15:06:44.075 [main] DefaultListableBeanFactory - Returning cached instance of singleton bean 'org.springframework.boot.test.context.filter.TestTypeExcludeFilter'
[DEBUG] 2017-06-04 15:06:44.075 [main] DefaultListableBeanFactory - Returning cached instance of singleton bean 'org.springframework.boot.test.autoconfigure.filter.TypeExcludeFilters'
[DEBUG] 2017-06-04 15:06:44.078 [main] DefaultListableBeanFactory - Returning cached instance of singleton bean 'org.springframework.boot.test.context.filter.TestTypeExcludeFilter'
[DEBUG] 2017-06-04 15:06:44.078 [main] DefaultListableBeanFactory - Returning cached instance of singleton bean 'org.springframework.boot.test.autoconfigure.filter.TypeExcludeFilters'
[DEBUG] 2017-06-04 15:06:44.083 [main] DefaultListableBeanFactory - Returning cached instance of singleton bean 'org.springframework.boot.test.context.filter.TestTypeExcludeFilter'
[DEBUG] 2017-06-04 15:06:44.083 [main] DefaultListableBeanFactory - Returning cached instance of singleton bean 'org.springframework.boot.test.autoconfigure.filter.TypeExcludeFilters'
[DEBUG] 2017-06-04 15:06:44.084 [main] DefaultListableBeanFactory - Returning cached instance of singleton bean 'org.springframework.boot.test.context.filter.TestTypeExcludeFilter'
[DEBUG] 2017-06-04 15:06:44.084 [main] DefaultListableBeanFactory - Returning cached instance of singleton bean 'org.springframework.boot.test.autoconfigure.filter.TypeExcludeFilters'
[DEBUG] 2017-06-04 15:06:44.099 [main] DefaultListableBeanFactory - Returning cached instance of singleton bean 'org.springframework.boot.autoconfigure.internalCachingMetadataReaderFactory'
[DEBUG] 2017-06-04 15:06:44.114 [main] DefaultListableBeanFactory - Returning cached instance of singleton bean 'autoConfigurationReport'
[DEBUG] 2017-06-04 15:06:44.116 [main] PropertySourcesPropertyResolver - Could not find key 'spring.messages.basename' in any property source
[DEBUG] 2017-06-04 15:06:44.116 [main] DefaultListableBeanFactory - Returning cached instance of singleton bean 'autoConfigurationReport'
[DEBUG] 2017-06-04 15:06:44.116 [main] DefaultListableBeanFactory - Returning cached instance of singleton bean 'autoConfigurationReport'
[DEBUG] 2017-06-04 15:06:44.117 [main] DefaultListableBeanFactory - Returning cached instance of singleton bean 'autoConfigurationReport'
[DEBUG] 2017-06-04 15:06:44.121 [main] PropertySourcesPropertyResolver - Found key 'spring.cache.type' in [Annotations] with type [CacheType]
[DEBUG] 2017-06-04 15:06:44.121 [main] PropertySourcesPropertyResolver - Found key 'spring.test.mockmvc.secure' in [Annotations] with type [Boolean]
[DEBUG] 2017-06-04 15:06:44.122 [main] PropertySourcesPropertyResolver - Found key 'spring.test.mockmvc.webdriver.enabled' in [Annotations] with type [Boolean]
[DEBUG] 2017-06-04 15:06:44.122 [main] PropertySourcesPropertyResolver - Found key 'spring.test.mockmvc.add-filters' in [Annotations] with type [Boolean]
[DEBUG] 2017-06-04 15:06:44.122 [main] PropertySourcesPropertyResolver - Found key 'spring.test.mockmvc.print-only-on-failure' in [Annotations] with type [Boolean]
[DEBUG] 2017-06-04 15:06:44.122 [main] PropertySourcesPropertyResolver - Found key 'spring.test.mockmvc.webclient.enabled' in [Annotations] with type [Boolean]
[DEBUG] 2017-06-04 15:06:44.122 [main] PropertySourcesPropertyResolver - Found key 'spring.boot.enableautoconfiguration' in [test] with type [String]
[DEBUG] 2017-06-04 15:06:44.122 [main] PropertySourcesPropertyResolver - Found key 'spring.jmx.enabled' in [Inlined Test Properties] with type [String]
[DEBUG] 2017-06-04 15:06:44.123 [main] PropertySourcesPropertyResolver - Found key 'org.springframework.boot.test.autoconfigure.web.servlet.WebMvcTestContextBootstrapper' in [Inlined Test Properties] with type [String]
[DEBUG] 2017-06-04 15:06:44.123 [main] PropertySourcesPropertyResolver - Found key 'server.port' in [Inlined Test Properties] with type [String]
[DEBUG] 2017-06-04 15:06:44.123 [main] PropertySourcesPropertyResolver - Found key 'java.runtime.name' in [systemProperties] with type [String]
[DEBUG] 2017-06-04 15:06:44.123 [main] PropertySourcesPropertyResolver - Found key 'sun.boot.library.path' in [systemProperties] with type [String]
[DEBUG] 2017-06-04 15:06:44.123 [main] PropertySourcesPropertyResolver - Found key 'java.vm.version' in [systemProperties] with type [String]
[DEBUG] 2017-06-04 15:06:44.123 [main] PropertySourcesPropertyResolver - Found key 'java.vm.vendor' in [systemProperties] with type [String]
[DEBUG] 2017-06-04 15:06:44.123 [main] PropertySourcesPropertyResolver - Found key 'java.vendor.url' in [systemProperties] with type [String]
[DEBUG] 2017-06-04 15:06:44.123 [main] PropertySourcesPropertyResolver - Found key 'path.separator' in [systemProperties] with type [String]
[DEBUG] 2017-06-04 15:06:44.124 [main] PropertySourcesPropertyResolver - Found key 'java.vm.name' in [systemProperties] with type [String]
[DEBUG] 2017-06-04 15:06:44.124 [main] PropertySourcesPropertyResolver - Found key 'file.encoding.pkg' in [systemProperties] with type [String]
[DEBUG] 2017-06-04 15:06:44.124 [main] PropertySourcesPropertyResolver - Found key 'user.country' in [systemProperties] with type [String]
[DEBUG] 2017-06-04 15:06:44.124 [main] PropertySourcesPropertyResolver - Found key 'sun.java.launcher' in [systemProperties] with type [String]
[DEBUG] 2017-06-04 15:06:44.124 [main] PropertySourcesPropertyResolver - Found key 'sun.os.patch.level' in [systemProperties] with type [String]
[DEBUG] 2017-06-04 15:06:44.124 [main] PropertySourcesPropertyResolver - Found key 'PID' in [systemProperties] with type [String]
[DEBUG] 2017-06-04 15:06:44.124 [main] PropertySourcesPropertyResolver - Found key 'java.vm.specification.name' in [systemProperties] with type [String]
[DEBUG] 2017-06-04 15:06:44.124 [main] PropertySourcesPropertyResolver - Found key 'user.dir' in [systemProperties] with type [String]
[DEBUG] 2017-06-04 15:06:44.125 [main] PropertySourcesPropertyResolver - Found key 'java.runtime.version' in [systemProperties] with type [String]
[DEBUG] 2017-06-04 15:06:44.125 [main] PropertySourcesPropertyResolver - Found key 'basedir' in [systemProperties] with type [String]
[DEBUG] 2017-06-04 15:06:44.125 [main] PropertySourcesPropertyResolver - Found key 'java.awt.graphicsenv' in [systemProperties] with type [String]
[DEBUG] 2017-06-04 15:06:44.125 [main] PropertySourcesPropertyResolver - Found key 'java.endorsed.dirs' in [systemProperties] with type [String]
[DEBUG] 2017-06-04 15:06:44.125 [main] PropertySourcesPropertyResolver - Found key 'os.arch' in [systemProperties] with type [String]
[DEBUG] 2017-06-04 15:06:44.125 [main] PropertySourcesPropertyResolver - Found key 'surefire.real.class.path' in [systemProperties] with type [String]
[DEBUG] 2017-06-04 15:06:44.125 [main] PropertySourcesPropertyResolver - Found key 'java.io.tmpdir' in [systemProperties] with type [String]
[DEBUG] 2017-06-04 15:06:44.125 [main] PropertySourcesPropertyResolver - Found key 'line.separator' in [systemProperties] with type [String]
[DEBUG] 2017-06-04 15:06:44.125 [main] PropertySourcesPropertyResolver - Found key 'java.vm.specification.vendor' in [systemProperties] with type [String]
[DEBUG] 2017-06-04 15:06:44.125 [main] PropertySourcesPropertyResolver - Found key 'os.name' in [systemProperties] with type [String]
[DEBUG] 2017-06-04 15:06:44.126 [main] PropertySourcesPropertyResolver - Found key 'sun.jnu.encoding' in [systemProperties] with type [String]
[DEBUG] 2017-06-04 15:06:44.126 [main] PropertySourcesPropertyResolver - Found key 'spring.beaninfo.ignore' in [systemProperties] with type [String]
[DEBUG] 2017-06-04 15:06:44.126 [main] PropertySourcesPropertyResolver - Found key 'java.library.path' in [systemProperties] with type [String]
[DEBUG] 2017-06-04 15:06:44.126 [main] PropertySourcesPropertyResolver - Found key 'surefire.test.class.path' in [systemProperties] with type [String]
[DEBUG] 2017-06-04 15:06:44.126 [main] PropertySourcesPropertyResolver - Found key 'java.specification.name' in [systemProperties] with type [String]
[DEBUG] 2017-06-04 15:06:44.126 [main] PropertySourcesPropertyResolver - Found key 'java.class.version' in [systemProperties] with type [String]
[DEBUG] 2017-06-04 15:06:44.126 [main] PropertySourcesPropertyResolver - Found key 'sun.management.compiler' in [systemProperties] with type [String]
[DEBUG] 2017-06-04 15:06:44.126 [main] PropertySourcesPropertyResolver - Found key 'os.version' in [systemProperties] with type [String]
[DEBUG] 2017-06-04 15:06:44.126 [main] PropertySourcesPropertyResolver - Found key 'user.home' in [systemProperties] with type [String]
[DEBUG] 2017-06-04 15:06:44.126 [main] PropertySourcesPropertyResolver - Found key 'user.timezone' in [systemProperties] with type [String]
[DEBUG] 2017-06-04 15:06:44.127 [main] PropertySourcesPropertyResolver - Found key 'java.awt.printerjob' in [systemProperties] with type [String]
[DEBUG] 2017-06-04 15:06:44.127 [main] PropertySourcesPropertyResolver - Found key 'file.encoding' in [systemProperties] with type [String]
[DEBUG] 2017-06-04 15:06:44.127 [main] PropertySourcesPropertyResolver - Found key 'java.specification.version' in [systemProperties] with type [String]
[DEBUG] 2017-06-04 15:06:44.127 [main] PropertySourcesPropertyResolver - Found key 'java.class.path' in [systemProperties] with type [String]
[DEBUG] 2017-06-04 15:06:44.127 [main] PropertySourcesPropertyResolver - Found key 'user.name' in [systemProperties] with type [String]
[DEBUG] 2017-06-04 15:06:44.127 [main] PropertySourcesPropertyResolver - Found key 'java.vm.specification.version' in [systemProperties] with type [String]
[DEBUG] 2017-06-04 15:06:44.127 [main] PropertySourcesPropertyResolver - Found key 'sun.java.command' in [systemProperties] with type [String]
[DEBUG] 2017-06-04 15:06:44.127 [main] PropertySourcesPropertyResolver - Found key 'java.home' in [systemProperties] with type [String]
[DEBUG] 2017-06-04 15:06:44.127 [main] PropertySourcesPropertyResolver - Found key 'sun.arch.data.model' in [systemProperties] with type [String]
[DEBUG] 2017-06-04 15:06:44.128 [main] PropertySourcesPropertyResolver - Found key 'user.language' in [systemProperties] with type [String]
[DEBUG] 2017-06-04 15:06:44.128 [main] PropertySourcesPropertyResolver - Found key 'java.specification.vendor' in [systemProperties] with type [String]
[DEBUG] 2017-06-04 15:06:44.128 [main] PropertySourcesPropertyResolver - Found key 'awt.toolkit' in [systemProperties] with type [String]
[DEBUG] 2017-06-04 15:06:44.128 [main] PropertySourcesPropertyResolver - Found key 'java.vm.info' in [systemProperties] with type [String]
[DEBUG] 2017-06-04 15:06:44.128 [main] PropertySourcesPropertyResolver - Found key 'java.version' in [systemProperties] with type [String]
[DEBUG] 2017-06-04 15:06:44.128 [main] PropertySourcesPropertyResolver - Found key 'java.ext.dirs' in [systemProperties] with type [String]
[DEBUG] 2017-06-04 15:06:44.128 [main] PropertySourcesPropertyResolver - Found key 'sun.boot.class.path' in [systemProperties] with type [String]
[DEBUG] 2017-06-04 15:06:44.128 [main] PropertySourcesPropertyResolver - Found key 'java.awt.headless' in [systemProperties] with type [String]
[DEBUG] 2017-06-04 15:06:44.128 [main] PropertySourcesPropertyResolver - Found key 'java.vendor' in [systemProperties] with type [String]
[DEBUG] 2017-06-04 15:06:44.128 [main] PropertySourcesPropertyResolver - Found key 'localRepository' in [systemProperties] with type [String]
[DEBUG] 2017-06-04 15:06:44.129 [main] PropertySourcesPropertyResolver - Found key 'file.separator' in [systemProperties] with type [String]
[DEBUG] 2017-06-04 15:06:44.129 [main] PropertySourcesPropertyResolver - Found key 'java.vendor.url.bug' in [systemProperties] with type [String]
[DEBUG] 2017-06-04 15:06:44.129 [main] PropertySourcesPropertyResolver - Found key 'sun.io.unicode.encoding' in [systemProperties] with type [String]
[DEBUG] 2017-06-04 15:06:44.129 [main] PropertySourcesPropertyResolver - Found key 'sun.cpu.endian' in [systemProperties] with type [String]
[DEBUG] 2017-06-04 15:06:44.129 [main] PropertySourcesPropertyResolver - Found key 'sun.desktop' in [systemProperties] with type [String]
[DEBUG] 2017-06-04 15:06:44.129 [main] PropertySourcesPropertyResolver - Found key 'sun.cpu.isalist' in [systemProperties] with type [String]
[DEBUG] 2017-06-04 15:06:44.129 [main] PropertySourcesPropertyResolver - Found key 'PATH' in [systemEnvironment] with type [String]
[DEBUG] 2017-06-04 15:06:44.129 [main] PropertySourcesPropertyResolver - Found key 'XAUTHORITY' in [systemEnvironment] with type [String]
[DEBUG] 2017-06-04 15:06:44.129 [main] PropertySourcesPropertyResolver - Found key 'XMODIFIERS' in [systemEnvironment] with type [String]
[DEBUG] 2017-06-04 15:06:44.130 [main] PropertySourcesPropertyResolver - Found key 'XDG_DATA_DIRS' in [systemEnvironment] with type [String]
[DEBUG] 2017-06-04 15:06:44.130 [main] PropertySourcesPropertyResolver - Found key 'GDMSESSION' in [systemEnvironment] with type [String]
[DEBUG] 2017-06-04 15:06:44.130 [main] PropertySourcesPropertyResolver - Found key 'MANDATORY_PATH' in [systemEnvironment] with type [String]
[DEBUG] 2017-06-04 15:06:44.130 [main] PropertySourcesPropertyResolver - Found key 'GTK_IM_MODULE' in [systemEnvironment] with type [String]
[DEBUG] 2017-06-04 15:06:44.130 [main] PropertySourcesPropertyResolver - Found key 'DBUS_SESSION_BUS_ADDRESS' in [systemEnvironment] with type [String]
[DEBUG] 2017-06-04 15:06:44.130 [main] PropertySourcesPropertyResolver - Found key 'DEFAULTS_PATH' in [systemEnvironment] with type [String]
[DEBUG] 2017-06-04 15:06:44.130 [main] PropertySourcesPropertyResolver - Found key 'XDG_CURRENT_DESKTOP' in [systemEnvironment] with type [String]
[DEBUG] 2017-06-04 15:06:44.130 [main] PropertySourcesPropertyResolver - Found key 'UPSTART_SESSION' in [systemEnvironment] with type [String]
[DEBUG] 2017-06-04 15:06:44.130 [main] PropertySourcesPropertyResolver - Found key 'QT4_IM_MODULE' in [systemEnvironment] with type [String]
[DEBUG] 2017-06-04 15:06:44.131 [main] PropertySourcesPropertyResolver - Found key 'QT_LINUX_ACCESSIBILITY_ALWAYS_ON' in [systemEnvironment] with type [String]
[DEBUG] 2017-06-04 15:06:44.131 [main] PropertySourcesPropertyResolver - Found key 'LOGNAME' in [systemEnvironment] with type [String]
[DEBUG] 2017-06-04 15:06:44.131 [main] PropertySourcesPropertyResolver - Found key 'JOB' in [systemEnvironment] with type [String]
[DEBUG] 2017-06-04 15:06:44.131 [main] PropertySourcesPropertyResolver - Found key 'PWD' in [systemEnvironment] with type [String]
[DEBUG] 2017-06-04 15:06:44.131 [main] PropertySourcesPropertyResolver - Found key 'DERBY_HOME' in [systemEnvironment] with type [String]
[DEBUG] 2017-06-04 15:06:44.131 [main] PropertySourcesPropertyResolver - Found key 'IM_CONFIG_PHASE' in [systemEnvironment] with type [String]
[DEBUG] 2017-06-04 15:06:44.131 [main] PropertySourcesPropertyResolver - Found key 'LANGUAGE' in [systemEnvironment] with type [String]
[DEBUG] 2017-06-04 15:06:44.131 [main] PropertySourcesPropertyResolver - Found key 'SHELL' in [systemEnvironment] with type [String]
[DEBUG] 2017-06-04 15:06:44.132 [main] PropertySourcesPropertyResolver - Found key 'GIO_LAUNCHED_DESKTOP_FILE' in [systemEnvironment] with type [String]
[DEBUG] 2017-06-04 15:06:44.132 [main] PropertySourcesPropertyResolver - Found key 'GTK2_MODULES' in [systemEnvironment] with type [String]
[DEBUG] 2017-06-04 15:06:44.132 [main] PropertySourcesPropertyResolver - Found key 'INSTANCE' in [systemEnvironment] with type [String]
[DEBUG] 2017-06-04 15:06:44.132 [main] PropertySourcesPropertyResolver - Found key 'J2SDKDIR' in [systemEnvironment] with type [String]
[DEBUG] 2017-06-04 15:06:44.132 [main] PropertySourcesPropertyResolver - Found key 'OLDPWD' in [systemEnvironment] with type [String]
[DEBUG] 2017-06-04 15:06:44.132 [main] PropertySourcesPropertyResolver - Found key 'GNOME_DESKTOP_SESSION_ID' in [systemEnvironment] with type [String]
[DEBUG] 2017-06-04 15:06:44.132 [main] PropertySourcesPropertyResolver - Found key 'UPSTART_INSTANCE' in [systemEnvironment] with type [String]
[DEBUG] 2017-06-04 15:06:44.132 [main] PropertySourcesPropertyResolver - Found key 'GTK_MODULES' in [systemEnvironment] with type [String]
[DEBUG] 2017-06-04 15:06:44.133 [main] PropertySourcesPropertyResolver - Found key 'J2REDIR' in [systemEnvironment] with type [String]
[DEBUG] 2017-06-04 15:06:44.133 [main] PropertySourcesPropertyResolver - Found key 'GDK_SCALE' in [systemEnvironment] with type [String]
[DEBUG] 2017-06-04 15:06:44.133 [main] PropertySourcesPropertyResolver - Found key 'CLUTTER_IM_MODULE' in [systemEnvironment] with type [String]
[DEBUG] 2017-06-04 15:06:44.133 [main] PropertySourcesPropertyResolver - Found key 'XDG_SESSION_PATH' in [systemEnvironment] with type [String]
[DEBUG] 2017-06-04 15:06:44.133 [main] PropertySourcesPropertyResolver - Found key 'COMPIZ_BIN_PATH' in [systemEnvironment] with type [String]
[DEBUG] 2017-06-04 15:06:44.133 [main] PropertySourcesPropertyResolver - Found key 'SESSIONTYPE' in [systemEnvironment] with type [String]
[DEBUG] 2017-06-04 15:06:44.133 [main] PropertySourcesPropertyResolver - Found key 'XDG_SESSION_DESKTOP' in [systemEnvironment] with type [String]
[DEBUG] 2017-06-04 15:06:44.133 [main] PropertySourcesPropertyResolver - Found key 'SHLVL' in [systemEnvironment] with type [String]
[DEBUG] 2017-06-04 15:06:44.133 [main] PropertySourcesPropertyResolver - Found key 'OXYGEN_DISABLE_INNER_SHADOWS_HACK' in [systemEnvironment] with type [String]
[DEBUG] 2017-06-04 15:06:44.133 [main] PropertySourcesPropertyResolver - Found key 'COMPIZ_CONFIG_PROFILE' in [systemEnvironment] with type [String]
[DEBUG] 2017-06-04 15:06:44.134 [main] PropertySourcesPropertyResolver - Found key 'QT_IM_MODULE' in [systemEnvironment] with type [String]
[DEBUG] 2017-06-04 15:06:44.134 [main] PropertySourcesPropertyResolver - Found key 'UPSTART_JOB' in [systemEnvironment] with type [String]
[DEBUG] 2017-06-04 15:06:44.134 [main] PropertySourcesPropertyResolver - Found key 'JAVA_HOME' in [systemEnvironment] with type [String]
[DEBUG] 2017-06-04 15:06:44.134 [main] PropertySourcesPropertyResolver - Found key 'XDG_CONFIG_DIRS' in [systemEnvironment] with type [String]
[DEBUG] 2017-06-04 15:06:44.134 [main] PropertySourcesPropertyResolver - Found key 'XFILESEARCHPATH' in [systemEnvironment] with type [String]
[DEBUG] 2017-06-04 15:06:44.134 [main] PropertySourcesPropertyResolver - Found key 'LANG' in [systemEnvironment] with type [String]
[DEBUG] 2017-06-04 15:06:44.134 [main] PropertySourcesPropertyResolver - Found key 'GNOME_KEYRING_CONTROL' in [systemEnvironment] with type [String]
[DEBUG] 2017-06-04 15:06:44.134 [main] PropertySourcesPropertyResolver - Found key 'XDG_SEAT_PATH' in [systemEnvironment] with type [String]
[DEBUG] 2017-06-04 15:06:44.134 [main] PropertySourcesPropertyResolver - Found key 'XDG_SESSION_ID' in [systemEnvironment] with type [String]
[DEBUG] 2017-06-04 15:06:44.135 [main] PropertySourcesPropertyResolver - Found key 'XDG_SESSION_TYPE' in [systemEnvironment] with type [String]
[DEBUG] 2017-06-04 15:06:44.135 [main] PropertySourcesPropertyResolver - Found key 'DISPLAY' in [systemEnvironment] with type [String]
[DEBUG] 2017-06-04 15:06:44.135 [main] PropertySourcesPropertyResolver - Found key 'NODE_PATH' in [systemEnvironment] with type [String]
[DEBUG] 2017-06-04 15:06:44.135 [main] PropertySourcesPropertyResolver - Found key 'GDM_LANG' in [systemEnvironment] with type [String]
[DEBUG] 2017-06-04 15:06:44.135 [main] PropertySourcesPropertyResolver - Found key 'XDG_GREETER_DATA_DIR' in [systemEnvironment] with type [String]
[DEBUG] 2017-06-04 15:06:44.135 [main] PropertySourcesPropertyResolver - Found key 'UPSTART_EVENTS' in [systemEnvironment] with type [String]
[DEBUG] 2017-06-04 15:06:44.135 [main] PropertySourcesPropertyResolver - Found key 'LIBOVERLAY_SCROLLBAR' in [systemEnvironment] with type [String]
[DEBUG] 2017-06-04 15:06:44.135 [main] PropertySourcesPropertyResolver - Found key 'GPG_AGENT_INFO' in [systemEnvironment] with type [String]
[DEBUG] 2017-06-04 15:06:44.135 [main] PropertySourcesPropertyResolver - Found key 'GDK_CORE_DEVICE_EVENTS' in [systemEnvironment] with type [String]
[DEBUG] 2017-06-04 15:06:44.135 [main] PropertySourcesPropertyResolver - Found key 'DESKTOP_SESSION' in [systemEnvironment] with type [String]
[DEBUG] 2017-06-04 15:06:44.136 [main] PropertySourcesPropertyResolver - Found key 'SESSION' in [systemEnvironment] with type [String]
[DEBUG] 2017-06-04 15:06:44.136 [main] PropertySourcesPropertyResolver - Found key 'USER' in [systemEnvironment] with type [String]
[DEBUG] 2017-06-04 15:06:44.136 [main] PropertySourcesPropertyResolver - Found key 'GIO_LAUNCHED_DESKTOP_FILE_PID' in [systemEnvironment] with type [String]
[DEBUG] 2017-06-04 15:06:44.136 [main] PropertySourcesPropertyResolver - Found key 'QT_ACCESSIBILITY' in [systemEnvironment] with type [String]
[DEBUG] 2017-06-04 15:06:44.136 [main] PropertySourcesPropertyResolver - Found key 'SSH_AUTH_SOCK' in [systemEnvironment] with type [String]
[DEBUG] 2017-06-04 15:06:44.136 [main] PropertySourcesPropertyResolver - Found key 'XDG_SEAT' in [systemEnvironment] with type [String]
[DEBUG] 2017-06-04 15:06:44.136 [main] PropertySourcesPropertyResolver - Found key 'NLSPATH' in [systemEnvironment] with type [String]
[DEBUG] 2017-06-04 15:06:44.136 [main] PropertySourcesPropertyResolver - Found key 'QT_QPA_PLATFORMTHEME' in [systemEnvironment] with type [String]
[DEBUG] 2017-06-04 15:06:44.136 [main] PropertySourcesPropertyResolver - Found key 'XDG_VTNR' in [systemEnvironment] with type [String]
[DEBUG] 2017-06-04 15:06:44.136 [main] PropertySourcesPropertyResolver - Found key 'XDG_RUNTIME_DIR' in [systemEnvironment] with type [String]
[DEBUG] 2017-06-04 15:06:44.137 [main] PropertySourcesPropertyResolver - Found key 'HOME' in [systemEnvironment] with type [String]
[DEBUG] 2017-06-04 15:06:44.137 [main] PropertySourcesPropertyResolver - Found key 'GNOME_KEYRING_PID' in [systemEnvironment] with type [String]
[DEBUG] 2017-06-04 15:06:44.137 [main] PropertySourcesPropertyResolver - Found key 'logging.config' in [applicationConfigurationProperties] with type [String]
[DEBUG] 2017-06-04 15:06:44.149 [main] DefaultListableBeanFactory - Returning cached instance of singleton bean 'autoConfigurationReport'
[DEBUG] 2017-06-04 15:06:44.172 [main] DefaultListableBeanFactory - Returning cached instance of singleton bean 'autoConfigurationReport'
[DEBUG] 2017-06-04 15:06:44.182 [main] DefaultListableBeanFactory - Returning cached instance of singleton bean 'autoConfigurationReport'
[DEBUG] 2017-06-04 15:06:44.184 [main] DefaultListableBeanFactory - Returning cached instance of singleton bean 'autoConfigurationReport'
[DEBUG] 2017-06-04 15:06:44.200 [main] PropertySourcesPropertyResolver - Found key 'spring.cache.type' in [Annotations] with type [CacheType]
[DEBUG] 2017-06-04 15:06:44.201 [main] DefaultListableBeanFactory - Returning cached instance of singleton bean 'autoConfigurationReport'
[DEBUG] 2017-06-04 15:06:44.202 [main] DefaultListableBeanFactory - Returning cached instance of singleton bean 'autoConfigurationReport'
[DEBUG] 2017-06-04 15:06:44.204 [main] DefaultListableBeanFactory - Returning cached instance of singleton bean 'autoConfigurationReport'
[DEBUG] 2017-06-04 15:06:44.205 [main] DefaultListableBeanFactory - Returning cached instance of singleton bean 'autoConfigurationReport'
[DEBUG] 2017-06-04 15:06:44.206 [main] DefaultListableBeanFactory - Returning cached instance of singleton bean 'autoConfigurationReport'
[DEBUG] 2017-06-04 15:06:44.208 [main] DefaultListableBeanFactory - Returning cached instance of singleton bean 'autoConfigurationReport'
[DEBUG] 2017-06-04 15:06:44.209 [main] PropertySourcesPropertyResolver - Found key 'spring.cache.type' in [Annotations] with type [CacheType]
[DEBUG] 2017-06-04 15:06:44.209 [main] DefaultListableBeanFactory - Returning cached instance of singleton bean 'autoConfigurationReport'
[DEBUG] 2017-06-04 15:06:44.210 [main] DefaultListableBeanFactory - Returning cached instance of singleton bean 'autoConfigurationReport'
[DEBUG] 2017-06-04 15:06:44.212 [main] DefaultListableBeanFactory - Returning cached instance of singleton bean 'autoConfigurationReport'
[DEBUG] 2017-06-04 15:06:44.213 [main] PropertySourcesPropertyResolver - Found key 'spring.cache.type' in [Annotations] with type [CacheType]
[DEBUG] 2017-06-04 15:06:44.213 [main] DefaultListableBeanFactory - Returning cached instance of singleton bean 'autoConfigurationReport'
[DEBUG] 2017-06-04 15:06:44.214 [main] PropertySourcesPropertyResolver - Found key 'spring.cache.type' in [Annotations] with type [CacheType]
[DEBUG] 2017-06-04 15:06:44.214 [main] DefaultListableBeanFactory - Returning cached instance of singleton bean 'autoConfigurationReport'
[DEBUG] 2017-06-04 15:06:44.216 [main] DefaultListableBeanFactory - Returning cached instance of singleton bean 'autoConfigurationReport'
[DEBUG] 2017-06-04 15:06:44.217 [main] DefaultListableBeanFactory - Returning cached instance of singleton bean 'autoConfigurationReport'
[DEBUG] 2017-06-04 15:06:44.217 [main] DefaultListableBeanFactory - Returning cached instance of singleton bean 'autoConfigurationReport'
[DEBUG] 2017-06-04 15:06:44.219 [main] DefaultListableBeanFactory - Returning cached instance of singleton bean 'autoConfigurationReport'
[DEBUG] 2017-06-04 15:06:44.225 [main] DefaultListableBeanFactory - Returning cached instance of singleton bean 'autoConfigurationReport'
[DEBUG] 2017-06-04 15:06:44.228 [main] DefaultListableBeanFactory - Returning cached instance of singleton bean 'autoConfigurationReport'
[DEBUG] 2017-06-04 15:06:44.229 [main] DefaultListableBeanFactory - Returning cached instance of singleton bean 'autoConfigurationReport'
[DEBUG] 2017-06-04 15:06:44.231 [main] DefaultListableBeanFactory - Returning cached instance of singleton bean 'autoConfigurationReport'
[DEBUG] 2017-06-04 15:06:44.232 [main] DefaultListableBeanFactory - Returning cached instance of singleton bean 'autoConfigurationReport'
[DEBUG] 2017-06-04 15:06:44.234 [main] DefaultListableBeanFactory - Returning cached instance of singleton bean 'autoConfigurationReport'
[DEBUG] 2017-06-04 15:06:44.235 [main] DefaultListableBeanFactory - Returning cached instance of singleton bean 'autoConfigurationReport'
[DEBUG] 2017-06-04 15:06:44.240 [main] DefaultListableBeanFactory - Returning cached instance of singleton bean 'autoConfigurationReport'
[DEBUG] 2017-06-04 15:06:44.241 [main] DefaultListableBeanFactory - Returning cached instance of singleton bean 'autoConfigurationReport'
[DEBUG] 2017-06-04 15:06:44.241 [main] DefaultListableBeanFactory - Returning cached instance of singleton bean 'autoConfigurationReport'
[DEBUG] 2017-06-04 15:06:44.244 [main] DefaultListableBeanFactory - Returning cached instance of singleton bean 'autoConfigurationReport'
[DEBUG] 2017-06-04 15:06:44.247 [main] DefaultListableBeanFactory - Returning cached instance of singleton bean 'autoConfigurationReport'
[DEBUG] 2017-06-04 15:06:44.248 [main] DefaultListableBeanFactory - Returning cached instance of singleton bean 'autoConfigurationReport'
[DEBUG] 2017-06-04 15:06:44.260 [main] DefaultListableBeanFactory - Returning cached instance of singleton bean 'autoConfigurationReport'
[DEBUG] 2017-06-04 15:06:44.261 [main] DefaultListableBeanFactory - Returning cached instance of singleton bean 'autoConfigurationReport'
[DEBUG] 2017-06-04 15:06:44.261 [main] DefaultListableBeanFactory - Returning cached instance of singleton bean 'autoConfigurationReport'
[DEBUG] 2017-06-04 15:06:44.264 [main] PropertySourcesPropertyResolver - Found key 'spring.test.mockmvc.secure' in [Annotations] with type [Boolean]
[DEBUG] 2017-06-04 15:06:44.264 [main] DefaultListableBeanFactory - Returning cached instance of singleton bean 'autoConfigurationReport'
[DEBUG] 2017-06-04 15:06:44.270 [main] DefaultListableBeanFactory - Returning cached instance of singleton bean 'autoConfigurationReport'
[DEBUG] 2017-06-04 15:06:44.270 [main] DefaultListableBeanFactory - Returning cached instance of singleton bean 'autoConfigurationReport'
[DEBUG] 2017-06-04 15:06:44.272 [main] DefaultListableBeanFactory - Returning cached instance of singleton bean 'autoConfigurationReport'
[DEBUG] 2017-06-04 15:06:44.273 [main] DefaultListableBeanFactory - Returning cached instance of singleton bean 'autoConfigurationReport'
[DEBUG] 2017-06-04 15:06:44.274 [main] DefaultListableBeanFactory - Returning cached instance of singleton bean 'autoConfigurationReport'
[DEBUG] 2017-06-04 15:06:44.275 [main] PropertySourcesPropertyResolver - Found key 'spring.boot.enableautoconfiguration' in [test] with type [String]
[DEBUG] 2017-06-04 15:06:44.275 [main] ConfigurationClassBeanDefinitionReader - Registered bean definition for imported class 'com.stackroute.ng2boot.controllers.MovieRestControllerTest'
[DEBUG] 2017-06-04 15:06:44.290 [main] StandardEnvironment - Adding [systemProperties] PropertySource with lowest search precedence
[DEBUG] 2017-06-04 15:06:44.293 [main] StandardEnvironment - Adding [systemEnvironment] PropertySource with lowest search precedence
[DEBUG] 2017-06-04 15:06:44.294 [main] StandardEnvironment - Initialized StandardEnvironment with PropertySources [systemProperties,systemEnvironment]
[DEBUG] 2017-06-04 15:06:44.294 [main] PathMatchingResourcePatternResolver - Resolved classpath location [org/springframework/data/] to resources [URL [jar:file:/home/user/.m2/repository/org/springframework/data/spring-data-mongodb/1.9.5.RELEASE/spring-data-mongodb-1.9.5.RELEASE.jar!/org/springframework/data/], URL [jar:file:/home/user/.m2/repository/org/springframework/data/spring-data-commons/1.12.5.RELEASE/spring-data-commons-1.12.5.RELEASE.jar!/org/springframework/data/]]
[DEBUG] 2017-06-04 15:06:44.295 [main] PathMatchingResourcePatternResolver - Looking for matching resources in jar file [file:/home/user/.m2/repository/org/springframework/data/spring-data-mongodb/1.9.5.RELEASE/spring-data-mongodb-1.9.5.RELEASE.jar]
[DEBUG] 2017-06-04 15:06:44.307 [main] PathMatchingResourcePatternResolver - Looking for matching resources in jar file [file:/home/user/.m2/repository/org/springframework/data/spring-data-commons/1.12.5.RELEASE/spring-data-commons-1.12.5.RELEASE.jar]
[DEBUG] 2017-06-04 15:06:44.317 [main] PathMatchingResourcePatternResolver - Resolved location pattern [classpath*:org/springframework/data/**/repository/support/**/*.class] to resources [URL [jar:file:/home/user/.m2/repository/org/springframework/data/spring-data-mongodb/1.9.5.RELEASE/spring-data-mongodb-1.9.5.RELEASE.jar!/org/springframework/data/mongodb/repository/support/IndexEnsuringQueryCreationListener.class], URL [jar:file:/home/user/.m2/repository/org/springframework/data/spring-data-mongodb/1.9.5.RELEASE/spring-data-mongodb-1.9.5.RELEASE.jar!/org/springframework/data/mongodb/repository/support/MappingMongoEntityInformation.class], URL [jar:file:/home/user/.m2/repository/org/springframework/data/spring-data-mongodb/1.9.5.RELEASE/spring-data-mongodb-1.9.5.RELEASE.jar!/org/springframework/data/mongodb/repository/support/MongoAnnotationProcessor.class], URL [jar:file:/home/user/.m2/repository/org/springframework/data/spring-data-mongodb/1.9.5.RELEASE/spring-data-mongodb-1.9.5.RELEASE.jar!/org/springframework/data/mongodb/repository/support/MongoRepositoryFactory$MongoQueryLookupStrategy.class], URL [jar:file:/home/user/.m2/repository/org/springframework/data/spring-data-mongodb/1.9.5.RELEASE/spring-data-mongodb-1.9.5.RELEASE.jar!/org/springframework/data/mongodb/repository/support/MongoRepositoryFactory.class], URL [jar:file:/home/user/.m2/repository/org/springframework/data/spring-data-mongodb/1.9.5.RELEASE/spring-data-mongodb-1.9.5.RELEASE.jar!/org/springframework/data/mongodb/repository/support/MongoRepositoryFactoryBean.class], URL [jar:file:/home/user/.m2/repository/org/springframework/data/spring-data-mongodb/1.9.5.RELEASE/spring-data-mongodb-1.9.5.RELEASE.jar!/org/springframework/data/mongodb/repository/support/QueryDslMongoRepository.class], URL [jar:file:/home/user/.m2/repository/org/springframework/data/spring-data-mongodb/1.9.5.RELEASE/spring-data-mongodb-1.9.5.RELEASE.jar!/org/springframework/data/mongodb/repository/support/QuerydslRepositorySupport.class], URL [jar:file:/home/user/.m2/repository/org/springframework/data/spring-data-mongodb/1.9.5.RELEASE/spring-data-mongodb-1.9.5.RELEASE.jar!/org/springframework/data/mongodb/repository/support/SimpleMongoRepository.class], URL [jar:file:/home/user/.m2/repository/org/springframework/data/spring-data-mongodb/1.9.5.RELEASE/spring-data-mongodb-1.9.5.RELEASE.jar!/org/springframework/data/mongodb/repository/support/SpringDataMongodbQuery$1.class], URL [jar:file:/home/user/.m2/repository/org/springframework/data/spring-data-mongodb/1.9.5.RELEASE/spring-data-mongodb-1.9.5.RELEASE.jar!/org/springframework/data/mongodb/repository/support/SpringDataMongodbQuery.class], URL [jar:file:/home/user/.m2/repository/org/springframework/data/spring-data-mongodb/1.9.5.RELEASE/spring-data-mongodb-1.9.5.RELEASE.jar!/org/springframework/data/mongodb/repository/support/SpringDataMongodbSerializer.class], URL [jar:file:/home/user/.m2/repository/org/springframework/data/spring-data-commons/1.12.5.RELEASE/spring-data-commons-1.12.5.RELEASE.jar!/org/springframework/data/repository/support/AnnotationAttribute.class], URL [jar:file:/home/user/.m2/repository/org/springframework/data/spring-data-commons/1.12.5.RELEASE/spring-data-commons-1.12.5.RELEASE.jar!/org/springframework/data/repository/support/CrudRepositoryInvoker.class], URL [jar:file:/home/user/.m2/repository/org/springframework/data/spring-data-commons/1.12.5.RELEASE/spring-data-commons-1.12.5.RELEASE.jar!/org/springframework/data/repository/support/DefaultRepositoryInvokerFactory.class], URL [jar:file:/home/user/.m2/repository/org/springframework/data/spring-data-commons/1.12.5.RELEASE/spring-data-commons-1.12.5.RELEASE.jar!/org/springframework/data/repository/support/DomainClassConverter$ToEntityConverter.class], URL [jar:file:/home/user/.m2/repository/org/springframework/data/spring-data-commons/1.12.5.RELEASE/spring-data-commons-1.12.5.RELEASE.jar!/org/springframework/data/repository/support/DomainClassConverter$ToIdConverter.class], URL [jar:file:/home/user/.m2/repository/org/springframework/data/spring-data-commons/1.12.5.RELEASE/spring-data-commons-1.12.5.RELEASE.jar!/org/springframework/data/repository/support/DomainClassConverter.class], URL [jar:file:/home/user/.m2/repository/org/springframework/data/spring-data-commons/1.12.5.RELEASE/spring-data-commons-1.12.5.RELEASE.jar!/org/springframework/data/repository/support/DomainClassPropertyEditor.class], URL [jar:file:/home/user/.m2/repository/org/springframework/data/spring-data-commons/1.12.5.RELEASE/spring-data-commons-1.12.5.RELEASE.jar!/org/springframework/data/repository/support/DomainClassPropertyEditorRegistrar.class], URL [jar:file:/home/user/.m2/repository/org/springframework/data/spring-data-commons/1.12.5.RELEASE/spring-data-commons-1.12.5.RELEASE.jar!/org/springframework/data/repository/support/MethodParameters$AnnotationNamingMethodParameter.class], URL [jar:file:/home/user/.m2/repository/org/springframework/data/spring-data-commons/1.12.5.RELEASE/spring-data-commons-1.12.5.RELEASE.jar!/org/springframework/data/repository/support/MethodParameters.class], URL [jar:file:/home/user/.m2/repository/org/springframework/data/spring-data-commons/1.12.5.RELEASE/spring-data-commons-1.12.5.RELEASE.jar!/org/springframework/data/repository/support/PagingAndSortingRepositoryInvoker.class], URL [jar:file:/home/user/.m2/repository/org/springframework/data/spring-data-commons/1.12.5.RELEASE/spring-data-commons-1.12.5.RELEASE.jar!/org/springframework/data/repository/support/QueryMethodParameterConversionException.class], URL [jar:file:/home/user/.m2/repository/org/springframework/data/spring-data-commons/1.12.5.RELEASE/spring-data-commons-1.12.5.RELEASE.jar!/org/springframework/data/repository/support/ReflectionRepositoryInvoker.class], URL [jar:file:/home/user/.m2/repository/org/springframework/data/spring-data-commons/1.12.5.RELEASE/spring-data-commons-1.12.5.RELEASE.jar!/org/springframework/data/repository/support/Repositories$EmptyRepositoryFactoryInformation.class], URL [jar:file:/home/user/.m2/repository/org/springframework/data/spring-data-commons/1.12.5.RELEASE/spring-data-commons-1.12.5.RELEASE.jar!/org/springframework/data/repository/support/Repositories.class], URL [jar:file:/home/user/.m2/repository/org/springframework/data/spring-data-commons/1.12.5.RELEASE/spring-data-commons-1.12.5.RELEASE.jar!/org/springframework/data/repository/support/RepositoryInvocationInformation.class], URL [jar:file:/home/user/.m2/repository/org/springframework/data/spring-data-commons/1.12.5.RELEASE/spring-data-commons-1.12.5.RELEASE.jar!/org/springframework/data/repository/support/RepositoryInvoker.class], URL [jar:file:/home/user/.m2/repository/org/springframework/data/spring-data-commons/1.12.5.RELEASE/spring-data-commons-1.12.5.RELEASE.jar!/org/springframework/data/repository/support/RepositoryInvokerFactory.class]]
[DEBUG] 2017-06-04 15:06:44.332 [main] AssignableTypeFilter - Could not read super class [com.querydsl.apt.AbstractQuerydslProcessor] of type-filtered class [org.springframework.data.mongodb.repository.support.MongoAnnotationProcessor]
[DEBUG] 2017-06-04 15:06:44.334 [main] ClassPathScanningCandidateComponentProvider - Identified candidate component class: URL [jar:file:/home/user/.m2/repository/org/springframework/data/spring-data-mongodb/1.9.5.RELEASE/spring-data-mongodb-1.9.5.RELEASE.jar!/org/springframework/data/mongodb/repository/support/MongoRepositoryFactory.class]
[DEBUG] 2017-06-04 15:06:44.343 [main] AssignableTypeFilter - Could not read super class [com.querydsl.mongodb.AbstractMongodbQuery] of type-filtered class [org.springframework.data.mongodb.repository.support.SpringDataMongodbQuery]
[DEBUG] 2017-06-04 15:06:44.344 [main] AssignableTypeFilter - Could not read super class [com.querydsl.mongodb.MongodbSerializer] of type-filtered class [org.springframework.data.mongodb.repository.support.SpringDataMongodbSerializer]
[DEBUG] 2017-06-04 15:06:44.383 [main] StandardEnvironment - Adding [systemProperties] PropertySource with lowest search precedence
[DEBUG] 2017-06-04 15:06:44.383 [main] StandardEnvironment - Adding [systemEnvironment] PropertySource with lowest search precedence
[DEBUG] 2017-06-04 15:06:44.383 [main] StandardEnvironment - Initialized StandardEnvironment with PropertySources [systemProperties,systemEnvironment]
[DEBUG] 2017-06-04 15:06:44.384 [main] PathMatchingResourcePatternResolver - Resolved classpath location [com/stackroute/ng2boot/] to resources [URL [file:/home/user/Downloads/part1_movieapp-starter/spring-rest/target/test-classes/com/stackroute/ng2boot/], URL [file:/home/user/Downloads/part1_movieapp-starter/spring-rest/target/classes/com/stackroute/ng2boot/]]
[DEBUG] 2017-06-04 15:06:44.384 [main] PathMatchingResourcePatternResolver - Looking for matching resources in directory tree [/home/user/Downloads/part1_movieapp-starter/spring-rest/target/test-classes/com/stackroute/ng2boot]
[DEBUG] 2017-06-04 15:06:44.384 [main] PathMatchingResourcePatternResolver - Searching directory [/home/user/Downloads/part1_movieapp-starter/spring-rest/target/test-classes/com/stackroute/ng2boot] for files matching pattern [/home/user/Downloads/part1_movieapp-starter/spring-rest/target/test-classes/com/stackroute/ng2boot/**/*.class]
[DEBUG] 2017-06-04 15:06:44.384 [main] PathMatchingResourcePatternResolver - Searching directory [/home/user/Downloads/part1_movieapp-starter/spring-rest/target/test-classes/com/stackroute/ng2boot/controllers] for files matching pattern [/home/user/Downloads/part1_movieapp-starter/spring-rest/target/test-classes/com/stackroute/ng2boot/**/*.class]
[DEBUG] 2017-06-04 15:06:44.385 [main] PathMatchingResourcePatternResolver - Looking for matching resources in directory tree [/home/user/Downloads/part1_movieapp-starter/spring-rest/target/classes/com/stackroute/ng2boot]
[DEBUG] 2017-06-04 15:06:44.385 [main] PathMatchingResourcePatternResolver - Searching directory [/home/user/Downloads/part1_movieapp-starter/spring-rest/target/classes/com/stackroute/ng2boot] for files matching pattern [/home/user/Downloads/part1_movieapp-starter/spring-rest/target/classes/com/stackroute/ng2boot/**/*.class]
[DEBUG] 2017-06-04 15:06:44.385 [main] PathMatchingResourcePatternResolver - Searching directory [/home/user/Downloads/part1_movieapp-starter/spring-rest/target/classes/com/stackroute/ng2boot/config] for files matching pattern [/home/user/Downloads/part1_movieapp-starter/spring-rest/target/classes/com/stackroute/ng2boot/**/*.class]
[DEBUG] 2017-06-04 15:06:44.385 [main] PathMatchingResourcePatternResolver - Searching directory [/home/user/Downloads/part1_movieapp-starter/spring-rest/target/classes/com/stackroute/ng2boot/controllers] for files matching pattern [/home/user/Downloads/part1_movieapp-starter/spring-rest/target/classes/com/stackroute/ng2boot/**/*.class]
[DEBUG] 2017-06-04 15:06:44.385 [main] PathMatchingResourcePatternResolver - Searching directory [/home/user/Downloads/part1_movieapp-starter/spring-rest/target/classes/com/stackroute/ng2boot/domain] for files matching pattern [/home/user/Downloads/part1_movieapp-starter/spring-rest/target/classes/com/stackroute/ng2boot/**/*.class]
[DEBUG] 2017-06-04 15:06:44.386 [main] PathMatchingResourcePatternResolver - Searching directory [/home/user/Downloads/part1_movieapp-starter/spring-rest/target/classes/com/stackroute/ng2boot/links] for files matching pattern [/home/user/Downloads/part1_movieapp-starter/spring-rest/target/classes/com/stackroute/ng2boot/**/*.class]
[DEBUG] 2017-06-04 15:06:44.386 [main] PathMatchingResourcePatternResolver - Searching directory [/home/user/Downloads/part1_movieapp-starter/spring-rest/target/classes/com/stackroute/ng2boot/repository] for files matching pattern [/home/user/Downloads/part1_movieapp-starter/spring-rest/target/classes/com/stackroute/ng2boot/**/*.class]
[DEBUG] 2017-06-04 15:06:44.386 [main] PathMatchingResourcePatternResolver - Searching directory [/home/user/Downloads/part1_movieapp-starter/spring-rest/target/classes/com/stackroute/ng2boot/service] for files matching pattern [/home/user/Downloads/part1_movieapp-starter/spring-rest/target/classes/com/stackroute/ng2boot/**/*.class]
[DEBUG] 2017-06-04 15:06:44.386 [main] PathMatchingResourcePatternResolver - Resolved location pattern [classpath*:com/stackroute/ng2boot/**/*.class] to resources [file [/home/user/Downloads/part1_movieapp-starter/spring-rest/target/test-classes/com/stackroute/ng2boot/Ng2bootApplicationTests.class], file [/home/user/Downloads/part1_movieapp-starter/spring-rest/target/test-classes/com/stackroute/ng2boot/controllers/MovieRestControllerTest.class], file [/home/user/Downloads/part1_movieapp-starter/spring-rest/target/classes/com/stackroute/ng2boot/Ng2bootApplication.class], file [/home/user/Downloads/part1_movieapp-starter/spring-rest/target/classes/com/stackroute/ng2boot/config/SwaggerConfig.class], file [/home/user/Downloads/part1_movieapp-starter/spring-rest/target/classes/com/stackroute/ng2boot/controllers/MovieRestController.class], file [/home/user/Downloads/part1_movieapp-starter/spring-rest/target/classes/com/stackroute/ng2boot/controllers/MovieRestControllerTest.class], file [/home/user/Downloads/part1_movieapp-starter/spring-rest/target/classes/com/stackroute/ng2boot/domain/Movie.class], file [/home/user/Downloads/part1_movieapp-starter/spring-rest/target/classes/com/stackroute/ng2boot/links/MovieLinks.class], file [/home/user/Downloads/part1_movieapp-starter/spring-rest/target/classes/com/stackroute/ng2boot/links/MovieLinksImpl.class], file [/home/user/Downloads/part1_movieapp-starter/spring-rest/target/classes/com/stackroute/ng2boot/repository/CrudsRepository.class], file [/home/user/Downloads/part1_movieapp-starter/spring-rest/target/classes/com/stackroute/ng2boot/repository/MovieRepository.class], file [/home/user/Downloads/part1_movieapp-starter/spring-rest/target/classes/com/stackroute/ng2boot/service/MovieGetService.class], file [/home/user/Downloads/part1_movieapp-starter/spring-rest/target/classes/com/stackroute/ng2boot/service/MovieGetServiceImpl.class]]
[DEBUG] 2017-06-04 15:06:44.395 [main] RepositoryComponentProvider - Identified candidate component class: file [/home/user/Downloads/part1_movieapp-starter/spring-rest/target/classes/com/stackroute/ng2boot/repository/CrudsRepository.class]
[DEBUG] 2017-06-04 15:06:44.397 [main] RepositoryComponentProvider - Identified candidate component class: file [/home/user/Downloads/part1_movieapp-starter/spring-rest/target/classes/com/stackroute/ng2boot/repository/MovieRepository.class]
[DEBUG] 2017-06-04 15:06:44.398 [main] StandardEnvironment - Adding [systemProperties] PropertySource with lowest search precedence
[DEBUG] 2017-06-04 15:06:44.399 [main] StandardEnvironment - Adding [systemEnvironment] PropertySource with lowest search precedence
[DEBUG] 2017-06-04 15:06:44.399 [main] StandardEnvironment - Initialized StandardEnvironment with PropertySources [systemProperties,systemEnvironment]
[DEBUG] 2017-06-04 15:06:44.399 [main] PathMatchingResourcePatternResolver - Resolved classpath location [com/stackroute/ng2boot/] to resources [URL [file:/home/user/Downloads/part1_movieapp-starter/spring-rest/target/test-classes/com/stackroute/ng2boot/], URL [file:/home/user/Downloads/part1_movieapp-starter/spring-rest/target/classes/com/stackroute/ng2boot/]]
[DEBUG] 2017-06-04 15:06:44.399 [main] PathMatchingResourcePatternResolver - Looking for matching resources in directory tree [/home/user/Downloads/part1_movieapp-starter/spring-rest/target/test-classes/com/stackroute/ng2boot]
[DEBUG] 2017-06-04 15:06:44.399 [main] PathMatchingResourcePatternResolver - Searching directory [/home/user/Downloads/part1_movieapp-starter/spring-rest/target/test-classes/com/stackroute/ng2boot] for files matching pattern [/home/user/Downloads/part1_movieapp-starter/spring-rest/target/test-classes/com/stackroute/ng2boot/**/*CrudsRepositoryImpl.class]
[DEBUG] 2017-06-04 15:06:44.400 [main] PathMatchingResourcePatternResolver - Searching directory [/home/user/Downloads/part1_movieapp-starter/spring-rest/target/test-classes/com/stackroute/ng2boot/controllers] for files matching pattern [/home/user/Downloads/part1_movieapp-starter/spring-rest/target/test-classes/com/stackroute/ng2boot/**/*CrudsRepositoryImpl.class]
[DEBUG] 2017-06-04 15:06:44.400 [main] PathMatchingResourcePatternResolver - Looking for matching resources in directory tree [/home/user/Downloads/part1_movieapp-starter/spring-rest/target/classes/com/stackroute/ng2boot]
[DEBUG] 2017-06-04 15:06:44.400 [main] PathMatchingResourcePatternResolver - Searching directory [/home/user/Downloads/part1_movieapp-starter/spring-rest/target/classes/com/stackroute/ng2boot] for files matching pattern [/home/user/Downloads/part1_movieapp-starter/spring-rest/target/classes/com/stackroute/ng2boot/**/*CrudsRepositoryImpl.class]
[DEBUG] 2017-06-04 15:06:44.400 [main] PathMatchingResourcePatternResolver - Searching directory [/home/user/Downloads/part1_movieapp-starter/spring-rest/target/classes/com/stackroute/ng2boot/config] for files matching pattern [/home/user/Downloads/part1_movieapp-starter/spring-rest/target/classes/com/stackroute/ng2boot/**/*CrudsRepositoryImpl.class]
[DEBUG] 2017-06-04 15:06:44.400 [main] PathMatchingResourcePatternResolver - Searching directory [/home/user/Downloads/part1_movieapp-starter/spring-rest/target/classes/com/stackroute/ng2boot/controllers] for files matching pattern [/home/user/Downloads/part1_movieapp-starter/spring-rest/target/classes/com/stackroute/ng2boot/**/*CrudsRepositoryImpl.class]
[DEBUG] 2017-06-04 15:06:44.400 [main] PathMatchingResourcePatternResolver - Searching directory [/home/user/Downloads/part1_movieapp-starter/spring-rest/target/classes/com/stackroute/ng2boot/domain] for files matching pattern [/home/user/Downloads/part1_movieapp-starter/spring-rest/target/classes/com/stackroute/ng2boot/**/*CrudsRepositoryImpl.class]
[DEBUG] 2017-06-04 15:06:44.401 [main] PathMatchingResourcePatternResolver - Searching directory [/home/user/Downloads/part1_movieapp-starter/spring-rest/target/classes/com/stackroute/ng2boot/links] for files matching pattern [/home/user/Downloads/part1_movieapp-starter/spring-rest/target/classes/com/stackroute/ng2boot/**/*CrudsRepositoryImpl.class]
[DEBUG] 2017-06-04 15:06:44.401 [main] PathMatchingResourcePatternResolver - Searching directory [/home/user/Downloads/part1_movieapp-starter/spring-rest/target/classes/com/stackroute/ng2boot/repository] for files matching pattern [/home/user/Downloads/part1_movieapp-starter/spring-rest/target/classes/com/stackroute/ng2boot/**/*CrudsRepositoryImpl.class]
[DEBUG] 2017-06-04 15:06:44.401 [main] PathMatchingResourcePatternResolver - Searching directory [/home/user/Downloads/part1_movieapp-starter/spring-rest/target/classes/com/stackroute/ng2boot/service] for files matching pattern [/home/user/Downloads/part1_movieapp-starter/spring-rest/target/classes/com/stackroute/ng2boot/**/*CrudsRepositoryImpl.class]
[DEBUG] 2017-06-04 15:06:44.401 [main] PathMatchingResourcePatternResolver - Resolved location pattern [classpath*:com/stackroute/ng2boot/**/*CrudsRepositoryImpl.class] to resources []
[DEBUG] 2017-06-04 15:06:44.401 [main] RepositoryConfigurationDelegate - Spring Data MongoDB - Registering repository: crudsRepository - Interface: com.stackroute.ng2boot.repository.CrudsRepository - Factory: org.springframework.data.mongodb.repository.support.MongoRepositoryFactoryBean
[DEBUG] 2017-06-04 15:06:44.407 [main] StandardEnvironment - Adding [systemProperties] PropertySource with lowest search precedence
[DEBUG] 2017-06-04 15:06:44.407 [main] StandardEnvironment - Adding [systemEnvironment] PropertySource with lowest search precedence
[DEBUG] 2017-06-04 15:06:44.407 [main] StandardEnvironment - Initialized StandardEnvironment with PropertySources [systemProperties,systemEnvironment]
[DEBUG] 2017-06-04 15:06:44.408 [main] PathMatchingResourcePatternResolver - Resolved classpath location [com/stackroute/ng2boot/] to resources [URL [file:/home/user/Downloads/part1_movieapp-starter/spring-rest/target/test-classes/com/stackroute/ng2boot/], URL [file:/home/user/Downloads/part1_movieapp-starter/spring-rest/target/classes/com/stackroute/ng2boot/]]
[DEBUG] 2017-06-04 15:06:44.411 [main] PathMatchingResourcePatternResolver - Looking for matching resources in directory tree [/home/user/Downloads/part1_movieapp-starter/spring-rest/target/test-classes/com/stackroute/ng2boot]
[DEBUG] 2017-06-04 15:06:44.412 [main] PathMatchingResourcePatternResolver - Searching directory [/home/user/Downloads/part1_movieapp-starter/spring-rest/target/test-classes/com/stackroute/ng2boot] for files matching pattern [/home/user/Downloads/part1_movieapp-starter/spring-rest/target/test-classes/com/stackroute/ng2boot/**/*MovieRepositoryImpl.class]
[DEBUG] 2017-06-04 15:06:44.412 [main] PathMatchingResourcePatternResolver - Searching directory [/home/user/Downloads/part1_movieapp-starter/spring-rest/target/test-classes/com/stackroute/ng2boot/controllers] for files matching pattern [/home/user/Downloads/part1_movieapp-starter/spring-rest/target/test-classes/com/stackroute/ng2boot/**/*MovieRepositoryImpl.class]
[DEBUG] 2017-06-04 15:06:44.412 [main] PathMatchingResourcePatternResolver - Looking for matching resources in directory tree [/home/user/Downloads/part1_movieapp-starter/spring-rest/target/classes/com/stackroute/ng2boot]
[DEBUG] 2017-06-04 15:06:44.412 [main] PathMatchingResourcePatternResolver - Searching directory [/home/user/Downloads/part1_movieapp-starter/spring-rest/target/classes/com/stackroute/ng2boot] for files matching pattern [/home/user/Downloads/part1_movieapp-starter/spring-rest/target/classes/com/stackroute/ng2boot/**/*MovieRepositoryImpl.class]
[DEBUG] 2017-06-04 15:06:44.413 [main] PathMatchingResourcePatternResolver - Searching directory [/home/user/Downloads/part1_movieapp-starter/spring-rest/target/classes/com/stackroute/ng2boot/config] for files matching pattern [/home/user/Downloads/part1_movieapp-starter/spring-rest/target/classes/com/stackroute/ng2boot/**/*MovieRepositoryImpl.class]
[DEBUG] 2017-06-04 15:06:44.413 [main] PathMatchingResourcePatternResolver - Searching directory [/home/user/Downloads/part1_movieapp-starter/spring-rest/target/classes/com/stackroute/ng2boot/controllers] for files matching pattern [/home/user/Downloads/part1_movieapp-starter/spring-rest/target/classes/com/stackroute/ng2boot/**/*MovieRepositoryImpl.class]
[DEBUG] 2017-06-04 15:06:44.413 [main] PathMatchingResourcePatternResolver - Searching directory [/home/user/Downloads/part1_movieapp-starter/spring-rest/target/classes/com/stackroute/ng2boot/domain] for files matching pattern [/home/user/Downloads/part1_movieapp-starter/spring-rest/target/classes/com/stackroute/ng2boot/**/*MovieRepositoryImpl.class]
[DEBUG] 2017-06-04 15:06:44.413 [main] PathMatchingResourcePatternResolver - Searching directory [/home/user/Downloads/part1_movieapp-starter/spring-rest/target/classes/com/stackroute/ng2boot/links] for files matching pattern [/home/user/Downloads/part1_movieapp-starter/spring-rest/target/classes/com/stackroute/ng2boot/**/*MovieRepositoryImpl.class]
[DEBUG] 2017-06-04 15:06:44.413 [main] PathMatchingResourcePatternResolver - Searching directory [/home/user/Downloads/part1_movieapp-starter/spring-rest/target/classes/com/stackroute/ng2boot/repository] for files matching pattern [/home/user/Downloads/part1_movieapp-starter/spring-rest/target/classes/com/stackroute/ng2boot/**/*MovieRepositoryImpl.class]
[DEBUG] 2017-06-04 15:06:44.414 [main] PathMatchingResourcePatternResolver - Searching directory [/home/user/Downloads/part1_movieapp-starter/spring-rest/target/classes/com/stackroute/ng2boot/service] for files matching pattern [/home/user/Downloads/part1_movieapp-starter/spring-rest/target/classes/com/stackroute/ng2boot/**/*MovieRepositoryImpl.class]
[DEBUG] 2017-06-04 15:06:44.414 [main] PathMatchingResourcePatternResolver - Resolved location pattern [classpath*:com/stackroute/ng2boot/**/*MovieRepositoryImpl.class] to resources []
[DEBUG] 2017-06-04 15:06:44.414 [main] RepositoryConfigurationDelegate - Spring Data MongoDB - Registering repository: movieRepository - Interface: com.stackroute.ng2boot.repository.MovieRepository - Factory: org.springframework.data.mongodb.repository.support.MongoRepositoryFactoryBean
[DEBUG] 2017-06-04 15:06:44.415 [main] DefaultListableBeanFactory - Returning cached instance of singleton bean 'autoConfigurationReport'
[DEBUG] 2017-06-04 15:06:44.415 [main] DefaultListableBeanFactory - Returning cached instance of singleton bean 'autoConfigurationReport'
[DEBUG] 2017-06-04 15:06:44.415 [main] DefaultListableBeanFactory - Creating shared instance of singleton bean 'org.springframework.boot.autoconfigure.condition.BeanTypeRegistry'
[DEBUG] 2017-06-04 15:06:44.415 [main] DefaultListableBeanFactory - Creating instance of bean 'org.springframework.boot.autoconfigure.condition.BeanTypeRegistry'
[DEBUG] 2017-06-04 15:06:44.416 [main] DefaultListableBeanFactory - Eagerly caching bean 'org.springframework.boot.autoconfigure.condition.BeanTypeRegistry' to allow for resolving potential circular references
[DEBUG] 2017-06-04 15:06:44.416 [main] DefaultListableBeanFactory - Finished creating instance of bean 'org.springframework.boot.autoconfigure.condition.BeanTypeRegistry'
[DEBUG] 2017-06-04 15:06:44.417 [main] DefaultListableBeanFactory - Returning cached instance of singleton bean 'autoConfigurationReport'
[DEBUG] 2017-06-04 15:06:44.417 [main] ConfigurationClassBeanDefinitionReader - Registered bean definition for imported class 'org.springframework.boot.autoconfigure.web.WebMvcAutoConfiguration$EnableWebMvcConfiguration'
[DEBUG] 2017-06-04 15:06:44.418 [main] ConfigurationClassBeanDefinitionReader - Registering bean definition for @Bean method org.springframework.boot.autoconfigure.web.WebMvcAutoConfiguration$EnableWebMvcConfiguration.requestMappingHandlerAdapter()
[DEBUG] 2017-06-04 15:06:44.418 [main] ConfigurationClassBeanDefinitionReader - Registering bean definition for @Bean method org.springframework.boot.autoconfigure.web.WebMvcAutoConfiguration$EnableWebMvcConfiguration.requestMappingHandlerMapping()
[DEBUG] 2017-06-04 15:06:44.418 [main] ConfigurationClassBeanDefinitionReader - Registering bean definition for @Bean method org.springframework.boot.autoconfigure.web.WebMvcAutoConfiguration$EnableWebMvcConfiguration.mvcPathMatcher()
[DEBUG] 2017-06-04 15:06:44.418 [main] ConfigurationClassBeanDefinitionReader - Registering bean definition for @Bean method org.springframework.boot.autoconfigure.web.WebMvcAutoConfiguration$EnableWebMvcConfiguration.mvcUrlPathHelper()
[DEBUG] 2017-06-04 15:06:44.418 [main] ConfigurationClassBeanDefinitionReader - Registering bean definition for @Bean method org.springframework.boot.autoconfigure.web.WebMvcAutoConfiguration$EnableWebMvcConfiguration.mvcContentNegotiationManager()
[DEBUG] 2017-06-04 15:06:44.418 [main] ConfigurationClassBeanDefinitionReader - Registering bean definition for @Bean method org.springframework.boot.autoconfigure.web.WebMvcAutoConfiguration$EnableWebMvcConfiguration.viewControllerHandlerMapping()
[DEBUG] 2017-06-04 15:06:44.418 [main] ConfigurationClassBeanDefinitionReader - Registering bean definition for @Bean method org.springframework.boot.autoconfigure.web.WebMvcAutoConfiguration$EnableWebMvcConfiguration.beanNameHandlerMapping()
[DEBUG] 2017-06-04 15:06:44.419 [main] ConfigurationClassBeanDefinitionReader - Registering bean definition for @Bean method org.springframework.boot.autoconfigure.web.WebMvcAutoConfiguration$EnableWebMvcConfiguration.resourceHandlerMapping()
[DEBUG] 2017-06-04 15:06:44.419 [main] ConfigurationClassBeanDefinitionReader - Registering bean definition for @Bean method org.springframework.boot.autoconfigure.web.WebMvcAutoConfiguration$EnableWebMvcConfiguration.mvcResourceUrlProvider()
[DEBUG] 2017-06-04 15:06:44.419 [main] ConfigurationClassBeanDefinitionReader - Registering bean definition for @Bean method org.springframework.boot.autoconfigure.web.WebMvcAutoConfiguration$EnableWebMvcConfiguration.defaultServletHandlerMapping()
[DEBUG] 2017-06-04 15:06:44.420 [main] ConfigurationClassBeanDefinitionReader - Registering bean definition for @Bean method org.springframework.boot.autoconfigure.web.WebMvcAutoConfiguration$EnableWebMvcConfiguration.mvcConversionService()
[DEBUG] 2017-06-04 15:06:44.420 [main] ConfigurationClassBeanDefinitionReader - Registering bean definition for @Bean method org.springframework.boot.autoconfigure.web.WebMvcAutoConfiguration$EnableWebMvcConfiguration.mvcValidator()
[DEBUG] 2017-06-04 15:06:44.420 [main] ConfigurationClassBeanDefinitionReader - Registering bean definition for @Bean method org.springframework.boot.autoconfigure.web.WebMvcAutoConfiguration$EnableWebMvcConfiguration.mvcUriComponentsContributor()
[DEBUG] 2017-06-04 15:06:44.420 [main] ConfigurationClassBeanDefinitionReader - Registering bean definition for @Bean method org.springframework.boot.autoconfigure.web.WebMvcAutoConfiguration$EnableWebMvcConfiguration.httpRequestHandlerAdapter()
[DEBUG] 2017-06-04 15:06:44.420 [main] ConfigurationClassBeanDefinitionReader - Registering bean definition for @Bean method org.springframework.boot.autoconfigure.web.WebMvcAutoConfiguration$EnableWebMvcConfiguration.simpleControllerHandlerAdapter()
[DEBUG] 2017-06-04 15:06:44.420 [main] ConfigurationClassBeanDefinitionReader - Registering bean definition for @Bean method org.springframework.boot.autoconfigure.web.WebMvcAutoConfiguration$EnableWebMvcConfiguration.handlerExceptionResolver()
[DEBUG] 2017-06-04 15:06:44.421 [main] ConfigurationClassBeanDefinitionReader - Registering bean definition for @Bean method org.springframework.boot.autoconfigure.web.WebMvcAutoConfiguration$EnableWebMvcConfiguration.mvcViewResolver()
[DEBUG] 2017-06-04 15:06:44.421 [main] DefaultListableBeanFactory - Returning cached instance of singleton bean 'autoConfigurationReport'
[DEBUG] 2017-06-04 15:06:44.421 [main] ConfigurationClassBeanDefinitionReader - Registered bean definition for imported class 'org.springframework.boot.autoconfigure.web.WebMvcAutoConfiguration$WebMvcAutoConfigurationAdapter$FaviconConfiguration'
[DEBUG] 2017-06-04 15:06:44.422 [main] ConfigurationClassBeanDefinitionReader - Registering bean definition for @Bean method org.springframework.boot.autoconfigure.web.WebMvcAutoConfiguration$WebMvcAutoConfigurationAdapter$FaviconConfiguration.faviconHandlerMapping()
[DEBUG] 2017-06-04 15:06:44.422 [main] ConfigurationClassBeanDefinitionReader - Registering bean definition for @Bean method org.springframework.boot.autoconfigure.web.WebMvcAutoConfiguration$WebMvcAutoConfigurationAdapter$FaviconConfiguration.faviconRequestHandler()
[DEBUG] 2017-06-04 15:06:44.422 [main] ConfigurationClassBeanDefinitionReader - Registered bean definition for imported class 'org.springframework.boot.autoconfigure.web.WebMvcAutoConfiguration$WebMvcAutoConfigurationAdapter'
[DEBUG] 2017-06-04 15:06:44.424 [main] DefaultListableBeanFactory - Returning cached instance of singleton bean 'org.springframework.boot.autoconfigure.condition.BeanTypeRegistry'
[DEBUG] 2017-06-04 15:06:44.426 [main] DefaultListableBeanFactory - Returning cached instance of singleton bean 'autoConfigurationReport'
[DEBUG] 2017-06-04 15:06:44.427 [main] ConfigurationClassBeanDefinitionReader - Registering bean definition for @Bean method org.springframework.boot.autoconfigure.web.WebMvcAutoConfiguration$WebMvcAutoConfigurationAdapter.defaultViewResolver()
[DEBUG] 2017-06-04 15:06:44.427 [main] DefaultListableBeanFactory - Returning cached instance of singleton bean 'org.springframework.boot.autoconfigure.condition.BeanTypeRegistry'
[DEBUG] 2017-06-04 15:06:44.427 [main] DefaultListableBeanFactory - Returning cached instance of singleton bean 'autoConfigurationReport'
[DEBUG] 2017-06-04 15:06:44.428 [main] DefaultListableBeanFactory - Returning cached instance of singleton bean 'org.springframework.boot.autoconfigure.condition.BeanTypeRegistry'
[DEBUG] 2017-06-04 15:06:44.428 [main] DefaultListableBeanFactory - Returning cached instance of singleton bean 'org.springframework.boot.autoconfigure.condition.BeanTypeRegistry'
[DEBUG] 2017-06-04 15:06:44.428 [main] DefaultListableBeanFactory - Returning cached instance of singleton bean 'autoConfigurationReport'
[DEBUG] 2017-06-04 15:06:44.428 [main] DefaultListableBeanFactory - Returning cached instance of singleton bean 'org.springframework.boot.autoconfigure.condition.BeanTypeRegistry'
[DEBUG] 2017-06-04 15:06:44.429 [main] DefaultListableBeanFactory - Returning cached instance of singleton bean 'org.springframework.boot.autoconfigure.condition.BeanTypeRegistry'
[DEBUG] 2017-06-04 15:06:44.429 [main] DefaultListableBeanFactory - Returning cached instance of singleton bean 'autoConfigurationReport'
[DEBUG] 2017-06-04 15:06:44.429 [main] ConfigurationClassBeanDefinitionReader - Registering bean definition for @Bean method org.springframework.boot.autoconfigure.web.WebMvcAutoConfiguration$WebMvcAutoConfigurationAdapter.viewResolver()
[DEBUG] 2017-06-04 15:06:44.430 [main] DefaultListableBeanFactory - Returning cached instance of singleton bean 'autoConfigurationReport'
[DEBUG] 2017-06-04 15:06:44.430 [main] DefaultListableBeanFactory - Returning cached instance of singleton bean 'autoConfigurationReport'
[DEBUG] 2017-06-04 15:06:44.431 [main] ConfigurationClassBeanDefinitionReader - Registering bean definition for @Bean method org.springframework.boot.autoconfigure.web.WebMvcAutoConfiguration$WebMvcAutoConfigurationAdapter.welcomePageHandlerMapping()
[DEBUG] 2017-06-04 15:06:44.431 [main] DefaultListableBeanFactory - Returning cached instance of singleton bean 'org.springframework.boot.autoconfigure.condition.BeanTypeRegistry'
[DEBUG] 2017-06-04 15:06:44.431 [main] DefaultListableBeanFactory - Returning cached instance of singleton bean 'org.springframework.boot.autoconfigure.condition.BeanTypeRegistry'
[DEBUG] 2017-06-04 15:06:44.431 [main] DefaultListableBeanFactory - Returning cached instance of singleton bean 'autoConfigurationReport'
[DEBUG] 2017-06-04 15:06:44.432 [main] ConfigurationClassBeanDefinitionReader - Registering bean definition for @Bean method org.springframework.boot.autoconfigure.web.WebMvcAutoConfiguration$WebMvcAutoConfigurationAdapter.requestContextFilter()
[DEBUG] 2017-06-04 15:06:44.432 [main] ConfigurationClassBeanDefinitionReader - Registered bean definition for imported class 'org.springframework.boot.autoconfigure.web.WebMvcAutoConfiguration'
[DEBUG] 2017-06-04 15:06:44.432 [main] DefaultListableBeanFactory - Returning cached instance of singleton bean 'org.springframework.boot.autoconfigure.condition.BeanTypeRegistry'
[DEBUG] 2017-06-04 15:06:44.433 [main] DefaultListableBeanFactory - Returning cached instance of singleton bean 'autoConfigurationReport'
[DEBUG] 2017-06-04 15:06:44.433 [main] ConfigurationClassBeanDefinitionReader - Registering bean definition for @Bean method org.springframework.boot.autoconfigure.web.WebMvcAutoConfiguration.hiddenHttpMethodFilter()
[DEBUG] 2017-06-04 15:06:44.434 [main] DefaultListableBeanFactory - Returning cached instance of singleton bean 'autoConfigurationReport'
[DEBUG] 2017-06-04 15:06:44.434 [main] DefaultListableBeanFactory - Returning cached instance of singleton bean 'org.springframework.boot.autoconfigure.condition.BeanTypeRegistry'
[DEBUG] 2017-06-04 15:06:44.434 [main] DefaultListableBeanFactory - Returning cached instance of singleton bean 'autoConfigurationReport'
[DEBUG] 2017-06-04 15:06:44.435 [main] ConfigurationClassBeanDefinitionReader - Registering bean definition for @Bean method org.springframework.boot.autoconfigure.web.WebMvcAutoConfiguration.httpPutFormContentFilter()
[DEBUG] 2017-06-04 15:06:44.435 [main] DefaultListableBeanFactory - Returning cached instance of singleton bean 'autoConfigurationReport'
[DEBUG] 2017-06-04 15:06:44.435 [main] DefaultListableBeanFactory - Returning cached instance of singleton bean 'org.springframework.boot.autoconfigure.condition.BeanTypeRegistry'
[DEBUG] 2017-06-04 15:06:44.436 [main] DefaultListableBeanFactory - Returning cached instance of singleton bean 'autoConfigurationReport'
[DEBUG] 2017-06-04 15:06:44.436 [main] DefaultListableBeanFactory - Returning cached instance of singleton bean 'autoConfigurationReport'
[DEBUG] 2017-06-04 15:06:44.436 [main] ConfigurationClassBeanDefinitionReader - Registered bean definition for imported class 'org.springframework.boot.autoconfigure.gson.GsonAutoConfiguration'
[DEBUG] 2017-06-04 15:06:44.437 [main] DefaultListableBeanFactory - Returning cached instance of singleton bean 'org.springframework.boot.autoconfigure.condition.BeanTypeRegistry'
[DEBUG] 2017-06-04 15:06:44.437 [main] DefaultListableBeanFactory - Returning cached instance of singleton bean 'autoConfigurationReport'
[DEBUG] 2017-06-04 15:06:44.437 [main] ConfigurationClassBeanDefinitionReader - Registering bean definition for @Bean method org.springframework.boot.autoconfigure.gson.GsonAutoConfiguration.gson()
[DEBUG] 2017-06-04 15:06:44.438 [main] DefaultListableBeanFactory - Returning cached instance of singleton bean 'autoConfigurationReport'
[DEBUG] 2017-06-04 15:06:44.438 [main] DefaultListableBeanFactory - Returning cached instance of singleton bean 'autoConfigurationReport'
[DEBUG] 2017-06-04 15:06:44.438 [main] ConfigurationClassBeanDefinitionReader - Registered bean definition for imported class 'org.springframework.boot.autoconfigure.jackson.JacksonAutoConfiguration$Jackson2ObjectMapperBuilderCustomizerConfiguration'
[DEBUG] 2017-06-04 15:06:44.438 [main] ConfigurationClassBeanDefinitionReader - Registering bean definition for @Bean method org.springframework.boot.autoconfigure.jackson.JacksonAutoConfiguration$Jackson2ObjectMapperBuilderCustomizerConfiguration.standardJacksonObjectMapperBuilderCustomizer()
[DEBUG] 2017-06-04 15:06:44.438 [main] DefaultListableBeanFactory - Returning cached instance of singleton bean 'autoConfigurationReport'
[DEBUG] 2017-06-04 15:06:44.438 [main] ConfigurationClassBeanDefinitionReader - Registered bean definition for imported class 'org.springframework.boot.autoconfigure.jackson.JacksonAutoConfiguration$JacksonObjectMapperBuilderConfiguration'
[DEBUG] 2017-06-04 15:06:44.438 [main] DefaultListableBeanFactory - Returning cached instance of singleton bean 'org.springframework.boot.autoconfigure.condition.BeanTypeRegistry'
[DEBUG] 2017-06-04 15:06:44.439 [main] DefaultListableBeanFactory - Returning cached instance of singleton bean 'autoConfigurationReport'
[DEBUG] 2017-06-04 15:06:44.439 [main] ConfigurationClassBeanDefinitionReader - Registering bean definition for @Bean method org.springframework.boot.autoconfigure.jackson.JacksonAutoConfiguration$JacksonObjectMapperBuilderConfiguration.jacksonObjectMapperBuilder()
[DEBUG] 2017-06-04 15:06:44.439 [main] DefaultListableBeanFactory - Returning cached instance of singleton bean 'autoConfigurationReport'
[DEBUG] 2017-06-04 15:06:44.439 [main] ConfigurationClassBeanDefinitionReader - Registered bean definition for imported class 'org.springframework.boot.autoconfigure.jackson.JacksonAutoConfiguration$JacksonObjectMapperConfiguration'
[DEBUG] 2017-06-04 15:06:44.439 [main] DefaultListableBeanFactory - Returning cached instance of singleton bean 'org.springframework.boot.autoconfigure.condition.BeanTypeRegistry'
[DEBUG] 2017-06-04 15:06:44.439 [main] DefaultListableBeanFactory - Returning cached instance of singleton bean 'autoConfigurationReport'
[DEBUG] 2017-06-04 15:06:44.440 [main] ConfigurationClassBeanDefinitionReader - Registering bean definition for @Bean method org.springframework.boot.autoconfigure.jackson.JacksonAutoConfiguration$JacksonObjectMapperConfiguration.jacksonObjectMapper()
[DEBUG] 2017-06-04 15:06:44.440 [main] ConfigurationClassBeanDefinitionReader - Registered bean definition for imported class 'org.springframework.boot.autoconfigure.jackson.JacksonAutoConfiguration'
[DEBUG] 2017-06-04 15:06:44.440 [main] ConfigurationClassBeanDefinitionReader - Registering bean definition for @Bean method org.springframework.boot.autoconfigure.jackson.JacksonAutoConfiguration.jsonComponentModule()
[DEBUG] 2017-06-04 15:06:44.440 [main] DefaultListableBeanFactory - Returning cached instance of singleton bean 'autoConfigurationReport'
[DEBUG] 2017-06-04 15:06:44.440 [main] DefaultListableBeanFactory - Returning cached instance of singleton bean 'autoConfigurationReport'
[DEBUG] 2017-06-04 15:06:44.440 [main] ConfigurationClassBeanDefinitionReader - Registered bean definition for imported class 'org.springframework.boot.autoconfigure.web.HttpMessageConvertersAutoConfiguration$StringHttpMessageConverterConfiguration'
[DEBUG] 2017-06-04 15:06:44.440 [main] DefaultListableBeanFactory - Returning cached instance of singleton bean 'org.springframework.boot.autoconfigure.condition.BeanTypeRegistry'
[DEBUG] 2017-06-04 15:06:44.441 [main] DefaultListableBeanFactory - Returning cached instance of singleton bean 'autoConfigurationReport'
[DEBUG] 2017-06-04 15:06:44.441 [main] ConfigurationClassBeanDefinitionReader - Registering bean definition for @Bean method org.springframework.boot.autoconfigure.web.HttpMessageConvertersAutoConfiguration$StringHttpMessageConverterConfiguration.stringHttpMessageConverter()
[DEBUG] 2017-06-04 15:06:44.441 [main] DefaultListableBeanFactory - Returning cached instance of singleton bean 'autoConfigurationReport'
[DEBUG] 2017-06-04 15:06:44.442 [main] DefaultListableBeanFactory - Returning cached instance of singleton bean 'autoConfigurationReport'
[DEBUG] 2017-06-04 15:06:44.442 [main] DefaultListableBeanFactory - Returning cached instance of singleton bean 'org.springframework.boot.autoconfigure.condition.BeanTypeRegistry'
[DEBUG] 2017-06-04 15:06:44.442 [main] DefaultListableBeanFactory - Returning cached instance of singleton bean 'autoConfigurationReport'
[DEBUG] 2017-06-04 15:06:44.442 [main] ConfigurationClassBeanDefinitionReader - Registered bean definition for imported class 'org.springframework.boot.autoconfigure.web.JacksonHttpMessageConvertersConfiguration$MappingJackson2HttpMessageConverterConfiguration'
[DEBUG] 2017-06-04 15:06:44.443 [main] DefaultListableBeanFactory - Returning cached instance of singleton bean 'org.springframework.boot.autoconfigure.condition.BeanTypeRegistry'
[DEBUG] 2017-06-04 15:06:44.443 [main] DefaultListableBeanFactory - Returning cached instance of singleton bean 'org.springframework.boot.autoconfigure.condition.BeanTypeRegistry'
[DEBUG] 2017-06-04 15:06:44.443 [main] DefaultListableBeanFactory - Returning cached instance of singleton bean 'autoConfigurationReport'
[DEBUG] 2017-06-04 15:06:44.444 [main] ConfigurationClassBeanDefinitionReader - Registering bean definition for @Bean method org.springframework.boot.autoconfigure.web.JacksonHttpMessageConvertersConfiguration$MappingJackson2HttpMessageConverterConfiguration.mappingJackson2HttpMessageConverter()
[DEBUG] 2017-06-04 15:06:44.444 [main] ConfigurationClassBeanDefinitionReader - Registered bean definition for imported class 'org.springframework.boot.autoconfigure.web.JacksonHttpMessageConvertersConfiguration'
[DEBUG] 2017-06-04 15:06:44.444 [main] DefaultListableBeanFactory - Returning cached instance of singleton bean 'autoConfigurationReport'
[DEBUG] 2017-06-04 15:06:44.484 [main] DefaultListableBeanFactory - Returning cached instance of singleton bean 'org.springframework.boot.autoconfigure.condition.BeanTypeRegistry'
[DEBUG] 2017-06-04 15:06:44.485 [main] DefaultListableBeanFactory - Returning cached instance of singleton bean 'autoConfigurationReport'
[DEBUG] 2017-06-04 15:06:44.485 [main] ConfigurationClassBeanDefinitionReader - Registered bean definition for imported class 'org.springframework.boot.autoconfigure.web.GsonHttpMessageConvertersConfiguration'
[DEBUG] 2017-06-04 15:06:44.485 [main] ConfigurationClassBeanDefinitionReader - Registered bean definition for imported class 'org.springframework.boot.autoconfigure.web.HttpMessageConvertersAutoConfiguration'
[DEBUG] 2017-06-04 15:06:44.485 [main] DefaultListableBeanFactory - Returning cached instance of singleton bean 'org.springframework.boot.autoconfigure.condition.BeanTypeRegistry'
[DEBUG] 2017-06-04 15:06:44.486 [main] DefaultListableBeanFactory - Returning cached instance of singleton bean 'autoConfigurationReport'
[DEBUG] 2017-06-04 15:06:44.486 [main] ConfigurationClassBeanDefinitionReader - Registering bean definition for @Bean method org.springframework.boot.autoconfigure.web.HttpMessageConvertersAutoConfiguration.messageConverters()
[DEBUG] 2017-06-04 15:06:44.486 [main] DefaultListableBeanFactory - Returning cached instance of singleton bean 'autoConfigurationReport'
[DEBUG] 2017-06-04 15:06:44.486 [main] DefaultListableBeanFactory - Returning cached instance of singleton bean 'autoConfigurationReport'
[DEBUG] 2017-06-04 15:06:44.486 [main] DefaultListableBeanFactory - Returning cached instance of singleton bean 'org.springframework.boot.autoconfigure.condition.BeanTypeRegistry'
[DEBUG] 2017-06-04 15:06:44.486 [main] DefaultListableBeanFactory - Returning cached instance of singleton bean 'autoConfigurationReport'
[DEBUG] 2017-06-04 15:06:44.487 [main] ConfigurationClassBeanDefinitionReader - Registered bean definition for imported class 'org.springframework.boot.autoconfigure.hateoas.HypermediaAutoConfiguration$EntityLinksConfiguration'
[DEBUG] 2017-06-04 15:06:44.487 [main] DefaultListableBeanFactory - Returning cached instance of singleton bean 'org.springframework.boot.autoconfigure.condition.BeanTypeRegistry'
[DEBUG] 2017-06-04 15:06:44.488 [main] DefaultListableBeanFactory - Returning cached instance of singleton bean 'autoConfigurationReport'
[DEBUG] 2017-06-04 15:06:44.489 [main] ConfigurationClassBeanDefinitionReader - Registered bean definition for imported class 'org.springframework.hateoas.config.HateoasConfiguration'
[DEBUG] 2017-06-04 15:06:44.489 [main] ConfigurationClassBeanDefinitionReader - Registering bean definition for @Bean method org.springframework.hateoas.config.HateoasConfiguration.linkRelationMessageSource()
[DEBUG] 2017-06-04 15:06:44.490 [main] ConfigurationClassBeanDefinitionReader - Registered bean definition for imported class 'org.springframework.boot.autoconfigure.hateoas.HypermediaAutoConfiguration$HypermediaConfiguration'
[DEBUG] 2017-06-04 15:06:44.490 [main] ConfigurationClassBeanDefinitionReader - Registering bean definition for @Bean method org.springframework.boot.autoconfigure.hateoas.HypermediaAutoConfiguration$HypermediaConfiguration.halObjectMapperConfigurer()
[DEBUG] 2017-06-04 15:06:44.491 [main] DefaultListableBeanFactory - Overriding bean definition for bean 'entityLinksPluginRegistry' with an equivalent definition: replacing [Root bean: class [org.springframework.plugin.core.support.PluginRegistryFactoryBean]; scope=; abstract=false; lazyInit=false; autowireMode=0; dependencyCheck=0; autowireCandidate=true; primary=false; factoryBeanName=null; factoryMethodName=null; initMethodName=null; destroyMethodName=null] with [Root bean: class [org.springframework.plugin.core.support.PluginRegistryFactoryBean]; scope=; abstract=false; lazyInit=false; autowireMode=0; dependencyCheck=0; autowireCandidate=true; primary=false; factoryBeanName=null; factoryMethodName=null; initMethodName=null; destroyMethodName=null]
[DEBUG] 2017-06-04 15:06:44.491 [main] DefaultListableBeanFactory - Overriding bean definition for bean 'controllerEntityLinks' with an equivalent definition: replacing [Root bean: class [org.springframework.hateoas.core.ControllerEntityLinksFactoryBean]; scope=; abstract=false; lazyInit=false; autowireMode=0; dependencyCheck=0; autowireCandidate=true; primary=false; factoryBeanName=null; factoryMethodName=null; initMethodName=null; destroyMethodName=null] with [Root bean: class [org.springframework.hateoas.core.ControllerEntityLinksFactoryBean]; scope=; abstract=false; lazyInit=false; autowireMode=0; dependencyCheck=0; autowireCandidate=true; primary=false; factoryBeanName=null; factoryMethodName=null; initMethodName=null; destroyMethodName=null]
[DEBUG] 2017-06-04 15:06:44.491 [main] DefaultListableBeanFactory - Overriding bean definition for bean 'delegatingEntityLinks' with an equivalent definition: replacing [Root bean: class [org.springframework.hateoas.core.DelegatingEntityLinks]; scope=; abstract=false; lazyInit=false; autowireMode=0; dependencyCheck=0; autowireCandidate=true; primary=true; factoryBeanName=null; factoryMethodName=null; initMethodName=null; destroyMethodName=null] with [Root bean: class [org.springframework.hateoas.core.DelegatingEntityLinks]; scope=; abstract=false; lazyInit=false; autowireMode=0; dependencyCheck=0; autowireCandidate=true; primary=true; factoryBeanName=null; factoryMethodName=null; initMethodName=null; destroyMethodName=null]
[DEBUG] 2017-06-04 15:06:44.492 [main] ConfigurationClassBeanDefinitionReader - Registered bean definition for imported class 'org.springframework.boot.autoconfigure.hateoas.HypermediaHttpMessageConverterConfiguration'
[DEBUG] 2017-06-04 15:06:44.492 [main] DefaultListableBeanFactory - Returning cached instance of singleton bean 'autoConfigurationReport'
[DEBUG] 2017-06-04 15:06:44.497 [main] ConfigurationClassBeanDefinitionReader - Registering bean definition for @Bean method org.springframework.boot.autoconfigure.hateoas.HypermediaHttpMessageConverterConfiguration.halMessageConverterSupportedMediaTypeCustomizer()
[DEBUG] 2017-06-04 15:06:44.497 [main] ConfigurationClassBeanDefinitionReader - Registered bean definition for imported class 'org.springframework.boot.autoconfigure.hateoas.HypermediaAutoConfiguration'
[DEBUG] 2017-06-04 15:06:44.497 [main] DefaultListableBeanFactory - Returning cached instance of singleton bean 'autoConfigurationReport'
[DEBUG] 2017-06-04 15:06:44.497 [main] ConfigurationClassBeanDefinitionReader - Registered bean definition for imported class 'org.springframework.boot.test.autoconfigure.web.servlet.MockMvcAutoConfiguration'
[DEBUG] 2017-06-04 15:06:44.497 [main] DefaultListableBeanFactory - Returning cached instance of singleton bean 'org.springframework.boot.autoconfigure.condition.BeanTypeRegistry'
[DEBUG] 2017-06-04 15:06:44.498 [main] DefaultListableBeanFactory - Returning cached instance of singleton bean 'autoConfigurationReport'
[DEBUG] 2017-06-04 15:06:44.498 [main] ConfigurationClassBeanDefinitionReader - Registering bean definition for @Bean method org.springframework.boot.test.autoconfigure.web.servlet.MockMvcAutoConfiguration.mockMvcBuilder()
[DEBUG] 2017-06-04 15:06:44.498 [main] ConfigurationClassBeanDefinitionReader - Registering bean definition for @Bean method org.springframework.boot.test.autoconfigure.web.servlet.MockMvcAutoConfiguration.springBootMockMvcBuilderCustomizer()
[DEBUG] 2017-06-04 15:06:44.499 [main] DefaultListableBeanFactory - Returning cached instance of singleton bean 'org.springframework.boot.autoconfigure.condition.BeanTypeRegistry'
[DEBUG] 2017-06-04 15:06:44.499 [main] DefaultListableBeanFactory - Returning cached instance of singleton bean 'autoConfigurationReport'
[DEBUG] 2017-06-04 15:06:44.499 [main] ConfigurationClassBeanDefinitionReader - Registering bean definition for @Bean method org.springframework.boot.test.autoconfigure.web.servlet.MockMvcAutoConfiguration.mockMvc()
[DEBUG] 2017-06-04 15:06:44.500 [main] PropertySourcesPropertyResolver - Found key 'spring.test.mockmvc.secure' in [Annotations] with type [Boolean]
[DEBUG] 2017-06-04 15:06:44.500 [main] DefaultListableBeanFactory - Returning cached instance of singleton bean 'autoConfigurationReport'
[DEBUG] 2017-06-04 15:06:44.500 [main] DefaultListableBeanFactory - Returning cached instance of singleton bean 'autoConfigurationReport'
[DEBUG] 2017-06-04 15:06:44.500 [main] ConfigurationClassBeanDefinitionReader - Registered bean definition for imported class 'org.springframework.boot.autoconfigure.web.ServerPropertiesAutoConfiguration'
[DEBUG] 2017-06-04 15:06:44.500 [main] DefaultListableBeanFactory - Returning cached instance of singleton bean 'org.springframework.boot.autoconfigure.condition.BeanTypeRegistry'
[DEBUG] 2017-06-04 15:06:44.500 [main] DefaultListableBeanFactory - Returning cached instance of singleton bean 'autoConfigurationReport'
[DEBUG] 2017-06-04 15:06:44.501 [main] ConfigurationClassBeanDefinitionReader - Registering bean definition for @Bean method org.springframework.boot.autoconfigure.web.ServerPropertiesAutoConfiguration.serverProperties()
[DEBUG] 2017-06-04 15:06:44.501 [main] ConfigurationClassBeanDefinitionReader - Registering bean definition for @Bean method org.springframework.boot.autoconfigure.web.ServerPropertiesAutoConfiguration.duplicateServerPropertiesDetector()
[DEBUG] 2017-06-04 15:06:44.501 [main] ConfigurationClassBeanDefinitionReader - Registered bean definition for imported class 'org.springframework.boot.test.autoconfigure.web.servlet.MockMvcSecurityAutoConfiguration'
[DEBUG] 2017-06-04 15:06:44.504 [main] DefaultListableBeanFactory - Creating shared instance of singleton bean 'org.springframework.boot.test.context.ImportsContextCustomizer$ImportsCleanupPostProcessor'
[DEBUG] 2017-06-04 15:06:44.504 [main] DefaultListableBeanFactory - Creating instance of bean 'org.springframework.boot.test.context.ImportsContextCustomizer$ImportsCleanupPostProcessor'
[DEBUG] 2017-06-04 15:06:44.505 [main] DefaultListableBeanFactory - Eagerly caching bean 'org.springframework.boot.test.context.ImportsContextCustomizer$ImportsCleanupPostProcessor' to allow for resolving potential circular references
[DEBUG] 2017-06-04 15:06:44.505 [main] DefaultListableBeanFactory - Finished creating instance of bean 'org.springframework.boot.test.context.ImportsContextCustomizer$ImportsCleanupPostProcessor'
[DEBUG] 2017-06-04 15:06:44.506 [main] ConfigurationClassEnhancer - Successfully enhanced com.stackroute.ng2boot.Ng2bootApplication; enhanced class name is: com.stackroute.ng2boot.Ng2bootApplication$$EnhancerBySpringCGLIB$$2d67f579
[DEBUG] 2017-06-04 15:06:44.506 [main] ConfigurationClassPostProcessor - Replacing bean definition 'ng2bootApplication' existing class 'com.stackroute.ng2boot.Ng2bootApplication' with enhanced class 'com.stackroute.ng2boot.Ng2bootApplication$$EnhancerBySpringCGLIB$$2d67f579'
[DEBUG] 2017-06-04 15:06:44.506 [main] ConfigurationClassEnhancer - Successfully enhanced org.springframework.boot.autoconfigure.web.WebMvcAutoConfiguration$EnableWebMvcConfiguration; enhanced class name is: org.springframework.boot.autoconfigure.web.WebMvcAutoConfiguration$EnableWebMvcConfiguration$$EnhancerBySpringCGLIB$$3221c155
[DEBUG] 2017-06-04 15:06:44.506 [main] ConfigurationClassPostProcessor - Replacing bean definition 'org.springframework.boot.autoconfigure.web.WebMvcAutoConfiguration$EnableWebMvcConfiguration' existing class 'org.springframework.boot.autoconfigure.web.WebMvcAutoConfiguration$EnableWebMvcConfiguration' with enhanced class 'org.springframework.boot.autoconfigure.web.WebMvcAutoConfiguration$EnableWebMvcConfiguration$$EnhancerBySpringCGLIB$$3221c155'
[DEBUG] 2017-06-04 15:06:44.506 [main] ConfigurationClassEnhancer - Successfully enhanced org.springframework.boot.autoconfigure.web.WebMvcAutoConfiguration$WebMvcAutoConfigurationAdapter$FaviconConfiguration; enhanced class name is: org.springframework.boot.autoconfigure.web.WebMvcAutoConfiguration$WebMvcAutoConfigurationAdapter$FaviconConfiguration$$EnhancerBySpringCGLIB$$13114b40
[DEBUG] 2017-06-04 15:06:44.506 [main] ConfigurationClassPostProcessor - Replacing bean definition 'org.springframework.boot.autoconfigure.web.WebMvcAutoConfiguration$WebMvcAutoConfigurationAdapter$FaviconConfiguration' existing class 'org.springframework.boot.autoconfigure.web.WebMvcAutoConfiguration$WebMvcAutoConfigurationAdapter$FaviconConfiguration' with enhanced class 'org.springframework.boot.autoconfigure.web.WebMvcAutoConfiguration$WebMvcAutoConfigurationAdapter$FaviconConfiguration$$EnhancerBySpringCGLIB$$13114b40'
[DEBUG] 2017-06-04 15:06:44.506 [main] ConfigurationClassEnhancer - Successfully enhanced org.springframework.boot.autoconfigure.web.WebMvcAutoConfiguration$WebMvcAutoConfigurationAdapter; enhanced class name is: org.springframework.boot.autoconfigure.web.WebMvcAutoConfiguration$WebMvcAutoConfigurationAdapter$$EnhancerBySpringCGLIB$$c5f776c8
[DEBUG] 2017-06-04 15:06:44.506 [main] ConfigurationClassPostProcessor - Replacing bean definition 'org.springframework.boot.autoconfigure.web.WebMvcAutoConfiguration$WebMvcAutoConfigurationAdapter' existing class 'org.springframework.boot.autoconfigure.web.WebMvcAutoConfiguration$WebMvcAutoConfigurationAdapter' with enhanced class 'org.springframework.boot.autoconfigure.web.WebMvcAutoConfiguration$WebMvcAutoConfigurationAdapter$$EnhancerBySpringCGLIB$$c5f776c8'
[DEBUG] 2017-06-04 15:06:44.507 [main] ConfigurationClassEnhancer - Successfully enhanced org.springframework.boot.autoconfigure.web.WebMvcAutoConfiguration$WebMvcAutoConfigurationAdapter; enhanced class name is: org.springframework.boot.autoconfigure.web.WebMvcAutoConfiguration$WebMvcAutoConfigurationAdapter$$EnhancerBySpringCGLIB$$c5f776c8
[DEBUG] 2017-06-04 15:06:44.507 [main] ConfigurationClassPostProcessor - Replacing bean definition 'requestContextFilter' existing class 'org.springframework.boot.autoconfigure.web.WebMvcAutoConfiguration$WebMvcAutoConfigurationAdapter' with enhanced class 'org.springframework.boot.autoconfigure.web.WebMvcAutoConfiguration$WebMvcAutoConfigurationAdapter$$EnhancerBySpringCGLIB$$c5f776c8'
[DEBUG] 2017-06-04 15:06:44.507 [main] ConfigurationClassEnhancer - Successfully enhanced org.springframework.boot.autoconfigure.web.WebMvcAutoConfiguration; enhanced class name is: org.springframework.boot.autoconfigure.web.WebMvcAutoConfiguration$$EnhancerBySpringCGLIB$$4a31088c
[DEBUG] 2017-06-04 15:06:44.507 [main] ConfigurationClassPostProcessor - Replacing bean definition 'org.springframework.boot.autoconfigure.web.WebMvcAutoConfiguration' existing class 'org.springframework.boot.autoconfigure.web.WebMvcAutoConfiguration' with enhanced class 'org.springframework.boot.autoconfigure.web.WebMvcAutoConfiguration$$EnhancerBySpringCGLIB$$4a31088c'
[DEBUG] 2017-06-04 15:06:44.507 [main] ConfigurationClassEnhancer - Successfully enhanced org.springframework.boot.autoconfigure.gson.GsonAutoConfiguration; enhanced class name is: org.springframework.boot.autoconfigure.gson.GsonAutoConfiguration$$EnhancerBySpringCGLIB$$19af32d6
[DEBUG] 2017-06-04 15:06:44.507 [main] ConfigurationClassPostProcessor - Replacing bean definition 'org.springframework.boot.autoconfigure.gson.GsonAutoConfiguration' existing class 'org.springframework.boot.autoconfigure.gson.GsonAutoConfiguration' with enhanced class 'org.springframework.boot.autoconfigure.gson.GsonAutoConfiguration$$EnhancerBySpringCGLIB$$19af32d6'
[DEBUG] 2017-06-04 15:06:44.507 [main] ConfigurationClassEnhancer - Successfully enhanced org.springframework.boot.autoconfigure.jackson.JacksonAutoConfiguration$Jackson2ObjectMapperBuilderCustomizerConfiguration; enhanced class name is: org.springframework.boot.autoconfigure.jackson.JacksonAutoConfiguration$Jackson2ObjectMapperBuilderCustomizerConfiguration$$EnhancerBySpringCGLIB$$a3eb46e5
[DEBUG] 2017-06-04 15:06:44.507 [main] ConfigurationClassPostProcessor - Replacing bean definition 'org.springframework.boot.autoconfigure.jackson.JacksonAutoConfiguration$Jackson2ObjectMapperBuilderCustomizerConfiguration' existing class 'org.springframework.boot.autoconfigure.jackson.JacksonAutoConfiguration$Jackson2ObjectMapperBuilderCustomizerConfiguration' with enhanced class 'org.springframework.boot.autoconfigure.jackson.JacksonAutoConfiguration$Jackson2ObjectMapperBuilderCustomizerConfiguration$$EnhancerBySpringCGLIB$$a3eb46e5'
[DEBUG] 2017-06-04 15:06:44.507 [main] ConfigurationClassEnhancer - Successfully enhanced org.springframework.boot.autoconfigure.jackson.JacksonAutoConfiguration$JacksonObjectMapperBuilderConfiguration; enhanced class name is: org.springframework.boot.autoconfigure.jackson.JacksonAutoConfiguration$JacksonObjectMapperBuilderConfiguration$$EnhancerBySpringCGLIB$$e8d460f6
[DEBUG] 2017-06-04 15:06:44.507 [main] ConfigurationClassPostProcessor - Replacing bean definition 'org.springframework.boot.autoconfigure.jackson.JacksonAutoConfiguration$JacksonObjectMapperBuilderConfiguration' existing class 'org.springframework.boot.autoconfigure.jackson.JacksonAutoConfiguration$JacksonObjectMapperBuilderConfiguration' with enhanced class 'org.springframework.boot.autoconfigure.jackson.JacksonAutoConfiguration$JacksonObjectMapperBuilderConfiguration$$EnhancerBySpringCGLIB$$e8d460f6'
[DEBUG] 2017-06-04 15:06:44.507 [main] ConfigurationClassEnhancer - Successfully enhanced org.springframework.boot.autoconfigure.jackson.JacksonAutoConfiguration$JacksonObjectMapperConfiguration; enhanced class name is: org.springframework.boot.autoconfigure.jackson.JacksonAutoConfiguration$JacksonObjectMapperConfiguration$$EnhancerBySpringCGLIB$$36879edd
[DEBUG] 2017-06-04 15:06:44.507 [main] ConfigurationClassPostProcessor - Replacing bean definition 'org.springframework.boot.autoconfigure.jackson.JacksonAutoConfiguration$JacksonObjectMapperConfiguration' existing class 'org.springframework.boot.autoconfigure.jackson.JacksonAutoConfiguration$JacksonObjectMapperConfiguration' with enhanced class 'org.springframework.boot.autoconfigure.jackson.JacksonAutoConfiguration$JacksonObjectMapperConfiguration$$EnhancerBySpringCGLIB$$36879edd'
[DEBUG] 2017-06-04 15:06:44.507 [main] ConfigurationClassEnhancer - Successfully enhanced org.springframework.boot.autoconfigure.jackson.JacksonAutoConfiguration; enhanced class name is: org.springframework.boot.autoconfigure.jackson.JacksonAutoConfiguration$$EnhancerBySpringCGLIB$$18933c6c
[DEBUG] 2017-06-04 15:06:44.507 [main] ConfigurationClassPostProcessor - Replacing bean definition 'org.springframework.boot.autoconfigure.jackson.JacksonAutoConfiguration' existing class 'org.springframework.boot.autoconfigure.jackson.JacksonAutoConfiguration' with enhanced class 'org.springframework.boot.autoconfigure.jackson.JacksonAutoConfiguration$$EnhancerBySpringCGLIB$$18933c6c'
[DEBUG] 2017-06-04 15:06:44.507 [main] ConfigurationClassEnhancer - Successfully enhanced org.springframework.boot.autoconfigure.web.HttpMessageConvertersAutoConfiguration$StringHttpMessageConverterConfiguration; enhanced class name is: org.springframework.boot.autoconfigure.web.HttpMessageConvertersAutoConfiguration$StringHttpMessageConverterConfiguration$$EnhancerBySpringCGLIB$$2822484c
[DEBUG] 2017-06-04 15:06:44.507 [main] ConfigurationClassPostProcessor - Replacing bean definition 'org.springframework.boot.autoconfigure.web.HttpMessageConvertersAutoConfiguration$StringHttpMessageConverterConfiguration' existing class 'org.springframework.boot.autoconfigure.web.HttpMessageConvertersAutoConfiguration$StringHttpMessageConverterConfiguration' with enhanced class 'org.springframework.boot.autoconfigure.web.HttpMessageConvertersAutoConfiguration$StringHttpMessageConverterConfiguration$$EnhancerBySpringCGLIB$$2822484c'
[DEBUG] 2017-06-04 15:06:44.508 [main] ConfigurationClassEnhancer - Successfully enhanced org.springframework.boot.autoconfigure.web.JacksonHttpMessageConvertersConfiguration$MappingJackson2HttpMessageConverterConfiguration; enhanced class name is: org.springframework.boot.autoconfigure.web.JacksonHttpMessageConvertersConfiguration$MappingJackson2HttpMessageConverterConfiguration$$EnhancerBySpringCGLIB$$b630724c
[DEBUG] 2017-06-04 15:06:44.508 [main] ConfigurationClassPostProcessor - Replacing bean definition 'org.springframework.boot.autoconfigure.web.JacksonHttpMessageConvertersConfiguration$MappingJackson2HttpMessageConverterConfiguration' existing class 'org.springframework.boot.autoconfigure.web.JacksonHttpMessageConvertersConfiguration$MappingJackson2HttpMessageConverterConfiguration' with enhanced class 'org.springframework.boot.autoconfigure.web.JacksonHttpMessageConvertersConfiguration$MappingJackson2HttpMessageConverterConfiguration$$EnhancerBySpringCGLIB$$b630724c'
[DEBUG] 2017-06-04 15:06:44.508 [main] ConfigurationClassEnhancer - Successfully enhanced org.springframework.boot.autoconfigure.web.JacksonHttpMessageConvertersConfiguration; enhanced class name is: org.springframework.boot.autoconfigure.web.JacksonHttpMessageConvertersConfiguration$$EnhancerBySpringCGLIB$$491e0ac2
[DEBUG] 2017-06-04 15:06:44.508 [main] ConfigurationClassPostProcessor - Replacing bean definition 'org.springframework.boot.autoconfigure.web.JacksonHttpMessageConvertersConfiguration' existing class 'org.springframework.boot.autoconfigure.web.JacksonHttpMessageConvertersConfiguration' with enhanced class 'org.springframework.boot.autoconfigure.web.JacksonHttpMessageConvertersConfiguration$$EnhancerBySpringCGLIB$$491e0ac2'
[DEBUG] 2017-06-04 15:06:44.508 [main] ConfigurationClassEnhancer - Successfully enhanced org.springframework.boot.autoconfigure.web.GsonHttpMessageConvertersConfiguration; enhanced class name is: org.springframework.boot.autoconfigure.web.GsonHttpMessageConvertersConfiguration$$EnhancerBySpringCGLIB$$b6298886
[DEBUG] 2017-06-04 15:06:44.508 [main] ConfigurationClassPostProcessor - Replacing bean definition 'org.springframework.boot.autoconfigure.web.GsonHttpMessageConvertersConfiguration' existing class 'org.springframework.boot.autoconfigure.web.GsonHttpMessageConvertersConfiguration' with enhanced class 'org.springframework.boot.autoconfigure.web.GsonHttpMessageConvertersConfiguration$$EnhancerBySpringCGLIB$$b6298886'
[DEBUG] 2017-06-04 15:06:44.508 [main] ConfigurationClassEnhancer - Successfully enhanced org.springframework.boot.autoconfigure.web.HttpMessageConvertersAutoConfiguration; enhanced class name is: org.springframework.boot.autoconfigure.web.HttpMessageConvertersAutoConfiguration$$EnhancerBySpringCGLIB$$6bac3dac
[DEBUG] 2017-06-04 15:06:44.508 [main] ConfigurationClassPostProcessor - Replacing bean definition 'org.springframework.boot.autoconfigure.web.HttpMessageConvertersAutoConfiguration' existing class 'org.springframework.boot.autoconfigure.web.HttpMessageConvertersAutoConfiguration' with enhanced class 'org.springframework.boot.autoconfigure.web.HttpMessageConvertersAutoConfiguration$$EnhancerBySpringCGLIB$$6bac3dac'
[DEBUG] 2017-06-04 15:06:44.508 [main] ConfigurationClassEnhancer - Successfully enhanced org.springframework.boot.autoconfigure.hateoas.HypermediaAutoConfiguration$EntityLinksConfiguration; enhanced class name is: org.springframework.boot.autoconfigure.hateoas.HypermediaAutoConfiguration$EntityLinksConfiguration$$EnhancerBySpringCGLIB$$a4aa7529
[DEBUG] 2017-06-04 15:06:44.508 [main] ConfigurationClassPostProcessor - Replacing bean definition 'org.springframework.boot.autoconfigure.hateoas.HypermediaAutoConfiguration$EntityLinksConfiguration' existing class 'org.springframework.boot.autoconfigure.hateoas.HypermediaAutoConfiguration$EntityLinksConfiguration' with enhanced class 'org.springframework.boot.autoconfigure.hateoas.HypermediaAutoConfiguration$EntityLinksConfiguration$$EnhancerBySpringCGLIB$$a4aa7529'
[DEBUG] 2017-06-04 15:06:44.508 [main] ConfigurationClassEnhancer - Successfully enhanced org.springframework.hateoas.config.HateoasConfiguration; enhanced class name is: org.springframework.hateoas.config.HateoasConfiguration$$EnhancerBySpringCGLIB$$5a746c7e
[DEBUG] 2017-06-04 15:06:44.508 [main] ConfigurationClassPostProcessor - Replacing bean definition 'org.springframework.hateoas.config.HateoasConfiguration' existing class 'org.springframework.hateoas.config.HateoasConfiguration' with enhanced class 'org.springframework.hateoas.config.HateoasConfiguration$$EnhancerBySpringCGLIB$$5a746c7e'
[DEBUG] 2017-06-04 15:06:44.508 [main] ConfigurationClassEnhancer - Successfully enhanced org.springframework.boot.autoconfigure.hateoas.HypermediaAutoConfiguration$HypermediaConfiguration; enhanced class name is: org.springframework.boot.autoconfigure.hateoas.HypermediaAutoConfiguration$HypermediaConfiguration$$EnhancerBySpringCGLIB$$7982c8d7
[DEBUG] 2017-06-04 15:06:44.508 [main] ConfigurationClassPostProcessor - Replacing bean definition 'org.springframework.boot.autoconfigure.hateoas.HypermediaAutoConfiguration$HypermediaConfiguration' existing class 'org.springframework.boot.autoconfigure.hateoas.HypermediaAutoConfiguration$HypermediaConfiguration' with enhanced class 'org.springframework.boot.autoconfigure.hateoas.HypermediaAutoConfiguration$HypermediaConfiguration$$EnhancerBySpringCGLIB$$7982c8d7'
[DEBUG] 2017-06-04 15:06:44.508 [main] ConfigurationClassEnhancer - Successfully enhanced org.springframework.boot.autoconfigure.hateoas.HypermediaAutoConfiguration$HypermediaConfiguration; enhanced class name is: org.springframework.boot.autoconfigure.hateoas.HypermediaAutoConfiguration$HypermediaConfiguration$$EnhancerBySpringCGLIB$$7982c8d7
[DEBUG] 2017-06-04 15:06:44.508 [main] ConfigurationClassPostProcessor - Replacing bean definition 'halObjectMapperConfigurer' existing class 'org.springframework.boot.autoconfigure.hateoas.HypermediaAutoConfiguration$HypermediaConfiguration' with enhanced class 'org.springframework.boot.autoconfigure.hateoas.HypermediaAutoConfiguration$HypermediaConfiguration$$EnhancerBySpringCGLIB$$7982c8d7'
[DEBUG] 2017-06-04 15:06:44.508 [main] ConfigurationClassEnhancer - Successfully enhanced org.springframework.boot.autoconfigure.hateoas.HypermediaAutoConfiguration; enhanced class name is: org.springframework.boot.autoconfigure.hateoas.HypermediaAutoConfiguration$$EnhancerBySpringCGLIB$$f6fa897d
[DEBUG] 2017-06-04 15:06:44.509 [main] ConfigurationClassPostProcessor - Replacing bean definition 'org.springframework.boot.autoconfigure.hateoas.HypermediaAutoConfiguration' existing class 'org.springframework.boot.autoconfigure.hateoas.HypermediaAutoConfiguration' with enhanced class 'org.springframework.boot.autoconfigure.hateoas.HypermediaAutoConfiguration$$EnhancerBySpringCGLIB$$f6fa897d'
[DEBUG] 2017-06-04 15:06:44.509 [main] ConfigurationClassEnhancer - Successfully enhanced org.springframework.boot.test.autoconfigure.web.servlet.MockMvcAutoConfiguration; enhanced class name is: org.springframework.boot.test.autoconfigure.web.servlet.MockMvcAutoConfiguration$$EnhancerBySpringCGLIB$$9956da89
[DEBUG] 2017-06-04 15:06:44.509 [main] ConfigurationClassPostProcessor - Replacing bean definition 'org.springframework.boot.test.autoconfigure.web.servlet.MockMvcAutoConfiguration' existing class 'org.springframework.boot.test.autoconfigure.web.servlet.MockMvcAutoConfiguration' with enhanced class 'org.springframework.boot.test.autoconfigure.web.servlet.MockMvcAutoConfiguration$$EnhancerBySpringCGLIB$$9956da89'
[DEBUG] 2017-06-04 15:06:44.509 [main] ConfigurationClassEnhancer - Successfully enhanced org.springframework.boot.autoconfigure.web.ServerPropertiesAutoConfiguration; enhanced class name is: org.springframework.boot.autoconfigure.web.ServerPropertiesAutoConfiguration$$EnhancerBySpringCGLIB$$91499b1c
[DEBUG] 2017-06-04 15:06:44.509 [main] ConfigurationClassPostProcessor - Replacing bean definition 'org.springframework.boot.autoconfigure.web.ServerPropertiesAutoConfiguration' existing class 'org.springframework.boot.autoconfigure.web.ServerPropertiesAutoConfiguration' with enhanced class 'org.springframework.boot.autoconfigure.web.ServerPropertiesAutoConfiguration$$EnhancerBySpringCGLIB$$91499b1c'
[DEBUG] 2017-06-04 15:06:44.509 [main] ConfigurationClassEnhancer - Successfully enhanced org.springframework.boot.test.autoconfigure.web.servlet.MockMvcSecurityAutoConfiguration; enhanced class name is: org.springframework.boot.test.autoconfigure.web.servlet.MockMvcSecurityAutoConfiguration$$EnhancerBySpringCGLIB$$af84fe29
[DEBUG] 2017-06-04 15:06:44.509 [main] ConfigurationClassPostProcessor - Replacing bean definition 'org.springframework.boot.test.autoconfigure.web.servlet.MockMvcSecurityAutoConfiguration' existing class 'org.springframework.boot.test.autoconfigure.web.servlet.MockMvcSecurityAutoConfiguration' with enhanced class 'org.springframework.boot.test.autoconfigure.web.servlet.MockMvcSecurityAutoConfiguration$$EnhancerBySpringCGLIB$$af84fe29'
[DEBUG] 2017-06-04 15:06:44.509 [main] StandardEnvironment - Adding [applicationConfig: [classpath:/application.properties]] PropertySource with search precedence immediately lower than [applicationConfigurationProperties]
[DEBUG] 2017-06-04 15:06:44.509 [main] StandardEnvironment - Removing [applicationConfigurationProperties] PropertySource
[DEBUG] 2017-06-04 15:06:44.509 [main] StandardEnvironment - Removing [defaultProperties] PropertySource
[DEBUG] 2017-06-04 15:06:44.510 [main] DefaultListableBeanFactory - Creating shared instance of singleton bean 'org.springframework.boot.test.mock.mockito.MockitoPostProcessor'
[DEBUG] 2017-06-04 15:06:44.510 [main] DefaultListableBeanFactory - Creating instance of bean 'org.springframework.boot.test.mock.mockito.MockitoPostProcessor'
[DEBUG] 2017-06-04 15:06:44.512 [main] DefaultListableBeanFactory - Eagerly caching bean 'org.springframework.boot.test.mock.mockito.MockitoPostProcessor' to allow for resolving potential circular references
[DEBUG] 2017-06-04 15:06:44.512 [main] DefaultListableBeanFactory - Finished creating instance of bean 'org.springframework.boot.test.mock.mockito.MockitoPostProcessor'
[DEBUG] 2017-06-04 15:06:44.515 [main] DefaultListableBeanFactory - Creating shared instance of singleton bean 'org.springframework.boot.context.properties.ConfigurationPropertiesBindingPostProcessor.store'
[DEBUG] 2017-06-04 15:06:44.516 [main] DefaultListableBeanFactory - Creating instance of bean 'org.springframework.boot.context.properties.ConfigurationPropertiesBindingPostProcessor.store'
[DEBUG] 2017-06-04 15:06:44.516 [main] DefaultListableBeanFactory - Eagerly caching bean 'org.springframework.boot.context.properties.ConfigurationPropertiesBindingPostProcessor.store' to allow for resolving potential circular references
[DEBUG] 2017-06-04 15:06:44.516 [main] DefaultListableBeanFactory - Finished creating instance of bean 'org.springframework.boot.context.properties.ConfigurationPropertiesBindingPostProcessor.store'
[DEBUG] 2017-06-04 15:06:44.519 [main] DefaultListableBeanFactory - Creating shared instance of singleton bean 'org.springframework.context.annotation.internalAutowiredAnnotationProcessor'
[DEBUG] 2017-06-04 15:06:44.520 [main] DefaultListableBeanFactory - Creating instance of bean 'org.springframework.context.annotation.internalAutowiredAnnotationProcessor'
[DEBUG] 2017-06-04 15:06:44.520 [main] DefaultListableBeanFactory - Eagerly caching bean 'org.springframework.context.annotation.internalAutowiredAnnotationProcessor' to allow for resolving potential circular references
[DEBUG] 2017-06-04 15:06:44.520 [main] DefaultListableBeanFactory - Finished creating instance of bean 'org.springframework.context.annotation.internalAutowiredAnnotationProcessor'
[DEBUG] 2017-06-04 15:06:44.520 [main] DefaultListableBeanFactory - Creating shared instance of singleton bean 'org.springframework.context.annotation.internalRequiredAnnotationProcessor'
[DEBUG] 2017-06-04 15:06:44.520 [main] DefaultListableBeanFactory - Creating instance of bean 'org.springframework.context.annotation.internalRequiredAnnotationProcessor'
[DEBUG] 2017-06-04 15:06:44.520 [main] DefaultListableBeanFactory - Eagerly caching bean 'org.springframework.context.annotation.internalRequiredAnnotationProcessor' to allow for resolving potential circular references
[DEBUG] 2017-06-04 15:06:44.520 [main] DefaultListableBeanFactory - Finished creating instance of bean 'org.springframework.context.annotation.internalRequiredAnnotationProcessor'
[DEBUG] 2017-06-04 15:06:44.520 [main] DefaultListableBeanFactory - Creating shared instance of singleton bean 'org.springframework.context.annotation.internalCommonAnnotationProcessor'
[DEBUG] 2017-06-04 15:06:44.520 [main] DefaultListableBeanFactory - Creating instance of bean 'org.springframework.context.annotation.internalCommonAnnotationProcessor'
[DEBUG] 2017-06-04 15:06:44.521 [main] DefaultListableBeanFactory - Eagerly caching bean 'org.springframework.context.annotation.internalCommonAnnotationProcessor' to allow for resolving potential circular references
[DEBUG] 2017-06-04 15:06:44.521 [main] DefaultListableBeanFactory - Finished creating instance of bean 'org.springframework.context.annotation.internalCommonAnnotationProcessor'
[DEBUG] 2017-06-04 15:06:44.521 [main] DefaultListableBeanFactory - Creating shared instance of singleton bean 'org.springframework.boot.test.mock.mockito.MockitoPostProcessor$SpyPostProcessor'
[DEBUG] 2017-06-04 15:06:44.521 [main] DefaultListableBeanFactory - Creating instance of bean 'org.springframework.boot.test.mock.mockito.MockitoPostProcessor$SpyPostProcessor'
[DEBUG] 2017-06-04 15:06:44.521 [main] DefaultListableBeanFactory - Returning cached instance of singleton bean 'org.springframework.boot.test.mock.mockito.MockitoPostProcessor'
[DEBUG] 2017-06-04 15:06:44.521 [main] DefaultListableBeanFactory - Eagerly caching bean 'org.springframework.boot.test.mock.mockito.MockitoPostProcessor$SpyPostProcessor' to allow for resolving potential circular references
[DEBUG] 2017-06-04 15:06:44.522 [main] DefaultListableBeanFactory - Finished creating instance of bean 'org.springframework.boot.test.mock.mockito.MockitoPostProcessor$SpyPostProcessor'
[DEBUG] 2017-06-04 15:06:44.522 [main] DefaultListableBeanFactory - Creating shared instance of singleton bean 'org.springframework.context.annotation.ConfigurationClassPostProcessor.importAwareProcessor'
[DEBUG] 2017-06-04 15:06:44.522 [main] DefaultListableBeanFactory - Creating instance of bean 'org.springframework.context.annotation.ConfigurationClassPostProcessor.importAwareProcessor'
[DEBUG] 2017-06-04 15:06:44.522 [main] DefaultListableBeanFactory - Eagerly caching bean 'org.springframework.context.annotation.ConfigurationClassPostProcessor.importAwareProcessor' to allow for resolving potential circular references
[DEBUG] 2017-06-04 15:06:44.522 [main] DefaultListableBeanFactory - Finished creating instance of bean 'org.springframework.context.annotation.ConfigurationClassPostProcessor.importAwareProcessor'
[DEBUG] 2017-06-04 15:06:44.522 [main] DefaultListableBeanFactory - Creating shared instance of singleton bean 'org.springframework.context.annotation.ConfigurationClassPostProcessor.enhancedConfigurationProcessor'
[DEBUG] 2017-06-04 15:06:44.522 [main] DefaultListableBeanFactory - Creating instance of bean 'org.springframework.context.annotation.ConfigurationClassPostProcessor.enhancedConfigurationProcessor'
[DEBUG] 2017-06-04 15:06:44.522 [main] DefaultListableBeanFactory - Eagerly caching bean 'org.springframework.context.annotation.ConfigurationClassPostProcessor.enhancedConfigurationProcessor' to allow for resolving potential circular references
[DEBUG] 2017-06-04 15:06:44.522 [main] DefaultListableBeanFactory - Finished creating instance of bean 'org.springframework.context.annotation.ConfigurationClassPostProcessor.enhancedConfigurationProcessor'
[DEBUG] 2017-06-04 15:06:44.522 [main] DefaultListableBeanFactory - Creating shared instance of singleton bean 'org.springframework.data.repository.core.support.RepositoryFactoryBeanSupport_Predictor'
[DEBUG] 2017-06-04 15:06:44.522 [main] DefaultListableBeanFactory - Creating instance of bean 'org.springframework.data.repository.core.support.RepositoryFactoryBeanSupport_Predictor'
[DEBUG] 2017-06-04 15:06:44.523 [main] DefaultListableBeanFactory - Eagerly caching bean 'org.springframework.data.repository.core.support.RepositoryFactoryBeanSupport_Predictor' to allow for resolving potential circular references
[DEBUG] 2017-06-04 15:06:44.524 [main] DefaultListableBeanFactory - Finished creating instance of bean 'org.springframework.data.repository.core.support.RepositoryFactoryBeanSupport_Predictor'
[DEBUG] 2017-06-04 15:06:44.524 [main] DefaultListableBeanFactory - Creating shared instance of singleton bean 'org.springframework.boot.context.properties.ConfigurationPropertiesBindingPostProcessor'
[DEBUG] 2017-06-04 15:06:44.524 [main] DefaultListableBeanFactory - Creating instance of bean 'org.springframework.boot.context.properties.ConfigurationPropertiesBindingPostProcessor'
[DEBUG] 2017-06-04 15:06:44.524 [main] StandardEnvironment - Adding [systemProperties] PropertySource with lowest search precedence
[DEBUG] 2017-06-04 15:06:44.524 [main] StandardEnvironment - Adding [systemEnvironment] PropertySource with lowest search precedence
[DEBUG] 2017-06-04 15:06:44.524 [main] StandardEnvironment - Initialized StandardEnvironment with PropertySources [systemProperties,systemEnvironment]
[DEBUG] 2017-06-04 15:06:44.524 [main] DefaultListableBeanFactory - Eagerly caching bean 'org.springframework.boot.context.properties.ConfigurationPropertiesBindingPostProcessor' to allow for resolving potential circular references
[DEBUG] 2017-06-04 15:06:44.524 [main] DefaultListableBeanFactory - Returning cached instance of singleton bean 'org.springframework.boot.context.properties.ConfigurationPropertiesBindingPostProcessor.store'
[DEBUG] 2017-06-04 15:06:44.532 [main] DefaultListableBeanFactory - Invoking afterPropertiesSet() on bean with name 'org.springframework.boot.context.properties.ConfigurationPropertiesBindingPostProcessor'
[DEBUG] 2017-06-04 15:06:44.532 [main] DefaultListableBeanFactory - Finished creating instance of bean 'org.springframework.boot.context.properties.ConfigurationPropertiesBindingPostProcessor'
[DEBUG] 2017-06-04 15:06:44.533 [main] DefaultListableBeanFactory - Returning cached instance of singleton bean 'org.springframework.boot.test.mock.mockito.MockitoPostProcessor'
[DEBUG] 2017-06-04 15:06:44.533 [main] DefaultListableBeanFactory - Creating shared instance of singleton bean 'halObjectMapperConfigurer'
[DEBUG] 2017-06-04 15:06:44.533 [main] DefaultListableBeanFactory - Creating instance of bean 'halObjectMapperConfigurer'
[DEBUG] 2017-06-04 15:06:44.533 [main] DefaultListableBeanFactory - Eagerly caching bean 'halObjectMapperConfigurer' to allow for resolving potential circular references
[DEBUG] 2017-06-04 15:06:44.536 [main] DefaultListableBeanFactory - Finished creating instance of bean 'halObjectMapperConfigurer'
[DEBUG] 2017-06-04 15:06:44.536 [main] DefaultListableBeanFactory - Creating shared instance of singleton bean 'org.springframework.hateoas.config.HypermediaSupportBeanDefinitionRegistrar$DefaultObjectMapperCustomizer#0'
[DEBUG] 2017-06-04 15:06:44.536 [main] DefaultListableBeanFactory - Creating instance of bean 'org.springframework.hateoas.config.HypermediaSupportBeanDefinitionRegistrar$DefaultObjectMapperCustomizer#0'
[DEBUG] 2017-06-04 15:06:44.536 [main] DefaultListableBeanFactory - Eagerly caching bean 'org.springframework.hateoas.config.HypermediaSupportBeanDefinitionRegistrar$DefaultObjectMapperCustomizer#0' to allow for resolving potential circular references
[DEBUG] 2017-06-04 15:06:44.538 [main] DefaultListableBeanFactory - Finished creating instance of bean 'org.springframework.hateoas.config.HypermediaSupportBeanDefinitionRegistrar$DefaultObjectMapperCustomizer#0'
[DEBUG] 2017-06-04 15:06:44.538 [main] DefaultListableBeanFactory - Creating shared instance of singleton bean 'org.springframework.hateoas.config.HypermediaSupportBeanDefinitionRegistrar$Jackson2ModuleRegisteringBeanPostProcessor#0'
[DEBUG] 2017-06-04 15:06:44.538 [main] DefaultListableBeanFactory - Creating instance of bean 'org.springframework.hateoas.config.HypermediaSupportBeanDefinitionRegistrar$Jackson2ModuleRegisteringBeanPostProcessor#0'
[DEBUG] 2017-06-04 15:06:44.539 [main] DefaultListableBeanFactory - Eagerly caching bean 'org.springframework.hateoas.config.HypermediaSupportBeanDefinitionRegistrar$Jackson2ModuleRegisteringBeanPostProcessor#0' to allow for resolving potential circular references
[DEBUG] 2017-06-04 15:06:44.542 [main] DefaultListableBeanFactory - Finished creating instance of bean 'org.springframework.hateoas.config.HypermediaSupportBeanDefinitionRegistrar$Jackson2ModuleRegisteringBeanPostProcessor#0'
[DEBUG] 2017-06-04 15:06:44.542 [main] DefaultListableBeanFactory - Returning cached instance of singleton bean 'org.springframework.boot.test.autoconfigure.properties.PropertyMappingContextCustomizer$PropertyMappingCheckBeanPostProcessor'
[DEBUG] 2017-06-04 15:06:44.542 [main] GenericWebApplicationContext - Unable to locate MessageSource with name 'messageSource': using default [org.springframework.context.support.DelegatingMessageSource@648d0e6d]
[DEBUG] 2017-06-04 15:06:44.542 [main] GenericWebApplicationContext - Unable to locate ApplicationEventMulticaster with name 'applicationEventMulticaster': using default [org.springframework.context.event.SimpleApplicationEventMulticaster@79e66b2f]
[DEBUG] 2017-06-04 15:06:44.542 [main] UiApplicationContextUtils - Unable to locate ThemeSource with name 'themeSource': using default [org.springframework.ui.context.support.ResourceBundleThemeSource@17273273]
[DEBUG] 2017-06-04 15:06:44.544 [main] DefaultListableBeanFactory - Pre-instantiating singletons in org.springframework.beans.factory.support.DefaultListableBeanFactory@71945bc0: defining beans [org.springframework.context.annotation.internalConfigurationAnnotationProcessor,org.springframework.context.annotation.internalAutowiredAnnotationProcessor,org.springframework.context.annotation.internalRequiredAnnotationProcessor,org.springframework.context.annotation.internalCommonAnnotationProcessor,org.springframework.context.event.internalEventListenerProcessor,org.springframework.context.event.internalEventListenerFactory,org.springframework.boot.test.context.ImportsContextCustomizer$ImportsCleanupPostProcessor,org.springframework.boot.test.mock.mockito.MockitoPostProcessor$SpyPostProcessor,org.springframework.boot.test.mock.mockito.MockitoPostProcessor,ng2bootApplication,org.springframework.boot.autoconfigure.internalCachingMetadataReaderFactory,org.springframework.context.annotation.ConfigurationClassPostProcessor.importAwareProcessor,org.springframework.context.annotation.ConfigurationClassPostProcessor.enhancedConfigurationProcessor,movieRestController,org.springframework.boot.autoconfigure.AutoConfigurationPackages,org.springframework.data.mongodb.repository.config.MongoRepositoryConfigurationExtension#0,org.springframework.data.repository.core.support.RepositoryFactoryBeanSupport_Predictor,crudsRepository,movieRepository,org.springframework.boot.autoconfigure.condition.BeanTypeRegistry,org.springframework.boot.autoconfigure.web.WebMvcAutoConfiguration$EnableWebMvcConfiguration,requestMappingHandlerAdapter,requestMappingHandlerMapping,mvcPathMatcher,mvcUrlPathHelper,mvcContentNegotiationManager,viewControllerHandlerMapping,beanNameHandlerMapping,resourceHandlerMapping,mvcResourceUrlProvider,defaultServletHandlerMapping,mvcConversionService,mvcValidator,mvcUriComponentsContributor,httpRequestHandlerAdapter,simpleControllerHandlerAdapter,handlerExceptionResolver,mvcViewResolver,org.springframework.boot.autoconfigure.web.WebMvcAutoConfiguration$WebMvcAutoConfigurationAdapter$FaviconConfiguration,faviconHandlerMapping,faviconRequestHandler,org.springframework.boot.autoconfigure.web.WebMvcAutoConfiguration$WebMvcAutoConfigurationAdapter,defaultViewResolver,viewResolver,welcomePageHandlerMapping,requestContextFilter,spring.mvc-org.springframework.boot.autoconfigure.web.WebMvcProperties,spring.resources-org.springframework.boot.autoconfigure.web.ResourceProperties,org.springframework.boot.context.properties.ConfigurationPropertiesBindingPostProcessor,org.springframework.boot.context.properties.ConfigurationPropertiesBindingPostProcessor.store,org.springframework.boot.autoconfigure.web.WebMvcAutoConfiguration,hiddenHttpMethodFilter,httpPutFormContentFilter,org.springframework.boot.autoconfigure.gson.GsonAutoConfiguration,gson,org.springframework.boot.autoconfigure.jackson.JacksonAutoConfiguration$Jackson2ObjectMapperBuilderCustomizerConfiguration,standardJacksonObjectMapperBuilderCustomizer,spring.jackson-org.springframework.boot.autoconfigure.jackson.JacksonProperties,org.springframework.boot.autoconfigure.jackson.JacksonAutoConfiguration$JacksonObjectMapperBuilderConfiguration,jacksonObjectMapperBuilder,org.springframework.boot.autoconfigure.jackson.JacksonAutoConfiguration$JacksonObjectMapperConfiguration,jacksonObjectMapper,org.springframework.boot.autoconfigure.jackson.JacksonAutoConfiguration,jsonComponentModule,org.springframework.boot.autoconfigure.web.HttpMessageConvertersAutoConfiguration$StringHttpMessageConverterConfiguration,stringHttpMessageConverter,spring.http.encoding-org.springframework.boot.autoconfigure.web.HttpEncodingProperties,org.springframework.boot.autoconfigure.web.JacksonHttpMessageConvertersConfiguration$MappingJackson2HttpMessageConverterConfiguration,mappingJackson2HttpMessageConverter,org.springframework.boot.autoconfigure.web.JacksonHttpMessageConvertersConfiguration,org.springframework.boot.autoconfigure.web.GsonHttpMessageConvertersConfiguration,org.springframework.boot.autoconfigure.web.HttpMessageConvertersAutoConfiguration,messageConverters,org.springframework.boot.autoconfigure.hateoas.HypermediaAutoConfiguration$EntityLinksConfiguration,entityLinksPluginRegistry,controllerEntityLinks,delegatingEntityLinks,org.springframework.hateoas.config.HateoasConfiguration,linkRelationMessageSource,org.springframework.boot.autoconfigure.hateoas.HypermediaAutoConfiguration$HypermediaConfiguration,halObjectMapperConfigurer,org.springframework.hateoas.hal.HalLinkDiscoverer#0,_halObjectMapper,org.springframework.hateoas.config.HypermediaSupportBeanDefinitionRegistrar$DefaultObjectMapperCustomizer#0,org.springframework.hateoas.config.HypermediaSupportBeanDefinitionRegistrar$Jackson2ModuleRegisteringBeanPostProcessor#0,_linkDiscovererRegistry,org.springframework.hateoas.LinkDiscoverers#0,defaultRelProvider,annotationRelProvider,relProviderPluginRegistry,_relProvider,org.springframework.boot.autoconfigure.hateoas.HypermediaHttpMessageConverterConfiguration,halMessageConverterSupportedMediaTypeCustomizer,org.springframework.boot.autoconfigure.hateoas.HypermediaAutoConfiguration,spring.hateoas-org.springframework.boot.autoconfigure.hateoas.HateoasProperties,org.springframework.boot.test.autoconfigure.web.servlet.MockMvcAutoConfiguration,mockMvcBuilder,springBootMockMvcBuilderCustomizer,mockMvc,org.springframework.boot.autoconfigure.web.ServerPropertiesAutoConfiguration,serverProperties,duplicateServerPropertiesDetector,org.springframework.boot.test.autoconfigure.web.servlet.MockMvcSecurityAutoConfiguration,com.stackroute.ng2boot.service.MovieGetService#0]; root of factory hierarchy
[DEBUG] 2017-06-04 15:06:44.544 [main] DefaultListableBeanFactory - Returning cached instance of singleton bean 'org.springframework.context.annotation.internalConfigurationAnnotationProcessor'
[DEBUG] 2017-06-04 15:06:44.544 [main] DefaultListableBeanFactory - Returning cached instance of singleton bean 'org.springframework.context.annotation.internalAutowiredAnnotationProcessor'
[DEBUG] 2017-06-04 15:06:44.544 [main] DefaultListableBeanFactory - Returning cached instance of singleton bean 'org.springframework.context.annotation.internalRequiredAnnotationProcessor'
[DEBUG] 2017-06-04 15:06:44.544 [main] DefaultListableBeanFactory - Returning cached instance of singleton bean 'org.springframework.context.annotation.internalCommonAnnotationProcessor'
[DEBUG] 2017-06-04 15:06:44.544 [main] DefaultListableBeanFactory - Creating shared instance of singleton bean 'org.springframework.context.event.internalEventListenerProcessor'
[DEBUG] 2017-06-04 15:06:44.544 [main] DefaultListableBeanFactory - Creating instance of bean 'org.springframework.context.event.internalEventListenerProcessor'
[DEBUG] 2017-06-04 15:06:44.545 [main] DefaultListableBeanFactory - Eagerly caching bean 'org.springframework.context.event.internalEventListenerProcessor' to allow for resolving potential circular references
[DEBUG] 2017-06-04 15:06:44.547 [main] DefaultListableBeanFactory - Finished creating instance of bean 'org.springframework.context.event.internalEventListenerProcessor'
[DEBUG] 2017-06-04 15:06:44.547 [main] DefaultListableBeanFactory - Creating shared instance of singleton bean 'org.springframework.context.event.internalEventListenerFactory'
[DEBUG] 2017-06-04 15:06:44.547 [main] DefaultListableBeanFactory - Creating instance of bean 'org.springframework.context.event.internalEventListenerFactory'
[DEBUG] 2017-06-04 15:06:44.547 [main] DefaultListableBeanFactory - Eagerly caching bean 'org.springframework.context.event.internalEventListenerFactory' to allow for resolving potential circular references
[DEBUG] 2017-06-04 15:06:44.550 [main] DefaultListableBeanFactory - Finished creating instance of bean 'org.springframework.context.event.internalEventListenerFactory'
[DEBUG] 2017-06-04 15:06:44.550 [main] DefaultListableBeanFactory - Returning cached instance of singleton bean 'org.springframework.boot.test.context.ImportsContextCustomizer$ImportsCleanupPostProcessor'
[DEBUG] 2017-06-04 15:06:44.550 [main] DefaultListableBeanFactory - Returning cached instance of singleton bean 'org.springframework.boot.test.mock.mockito.MockitoPostProcessor$SpyPostProcessor'
[DEBUG] 2017-06-04 15:06:44.550 [main] DefaultListableBeanFactory - Returning cached instance of singleton bean 'org.springframework.boot.test.mock.mockito.MockitoPostProcessor'
[DEBUG] 2017-06-04 15:06:44.550 [main] DefaultListableBeanFactory - Creating shared instance of singleton bean 'ng2bootApplication'
[DEBUG] 2017-06-04 15:06:44.550 [main] DefaultListableBeanFactory - Creating instance of bean 'ng2bootApplication'
[DEBUG] 2017-06-04 15:06:44.551 [main] DefaultListableBeanFactory - Eagerly caching bean 'ng2bootApplication' to allow for resolving potential circular references
[DEBUG] 2017-06-04 15:06:44.553 [main] DefaultListableBeanFactory - Finished creating instance of bean 'ng2bootApplication'
[DEBUG] 2017-06-04 15:06:44.553 [main] DefaultListableBeanFactory - Returning cached instance of singleton bean 'org.springframework.boot.autoconfigure.internalCachingMetadataReaderFactory'
[DEBUG] 2017-06-04 15:06:44.553 [main] DefaultListableBeanFactory - Returning cached instance of singleton bean 'org.springframework.context.annotation.ConfigurationClassPostProcessor.importAwareProcessor'
[DEBUG] 2017-06-04 15:06:44.553 [main] DefaultListableBeanFactory - Returning cached instance of singleton bean 'org.springframework.context.annotation.ConfigurationClassPostProcessor.enhancedConfigurationProcessor'
[DEBUG] 2017-06-04 15:06:44.553 [main] DefaultListableBeanFactory - Creating shared instance of singleton bean 'movieRestController'
[DEBUG] 2017-06-04 15:06:44.553 [main] DefaultListableBeanFactory - Creating instance of bean 'movieRestController'
[DEBUG] 2017-06-04 15:06:44.553 [main] InjectionMetadata - Registered injected element on class [com.stackroute.ng2boot.controllers.MovieRestController]: AutowiredFieldElement for private com.stackroute.ng2boot.service.MovieGetService com.stackroute.ng2boot.controllers.MovieRestController.moviegetservice
[DEBUG] 2017-06-04 15:06:44.553 [main] InjectionMetadata - Registered injected element on class [com.stackroute.ng2boot.controllers.MovieRestController]: AutowiredFieldElement for private com.stackroute.ng2boot.links.MovieLinks com.stackroute.ng2boot.controllers.MovieRestController.movielinks
[DEBUG] 2017-06-04 15:06:44.553 [main] DefaultListableBeanFactory - Eagerly caching bean 'movieRestController' to allow for resolving potential circular references
[DEBUG] 2017-06-04 15:06:44.554 [main] InjectionMetadata - Processing injected element of bean 'movieRestController': AutowiredFieldElement for private com.stackroute.ng2boot.service.MovieGetService com.stackroute.ng2boot.controllers.MovieRestController.moviegetservice
[DEBUG] 2017-06-04 15:06:44.555 [main] DefaultListableBeanFactory - Returning cached instance of singleton bean 'com.stackroute.ng2boot.service.MovieGetService#0'
[DEBUG] 2017-06-04 15:06:44.555 [main] AutowiredAnnotationBeanPostProcessor - Autowiring by type from bean name 'movieRestController' to bean named 'com.stackroute.ng2boot.service.MovieGetService#0'
[DEBUG] 2017-06-04 15:06:44.555 [main] InjectionMetadata - Processing injected element of bean 'movieRestController': AutowiredFieldElement for private com.stackroute.ng2boot.links.MovieLinks com.stackroute.ng2boot.controllers.MovieRestController.movielinks
[WARN ] 2017-06-04 15:06:44.556 [main] GenericWebApplicationContext - Exception encountered during context initialization - cancelling refresh attempt: org.springframework.beans.factory.UnsatisfiedDependencyException: Error creating bean with name 'movieRestController': Unsatisfied dependency expressed through field 'movielinks'; nested exception is org.springframework.beans.factory.NoSuchBeanDefinitionException: No qualifying bean of type 'com.stackroute.ng2boot.links.MovieLinks' available: expected at least 1 bean which qualifies as autowire candidate. Dependency annotations: {@org.springframework.beans.factory.annotation.Autowired(required=true)}
[DEBUG] 2017-06-04 15:06:44.556 [main] DefaultListableBeanFactory - Destroying singletons in org.springframework.beans.factory.support.DefaultListableBeanFactory@71945bc0: defining beans [org.springframework.context.annotation.internalConfigurationAnnotationProcessor,org.springframework.context.annotation.internalAutowiredAnnotationProcessor,org.springframework.context.annotation.internalRequiredAnnotationProcessor,org.springframework.context.annotation.internalCommonAnnotationProcessor,org.springframework.context.event.internalEventListenerProcessor,org.springframework.context.event.internalEventListenerFactory,org.springframework.boot.test.context.ImportsContextCustomizer$ImportsCleanupPostProcessor,org.springframework.boot.test.mock.mockito.MockitoPostProcessor$SpyPostProcessor,org.springframework.boot.test.mock.mockito.MockitoPostProcessor,ng2bootApplication,org.springframework.boot.autoconfigure.internalCachingMetadataReaderFactory,org.springframework.context.annotation.ConfigurationClassPostProcessor.importAwareProcessor,org.springframework.context.annotation.ConfigurationClassPostProcessor.enhancedConfigurationProcessor,movieRestController,org.springframework.boot.autoconfigure.AutoConfigurationPackages,org.springframework.data.mongodb.repository.config.MongoRepositoryConfigurationExtension#0,org.springframework.data.repository.core.support.RepositoryFactoryBeanSupport_Predictor,crudsRepository,movieRepository,org.springframework.boot.autoconfigure.condition.BeanTypeRegistry,org.springframework.boot.autoconfigure.web.WebMvcAutoConfiguration$EnableWebMvcConfiguration,requestMappingHandlerAdapter,requestMappingHandlerMapping,mvcPathMatcher,mvcUrlPathHelper,mvcContentNegotiationManager,viewControllerHandlerMapping,beanNameHandlerMapping,resourceHandlerMapping,mvcResourceUrlProvider,defaultServletHandlerMapping,mvcConversionService,mvcValidator,mvcUriComponentsContributor,httpRequestHandlerAdapter,simpleControllerHandlerAdapter,handlerExceptionResolver,mvcViewResolver,org.springframework.boot.autoconfigure.web.WebMvcAutoConfiguration$WebMvcAutoConfigurationAdapter$FaviconConfiguration,faviconHandlerMapping,faviconRequestHandler,org.springframework.boot.autoconfigure.web.WebMvcAutoConfiguration$WebMvcAutoConfigurationAdapter,defaultViewResolver,viewResolver,welcomePageHandlerMapping,requestContextFilter,spring.mvc-org.springframework.boot.autoconfigure.web.WebMvcProperties,spring.resources-org.springframework.boot.autoconfigure.web.ResourceProperties,org.springframework.boot.context.properties.ConfigurationPropertiesBindingPostProcessor,org.springframework.boot.context.properties.ConfigurationPropertiesBindingPostProcessor.store,org.springframework.boot.autoconfigure.web.WebMvcAutoConfiguration,hiddenHttpMethodFilter,httpPutFormContentFilter,org.springframework.boot.autoconfigure.gson.GsonAutoConfiguration,gson,org.springframework.boot.autoconfigure.jackson.JacksonAutoConfiguration$Jackson2ObjectMapperBuilderCustomizerConfiguration,standardJacksonObjectMapperBuilderCustomizer,spring.jackson-org.springframework.boot.autoconfigure.jackson.JacksonProperties,org.springframework.boot.autoconfigure.jackson.JacksonAutoConfiguration$JacksonObjectMapperBuilderConfiguration,jacksonObjectMapperBuilder,org.springframework.boot.autoconfigure.jackson.JacksonAutoConfiguration$JacksonObjectMapperConfiguration,jacksonObjectMapper,org.springframework.boot.autoconfigure.jackson.JacksonAutoConfiguration,jsonComponentModule,org.springframework.boot.autoconfigure.web.HttpMessageConvertersAutoConfiguration$StringHttpMessageConverterConfiguration,stringHttpMessageConverter,spring.http.encoding-org.springframework.boot.autoconfigure.web.HttpEncodingProperties,org.springframework.boot.autoconfigure.web.JacksonHttpMessageConvertersConfiguration$MappingJackson2HttpMessageConverterConfiguration,mappingJackson2HttpMessageConverter,org.springframework.boot.autoconfigure.web.JacksonHttpMessageConvertersConfiguration,org.springframework.boot.autoconfigure.web.GsonHttpMessageConvertersConfiguration,org.springframework.boot.autoconfigure.web.HttpMessageConvertersAutoConfiguration,messageConverters,org.springframework.boot.autoconfigure.hateoas.HypermediaAutoConfiguration$EntityLinksConfiguration,entityLinksPluginRegistry,controllerEntityLinks,delegatingEntityLinks,org.springframework.hateoas.config.HateoasConfiguration,linkRelationMessageSource,org.springframework.boot.autoconfigure.hateoas.HypermediaAutoConfiguration$HypermediaConfiguration,halObjectMapperConfigurer,org.springframework.hateoas.hal.HalLinkDiscoverer#0,_halObjectMapper,org.springframework.hateoas.config.HypermediaSupportBeanDefinitionRegistrar$DefaultObjectMapperCustomizer#0,org.springframework.hateoas.config.HypermediaSupportBeanDefinitionRegistrar$Jackson2ModuleRegisteringBeanPostProcessor#0,_linkDiscovererRegistry,org.springframework.hateoas.LinkDiscoverers#0,defaultRelProvider,annotationRelProvider,relProviderPluginRegistry,_relProvider,org.springframework.boot.autoconfigure.hateoas.HypermediaHttpMessageConverterConfiguration,halMessageConverterSupportedMediaTypeCustomizer,org.springframework.boot.autoconfigure.hateoas.HypermediaAutoConfiguration,spring.hateoas-org.springframework.boot.autoconfigure.hateoas.HateoasProperties,org.springframework.boot.test.autoconfigure.web.servlet.MockMvcAutoConfiguration,mockMvcBuilder,springBootMockMvcBuilderCustomizer,mockMvc,org.springframework.boot.autoconfigure.web.ServerPropertiesAutoConfiguration,serverProperties,duplicateServerPropertiesDetector,org.springframework.boot.test.autoconfigure.web.servlet.MockMvcSecurityAutoConfiguration,com.stackroute.ng2boot.service.MovieGetService#0]; root of factory hierarchy
[DEBUG] 2017-06-04 15:06:44.556 [main] DisposableBeanAdapter - Invoking destroy() on bean with name 'org.springframework.boot.context.properties.ConfigurationPropertiesBindingPostProcessor'
[DEBUG] 2017-06-04 15:06:44.556 [main] DefaultListableBeanFactory - Retrieved dependent beans for bean 'org.springframework.boot.autoconfigure.internalCachingMetadataReaderFactory': [org.springframework.context.annotation.internalConfigurationAnnotationProcessor]
[DEBUG] 2017-06-04 15:06:44.557 [main] ClasspathLoggingApplicationListener - Application failed to start with classpath: [file:/home/user/Downloads/part1_movieapp-starter/spring-rest/target/surefire/surefirebooter8256104674369339533.jar]
[DEBUG] 2017-06-04 15:06:44.559 [main] AutoConfigurationReportLoggingInitializer - 


=========================
AUTO-CONFIGURATION REPORT
=========================


Positive matches:
-----------------

   GsonAutoConfiguration matched:
      - @ConditionalOnClass found required class 'com.google.gson.Gson' (OnClassCondition)

   GsonAutoConfiguration#gson matched:
      - @ConditionalOnMissingBean (types: com.google.gson.Gson; SearchStrategy: all) did not find any beans (OnBeanCondition)

   GsonHttpMessageConvertersConfiguration matched:
      - @ConditionalOnClass found required class 'com.google.gson.Gson' (OnClassCondition)

   HttpMessageConvertersAutoConfiguration matched:
      - @ConditionalOnClass found required class 'org.springframework.http.converter.HttpMessageConverter' (OnClassCondition)

   HttpMessageConvertersAutoConfiguration#messageConverters matched:
      - @ConditionalOnMissingBean (types: org.springframework.boot.autoconfigure.web.HttpMessageConverters; SearchStrategy: all) did not find any beans (OnBeanCondition)

   HttpMessageConvertersAutoConfiguration.StringHttpMessageConverterConfiguration matched:
      - @ConditionalOnClass found required class 'org.springframework.http.converter.StringHttpMessageConverter' (OnClassCondition)

   HttpMessageConvertersAutoConfiguration.StringHttpMessageConverterConfiguration#stringHttpMessageConverter matched:
      - @ConditionalOnMissingBean (types: org.springframework.http.converter.StringHttpMessageConverter; SearchStrategy: all) did not find any beans (OnBeanCondition)

   HypermediaAutoConfiguration matched:
      - @ConditionalOnClass found required classes 'org.springframework.hateoas.Resource', 'org.springframework.web.bind.annotation.RequestMapping', 'org.springframework.plugin.core.Plugin' (OnClassCondition)
      - @ConditionalOnWebApplication (required) found 'session' scope (OnWebApplicationCondition)

   HypermediaAutoConfiguration.EntityLinksConfiguration matched:
      - @ConditionalOnMissingBean (types: org.springframework.hateoas.EntityLinks; SearchStrategy: all) did not find any beans (OnBeanCondition)

   HypermediaAutoConfiguration.HypermediaConfiguration matched:
      - @ConditionalOnMissingBean (types: org.springframework.hateoas.LinkDiscoverers; SearchStrategy: all) did not find any beans (OnBeanCondition)

   HypermediaHttpMessageConverterConfiguration#halMessageConverterSupportedMediaTypeCustomizer matched:
      - @ConditionalOnProperty (spring.hateoas.use-hal-as-default-json-media-type) matched (OnPropertyCondition)

   JacksonAutoConfiguration matched:
      - @ConditionalOnClass found required class 'com.fasterxml.jackson.databind.ObjectMapper' (OnClassCondition)

   JacksonAutoConfiguration.Jackson2ObjectMapperBuilderCustomizerConfiguration matched:
      - @ConditionalOnClass found required classes 'com.fasterxml.jackson.databind.ObjectMapper', 'org.springframework.http.converter.json.Jackson2ObjectMapperBuilder' (OnClassCondition)

   JacksonAutoConfiguration.JacksonObjectMapperBuilderConfiguration matched:
      - @ConditionalOnClass found required classes 'com.fasterxml.jackson.databind.ObjectMapper', 'org.springframework.http.converter.json.Jackson2ObjectMapperBuilder' (OnClassCondition)

   JacksonAutoConfiguration.JacksonObjectMapperBuilderConfiguration#jacksonObjectMapperBuilder matched:
      - @ConditionalOnMissingBean (types: org.springframework.http.converter.json.Jackson2ObjectMapperBuilder; SearchStrategy: all) did not find any beans (OnBeanCondition)

   JacksonAutoConfiguration.JacksonObjectMapperConfiguration matched:
      - @ConditionalOnClass found required classes 'com.fasterxml.jackson.databind.ObjectMapper', 'org.springframework.http.converter.json.Jackson2ObjectMapperBuilder' (OnClassCondition)

   JacksonAutoConfiguration.JacksonObjectMapperConfiguration#jacksonObjectMapper matched:
      - @ConditionalOnMissingBean (types: com.fasterxml.jackson.databind.ObjectMapper; SearchStrategy: all) did not find any beans (OnBeanCondition)

   JacksonHttpMessageConvertersConfiguration.MappingJackson2HttpMessageConverterConfiguration matched:
      - @ConditionalOnClass found required class 'com.fasterxml.jackson.databind.ObjectMapper' (OnClassCondition)
      - @ConditionalOnProperty (spring.http.converters.preferred-json-mapper=jackson) matched (OnPropertyCondition)
      - @ConditionalOnBean (types: com.fasterxml.jackson.databind.ObjectMapper; SearchStrategy: all) found bean 'jacksonObjectMapper' (OnBeanCondition)

   JacksonHttpMessageConvertersConfiguration.MappingJackson2HttpMessageConverterConfiguration#mappingJackson2HttpMessageConverter matched:
      - @ConditionalOnMissingBean (types: org.springframework.http.converter.json.MappingJackson2HttpMessageConverter; SearchStrategy: all) did not find any beans (OnBeanCondition)

   MockMvcAutoConfiguration matched:
      - @ConditionalOnWebApplication (required) found 'session' scope (OnWebApplicationCondition)

   MockMvcAutoConfiguration#mockMvc matched:
      - @ConditionalOnMissingBean (types: org.springframework.test.web.servlet.MockMvc; SearchStrategy: all) did not find any beans (OnBeanCondition)

   MockMvcAutoConfiguration#mockMvcBuilder matched:
      - @ConditionalOnMissingBean (types: org.springframework.test.web.servlet.MockMvcBuilder; SearchStrategy: all) did not find any beans (OnBeanCondition)

   MockMvcSecurityAutoConfiguration matched:
      - @ConditionalOnProperty (spring.test.mockmvc.secure=true) matched (OnPropertyCondition)

   NoOpCacheConfiguration matched:
      - Cache org.springframework.boot.autoconfigure.cache.NoOpCacheConfiguration NONE cache type (CacheCondition)

   ServerPropertiesAutoConfiguration matched:
      - @ConditionalOnWebApplication (required) found 'session' scope (OnWebApplicationCondition)

   ServerPropertiesAutoConfiguration#serverProperties matched:
      - @ConditionalOnMissingBean (types: org.springframework.boot.autoconfigure.web.ServerProperties; SearchStrategy: current) did not find any beans (OnBeanCondition)

   WebMvcAutoConfiguration matched:
      - @ConditionalOnClass found required classes 'javax.servlet.Servlet', 'org.springframework.web.servlet.DispatcherServlet', 'org.springframework.web.servlet.config.annotation.WebMvcConfigurerAdapter' (OnClassCondition)
      - @ConditionalOnWebApplication (required) found 'session' scope (OnWebApplicationCondition)
      - @ConditionalOnMissingBean (types: org.springframework.web.servlet.config.annotation.WebMvcConfigurationSupport; SearchStrategy: all) did not find any beans (OnBeanCondition)

   WebMvcAutoConfiguration#hiddenHttpMethodFilter matched:
      - @ConditionalOnMissingBean (types: org.springframework.web.filter.HiddenHttpMethodFilter; SearchStrategy: all) did not find any beans (OnBeanCondition)

   WebMvcAutoConfiguration#httpPutFormContentFilter matched:
      - @ConditionalOnProperty (spring.mvc.formcontent.putfilter.enabled) matched (OnPropertyCondition)
      - @ConditionalOnMissingBean (types: org.springframework.web.filter.HttpPutFormContentFilter; SearchStrategy: all) did not find any beans (OnBeanCondition)

   WebMvcAutoConfiguration.WebMvcAutoConfigurationAdapter#defaultViewResolver matched:
      - @ConditionalOnMissingBean (types: org.springframework.web.servlet.view.InternalResourceViewResolver; SearchStrategy: all) did not find any beans (OnBeanCondition)

   WebMvcAutoConfiguration.WebMvcAutoConfigurationAdapter#requestContextFilter matched:
      - @ConditionalOnMissingBean (types: org.springframework.web.context.request.RequestContextListener,org.springframework.web.filter.RequestContextFilter; SearchStrategy: all) did not find any beans (OnBeanCondition)

   WebMvcAutoConfiguration.WebMvcAutoConfigurationAdapter#viewResolver matched:
      - @ConditionalOnBean (types: org.springframework.web.servlet.ViewResolver; SearchStrategy: all) found beans 'defaultViewResolver', 'mvcViewResolver'; @ConditionalOnMissingBean (names: viewResolver; types: org.springframework.web.servlet.view.ContentNegotiatingViewResolver; SearchStrategy: all) did not find any beans (OnBeanCondition)

   WebMvcAutoConfiguration.WebMvcAutoConfigurationAdapter.FaviconConfiguration matched:
      - @ConditionalOnProperty (spring.mvc.favicon.enabled) matched (OnPropertyCondition)


Negative matches:
-----------------

   CacheAutoConfiguration:
      Did not match:
         - @ConditionalOnBean (types: org.springframework.cache.interceptor.CacheAspectSupport; SearchStrategy: all) did not find any beans (OnBeanCondition)
      Matched:
         - @ConditionalOnClass found required class 'org.springframework.cache.CacheManager' (OnClassCondition)

   CacheAutoConfiguration.CacheManagerJpaDependencyConfiguration:
      Did not match:
         - @ConditionalOnClass did not find required class 'org.springframework.orm.jpa.LocalContainerEntityManagerFactoryBean' (OnClassCondition)
         - Ancestor org.springframework.boot.autoconfigure.cache.CacheAutoConfiguration did not match (ConditionEvaluationReport.AncestorsMatchedCondition)

   CaffeineCacheConfiguration:
      Did not match:
         - @ConditionalOnClass did not find required classes 'com.github.benmanes.caffeine.cache.Caffeine', 'org.springframework.cache.caffeine.CaffeineCacheManager' (OnClassCondition)

   CouchbaseCacheConfiguration:
      Did not match:
         - @ConditionalOnClass did not find required classes 'com.couchbase.client.java.Bucket', 'com.couchbase.client.spring.cache.CouchbaseCacheManager' (OnClassCondition)

   EhCacheCacheConfiguration:
      Did not match:
         - @ConditionalOnClass did not find required classes 'net.sf.ehcache.Cache', 'org.springframework.cache.ehcache.EhCacheCacheManager' (OnClassCondition)

   FreeMarkerAutoConfiguration:
      Did not match:
         - @ConditionalOnClass did not find required classes 'freemarker.template.Configuration', 'org.springframework.ui.freemarker.FreeMarkerConfigurationFactory' (OnClassCondition)

   GenericCacheConfiguration:
      Did not match:
         - Cache org.springframework.boot.autoconfigure.cache.GenericCacheConfiguration NONE cache type (CacheCondition)

   GroovyTemplateAutoConfiguration:
      Did not match:
         - @ConditionalOnClass did not find required class 'groovy.text.markup.MarkupTemplateEngine' (OnClassCondition)

   GsonHttpMessageConvertersConfiguration.GsonHttpMessageConverterConfiguration:
      Did not match:
         - AnyNestedCondition 0 matched 2 did not; NestedCondition on GsonHttpMessageConvertersConfiguration.PreferGsonOrMissingJacksonCondition.JacksonMissing @ConditionalOnMissingBean (types: org.springframework.http.converter.json.MappingJackson2HttpMessageConverter; SearchStrategy: all) found bean 'mappingJackson2HttpMessageConverter'; NestedCondition on GsonHttpMessageConvertersConfiguration.PreferGsonOrMissingJacksonCondition.GsonPreferred @ConditionalOnProperty (spring.http.converters.preferred-json-mapper=gson) did not find property 'spring.http.converters.preferred-json-mapper' (GsonHttpMessageConvertersConfiguration.PreferGsonOrMissingJacksonCondition)

   GuavaCacheConfiguration:
      Did not match:
         - @ConditionalOnClass did not find required class 'org.springframework.cache.guava.GuavaCacheManager' (OnClassCondition)

   HazelcastCacheConfiguration:
      Did not match:
         - @ConditionalOnClass did not find required classes 'com.hazelcast.core.HazelcastInstance', 'com.hazelcast.spring.cache.HazelcastCacheManager' (OnClassCondition)

   InfinispanCacheConfiguration:
      Did not match:
         - @ConditionalOnClass did not find required class 'org.infinispan.spring.provider.SpringEmbeddedCacheManager' (OnClassCondition)

   JCacheCacheConfiguration:
      Did not match:
         - @ConditionalOnClass did not find required classes 'javax.cache.Caching', 'org.springframework.cache.jcache.JCacheCacheManager' (OnClassCondition)

   JacksonAutoConfiguration.JodaDateTimeJacksonConfiguration:
      Did not match:
         - @ConditionalOnClass did not find required classes 'org.joda.time.DateTime', 'com.fasterxml.jackson.datatype.joda.ser.DateTimeSerializer', 'com.fasterxml.jackson.datatype.joda.cfg.JacksonJodaDateFormat' (OnClassCondition)

   JacksonAutoConfiguration.ParameterNamesModuleConfiguration:
      Did not match:
         - @ConditionalOnClass did not find required class 'com.fasterxml.jackson.module.paramnames.ParameterNamesModule' (OnClassCondition)

   JacksonHttpMessageConvertersConfiguration.MappingJackson2XmlHttpMessageConverterConfiguration:
      Did not match:
         - @ConditionalOnClass did not find required class 'com.fasterxml.jackson.dataformat.xml.XmlMapper' (OnClassCondition)

   MessageSourceAutoConfiguration:
      Did not match:
         - ResourceBundle did not find bundle with basename messages (MessageSourceAutoConfiguration.ResourceBundleCondition)

   MockMvcSecurityConfiguration:
      Did not match:
         - @ConditionalOnClass did not find required class 'org.springframework.security.test.web.servlet.request.SecurityMockMvcRequestPostProcessors' (OnClassCondition)

   MockMvcWebClientAutoConfiguration:
      Did not match:
         - @ConditionalOnClass did not find required class 'com.gargoylesoftware.htmlunit.WebClient' (OnClassCondition)

   MockMvcWebDriverAutoConfiguration:
      Did not match:
         - @ConditionalOnClass did not find required class 'org.openqa.selenium.htmlunit.HtmlUnitDriver' (OnClassCondition)

   MustacheAutoConfiguration:
      Did not match:
         - @ConditionalOnClass did not find required class 'com.samskivert.mustache.Mustache' (OnClassCondition)

   RedisCacheConfiguration:
      Did not match:
         - Cache org.springframework.boot.autoconfigure.cache.RedisCacheConfiguration NONE cache type (CacheCondition)

   SecurityAutoConfiguration:
      Did not match:
         - @ConditionalOnClass did not find required classes 'org.springframework.security.authentication.AuthenticationManager', 'org.springframework.security.config.annotation.authentication.configurers.GlobalAuthenticationConfigurerAdapter' (OnClassCondition)

   SimpleCacheConfiguration:
      Did not match:
         - Cache org.springframework.boot.autoconfigure.cache.SimpleCacheConfiguration NONE cache type (CacheCondition)

   ThymeleafAutoConfiguration:
      Did not match:
         - @ConditionalOnClass did not find required class 'org.thymeleaf.spring4.SpringTemplateEngine' (OnClassCondition)

   WebMvcAutoConfiguration.ResourceChainCustomizerConfiguration:
      Did not match:
         - @ConditionalOnEnabledResourceChain did not find class org.webjars.WebJarAssetLocator (OnEnabledResourceChainCondition)

   WebMvcAutoConfiguration.WebMvcAutoConfigurationAdapter#beanNameViewResolver:
      Did not match:
         - @ConditionalOnBean (types: org.springframework.web.servlet.View; SearchStrategy: all) did not find any beans (OnBeanCondition)

   WebMvcAutoConfiguration.WebMvcAutoConfigurationAdapter#dateFormatter:
      Did not match:
         - @ConditionalOnProperty (spring.mvc.date-format) did not find property 'date-format' (OnPropertyCondition)

   WebMvcAutoConfiguration.WebMvcAutoConfigurationAdapter#localeResolver:
      Did not match:
         - @ConditionalOnProperty (spring.mvc.locale) did not find property 'locale' (OnPropertyCondition)


Exclusions:
-----------

    None


Unconditional classes:
----------------------

    None



[DEBUG] 2017-06-04 15:06:44.642 [main] LoggingFailureAnalysisReporter - Application failed to start due to an exception
org.springframework.beans.factory.NoSuchBeanDefinitionException: No qualifying bean of type 'com.stackroute.ng2boot.links.MovieLinks' available: expected at least 1 bean which qualifies as autowire candidate. Dependency annotations: {@org.springframework.beans.factory.annotation.Autowired(required=true)}
	at org.springframework.beans.factory.support.DefaultListableBeanFactory.raiseNoMatchingBeanFound(DefaultListableBeanFactory.java:1466) ~[spring-beans-4.3.4.RELEASE.jar:4.3.4.RELEASE]
	at org.springframework.beans.factory.support.DefaultListableBeanFactory.doResolveDependency(DefaultListableBeanFactory.java:1097) ~[spring-beans-4.3.4.RELEASE.jar:4.3.4.RELEASE]
	at org.springframework.beans.factory.support.DefaultListableBeanFactory.resolveDependency(DefaultListableBeanFactory.java:1059) ~[spring-beans-4.3.4.RELEASE.jar:4.3.4.RELEASE]
	at org.springframework.beans.factory.annotation.AutowiredAnnotationBeanPostProcessor$AutowiredFieldElement.inject(AutowiredAnnotationBeanPostProcessor.java:589) ~[spring-beans-4.3.4.RELEASE.jar:4.3.4.RELEASE]
	at org.springframework.beans.factory.annotation.InjectionMetadata.inject(InjectionMetadata.java:88) ~[spring-beans-4.3.4.RELEASE.jar:4.3.4.RELEASE]
	at org.springframework.beans.factory.annotation.AutowiredAnnotationBeanPostProcessor.postProcessPropertyValues(AutowiredAnnotationBeanPostProcessor.java:370) ~[spring-beans-4.3.4.RELEASE.jar:4.3.4.RELEASE]
	at org.springframework.beans.factory.support.AbstractAutowireCapableBeanFactory.populateBean(AbstractAutowireCapableBeanFactory.java:1219) ~[spring-beans-4.3.4.RELEASE.jar:4.3.4.RELEASE]
	at org.springframework.beans.factory.support.AbstractAutowireCapableBeanFactory.doCreateBean(AbstractAutowireCapableBeanFactory.java:551) ~[spring-beans-4.3.4.RELEASE.jar:4.3.4.RELEASE]
	at org.springframework.beans.factory.support.AbstractAutowireCapableBeanFactory.createBean(AbstractAutowireCapableBeanFactory.java:482) ~[spring-beans-4.3.4.RELEASE.jar:4.3.4.RELEASE]
	at org.springframework.beans.factory.support.AbstractBeanFactory$1.getObject(AbstractBeanFactory.java:306) ~[spring-beans-4.3.4.RELEASE.jar:4.3.4.RELEASE]
	at org.springframework.beans.factory.support.DefaultSingletonBeanRegistry.getSingleton(DefaultSingletonBeanRegistry.java:230) ~[spring-beans-4.3.4.RELEASE.jar:4.3.4.RELEASE]
	at org.springframework.beans.factory.support.AbstractBeanFactory.doGetBean(AbstractBeanFactory.java:302) ~[spring-beans-4.3.4.RELEASE.jar:4.3.4.RELEASE]
	at org.springframework.beans.factory.support.AbstractBeanFactory.getBean(AbstractBeanFactory.java:197) ~[spring-beans-4.3.4.RELEASE.jar:4.3.4.RELEASE]
	at org.springframework.beans.factory.support.DefaultListableBeanFactory.preInstantiateSingletons(DefaultListableBeanFactory.java:754) ~[spring-beans-4.3.4.RELEASE.jar:4.3.4.RELEASE]
	at org.springframework.context.support.AbstractApplicationContext.finishBeanFactoryInitialization(AbstractApplicationContext.java:866) ~[spring-context-4.3.4.RELEASE.jar:4.3.4.RELEASE]
	at org.springframework.context.support.AbstractApplicationContext.refresh(AbstractApplicationContext.java:542) ~[spring-context-4.3.4.RELEASE.jar:4.3.4.RELEASE]
	at org.springframework.boot.SpringApplication.refresh(SpringApplication.java:761) [spring-boot-1.4.2.RELEASE.jar:1.4.2.RELEASE]
	at org.springframework.boot.SpringApplication.refreshContext(SpringApplication.java:371) [spring-boot-1.4.2.RELEASE.jar:1.4.2.RELEASE]
	at org.springframework.boot.SpringApplication.run(SpringApplication.java:315) [spring-boot-1.4.2.RELEASE.jar:1.4.2.RELEASE]
	at org.springframework.boot.test.context.SpringBootContextLoader.loadContext(SpringBootContextLoader.java:111) [spring-boot-test-1.4.2.RELEASE.jar:1.4.2.RELEASE]
	at org.springframework.test.context.cache.DefaultCacheAwareContextLoaderDelegate.loadContextInternal(DefaultCacheAwareContextLoaderDelegate.java:98) [spring-test-4.3.4.RELEASE.jar:4.3.4.RELEASE]
	at org.springframework.test.context.cache.DefaultCacheAwareContextLoaderDelegate.loadContext(DefaultCacheAwareContextLoaderDelegate.java:116) [spring-test-4.3.4.RELEASE.jar:4.3.4.RELEASE]
	at org.springframework.test.context.support.DefaultTestContext.getApplicationContext(DefaultTestContext.java:83) [spring-test-4.3.4.RELEASE.jar:4.3.4.RELEASE]
	at org.springframework.boot.test.autoconfigure.SpringBootDependencyInjectionTestExecutionListener.prepareTestInstance(SpringBootDependencyInjectionTestExecutionListener.java:47) [spring-boot-test-autoconfigure-1.4.2.RELEASE.jar:1.4.2.RELEASE]
	at org.springframework.test.context.TestContextManager.prepareTestInstance(TestContextManager.java:230) [spring-test-4.3.4.RELEASE.jar:4.3.4.RELEASE]
	at org.springframework.test.context.junit4.SpringJUnit4ClassRunner.createTest(SpringJUnit4ClassRunner.java:228) [spring-test-4.3.4.RELEASE.jar:4.3.4.RELEASE]
	at org.springframework.test.context.junit4.SpringJUnit4ClassRunner$1.runReflectiveCall(SpringJUnit4ClassRunner.java:287) [spring-test-4.3.4.RELEASE.jar:4.3.4.RELEASE]
	at org.junit.internal.runners.model.ReflectiveCallable.run(ReflectiveCallable.java:12) [junit-4.12.jar:4.12]
	at org.springframework.test.context.junit4.SpringJUnit4ClassRunner.methodBlock(SpringJUnit4ClassRunner.java:289) [spring-test-4.3.4.RELEASE.jar:4.3.4.RELEASE]
	at org.springframework.test.context.junit4.SpringJUnit4ClassRunner.runChild(SpringJUnit4ClassRunner.java:247) [spring-test-4.3.4.RELEASE.jar:4.3.4.RELEASE]
	at org.springframework.test.context.junit4.SpringJUnit4ClassRunner.runChild(SpringJUnit4ClassRunner.java:94) [spring-test-4.3.4.RELEASE.jar:4.3.4.RELEASE]
	at org.junit.runners.ParentRunner$3.run(ParentRunner.java:290) [junit-4.12.jar:4.12]
	at org.junit.runners.ParentRunner$1.schedule(ParentRunner.java:71) [junit-4.12.jar:4.12]
	at org.junit.runners.ParentRunner.runChildren(ParentRunner.java:288) [junit-4.12.jar:4.12]
	at org.junit.runners.ParentRunner.access$000(ParentRunner.java:58) [junit-4.12.jar:4.12]
	at org.junit.runners.ParentRunner$2.evaluate(ParentRunner.java:268) [junit-4.12.jar:4.12]
	at org.springframework.test.context.junit4.statements.RunBeforeTestClassCallbacks.evaluate(RunBeforeTestClassCallbacks.java:61) [spring-test-4.3.4.RELEASE.jar:4.3.4.RELEASE]
	at org.springframework.test.context.junit4.statements.RunAfterTestClassCallbacks.evaluate(RunAfterTestClassCallbacks.java:70) [spring-test-4.3.4.RELEASE.jar:4.3.4.RELEASE]
	at org.junit.runners.ParentRunner.run(ParentRunner.java:363) [junit-4.12.jar:4.12]
	at org.springframework.test.context.junit4.SpringJUnit4ClassRunner.run(SpringJUnit4ClassRunner.java:191) [spring-test-4.3.4.RELEASE.jar:4.3.4.RELEASE]
	at org.apache.maven.surefire.junit4.JUnit4Provider.execute(JUnit4Provider.java:283) [surefire-junit4-2.18.1.jar:2.18.1]
	at org.apache.maven.surefire.junit4.JUnit4Provider.executeWithRerun(JUnit4Provider.java:173) [surefire-junit4-2.18.1.jar:2.18.1]
	at org.apache.maven.surefire.junit4.JUnit4Provider.executeTestSet(JUnit4Provider.java:153) [surefire-junit4-2.18.1.jar:2.18.1]
	at org.apache.maven.surefire.junit4.JUnit4Provider.invoke(JUnit4Provider.java:128) [surefire-junit4-2.18.1.jar:2.18.1]
	at org.apache.maven.surefire.booter.ForkedBooter.invokeProviderInSameClassLoader(ForkedBooter.java:203) [surefire-booter-2.18.1.jar:2.18.1]
	at org.apache.maven.surefire.booter.ForkedBooter.runSuitesInProcess(ForkedBooter.java:155) [surefire-booter-2.18.1.jar:2.18.1]
	at org.apache.maven.surefire.booter.ForkedBooter.main(ForkedBooter.java:103) [surefire-booter-2.18.1.jar:2.18.1]
[ERROR] 2017-06-04 15:06:44.647 [main] LoggingFailureAnalysisReporter - 

***************************
APPLICATION FAILED TO START
***************************

Description:

Field movielinks in com.stackroute.ng2boot.controllers.MovieRestController required a bean of type 'com.stackroute.ng2boot.links.MovieLinks' that could not be found.


Action:

Consider defining a bean of type 'com.stackroute.ng2boot.links.MovieLinks' in your configuration.

[ERROR] 2017-06-04 15:06:44.647 [main] TestContextManager - Caught exception while allowing TestExecutionListener [org.springframework.boot.test.autoconfigure.SpringBootDependencyInjectionTestExecutionListener@48c76607] to prepare test instance [com.stackroute.ng2boot.controllers.MovieRestControllerTest@4d96250]
java.lang.IllegalStateException: Failed to load ApplicationContext
	at org.springframework.test.context.cache.DefaultCacheAwareContextLoaderDelegate.loadContext(DefaultCacheAwareContextLoaderDelegate.java:124) ~[spring-test-4.3.4.RELEASE.jar:4.3.4.RELEASE]
	at org.springframework.test.context.support.DefaultTestContext.getApplicationContext(DefaultTestContext.java:83) ~[spring-test-4.3.4.RELEASE.jar:4.3.4.RELEASE]
	at org.springframework.boot.test.autoconfigure.SpringBootDependencyInjectionTestExecutionListener.prepareTestInstance(SpringBootDependencyInjectionTestExecutionListener.java:47) ~[spring-boot-test-autoconfigure-1.4.2.RELEASE.jar:1.4.2.RELEASE]
	at org.springframework.test.context.TestContextManager.prepareTestInstance(TestContextManager.java:230) [spring-test-4.3.4.RELEASE.jar:4.3.4.RELEASE]
	at org.springframework.test.context.junit4.SpringJUnit4ClassRunner.createTest(SpringJUnit4ClassRunner.java:228) [spring-test-4.3.4.RELEASE.jar:4.3.4.RELEASE]
	at org.springframework.test.context.junit4.SpringJUnit4ClassRunner$1.runReflectiveCall(SpringJUnit4ClassRunner.java:287) [spring-test-4.3.4.RELEASE.jar:4.3.4.RELEASE]
	at org.junit.internal.runners.model.ReflectiveCallable.run(ReflectiveCallable.java:12) [junit-4.12.jar:4.12]
	at org.springframework.test.context.junit4.SpringJUnit4ClassRunner.methodBlock(SpringJUnit4ClassRunner.java:289) [spring-test-4.3.4.RELEASE.jar:4.3.4.RELEASE]
	at org.springframework.test.context.junit4.SpringJUnit4ClassRunner.runChild(SpringJUnit4ClassRunner.java:247) [spring-test-4.3.4.RELEASE.jar:4.3.4.RELEASE]
	at org.springframework.test.context.junit4.SpringJUnit4ClassRunner.runChild(SpringJUnit4ClassRunner.java:94) [spring-test-4.3.4.RELEASE.jar:4.3.4.RELEASE]
	at org.junit.runners.ParentRunner$3.run(ParentRunner.java:290) [junit-4.12.jar:4.12]
	at org.junit.runners.ParentRunner$1.schedule(ParentRunner.java:71) [junit-4.12.jar:4.12]
	at org.junit.runners.ParentRunner.runChildren(ParentRunner.java:288) [junit-4.12.jar:4.12]
	at org.junit.runners.ParentRunner.access$000(ParentRunner.java:58) [junit-4.12.jar:4.12]
	at org.junit.runners.ParentRunner$2.evaluate(ParentRunner.java:268) [junit-4.12.jar:4.12]
	at org.springframework.test.context.junit4.statements.RunBeforeTestClassCallbacks.evaluate(RunBeforeTestClassCallbacks.java:61) [spring-test-4.3.4.RELEASE.jar:4.3.4.RELEASE]
	at org.springframework.test.context.junit4.statements.RunAfterTestClassCallbacks.evaluate(RunAfterTestClassCallbacks.java:70) [spring-test-4.3.4.RELEASE.jar:4.3.4.RELEASE]
	at org.junit.runners.ParentRunner.run(ParentRunner.java:363) [junit-4.12.jar:4.12]
	at org.springframework.test.context.junit4.SpringJUnit4ClassRunner.run(SpringJUnit4ClassRunner.java:191) [spring-test-4.3.4.RELEASE.jar:4.3.4.RELEASE]
	at org.apache.maven.surefire.junit4.JUnit4Provider.execute(JUnit4Provider.java:283) [surefire-junit4-2.18.1.jar:2.18.1]
	at org.apache.maven.surefire.junit4.JUnit4Provider.executeWithRerun(JUnit4Provider.java:173) [surefire-junit4-2.18.1.jar:2.18.1]
	at org.apache.maven.surefire.junit4.JUnit4Provider.executeTestSet(JUnit4Provider.java:153) [surefire-junit4-2.18.1.jar:2.18.1]
	at org.apache.maven.surefire.junit4.JUnit4Provider.invoke(JUnit4Provider.java:128) [surefire-junit4-2.18.1.jar:2.18.1]
	at org.apache.maven.surefire.booter.ForkedBooter.invokeProviderInSameClassLoader(ForkedBooter.java:203) [surefire-booter-2.18.1.jar:2.18.1]
	at org.apache.maven.surefire.booter.ForkedBooter.runSuitesInProcess(ForkedBooter.java:155) [surefire-booter-2.18.1.jar:2.18.1]
	at org.apache.maven.surefire.booter.ForkedBooter.main(ForkedBooter.java:103) [surefire-booter-2.18.1.jar:2.18.1]
Caused by: org.springframework.beans.factory.UnsatisfiedDependencyException: Error creating bean with name 'movieRestController': Unsatisfied dependency expressed through field 'movielinks'; nested exception is org.springframework.beans.factory.NoSuchBeanDefinitionException: No qualifying bean of type 'com.stackroute.ng2boot.links.MovieLinks' available: expected at least 1 bean which qualifies as autowire candidate. Dependency annotations: {@org.springframework.beans.factory.annotation.Autowired(required=true)}
	at org.springframework.beans.factory.annotation.AutowiredAnnotationBeanPostProcessor$AutowiredFieldElement.inject(AutowiredAnnotationBeanPostProcessor.java:592) ~[spring-beans-4.3.4.RELEASE.jar:4.3.4.RELEASE]
	at org.springframework.beans.factory.annotation.InjectionMetadata.inject(InjectionMetadata.java:88) ~[spring-beans-4.3.4.RELEASE.jar:4.3.4.RELEASE]
	at org.springframework.beans.factory.annotation.AutowiredAnnotationBeanPostProcessor.postProcessPropertyValues(AutowiredAnnotationBeanPostProcessor.java:370) ~[spring-beans-4.3.4.RELEASE.jar:4.3.4.RELEASE]
	at org.springframework.beans.factory.support.AbstractAutowireCapableBeanFactory.populateBean(AbstractAutowireCapableBeanFactory.java:1219) ~[spring-beans-4.3.4.RELEASE.jar:4.3.4.RELEASE]
	at org.springframework.beans.factory.support.AbstractAutowireCapableBeanFactory.doCreateBean(AbstractAutowireCapableBeanFactory.java:551) ~[spring-beans-4.3.4.RELEASE.jar:4.3.4.RELEASE]
	at org.springframework.beans.factory.support.AbstractAutowireCapableBeanFactory.createBean(AbstractAutowireCapableBeanFactory.java:482) ~[spring-beans-4.3.4.RELEASE.jar:4.3.4.RELEASE]
	at org.springframework.beans.factory.support.AbstractBeanFactory$1.getObject(AbstractBeanFactory.java:306) ~[spring-beans-4.3.4.RELEASE.jar:4.3.4.RELEASE]
	at org.springframework.beans.factory.support.DefaultSingletonBeanRegistry.getSingleton(DefaultSingletonBeanRegistry.java:230) ~[spring-beans-4.3.4.RELEASE.jar:4.3.4.RELEASE]
	at org.springframework.beans.factory.support.AbstractBeanFactory.doGetBean(AbstractBeanFactory.java:302) ~[spring-beans-4.3.4.RELEASE.jar:4.3.4.RELEASE]
	at org.springframework.beans.factory.support.AbstractBeanFactory.getBean(AbstractBeanFactory.java:197) ~[spring-beans-4.3.4.RELEASE.jar:4.3.4.RELEASE]
	at org.springframework.beans.factory.support.DefaultListableBeanFactory.preInstantiateSingletons(DefaultListableBeanFactory.java:754) ~[spring-beans-4.3.4.RELEASE.jar:4.3.4.RELEASE]
	at org.springframework.context.support.AbstractApplicationContext.finishBeanFactoryInitialization(AbstractApplicationContext.java:866) ~[spring-context-4.3.4.RELEASE.jar:4.3.4.RELEASE]
	at org.springframework.context.support.AbstractApplicationContext.refresh(AbstractApplicationContext.java:542) ~[spring-context-4.3.4.RELEASE.jar:4.3.4.RELEASE]
	at org.springframework.boot.SpringApplication.refresh(SpringApplication.java:761) ~[spring-boot-1.4.2.RELEASE.jar:1.4.2.RELEASE]
	at org.springframework.boot.SpringApplication.refreshContext(SpringApplication.java:371) ~[spring-boot-1.4.2.RELEASE.jar:1.4.2.RELEASE]
	at org.springframework.boot.SpringApplication.run(SpringApplication.java:315) ~[spring-boot-1.4.2.RELEASE.jar:1.4.2.RELEASE]
	at org.springframework.boot.test.context.SpringBootContextLoader.loadContext(SpringBootContextLoader.java:111) ~[spring-boot-test-1.4.2.RELEASE.jar:1.4.2.RELEASE]
	at org.springframework.test.context.cache.DefaultCacheAwareContextLoaderDelegate.loadContextInternal(DefaultCacheAwareContextLoaderDelegate.java:98) ~[spring-test-4.3.4.RELEASE.jar:4.3.4.RELEASE]
	at org.springframework.test.context.cache.DefaultCacheAwareContextLoaderDelegate.loadContext(DefaultCacheAwareContextLoaderDelegate.java:116) ~[spring-test-4.3.4.RELEASE.jar:4.3.4.RELEASE]
	... 25 more
Caused by: org.springframework.beans.factory.NoSuchBeanDefinitionException: No qualifying bean of type 'com.stackroute.ng2boot.links.MovieLinks' available: expected at least 1 bean which qualifies as autowire candidate. Dependency annotations: {@org.springframework.beans.factory.annotation.Autowired(required=true)}
	at org.springframework.beans.factory.support.DefaultListableBeanFactory.raiseNoMatchingBeanFound(DefaultListableBeanFactory.java:1466) ~[spring-beans-4.3.4.RELEASE.jar:4.3.4.RELEASE]
	at org.springframework.beans.factory.support.DefaultListableBeanFactory.doResolveDependency(DefaultListableBeanFactory.java:1097) ~[spring-beans-4.3.4.RELEASE.jar:4.3.4.RELEASE]
	at org.springframework.beans.factory.support.DefaultListableBeanFactory.resolveDependency(DefaultListableBeanFactory.java:1059) ~[spring-beans-4.3.4.RELEASE.jar:4.3.4.RELEASE]
	at org.springframework.beans.factory.annotation.AutowiredAnnotationBeanPostProcessor$AutowiredFieldElement.inject(AutowiredAnnotationBeanPostProcessor.java:589) ~[spring-beans-4.3.4.RELEASE.jar:4.3.4.RELEASE]
	at org.springframework.beans.factory.annotation.InjectionMetadata.inject(InjectionMetadata.java:88) ~[spring-beans-4.3.4.RELEASE.jar:4.3.4.RELEASE]
	at org.springframework.beans.factory.annotation.AutowiredAnnotationBeanPostProcessor.postProcessPropertyValues(AutowiredAnnotationBeanPostProcessor.java:370) ~[spring-beans-4.3.4.RELEASE.jar:4.3.4.RELEASE]
	at org.springframework.beans.factory.support.AbstractAutowireCapableBeanFactory.populateBean(AbstractAutowireCapableBeanFactory.java:1219) ~[spring-beans-4.3.4.RELEASE.jar:4.3.4.RELEASE]
	at org.springframework.beans.factory.support.AbstractAutowireCapableBeanFactory.doCreateBean(AbstractAutowireCapableBeanFactory.java:551) ~[spring-beans-4.3.4.RELEASE.jar:4.3.4.RELEASE]
	at org.springframework.beans.factory.support.AbstractAutowireCapableBeanFactory.createBean(AbstractAutowireCapableBeanFactory.java:482) ~[spring-beans-4.3.4.RELEASE.jar:4.3.4.RELEASE]
	at org.springframework.beans.factory.support.AbstractBeanFactory$1.getObject(AbstractBeanFactory.java:306) ~[spring-beans-4.3.4.RELEASE.jar:4.3.4.RELEASE]
	at org.springframework.beans.factory.support.DefaultSingletonBeanRegistry.getSingleton(DefaultSingletonBeanRegistry.java:230) ~[spring-beans-4.3.4.RELEASE.jar:4.3.4.RELEASE]
	at org.springframework.beans.factory.support.AbstractBeanFactory.doGetBean(AbstractBeanFactory.java:302) ~[spring-beans-4.3.4.RELEASE.jar:4.3.4.RELEASE]
	at org.springframework.beans.factory.support.AbstractBeanFactory.getBean(AbstractBeanFactory.java:197) ~[spring-beans-4.3.4.RELEASE.jar:4.3.4.RELEASE]
	at org.springframework.beans.factory.support.DefaultListableBeanFactory.preInstantiateSingletons(DefaultListableBeanFactory.java:754) ~[spring-beans-4.3.4.RELEASE.jar:4.3.4.RELEASE]
	at org.springframework.context.support.AbstractApplicationContext.finishBeanFactoryInitialization(AbstractApplicationContext.java:866) ~[spring-context-4.3.4.RELEASE.jar:4.3.4.RELEASE]
	at org.springframework.context.support.AbstractApplicationContext.refresh(AbstractApplicationContext.java:542) ~[spring-context-4.3.4.RELEASE.jar:4.3.4.RELEASE]
	at org.springframework.boot.SpringApplication.refresh(SpringApplication.java:761) ~[spring-boot-1.4.2.RELEASE.jar:1.4.2.RELEASE]
	at org.springframework.boot.SpringApplication.refreshContext(SpringApplication.java:371) ~[spring-boot-1.4.2.RELEASE.jar:1.4.2.RELEASE]
	at org.springframework.boot.SpringApplication.run(SpringApplication.java:315) ~[spring-boot-1.4.2.RELEASE.jar:1.4.2.RELEASE]
	at org.springframework.boot.test.context.SpringBootContextLoader.loadContext(SpringBootContextLoader.java:111) ~[spring-boot-test-1.4.2.RELEASE.jar:1.4.2.RELEASE]
	at org.springframework.test.context.cache.DefaultCacheAwareContextLoaderDelegate.loadContextInternal(DefaultCacheAwareContextLoaderDelegate.java:98) ~[spring-test-4.3.4.RELEASE.jar:4.3.4.RELEASE]
	at org.springframework.test.context.cache.DefaultCacheAwareContextLoaderDelegate.loadContext(DefaultCacheAwareContextLoaderDelegate.java:116) ~[spring-test-4.3.4.RELEASE.jar:4.3.4.RELEASE]
	... 25 more
]]></system-out>
  </testcase>
  <testcase name="saveMovie" classname="com.stackroute.ng2boot.controllers.MovieRestControllerTest" time="0.001">
    <error message="Failed to load ApplicationContext" type="java.lang.IllegalStateException">java.lang.IllegalStateException: Failed to load ApplicationContext
	at org.springframework.test.context.cache.DefaultCacheAwareContextLoaderDelegate.loadContext(DefaultCacheAwareContextLoaderDelegate.java:124)
	at org.springframework.test.context.support.DefaultTestContext.getApplicationContext(DefaultTestContext.java:83)
	at org.springframework.boot.test.autoconfigure.SpringBootDependencyInjectionTestExecutionListener.prepareTestInstance(SpringBootDependencyInjectionTestExecutionListener.java:47)
	at org.springframework.test.context.TestContextManager.prepareTestInstance(TestContextManager.java:230)
	at org.springframework.test.context.junit4.SpringJUnit4ClassRunner.createTest(SpringJUnit4ClassRunner.java:228)
	at org.springframework.test.context.junit4.SpringJUnit4ClassRunner$1.runReflectiveCall(SpringJUnit4ClassRunner.java:287)
	at org.junit.internal.runners.model.ReflectiveCallable.run(ReflectiveCallable.java:12)
	at org.springframework.test.context.junit4.SpringJUnit4ClassRunner.methodBlock(SpringJUnit4ClassRunner.java:289)
	at org.springframework.test.context.junit4.SpringJUnit4ClassRunner.runChild(SpringJUnit4ClassRunner.java:247)
	at org.springframework.test.context.junit4.SpringJUnit4ClassRunner.runChild(SpringJUnit4ClassRunner.java:94)
	at org.junit.runners.ParentRunner$3.run(ParentRunner.java:290)
	at org.junit.runners.ParentRunner$1.schedule(ParentRunner.java:71)
	at org.junit.runners.ParentRunner.runChildren(ParentRunner.java:288)
	at org.junit.runners.ParentRunner.access$000(ParentRunner.java:58)
	at org.junit.runners.ParentRunner$2.evaluate(ParentRunner.java:268)
	at org.springframework.test.context.junit4.statements.RunBeforeTestClassCallbacks.evaluate(RunBeforeTestClassCallbacks.java:61)
	at org.springframework.test.context.junit4.statements.RunAfterTestClassCallbacks.evaluate(RunAfterTestClassCallbacks.java:70)
	at org.junit.runners.ParentRunner.run(ParentRunner.java:363)
	at org.springframework.test.context.junit4.SpringJUnit4ClassRunner.run(SpringJUnit4ClassRunner.java:191)
	at org.apache.maven.surefire.junit4.JUnit4Provider.execute(JUnit4Provider.java:283)
	at org.apache.maven.surefire.junit4.JUnit4Provider.executeWithRerun(JUnit4Provider.java:173)
	at org.apache.maven.surefire.junit4.JUnit4Provider.executeTestSet(JUnit4Provider.java:153)
	at org.apache.maven.surefire.junit4.JUnit4Provider.invoke(JUnit4Provider.java:128)
	at org.apache.maven.surefire.booter.ForkedBooter.invokeProviderInSameClassLoader(ForkedBooter.java:203)
	at org.apache.maven.surefire.booter.ForkedBooter.runSuitesInProcess(ForkedBooter.java:155)
	at org.apache.maven.surefire.booter.ForkedBooter.main(ForkedBooter.java:103)
Caused by: org.springframework.beans.factory.UnsatisfiedDependencyException: Error creating bean with name 'movieRestController': Unsatisfied dependency expressed through field 'movielinks'; nested exception is org.springframework.beans.factory.NoSuchBeanDefinitionException: No qualifying bean of type 'com.stackroute.ng2boot.links.MovieLinks' available: expected at least 1 bean which qualifies as autowire candidate. Dependency annotations: {@org.springframework.beans.factory.annotation.Autowired(required=true)}
	at org.springframework.beans.factory.annotation.AutowiredAnnotationBeanPostProcessor$AutowiredFieldElement.inject(AutowiredAnnotationBeanPostProcessor.java:592)
	at org.springframework.beans.factory.annotation.InjectionMetadata.inject(InjectionMetadata.java:88)
	at org.springframework.beans.factory.annotation.AutowiredAnnotationBeanPostProcessor.postProcessPropertyValues(AutowiredAnnotationBeanPostProcessor.java:370)
	at org.springframework.beans.factory.support.AbstractAutowireCapableBeanFactory.populateBean(AbstractAutowireCapableBeanFactory.java:1219)
	at org.springframework.beans.factory.support.AbstractAutowireCapableBeanFactory.doCreateBean(AbstractAutowireCapableBeanFactory.java:551)
	at org.springframework.beans.factory.support.AbstractAutowireCapableBeanFactory.createBean(AbstractAutowireCapableBeanFactory.java:482)
	at org.springframework.beans.factory.support.AbstractBeanFactory$1.getObject(AbstractBeanFactory.java:306)
	at org.springframework.beans.factory.support.DefaultSingletonBeanRegistry.getSingleton(DefaultSingletonBeanRegistry.java:230)
	at org.springframework.beans.factory.support.AbstractBeanFactory.doGetBean(AbstractBeanFactory.java:302)
	at org.springframework.beans.factory.support.AbstractBeanFactory.getBean(AbstractBeanFactory.java:197)
	at org.springframework.beans.factory.support.DefaultListableBeanFactory.preInstantiateSingletons(DefaultListableBeanFactory.java:754)
	at org.springframework.context.support.AbstractApplicationContext.finishBeanFactoryInitialization(AbstractApplicationContext.java:866)
	at org.springframework.context.support.AbstractApplicationContext.refresh(AbstractApplicationContext.java:542)
	at org.springframework.boot.SpringApplication.refresh(SpringApplication.java:761)
	at org.springframework.boot.SpringApplication.refreshContext(SpringApplication.java:371)
	at org.springframework.boot.SpringApplication.run(SpringApplication.java:315)
	at org.springframework.boot.test.context.SpringBootContextLoader.loadContext(SpringBootContextLoader.java:111)
	at org.springframework.test.context.cache.DefaultCacheAwareContextLoaderDelegate.loadContextInternal(DefaultCacheAwareContextLoaderDelegate.java:98)
	at org.springframework.test.context.cache.DefaultCacheAwareContextLoaderDelegate.loadContext(DefaultCacheAwareContextLoaderDelegate.java:116)
	at org.springframework.test.context.support.DefaultTestContext.getApplicationContext(DefaultTestContext.java:83)
	at org.springframework.boot.test.autoconfigure.SpringBootDependencyInjectionTestExecutionListener.prepareTestInstance(SpringBootDependencyInjectionTestExecutionListener.java:47)
	at org.springframework.test.context.TestContextManager.prepareTestInstance(TestContextManager.java:230)
	at org.springframework.test.context.junit4.SpringJUnit4ClassRunner.createTest(SpringJUnit4ClassRunner.java:228)
	at org.springframework.test.context.junit4.SpringJUnit4ClassRunner$1.runReflectiveCall(SpringJUnit4ClassRunner.java:287)
	at org.junit.internal.runners.model.ReflectiveCallable.run(ReflectiveCallable.java:12)
	at org.springframework.test.context.junit4.SpringJUnit4ClassRunner.methodBlock(SpringJUnit4ClassRunner.java:289)
	at org.springframework.test.context.junit4.SpringJUnit4ClassRunner.runChild(SpringJUnit4ClassRunner.java:247)
	at org.springframework.test.context.junit4.SpringJUnit4ClassRunner.runChild(SpringJUnit4ClassRunner.java:94)
	at org.junit.runners.ParentRunner$3.run(ParentRunner.java:290)
	at org.junit.runners.ParentRunner$1.schedule(ParentRunner.java:71)
	at org.junit.runners.ParentRunner.runChildren(ParentRunner.java:288)
	at org.junit.runners.ParentRunner.access$000(ParentRunner.java:58)
	at org.junit.runners.ParentRunner$2.evaluate(ParentRunner.java:268)
	at org.springframework.test.context.junit4.statements.RunBeforeTestClassCallbacks.evaluate(RunBeforeTestClassCallbacks.java:61)
	at org.springframework.test.context.junit4.statements.RunAfterTestClassCallbacks.evaluate(RunAfterTestClassCallbacks.java:70)
	at org.junit.runners.ParentRunner.run(ParentRunner.java:363)
	at org.springframework.test.context.junit4.SpringJUnit4ClassRunner.run(SpringJUnit4ClassRunner.java:191)
	at org.apache.maven.surefire.junit4.JUnit4Provider.execute(JUnit4Provider.java:283)
	at org.apache.maven.surefire.junit4.JUnit4Provider.executeWithRerun(JUnit4Provider.java:173)
	at org.apache.maven.surefire.junit4.JUnit4Provider.executeTestSet(JUnit4Provider.java:153)
	at org.apache.maven.surefire.junit4.JUnit4Provider.invoke(JUnit4Provider.java:128)
	at org.apache.maven.surefire.booter.ForkedBooter.invokeProviderInSameClassLoader(ForkedBooter.java:203)
	at org.apache.maven.surefire.booter.ForkedBooter.runSuitesInProcess(ForkedBooter.java:155)
	at org.apache.maven.surefire.booter.ForkedBooter.main(ForkedBooter.java:103)
Caused by: org.springframework.beans.factory.NoSuchBeanDefinitionException: No qualifying bean of type 'com.stackroute.ng2boot.links.MovieLinks' available: expected at least 1 bean which qualifies as autowire candidate. Dependency annotations: {@org.springframework.beans.factory.annotation.Autowired(required=true)}
	at org.springframework.beans.factory.support.DefaultListableBeanFactory.raiseNoMatchingBeanFound(DefaultListableBeanFactory.java:1466)
	at org.springframework.beans.factory.support.DefaultListableBeanFactory.doResolveDependency(DefaultListableBeanFactory.java:1097)
	at org.springframework.beans.factory.support.DefaultListableBeanFactory.resolveDependency(DefaultListableBeanFactory.java:1059)
	at org.springframework.beans.factory.annotation.AutowiredAnnotationBeanPostProcessor$AutowiredFieldElement.inject(AutowiredAnnotationBeanPostProcessor.java:589)
	at org.springframework.beans.factory.annotation.InjectionMetadata.inject(InjectionMetadata.java:88)
	at org.springframework.beans.factory.annotation.AutowiredAnnotationBeanPostProcessor.postProcessPropertyValues(AutowiredAnnotationBeanPostProcessor.java:370)
	at org.springframework.beans.factory.support.AbstractAutowireCapableBeanFactory.populateBean(AbstractAutowireCapableBeanFactory.java:1219)
	at org.springframework.beans.factory.support.AbstractAutowireCapableBeanFactory.doCreateBean(AbstractAutowireCapableBeanFactory.java:551)
	at org.springframework.beans.factory.support.AbstractAutowireCapableBeanFactory.createBean(AbstractAutowireCapableBeanFactory.java:482)
	at org.springframework.beans.factory.support.AbstractBeanFactory$1.getObject(AbstractBeanFactory.java:306)
	at org.springframework.beans.factory.support.DefaultSingletonBeanRegistry.getSingleton(DefaultSingletonBeanRegistry.java:230)
	at org.springframework.beans.factory.support.AbstractBeanFactory.doGetBean(AbstractBeanFactory.java:302)
	at org.springframework.beans.factory.support.AbstractBeanFactory.getBean(AbstractBeanFactory.java:197)
	at org.springframework.beans.factory.support.DefaultListableBeanFactory.preInstantiateSingletons(DefaultListableBeanFactory.java:754)
	at org.springframework.context.support.AbstractApplicationContext.finishBeanFactoryInitialization(AbstractApplicationContext.java:866)
	at org.springframework.context.support.AbstractApplicationContext.refresh(AbstractApplicationContext.java:542)
	at org.springframework.boot.SpringApplication.refresh(SpringApplication.java:761)
	at org.springframework.boot.SpringApplication.refreshContext(SpringApplication.java:371)
	at org.springframework.boot.SpringApplication.run(SpringApplication.java:315)
	at org.springframework.boot.test.context.SpringBootContextLoader.loadContext(SpringBootContextLoader.java:111)
	at org.springframework.test.context.cache.DefaultCacheAwareContextLoaderDelegate.loadContextInternal(DefaultCacheAwareContextLoaderDelegate.java:98)
	at org.springframework.test.context.cache.DefaultCacheAwareContextLoaderDelegate.loadContext(DefaultCacheAwareContextLoaderDelegate.java:116)
	at org.springframework.test.context.support.DefaultTestContext.getApplicationContext(DefaultTestContext.java:83)
	at org.springframework.boot.test.autoconfigure.SpringBootDependencyInjectionTestExecutionListener.prepareTestInstance(SpringBootDependencyInjectionTestExecutionListener.java:47)
	at org.springframework.test.context.TestContextManager.prepareTestInstance(TestContextManager.java:230)
	at org.springframework.test.context.junit4.SpringJUnit4ClassRunner.createTest(SpringJUnit4ClassRunner.java:228)
	at org.springframework.test.context.junit4.SpringJUnit4ClassRunner$1.runReflectiveCall(SpringJUnit4ClassRunner.java:287)
	at org.junit.internal.runners.model.ReflectiveCallable.run(ReflectiveCallable.java:12)
	at org.springframework.test.context.junit4.SpringJUnit4ClassRunner.methodBlock(SpringJUnit4ClassRunner.java:289)
	at org.springframework.test.context.junit4.SpringJUnit4ClassRunner.runChild(SpringJUnit4ClassRunner.java:247)
	at org.springframework.test.context.junit4.SpringJUnit4ClassRunner.runChild(SpringJUnit4ClassRunner.java:94)
	at org.junit.runners.ParentRunner$3.run(ParentRunner.java:290)
	at org.junit.runners.ParentRunner$1.schedule(ParentRunner.java:71)
	at org.junit.runners.ParentRunner.runChildren(ParentRunner.java:288)
	at org.junit.runners.ParentRunner.access$000(ParentRunner.java:58)
	at org.junit.runners.ParentRunner$2.evaluate(ParentRunner.java:268)
	at org.springframework.test.context.junit4.statements.RunBeforeTestClassCallbacks.evaluate(RunBeforeTestClassCallbacks.java:61)
	at org.springframework.test.context.junit4.statements.RunAfterTestClassCallbacks.evaluate(RunAfterTestClassCallbacks.java:70)
	at org.junit.runners.ParentRunner.run(ParentRunner.java:363)
	at org.springframework.test.context.junit4.SpringJUnit4ClassRunner.run(SpringJUnit4ClassRunner.java:191)
	at org.apache.maven.surefire.junit4.JUnit4Provider.execute(JUnit4Provider.java:283)
	at org.apache.maven.surefire.junit4.JUnit4Provider.executeWithRerun(JUnit4Provider.java:173)
	at org.apache.maven.surefire.junit4.JUnit4Provider.executeTestSet(JUnit4Provider.java:153)
	at org.apache.maven.surefire.junit4.JUnit4Provider.invoke(JUnit4Provider.java:128)
	at org.apache.maven.surefire.booter.ForkedBooter.invokeProviderInSameClassLoader(ForkedBooter.java:203)
	at org.apache.maven.surefire.booter.ForkedBooter.runSuitesInProcess(ForkedBooter.java:155)
	at org.apache.maven.surefire.booter.ForkedBooter.main(ForkedBooter.java:103)
</error>
    <system-out><![CDATA[[DEBUG] 2017-06-04 15:06:44.660 [main] ProfileValueUtils - Retrieved @ProfileValueSourceConfiguration [null] for test class [com.stackroute.ng2boot.controllers.MovieRestControllerTest]
[DEBUG] 2017-06-04 15:06:44.660 [main] ProfileValueUtils - Retrieved ProfileValueSource type [class org.springframework.test.annotation.SystemProfileValueSource] for class [com.stackroute.ng2boot.controllers.MovieRestControllerTest]
[DEBUG] 2017-06-04 15:06:44.661 [main] DependencyInjectionTestExecutionListener - Performing dependency injection for test context [[DefaultTestContext@29a5f4e7 testClass = MovieRestControllerTest, testInstance = com.stackroute.ng2boot.controllers.MovieRestControllerTest@2e869098, testMethod = [null], testException = [null], mergedContextConfiguration = [WebMergedContextConfiguration@79c97cb testClass = MovieRestControllerTest, locations = '{}', classes = '{class com.stackroute.ng2boot.Ng2bootApplication}', contextInitializerClasses = '[]', activeProfiles = '{}', propertySourceLocations = '{}', propertySourceProperties = '{org.springframework.boot.test.autoconfigure.web.servlet.WebMvcTestContextBootstrapper=true}', contextCustomizers = set[org.springframework.boot.test.context.ImportsContextCustomizer@51e4757b, org.springframework.boot.test.context.filter.ExcludeFilterContextCustomizer@d5b810e, org.springframework.boot.test.mock.mockito.MockitoContextCustomizer@5df9e145, org.springframework.boot.test.autoconfigure.OverrideAutoConfigurationContextCustomizerFactory$DisableAutoConfigurationContextCustomizer@82de64a, org.springframework.boot.test.autoconfigure.filter.TypeExcludeFiltersContextCustomizer@1613674b, org.springframework.boot.test.autoconfigure.properties.PropertyMappingContextCustomizer@ddca66c4, org.springframework.boot.test.autoconfigure.web.servlet.WebDriverContextCustomizerFactory$Customizer@7d4f9aae], resourceBasePath = '', contextLoader = 'org.springframework.boot.test.context.SpringBootContextLoader', parent = [null]]]].
[DEBUG] 2017-06-04 15:06:44.674 [main] StandardEnvironment - Adding [systemProperties] PropertySource with lowest search precedence
[DEBUG] 2017-06-04 15:06:44.675 [main] StandardEnvironment - Adding [systemEnvironment] PropertySource with lowest search precedence
[DEBUG] 2017-06-04 15:06:44.675 [main] StandardEnvironment - Initialized StandardEnvironment with PropertySources [systemProperties,systemEnvironment]
[DEBUG] 2017-06-04 15:06:44.676 [main] TestPropertySourceUtils - Adding inlined properties to environment: {spring.jmx.enabled=false, org.springframework.boot.test.autoconfigure.web.servlet.WebMvcTestContextBootstrapper=true, server.port=-1}
[DEBUG] 2017-06-04 15:06:44.677 [main] StandardEnvironment - Adding [Inlined Test Properties] PropertySource with highest search precedence
[DEBUG] 2017-06-04 15:06:44.681 [main] PropertySourcesPropertyResolver - Could not find key 'spring.profiles.active' in any property source
[DEBUG] 2017-06-04 15:06:44.682 [main] PropertySourcesPropertyResolver - Could not find key 'spring.profiles.active' in any property source
[DEBUG] 2017-06-04 15:06:44.691 [main] PropertySourcesPropertyResolver - Could not find key 'SPRING_APPLICATION_JSON:' in any property source
[DEBUG] 2017-06-04 15:06:44.692 [main] PropertySourcesPropertyResolver - Could not find key 'SPRING_APPLICATION_JSON' in any property source
[DEBUG] 2017-06-04 15:06:44.692 [main] PropertySourcesPropertyResolver - Could not find key 'spring.application.json:' in any property source
[DEBUG] 2017-06-04 15:06:44.693 [main] PropertySourcesPropertyResolver - Could not find key 'spring.application.json' in any property source
[DEBUG] 2017-06-04 15:06:44.694 [main] StandardEnvironment - Adding [random] PropertySource with search precedence immediately lower than [systemEnvironment]
[DEBUG] 2017-06-04 15:06:44.696 [main] PropertySourcesPropertyResolver - Could not find key 'spring.profiles.active' in any property source
[DEBUG] 2017-06-04 15:06:44.696 [main] PropertySourcesPropertyResolver - Could not find key 'spring.profiles.default' in any property source
[DEBUG] 2017-06-04 15:06:44.700 [main] MutablePropertySources - Adding [applicationConfig: [profile=]] PropertySource with highest search precedence
[DEBUG] 2017-06-04 15:06:44.718 [main] StandardEnvironment - Adding [applicationConfigurationProperties] PropertySource with lowest search precedence
[DEBUG] 2017-06-04 15:06:44.729 [main] PropertySourcesPropertyResolver - Could not find key 'logging.file' in any property source
[DEBUG] 2017-06-04 15:06:44.729 [main] PropertySourcesPropertyResolver - Could not find key 'logging.path' in any property source
[DEBUG] 2017-06-04 15:06:44.729 [main] PropertySourcesPropertyResolver - Could not find key 'debug' in any property source
[DEBUG] 2017-06-04 15:06:44.730 [main] PropertySourcesPropertyResolver - Could not find key 'trace' in any property source
[DEBUG] 2017-06-04 15:06:44.730 [main] PropertySourcesPropertyResolver - Found key 'logging.config' in [applicationConfigurationProperties] with type [String]
[DEBUG] 2017-06-04 15:06:44.732 [main] ClasspathLoggingApplicationListener - Application started with classpath: [file:/home/user/Downloads/part1_movieapp-starter/spring-rest/target/surefire/surefirebooter8256104674369339533.jar]
[DEBUG] 2017-06-04 15:06:44.737 [main] PropertySourcesPropertyResolver - Could not find key 'context.listener.classes' in any property source
[DEBUG] 2017-06-04 15:06:44.737 [main] PropertySourcesPropertyResolver - Could not find key 'banner.image.location' in any property source
[DEBUG] 2017-06-04 15:06:44.738 [main] PropertySourcesPropertyResolver - Could not find key 'banner.location' in any property source

  .   ____          _            __ _ _
 /\\ / ___'_ __ _ _(_)_ __  __ _ \ \ \ \
( ( )\___ | '_ | '_| | '_ \/ _` | \ \ \ \
 \\/  ___)| |_)| | | | | || (_| |  ) ) ) )
  '  |____| .__|_| |_|_| |_\__, | / / / /
 =========|_|==============|___/=/_/_/_/
 :: Spring Boot ::        (v1.4.2.RELEASE)

[DEBUG] 2017-06-04 15:06:44.743 [main] PropertySourcesPropertyResolver - Could not find key 'context.initializer.classes' in any property source
[DEBUG] 2017-06-04 15:06:44.743 [main] PropertySourcesPropertyResolver - Could not find key 'spring.config.name:application' in any property source
[DEBUG] 2017-06-04 15:06:44.743 [main] PropertySourcesPropertyResolver - Could not find key 'spring.config.name' in any property source
[DEBUG] 2017-06-04 15:06:44.743 [main] PropertySourcesPropertyResolver - Could not find key 'vcap.application.name:application' in any property source
[DEBUG] 2017-06-04 15:06:44.743 [main] PropertySourcesPropertyResolver - Could not find key 'vcap.application.name' in any property source
[DEBUG] 2017-06-04 15:06:44.744 [main] PropertySourcesPropertyResolver - Could not find key 'spring.application.name:application' in any property source
[DEBUG] 2017-06-04 15:06:44.744 [main] PropertySourcesPropertyResolver - Could not find key 'spring.application.name' in any property source
[DEBUG] 2017-06-04 15:06:44.744 [main] PropertySourcesPropertyResolver - Could not find key 'PORT:null' in any property source
[DEBUG] 2017-06-04 15:06:44.744 [main] PropertySourcesPropertyResolver - Could not find key 'PORT' in any property source
[DEBUG] 2017-06-04 15:06:44.744 [main] PropertySourcesPropertyResolver - Could not find key 'server.port:null' in any property source
[DEBUG] 2017-06-04 15:06:44.744 [main] PropertySourcesPropertyResolver - Found key 'server.port' in [Inlined Test Properties] with type [String]
[DEBUG] 2017-06-04 15:06:44.744 [main] PropertySourcesPropertyResolver - Could not find key 'spring.application.index:-1' in any property source
[DEBUG] 2017-06-04 15:06:44.744 [main] PropertySourcesPropertyResolver - Could not find key 'spring.application.index' in any property source
[DEBUG] 2017-06-04 15:06:44.744 [main] PropertySourcesPropertyResolver - Could not find key 'vcap.application.instance_index:-1' in any property source
[DEBUG] 2017-06-04 15:06:44.745 [main] PropertySourcesPropertyResolver - Could not find key 'vcap.application.instance_index' in any property source
[DEBUG] 2017-06-04 15:06:44.745 [main] PropertySourcesPropertyResolver - Could not find key 'spring.profiles.active' in any property source
[DEBUG] 2017-06-04 15:06:44.745 [background-preinit] DefaultTraversableResolver - Cannot find javax.persistence.Persistence on classpath. Assuming non JPA 2 environment. All properties will per default be traversable.
[DEBUG] 2017-06-04 15:06:44.746 [main] StandardEnvironment - Adding [test] PropertySource with highest search precedence
[DEBUG] 2017-06-04 15:06:44.747 [main] StandardEnvironment - Adding [Annotations] PropertySource with highest search precedence
[DEBUG] 2017-06-04 15:06:44.747 [main] DefaultListableBeanFactory - Returning cached instance of singleton bean 'autoConfigurationReport'
[INFO ] 2017-06-04 15:06:44.748 [main] MovieRestControllerTest - Starting MovieRestControllerTest on user-ThinkPad-T420 with PID 3136 (started by user in /home/user/Downloads/part1_movieapp-starter/spring-rest)
[DEBUG] 2017-06-04 15:06:44.748 [main] MovieRestControllerTest - Running with Spring Boot v1.4.2.RELEASE, Spring v4.3.4.RELEASE
[DEBUG] 2017-06-04 15:06:44.748 [main] PropertySourcesPropertyResolver - Could not find key 'spring.profiles.active' in any property source
[DEBUG] 2017-06-04 15:06:44.748 [main] PropertySourcesPropertyResolver - Could not find key 'spring.profiles.default' in any property source
[INFO ] 2017-06-04 15:06:44.748 [main] MovieRestControllerTest - No active profile set, falling back to default profiles: default
[DEBUG] 2017-06-04 15:06:44.749 [main] SpringApplication - Loading source class com.stackroute.ng2boot.Ng2bootApplication
[DEBUG] 2017-06-04 15:06:44.749 [main] ClassPathBeanDefinitionScanner - JSR-250 'javax.annotation.ManagedBean' found and supported for component scanning
[DEBUG] 2017-06-04 15:06:44.752 [main] ConfigFileApplicationListener - Loaded config file 'file:/home/user/Downloads/part1_movieapp-starter/spring-rest/target/classes/application.properties' (classpath:/application.properties)
[DEBUG] 2017-06-04 15:06:44.752 [main] ConfigFileApplicationListener - Skipped (empty) config file 'file:/home/user/Downloads/part1_movieapp-starter/spring-rest/target/classes/application.properties' (classpath:/application.properties) for profile default
[INFO ] 2017-06-04 15:06:44.752 [main] GenericWebApplicationContext - Refreshing org.springframework.web.context.support.GenericWebApplicationContext@862f408: startup date [Sun Jun 04 15:06:44 IST 2017]; root of context hierarchy
[DEBUG] 2017-06-04 15:06:44.753 [main] GenericWebApplicationContext - Bean factory for org.springframework.web.context.support.GenericWebApplicationContext@862f408: org.springframework.beans.factory.support.DefaultListableBeanFactory@5c441290: defining beans [org.springframework.context.annotation.internalConfigurationAnnotationProcessor,org.springframework.context.annotation.internalAutowiredAnnotationProcessor,org.springframework.context.annotation.internalRequiredAnnotationProcessor,org.springframework.context.annotation.internalCommonAnnotationProcessor,org.springframework.context.event.internalEventListenerProcessor,org.springframework.context.event.internalEventListenerFactory,org.springframework.boot.test.context.ImportsContextCustomizer$ImportsCleanupPostProcessor,org.springframework.boot.test.context.ImportsContextCustomizer$ImportsConfiguration,org.springframework.boot.test.mock.mockito.MockitoPostProcessor$SpyPostProcessor,org.springframework.boot.test.mock.mockito.MockitoPostProcessor,ng2bootApplication]; root of factory hierarchy
[DEBUG] 2017-06-04 15:06:44.753 [main] DefaultListableBeanFactory - Registering scope 'request' with implementation [org.springframework.web.context.request.RequestScope@7f1ef916]
[DEBUG] 2017-06-04 15:06:44.753 [main] DefaultListableBeanFactory - Registering scope 'session' with implementation [org.springframework.web.context.request.SessionScope@1886991b]
[DEBUG] 2017-06-04 15:06:44.753 [main] DefaultListableBeanFactory - Registering scope 'globalSession' with implementation [org.springframework.web.context.request.SessionScope@64aad809]
[DEBUG] 2017-06-04 15:06:44.753 [main] DefaultListableBeanFactory - Registering scope 'application' with implementation [org.springframework.web.context.support.ServletContextScope@1f03fba0]
[DEBUG] 2017-06-04 15:06:44.754 [main] DefaultListableBeanFactory - Creating shared instance of singleton bean 'org.springframework.context.annotation.internalConfigurationAnnotationProcessor'
[DEBUG] 2017-06-04 15:06:44.754 [main] DefaultListableBeanFactory - Creating instance of bean 'org.springframework.context.annotation.internalConfigurationAnnotationProcessor'
[DEBUG] 2017-06-04 15:06:44.754 [main] DefaultListableBeanFactory - Eagerly caching bean 'org.springframework.context.annotation.internalConfigurationAnnotationProcessor' to allow for resolving potential circular references
[DEBUG] 2017-06-04 15:06:44.755 [main] DefaultListableBeanFactory - Creating shared instance of singleton bean 'org.springframework.boot.autoconfigure.internalCachingMetadataReaderFactory'
[DEBUG] 2017-06-04 15:06:44.755 [main] DefaultListableBeanFactory - Creating instance of bean 'org.springframework.boot.autoconfigure.internalCachingMetadataReaderFactory'
[DEBUG] 2017-06-04 15:06:44.755 [main] DefaultListableBeanFactory - Eagerly caching bean 'org.springframework.boot.autoconfigure.internalCachingMetadataReaderFactory' to allow for resolving potential circular references
[DEBUG] 2017-06-04 15:06:44.755 [main] DefaultListableBeanFactory - Finished creating instance of bean 'org.springframework.boot.autoconfigure.internalCachingMetadataReaderFactory'
[DEBUG] 2017-06-04 15:06:44.759 [main] DefaultListableBeanFactory - Finished creating instance of bean 'org.springframework.context.annotation.internalConfigurationAnnotationProcessor'
[DEBUG] 2017-06-04 15:06:44.773 [main] StandardEnvironment - Adding [systemProperties] PropertySource with lowest search precedence
[DEBUG] 2017-06-04 15:06:44.773 [main] StandardEnvironment - Adding [systemEnvironment] PropertySource with lowest search precedence
[DEBUG] 2017-06-04 15:06:44.773 [main] StandardEnvironment - Initialized StandardEnvironment with PropertySources [systemProperties,systemEnvironment]
[DEBUG] 2017-06-04 15:06:44.774 [main] ClassPathBeanDefinitionScanner - JSR-250 'javax.annotation.ManagedBean' found and supported for component scanning
[DEBUG] 2017-06-04 15:06:44.775 [main] PathMatchingResourcePatternResolver - Resolved classpath location [com/stackroute/ng2boot/] to resources [URL [file:/home/user/Downloads/part1_movieapp-starter/spring-rest/target/test-classes/com/stackroute/ng2boot/], URL [file:/home/user/Downloads/part1_movieapp-starter/spring-rest/target/classes/com/stackroute/ng2boot/]]
[DEBUG] 2017-06-04 15:06:44.775 [main] PathMatchingResourcePatternResolver - Looking for matching resources in directory tree [/home/user/Downloads/part1_movieapp-starter/spring-rest/target/test-classes/com/stackroute/ng2boot]
[DEBUG] 2017-06-04 15:06:44.775 [main] PathMatchingResourcePatternResolver - Searching directory [/home/user/Downloads/part1_movieapp-starter/spring-rest/target/test-classes/com/stackroute/ng2boot] for files matching pattern [/home/user/Downloads/part1_movieapp-starter/spring-rest/target/test-classes/com/stackroute/ng2boot/**/*.class]
[DEBUG] 2017-06-04 15:06:44.776 [main] PathMatchingResourcePatternResolver - Searching directory [/home/user/Downloads/part1_movieapp-starter/spring-rest/target/test-classes/com/stackroute/ng2boot/controllers] for files matching pattern [/home/user/Downloads/part1_movieapp-starter/spring-rest/target/test-classes/com/stackroute/ng2boot/**/*.class]
[DEBUG] 2017-06-04 15:06:44.776 [main] PathMatchingResourcePatternResolver - Looking for matching resources in directory tree [/home/user/Downloads/part1_movieapp-starter/spring-rest/target/classes/com/stackroute/ng2boot]
[DEBUG] 2017-06-04 15:06:44.779 [main] PathMatchingResourcePatternResolver - Searching directory [/home/user/Downloads/part1_movieapp-starter/spring-rest/target/classes/com/stackroute/ng2boot] for files matching pattern [/home/user/Downloads/part1_movieapp-starter/spring-rest/target/classes/com/stackroute/ng2boot/**/*.class]
[DEBUG] 2017-06-04 15:06:44.779 [main] PathMatchingResourcePatternResolver - Searching directory [/home/user/Downloads/part1_movieapp-starter/spring-rest/target/classes/com/stackroute/ng2boot/config] for files matching pattern [/home/user/Downloads/part1_movieapp-starter/spring-rest/target/classes/com/stackroute/ng2boot/**/*.class]
[DEBUG] 2017-06-04 15:06:44.779 [main] PathMatchingResourcePatternResolver - Searching directory [/home/user/Downloads/part1_movieapp-starter/spring-rest/target/classes/com/stackroute/ng2boot/controllers] for files matching pattern [/home/user/Downloads/part1_movieapp-starter/spring-rest/target/classes/com/stackroute/ng2boot/**/*.class]
[DEBUG] 2017-06-04 15:06:44.780 [main] PathMatchingResourcePatternResolver - Searching directory [/home/user/Downloads/part1_movieapp-starter/spring-rest/target/classes/com/stackroute/ng2boot/domain] for files matching pattern [/home/user/Downloads/part1_movieapp-starter/spring-rest/target/classes/com/stackroute/ng2boot/**/*.class]
[DEBUG] 2017-06-04 15:06:44.780 [main] PathMatchingResourcePatternResolver - Searching directory [/home/user/Downloads/part1_movieapp-starter/spring-rest/target/classes/com/stackroute/ng2boot/links] for files matching pattern [/home/user/Downloads/part1_movieapp-starter/spring-rest/target/classes/com/stackroute/ng2boot/**/*.class]
[DEBUG] 2017-06-04 15:06:44.780 [main] PathMatchingResourcePatternResolver - Searching directory [/home/user/Downloads/part1_movieapp-starter/spring-rest/target/classes/com/stackroute/ng2boot/repository] for files matching pattern [/home/user/Downloads/part1_movieapp-starter/spring-rest/target/classes/com/stackroute/ng2boot/**/*.class]
[DEBUG] 2017-06-04 15:06:44.780 [main] PathMatchingResourcePatternResolver - Searching directory [/home/user/Downloads/part1_movieapp-starter/spring-rest/target/classes/com/stackroute/ng2boot/service] for files matching pattern [/home/user/Downloads/part1_movieapp-starter/spring-rest/target/classes/com/stackroute/ng2boot/**/*.class]
[DEBUG] 2017-06-04 15:06:44.781 [main] PathMatchingResourcePatternResolver - Resolved location pattern [classpath*:com/stackroute/ng2boot/**/*.class] to resources [file [/home/user/Downloads/part1_movieapp-starter/spring-rest/target/test-classes/com/stackroute/ng2boot/Ng2bootApplicationTests.class], file [/home/user/Downloads/part1_movieapp-starter/spring-rest/target/test-classes/com/stackroute/ng2boot/controllers/MovieRestControllerTest.class], file [/home/user/Downloads/part1_movieapp-starter/spring-rest/target/classes/com/stackroute/ng2boot/Ng2bootApplication.class], file [/home/user/Downloads/part1_movieapp-starter/spring-rest/target/classes/com/stackroute/ng2boot/config/SwaggerConfig.class], file [/home/user/Downloads/part1_movieapp-starter/spring-rest/target/classes/com/stackroute/ng2boot/controllers/MovieRestController.class], file [/home/user/Downloads/part1_movieapp-starter/spring-rest/target/classes/com/stackroute/ng2boot/controllers/MovieRestControllerTest.class], file [/home/user/Downloads/part1_movieapp-starter/spring-rest/target/classes/com/stackroute/ng2boot/domain/Movie.class], file [/home/user/Downloads/part1_movieapp-starter/spring-rest/target/classes/com/stackroute/ng2boot/links/MovieLinks.class], file [/home/user/Downloads/part1_movieapp-starter/spring-rest/target/classes/com/stackroute/ng2boot/links/MovieLinksImpl.class], file [/home/user/Downloads/part1_movieapp-starter/spring-rest/target/classes/com/stackroute/ng2boot/repository/CrudsRepository.class], file [/home/user/Downloads/part1_movieapp-starter/spring-rest/target/classes/com/stackroute/ng2boot/repository/MovieRepository.class], file [/home/user/Downloads/part1_movieapp-starter/spring-rest/target/classes/com/stackroute/ng2boot/service/MovieGetService.class], file [/home/user/Downloads/part1_movieapp-starter/spring-rest/target/classes/com/stackroute/ng2boot/service/MovieGetServiceImpl.class]]
[DEBUG] 2017-06-04 15:06:44.782 [main] DefaultListableBeanFactory - Returning cached instance of singleton bean 'org.springframework.boot.test.context.filter.TestTypeExcludeFilter'
[DEBUG] 2017-06-04 15:06:44.782 [main] DefaultListableBeanFactory - Returning cached instance of singleton bean 'org.springframework.boot.test.autoconfigure.filter.TypeExcludeFilters'
[DEBUG] 2017-06-04 15:06:44.783 [main] DefaultListableBeanFactory - Returning cached instance of singleton bean 'org.springframework.boot.test.context.filter.TestTypeExcludeFilter'
[DEBUG] 2017-06-04 15:06:44.783 [main] DefaultListableBeanFactory - Returning cached instance of singleton bean 'org.springframework.boot.test.autoconfigure.filter.TypeExcludeFilters'
[DEBUG] 2017-06-04 15:06:44.785 [main] DefaultListableBeanFactory - Returning cached instance of singleton bean 'org.springframework.boot.test.context.filter.TestTypeExcludeFilter'
[DEBUG] 2017-06-04 15:06:44.785 [main] DefaultListableBeanFactory - Returning cached instance of singleton bean 'org.springframework.boot.test.autoconfigure.filter.TypeExcludeFilters'
[DEBUG] 2017-06-04 15:06:44.788 [main] DefaultListableBeanFactory - Returning cached instance of singleton bean 'org.springframework.boot.test.context.filter.TestTypeExcludeFilter'
[DEBUG] 2017-06-04 15:06:44.788 [main] DefaultListableBeanFactory - Returning cached instance of singleton bean 'org.springframework.boot.test.autoconfigure.filter.TypeExcludeFilters'
[DEBUG] 2017-06-04 15:06:44.788 [main] ClassPathBeanDefinitionScanner - Identified candidate component class: file [/home/user/Downloads/part1_movieapp-starter/spring-rest/target/classes/com/stackroute/ng2boot/controllers/MovieRestController.class]
[DEBUG] 2017-06-04 15:06:44.789 [main] DefaultListableBeanFactory - Returning cached instance of singleton bean 'org.springframework.boot.test.context.filter.TestTypeExcludeFilter'
[DEBUG] 2017-06-04 15:06:44.790 [main] DefaultListableBeanFactory - Returning cached instance of singleton bean 'org.springframework.boot.test.autoconfigure.filter.TypeExcludeFilters'
[DEBUG] 2017-06-04 15:06:44.790 [main] DefaultListableBeanFactory - Returning cached instance of singleton bean 'org.springframework.boot.test.context.filter.TestTypeExcludeFilter'
[DEBUG] 2017-06-04 15:06:44.791 [main] DefaultListableBeanFactory - Returning cached instance of singleton bean 'org.springframework.boot.test.autoconfigure.filter.TypeExcludeFilters'
[DEBUG] 2017-06-04 15:06:44.794 [main] DefaultListableBeanFactory - Returning cached instance of singleton bean 'org.springframework.boot.test.context.filter.TestTypeExcludeFilter'
[DEBUG] 2017-06-04 15:06:44.794 [main] DefaultListableBeanFactory - Returning cached instance of singleton bean 'org.springframework.boot.test.autoconfigure.filter.TypeExcludeFilters'
[DEBUG] 2017-06-04 15:06:44.795 [main] DefaultListableBeanFactory - Returning cached instance of singleton bean 'org.springframework.boot.test.context.filter.TestTypeExcludeFilter'
[DEBUG] 2017-06-04 15:06:44.795 [main] DefaultListableBeanFactory - Returning cached instance of singleton bean 'org.springframework.boot.test.autoconfigure.filter.TypeExcludeFilters'
[DEBUG] 2017-06-04 15:06:44.797 [main] DefaultListableBeanFactory - Returning cached instance of singleton bean 'org.springframework.boot.test.context.filter.TestTypeExcludeFilter'
[DEBUG] 2017-06-04 15:06:44.797 [main] DefaultListableBeanFactory - Returning cached instance of singleton bean 'org.springframework.boot.test.autoconfigure.filter.TypeExcludeFilters'
[DEBUG] 2017-06-04 15:06:44.800 [main] DefaultListableBeanFactory - Returning cached instance of singleton bean 'org.springframework.boot.test.context.filter.TestTypeExcludeFilter'
[DEBUG] 2017-06-04 15:06:44.800 [main] DefaultListableBeanFactory - Returning cached instance of singleton bean 'org.springframework.boot.test.autoconfigure.filter.TypeExcludeFilters'
[DEBUG] 2017-06-04 15:06:44.806 [main] DefaultListableBeanFactory - Returning cached instance of singleton bean 'org.springframework.boot.test.context.filter.TestTypeExcludeFilter'
[DEBUG] 2017-06-04 15:06:44.806 [main] DefaultListableBeanFactory - Returning cached instance of singleton bean 'org.springframework.boot.test.autoconfigure.filter.TypeExcludeFilters'
[DEBUG] 2017-06-04 15:06:44.807 [main] DefaultListableBeanFactory - Returning cached instance of singleton bean 'org.springframework.boot.test.context.filter.TestTypeExcludeFilter'
[DEBUG] 2017-06-04 15:06:44.807 [main] DefaultListableBeanFactory - Returning cached instance of singleton bean 'org.springframework.boot.test.autoconfigure.filter.TypeExcludeFilters'
[DEBUG] 2017-06-04 15:06:44.821 [main] DefaultListableBeanFactory - Returning cached instance of singleton bean 'org.springframework.boot.autoconfigure.internalCachingMetadataReaderFactory'
[DEBUG] 2017-06-04 15:06:44.835 [main] DefaultListableBeanFactory - Returning cached instance of singleton bean 'autoConfigurationReport'
[DEBUG] 2017-06-04 15:06:44.837 [main] PropertySourcesPropertyResolver - Could not find key 'spring.messages.basename' in any property source
[DEBUG] 2017-06-04 15:06:44.837 [main] DefaultListableBeanFactory - Returning cached instance of singleton bean 'autoConfigurationReport'
[DEBUG] 2017-06-04 15:06:44.838 [main] DefaultListableBeanFactory - Returning cached instance of singleton bean 'autoConfigurationReport'
[DEBUG] 2017-06-04 15:06:44.838 [main] DefaultListableBeanFactory - Returning cached instance of singleton bean 'autoConfigurationReport'
[DEBUG] 2017-06-04 15:06:44.842 [main] PropertySourcesPropertyResolver - Found key 'spring.cache.type' in [Annotations] with type [CacheType]
[DEBUG] 2017-06-04 15:06:44.843 [main] PropertySourcesPropertyResolver - Found key 'spring.test.mockmvc.secure' in [Annotations] with type [Boolean]
[DEBUG] 2017-06-04 15:06:44.843 [main] PropertySourcesPropertyResolver - Found key 'spring.test.mockmvc.webdriver.enabled' in [Annotations] with type [Boolean]
[DEBUG] 2017-06-04 15:06:44.843 [main] PropertySourcesPropertyResolver - Found key 'spring.test.mockmvc.add-filters' in [Annotations] with type [Boolean]
[DEBUG] 2017-06-04 15:06:44.843 [main] PropertySourcesPropertyResolver - Found key 'spring.test.mockmvc.print-only-on-failure' in [Annotations] with type [Boolean]
[DEBUG] 2017-06-04 15:06:44.843 [main] PropertySourcesPropertyResolver - Found key 'spring.test.mockmvc.webclient.enabled' in [Annotations] with type [Boolean]
[DEBUG] 2017-06-04 15:06:44.844 [main] PropertySourcesPropertyResolver - Found key 'spring.boot.enableautoconfiguration' in [test] with type [String]
[DEBUG] 2017-06-04 15:06:44.844 [main] PropertySourcesPropertyResolver - Found key 'spring.jmx.enabled' in [Inlined Test Properties] with type [String]
[DEBUG] 2017-06-04 15:06:44.844 [main] PropertySourcesPropertyResolver - Found key 'org.springframework.boot.test.autoconfigure.web.servlet.WebMvcTestContextBootstrapper' in [Inlined Test Properties] with type [String]
[DEBUG] 2017-06-04 15:06:44.844 [main] PropertySourcesPropertyResolver - Found key 'server.port' in [Inlined Test Properties] with type [String]
[DEBUG] 2017-06-04 15:06:44.845 [main] PropertySourcesPropertyResolver - Found key 'java.runtime.name' in [systemProperties] with type [String]
[DEBUG] 2017-06-04 15:06:44.845 [main] PropertySourcesPropertyResolver - Found key 'sun.boot.library.path' in [systemProperties] with type [String]
[DEBUG] 2017-06-04 15:06:44.845 [main] PropertySourcesPropertyResolver - Found key 'java.vm.version' in [systemProperties] with type [String]
[DEBUG] 2017-06-04 15:06:44.845 [main] PropertySourcesPropertyResolver - Found key 'java.vm.vendor' in [systemProperties] with type [String]
[DEBUG] 2017-06-04 15:06:44.845 [main] PropertySourcesPropertyResolver - Found key 'java.vendor.url' in [systemProperties] with type [String]
[DEBUG] 2017-06-04 15:06:44.845 [main] PropertySourcesPropertyResolver - Found key 'path.separator' in [systemProperties] with type [String]
[DEBUG] 2017-06-04 15:06:44.845 [main] PropertySourcesPropertyResolver - Found key 'java.vm.name' in [systemProperties] with type [String]
[DEBUG] 2017-06-04 15:06:44.845 [main] PropertySourcesPropertyResolver - Found key 'file.encoding.pkg' in [systemProperties] with type [String]
[DEBUG] 2017-06-04 15:06:44.845 [main] PropertySourcesPropertyResolver - Found key 'user.country' in [systemProperties] with type [String]
[DEBUG] 2017-06-04 15:06:44.846 [main] PropertySourcesPropertyResolver - Found key 'sun.java.launcher' in [systemProperties] with type [String]
[DEBUG] 2017-06-04 15:06:44.846 [main] PropertySourcesPropertyResolver - Found key 'sun.os.patch.level' in [systemProperties] with type [String]
[DEBUG] 2017-06-04 15:06:44.846 [main] PropertySourcesPropertyResolver - Found key 'PID' in [systemProperties] with type [String]
[DEBUG] 2017-06-04 15:06:44.847 [main] PropertySourcesPropertyResolver - Found key 'java.vm.specification.name' in [systemProperties] with type [String]
[DEBUG] 2017-06-04 15:06:44.847 [main] PropertySourcesPropertyResolver - Found key 'user.dir' in [systemProperties] with type [String]
[DEBUG] 2017-06-04 15:06:44.847 [main] PropertySourcesPropertyResolver - Found key 'java.runtime.version' in [systemProperties] with type [String]
[DEBUG] 2017-06-04 15:06:44.847 [main] PropertySourcesPropertyResolver - Found key 'basedir' in [systemProperties] with type [String]
[DEBUG] 2017-06-04 15:06:44.848 [main] PropertySourcesPropertyResolver - Found key 'java.awt.graphicsenv' in [systemProperties] with type [String]
[DEBUG] 2017-06-04 15:06:44.848 [main] PropertySourcesPropertyResolver - Found key 'java.endorsed.dirs' in [systemProperties] with type [String]
[DEBUG] 2017-06-04 15:06:44.848 [main] PropertySourcesPropertyResolver - Found key 'os.arch' in [systemProperties] with type [String]
[DEBUG] 2017-06-04 15:06:44.848 [main] PropertySourcesPropertyResolver - Found key 'surefire.real.class.path' in [systemProperties] with type [String]
[DEBUG] 2017-06-04 15:06:44.848 [main] PropertySourcesPropertyResolver - Found key 'java.io.tmpdir' in [systemProperties] with type [String]
[DEBUG] 2017-06-04 15:06:44.848 [main] PropertySourcesPropertyResolver - Found key 'line.separator' in [systemProperties] with type [String]
[DEBUG] 2017-06-04 15:06:44.848 [main] PropertySourcesPropertyResolver - Found key 'java.vm.specification.vendor' in [systemProperties] with type [String]
[DEBUG] 2017-06-04 15:06:44.848 [main] PropertySourcesPropertyResolver - Found key 'os.name' in [systemProperties] with type [String]
[DEBUG] 2017-06-04 15:06:44.848 [main] PropertySourcesPropertyResolver - Found key 'sun.jnu.encoding' in [systemProperties] with type [String]
[DEBUG] 2017-06-04 15:06:44.848 [main] PropertySourcesPropertyResolver - Found key 'spring.beaninfo.ignore' in [systemProperties] with type [String]
[DEBUG] 2017-06-04 15:06:44.849 [main] PropertySourcesPropertyResolver - Found key 'java.library.path' in [systemProperties] with type [String]
[DEBUG] 2017-06-04 15:06:44.849 [main] PropertySourcesPropertyResolver - Found key 'surefire.test.class.path' in [systemProperties] with type [String]
[DEBUG] 2017-06-04 15:06:44.849 [main] PropertySourcesPropertyResolver - Found key 'java.specification.name' in [systemProperties] with type [String]
[DEBUG] 2017-06-04 15:06:44.849 [main] PropertySourcesPropertyResolver - Found key 'java.class.version' in [systemProperties] with type [String]
[DEBUG] 2017-06-04 15:06:44.849 [main] PropertySourcesPropertyResolver - Found key 'sun.management.compiler' in [systemProperties] with type [String]
[DEBUG] 2017-06-04 15:06:44.849 [main] PropertySourcesPropertyResolver - Found key 'os.version' in [systemProperties] with type [String]
[DEBUG] 2017-06-04 15:06:44.849 [main] PropertySourcesPropertyResolver - Found key 'user.home' in [systemProperties] with type [String]
[DEBUG] 2017-06-04 15:06:44.849 [main] PropertySourcesPropertyResolver - Found key 'user.timezone' in [systemProperties] with type [String]
[DEBUG] 2017-06-04 15:06:44.849 [main] PropertySourcesPropertyResolver - Found key 'java.awt.printerjob' in [systemProperties] with type [String]
[DEBUG] 2017-06-04 15:06:44.849 [main] PropertySourcesPropertyResolver - Found key 'file.encoding' in [systemProperties] with type [String]
[DEBUG] 2017-06-04 15:06:44.849 [main] PropertySourcesPropertyResolver - Found key 'java.specification.version' in [systemProperties] with type [String]
[DEBUG] 2017-06-04 15:06:44.850 [main] PropertySourcesPropertyResolver - Found key 'java.class.path' in [systemProperties] with type [String]
[DEBUG] 2017-06-04 15:06:44.850 [main] PropertySourcesPropertyResolver - Found key 'user.name' in [systemProperties] with type [String]
[DEBUG] 2017-06-04 15:06:44.850 [main] PropertySourcesPropertyResolver - Found key 'java.vm.specification.version' in [systemProperties] with type [String]
[DEBUG] 2017-06-04 15:06:44.850 [main] PropertySourcesPropertyResolver - Found key 'sun.java.command' in [systemProperties] with type [String]
[DEBUG] 2017-06-04 15:06:44.850 [main] PropertySourcesPropertyResolver - Found key 'java.home' in [systemProperties] with type [String]
[DEBUG] 2017-06-04 15:06:44.850 [main] PropertySourcesPropertyResolver - Found key 'sun.arch.data.model' in [systemProperties] with type [String]
[DEBUG] 2017-06-04 15:06:44.850 [main] PropertySourcesPropertyResolver - Found key 'user.language' in [systemProperties] with type [String]
[DEBUG] 2017-06-04 15:06:44.850 [main] PropertySourcesPropertyResolver - Found key 'java.specification.vendor' in [systemProperties] with type [String]
[DEBUG] 2017-06-04 15:06:44.850 [main] PropertySourcesPropertyResolver - Found key 'awt.toolkit' in [systemProperties] with type [String]
[DEBUG] 2017-06-04 15:06:44.850 [main] PropertySourcesPropertyResolver - Found key 'java.vm.info' in [systemProperties] with type [String]
[DEBUG] 2017-06-04 15:06:44.851 [main] PropertySourcesPropertyResolver - Found key 'java.version' in [systemProperties] with type [String]
[DEBUG] 2017-06-04 15:06:44.851 [main] PropertySourcesPropertyResolver - Found key 'java.ext.dirs' in [systemProperties] with type [String]
[DEBUG] 2017-06-04 15:06:44.851 [main] PropertySourcesPropertyResolver - Found key 'sun.boot.class.path' in [systemProperties] with type [String]
[DEBUG] 2017-06-04 15:06:44.851 [main] PropertySourcesPropertyResolver - Found key 'java.awt.headless' in [systemProperties] with type [String]
[DEBUG] 2017-06-04 15:06:44.851 [main] PropertySourcesPropertyResolver - Found key 'java.vendor' in [systemProperties] with type [String]
[DEBUG] 2017-06-04 15:06:44.851 [main] PropertySourcesPropertyResolver - Found key 'localRepository' in [systemProperties] with type [String]
[DEBUG] 2017-06-04 15:06:44.851 [main] PropertySourcesPropertyResolver - Found key 'file.separator' in [systemProperties] with type [String]
[DEBUG] 2017-06-04 15:06:44.851 [main] PropertySourcesPropertyResolver - Found key 'java.vendor.url.bug' in [systemProperties] with type [String]
[DEBUG] 2017-06-04 15:06:44.851 [main] PropertySourcesPropertyResolver - Found key 'sun.io.unicode.encoding' in [systemProperties] with type [String]
[DEBUG] 2017-06-04 15:06:44.851 [main] PropertySourcesPropertyResolver - Found key 'sun.cpu.endian' in [systemProperties] with type [String]
[DEBUG] 2017-06-04 15:06:44.851 [main] PropertySourcesPropertyResolver - Found key 'sun.desktop' in [systemProperties] with type [String]
[DEBUG] 2017-06-04 15:06:44.852 [main] PropertySourcesPropertyResolver - Found key 'sun.cpu.isalist' in [systemProperties] with type [String]
[DEBUG] 2017-06-04 15:06:44.852 [main] PropertySourcesPropertyResolver - Found key 'PATH' in [systemEnvironment] with type [String]
[DEBUG] 2017-06-04 15:06:44.852 [main] PropertySourcesPropertyResolver - Found key 'XAUTHORITY' in [systemEnvironment] with type [String]
[DEBUG] 2017-06-04 15:06:44.852 [main] PropertySourcesPropertyResolver - Found key 'XMODIFIERS' in [systemEnvironment] with type [String]
[DEBUG] 2017-06-04 15:06:44.852 [main] PropertySourcesPropertyResolver - Found key 'XDG_DATA_DIRS' in [systemEnvironment] with type [String]
[DEBUG] 2017-06-04 15:06:44.852 [main] PropertySourcesPropertyResolver - Found key 'GDMSESSION' in [systemEnvironment] with type [String]
[DEBUG] 2017-06-04 15:06:44.852 [main] PropertySourcesPropertyResolver - Found key 'MANDATORY_PATH' in [systemEnvironment] with type [String]
[DEBUG] 2017-06-04 15:06:44.852 [main] PropertySourcesPropertyResolver - Found key 'GTK_IM_MODULE' in [systemEnvironment] with type [String]
[DEBUG] 2017-06-04 15:06:44.852 [main] PropertySourcesPropertyResolver - Found key 'DBUS_SESSION_BUS_ADDRESS' in [systemEnvironment] with type [String]
[DEBUG] 2017-06-04 15:06:44.853 [main] PropertySourcesPropertyResolver - Found key 'DEFAULTS_PATH' in [systemEnvironment] with type [String]
[DEBUG] 2017-06-04 15:06:44.853 [main] PropertySourcesPropertyResolver - Found key 'XDG_CURRENT_DESKTOP' in [systemEnvironment] with type [String]
[DEBUG] 2017-06-04 15:06:44.853 [main] PropertySourcesPropertyResolver - Found key 'UPSTART_SESSION' in [systemEnvironment] with type [String]
[DEBUG] 2017-06-04 15:06:44.853 [main] PropertySourcesPropertyResolver - Found key 'QT4_IM_MODULE' in [systemEnvironment] with type [String]
[DEBUG] 2017-06-04 15:06:44.853 [main] PropertySourcesPropertyResolver - Found key 'QT_LINUX_ACCESSIBILITY_ALWAYS_ON' in [systemEnvironment] with type [String]
[DEBUG] 2017-06-04 15:06:44.853 [main] PropertySourcesPropertyResolver - Found key 'LOGNAME' in [systemEnvironment] with type [String]
[DEBUG] 2017-06-04 15:06:44.853 [main] PropertySourcesPropertyResolver - Found key 'JOB' in [systemEnvironment] with type [String]
[DEBUG] 2017-06-04 15:06:44.853 [main] PropertySourcesPropertyResolver - Found key 'PWD' in [systemEnvironment] with type [String]
[DEBUG] 2017-06-04 15:06:44.853 [main] PropertySourcesPropertyResolver - Found key 'DERBY_HOME' in [systemEnvironment] with type [String]
[DEBUG] 2017-06-04 15:06:44.853 [main] PropertySourcesPropertyResolver - Found key 'IM_CONFIG_PHASE' in [systemEnvironment] with type [String]
[DEBUG] 2017-06-04 15:06:44.853 [main] PropertySourcesPropertyResolver - Found key 'LANGUAGE' in [systemEnvironment] with type [String]
[DEBUG] 2017-06-04 15:06:44.854 [main] PropertySourcesPropertyResolver - Found key 'SHELL' in [systemEnvironment] with type [String]
[DEBUG] 2017-06-04 15:06:44.854 [main] PropertySourcesPropertyResolver - Found key 'GIO_LAUNCHED_DESKTOP_FILE' in [systemEnvironment] with type [String]
[DEBUG] 2017-06-04 15:06:44.854 [main] PropertySourcesPropertyResolver - Found key 'GTK2_MODULES' in [systemEnvironment] with type [String]
[DEBUG] 2017-06-04 15:06:44.854 [main] PropertySourcesPropertyResolver - Found key 'INSTANCE' in [systemEnvironment] with type [String]
[DEBUG] 2017-06-04 15:06:44.854 [main] PropertySourcesPropertyResolver - Found key 'J2SDKDIR' in [systemEnvironment] with type [String]
[DEBUG] 2017-06-04 15:06:44.854 [main] PropertySourcesPropertyResolver - Found key 'OLDPWD' in [systemEnvironment] with type [String]
[DEBUG] 2017-06-04 15:06:44.854 [main] PropertySourcesPropertyResolver - Found key 'GNOME_DESKTOP_SESSION_ID' in [systemEnvironment] with type [String]
[DEBUG] 2017-06-04 15:06:44.854 [main] PropertySourcesPropertyResolver - Found key 'UPSTART_INSTANCE' in [systemEnvironment] with type [String]
[DEBUG] 2017-06-04 15:06:44.854 [main] PropertySourcesPropertyResolver - Found key 'GTK_MODULES' in [systemEnvironment] with type [String]
[DEBUG] 2017-06-04 15:06:44.855 [main] PropertySourcesPropertyResolver - Found key 'J2REDIR' in [systemEnvironment] with type [String]
[DEBUG] 2017-06-04 15:06:44.855 [main] PropertySourcesPropertyResolver - Found key 'GDK_SCALE' in [systemEnvironment] with type [String]
[DEBUG] 2017-06-04 15:06:44.855 [main] PropertySourcesPropertyResolver - Found key 'CLUTTER_IM_MODULE' in [systemEnvironment] with type [String]
[DEBUG] 2017-06-04 15:06:44.855 [main] PropertySourcesPropertyResolver - Found key 'XDG_SESSION_PATH' in [systemEnvironment] with type [String]
[DEBUG] 2017-06-04 15:06:44.855 [main] PropertySourcesPropertyResolver - Found key 'COMPIZ_BIN_PATH' in [systemEnvironment] with type [String]
[DEBUG] 2017-06-04 15:06:44.855 [main] PropertySourcesPropertyResolver - Found key 'SESSIONTYPE' in [systemEnvironment] with type [String]
[DEBUG] 2017-06-04 15:06:44.855 [main] PropertySourcesPropertyResolver - Found key 'XDG_SESSION_DESKTOP' in [systemEnvironment] with type [String]
[DEBUG] 2017-06-04 15:06:44.855 [main] PropertySourcesPropertyResolver - Found key 'SHLVL' in [systemEnvironment] with type [String]
[DEBUG] 2017-06-04 15:06:44.855 [main] PropertySourcesPropertyResolver - Found key 'OXYGEN_DISABLE_INNER_SHADOWS_HACK' in [systemEnvironment] with type [String]
[DEBUG] 2017-06-04 15:06:44.855 [main] PropertySourcesPropertyResolver - Found key 'COMPIZ_CONFIG_PROFILE' in [systemEnvironment] with type [String]
[DEBUG] 2017-06-04 15:06:44.856 [main] PropertySourcesPropertyResolver - Found key 'QT_IM_MODULE' in [systemEnvironment] with type [String]
[DEBUG] 2017-06-04 15:06:44.856 [main] PropertySourcesPropertyResolver - Found key 'UPSTART_JOB' in [systemEnvironment] with type [String]
[DEBUG] 2017-06-04 15:06:44.856 [main] PropertySourcesPropertyResolver - Found key 'JAVA_HOME' in [systemEnvironment] with type [String]
[DEBUG] 2017-06-04 15:06:44.856 [main] PropertySourcesPropertyResolver - Found key 'XDG_CONFIG_DIRS' in [systemEnvironment] with type [String]
[DEBUG] 2017-06-04 15:06:44.856 [main] PropertySourcesPropertyResolver - Found key 'XFILESEARCHPATH' in [systemEnvironment] with type [String]
[DEBUG] 2017-06-04 15:06:44.856 [main] PropertySourcesPropertyResolver - Found key 'LANG' in [systemEnvironment] with type [String]
[DEBUG] 2017-06-04 15:06:44.856 [main] PropertySourcesPropertyResolver - Found key 'GNOME_KEYRING_CONTROL' in [systemEnvironment] with type [String]
[DEBUG] 2017-06-04 15:06:44.856 [main] PropertySourcesPropertyResolver - Found key 'XDG_SEAT_PATH' in [systemEnvironment] with type [String]
[DEBUG] 2017-06-04 15:06:44.856 [main] PropertySourcesPropertyResolver - Found key 'XDG_SESSION_ID' in [systemEnvironment] with type [String]
[DEBUG] 2017-06-04 15:06:44.856 [main] PropertySourcesPropertyResolver - Found key 'XDG_SESSION_TYPE' in [systemEnvironment] with type [String]
[DEBUG] 2017-06-04 15:06:44.857 [main] PropertySourcesPropertyResolver - Found key 'DISPLAY' in [systemEnvironment] with type [String]
[DEBUG] 2017-06-04 15:06:44.857 [main] PropertySourcesPropertyResolver - Found key 'NODE_PATH' in [systemEnvironment] with type [String]
[DEBUG] 2017-06-04 15:06:44.857 [main] PropertySourcesPropertyResolver - Found key 'GDM_LANG' in [systemEnvironment] with type [String]
[DEBUG] 2017-06-04 15:06:44.857 [main] PropertySourcesPropertyResolver - Found key 'XDG_GREETER_DATA_DIR' in [systemEnvironment] with type [String]
[DEBUG] 2017-06-04 15:06:44.857 [main] PropertySourcesPropertyResolver - Found key 'UPSTART_EVENTS' in [systemEnvironment] with type [String]
[DEBUG] 2017-06-04 15:06:44.857 [main] PropertySourcesPropertyResolver - Found key 'LIBOVERLAY_SCROLLBAR' in [systemEnvironment] with type [String]
[DEBUG] 2017-06-04 15:06:44.857 [main] PropertySourcesPropertyResolver - Found key 'GPG_AGENT_INFO' in [systemEnvironment] with type [String]
[DEBUG] 2017-06-04 15:06:44.857 [main] PropertySourcesPropertyResolver - Found key 'GDK_CORE_DEVICE_EVENTS' in [systemEnvironment] with type [String]
[DEBUG] 2017-06-04 15:06:44.858 [main] PropertySourcesPropertyResolver - Found key 'DESKTOP_SESSION' in [systemEnvironment] with type [String]
[DEBUG] 2017-06-04 15:06:44.858 [main] PropertySourcesPropertyResolver - Found key 'SESSION' in [systemEnvironment] with type [String]
[DEBUG] 2017-06-04 15:06:44.858 [main] PropertySourcesPropertyResolver - Found key 'USER' in [systemEnvironment] with type [String]
[DEBUG] 2017-06-04 15:06:44.858 [main] PropertySourcesPropertyResolver - Found key 'GIO_LAUNCHED_DESKTOP_FILE_PID' in [systemEnvironment] with type [String]
[DEBUG] 2017-06-04 15:06:44.858 [main] PropertySourcesPropertyResolver - Found key 'QT_ACCESSIBILITY' in [systemEnvironment] with type [String]
[DEBUG] 2017-06-04 15:06:44.858 [main] PropertySourcesPropertyResolver - Found key 'SSH_AUTH_SOCK' in [systemEnvironment] with type [String]
[DEBUG] 2017-06-04 15:06:44.858 [main] PropertySourcesPropertyResolver - Found key 'XDG_SEAT' in [systemEnvironment] with type [String]
[DEBUG] 2017-06-04 15:06:44.858 [main] PropertySourcesPropertyResolver - Found key 'NLSPATH' in [systemEnvironment] with type [String]
[DEBUG] 2017-06-04 15:06:44.858 [main] PropertySourcesPropertyResolver - Found key 'QT_QPA_PLATFORMTHEME' in [systemEnvironment] with type [String]
[DEBUG] 2017-06-04 15:06:44.858 [main] PropertySourcesPropertyResolver - Found key 'XDG_VTNR' in [systemEnvironment] with type [String]
[DEBUG] 2017-06-04 15:06:44.859 [main] PropertySourcesPropertyResolver - Found key 'XDG_RUNTIME_DIR' in [systemEnvironment] with type [String]
[DEBUG] 2017-06-04 15:06:44.859 [main] PropertySourcesPropertyResolver - Found key 'HOME' in [systemEnvironment] with type [String]
[DEBUG] 2017-06-04 15:06:44.859 [main] PropertySourcesPropertyResolver - Found key 'GNOME_KEYRING_PID' in [systemEnvironment] with type [String]
[DEBUG] 2017-06-04 15:06:44.859 [main] PropertySourcesPropertyResolver - Found key 'logging.config' in [applicationConfigurationProperties] with type [String]
[DEBUG] 2017-06-04 15:06:44.867 [main] DefaultListableBeanFactory - Returning cached instance of singleton bean 'autoConfigurationReport'
[DEBUG] 2017-06-04 15:06:44.874 [main] DefaultListableBeanFactory - Returning cached instance of singleton bean 'autoConfigurationReport'
[DEBUG] 2017-06-04 15:06:44.886 [main] DefaultListableBeanFactory - Returning cached instance of singleton bean 'autoConfigurationReport'
[DEBUG] 2017-06-04 15:06:44.889 [main] DefaultListableBeanFactory - Returning cached instance of singleton bean 'autoConfigurationReport'
[DEBUG] 2017-06-04 15:06:44.904 [main] PropertySourcesPropertyResolver - Found key 'spring.cache.type' in [Annotations] with type [CacheType]
[DEBUG] 2017-06-04 15:06:44.905 [main] DefaultListableBeanFactory - Returning cached instance of singleton bean 'autoConfigurationReport'
[DEBUG] 2017-06-04 15:06:44.906 [main] DefaultListableBeanFactory - Returning cached instance of singleton bean 'autoConfigurationReport'
[DEBUG] 2017-06-04 15:06:44.908 [main] DefaultListableBeanFactory - Returning cached instance of singleton bean 'autoConfigurationReport'
[DEBUG] 2017-06-04 15:06:44.909 [main] DefaultListableBeanFactory - Returning cached instance of singleton bean 'autoConfigurationReport'
[DEBUG] 2017-06-04 15:06:44.910 [main] DefaultListableBeanFactory - Returning cached instance of singleton bean 'autoConfigurationReport'
[DEBUG] 2017-06-04 15:06:44.912 [main] DefaultListableBeanFactory - Returning cached instance of singleton bean 'autoConfigurationReport'
[DEBUG] 2017-06-04 15:06:44.913 [main] PropertySourcesPropertyResolver - Found key 'spring.cache.type' in [Annotations] with type [CacheType]
[DEBUG] 2017-06-04 15:06:44.913 [main] DefaultListableBeanFactory - Returning cached instance of singleton bean 'autoConfigurationReport'
[DEBUG] 2017-06-04 15:06:44.915 [main] DefaultListableBeanFactory - Returning cached instance of singleton bean 'autoConfigurationReport'
[DEBUG] 2017-06-04 15:06:44.916 [main] DefaultListableBeanFactory - Returning cached instance of singleton bean 'autoConfigurationReport'
[DEBUG] 2017-06-04 15:06:44.917 [main] PropertySourcesPropertyResolver - Found key 'spring.cache.type' in [Annotations] with type [CacheType]
[DEBUG] 2017-06-04 15:06:44.917 [main] DefaultListableBeanFactory - Returning cached instance of singleton bean 'autoConfigurationReport'
[DEBUG] 2017-06-04 15:06:44.918 [main] PropertySourcesPropertyResolver - Found key 'spring.cache.type' in [Annotations] with type [CacheType]
[DEBUG] 2017-06-04 15:06:44.918 [main] DefaultListableBeanFactory - Returning cached instance of singleton bean 'autoConfigurationReport'
[DEBUG] 2017-06-04 15:06:44.920 [main] DefaultListableBeanFactory - Returning cached instance of singleton bean 'autoConfigurationReport'
[DEBUG] 2017-06-04 15:06:44.921 [main] DefaultListableBeanFactory - Returning cached instance of singleton bean 'autoConfigurationReport'
[DEBUG] 2017-06-04 15:06:44.922 [main] DefaultListableBeanFactory - Returning cached instance of singleton bean 'autoConfigurationReport'
[DEBUG] 2017-06-04 15:06:44.923 [main] DefaultListableBeanFactory - Returning cached instance of singleton bean 'autoConfigurationReport'
[DEBUG] 2017-06-04 15:06:44.926 [main] DefaultListableBeanFactory - Returning cached instance of singleton bean 'autoConfigurationReport'
[DEBUG] 2017-06-04 15:06:44.930 [main] DefaultListableBeanFactory - Returning cached instance of singleton bean 'autoConfigurationReport'
[DEBUG] 2017-06-04 15:06:44.931 [main] DefaultListableBeanFactory - Returning cached instance of singleton bean 'autoConfigurationReport'
[DEBUG] 2017-06-04 15:06:44.933 [main] DefaultListableBeanFactory - Returning cached instance of singleton bean 'autoConfigurationReport'
[DEBUG] 2017-06-04 15:06:44.934 [main] DefaultListableBeanFactory - Returning cached instance of singleton bean 'autoConfigurationReport'
[DEBUG] 2017-06-04 15:06:44.935 [main] DefaultListableBeanFactory - Returning cached instance of singleton bean 'autoConfigurationReport'
[DEBUG] 2017-06-04 15:06:44.936 [main] DefaultListableBeanFactory - Returning cached instance of singleton bean 'autoConfigurationReport'
[DEBUG] 2017-06-04 15:06:44.942 [main] DefaultListableBeanFactory - Returning cached instance of singleton bean 'autoConfigurationReport'
[DEBUG] 2017-06-04 15:06:44.942 [main] DefaultListableBeanFactory - Returning cached instance of singleton bean 'autoConfigurationReport'
[DEBUG] 2017-06-04 15:06:44.943 [main] DefaultListableBeanFactory - Returning cached instance of singleton bean 'autoConfigurationReport'
[DEBUG] 2017-06-04 15:06:44.946 [main] DefaultListableBeanFactory - Returning cached instance of singleton bean 'autoConfigurationReport'
[DEBUG] 2017-06-04 15:06:44.949 [main] DefaultListableBeanFactory - Returning cached instance of singleton bean 'autoConfigurationReport'
[DEBUG] 2017-06-04 15:06:44.949 [main] DefaultListableBeanFactory - Returning cached instance of singleton bean 'autoConfigurationReport'
[DEBUG] 2017-06-04 15:06:44.960 [main] DefaultListableBeanFactory - Returning cached instance of singleton bean 'autoConfigurationReport'
[DEBUG] 2017-06-04 15:06:44.961 [main] DefaultListableBeanFactory - Returning cached instance of singleton bean 'autoConfigurationReport'
[DEBUG] 2017-06-04 15:06:44.961 [main] DefaultListableBeanFactory - Returning cached instance of singleton bean 'autoConfigurationReport'
[DEBUG] 2017-06-04 15:06:44.964 [main] PropertySourcesPropertyResolver - Found key 'spring.test.mockmvc.secure' in [Annotations] with type [Boolean]
[DEBUG] 2017-06-04 15:06:44.964 [main] DefaultListableBeanFactory - Returning cached instance of singleton bean 'autoConfigurationReport'
[DEBUG] 2017-06-04 15:06:44.968 [main] DefaultListableBeanFactory - Returning cached instance of singleton bean 'autoConfigurationReport'
[DEBUG] 2017-06-04 15:06:44.968 [main] DefaultListableBeanFactory - Returning cached instance of singleton bean 'autoConfigurationReport'
[DEBUG] 2017-06-04 15:06:44.971 [main] DefaultListableBeanFactory - Returning cached instance of singleton bean 'autoConfigurationReport'
[DEBUG] 2017-06-04 15:06:44.972 [main] DefaultListableBeanFactory - Returning cached instance of singleton bean 'autoConfigurationReport'
[DEBUG] 2017-06-04 15:06:44.974 [main] DefaultListableBeanFactory - Returning cached instance of singleton bean 'autoConfigurationReport'
[DEBUG] 2017-06-04 15:06:44.974 [main] PropertySourcesPropertyResolver - Found key 'spring.boot.enableautoconfiguration' in [test] with type [String]
[DEBUG] 2017-06-04 15:06:44.975 [main] ConfigurationClassBeanDefinitionReader - Registered bean definition for imported class 'com.stackroute.ng2boot.controllers.MovieRestControllerTest'
[DEBUG] 2017-06-04 15:06:44.976 [main] StandardEnvironment - Adding [systemProperties] PropertySource with lowest search precedence
[DEBUG] 2017-06-04 15:06:44.976 [main] StandardEnvironment - Adding [systemEnvironment] PropertySource with lowest search precedence
[DEBUG] 2017-06-04 15:06:44.976 [main] StandardEnvironment - Initialized StandardEnvironment with PropertySources [systemProperties,systemEnvironment]
[DEBUG] 2017-06-04 15:06:44.977 [main] PathMatchingResourcePatternResolver - Resolved classpath location [org/springframework/data/] to resources [URL [jar:file:/home/user/.m2/repository/org/springframework/data/spring-data-mongodb/1.9.5.RELEASE/spring-data-mongodb-1.9.5.RELEASE.jar!/org/springframework/data/], URL [jar:file:/home/user/.m2/repository/org/springframework/data/spring-data-commons/1.12.5.RELEASE/spring-data-commons-1.12.5.RELEASE.jar!/org/springframework/data/]]
[DEBUG] 2017-06-04 15:06:44.977 [main] PathMatchingResourcePatternResolver - Looking for matching resources in jar file [file:/home/user/.m2/repository/org/springframework/data/spring-data-mongodb/1.9.5.RELEASE/spring-data-mongodb-1.9.5.RELEASE.jar]
[DEBUG] 2017-06-04 15:06:44.981 [main] PathMatchingResourcePatternResolver - Looking for matching resources in jar file [file:/home/user/.m2/repository/org/springframework/data/spring-data-commons/1.12.5.RELEASE/spring-data-commons-1.12.5.RELEASE.jar]
[DEBUG] 2017-06-04 15:06:44.985 [main] PathMatchingResourcePatternResolver - Resolved location pattern [classpath*:org/springframework/data/**/repository/support/**/*.class] to resources [URL [jar:file:/home/user/.m2/repository/org/springframework/data/spring-data-mongodb/1.9.5.RELEASE/spring-data-mongodb-1.9.5.RELEASE.jar!/org/springframework/data/mongodb/repository/support/IndexEnsuringQueryCreationListener.class], URL [jar:file:/home/user/.m2/repository/org/springframework/data/spring-data-mongodb/1.9.5.RELEASE/spring-data-mongodb-1.9.5.RELEASE.jar!/org/springframework/data/mongodb/repository/support/MappingMongoEntityInformation.class], URL [jar:file:/home/user/.m2/repository/org/springframework/data/spring-data-mongodb/1.9.5.RELEASE/spring-data-mongodb-1.9.5.RELEASE.jar!/org/springframework/data/mongodb/repository/support/MongoAnnotationProcessor.class], URL [jar:file:/home/user/.m2/repository/org/springframework/data/spring-data-mongodb/1.9.5.RELEASE/spring-data-mongodb-1.9.5.RELEASE.jar!/org/springframework/data/mongodb/repository/support/MongoRepositoryFactory$MongoQueryLookupStrategy.class], URL [jar:file:/home/user/.m2/repository/org/springframework/data/spring-data-mongodb/1.9.5.RELEASE/spring-data-mongodb-1.9.5.RELEASE.jar!/org/springframework/data/mongodb/repository/support/MongoRepositoryFactory.class], URL [jar:file:/home/user/.m2/repository/org/springframework/data/spring-data-mongodb/1.9.5.RELEASE/spring-data-mongodb-1.9.5.RELEASE.jar!/org/springframework/data/mongodb/repository/support/MongoRepositoryFactoryBean.class], URL [jar:file:/home/user/.m2/repository/org/springframework/data/spring-data-mongodb/1.9.5.RELEASE/spring-data-mongodb-1.9.5.RELEASE.jar!/org/springframework/data/mongodb/repository/support/QueryDslMongoRepository.class], URL [jar:file:/home/user/.m2/repository/org/springframework/data/spring-data-mongodb/1.9.5.RELEASE/spring-data-mongodb-1.9.5.RELEASE.jar!/org/springframework/data/mongodb/repository/support/QuerydslRepositorySupport.class], URL [jar:file:/home/user/.m2/repository/org/springframework/data/spring-data-mongodb/1.9.5.RELEASE/spring-data-mongodb-1.9.5.RELEASE.jar!/org/springframework/data/mongodb/repository/support/SimpleMongoRepository.class], URL [jar:file:/home/user/.m2/repository/org/springframework/data/spring-data-mongodb/1.9.5.RELEASE/spring-data-mongodb-1.9.5.RELEASE.jar!/org/springframework/data/mongodb/repository/support/SpringDataMongodbQuery$1.class], URL [jar:file:/home/user/.m2/repository/org/springframework/data/spring-data-mongodb/1.9.5.RELEASE/spring-data-mongodb-1.9.5.RELEASE.jar!/org/springframework/data/mongodb/repository/support/SpringDataMongodbQuery.class], URL [jar:file:/home/user/.m2/repository/org/springframework/data/spring-data-mongodb/1.9.5.RELEASE/spring-data-mongodb-1.9.5.RELEASE.jar!/org/springframework/data/mongodb/repository/support/SpringDataMongodbSerializer.class], URL [jar:file:/home/user/.m2/repository/org/springframework/data/spring-data-commons/1.12.5.RELEASE/spring-data-commons-1.12.5.RELEASE.jar!/org/springframework/data/repository/support/AnnotationAttribute.class], URL [jar:file:/home/user/.m2/repository/org/springframework/data/spring-data-commons/1.12.5.RELEASE/spring-data-commons-1.12.5.RELEASE.jar!/org/springframework/data/repository/support/CrudRepositoryInvoker.class], URL [jar:file:/home/user/.m2/repository/org/springframework/data/spring-data-commons/1.12.5.RELEASE/spring-data-commons-1.12.5.RELEASE.jar!/org/springframework/data/repository/support/DefaultRepositoryInvokerFactory.class], URL [jar:file:/home/user/.m2/repository/org/springframework/data/spring-data-commons/1.12.5.RELEASE/spring-data-commons-1.12.5.RELEASE.jar!/org/springframework/data/repository/support/DomainClassConverter$ToEntityConverter.class], URL [jar:file:/home/user/.m2/repository/org/springframework/data/spring-data-commons/1.12.5.RELEASE/spring-data-commons-1.12.5.RELEASE.jar!/org/springframework/data/repository/support/DomainClassConverter$ToIdConverter.class], URL [jar:file:/home/user/.m2/repository/org/springframework/data/spring-data-commons/1.12.5.RELEASE/spring-data-commons-1.12.5.RELEASE.jar!/org/springframework/data/repository/support/DomainClassConverter.class], URL [jar:file:/home/user/.m2/repository/org/springframework/data/spring-data-commons/1.12.5.RELEASE/spring-data-commons-1.12.5.RELEASE.jar!/org/springframework/data/repository/support/DomainClassPropertyEditor.class], URL [jar:file:/home/user/.m2/repository/org/springframework/data/spring-data-commons/1.12.5.RELEASE/spring-data-commons-1.12.5.RELEASE.jar!/org/springframework/data/repository/support/DomainClassPropertyEditorRegistrar.class], URL [jar:file:/home/user/.m2/repository/org/springframework/data/spring-data-commons/1.12.5.RELEASE/spring-data-commons-1.12.5.RELEASE.jar!/org/springframework/data/repository/support/MethodParameters$AnnotationNamingMethodParameter.class], URL [jar:file:/home/user/.m2/repository/org/springframework/data/spring-data-commons/1.12.5.RELEASE/spring-data-commons-1.12.5.RELEASE.jar!/org/springframework/data/repository/support/MethodParameters.class], URL [jar:file:/home/user/.m2/repository/org/springframework/data/spring-data-commons/1.12.5.RELEASE/spring-data-commons-1.12.5.RELEASE.jar!/org/springframework/data/repository/support/PagingAndSortingRepositoryInvoker.class], URL [jar:file:/home/user/.m2/repository/org/springframework/data/spring-data-commons/1.12.5.RELEASE/spring-data-commons-1.12.5.RELEASE.jar!/org/springframework/data/repository/support/QueryMethodParameterConversionException.class], URL [jar:file:/home/user/.m2/repository/org/springframework/data/spring-data-commons/1.12.5.RELEASE/spring-data-commons-1.12.5.RELEASE.jar!/org/springframework/data/repository/support/ReflectionRepositoryInvoker.class], URL [jar:file:/home/user/.m2/repository/org/springframework/data/spring-data-commons/1.12.5.RELEASE/spring-data-commons-1.12.5.RELEASE.jar!/org/springframework/data/repository/support/Repositories$EmptyRepositoryFactoryInformation.class], URL [jar:file:/home/user/.m2/repository/org/springframework/data/spring-data-commons/1.12.5.RELEASE/spring-data-commons-1.12.5.RELEASE.jar!/org/springframework/data/repository/support/Repositories.class], URL [jar:file:/home/user/.m2/repository/org/springframework/data/spring-data-commons/1.12.5.RELEASE/spring-data-commons-1.12.5.RELEASE.jar!/org/springframework/data/repository/support/RepositoryInvocationInformation.class], URL [jar:file:/home/user/.m2/repository/org/springframework/data/spring-data-commons/1.12.5.RELEASE/spring-data-commons-1.12.5.RELEASE.jar!/org/springframework/data/repository/support/RepositoryInvoker.class], URL [jar:file:/home/user/.m2/repository/org/springframework/data/spring-data-commons/1.12.5.RELEASE/spring-data-commons-1.12.5.RELEASE.jar!/org/springframework/data/repository/support/RepositoryInvokerFactory.class]]
[DEBUG] 2017-06-04 15:06:44.990 [main] AssignableTypeFilter - Could not read super class [com.querydsl.apt.AbstractQuerydslProcessor] of type-filtered class [org.springframework.data.mongodb.repository.support.MongoAnnotationProcessor]
[DEBUG] 2017-06-04 15:06:44.991 [main] ClassPathScanningCandidateComponentProvider - Identified candidate component class: URL [jar:file:/home/user/.m2/repository/org/springframework/data/spring-data-mongodb/1.9.5.RELEASE/spring-data-mongodb-1.9.5.RELEASE.jar!/org/springframework/data/mongodb/repository/support/MongoRepositoryFactory.class]
[DEBUG] 2017-06-04 15:06:45.001 [main] AssignableTypeFilter - Could not read super class [com.querydsl.mongodb.AbstractMongodbQuery] of type-filtered class [org.springframework.data.mongodb.repository.support.SpringDataMongodbQuery]
[DEBUG] 2017-06-04 15:06:45.001 [main] AssignableTypeFilter - Could not read super class [com.querydsl.mongodb.MongodbSerializer] of type-filtered class [org.springframework.data.mongodb.repository.support.SpringDataMongodbSerializer]
[DEBUG] 2017-06-04 15:06:45.012 [main] StandardEnvironment - Adding [systemProperties] PropertySource with lowest search precedence
[DEBUG] 2017-06-04 15:06:45.013 [main] StandardEnvironment - Adding [systemEnvironment] PropertySource with lowest search precedence
[DEBUG] 2017-06-04 15:06:45.013 [main] StandardEnvironment - Initialized StandardEnvironment with PropertySources [systemProperties,systemEnvironment]
[DEBUG] 2017-06-04 15:06:45.013 [main] PathMatchingResourcePatternResolver - Resolved classpath location [com/stackroute/ng2boot/] to resources [URL [file:/home/user/Downloads/part1_movieapp-starter/spring-rest/target/test-classes/com/stackroute/ng2boot/], URL [file:/home/user/Downloads/part1_movieapp-starter/spring-rest/target/classes/com/stackroute/ng2boot/]]
[DEBUG] 2017-06-04 15:06:45.014 [main] PathMatchingResourcePatternResolver - Looking for matching resources in directory tree [/home/user/Downloads/part1_movieapp-starter/spring-rest/target/test-classes/com/stackroute/ng2boot]
[DEBUG] 2017-06-04 15:06:45.014 [main] PathMatchingResourcePatternResolver - Searching directory [/home/user/Downloads/part1_movieapp-starter/spring-rest/target/test-classes/com/stackroute/ng2boot] for files matching pattern [/home/user/Downloads/part1_movieapp-starter/spring-rest/target/test-classes/com/stackroute/ng2boot/**/*.class]
[DEBUG] 2017-06-04 15:06:45.014 [main] PathMatchingResourcePatternResolver - Searching directory [/home/user/Downloads/part1_movieapp-starter/spring-rest/target/test-classes/com/stackroute/ng2boot/controllers] for files matching pattern [/home/user/Downloads/part1_movieapp-starter/spring-rest/target/test-classes/com/stackroute/ng2boot/**/*.class]
[DEBUG] 2017-06-04 15:06:45.014 [main] PathMatchingResourcePatternResolver - Looking for matching resources in directory tree [/home/user/Downloads/part1_movieapp-starter/spring-rest/target/classes/com/stackroute/ng2boot]
[DEBUG] 2017-06-04 15:06:45.014 [main] PathMatchingResourcePatternResolver - Searching directory [/home/user/Downloads/part1_movieapp-starter/spring-rest/target/classes/com/stackroute/ng2boot] for files matching pattern [/home/user/Downloads/part1_movieapp-starter/spring-rest/target/classes/com/stackroute/ng2boot/**/*.class]
[DEBUG] 2017-06-04 15:06:45.014 [main] PathMatchingResourcePatternResolver - Searching directory [/home/user/Downloads/part1_movieapp-starter/spring-rest/target/classes/com/stackroute/ng2boot/config] for files matching pattern [/home/user/Downloads/part1_movieapp-starter/spring-rest/target/classes/com/stackroute/ng2boot/**/*.class]
[DEBUG] 2017-06-04 15:06:45.015 [main] PathMatchingResourcePatternResolver - Searching directory [/home/user/Downloads/part1_movieapp-starter/spring-rest/target/classes/com/stackroute/ng2boot/controllers] for files matching pattern [/home/user/Downloads/part1_movieapp-starter/spring-rest/target/classes/com/stackroute/ng2boot/**/*.class]
[DEBUG] 2017-06-04 15:06:45.015 [main] PathMatchingResourcePatternResolver - Searching directory [/home/user/Downloads/part1_movieapp-starter/spring-rest/target/classes/com/stackroute/ng2boot/domain] for files matching pattern [/home/user/Downloads/part1_movieapp-starter/spring-rest/target/classes/com/stackroute/ng2boot/**/*.class]
[DEBUG] 2017-06-04 15:06:45.015 [main] PathMatchingResourcePatternResolver - Searching directory [/home/user/Downloads/part1_movieapp-starter/spring-rest/target/classes/com/stackroute/ng2boot/links] for files matching pattern [/home/user/Downloads/part1_movieapp-starter/spring-rest/target/classes/com/stackroute/ng2boot/**/*.class]
[DEBUG] 2017-06-04 15:06:45.015 [main] PathMatchingResourcePatternResolver - Searching directory [/home/user/Downloads/part1_movieapp-starter/spring-rest/target/classes/com/stackroute/ng2boot/repository] for files matching pattern [/home/user/Downloads/part1_movieapp-starter/spring-rest/target/classes/com/stackroute/ng2boot/**/*.class]
[DEBUG] 2017-06-04 15:06:45.015 [main] PathMatchingResourcePatternResolver - Searching directory [/home/user/Downloads/part1_movieapp-starter/spring-rest/target/classes/com/stackroute/ng2boot/service] for files matching pattern [/home/user/Downloads/part1_movieapp-starter/spring-rest/target/classes/com/stackroute/ng2boot/**/*.class]
[DEBUG] 2017-06-04 15:06:45.016 [main] PathMatchingResourcePatternResolver - Resolved location pattern [classpath*:com/stackroute/ng2boot/**/*.class] to resources [file [/home/user/Downloads/part1_movieapp-starter/spring-rest/target/test-classes/com/stackroute/ng2boot/Ng2bootApplicationTests.class], file [/home/user/Downloads/part1_movieapp-starter/spring-rest/target/test-classes/com/stackroute/ng2boot/controllers/MovieRestControllerTest.class], file [/home/user/Downloads/part1_movieapp-starter/spring-rest/target/classes/com/stackroute/ng2boot/Ng2bootApplication.class], file [/home/user/Downloads/part1_movieapp-starter/spring-rest/target/classes/com/stackroute/ng2boot/config/SwaggerConfig.class], file [/home/user/Downloads/part1_movieapp-starter/spring-rest/target/classes/com/stackroute/ng2boot/controllers/MovieRestController.class], file [/home/user/Downloads/part1_movieapp-starter/spring-rest/target/classes/com/stackroute/ng2boot/controllers/MovieRestControllerTest.class], file [/home/user/Downloads/part1_movieapp-starter/spring-rest/target/classes/com/stackroute/ng2boot/domain/Movie.class], file [/home/user/Downloads/part1_movieapp-starter/spring-rest/target/classes/com/stackroute/ng2boot/links/MovieLinks.class], file [/home/user/Downloads/part1_movieapp-starter/spring-rest/target/classes/com/stackroute/ng2boot/links/MovieLinksImpl.class], file [/home/user/Downloads/part1_movieapp-starter/spring-rest/target/classes/com/stackroute/ng2boot/repository/CrudsRepository.class], file [/home/user/Downloads/part1_movieapp-starter/spring-rest/target/classes/com/stackroute/ng2boot/repository/MovieRepository.class], file [/home/user/Downloads/part1_movieapp-starter/spring-rest/target/classes/com/stackroute/ng2boot/service/MovieGetService.class], file [/home/user/Downloads/part1_movieapp-starter/spring-rest/target/classes/com/stackroute/ng2boot/service/MovieGetServiceImpl.class]]
[DEBUG] 2017-06-04 15:06:45.026 [main] RepositoryComponentProvider - Identified candidate component class: file [/home/user/Downloads/part1_movieapp-starter/spring-rest/target/classes/com/stackroute/ng2boot/repository/CrudsRepository.class]
[DEBUG] 2017-06-04 15:06:45.028 [main] RepositoryComponentProvider - Identified candidate component class: file [/home/user/Downloads/part1_movieapp-starter/spring-rest/target/classes/com/stackroute/ng2boot/repository/MovieRepository.class]
[DEBUG] 2017-06-04 15:06:45.029 [main] StandardEnvironment - Adding [systemProperties] PropertySource with lowest search precedence
[DEBUG] 2017-06-04 15:06:45.029 [main] StandardEnvironment - Adding [systemEnvironment] PropertySource with lowest search precedence
[DEBUG] 2017-06-04 15:06:45.030 [main] StandardEnvironment - Initialized StandardEnvironment with PropertySources [systemProperties,systemEnvironment]
[DEBUG] 2017-06-04 15:06:45.031 [main] PathMatchingResourcePatternResolver - Resolved classpath location [com/stackroute/ng2boot/] to resources [URL [file:/home/user/Downloads/part1_movieapp-starter/spring-rest/target/test-classes/com/stackroute/ng2boot/], URL [file:/home/user/Downloads/part1_movieapp-starter/spring-rest/target/classes/com/stackroute/ng2boot/]]
[DEBUG] 2017-06-04 15:06:45.031 [main] PathMatchingResourcePatternResolver - Looking for matching resources in directory tree [/home/user/Downloads/part1_movieapp-starter/spring-rest/target/test-classes/com/stackroute/ng2boot]
[DEBUG] 2017-06-04 15:06:45.031 [main] PathMatchingResourcePatternResolver - Searching directory [/home/user/Downloads/part1_movieapp-starter/spring-rest/target/test-classes/com/stackroute/ng2boot] for files matching pattern [/home/user/Downloads/part1_movieapp-starter/spring-rest/target/test-classes/com/stackroute/ng2boot/**/*MovieRepositoryImpl.class]
[DEBUG] 2017-06-04 15:06:45.033 [main] PathMatchingResourcePatternResolver - Searching directory [/home/user/Downloads/part1_movieapp-starter/spring-rest/target/test-classes/com/stackroute/ng2boot/controllers] for files matching pattern [/home/user/Downloads/part1_movieapp-starter/spring-rest/target/test-classes/com/stackroute/ng2boot/**/*MovieRepositoryImpl.class]
[DEBUG] 2017-06-04 15:06:45.034 [main] PathMatchingResourcePatternResolver - Looking for matching resources in directory tree [/home/user/Downloads/part1_movieapp-starter/spring-rest/target/classes/com/stackroute/ng2boot]
[DEBUG] 2017-06-04 15:06:45.034 [main] PathMatchingResourcePatternResolver - Searching directory [/home/user/Downloads/part1_movieapp-starter/spring-rest/target/classes/com/stackroute/ng2boot] for files matching pattern [/home/user/Downloads/part1_movieapp-starter/spring-rest/target/classes/com/stackroute/ng2boot/**/*MovieRepositoryImpl.class]
[DEBUG] 2017-06-04 15:06:45.034 [main] PathMatchingResourcePatternResolver - Searching directory [/home/user/Downloads/part1_movieapp-starter/spring-rest/target/classes/com/stackroute/ng2boot/config] for files matching pattern [/home/user/Downloads/part1_movieapp-starter/spring-rest/target/classes/com/stackroute/ng2boot/**/*MovieRepositoryImpl.class]
[DEBUG] 2017-06-04 15:06:45.034 [main] PathMatchingResourcePatternResolver - Searching directory [/home/user/Downloads/part1_movieapp-starter/spring-rest/target/classes/com/stackroute/ng2boot/controllers] for files matching pattern [/home/user/Downloads/part1_movieapp-starter/spring-rest/target/classes/com/stackroute/ng2boot/**/*MovieRepositoryImpl.class]
[DEBUG] 2017-06-04 15:06:45.035 [main] PathMatchingResourcePatternResolver - Searching directory [/home/user/Downloads/part1_movieapp-starter/spring-rest/target/classes/com/stackroute/ng2boot/domain] for files matching pattern [/home/user/Downloads/part1_movieapp-starter/spring-rest/target/classes/com/stackroute/ng2boot/**/*MovieRepositoryImpl.class]
[DEBUG] 2017-06-04 15:06:45.035 [main] PathMatchingResourcePatternResolver - Searching directory [/home/user/Downloads/part1_movieapp-starter/spring-rest/target/classes/com/stackroute/ng2boot/links] for files matching pattern [/home/user/Downloads/part1_movieapp-starter/spring-rest/target/classes/com/stackroute/ng2boot/**/*MovieRepositoryImpl.class]
[DEBUG] 2017-06-04 15:06:45.035 [main] PathMatchingResourcePatternResolver - Searching directory [/home/user/Downloads/part1_movieapp-starter/spring-rest/target/classes/com/stackroute/ng2boot/repository] for files matching pattern [/home/user/Downloads/part1_movieapp-starter/spring-rest/target/classes/com/stackroute/ng2boot/**/*MovieRepositoryImpl.class]
[DEBUG] 2017-06-04 15:06:45.035 [main] PathMatchingResourcePatternResolver - Searching directory [/home/user/Downloads/part1_movieapp-starter/spring-rest/target/classes/com/stackroute/ng2boot/service] for files matching pattern [/home/user/Downloads/part1_movieapp-starter/spring-rest/target/classes/com/stackroute/ng2boot/**/*MovieRepositoryImpl.class]
[DEBUG] 2017-06-04 15:06:45.036 [main] PathMatchingResourcePatternResolver - Resolved location pattern [classpath*:com/stackroute/ng2boot/**/*MovieRepositoryImpl.class] to resources []
[DEBUG] 2017-06-04 15:06:45.036 [main] RepositoryConfigurationDelegate - Spring Data MongoDB - Registering repository: movieRepository - Interface: com.stackroute.ng2boot.repository.MovieRepository - Factory: org.springframework.data.mongodb.repository.support.MongoRepositoryFactoryBean
[DEBUG] 2017-06-04 15:06:45.038 [main] StandardEnvironment - Adding [systemProperties] PropertySource with lowest search precedence
[DEBUG] 2017-06-04 15:06:45.038 [main] StandardEnvironment - Adding [systemEnvironment] PropertySource with lowest search precedence
[DEBUG] 2017-06-04 15:06:45.038 [main] StandardEnvironment - Initialized StandardEnvironment with PropertySources [systemProperties,systemEnvironment]
[DEBUG] 2017-06-04 15:06:45.039 [main] PathMatchingResourcePatternResolver - Resolved classpath location [com/stackroute/ng2boot/] to resources [URL [file:/home/user/Downloads/part1_movieapp-starter/spring-rest/target/test-classes/com/stackroute/ng2boot/], URL [file:/home/user/Downloads/part1_movieapp-starter/spring-rest/target/classes/com/stackroute/ng2boot/]]
[DEBUG] 2017-06-04 15:06:45.039 [main] PathMatchingResourcePatternResolver - Looking for matching resources in directory tree [/home/user/Downloads/part1_movieapp-starter/spring-rest/target/test-classes/com/stackroute/ng2boot]
[DEBUG] 2017-06-04 15:06:45.039 [main] PathMatchingResourcePatternResolver - Searching directory [/home/user/Downloads/part1_movieapp-starter/spring-rest/target/test-classes/com/stackroute/ng2boot] for files matching pattern [/home/user/Downloads/part1_movieapp-starter/spring-rest/target/test-classes/com/stackroute/ng2boot/**/*CrudsRepositoryImpl.class]
[DEBUG] 2017-06-04 15:06:45.040 [main] PathMatchingResourcePatternResolver - Searching directory [/home/user/Downloads/part1_movieapp-starter/spring-rest/target/test-classes/com/stackroute/ng2boot/controllers] for files matching pattern [/home/user/Downloads/part1_movieapp-starter/spring-rest/target/test-classes/com/stackroute/ng2boot/**/*CrudsRepositoryImpl.class]
[DEBUG] 2017-06-04 15:06:45.040 [main] PathMatchingResourcePatternResolver - Looking for matching resources in directory tree [/home/user/Downloads/part1_movieapp-starter/spring-rest/target/classes/com/stackroute/ng2boot]
[DEBUG] 2017-06-04 15:06:45.040 [main] PathMatchingResourcePatternResolver - Searching directory [/home/user/Downloads/part1_movieapp-starter/spring-rest/target/classes/com/stackroute/ng2boot] for files matching pattern [/home/user/Downloads/part1_movieapp-starter/spring-rest/target/classes/com/stackroute/ng2boot/**/*CrudsRepositoryImpl.class]
[DEBUG] 2017-06-04 15:06:45.040 [main] PathMatchingResourcePatternResolver - Searching directory [/home/user/Downloads/part1_movieapp-starter/spring-rest/target/classes/com/stackroute/ng2boot/config] for files matching pattern [/home/user/Downloads/part1_movieapp-starter/spring-rest/target/classes/com/stackroute/ng2boot/**/*CrudsRepositoryImpl.class]
[DEBUG] 2017-06-04 15:06:45.041 [main] PathMatchingResourcePatternResolver - Searching directory [/home/user/Downloads/part1_movieapp-starter/spring-rest/target/classes/com/stackroute/ng2boot/controllers] for files matching pattern [/home/user/Downloads/part1_movieapp-starter/spring-rest/target/classes/com/stackroute/ng2boot/**/*CrudsRepositoryImpl.class]
[DEBUG] 2017-06-04 15:06:45.041 [main] PathMatchingResourcePatternResolver - Searching directory [/home/user/Downloads/part1_movieapp-starter/spring-rest/target/classes/com/stackroute/ng2boot/domain] for files matching pattern [/home/user/Downloads/part1_movieapp-starter/spring-rest/target/classes/com/stackroute/ng2boot/**/*CrudsRepositoryImpl.class]
[DEBUG] 2017-06-04 15:06:45.041 [main] PathMatchingResourcePatternResolver - Searching directory [/home/user/Downloads/part1_movieapp-starter/spring-rest/target/classes/com/stackroute/ng2boot/links] for files matching pattern [/home/user/Downloads/part1_movieapp-starter/spring-rest/target/classes/com/stackroute/ng2boot/**/*CrudsRepositoryImpl.class]
[DEBUG] 2017-06-04 15:06:45.041 [main] PathMatchingResourcePatternResolver - Searching directory [/home/user/Downloads/part1_movieapp-starter/spring-rest/target/classes/com/stackroute/ng2boot/repository] for files matching pattern [/home/user/Downloads/part1_movieapp-starter/spring-rest/target/classes/com/stackroute/ng2boot/**/*CrudsRepositoryImpl.class]
[DEBUG] 2017-06-04 15:06:45.041 [main] PathMatchingResourcePatternResolver - Searching directory [/home/user/Downloads/part1_movieapp-starter/spring-rest/target/classes/com/stackroute/ng2boot/service] for files matching pattern [/home/user/Downloads/part1_movieapp-starter/spring-rest/target/classes/com/stackroute/ng2boot/**/*CrudsRepositoryImpl.class]
[DEBUG] 2017-06-04 15:06:45.042 [main] PathMatchingResourcePatternResolver - Resolved location pattern [classpath*:com/stackroute/ng2boot/**/*CrudsRepositoryImpl.class] to resources []
[DEBUG] 2017-06-04 15:06:45.042 [main] RepositoryConfigurationDelegate - Spring Data MongoDB - Registering repository: crudsRepository - Interface: com.stackroute.ng2boot.repository.CrudsRepository - Factory: org.springframework.data.mongodb.repository.support.MongoRepositoryFactoryBean
[DEBUG] 2017-06-04 15:06:45.042 [main] DefaultListableBeanFactory - Returning cached instance of singleton bean 'autoConfigurationReport'
[DEBUG] 2017-06-04 15:06:45.043 [main] DefaultListableBeanFactory - Returning cached instance of singleton bean 'autoConfigurationReport'
[DEBUG] 2017-06-04 15:06:45.043 [main] DefaultListableBeanFactory - Creating shared instance of singleton bean 'org.springframework.boot.autoconfigure.condition.BeanTypeRegistry'
[DEBUG] 2017-06-04 15:06:45.043 [main] DefaultListableBeanFactory - Creating instance of bean 'org.springframework.boot.autoconfigure.condition.BeanTypeRegistry'
[DEBUG] 2017-06-04 15:06:45.044 [main] DefaultListableBeanFactory - Eagerly caching bean 'org.springframework.boot.autoconfigure.condition.BeanTypeRegistry' to allow for resolving potential circular references
[DEBUG] 2017-06-04 15:06:45.044 [main] DefaultListableBeanFactory - Finished creating instance of bean 'org.springframework.boot.autoconfigure.condition.BeanTypeRegistry'
[DEBUG] 2017-06-04 15:06:45.047 [main] DefaultListableBeanFactory - Returning cached instance of singleton bean 'autoConfigurationReport'
[DEBUG] 2017-06-04 15:06:45.049 [main] ConfigurationClassBeanDefinitionReader - Registered bean definition for imported class 'org.springframework.boot.autoconfigure.web.WebMvcAutoConfiguration$EnableWebMvcConfiguration'
[DEBUG] 2017-06-04 15:06:45.049 [main] ConfigurationClassBeanDefinitionReader - Registering bean definition for @Bean method org.springframework.boot.autoconfigure.web.WebMvcAutoConfiguration$EnableWebMvcConfiguration.requestMappingHandlerAdapter()
[DEBUG] 2017-06-04 15:06:45.050 [main] ConfigurationClassBeanDefinitionReader - Registering bean definition for @Bean method org.springframework.boot.autoconfigure.web.WebMvcAutoConfiguration$EnableWebMvcConfiguration.requestMappingHandlerMapping()
[DEBUG] 2017-06-04 15:06:45.050 [main] ConfigurationClassBeanDefinitionReader - Registering bean definition for @Bean method org.springframework.boot.autoconfigure.web.WebMvcAutoConfiguration$EnableWebMvcConfiguration.mvcPathMatcher()
[DEBUG] 2017-06-04 15:06:45.050 [main] ConfigurationClassBeanDefinitionReader - Registering bean definition for @Bean method org.springframework.boot.autoconfigure.web.WebMvcAutoConfiguration$EnableWebMvcConfiguration.mvcUrlPathHelper()
[DEBUG] 2017-06-04 15:06:45.051 [main] ConfigurationClassBeanDefinitionReader - Registering bean definition for @Bean method org.springframework.boot.autoconfigure.web.WebMvcAutoConfiguration$EnableWebMvcConfiguration.mvcContentNegotiationManager()
[DEBUG] 2017-06-04 15:06:45.051 [main] ConfigurationClassBeanDefinitionReader - Registering bean definition for @Bean method org.springframework.boot.autoconfigure.web.WebMvcAutoConfiguration$EnableWebMvcConfiguration.viewControllerHandlerMapping()
[DEBUG] 2017-06-04 15:06:45.051 [main] ConfigurationClassBeanDefinitionReader - Registering bean definition for @Bean method org.springframework.boot.autoconfigure.web.WebMvcAutoConfiguration$EnableWebMvcConfiguration.beanNameHandlerMapping()
[DEBUG] 2017-06-04 15:06:45.051 [main] ConfigurationClassBeanDefinitionReader - Registering bean definition for @Bean method org.springframework.boot.autoconfigure.web.WebMvcAutoConfiguration$EnableWebMvcConfiguration.resourceHandlerMapping()
[DEBUG] 2017-06-04 15:06:45.052 [main] ConfigurationClassBeanDefinitionReader - Registering bean definition for @Bean method org.springframework.boot.autoconfigure.web.WebMvcAutoConfiguration$EnableWebMvcConfiguration.mvcResourceUrlProvider()
[DEBUG] 2017-06-04 15:06:45.052 [main] ConfigurationClassBeanDefinitionReader - Registering bean definition for @Bean method org.springframework.boot.autoconfigure.web.WebMvcAutoConfiguration$EnableWebMvcConfiguration.defaultServletHandlerMapping()
[DEBUG] 2017-06-04 15:06:45.052 [main] ConfigurationClassBeanDefinitionReader - Registering bean definition for @Bean method org.springframework.boot.autoconfigure.web.WebMvcAutoConfiguration$EnableWebMvcConfiguration.mvcConversionService()
[DEBUG] 2017-06-04 15:06:45.052 [main] ConfigurationClassBeanDefinitionReader - Registering bean definition for @Bean method org.springframework.boot.autoconfigure.web.WebMvcAutoConfiguration$EnableWebMvcConfiguration.mvcValidator()
[DEBUG] 2017-06-04 15:06:45.052 [main] ConfigurationClassBeanDefinitionReader - Registering bean definition for @Bean method org.springframework.boot.autoconfigure.web.WebMvcAutoConfiguration$EnableWebMvcConfiguration.mvcUriComponentsContributor()
[DEBUG] 2017-06-04 15:06:45.052 [main] ConfigurationClassBeanDefinitionReader - Registering bean definition for @Bean method org.springframework.boot.autoconfigure.web.WebMvcAutoConfiguration$EnableWebMvcConfiguration.httpRequestHandlerAdapter()
[DEBUG] 2017-06-04 15:06:45.052 [main] ConfigurationClassBeanDefinitionReader - Registering bean definition for @Bean method org.springframework.boot.autoconfigure.web.WebMvcAutoConfiguration$EnableWebMvcConfiguration.simpleControllerHandlerAdapter()
[DEBUG] 2017-06-04 15:06:45.053 [main] ConfigurationClassBeanDefinitionReader - Registering bean definition for @Bean method org.springframework.boot.autoconfigure.web.WebMvcAutoConfiguration$EnableWebMvcConfiguration.handlerExceptionResolver()
[DEBUG] 2017-06-04 15:06:45.053 [main] ConfigurationClassBeanDefinitionReader - Registering bean definition for @Bean method org.springframework.boot.autoconfigure.web.WebMvcAutoConfiguration$EnableWebMvcConfiguration.mvcViewResolver()
[DEBUG] 2017-06-04 15:06:45.053 [main] DefaultListableBeanFactory - Returning cached instance of singleton bean 'autoConfigurationReport'
[DEBUG] 2017-06-04 15:06:45.054 [main] ConfigurationClassBeanDefinitionReader - Registered bean definition for imported class 'org.springframework.boot.autoconfigure.web.WebMvcAutoConfiguration$WebMvcAutoConfigurationAdapter$FaviconConfiguration'
[DEBUG] 2017-06-04 15:06:45.054 [main] ConfigurationClassBeanDefinitionReader - Registering bean definition for @Bean method org.springframework.boot.autoconfigure.web.WebMvcAutoConfiguration$WebMvcAutoConfigurationAdapter$FaviconConfiguration.faviconHandlerMapping()
[DEBUG] 2017-06-04 15:06:45.054 [main] ConfigurationClassBeanDefinitionReader - Registering bean definition for @Bean method org.springframework.boot.autoconfigure.web.WebMvcAutoConfiguration$WebMvcAutoConfigurationAdapter$FaviconConfiguration.faviconRequestHandler()
[DEBUG] 2017-06-04 15:06:45.054 [main] ConfigurationClassBeanDefinitionReader - Registered bean definition for imported class 'org.springframework.boot.autoconfigure.web.WebMvcAutoConfiguration$WebMvcAutoConfigurationAdapter'
[DEBUG] 2017-06-04 15:06:45.054 [main] DefaultListableBeanFactory - Returning cached instance of singleton bean 'org.springframework.boot.autoconfigure.condition.BeanTypeRegistry'
[DEBUG] 2017-06-04 15:06:45.058 [main] DefaultListableBeanFactory - Returning cached instance of singleton bean 'autoConfigurationReport'
[DEBUG] 2017-06-04 15:06:45.059 [main] ConfigurationClassBeanDefinitionReader - Registering bean definition for @Bean method org.springframework.boot.autoconfigure.web.WebMvcAutoConfiguration$WebMvcAutoConfigurationAdapter.defaultViewResolver()
[DEBUG] 2017-06-04 15:06:45.059 [main] DefaultListableBeanFactory - Returning cached instance of singleton bean 'org.springframework.boot.autoconfigure.condition.BeanTypeRegistry'
[DEBUG] 2017-06-04 15:06:45.060 [main] DefaultListableBeanFactory - Returning cached instance of singleton bean 'autoConfigurationReport'
[DEBUG] 2017-06-04 15:06:45.060 [main] DefaultListableBeanFactory - Returning cached instance of singleton bean 'org.springframework.boot.autoconfigure.condition.BeanTypeRegistry'
[DEBUG] 2017-06-04 15:06:45.061 [main] DefaultListableBeanFactory - Returning cached instance of singleton bean 'org.springframework.boot.autoconfigure.condition.BeanTypeRegistry'
[DEBUG] 2017-06-04 15:06:45.061 [main] DefaultListableBeanFactory - Returning cached instance of singleton bean 'autoConfigurationReport'
[DEBUG] 2017-06-04 15:06:45.061 [main] DefaultListableBeanFactory - Returning cached instance of singleton bean 'org.springframework.boot.autoconfigure.condition.BeanTypeRegistry'
[DEBUG] 2017-06-04 15:06:45.061 [main] DefaultListableBeanFactory - Returning cached instance of singleton bean 'org.springframework.boot.autoconfigure.condition.BeanTypeRegistry'
[DEBUG] 2017-06-04 15:06:45.061 [main] DefaultListableBeanFactory - Returning cached instance of singleton bean 'autoConfigurationReport'
[DEBUG] 2017-06-04 15:06:45.061 [main] ConfigurationClassBeanDefinitionReader - Registering bean definition for @Bean method org.springframework.boot.autoconfigure.web.WebMvcAutoConfiguration$WebMvcAutoConfigurationAdapter.viewResolver()
[DEBUG] 2017-06-04 15:06:45.062 [main] DefaultListableBeanFactory - Returning cached instance of singleton bean 'autoConfigurationReport'
[DEBUG] 2017-06-04 15:06:45.062 [main] DefaultListableBeanFactory - Returning cached instance of singleton bean 'autoConfigurationReport'
[DEBUG] 2017-06-04 15:06:45.063 [main] ConfigurationClassBeanDefinitionReader - Registering bean definition for @Bean method org.springframework.boot.autoconfigure.web.WebMvcAutoConfiguration$WebMvcAutoConfigurationAdapter.welcomePageHandlerMapping()
[DEBUG] 2017-06-04 15:06:45.063 [main] DefaultListableBeanFactory - Returning cached instance of singleton bean 'org.springframework.boot.autoconfigure.condition.BeanTypeRegistry'
[DEBUG] 2017-06-04 15:06:45.064 [main] DefaultListableBeanFactory - Returning cached instance of singleton bean 'org.springframework.boot.autoconfigure.condition.BeanTypeRegistry'
[DEBUG] 2017-06-04 15:06:45.064 [main] DefaultListableBeanFactory - Returning cached instance of singleton bean 'autoConfigurationReport'
[DEBUG] 2017-06-04 15:06:45.064 [main] ConfigurationClassBeanDefinitionReader - Registering bean definition for @Bean method org.springframework.boot.autoconfigure.web.WebMvcAutoConfiguration$WebMvcAutoConfigurationAdapter.requestContextFilter()
[DEBUG] 2017-06-04 15:06:45.064 [main] ConfigurationClassBeanDefinitionReader - Registered bean definition for imported class 'org.springframework.boot.autoconfigure.web.WebMvcAutoConfiguration'
[DEBUG] 2017-06-04 15:06:45.065 [main] DefaultListableBeanFactory - Returning cached instance of singleton bean 'org.springframework.boot.autoconfigure.condition.BeanTypeRegistry'
[DEBUG] 2017-06-04 15:06:45.065 [main] DefaultListableBeanFactory - Returning cached instance of singleton bean 'autoConfigurationReport'
[DEBUG] 2017-06-04 15:06:45.066 [main] ConfigurationClassBeanDefinitionReader - Registering bean definition for @Bean method org.springframework.boot.autoconfigure.web.WebMvcAutoConfiguration.hiddenHttpMethodFilter()
[DEBUG] 2017-06-04 15:06:45.066 [main] DefaultListableBeanFactory - Returning cached instance of singleton bean 'autoConfigurationReport'
[DEBUG] 2017-06-04 15:06:45.066 [main] DefaultListableBeanFactory - Returning cached instance of singleton bean 'org.springframework.boot.autoconfigure.condition.BeanTypeRegistry'
[DEBUG] 2017-06-04 15:06:45.067 [main] DefaultListableBeanFactory - Returning cached instance of singleton bean 'autoConfigurationReport'
[DEBUG] 2017-06-04 15:06:45.067 [main] ConfigurationClassBeanDefinitionReader - Registering bean definition for @Bean method org.springframework.boot.autoconfigure.web.WebMvcAutoConfiguration.httpPutFormContentFilter()
[DEBUG] 2017-06-04 15:06:45.067 [main] DefaultListableBeanFactory - Returning cached instance of singleton bean 'autoConfigurationReport'
[DEBUG] 2017-06-04 15:06:45.068 [main] DefaultListableBeanFactory - Returning cached instance of singleton bean 'org.springframework.boot.autoconfigure.condition.BeanTypeRegistry'
[DEBUG] 2017-06-04 15:06:45.068 [main] DefaultListableBeanFactory - Returning cached instance of singleton bean 'autoConfigurationReport'
[DEBUG] 2017-06-04 15:06:45.069 [main] DefaultListableBeanFactory - Returning cached instance of singleton bean 'autoConfigurationReport'
[DEBUG] 2017-06-04 15:06:45.069 [main] ConfigurationClassBeanDefinitionReader - Registered bean definition for imported class 'org.springframework.boot.autoconfigure.gson.GsonAutoConfiguration'
[DEBUG] 2017-06-04 15:06:45.070 [main] DefaultListableBeanFactory - Returning cached instance of singleton bean 'org.springframework.boot.autoconfigure.condition.BeanTypeRegistry'
[DEBUG] 2017-06-04 15:06:45.071 [main] DefaultListableBeanFactory - Returning cached instance of singleton bean 'autoConfigurationReport'
[DEBUG] 2017-06-04 15:06:45.072 [main] ConfigurationClassBeanDefinitionReader - Registering bean definition for @Bean method org.springframework.boot.autoconfigure.gson.GsonAutoConfiguration.gson()
[DEBUG] 2017-06-04 15:06:45.072 [main] DefaultListableBeanFactory - Returning cached instance of singleton bean 'autoConfigurationReport'
[DEBUG] 2017-06-04 15:06:45.072 [main] DefaultListableBeanFactory - Returning cached instance of singleton bean 'autoConfigurationReport'
[DEBUG] 2017-06-04 15:06:45.073 [main] ConfigurationClassBeanDefinitionReader - Registered bean definition for imported class 'org.springframework.boot.autoconfigure.jackson.JacksonAutoConfiguration$Jackson2ObjectMapperBuilderCustomizerConfiguration'
[DEBUG] 2017-06-04 15:06:45.073 [main] ConfigurationClassBeanDefinitionReader - Registering bean definition for @Bean method org.springframework.boot.autoconfigure.jackson.JacksonAutoConfiguration$Jackson2ObjectMapperBuilderCustomizerConfiguration.standardJacksonObjectMapperBuilderCustomizer()
[DEBUG] 2017-06-04 15:06:45.074 [main] DefaultListableBeanFactory - Returning cached instance of singleton bean 'autoConfigurationReport'
[DEBUG] 2017-06-04 15:06:45.074 [main] ConfigurationClassBeanDefinitionReader - Registered bean definition for imported class 'org.springframework.boot.autoconfigure.jackson.JacksonAutoConfiguration$JacksonObjectMapperBuilderConfiguration'
[DEBUG] 2017-06-04 15:06:45.074 [main] DefaultListableBeanFactory - Returning cached instance of singleton bean 'org.springframework.boot.autoconfigure.condition.BeanTypeRegistry'
[DEBUG] 2017-06-04 15:06:45.075 [main] DefaultListableBeanFactory - Returning cached instance of singleton bean 'autoConfigurationReport'
[DEBUG] 2017-06-04 15:06:45.075 [main] ConfigurationClassBeanDefinitionReader - Registering bean definition for @Bean method org.springframework.boot.autoconfigure.jackson.JacksonAutoConfiguration$JacksonObjectMapperBuilderConfiguration.jacksonObjectMapperBuilder()
[DEBUG] 2017-06-04 15:06:45.077 [main] DefaultListableBeanFactory - Returning cached instance of singleton bean 'autoConfigurationReport'
[DEBUG] 2017-06-04 15:06:45.077 [main] ConfigurationClassBeanDefinitionReader - Registered bean definition for imported class 'org.springframework.boot.autoconfigure.jackson.JacksonAutoConfiguration$JacksonObjectMapperConfiguration'
[DEBUG] 2017-06-04 15:06:45.077 [main] DefaultListableBeanFactory - Returning cached instance of singleton bean 'org.springframework.boot.autoconfigure.condition.BeanTypeRegistry'
[DEBUG] 2017-06-04 15:06:45.079 [main] DefaultListableBeanFactory - Returning cached instance of singleton bean 'autoConfigurationReport'
[DEBUG] 2017-06-04 15:06:45.079 [main] ConfigurationClassBeanDefinitionReader - Registering bean definition for @Bean method org.springframework.boot.autoconfigure.jackson.JacksonAutoConfiguration$JacksonObjectMapperConfiguration.jacksonObjectMapper()
[DEBUG] 2017-06-04 15:06:45.079 [main] ConfigurationClassBeanDefinitionReader - Registered bean definition for imported class 'org.springframework.boot.autoconfigure.jackson.JacksonAutoConfiguration'
[DEBUG] 2017-06-04 15:06:45.080 [main] ConfigurationClassBeanDefinitionReader - Registering bean definition for @Bean method org.springframework.boot.autoconfigure.jackson.JacksonAutoConfiguration.jsonComponentModule()
[DEBUG] 2017-06-04 15:06:45.080 [main] DefaultListableBeanFactory - Returning cached instance of singleton bean 'autoConfigurationReport'
[DEBUG] 2017-06-04 15:06:45.080 [main] DefaultListableBeanFactory - Returning cached instance of singleton bean 'autoConfigurationReport'
[DEBUG] 2017-06-04 15:06:45.081 [main] ConfigurationClassBeanDefinitionReader - Registered bean definition for imported class 'org.springframework.boot.autoconfigure.web.HttpMessageConvertersAutoConfiguration$StringHttpMessageConverterConfiguration'
[DEBUG] 2017-06-04 15:06:45.081 [main] DefaultListableBeanFactory - Returning cached instance of singleton bean 'org.springframework.boot.autoconfigure.condition.BeanTypeRegistry'
[DEBUG] 2017-06-04 15:06:45.081 [main] DefaultListableBeanFactory - Returning cached instance of singleton bean 'autoConfigurationReport'
[DEBUG] 2017-06-04 15:06:45.082 [main] ConfigurationClassBeanDefinitionReader - Registering bean definition for @Bean method org.springframework.boot.autoconfigure.web.HttpMessageConvertersAutoConfiguration$StringHttpMessageConverterConfiguration.stringHttpMessageConverter()
[DEBUG] 2017-06-04 15:06:45.083 [main] DefaultListableBeanFactory - Returning cached instance of singleton bean 'autoConfigurationReport'
[DEBUG] 2017-06-04 15:06:45.083 [main] DefaultListableBeanFactory - Returning cached instance of singleton bean 'autoConfigurationReport'
[DEBUG] 2017-06-04 15:06:45.084 [main] DefaultListableBeanFactory - Returning cached instance of singleton bean 'org.springframework.boot.autoconfigure.condition.BeanTypeRegistry'
[DEBUG] 2017-06-04 15:06:45.084 [main] DefaultListableBeanFactory - Returning cached instance of singleton bean 'autoConfigurationReport'
[DEBUG] 2017-06-04 15:06:45.084 [main] ConfigurationClassBeanDefinitionReader - Registered bean definition for imported class 'org.springframework.boot.autoconfigure.web.JacksonHttpMessageConvertersConfiguration$MappingJackson2HttpMessageConverterConfiguration'
[DEBUG] 2017-06-04 15:06:45.084 [main] DefaultListableBeanFactory - Returning cached instance of singleton bean 'org.springframework.boot.autoconfigure.condition.BeanTypeRegistry'
[DEBUG] 2017-06-04 15:06:45.085 [main] DefaultListableBeanFactory - Returning cached instance of singleton bean 'org.springframework.boot.autoconfigure.condition.BeanTypeRegistry'
[DEBUG] 2017-06-04 15:06:45.089 [main] DefaultListableBeanFactory - Returning cached instance of singleton bean 'autoConfigurationReport'
[DEBUG] 2017-06-04 15:06:45.090 [main] ConfigurationClassBeanDefinitionReader - Registering bean definition for @Bean method org.springframework.boot.autoconfigure.web.JacksonHttpMessageConvertersConfiguration$MappingJackson2HttpMessageConverterConfiguration.mappingJackson2HttpMessageConverter()
[DEBUG] 2017-06-04 15:06:45.090 [main] ConfigurationClassBeanDefinitionReader - Registered bean definition for imported class 'org.springframework.boot.autoconfigure.web.JacksonHttpMessageConvertersConfiguration'
[DEBUG] 2017-06-04 15:06:45.092 [main] DefaultListableBeanFactory - Returning cached instance of singleton bean 'autoConfigurationReport'
[DEBUG] 2017-06-04 15:06:45.095 [main] DefaultListableBeanFactory - Returning cached instance of singleton bean 'org.springframework.boot.autoconfigure.condition.BeanTypeRegistry'
[DEBUG] 2017-06-04 15:06:45.097 [main] DefaultListableBeanFactory - Returning cached instance of singleton bean 'autoConfigurationReport'
[DEBUG] 2017-06-04 15:06:45.097 [main] ConfigurationClassBeanDefinitionReader - Registered bean definition for imported class 'org.springframework.boot.autoconfigure.web.GsonHttpMessageConvertersConfiguration'
[DEBUG] 2017-06-04 15:06:45.097 [main] ConfigurationClassBeanDefinitionReader - Registered bean definition for imported class 'org.springframework.boot.autoconfigure.web.HttpMessageConvertersAutoConfiguration'
[DEBUG] 2017-06-04 15:06:45.097 [main] DefaultListableBeanFactory - Returning cached instance of singleton bean 'org.springframework.boot.autoconfigure.condition.BeanTypeRegistry'
[DEBUG] 2017-06-04 15:06:45.098 [main] DefaultListableBeanFactory - Returning cached instance of singleton bean 'autoConfigurationReport'
[DEBUG] 2017-06-04 15:06:45.098 [main] ConfigurationClassBeanDefinitionReader - Registering bean definition for @Bean method org.springframework.boot.autoconfigure.web.HttpMessageConvertersAutoConfiguration.messageConverters()
[DEBUG] 2017-06-04 15:06:45.098 [main] DefaultListableBeanFactory - Returning cached instance of singleton bean 'autoConfigurationReport'
[DEBUG] 2017-06-04 15:06:45.099 [main] DefaultListableBeanFactory - Returning cached instance of singleton bean 'autoConfigurationReport'
[DEBUG] 2017-06-04 15:06:45.099 [main] DefaultListableBeanFactory - Returning cached instance of singleton bean 'org.springframework.boot.autoconfigure.condition.BeanTypeRegistry'
[DEBUG] 2017-06-04 15:06:45.099 [main] DefaultListableBeanFactory - Returning cached instance of singleton bean 'autoConfigurationReport'
[DEBUG] 2017-06-04 15:06:45.100 [main] ConfigurationClassBeanDefinitionReader - Registered bean definition for imported class 'org.springframework.boot.autoconfigure.hateoas.HypermediaAutoConfiguration$EntityLinksConfiguration'
[DEBUG] 2017-06-04 15:06:45.100 [main] DefaultListableBeanFactory - Returning cached instance of singleton bean 'org.springframework.boot.autoconfigure.condition.BeanTypeRegistry'
[DEBUG] 2017-06-04 15:06:45.101 [main] DefaultListableBeanFactory - Returning cached instance of singleton bean 'autoConfigurationReport'
[DEBUG] 2017-06-04 15:06:45.101 [main] ConfigurationClassBeanDefinitionReader - Registered bean definition for imported class 'org.springframework.hateoas.config.HateoasConfiguration'
[DEBUG] 2017-06-04 15:06:45.102 [main] ConfigurationClassBeanDefinitionReader - Registering bean definition for @Bean method org.springframework.hateoas.config.HateoasConfiguration.linkRelationMessageSource()
[DEBUG] 2017-06-04 15:06:45.102 [main] ConfigurationClassBeanDefinitionReader - Registered bean definition for imported class 'org.springframework.boot.autoconfigure.hateoas.HypermediaAutoConfiguration$HypermediaConfiguration'
[DEBUG] 2017-06-04 15:06:45.102 [main] ConfigurationClassBeanDefinitionReader - Registering bean definition for @Bean method org.springframework.boot.autoconfigure.hateoas.HypermediaAutoConfiguration$HypermediaConfiguration.halObjectMapperConfigurer()
[DEBUG] 2017-06-04 15:06:45.102 [main] DefaultListableBeanFactory - Overriding bean definition for bean 'entityLinksPluginRegistry' with an equivalent definition: replacing [Root bean: class [org.springframework.plugin.core.support.PluginRegistryFactoryBean]; scope=; abstract=false; lazyInit=false; autowireMode=0; dependencyCheck=0; autowireCandidate=true; primary=false; factoryBeanName=null; factoryMethodName=null; initMethodName=null; destroyMethodName=null] with [Root bean: class [org.springframework.plugin.core.support.PluginRegistryFactoryBean]; scope=; abstract=false; lazyInit=false; autowireMode=0; dependencyCheck=0; autowireCandidate=true; primary=false; factoryBeanName=null; factoryMethodName=null; initMethodName=null; destroyMethodName=null]
[DEBUG] 2017-06-04 15:06:45.103 [main] DefaultListableBeanFactory - Overriding bean definition for bean 'controllerEntityLinks' with an equivalent definition: replacing [Root bean: class [org.springframework.hateoas.core.ControllerEntityLinksFactoryBean]; scope=; abstract=false; lazyInit=false; autowireMode=0; dependencyCheck=0; autowireCandidate=true; primary=false; factoryBeanName=null; factoryMethodName=null; initMethodName=null; destroyMethodName=null] with [Root bean: class [org.springframework.hateoas.core.ControllerEntityLinksFactoryBean]; scope=; abstract=false; lazyInit=false; autowireMode=0; dependencyCheck=0; autowireCandidate=true; primary=false; factoryBeanName=null; factoryMethodName=null; initMethodName=null; destroyMethodName=null]
[DEBUG] 2017-06-04 15:06:45.103 [main] DefaultListableBeanFactory - Overriding bean definition for bean 'delegatingEntityLinks' with an equivalent definition: replacing [Root bean: class [org.springframework.hateoas.core.DelegatingEntityLinks]; scope=; abstract=false; lazyInit=false; autowireMode=0; dependencyCheck=0; autowireCandidate=true; primary=true; factoryBeanName=null; factoryMethodName=null; initMethodName=null; destroyMethodName=null] with [Root bean: class [org.springframework.hateoas.core.DelegatingEntityLinks]; scope=; abstract=false; lazyInit=false; autowireMode=0; dependencyCheck=0; autowireCandidate=true; primary=true; factoryBeanName=null; factoryMethodName=null; initMethodName=null; destroyMethodName=null]
[DEBUG] 2017-06-04 15:06:45.103 [main] ConfigurationClassBeanDefinitionReader - Registered bean definition for imported class 'org.springframework.boot.autoconfigure.hateoas.HypermediaHttpMessageConverterConfiguration'
[DEBUG] 2017-06-04 15:06:45.104 [main] DefaultListableBeanFactory - Returning cached instance of singleton bean 'autoConfigurationReport'
[DEBUG] 2017-06-04 15:06:45.104 [main] ConfigurationClassBeanDefinitionReader - Registering bean definition for @Bean method org.springframework.boot.autoconfigure.hateoas.HypermediaHttpMessageConverterConfiguration.halMessageConverterSupportedMediaTypeCustomizer()
[DEBUG] 2017-06-04 15:06:45.104 [main] ConfigurationClassBeanDefinitionReader - Registered bean definition for imported class 'org.springframework.boot.autoconfigure.hateoas.HypermediaAutoConfiguration'
[DEBUG] 2017-06-04 15:06:45.105 [main] DefaultListableBeanFactory - Returning cached instance of singleton bean 'autoConfigurationReport'
[DEBUG] 2017-06-04 15:06:45.106 [main] ConfigurationClassBeanDefinitionReader - Registered bean definition for imported class 'org.springframework.boot.test.autoconfigure.web.servlet.MockMvcAutoConfiguration'
[DEBUG] 2017-06-04 15:06:45.107 [main] DefaultListableBeanFactory - Returning cached instance of singleton bean 'org.springframework.boot.autoconfigure.condition.BeanTypeRegistry'
[DEBUG] 2017-06-04 15:06:45.108 [main] DefaultListableBeanFactory - Returning cached instance of singleton bean 'autoConfigurationReport'
[DEBUG] 2017-06-04 15:06:45.108 [main] ConfigurationClassBeanDefinitionReader - Registering bean definition for @Bean method org.springframework.boot.test.autoconfigure.web.servlet.MockMvcAutoConfiguration.mockMvcBuilder()
[DEBUG] 2017-06-04 15:06:45.108 [main] ConfigurationClassBeanDefinitionReader - Registering bean definition for @Bean method org.springframework.boot.test.autoconfigure.web.servlet.MockMvcAutoConfiguration.springBootMockMvcBuilderCustomizer()
[DEBUG] 2017-06-04 15:06:45.108 [main] DefaultListableBeanFactory - Returning cached instance of singleton bean 'org.springframework.boot.autoconfigure.condition.BeanTypeRegistry'
[DEBUG] 2017-06-04 15:06:45.109 [main] DefaultListableBeanFactory - Returning cached instance of singleton bean 'autoConfigurationReport'
[DEBUG] 2017-06-04 15:06:45.109 [main] ConfigurationClassBeanDefinitionReader - Registering bean definition for @Bean method org.springframework.boot.test.autoconfigure.web.servlet.MockMvcAutoConfiguration.mockMvc()
[DEBUG] 2017-06-04 15:06:45.110 [main] PropertySourcesPropertyResolver - Found key 'spring.test.mockmvc.secure' in [Annotations] with type [Boolean]
[DEBUG] 2017-06-04 15:06:45.110 [main] DefaultListableBeanFactory - Returning cached instance of singleton bean 'autoConfigurationReport'
[DEBUG] 2017-06-04 15:06:45.111 [main] DefaultListableBeanFactory - Returning cached instance of singleton bean 'autoConfigurationReport'
[DEBUG] 2017-06-04 15:06:45.111 [main] ConfigurationClassBeanDefinitionReader - Registered bean definition for imported class 'org.springframework.boot.autoconfigure.web.ServerPropertiesAutoConfiguration'
[DEBUG] 2017-06-04 15:06:45.111 [main] DefaultListableBeanFactory - Returning cached instance of singleton bean 'org.springframework.boot.autoconfigure.condition.BeanTypeRegistry'
[DEBUG] 2017-06-04 15:06:45.111 [main] DefaultListableBeanFactory - Returning cached instance of singleton bean 'autoConfigurationReport'
[DEBUG] 2017-06-04 15:06:45.112 [main] ConfigurationClassBeanDefinitionReader - Registering bean definition for @Bean method org.springframework.boot.autoconfigure.web.ServerPropertiesAutoConfiguration.serverProperties()
[DEBUG] 2017-06-04 15:06:45.112 [main] ConfigurationClassBeanDefinitionReader - Registering bean definition for @Bean method org.springframework.boot.autoconfigure.web.ServerPropertiesAutoConfiguration.duplicateServerPropertiesDetector()
[DEBUG] 2017-06-04 15:06:45.112 [main] ConfigurationClassBeanDefinitionReader - Registered bean definition for imported class 'org.springframework.boot.test.autoconfigure.web.servlet.MockMvcSecurityAutoConfiguration'
[DEBUG] 2017-06-04 15:06:45.116 [main] DefaultListableBeanFactory - Creating shared instance of singleton bean 'org.springframework.boot.test.context.ImportsContextCustomizer$ImportsCleanupPostProcessor'
[DEBUG] 2017-06-04 15:06:45.116 [main] DefaultListableBeanFactory - Creating instance of bean 'org.springframework.boot.test.context.ImportsContextCustomizer$ImportsCleanupPostProcessor'
[DEBUG] 2017-06-04 15:06:45.118 [main] DefaultListableBeanFactory - Eagerly caching bean 'org.springframework.boot.test.context.ImportsContextCustomizer$ImportsCleanupPostProcessor' to allow for resolving potential circular references
[DEBUG] 2017-06-04 15:06:45.119 [main] DefaultListableBeanFactory - Finished creating instance of bean 'org.springframework.boot.test.context.ImportsContextCustomizer$ImportsCleanupPostProcessor'
[DEBUG] 2017-06-04 15:06:45.120 [main] ConfigurationClassEnhancer - Successfully enhanced com.stackroute.ng2boot.Ng2bootApplication; enhanced class name is: com.stackroute.ng2boot.Ng2bootApplication$$EnhancerBySpringCGLIB$$2d67f579
[DEBUG] 2017-06-04 15:06:45.120 [main] ConfigurationClassPostProcessor - Replacing bean definition 'ng2bootApplication' existing class 'com.stackroute.ng2boot.Ng2bootApplication' with enhanced class 'com.stackroute.ng2boot.Ng2bootApplication$$EnhancerBySpringCGLIB$$2d67f579'
[DEBUG] 2017-06-04 15:06:45.120 [main] ConfigurationClassEnhancer - Successfully enhanced org.springframework.boot.autoconfigure.web.WebMvcAutoConfiguration$EnableWebMvcConfiguration; enhanced class name is: org.springframework.boot.autoconfigure.web.WebMvcAutoConfiguration$EnableWebMvcConfiguration$$EnhancerBySpringCGLIB$$3221c155
[DEBUG] 2017-06-04 15:06:45.120 [main] ConfigurationClassPostProcessor - Replacing bean definition 'org.springframework.boot.autoconfigure.web.WebMvcAutoConfiguration$EnableWebMvcConfiguration' existing class 'org.springframework.boot.autoconfigure.web.WebMvcAutoConfiguration$EnableWebMvcConfiguration' with enhanced class 'org.springframework.boot.autoconfigure.web.WebMvcAutoConfiguration$EnableWebMvcConfiguration$$EnhancerBySpringCGLIB$$3221c155'
[DEBUG] 2017-06-04 15:06:45.120 [main] ConfigurationClassEnhancer - Successfully enhanced org.springframework.boot.autoconfigure.web.WebMvcAutoConfiguration$WebMvcAutoConfigurationAdapter$FaviconConfiguration; enhanced class name is: org.springframework.boot.autoconfigure.web.WebMvcAutoConfiguration$WebMvcAutoConfigurationAdapter$FaviconConfiguration$$EnhancerBySpringCGLIB$$13114b40
[DEBUG] 2017-06-04 15:06:45.120 [main] ConfigurationClassPostProcessor - Replacing bean definition 'org.springframework.boot.autoconfigure.web.WebMvcAutoConfiguration$WebMvcAutoConfigurationAdapter$FaviconConfiguration' existing class 'org.springframework.boot.autoconfigure.web.WebMvcAutoConfiguration$WebMvcAutoConfigurationAdapter$FaviconConfiguration' with enhanced class 'org.springframework.boot.autoconfigure.web.WebMvcAutoConfiguration$WebMvcAutoConfigurationAdapter$FaviconConfiguration$$EnhancerBySpringCGLIB$$13114b40'
[DEBUG] 2017-06-04 15:06:45.121 [main] ConfigurationClassEnhancer - Successfully enhanced org.springframework.boot.autoconfigure.web.WebMvcAutoConfiguration$WebMvcAutoConfigurationAdapter; enhanced class name is: org.springframework.boot.autoconfigure.web.WebMvcAutoConfiguration$WebMvcAutoConfigurationAdapter$$EnhancerBySpringCGLIB$$c5f776c8
[DEBUG] 2017-06-04 15:06:45.121 [main] ConfigurationClassPostProcessor - Replacing bean definition 'org.springframework.boot.autoconfigure.web.WebMvcAutoConfiguration$WebMvcAutoConfigurationAdapter' existing class 'org.springframework.boot.autoconfigure.web.WebMvcAutoConfiguration$WebMvcAutoConfigurationAdapter' with enhanced class 'org.springframework.boot.autoconfigure.web.WebMvcAutoConfiguration$WebMvcAutoConfigurationAdapter$$EnhancerBySpringCGLIB$$c5f776c8'
[DEBUG] 2017-06-04 15:06:45.121 [main] ConfigurationClassEnhancer - Successfully enhanced org.springframework.boot.autoconfigure.web.WebMvcAutoConfiguration$WebMvcAutoConfigurationAdapter; enhanced class name is: org.springframework.boot.autoconfigure.web.WebMvcAutoConfiguration$WebMvcAutoConfigurationAdapter$$EnhancerBySpringCGLIB$$c5f776c8
[DEBUG] 2017-06-04 15:06:45.121 [main] ConfigurationClassPostProcessor - Replacing bean definition 'requestContextFilter' existing class 'org.springframework.boot.autoconfigure.web.WebMvcAutoConfiguration$WebMvcAutoConfigurationAdapter' with enhanced class 'org.springframework.boot.autoconfigure.web.WebMvcAutoConfiguration$WebMvcAutoConfigurationAdapter$$EnhancerBySpringCGLIB$$c5f776c8'
[DEBUG] 2017-06-04 15:06:45.121 [main] ConfigurationClassEnhancer - Successfully enhanced org.springframework.boot.autoconfigure.web.WebMvcAutoConfiguration; enhanced class name is: org.springframework.boot.autoconfigure.web.WebMvcAutoConfiguration$$EnhancerBySpringCGLIB$$4a31088c
[DEBUG] 2017-06-04 15:06:45.121 [main] ConfigurationClassPostProcessor - Replacing bean definition 'org.springframework.boot.autoconfigure.web.WebMvcAutoConfiguration' existing class 'org.springframework.boot.autoconfigure.web.WebMvcAutoConfiguration' with enhanced class 'org.springframework.boot.autoconfigure.web.WebMvcAutoConfiguration$$EnhancerBySpringCGLIB$$4a31088c'
[DEBUG] 2017-06-04 15:06:45.121 [main] ConfigurationClassEnhancer - Successfully enhanced org.springframework.boot.autoconfigure.gson.GsonAutoConfiguration; enhanced class name is: org.springframework.boot.autoconfigure.gson.GsonAutoConfiguration$$EnhancerBySpringCGLIB$$19af32d6
[DEBUG] 2017-06-04 15:06:45.121 [main] ConfigurationClassPostProcessor - Replacing bean definition 'org.springframework.boot.autoconfigure.gson.GsonAutoConfiguration' existing class 'org.springframework.boot.autoconfigure.gson.GsonAutoConfiguration' with enhanced class 'org.springframework.boot.autoconfigure.gson.GsonAutoConfiguration$$EnhancerBySpringCGLIB$$19af32d6'
[DEBUG] 2017-06-04 15:06:45.122 [main] ConfigurationClassEnhancer - Successfully enhanced org.springframework.boot.autoconfigure.jackson.JacksonAutoConfiguration$Jackson2ObjectMapperBuilderCustomizerConfiguration; enhanced class name is: org.springframework.boot.autoconfigure.jackson.JacksonAutoConfiguration$Jackson2ObjectMapperBuilderCustomizerConfiguration$$EnhancerBySpringCGLIB$$a3eb46e5
[DEBUG] 2017-06-04 15:06:45.122 [main] ConfigurationClassPostProcessor - Replacing bean definition 'org.springframework.boot.autoconfigure.jackson.JacksonAutoConfiguration$Jackson2ObjectMapperBuilderCustomizerConfiguration' existing class 'org.springframework.boot.autoconfigure.jackson.JacksonAutoConfiguration$Jackson2ObjectMapperBuilderCustomizerConfiguration' with enhanced class 'org.springframework.boot.autoconfigure.jackson.JacksonAutoConfiguration$Jackson2ObjectMapperBuilderCustomizerConfiguration$$EnhancerBySpringCGLIB$$a3eb46e5'
[DEBUG] 2017-06-04 15:06:45.122 [main] ConfigurationClassEnhancer - Successfully enhanced org.springframework.boot.autoconfigure.jackson.JacksonAutoConfiguration$JacksonObjectMapperBuilderConfiguration; enhanced class name is: org.springframework.boot.autoconfigure.jackson.JacksonAutoConfiguration$JacksonObjectMapperBuilderConfiguration$$EnhancerBySpringCGLIB$$e8d460f6
[DEBUG] 2017-06-04 15:06:45.122 [main] ConfigurationClassPostProcessor - Replacing bean definition 'org.springframework.boot.autoconfigure.jackson.JacksonAutoConfiguration$JacksonObjectMapperBuilderConfiguration' existing class 'org.springframework.boot.autoconfigure.jackson.JacksonAutoConfiguration$JacksonObjectMapperBuilderConfiguration' with enhanced class 'org.springframework.boot.autoconfigure.jackson.JacksonAutoConfiguration$JacksonObjectMapperBuilderConfiguration$$EnhancerBySpringCGLIB$$e8d460f6'
[DEBUG] 2017-06-04 15:06:45.122 [main] ConfigurationClassEnhancer - Successfully enhanced org.springframework.boot.autoconfigure.jackson.JacksonAutoConfiguration$JacksonObjectMapperConfiguration; enhanced class name is: org.springframework.boot.autoconfigure.jackson.JacksonAutoConfiguration$JacksonObjectMapperConfiguration$$EnhancerBySpringCGLIB$$36879edd
[DEBUG] 2017-06-04 15:06:45.122 [main] ConfigurationClassPostProcessor - Replacing bean definition 'org.springframework.boot.autoconfigure.jackson.JacksonAutoConfiguration$JacksonObjectMapperConfiguration' existing class 'org.springframework.boot.autoconfigure.jackson.JacksonAutoConfiguration$JacksonObjectMapperConfiguration' with enhanced class 'org.springframework.boot.autoconfigure.jackson.JacksonAutoConfiguration$JacksonObjectMapperConfiguration$$EnhancerBySpringCGLIB$$36879edd'
[DEBUG] 2017-06-04 15:06:45.122 [main] ConfigurationClassEnhancer - Successfully enhanced org.springframework.boot.autoconfigure.jackson.JacksonAutoConfiguration; enhanced class name is: org.springframework.boot.autoconfigure.jackson.JacksonAutoConfiguration$$EnhancerBySpringCGLIB$$18933c6c
[DEBUG] 2017-06-04 15:06:45.122 [main] ConfigurationClassPostProcessor - Replacing bean definition 'org.springframework.boot.autoconfigure.jackson.JacksonAutoConfiguration' existing class 'org.springframework.boot.autoconfigure.jackson.JacksonAutoConfiguration' with enhanced class 'org.springframework.boot.autoconfigure.jackson.JacksonAutoConfiguration$$EnhancerBySpringCGLIB$$18933c6c'
[DEBUG] 2017-06-04 15:06:45.123 [main] ConfigurationClassEnhancer - Successfully enhanced org.springframework.boot.autoconfigure.web.HttpMessageConvertersAutoConfiguration$StringHttpMessageConverterConfiguration; enhanced class name is: org.springframework.boot.autoconfigure.web.HttpMessageConvertersAutoConfiguration$StringHttpMessageConverterConfiguration$$EnhancerBySpringCGLIB$$2822484c
[DEBUG] 2017-06-04 15:06:45.123 [main] ConfigurationClassPostProcessor - Replacing bean definition 'org.springframework.boot.autoconfigure.web.HttpMessageConvertersAutoConfiguration$StringHttpMessageConverterConfiguration' existing class 'org.springframework.boot.autoconfigure.web.HttpMessageConvertersAutoConfiguration$StringHttpMessageConverterConfiguration' with enhanced class 'org.springframework.boot.autoconfigure.web.HttpMessageConvertersAutoConfiguration$StringHttpMessageConverterConfiguration$$EnhancerBySpringCGLIB$$2822484c'
[DEBUG] 2017-06-04 15:06:45.123 [main] ConfigurationClassEnhancer - Successfully enhanced org.springframework.boot.autoconfigure.web.JacksonHttpMessageConvertersConfiguration$MappingJackson2HttpMessageConverterConfiguration; enhanced class name is: org.springframework.boot.autoconfigure.web.JacksonHttpMessageConvertersConfiguration$MappingJackson2HttpMessageConverterConfiguration$$EnhancerBySpringCGLIB$$b630724c
[DEBUG] 2017-06-04 15:06:45.123 [main] ConfigurationClassPostProcessor - Replacing bean definition 'org.springframework.boot.autoconfigure.web.JacksonHttpMessageConvertersConfiguration$MappingJackson2HttpMessageConverterConfiguration' existing class 'org.springframework.boot.autoconfigure.web.JacksonHttpMessageConvertersConfiguration$MappingJackson2HttpMessageConverterConfiguration' with enhanced class 'org.springframework.boot.autoconfigure.web.JacksonHttpMessageConvertersConfiguration$MappingJackson2HttpMessageConverterConfiguration$$EnhancerBySpringCGLIB$$b630724c'
[DEBUG] 2017-06-04 15:06:45.123 [main] ConfigurationClassEnhancer - Successfully enhanced org.springframework.boot.autoconfigure.web.JacksonHttpMessageConvertersConfiguration; enhanced class name is: org.springframework.boot.autoconfigure.web.JacksonHttpMessageConvertersConfiguration$$EnhancerBySpringCGLIB$$491e0ac2
[DEBUG] 2017-06-04 15:06:45.123 [main] ConfigurationClassPostProcessor - Replacing bean definition 'org.springframework.boot.autoconfigure.web.JacksonHttpMessageConvertersConfiguration' existing class 'org.springframework.boot.autoconfigure.web.JacksonHttpMessageConvertersConfiguration' with enhanced class 'org.springframework.boot.autoconfigure.web.JacksonHttpMessageConvertersConfiguration$$EnhancerBySpringCGLIB$$491e0ac2'
[DEBUG] 2017-06-04 15:06:45.123 [main] ConfigurationClassEnhancer - Successfully enhanced org.springframework.boot.autoconfigure.web.GsonHttpMessageConvertersConfiguration; enhanced class name is: org.springframework.boot.autoconfigure.web.GsonHttpMessageConvertersConfiguration$$EnhancerBySpringCGLIB$$b6298886
[DEBUG] 2017-06-04 15:06:45.123 [main] ConfigurationClassPostProcessor - Replacing bean definition 'org.springframework.boot.autoconfigure.web.GsonHttpMessageConvertersConfiguration' existing class 'org.springframework.boot.autoconfigure.web.GsonHttpMessageConvertersConfiguration' with enhanced class 'org.springframework.boot.autoconfigure.web.GsonHttpMessageConvertersConfiguration$$EnhancerBySpringCGLIB$$b6298886'
[DEBUG] 2017-06-04 15:06:45.124 [main] ConfigurationClassEnhancer - Successfully enhanced org.springframework.boot.autoconfigure.web.HttpMessageConvertersAutoConfiguration; enhanced class name is: org.springframework.boot.autoconfigure.web.HttpMessageConvertersAutoConfiguration$$EnhancerBySpringCGLIB$$6bac3dac
[DEBUG] 2017-06-04 15:06:45.124 [main] ConfigurationClassPostProcessor - Replacing bean definition 'org.springframework.boot.autoconfigure.web.HttpMessageConvertersAutoConfiguration' existing class 'org.springframework.boot.autoconfigure.web.HttpMessageConvertersAutoConfiguration' with enhanced class 'org.springframework.boot.autoconfigure.web.HttpMessageConvertersAutoConfiguration$$EnhancerBySpringCGLIB$$6bac3dac'
[DEBUG] 2017-06-04 15:06:45.124 [main] ConfigurationClassEnhancer - Successfully enhanced org.springframework.boot.autoconfigure.hateoas.HypermediaAutoConfiguration$EntityLinksConfiguration; enhanced class name is: org.springframework.boot.autoconfigure.hateoas.HypermediaAutoConfiguration$EntityLinksConfiguration$$EnhancerBySpringCGLIB$$a4aa7529
[DEBUG] 2017-06-04 15:06:45.124 [main] ConfigurationClassPostProcessor - Replacing bean definition 'org.springframework.boot.autoconfigure.hateoas.HypermediaAutoConfiguration$EntityLinksConfiguration' existing class 'org.springframework.boot.autoconfigure.hateoas.HypermediaAutoConfiguration$EntityLinksConfiguration' with enhanced class 'org.springframework.boot.autoconfigure.hateoas.HypermediaAutoConfiguration$EntityLinksConfiguration$$EnhancerBySpringCGLIB$$a4aa7529'
[DEBUG] 2017-06-04 15:06:45.124 [main] ConfigurationClassEnhancer - Successfully enhanced org.springframework.hateoas.config.HateoasConfiguration; enhanced class name is: org.springframework.hateoas.config.HateoasConfiguration$$EnhancerBySpringCGLIB$$5a746c7e
[DEBUG] 2017-06-04 15:06:45.125 [main] ConfigurationClassPostProcessor - Replacing bean definition 'org.springframework.hateoas.config.HateoasConfiguration' existing class 'org.springframework.hateoas.config.HateoasConfiguration' with enhanced class 'org.springframework.hateoas.config.HateoasConfiguration$$EnhancerBySpringCGLIB$$5a746c7e'
[DEBUG] 2017-06-04 15:06:45.125 [main] ConfigurationClassEnhancer - Successfully enhanced org.springframework.boot.autoconfigure.hateoas.HypermediaAutoConfiguration$HypermediaConfiguration; enhanced class name is: org.springframework.boot.autoconfigure.hateoas.HypermediaAutoConfiguration$HypermediaConfiguration$$EnhancerBySpringCGLIB$$7982c8d7
[DEBUG] 2017-06-04 15:06:45.125 [main] ConfigurationClassPostProcessor - Replacing bean definition 'org.springframework.boot.autoconfigure.hateoas.HypermediaAutoConfiguration$HypermediaConfiguration' existing class 'org.springframework.boot.autoconfigure.hateoas.HypermediaAutoConfiguration$HypermediaConfiguration' with enhanced class 'org.springframework.boot.autoconfigure.hateoas.HypermediaAutoConfiguration$HypermediaConfiguration$$EnhancerBySpringCGLIB$$7982c8d7'
[DEBUG] 2017-06-04 15:06:45.125 [main] ConfigurationClassEnhancer - Successfully enhanced org.springframework.boot.autoconfigure.hateoas.HypermediaAutoConfiguration$HypermediaConfiguration; enhanced class name is: org.springframework.boot.autoconfigure.hateoas.HypermediaAutoConfiguration$HypermediaConfiguration$$EnhancerBySpringCGLIB$$7982c8d7
[DEBUG] 2017-06-04 15:06:45.125 [main] ConfigurationClassPostProcessor - Replacing bean definition 'halObjectMapperConfigurer' existing class 'org.springframework.boot.autoconfigure.hateoas.HypermediaAutoConfiguration$HypermediaConfiguration' with enhanced class 'org.springframework.boot.autoconfigure.hateoas.HypermediaAutoConfiguration$HypermediaConfiguration$$EnhancerBySpringCGLIB$$7982c8d7'
[DEBUG] 2017-06-04 15:06:45.125 [main] ConfigurationClassEnhancer - Successfully enhanced org.springframework.boot.autoconfigure.hateoas.HypermediaAutoConfiguration; enhanced class name is: org.springframework.boot.autoconfigure.hateoas.HypermediaAutoConfiguration$$EnhancerBySpringCGLIB$$f6fa897d
[DEBUG] 2017-06-04 15:06:45.125 [main] ConfigurationClassPostProcessor - Replacing bean definition 'org.springframework.boot.autoconfigure.hateoas.HypermediaAutoConfiguration' existing class 'org.springframework.boot.autoconfigure.hateoas.HypermediaAutoConfiguration' with enhanced class 'org.springframework.boot.autoconfigure.hateoas.HypermediaAutoConfiguration$$EnhancerBySpringCGLIB$$f6fa897d'
[DEBUG] 2017-06-04 15:06:45.126 [main] ConfigurationClassEnhancer - Successfully enhanced org.springframework.boot.test.autoconfigure.web.servlet.MockMvcAutoConfiguration; enhanced class name is: org.springframework.boot.test.autoconfigure.web.servlet.MockMvcAutoConfiguration$$EnhancerBySpringCGLIB$$9956da89
[DEBUG] 2017-06-04 15:06:45.126 [main] ConfigurationClassPostProcessor - Replacing bean definition 'org.springframework.boot.test.autoconfigure.web.servlet.MockMvcAutoConfiguration' existing class 'org.springframework.boot.test.autoconfigure.web.servlet.MockMvcAutoConfiguration' with enhanced class 'org.springframework.boot.test.autoconfigure.web.servlet.MockMvcAutoConfiguration$$EnhancerBySpringCGLIB$$9956da89'
[DEBUG] 2017-06-04 15:06:45.126 [main] ConfigurationClassEnhancer - Successfully enhanced org.springframework.boot.autoconfigure.web.ServerPropertiesAutoConfiguration; enhanced class name is: org.springframework.boot.autoconfigure.web.ServerPropertiesAutoConfiguration$$EnhancerBySpringCGLIB$$91499b1c
[DEBUG] 2017-06-04 15:06:45.126 [main] ConfigurationClassPostProcessor - Replacing bean definition 'org.springframework.boot.autoconfigure.web.ServerPropertiesAutoConfiguration' existing class 'org.springframework.boot.autoconfigure.web.ServerPropertiesAutoConfiguration' with enhanced class 'org.springframework.boot.autoconfigure.web.ServerPropertiesAutoConfiguration$$EnhancerBySpringCGLIB$$91499b1c'
[DEBUG] 2017-06-04 15:06:45.126 [main] ConfigurationClassEnhancer - Successfully enhanced org.springframework.boot.test.autoconfigure.web.servlet.MockMvcSecurityAutoConfiguration; enhanced class name is: org.springframework.boot.test.autoconfigure.web.servlet.MockMvcSecurityAutoConfiguration$$EnhancerBySpringCGLIB$$af84fe29
[DEBUG] 2017-06-04 15:06:45.126 [main] ConfigurationClassPostProcessor - Replacing bean definition 'org.springframework.boot.test.autoconfigure.web.servlet.MockMvcSecurityAutoConfiguration' existing class 'org.springframework.boot.test.autoconfigure.web.servlet.MockMvcSecurityAutoConfiguration' with enhanced class 'org.springframework.boot.test.autoconfigure.web.servlet.MockMvcSecurityAutoConfiguration$$EnhancerBySpringCGLIB$$af84fe29'
[DEBUG] 2017-06-04 15:06:45.126 [main] StandardEnvironment - Adding [applicationConfig: [classpath:/application.properties]] PropertySource with search precedence immediately lower than [applicationConfigurationProperties]
[DEBUG] 2017-06-04 15:06:45.127 [main] StandardEnvironment - Removing [applicationConfigurationProperties] PropertySource
[DEBUG] 2017-06-04 15:06:45.127 [main] StandardEnvironment - Removing [defaultProperties] PropertySource
[DEBUG] 2017-06-04 15:06:45.127 [main] DefaultListableBeanFactory - Creating shared instance of singleton bean 'org.springframework.boot.test.mock.mockito.MockitoPostProcessor'
[DEBUG] 2017-06-04 15:06:45.127 [main] DefaultListableBeanFactory - Creating instance of bean 'org.springframework.boot.test.mock.mockito.MockitoPostProcessor'
[DEBUG] 2017-06-04 15:06:45.130 [main] DefaultListableBeanFactory - Eagerly caching bean 'org.springframework.boot.test.mock.mockito.MockitoPostProcessor' to allow for resolving potential circular references
[DEBUG] 2017-06-04 15:06:45.131 [main] DefaultListableBeanFactory - Finished creating instance of bean 'org.springframework.boot.test.mock.mockito.MockitoPostProcessor'
[DEBUG] 2017-06-04 15:06:45.138 [main] DefaultListableBeanFactory - Creating shared instance of singleton bean 'org.springframework.boot.context.properties.ConfigurationPropertiesBindingPostProcessor.store'
[DEBUG] 2017-06-04 15:06:45.138 [main] DefaultListableBeanFactory - Creating instance of bean 'org.springframework.boot.context.properties.ConfigurationPropertiesBindingPostProcessor.store'
[DEBUG] 2017-06-04 15:06:45.139 [main] DefaultListableBeanFactory - Eagerly caching bean 'org.springframework.boot.context.properties.ConfigurationPropertiesBindingPostProcessor.store' to allow for resolving potential circular references
[DEBUG] 2017-06-04 15:06:45.139 [main] DefaultListableBeanFactory - Finished creating instance of bean 'org.springframework.boot.context.properties.ConfigurationPropertiesBindingPostProcessor.store'
[DEBUG] 2017-06-04 15:06:45.151 [main] DefaultListableBeanFactory - Creating shared instance of singleton bean 'org.springframework.context.annotation.internalAutowiredAnnotationProcessor'
[DEBUG] 2017-06-04 15:06:45.152 [main] DefaultListableBeanFactory - Creating instance of bean 'org.springframework.context.annotation.internalAutowiredAnnotationProcessor'
[DEBUG] 2017-06-04 15:06:45.152 [main] DefaultListableBeanFactory - Eagerly caching bean 'org.springframework.context.annotation.internalAutowiredAnnotationProcessor' to allow for resolving potential circular references
[DEBUG] 2017-06-04 15:06:45.153 [main] DefaultListableBeanFactory - Finished creating instance of bean 'org.springframework.context.annotation.internalAutowiredAnnotationProcessor'
[DEBUG] 2017-06-04 15:06:45.153 [main] DefaultListableBeanFactory - Creating shared instance of singleton bean 'org.springframework.context.annotation.internalRequiredAnnotationProcessor'
[DEBUG] 2017-06-04 15:06:45.153 [main] DefaultListableBeanFactory - Creating instance of bean 'org.springframework.context.annotation.internalRequiredAnnotationProcessor'
[DEBUG] 2017-06-04 15:06:45.153 [main] DefaultListableBeanFactory - Eagerly caching bean 'org.springframework.context.annotation.internalRequiredAnnotationProcessor' to allow for resolving potential circular references
[DEBUG] 2017-06-04 15:06:45.153 [main] DefaultListableBeanFactory - Finished creating instance of bean 'org.springframework.context.annotation.internalRequiredAnnotationProcessor'
[DEBUG] 2017-06-04 15:06:45.153 [main] DefaultListableBeanFactory - Creating shared instance of singleton bean 'org.springframework.context.annotation.internalCommonAnnotationProcessor'
[DEBUG] 2017-06-04 15:06:45.153 [main] DefaultListableBeanFactory - Creating instance of bean 'org.springframework.context.annotation.internalCommonAnnotationProcessor'
[DEBUG] 2017-06-04 15:06:45.154 [main] DefaultListableBeanFactory - Eagerly caching bean 'org.springframework.context.annotation.internalCommonAnnotationProcessor' to allow for resolving potential circular references
[DEBUG] 2017-06-04 15:06:45.154 [main] DefaultListableBeanFactory - Finished creating instance of bean 'org.springframework.context.annotation.internalCommonAnnotationProcessor'
[DEBUG] 2017-06-04 15:06:45.154 [main] DefaultListableBeanFactory - Creating shared instance of singleton bean 'org.springframework.boot.test.mock.mockito.MockitoPostProcessor$SpyPostProcessor'
[DEBUG] 2017-06-04 15:06:45.154 [main] DefaultListableBeanFactory - Creating instance of bean 'org.springframework.boot.test.mock.mockito.MockitoPostProcessor$SpyPostProcessor'
[DEBUG] 2017-06-04 15:06:45.154 [main] DefaultListableBeanFactory - Returning cached instance of singleton bean 'org.springframework.boot.test.mock.mockito.MockitoPostProcessor'
[DEBUG] 2017-06-04 15:06:45.155 [main] DefaultListableBeanFactory - Eagerly caching bean 'org.springframework.boot.test.mock.mockito.MockitoPostProcessor$SpyPostProcessor' to allow for resolving potential circular references
[DEBUG] 2017-06-04 15:06:45.155 [main] DefaultListableBeanFactory - Finished creating instance of bean 'org.springframework.boot.test.mock.mockito.MockitoPostProcessor$SpyPostProcessor'
[DEBUG] 2017-06-04 15:06:45.155 [main] DefaultListableBeanFactory - Creating shared instance of singleton bean 'org.springframework.context.annotation.ConfigurationClassPostProcessor.importAwareProcessor'
[DEBUG] 2017-06-04 15:06:45.155 [main] DefaultListableBeanFactory - Creating instance of bean 'org.springframework.context.annotation.ConfigurationClassPostProcessor.importAwareProcessor'
[DEBUG] 2017-06-04 15:06:45.156 [main] DefaultListableBeanFactory - Eagerly caching bean 'org.springframework.context.annotation.ConfigurationClassPostProcessor.importAwareProcessor' to allow for resolving potential circular references
[DEBUG] 2017-06-04 15:06:45.156 [main] DefaultListableBeanFactory - Finished creating instance of bean 'org.springframework.context.annotation.ConfigurationClassPostProcessor.importAwareProcessor'
[DEBUG] 2017-06-04 15:06:45.156 [main] DefaultListableBeanFactory - Creating shared instance of singleton bean 'org.springframework.context.annotation.ConfigurationClassPostProcessor.enhancedConfigurationProcessor'
[DEBUG] 2017-06-04 15:06:45.156 [main] DefaultListableBeanFactory - Creating instance of bean 'org.springframework.context.annotation.ConfigurationClassPostProcessor.enhancedConfigurationProcessor'
[DEBUG] 2017-06-04 15:06:45.156 [main] DefaultListableBeanFactory - Eagerly caching bean 'org.springframework.context.annotation.ConfigurationClassPostProcessor.enhancedConfigurationProcessor' to allow for resolving potential circular references
[DEBUG] 2017-06-04 15:06:45.156 [main] DefaultListableBeanFactory - Finished creating instance of bean 'org.springframework.context.annotation.ConfigurationClassPostProcessor.enhancedConfigurationProcessor'
[DEBUG] 2017-06-04 15:06:45.156 [main] DefaultListableBeanFactory - Creating shared instance of singleton bean 'org.springframework.data.repository.core.support.RepositoryFactoryBeanSupport_Predictor'
[DEBUG] 2017-06-04 15:06:45.157 [main] DefaultListableBeanFactory - Creating instance of bean 'org.springframework.data.repository.core.support.RepositoryFactoryBeanSupport_Predictor'
[DEBUG] 2017-06-04 15:06:45.159 [main] DefaultListableBeanFactory - Eagerly caching bean 'org.springframework.data.repository.core.support.RepositoryFactoryBeanSupport_Predictor' to allow for resolving potential circular references
[DEBUG] 2017-06-04 15:06:45.159 [main] DefaultListableBeanFactory - Finished creating instance of bean 'org.springframework.data.repository.core.support.RepositoryFactoryBeanSupport_Predictor'
[DEBUG] 2017-06-04 15:06:45.160 [main] DefaultListableBeanFactory - Creating shared instance of singleton bean 'org.springframework.boot.context.properties.ConfigurationPropertiesBindingPostProcessor'
[DEBUG] 2017-06-04 15:06:45.160 [main] DefaultListableBeanFactory - Creating instance of bean 'org.springframework.boot.context.properties.ConfigurationPropertiesBindingPostProcessor'
[DEBUG] 2017-06-04 15:06:45.161 [main] StandardEnvironment - Adding [systemProperties] PropertySource with lowest search precedence
[DEBUG] 2017-06-04 15:06:45.161 [main] StandardEnvironment - Adding [systemEnvironment] PropertySource with lowest search precedence
[DEBUG] 2017-06-04 15:06:45.161 [main] StandardEnvironment - Initialized StandardEnvironment with PropertySources [systemProperties,systemEnvironment]
[DEBUG] 2017-06-04 15:06:45.161 [main] DefaultListableBeanFactory - Eagerly caching bean 'org.springframework.boot.context.properties.ConfigurationPropertiesBindingPostProcessor' to allow for resolving potential circular references
[DEBUG] 2017-06-04 15:06:45.161 [main] DefaultListableBeanFactory - Returning cached instance of singleton bean 'org.springframework.boot.context.properties.ConfigurationPropertiesBindingPostProcessor.store'
[DEBUG] 2017-06-04 15:06:45.169 [main] DefaultListableBeanFactory - Invoking afterPropertiesSet() on bean with name 'org.springframework.boot.context.properties.ConfigurationPropertiesBindingPostProcessor'
[DEBUG] 2017-06-04 15:06:45.170 [main] DefaultListableBeanFactory - Finished creating instance of bean 'org.springframework.boot.context.properties.ConfigurationPropertiesBindingPostProcessor'
[DEBUG] 2017-06-04 15:06:45.170 [main] DefaultListableBeanFactory - Returning cached instance of singleton bean 'org.springframework.boot.test.mock.mockito.MockitoPostProcessor'
[DEBUG] 2017-06-04 15:06:45.170 [main] DefaultListableBeanFactory - Creating shared instance of singleton bean 'halObjectMapperConfigurer'
[DEBUG] 2017-06-04 15:06:45.170 [main] DefaultListableBeanFactory - Creating instance of bean 'halObjectMapperConfigurer'
[DEBUG] 2017-06-04 15:06:45.171 [main] DefaultListableBeanFactory - Eagerly caching bean 'halObjectMapperConfigurer' to allow for resolving potential circular references
[DEBUG] 2017-06-04 15:06:45.174 [main] DefaultListableBeanFactory - Finished creating instance of bean 'halObjectMapperConfigurer'
[DEBUG] 2017-06-04 15:06:45.174 [main] DefaultListableBeanFactory - Creating shared instance of singleton bean 'org.springframework.hateoas.config.HypermediaSupportBeanDefinitionRegistrar$DefaultObjectMapperCustomizer#0'
[DEBUG] 2017-06-04 15:06:45.174 [main] DefaultListableBeanFactory - Creating instance of bean 'org.springframework.hateoas.config.HypermediaSupportBeanDefinitionRegistrar$DefaultObjectMapperCustomizer#0'
[DEBUG] 2017-06-04 15:06:45.174 [main] DefaultListableBeanFactory - Eagerly caching bean 'org.springframework.hateoas.config.HypermediaSupportBeanDefinitionRegistrar$DefaultObjectMapperCustomizer#0' to allow for resolving potential circular references
[DEBUG] 2017-06-04 15:06:45.176 [main] DefaultListableBeanFactory - Finished creating instance of bean 'org.springframework.hateoas.config.HypermediaSupportBeanDefinitionRegistrar$DefaultObjectMapperCustomizer#0'
[DEBUG] 2017-06-04 15:06:45.176 [main] DefaultListableBeanFactory - Creating shared instance of singleton bean 'org.springframework.hateoas.config.HypermediaSupportBeanDefinitionRegistrar$Jackson2ModuleRegisteringBeanPostProcessor#0'
[DEBUG] 2017-06-04 15:06:45.176 [main] DefaultListableBeanFactory - Creating instance of bean 'org.springframework.hateoas.config.HypermediaSupportBeanDefinitionRegistrar$Jackson2ModuleRegisteringBeanPostProcessor#0'
[DEBUG] 2017-06-04 15:06:45.177 [main] DefaultListableBeanFactory - Eagerly caching bean 'org.springframework.hateoas.config.HypermediaSupportBeanDefinitionRegistrar$Jackson2ModuleRegisteringBeanPostProcessor#0' to allow for resolving potential circular references
[DEBUG] 2017-06-04 15:06:45.179 [main] DefaultListableBeanFactory - Finished creating instance of bean 'org.springframework.hateoas.config.HypermediaSupportBeanDefinitionRegistrar$Jackson2ModuleRegisteringBeanPostProcessor#0'
[DEBUG] 2017-06-04 15:06:45.180 [main] DefaultListableBeanFactory - Returning cached instance of singleton bean 'org.springframework.boot.test.autoconfigure.properties.PropertyMappingContextCustomizer$PropertyMappingCheckBeanPostProcessor'
[DEBUG] 2017-06-04 15:06:45.180 [main] GenericWebApplicationContext - Unable to locate MessageSource with name 'messageSource': using default [org.springframework.context.support.DelegatingMessageSource@3fb9a67f]
[DEBUG] 2017-06-04 15:06:45.180 [main] GenericWebApplicationContext - Unable to locate ApplicationEventMulticaster with name 'applicationEventMulticaster': using default [org.springframework.context.event.SimpleApplicationEventMulticaster@127705e4]
[DEBUG] 2017-06-04 15:06:45.180 [main] UiApplicationContextUtils - Unable to locate ThemeSource with name 'themeSource': using default [org.springframework.ui.context.support.ResourceBundleThemeSource@5562c2c9]
[DEBUG] 2017-06-04 15:06:45.181 [main] DefaultListableBeanFactory - Pre-instantiating singletons in org.springframework.beans.factory.support.DefaultListableBeanFactory@5c441290: defining beans [org.springframework.context.annotation.internalConfigurationAnnotationProcessor,org.springframework.context.annotation.internalAutowiredAnnotationProcessor,org.springframework.context.annotation.internalRequiredAnnotationProcessor,org.springframework.context.annotation.internalCommonAnnotationProcessor,org.springframework.context.event.internalEventListenerProcessor,org.springframework.context.event.internalEventListenerFactory,org.springframework.boot.test.context.ImportsContextCustomizer$ImportsCleanupPostProcessor,org.springframework.boot.test.mock.mockito.MockitoPostProcessor$SpyPostProcessor,org.springframework.boot.test.mock.mockito.MockitoPostProcessor,ng2bootApplication,org.springframework.boot.autoconfigure.internalCachingMetadataReaderFactory,org.springframework.context.annotation.ConfigurationClassPostProcessor.importAwareProcessor,org.springframework.context.annotation.ConfigurationClassPostProcessor.enhancedConfigurationProcessor,movieRestController,org.springframework.boot.autoconfigure.AutoConfigurationPackages,org.springframework.data.mongodb.repository.config.MongoRepositoryConfigurationExtension#0,org.springframework.data.repository.core.support.RepositoryFactoryBeanSupport_Predictor,movieRepository,crudsRepository,org.springframework.boot.autoconfigure.condition.BeanTypeRegistry,org.springframework.boot.autoconfigure.web.WebMvcAutoConfiguration$EnableWebMvcConfiguration,requestMappingHandlerAdapter,requestMappingHandlerMapping,mvcPathMatcher,mvcUrlPathHelper,mvcContentNegotiationManager,viewControllerHandlerMapping,beanNameHandlerMapping,resourceHandlerMapping,mvcResourceUrlProvider,defaultServletHandlerMapping,mvcConversionService,mvcValidator,mvcUriComponentsContributor,httpRequestHandlerAdapter,simpleControllerHandlerAdapter,handlerExceptionResolver,mvcViewResolver,org.springframework.boot.autoconfigure.web.WebMvcAutoConfiguration$WebMvcAutoConfigurationAdapter$FaviconConfiguration,faviconHandlerMapping,faviconRequestHandler,org.springframework.boot.autoconfigure.web.WebMvcAutoConfiguration$WebMvcAutoConfigurationAdapter,defaultViewResolver,viewResolver,welcomePageHandlerMapping,requestContextFilter,spring.mvc-org.springframework.boot.autoconfigure.web.WebMvcProperties,spring.resources-org.springframework.boot.autoconfigure.web.ResourceProperties,org.springframework.boot.context.properties.ConfigurationPropertiesBindingPostProcessor,org.springframework.boot.context.properties.ConfigurationPropertiesBindingPostProcessor.store,org.springframework.boot.autoconfigure.web.WebMvcAutoConfiguration,hiddenHttpMethodFilter,httpPutFormContentFilter,org.springframework.boot.autoconfigure.gson.GsonAutoConfiguration,gson,org.springframework.boot.autoconfigure.jackson.JacksonAutoConfiguration$Jackson2ObjectMapperBuilderCustomizerConfiguration,standardJacksonObjectMapperBuilderCustomizer,spring.jackson-org.springframework.boot.autoconfigure.jackson.JacksonProperties,org.springframework.boot.autoconfigure.jackson.JacksonAutoConfiguration$JacksonObjectMapperBuilderConfiguration,jacksonObjectMapperBuilder,org.springframework.boot.autoconfigure.jackson.JacksonAutoConfiguration$JacksonObjectMapperConfiguration,jacksonObjectMapper,org.springframework.boot.autoconfigure.jackson.JacksonAutoConfiguration,jsonComponentModule,org.springframework.boot.autoconfigure.web.HttpMessageConvertersAutoConfiguration$StringHttpMessageConverterConfiguration,stringHttpMessageConverter,spring.http.encoding-org.springframework.boot.autoconfigure.web.HttpEncodingProperties,org.springframework.boot.autoconfigure.web.JacksonHttpMessageConvertersConfiguration$MappingJackson2HttpMessageConverterConfiguration,mappingJackson2HttpMessageConverter,org.springframework.boot.autoconfigure.web.JacksonHttpMessageConvertersConfiguration,org.springframework.boot.autoconfigure.web.GsonHttpMessageConvertersConfiguration,org.springframework.boot.autoconfigure.web.HttpMessageConvertersAutoConfiguration,messageConverters,org.springframework.boot.autoconfigure.hateoas.HypermediaAutoConfiguration$EntityLinksConfiguration,entityLinksPluginRegistry,controllerEntityLinks,delegatingEntityLinks,org.springframework.hateoas.config.HateoasConfiguration,linkRelationMessageSource,org.springframework.boot.autoconfigure.hateoas.HypermediaAutoConfiguration$HypermediaConfiguration,halObjectMapperConfigurer,org.springframework.hateoas.hal.HalLinkDiscoverer#0,_halObjectMapper,org.springframework.hateoas.config.HypermediaSupportBeanDefinitionRegistrar$DefaultObjectMapperCustomizer#0,org.springframework.hateoas.config.HypermediaSupportBeanDefinitionRegistrar$Jackson2ModuleRegisteringBeanPostProcessor#0,_linkDiscovererRegistry,org.springframework.hateoas.LinkDiscoverers#0,defaultRelProvider,annotationRelProvider,relProviderPluginRegistry,_relProvider,org.springframework.boot.autoconfigure.hateoas.HypermediaHttpMessageConverterConfiguration,halMessageConverterSupportedMediaTypeCustomizer,org.springframework.boot.autoconfigure.hateoas.HypermediaAutoConfiguration,spring.hateoas-org.springframework.boot.autoconfigure.hateoas.HateoasProperties,org.springframework.boot.test.autoconfigure.web.servlet.MockMvcAutoConfiguration,mockMvcBuilder,springBootMockMvcBuilderCustomizer,mockMvc,org.springframework.boot.autoconfigure.web.ServerPropertiesAutoConfiguration,serverProperties,duplicateServerPropertiesDetector,org.springframework.boot.test.autoconfigure.web.servlet.MockMvcSecurityAutoConfiguration,com.stackroute.ng2boot.service.MovieGetService#0]; root of factory hierarchy
[DEBUG] 2017-06-04 15:06:45.181 [main] DefaultListableBeanFactory - Returning cached instance of singleton bean 'org.springframework.context.annotation.internalConfigurationAnnotationProcessor'
[DEBUG] 2017-06-04 15:06:45.181 [main] DefaultListableBeanFactory - Returning cached instance of singleton bean 'org.springframework.context.annotation.internalAutowiredAnnotationProcessor'
[DEBUG] 2017-06-04 15:06:45.181 [main] DefaultListableBeanFactory - Returning cached instance of singleton bean 'org.springframework.context.annotation.internalRequiredAnnotationProcessor'
[DEBUG] 2017-06-04 15:06:45.181 [main] DefaultListableBeanFactory - Returning cached instance of singleton bean 'org.springframework.context.annotation.internalCommonAnnotationProcessor'
[DEBUG] 2017-06-04 15:06:45.182 [main] DefaultListableBeanFactory - Creating shared instance of singleton bean 'org.springframework.context.event.internalEventListenerProcessor'
[DEBUG] 2017-06-04 15:06:45.182 [main] DefaultListableBeanFactory - Creating instance of bean 'org.springframework.context.event.internalEventListenerProcessor'
[DEBUG] 2017-06-04 15:06:45.182 [main] DefaultListableBeanFactory - Eagerly caching bean 'org.springframework.context.event.internalEventListenerProcessor' to allow for resolving potential circular references
[DEBUG] 2017-06-04 15:06:45.186 [main] DefaultListableBeanFactory - Finished creating instance of bean 'org.springframework.context.event.internalEventListenerProcessor'
[DEBUG] 2017-06-04 15:06:45.186 [main] DefaultListableBeanFactory - Creating shared instance of singleton bean 'org.springframework.context.event.internalEventListenerFactory'
[DEBUG] 2017-06-04 15:06:45.186 [main] DefaultListableBeanFactory - Creating instance of bean 'org.springframework.context.event.internalEventListenerFactory'
[DEBUG] 2017-06-04 15:06:45.187 [main] DefaultListableBeanFactory - Eagerly caching bean 'org.springframework.context.event.internalEventListenerFactory' to allow for resolving potential circular references
[DEBUG] 2017-06-04 15:06:45.195 [main] DefaultListableBeanFactory - Finished creating instance of bean 'org.springframework.context.event.internalEventListenerFactory'
[DEBUG] 2017-06-04 15:06:45.196 [main] DefaultListableBeanFactory - Returning cached instance of singleton bean 'org.springframework.boot.test.context.ImportsContextCustomizer$ImportsCleanupPostProcessor'
[DEBUG] 2017-06-04 15:06:45.196 [main] DefaultListableBeanFactory - Returning cached instance of singleton bean 'org.springframework.boot.test.mock.mockito.MockitoPostProcessor$SpyPostProcessor'
[DEBUG] 2017-06-04 15:06:45.196 [main] DefaultListableBeanFactory - Returning cached instance of singleton bean 'org.springframework.boot.test.mock.mockito.MockitoPostProcessor'
[DEBUG] 2017-06-04 15:06:45.197 [main] DefaultListableBeanFactory - Creating shared instance of singleton bean 'ng2bootApplication'
[DEBUG] 2017-06-04 15:06:45.197 [main] DefaultListableBeanFactory - Creating instance of bean 'ng2bootApplication'
[DEBUG] 2017-06-04 15:06:45.197 [main] DefaultListableBeanFactory - Eagerly caching bean 'ng2bootApplication' to allow for resolving potential circular references
[DEBUG] 2017-06-04 15:06:45.200 [main] DefaultListableBeanFactory - Finished creating instance of bean 'ng2bootApplication'
[DEBUG] 2017-06-04 15:06:45.201 [main] DefaultListableBeanFactory - Returning cached instance of singleton bean 'org.springframework.boot.autoconfigure.internalCachingMetadataReaderFactory'
[DEBUG] 2017-06-04 15:06:45.201 [main] DefaultListableBeanFactory - Returning cached instance of singleton bean 'org.springframework.context.annotation.ConfigurationClassPostProcessor.importAwareProcessor'
[DEBUG] 2017-06-04 15:06:45.201 [main] DefaultListableBeanFactory - Returning cached instance of singleton bean 'org.springframework.context.annotation.ConfigurationClassPostProcessor.enhancedConfigurationProcessor'
[DEBUG] 2017-06-04 15:06:45.201 [main] DefaultListableBeanFactory - Creating shared instance of singleton bean 'movieRestController'
[DEBUG] 2017-06-04 15:06:45.201 [main] DefaultListableBeanFactory - Creating instance of bean 'movieRestController'
[DEBUG] 2017-06-04 15:06:45.202 [main] InjectionMetadata - Registered injected element on class [com.stackroute.ng2boot.controllers.MovieRestController]: AutowiredFieldElement for private com.stackroute.ng2boot.service.MovieGetService com.stackroute.ng2boot.controllers.MovieRestController.moviegetservice
[DEBUG] 2017-06-04 15:06:45.202 [main] InjectionMetadata - Registered injected element on class [com.stackroute.ng2boot.controllers.MovieRestController]: AutowiredFieldElement for private com.stackroute.ng2boot.links.MovieLinks com.stackroute.ng2boot.controllers.MovieRestController.movielinks
[DEBUG] 2017-06-04 15:06:45.202 [main] DefaultListableBeanFactory - Eagerly caching bean 'movieRestController' to allow for resolving potential circular references
[DEBUG] 2017-06-04 15:06:45.204 [main] InjectionMetadata - Processing injected element of bean 'movieRestController': AutowiredFieldElement for private com.stackroute.ng2boot.service.MovieGetService com.stackroute.ng2boot.controllers.MovieRestController.moviegetservice
[DEBUG] 2017-06-04 15:06:45.205 [main] DefaultListableBeanFactory - Returning cached instance of singleton bean 'com.stackroute.ng2boot.service.MovieGetService#0'
[DEBUG] 2017-06-04 15:06:45.205 [main] AutowiredAnnotationBeanPostProcessor - Autowiring by type from bean name 'movieRestController' to bean named 'com.stackroute.ng2boot.service.MovieGetService#0'
[DEBUG] 2017-06-04 15:06:45.205 [main] InjectionMetadata - Processing injected element of bean 'movieRestController': AutowiredFieldElement for private com.stackroute.ng2boot.links.MovieLinks com.stackroute.ng2boot.controllers.MovieRestController.movielinks
[WARN ] 2017-06-04 15:06:45.206 [main] GenericWebApplicationContext - Exception encountered during context initialization - cancelling refresh attempt: org.springframework.beans.factory.UnsatisfiedDependencyException: Error creating bean with name 'movieRestController': Unsatisfied dependency expressed through field 'movielinks'; nested exception is org.springframework.beans.factory.NoSuchBeanDefinitionException: No qualifying bean of type 'com.stackroute.ng2boot.links.MovieLinks' available: expected at least 1 bean which qualifies as autowire candidate. Dependency annotations: {@org.springframework.beans.factory.annotation.Autowired(required=true)}
[DEBUG] 2017-06-04 15:06:45.207 [main] DefaultListableBeanFactory - Destroying singletons in org.springframework.beans.factory.support.DefaultListableBeanFactory@5c441290: defining beans [org.springframework.context.annotation.internalConfigurationAnnotationProcessor,org.springframework.context.annotation.internalAutowiredAnnotationProcessor,org.springframework.context.annotation.internalRequiredAnnotationProcessor,org.springframework.context.annotation.internalCommonAnnotationProcessor,org.springframework.context.event.internalEventListenerProcessor,org.springframework.context.event.internalEventListenerFactory,org.springframework.boot.test.context.ImportsContextCustomizer$ImportsCleanupPostProcessor,org.springframework.boot.test.mock.mockito.MockitoPostProcessor$SpyPostProcessor,org.springframework.boot.test.mock.mockito.MockitoPostProcessor,ng2bootApplication,org.springframework.boot.autoconfigure.internalCachingMetadataReaderFactory,org.springframework.context.annotation.ConfigurationClassPostProcessor.importAwareProcessor,org.springframework.context.annotation.ConfigurationClassPostProcessor.enhancedConfigurationProcessor,movieRestController,org.springframework.boot.autoconfigure.AutoConfigurationPackages,org.springframework.data.mongodb.repository.config.MongoRepositoryConfigurationExtension#0,org.springframework.data.repository.core.support.RepositoryFactoryBeanSupport_Predictor,movieRepository,crudsRepository,org.springframework.boot.autoconfigure.condition.BeanTypeRegistry,org.springframework.boot.autoconfigure.web.WebMvcAutoConfiguration$EnableWebMvcConfiguration,requestMappingHandlerAdapter,requestMappingHandlerMapping,mvcPathMatcher,mvcUrlPathHelper,mvcContentNegotiationManager,viewControllerHandlerMapping,beanNameHandlerMapping,resourceHandlerMapping,mvcResourceUrlProvider,defaultServletHandlerMapping,mvcConversionService,mvcValidator,mvcUriComponentsContributor,httpRequestHandlerAdapter,simpleControllerHandlerAdapter,handlerExceptionResolver,mvcViewResolver,org.springframework.boot.autoconfigure.web.WebMvcAutoConfiguration$WebMvcAutoConfigurationAdapter$FaviconConfiguration,faviconHandlerMapping,faviconRequestHandler,org.springframework.boot.autoconfigure.web.WebMvcAutoConfiguration$WebMvcAutoConfigurationAdapter,defaultViewResolver,viewResolver,welcomePageHandlerMapping,requestContextFilter,spring.mvc-org.springframework.boot.autoconfigure.web.WebMvcProperties,spring.resources-org.springframework.boot.autoconfigure.web.ResourceProperties,org.springframework.boot.context.properties.ConfigurationPropertiesBindingPostProcessor,org.springframework.boot.context.properties.ConfigurationPropertiesBindingPostProcessor.store,org.springframework.boot.autoconfigure.web.WebMvcAutoConfiguration,hiddenHttpMethodFilter,httpPutFormContentFilter,org.springframework.boot.autoconfigure.gson.GsonAutoConfiguration,gson,org.springframework.boot.autoconfigure.jackson.JacksonAutoConfiguration$Jackson2ObjectMapperBuilderCustomizerConfiguration,standardJacksonObjectMapperBuilderCustomizer,spring.jackson-org.springframework.boot.autoconfigure.jackson.JacksonProperties,org.springframework.boot.autoconfigure.jackson.JacksonAutoConfiguration$JacksonObjectMapperBuilderConfiguration,jacksonObjectMapperBuilder,org.springframework.boot.autoconfigure.jackson.JacksonAutoConfiguration$JacksonObjectMapperConfiguration,jacksonObjectMapper,org.springframework.boot.autoconfigure.jackson.JacksonAutoConfiguration,jsonComponentModule,org.springframework.boot.autoconfigure.web.HttpMessageConvertersAutoConfiguration$StringHttpMessageConverterConfiguration,stringHttpMessageConverter,spring.http.encoding-org.springframework.boot.autoconfigure.web.HttpEncodingProperties,org.springframework.boot.autoconfigure.web.JacksonHttpMessageConvertersConfiguration$MappingJackson2HttpMessageConverterConfiguration,mappingJackson2HttpMessageConverter,org.springframework.boot.autoconfigure.web.JacksonHttpMessageConvertersConfiguration,org.springframework.boot.autoconfigure.web.GsonHttpMessageConvertersConfiguration,org.springframework.boot.autoconfigure.web.HttpMessageConvertersAutoConfiguration,messageConverters,org.springframework.boot.autoconfigure.hateoas.HypermediaAutoConfiguration$EntityLinksConfiguration,entityLinksPluginRegistry,controllerEntityLinks,delegatingEntityLinks,org.springframework.hateoas.config.HateoasConfiguration,linkRelationMessageSource,org.springframework.boot.autoconfigure.hateoas.HypermediaAutoConfiguration$HypermediaConfiguration,halObjectMapperConfigurer,org.springframework.hateoas.hal.HalLinkDiscoverer#0,_halObjectMapper,org.springframework.hateoas.config.HypermediaSupportBeanDefinitionRegistrar$DefaultObjectMapperCustomizer#0,org.springframework.hateoas.config.HypermediaSupportBeanDefinitionRegistrar$Jackson2ModuleRegisteringBeanPostProcessor#0,_linkDiscovererRegistry,org.springframework.hateoas.LinkDiscoverers#0,defaultRelProvider,annotationRelProvider,relProviderPluginRegistry,_relProvider,org.springframework.boot.autoconfigure.hateoas.HypermediaHttpMessageConverterConfiguration,halMessageConverterSupportedMediaTypeCustomizer,org.springframework.boot.autoconfigure.hateoas.HypermediaAutoConfiguration,spring.hateoas-org.springframework.boot.autoconfigure.hateoas.HateoasProperties,org.springframework.boot.test.autoconfigure.web.servlet.MockMvcAutoConfiguration,mockMvcBuilder,springBootMockMvcBuilderCustomizer,mockMvc,org.springframework.boot.autoconfigure.web.ServerPropertiesAutoConfiguration,serverProperties,duplicateServerPropertiesDetector,org.springframework.boot.test.autoconfigure.web.servlet.MockMvcSecurityAutoConfiguration,com.stackroute.ng2boot.service.MovieGetService#0]; root of factory hierarchy
[DEBUG] 2017-06-04 15:06:45.207 [main] DisposableBeanAdapter - Invoking destroy() on bean with name 'org.springframework.boot.context.properties.ConfigurationPropertiesBindingPostProcessor'
[DEBUG] 2017-06-04 15:06:45.207 [main] DefaultListableBeanFactory - Retrieved dependent beans for bean 'org.springframework.boot.autoconfigure.internalCachingMetadataReaderFactory': [org.springframework.context.annotation.internalConfigurationAnnotationProcessor]
[DEBUG] 2017-06-04 15:06:45.209 [main] ClasspathLoggingApplicationListener - Application failed to start with classpath: [file:/home/user/Downloads/part1_movieapp-starter/spring-rest/target/surefire/surefirebooter8256104674369339533.jar]
[DEBUG] 2017-06-04 15:06:45.213 [main] AutoConfigurationReportLoggingInitializer - 


=========================
AUTO-CONFIGURATION REPORT
=========================


Positive matches:
-----------------

   GsonAutoConfiguration matched:
      - @ConditionalOnClass found required class 'com.google.gson.Gson' (OnClassCondition)

   GsonAutoConfiguration#gson matched:
      - @ConditionalOnMissingBean (types: com.google.gson.Gson; SearchStrategy: all) did not find any beans (OnBeanCondition)

   GsonHttpMessageConvertersConfiguration matched:
      - @ConditionalOnClass found required class 'com.google.gson.Gson' (OnClassCondition)

   HttpMessageConvertersAutoConfiguration matched:
      - @ConditionalOnClass found required class 'org.springframework.http.converter.HttpMessageConverter' (OnClassCondition)

   HttpMessageConvertersAutoConfiguration#messageConverters matched:
      - @ConditionalOnMissingBean (types: org.springframework.boot.autoconfigure.web.HttpMessageConverters; SearchStrategy: all) did not find any beans (OnBeanCondition)

   HttpMessageConvertersAutoConfiguration.StringHttpMessageConverterConfiguration matched:
      - @ConditionalOnClass found required class 'org.springframework.http.converter.StringHttpMessageConverter' (OnClassCondition)

   HttpMessageConvertersAutoConfiguration.StringHttpMessageConverterConfiguration#stringHttpMessageConverter matched:
      - @ConditionalOnMissingBean (types: org.springframework.http.converter.StringHttpMessageConverter; SearchStrategy: all) did not find any beans (OnBeanCondition)

   HypermediaAutoConfiguration matched:
      - @ConditionalOnClass found required classes 'org.springframework.hateoas.Resource', 'org.springframework.web.bind.annotation.RequestMapping', 'org.springframework.plugin.core.Plugin' (OnClassCondition)
      - @ConditionalOnWebApplication (required) found 'session' scope (OnWebApplicationCondition)

   HypermediaAutoConfiguration.EntityLinksConfiguration matched:
      - @ConditionalOnMissingBean (types: org.springframework.hateoas.EntityLinks; SearchStrategy: all) did not find any beans (OnBeanCondition)

   HypermediaAutoConfiguration.HypermediaConfiguration matched:
      - @ConditionalOnMissingBean (types: org.springframework.hateoas.LinkDiscoverers; SearchStrategy: all) did not find any beans (OnBeanCondition)

   HypermediaHttpMessageConverterConfiguration#halMessageConverterSupportedMediaTypeCustomizer matched:
      - @ConditionalOnProperty (spring.hateoas.use-hal-as-default-json-media-type) matched (OnPropertyCondition)

   JacksonAutoConfiguration matched:
      - @ConditionalOnClass found required class 'com.fasterxml.jackson.databind.ObjectMapper' (OnClassCondition)

   JacksonAutoConfiguration.Jackson2ObjectMapperBuilderCustomizerConfiguration matched:
      - @ConditionalOnClass found required classes 'com.fasterxml.jackson.databind.ObjectMapper', 'org.springframework.http.converter.json.Jackson2ObjectMapperBuilder' (OnClassCondition)

   JacksonAutoConfiguration.JacksonObjectMapperBuilderConfiguration matched:
      - @ConditionalOnClass found required classes 'com.fasterxml.jackson.databind.ObjectMapper', 'org.springframework.http.converter.json.Jackson2ObjectMapperBuilder' (OnClassCondition)

   JacksonAutoConfiguration.JacksonObjectMapperBuilderConfiguration#jacksonObjectMapperBuilder matched:
      - @ConditionalOnMissingBean (types: org.springframework.http.converter.json.Jackson2ObjectMapperBuilder; SearchStrategy: all) did not find any beans (OnBeanCondition)

   JacksonAutoConfiguration.JacksonObjectMapperConfiguration matched:
      - @ConditionalOnClass found required classes 'com.fasterxml.jackson.databind.ObjectMapper', 'org.springframework.http.converter.json.Jackson2ObjectMapperBuilder' (OnClassCondition)

   JacksonAutoConfiguration.JacksonObjectMapperConfiguration#jacksonObjectMapper matched:
      - @ConditionalOnMissingBean (types: com.fasterxml.jackson.databind.ObjectMapper; SearchStrategy: all) did not find any beans (OnBeanCondition)

   JacksonHttpMessageConvertersConfiguration.MappingJackson2HttpMessageConverterConfiguration matched:
      - @ConditionalOnClass found required class 'com.fasterxml.jackson.databind.ObjectMapper' (OnClassCondition)
      - @ConditionalOnProperty (spring.http.converters.preferred-json-mapper=jackson) matched (OnPropertyCondition)
      - @ConditionalOnBean (types: com.fasterxml.jackson.databind.ObjectMapper; SearchStrategy: all) found bean 'jacksonObjectMapper' (OnBeanCondition)

   JacksonHttpMessageConvertersConfiguration.MappingJackson2HttpMessageConverterConfiguration#mappingJackson2HttpMessageConverter matched:
      - @ConditionalOnMissingBean (types: org.springframework.http.converter.json.MappingJackson2HttpMessageConverter; SearchStrategy: all) did not find any beans (OnBeanCondition)

   MockMvcAutoConfiguration matched:
      - @ConditionalOnWebApplication (required) found 'session' scope (OnWebApplicationCondition)

   MockMvcAutoConfiguration#mockMvc matched:
      - @ConditionalOnMissingBean (types: org.springframework.test.web.servlet.MockMvc; SearchStrategy: all) did not find any beans (OnBeanCondition)

   MockMvcAutoConfiguration#mockMvcBuilder matched:
      - @ConditionalOnMissingBean (types: org.springframework.test.web.servlet.MockMvcBuilder; SearchStrategy: all) did not find any beans (OnBeanCondition)

   MockMvcSecurityAutoConfiguration matched:
      - @ConditionalOnProperty (spring.test.mockmvc.secure=true) matched (OnPropertyCondition)

   NoOpCacheConfiguration matched:
      - Cache org.springframework.boot.autoconfigure.cache.NoOpCacheConfiguration NONE cache type (CacheCondition)

   ServerPropertiesAutoConfiguration matched:
      - @ConditionalOnWebApplication (required) found 'session' scope (OnWebApplicationCondition)

   ServerPropertiesAutoConfiguration#serverProperties matched:
      - @ConditionalOnMissingBean (types: org.springframework.boot.autoconfigure.web.ServerProperties; SearchStrategy: current) did not find any beans (OnBeanCondition)

   WebMvcAutoConfiguration matched:
      - @ConditionalOnClass found required classes 'javax.servlet.Servlet', 'org.springframework.web.servlet.DispatcherServlet', 'org.springframework.web.servlet.config.annotation.WebMvcConfigurerAdapter' (OnClassCondition)
      - @ConditionalOnWebApplication (required) found 'session' scope (OnWebApplicationCondition)
      - @ConditionalOnMissingBean (types: org.springframework.web.servlet.config.annotation.WebMvcConfigurationSupport; SearchStrategy: all) did not find any beans (OnBeanCondition)

   WebMvcAutoConfiguration#hiddenHttpMethodFilter matched:
      - @ConditionalOnMissingBean (types: org.springframework.web.filter.HiddenHttpMethodFilter; SearchStrategy: all) did not find any beans (OnBeanCondition)

   WebMvcAutoConfiguration#httpPutFormContentFilter matched:
      - @ConditionalOnProperty (spring.mvc.formcontent.putfilter.enabled) matched (OnPropertyCondition)
      - @ConditionalOnMissingBean (types: org.springframework.web.filter.HttpPutFormContentFilter; SearchStrategy: all) did not find any beans (OnBeanCondition)

   WebMvcAutoConfiguration.WebMvcAutoConfigurationAdapter#defaultViewResolver matched:
      - @ConditionalOnMissingBean (types: org.springframework.web.servlet.view.InternalResourceViewResolver; SearchStrategy: all) did not find any beans (OnBeanCondition)

   WebMvcAutoConfiguration.WebMvcAutoConfigurationAdapter#requestContextFilter matched:
      - @ConditionalOnMissingBean (types: org.springframework.web.context.request.RequestContextListener,org.springframework.web.filter.RequestContextFilter; SearchStrategy: all) did not find any beans (OnBeanCondition)

   WebMvcAutoConfiguration.WebMvcAutoConfigurationAdapter#viewResolver matched:
      - @ConditionalOnBean (types: org.springframework.web.servlet.ViewResolver; SearchStrategy: all) found beans 'defaultViewResolver', 'mvcViewResolver'; @ConditionalOnMissingBean (names: viewResolver; types: org.springframework.web.servlet.view.ContentNegotiatingViewResolver; SearchStrategy: all) did not find any beans (OnBeanCondition)

   WebMvcAutoConfiguration.WebMvcAutoConfigurationAdapter.FaviconConfiguration matched:
      - @ConditionalOnProperty (spring.mvc.favicon.enabled) matched (OnPropertyCondition)


Negative matches:
-----------------

   CacheAutoConfiguration:
      Did not match:
         - @ConditionalOnBean (types: org.springframework.cache.interceptor.CacheAspectSupport; SearchStrategy: all) did not find any beans (OnBeanCondition)
      Matched:
         - @ConditionalOnClass found required class 'org.springframework.cache.CacheManager' (OnClassCondition)

   CacheAutoConfiguration.CacheManagerJpaDependencyConfiguration:
      Did not match:
         - @ConditionalOnClass did not find required class 'org.springframework.orm.jpa.LocalContainerEntityManagerFactoryBean' (OnClassCondition)
         - Ancestor org.springframework.boot.autoconfigure.cache.CacheAutoConfiguration did not match (ConditionEvaluationReport.AncestorsMatchedCondition)

   CaffeineCacheConfiguration:
      Did not match:
         - @ConditionalOnClass did not find required classes 'com.github.benmanes.caffeine.cache.Caffeine', 'org.springframework.cache.caffeine.CaffeineCacheManager' (OnClassCondition)

   CouchbaseCacheConfiguration:
      Did not match:
         - @ConditionalOnClass did not find required classes 'com.couchbase.client.java.Bucket', 'com.couchbase.client.spring.cache.CouchbaseCacheManager' (OnClassCondition)

   EhCacheCacheConfiguration:
      Did not match:
         - @ConditionalOnClass did not find required classes 'net.sf.ehcache.Cache', 'org.springframework.cache.ehcache.EhCacheCacheManager' (OnClassCondition)

   FreeMarkerAutoConfiguration:
      Did not match:
         - @ConditionalOnClass did not find required classes 'freemarker.template.Configuration', 'org.springframework.ui.freemarker.FreeMarkerConfigurationFactory' (OnClassCondition)

   GenericCacheConfiguration:
      Did not match:
         - Cache org.springframework.boot.autoconfigure.cache.GenericCacheConfiguration NONE cache type (CacheCondition)

   GroovyTemplateAutoConfiguration:
      Did not match:
         - @ConditionalOnClass did not find required class 'groovy.text.markup.MarkupTemplateEngine' (OnClassCondition)

   GsonHttpMessageConvertersConfiguration.GsonHttpMessageConverterConfiguration:
      Did not match:
         - AnyNestedCondition 0 matched 2 did not; NestedCondition on GsonHttpMessageConvertersConfiguration.PreferGsonOrMissingJacksonCondition.JacksonMissing @ConditionalOnMissingBean (types: org.springframework.http.converter.json.MappingJackson2HttpMessageConverter; SearchStrategy: all) found bean 'mappingJackson2HttpMessageConverter'; NestedCondition on GsonHttpMessageConvertersConfiguration.PreferGsonOrMissingJacksonCondition.GsonPreferred @ConditionalOnProperty (spring.http.converters.preferred-json-mapper=gson) did not find property 'spring.http.converters.preferred-json-mapper' (GsonHttpMessageConvertersConfiguration.PreferGsonOrMissingJacksonCondition)

   GuavaCacheConfiguration:
      Did not match:
         - @ConditionalOnClass did not find required class 'org.springframework.cache.guava.GuavaCacheManager' (OnClassCondition)

   HazelcastCacheConfiguration:
      Did not match:
         - @ConditionalOnClass did not find required classes 'com.hazelcast.core.HazelcastInstance', 'com.hazelcast.spring.cache.HazelcastCacheManager' (OnClassCondition)

   InfinispanCacheConfiguration:
      Did not match:
         - @ConditionalOnClass did not find required class 'org.infinispan.spring.provider.SpringEmbeddedCacheManager' (OnClassCondition)

   JCacheCacheConfiguration:
      Did not match:
         - @ConditionalOnClass did not find required classes 'javax.cache.Caching', 'org.springframework.cache.jcache.JCacheCacheManager' (OnClassCondition)

   JacksonAutoConfiguration.JodaDateTimeJacksonConfiguration:
      Did not match:
         - @ConditionalOnClass did not find required classes 'org.joda.time.DateTime', 'com.fasterxml.jackson.datatype.joda.ser.DateTimeSerializer', 'com.fasterxml.jackson.datatype.joda.cfg.JacksonJodaDateFormat' (OnClassCondition)

   JacksonAutoConfiguration.ParameterNamesModuleConfiguration:
      Did not match:
         - @ConditionalOnClass did not find required class 'com.fasterxml.jackson.module.paramnames.ParameterNamesModule' (OnClassCondition)

   JacksonHttpMessageConvertersConfiguration.MappingJackson2XmlHttpMessageConverterConfiguration:
      Did not match:
         - @ConditionalOnClass did not find required class 'com.fasterxml.jackson.dataformat.xml.XmlMapper' (OnClassCondition)

   MessageSourceAutoConfiguration:
      Did not match:
         - ResourceBundle did not find bundle with basename messages (MessageSourceAutoConfiguration.ResourceBundleCondition)

   MockMvcSecurityConfiguration:
      Did not match:
         - @ConditionalOnClass did not find required class 'org.springframework.security.test.web.servlet.request.SecurityMockMvcRequestPostProcessors' (OnClassCondition)

   MockMvcWebClientAutoConfiguration:
      Did not match:
         - @ConditionalOnClass did not find required class 'com.gargoylesoftware.htmlunit.WebClient' (OnClassCondition)

   MockMvcWebDriverAutoConfiguration:
      Did not match:
         - @ConditionalOnClass did not find required class 'org.openqa.selenium.htmlunit.HtmlUnitDriver' (OnClassCondition)

   MustacheAutoConfiguration:
      Did not match:
         - @ConditionalOnClass did not find required class 'com.samskivert.mustache.Mustache' (OnClassCondition)

   RedisCacheConfiguration:
      Did not match:
         - Cache org.springframework.boot.autoconfigure.cache.RedisCacheConfiguration NONE cache type (CacheCondition)

   SecurityAutoConfiguration:
      Did not match:
         - @ConditionalOnClass did not find required classes 'org.springframework.security.authentication.AuthenticationManager', 'org.springframework.security.config.annotation.authentication.configurers.GlobalAuthenticationConfigurerAdapter' (OnClassCondition)

   SimpleCacheConfiguration:
      Did not match:
         - Cache org.springframework.boot.autoconfigure.cache.SimpleCacheConfiguration NONE cache type (CacheCondition)

   ThymeleafAutoConfiguration:
      Did not match:
         - @ConditionalOnClass did not find required class 'org.thymeleaf.spring4.SpringTemplateEngine' (OnClassCondition)

   WebMvcAutoConfiguration.ResourceChainCustomizerConfiguration:
      Did not match:
         - @ConditionalOnEnabledResourceChain did not find class org.webjars.WebJarAssetLocator (OnEnabledResourceChainCondition)

   WebMvcAutoConfiguration.WebMvcAutoConfigurationAdapter#beanNameViewResolver:
      Did not match:
         - @ConditionalOnBean (types: org.springframework.web.servlet.View; SearchStrategy: all) did not find any beans (OnBeanCondition)

   WebMvcAutoConfiguration.WebMvcAutoConfigurationAdapter#dateFormatter:
      Did not match:
         - @ConditionalOnProperty (spring.mvc.date-format) did not find property 'date-format' (OnPropertyCondition)

   WebMvcAutoConfiguration.WebMvcAutoConfigurationAdapter#localeResolver:
      Did not match:
         - @ConditionalOnProperty (spring.mvc.locale) did not find property 'locale' (OnPropertyCondition)


Exclusions:
-----------

    None


Unconditional classes:
----------------------

    None



[DEBUG] 2017-06-04 15:06:45.249 [main] LoggingFailureAnalysisReporter - Application failed to start due to an exception
org.springframework.beans.factory.NoSuchBeanDefinitionException: No qualifying bean of type 'com.stackroute.ng2boot.links.MovieLinks' available: expected at least 1 bean which qualifies as autowire candidate. Dependency annotations: {@org.springframework.beans.factory.annotation.Autowired(required=true)}
	at org.springframework.beans.factory.support.DefaultListableBeanFactory.raiseNoMatchingBeanFound(DefaultListableBeanFactory.java:1466) ~[spring-beans-4.3.4.RELEASE.jar:4.3.4.RELEASE]
	at org.springframework.beans.factory.support.DefaultListableBeanFactory.doResolveDependency(DefaultListableBeanFactory.java:1097) ~[spring-beans-4.3.4.RELEASE.jar:4.3.4.RELEASE]
	at org.springframework.beans.factory.support.DefaultListableBeanFactory.resolveDependency(DefaultListableBeanFactory.java:1059) ~[spring-beans-4.3.4.RELEASE.jar:4.3.4.RELEASE]
	at org.springframework.beans.factory.annotation.AutowiredAnnotationBeanPostProcessor$AutowiredFieldElement.inject(AutowiredAnnotationBeanPostProcessor.java:589) ~[spring-beans-4.3.4.RELEASE.jar:4.3.4.RELEASE]
	at org.springframework.beans.factory.annotation.InjectionMetadata.inject(InjectionMetadata.java:88) ~[spring-beans-4.3.4.RELEASE.jar:4.3.4.RELEASE]
	at org.springframework.beans.factory.annotation.AutowiredAnnotationBeanPostProcessor.postProcessPropertyValues(AutowiredAnnotationBeanPostProcessor.java:370) ~[spring-beans-4.3.4.RELEASE.jar:4.3.4.RELEASE]
	at org.springframework.beans.factory.support.AbstractAutowireCapableBeanFactory.populateBean(AbstractAutowireCapableBeanFactory.java:1219) ~[spring-beans-4.3.4.RELEASE.jar:4.3.4.RELEASE]
	at org.springframework.beans.factory.support.AbstractAutowireCapableBeanFactory.doCreateBean(AbstractAutowireCapableBeanFactory.java:551) ~[spring-beans-4.3.4.RELEASE.jar:4.3.4.RELEASE]
	at org.springframework.beans.factory.support.AbstractAutowireCapableBeanFactory.createBean(AbstractAutowireCapableBeanFactory.java:482) ~[spring-beans-4.3.4.RELEASE.jar:4.3.4.RELEASE]
	at org.springframework.beans.factory.support.AbstractBeanFactory$1.getObject(AbstractBeanFactory.java:306) ~[spring-beans-4.3.4.RELEASE.jar:4.3.4.RELEASE]
	at org.springframework.beans.factory.support.DefaultSingletonBeanRegistry.getSingleton(DefaultSingletonBeanRegistry.java:230) ~[spring-beans-4.3.4.RELEASE.jar:4.3.4.RELEASE]
	at org.springframework.beans.factory.support.AbstractBeanFactory.doGetBean(AbstractBeanFactory.java:302) ~[spring-beans-4.3.4.RELEASE.jar:4.3.4.RELEASE]
	at org.springframework.beans.factory.support.AbstractBeanFactory.getBean(AbstractBeanFactory.java:197) ~[spring-beans-4.3.4.RELEASE.jar:4.3.4.RELEASE]
	at org.springframework.beans.factory.support.DefaultListableBeanFactory.preInstantiateSingletons(DefaultListableBeanFactory.java:754) ~[spring-beans-4.3.4.RELEASE.jar:4.3.4.RELEASE]
	at org.springframework.context.support.AbstractApplicationContext.finishBeanFactoryInitialization(AbstractApplicationContext.java:866) ~[spring-context-4.3.4.RELEASE.jar:4.3.4.RELEASE]
	at org.springframework.context.support.AbstractApplicationContext.refresh(AbstractApplicationContext.java:542) ~[spring-context-4.3.4.RELEASE.jar:4.3.4.RELEASE]
	at org.springframework.boot.SpringApplication.refresh(SpringApplication.java:761) [spring-boot-1.4.2.RELEASE.jar:1.4.2.RELEASE]
	at org.springframework.boot.SpringApplication.refreshContext(SpringApplication.java:371) [spring-boot-1.4.2.RELEASE.jar:1.4.2.RELEASE]
	at org.springframework.boot.SpringApplication.run(SpringApplication.java:315) [spring-boot-1.4.2.RELEASE.jar:1.4.2.RELEASE]
	at org.springframework.boot.test.context.SpringBootContextLoader.loadContext(SpringBootContextLoader.java:111) [spring-boot-test-1.4.2.RELEASE.jar:1.4.2.RELEASE]
	at org.springframework.test.context.cache.DefaultCacheAwareContextLoaderDelegate.loadContextInternal(DefaultCacheAwareContextLoaderDelegate.java:98) [spring-test-4.3.4.RELEASE.jar:4.3.4.RELEASE]
	at org.springframework.test.context.cache.DefaultCacheAwareContextLoaderDelegate.loadContext(DefaultCacheAwareContextLoaderDelegate.java:116) [spring-test-4.3.4.RELEASE.jar:4.3.4.RELEASE]
	at org.springframework.test.context.support.DefaultTestContext.getApplicationContext(DefaultTestContext.java:83) [spring-test-4.3.4.RELEASE.jar:4.3.4.RELEASE]
	at org.springframework.test.context.support.DependencyInjectionTestExecutionListener.injectDependencies(DependencyInjectionTestExecutionListener.java:117) [spring-test-4.3.4.RELEASE.jar:4.3.4.RELEASE]
	at org.springframework.test.context.support.DependencyInjectionTestExecutionListener.prepareTestInstance(DependencyInjectionTestExecutionListener.java:83) [spring-test-4.3.4.RELEASE.jar:4.3.4.RELEASE]
	at org.springframework.boot.test.autoconfigure.SpringBootDependencyInjectionTestExecutionListener.prepareTestInstance(SpringBootDependencyInjectionTestExecutionListener.java:44) [spring-boot-test-autoconfigure-1.4.2.RELEASE.jar:1.4.2.RELEASE]
	at org.springframework.test.context.TestContextManager.prepareTestInstance(TestContextManager.java:230) [spring-test-4.3.4.RELEASE.jar:4.3.4.RELEASE]
	at org.springframework.test.context.junit4.SpringJUnit4ClassRunner.createTest(SpringJUnit4ClassRunner.java:228) [spring-test-4.3.4.RELEASE.jar:4.3.4.RELEASE]
	at org.springframework.test.context.junit4.SpringJUnit4ClassRunner$1.runReflectiveCall(SpringJUnit4ClassRunner.java:287) [spring-test-4.3.4.RELEASE.jar:4.3.4.RELEASE]
	at org.junit.internal.runners.model.ReflectiveCallable.run(ReflectiveCallable.java:12) [junit-4.12.jar:4.12]
	at org.springframework.test.context.junit4.SpringJUnit4ClassRunner.methodBlock(SpringJUnit4ClassRunner.java:289) [spring-test-4.3.4.RELEASE.jar:4.3.4.RELEASE]
	at org.springframework.test.context.junit4.SpringJUnit4ClassRunner.runChild(SpringJUnit4ClassRunner.java:247) [spring-test-4.3.4.RELEASE.jar:4.3.4.RELEASE]
	at org.springframework.test.context.junit4.SpringJUnit4ClassRunner.runChild(SpringJUnit4ClassRunner.java:94) [spring-test-4.3.4.RELEASE.jar:4.3.4.RELEASE]
	at org.junit.runners.ParentRunner$3.run(ParentRunner.java:290) [junit-4.12.jar:4.12]
	at org.junit.runners.ParentRunner$1.schedule(ParentRunner.java:71) [junit-4.12.jar:4.12]
	at org.junit.runners.ParentRunner.runChildren(ParentRunner.java:288) [junit-4.12.jar:4.12]
	at org.junit.runners.ParentRunner.access$000(ParentRunner.java:58) [junit-4.12.jar:4.12]
	at org.junit.runners.ParentRunner$2.evaluate(ParentRunner.java:268) [junit-4.12.jar:4.12]
	at org.springframework.test.context.junit4.statements.RunBeforeTestClassCallbacks.evaluate(RunBeforeTestClassCallbacks.java:61) [spring-test-4.3.4.RELEASE.jar:4.3.4.RELEASE]
	at org.springframework.test.context.junit4.statements.RunAfterTestClassCallbacks.evaluate(RunAfterTestClassCallbacks.java:70) [spring-test-4.3.4.RELEASE.jar:4.3.4.RELEASE]
	at org.junit.runners.ParentRunner.run(ParentRunner.java:363) [junit-4.12.jar:4.12]
	at org.springframework.test.context.junit4.SpringJUnit4ClassRunner.run(SpringJUnit4ClassRunner.java:191) [spring-test-4.3.4.RELEASE.jar:4.3.4.RELEASE]
	at org.apache.maven.surefire.junit4.JUnit4Provider.execute(JUnit4Provider.java:283) [surefire-junit4-2.18.1.jar:2.18.1]
	at org.apache.maven.surefire.junit4.JUnit4Provider.executeWithRerun(JUnit4Provider.java:173) [surefire-junit4-2.18.1.jar:2.18.1]
	at org.apache.maven.surefire.junit4.JUnit4Provider.executeTestSet(JUnit4Provider.java:153) [surefire-junit4-2.18.1.jar:2.18.1]
	at org.apache.maven.surefire.junit4.JUnit4Provider.invoke(JUnit4Provider.java:128) [surefire-junit4-2.18.1.jar:2.18.1]
	at org.apache.maven.surefire.booter.ForkedBooter.invokeProviderInSameClassLoader(ForkedBooter.java:203) [surefire-booter-2.18.1.jar:2.18.1]
	at org.apache.maven.surefire.booter.ForkedBooter.runSuitesInProcess(ForkedBooter.java:155) [surefire-booter-2.18.1.jar:2.18.1]
	at org.apache.maven.surefire.booter.ForkedBooter.main(ForkedBooter.java:103) [surefire-booter-2.18.1.jar:2.18.1]
[ERROR] 2017-06-04 15:06:45.251 [main] LoggingFailureAnalysisReporter - 

***************************
APPLICATION FAILED TO START
***************************

Description:

Field movielinks in com.stackroute.ng2boot.controllers.MovieRestController required a bean of type 'com.stackroute.ng2boot.links.MovieLinks' that could not be found.


Action:

Consider defining a bean of type 'com.stackroute.ng2boot.links.MovieLinks' in your configuration.

[DEBUG] 2017-06-04 15:06:45.260 [main] StandardEnvironment - Adding [systemProperties] PropertySource with lowest search precedence
[DEBUG] 2017-06-04 15:06:45.260 [main] StandardEnvironment - Adding [systemEnvironment] PropertySource with lowest search precedence
[DEBUG] 2017-06-04 15:06:45.260 [main] StandardEnvironment - Initialized StandardEnvironment with PropertySources [systemProperties,systemEnvironment]
[DEBUG] 2017-06-04 15:06:45.261 [main] TestPropertySourceUtils - Adding inlined properties to environment: {spring.jmx.enabled=false, org.springframework.boot.test.autoconfigure.web.servlet.WebMvcTestContextBootstrapper=true, server.port=-1}
[DEBUG] 2017-06-04 15:06:45.261 [main] StandardEnvironment - Adding [Inlined Test Properties] PropertySource with highest search precedence
[DEBUG] 2017-06-04 15:06:45.266 [main] PropertySourcesPropertyResolver - Could not find key 'spring.profiles.active' in any property source
[DEBUG] 2017-06-04 15:06:45.266 [main] PropertySourcesPropertyResolver - Could not find key 'spring.profiles.active' in any property source
[DEBUG] 2017-06-04 15:06:45.269 [main] PropertySourcesPropertyResolver - Could not find key 'SPRING_APPLICATION_JSON:' in any property source
[DEBUG] 2017-06-04 15:06:45.269 [main] PropertySourcesPropertyResolver - Could not find key 'SPRING_APPLICATION_JSON' in any property source
[DEBUG] 2017-06-04 15:06:45.269 [main] PropertySourcesPropertyResolver - Could not find key 'spring.application.json:' in any property source
[DEBUG] 2017-06-04 15:06:45.269 [main] PropertySourcesPropertyResolver - Could not find key 'spring.application.json' in any property source
[DEBUG] 2017-06-04 15:06:45.269 [main] StandardEnvironment - Adding [random] PropertySource with search precedence immediately lower than [systemEnvironment]
[DEBUG] 2017-06-04 15:06:45.271 [main] PropertySourcesPropertyResolver - Could not find key 'spring.profiles.active' in any property source
[DEBUG] 2017-06-04 15:06:45.271 [main] PropertySourcesPropertyResolver - Could not find key 'spring.profiles.default' in any property source
[DEBUG] 2017-06-04 15:06:45.275 [main] MutablePropertySources - Adding [applicationConfig: [profile=]] PropertySource with highest search precedence
[DEBUG] 2017-06-04 15:06:45.285 [main] StandardEnvironment - Adding [applicationConfigurationProperties] PropertySource with lowest search precedence
[DEBUG] 2017-06-04 15:06:45.296 [main] PropertySourcesPropertyResolver - Could not find key 'logging.file' in any property source
[DEBUG] 2017-06-04 15:06:45.296 [main] PropertySourcesPropertyResolver - Could not find key 'logging.path' in any property source
[DEBUG] 2017-06-04 15:06:45.296 [main] PropertySourcesPropertyResolver - Could not find key 'debug' in any property source
[DEBUG] 2017-06-04 15:06:45.296 [main] PropertySourcesPropertyResolver - Could not find key 'trace' in any property source
[DEBUG] 2017-06-04 15:06:45.296 [main] PropertySourcesPropertyResolver - Found key 'logging.config' in [applicationConfigurationProperties] with type [String]
[DEBUG] 2017-06-04 15:06:45.299 [main] ClasspathLoggingApplicationListener - Application started with classpath: [file:/home/user/Downloads/part1_movieapp-starter/spring-rest/target/surefire/surefirebooter8256104674369339533.jar]
[DEBUG] 2017-06-04 15:06:45.299 [main] PropertySourcesPropertyResolver - Could not find key 'context.listener.classes' in any property source
[DEBUG] 2017-06-04 15:06:45.300 [main] PropertySourcesPropertyResolver - Could not find key 'banner.image.location' in any property source
[DEBUG] 2017-06-04 15:06:45.300 [main] PropertySourcesPropertyResolver - Could not find key 'banner.location' in any property source

  .   ____          _            __ _ _
 /\\ / ___'_ __ _ _(_)_ __  __ _ \ \ \ \
( ( )\___ | '_ | '_| | '_ \/ _` | \ \ \ \
 \\/  ___)| |_)| | | | | || (_| |  ) ) ) )
  '  |____| .__|_| |_|_| |_\__, | / / / /
 =========|_|==============|___/=/_/_/_/
 :: Spring Boot ::        (v1.4.2.RELEASE)

[DEBUG] 2017-06-04 15:06:45.303 [main] PropertySourcesPropertyResolver - Could not find key 'context.initializer.classes' in any property source
[DEBUG] 2017-06-04 15:06:45.303 [main] PropertySourcesPropertyResolver - Could not find key 'spring.config.name:application' in any property source
[DEBUG] 2017-06-04 15:06:45.303 [main] PropertySourcesPropertyResolver - Could not find key 'spring.config.name' in any property source
[DEBUG] 2017-06-04 15:06:45.303 [main] PropertySourcesPropertyResolver - Could not find key 'vcap.application.name:application' in any property source
[DEBUG] 2017-06-04 15:06:45.303 [main] PropertySourcesPropertyResolver - Could not find key 'vcap.application.name' in any property source
[DEBUG] 2017-06-04 15:06:45.303 [main] PropertySourcesPropertyResolver - Could not find key 'spring.application.name:application' in any property source
[DEBUG] 2017-06-04 15:06:45.303 [main] PropertySourcesPropertyResolver - Could not find key 'spring.application.name' in any property source
[DEBUG] 2017-06-04 15:06:45.303 [main] PropertySourcesPropertyResolver - Could not find key 'PORT:null' in any property source
[DEBUG] 2017-06-04 15:06:45.303 [main] PropertySourcesPropertyResolver - Could not find key 'PORT' in any property source
[DEBUG] 2017-06-04 15:06:45.304 [main] PropertySourcesPropertyResolver - Could not find key 'server.port:null' in any property source
[DEBUG] 2017-06-04 15:06:45.304 [main] PropertySourcesPropertyResolver - Found key 'server.port' in [Inlined Test Properties] with type [String]
[DEBUG] 2017-06-04 15:06:45.304 [main] PropertySourcesPropertyResolver - Could not find key 'spring.application.index:-1' in any property source
[DEBUG] 2017-06-04 15:06:45.304 [main] PropertySourcesPropertyResolver - Could not find key 'spring.application.index' in any property source
[DEBUG] 2017-06-04 15:06:45.304 [main] PropertySourcesPropertyResolver - Could not find key 'vcap.application.instance_index:-1' in any property source
[DEBUG] 2017-06-04 15:06:45.304 [main] PropertySourcesPropertyResolver - Could not find key 'vcap.application.instance_index' in any property source
[DEBUG] 2017-06-04 15:06:45.304 [main] PropertySourcesPropertyResolver - Could not find key 'spring.profiles.active' in any property source
[DEBUG] 2017-06-04 15:06:45.305 [main] StandardEnvironment - Adding [test] PropertySource with highest search precedence
[DEBUG] 2017-06-04 15:06:45.306 [main] StandardEnvironment - Adding [Annotations] PropertySource with highest search precedence
[DEBUG] 2017-06-04 15:06:45.306 [main] DefaultListableBeanFactory - Returning cached instance of singleton bean 'autoConfigurationReport'
[INFO ] 2017-06-04 15:06:45.307 [main] MovieRestControllerTest - Starting MovieRestControllerTest on user-ThinkPad-T420 with PID 3136 (started by user in /home/user/Downloads/part1_movieapp-starter/spring-rest)
[DEBUG] 2017-06-04 15:06:45.307 [main] MovieRestControllerTest - Running with Spring Boot v1.4.2.RELEASE, Spring v4.3.4.RELEASE
[DEBUG] 2017-06-04 15:06:45.307 [main] PropertySourcesPropertyResolver - Could not find key 'spring.profiles.active' in any property source
[DEBUG] 2017-06-04 15:06:45.307 [main] PropertySourcesPropertyResolver - Could not find key 'spring.profiles.default' in any property source
[INFO ] 2017-06-04 15:06:45.307 [main] MovieRestControllerTest - No active profile set, falling back to default profiles: default
[DEBUG] 2017-06-04 15:06:45.307 [main] SpringApplication - Loading source class com.stackroute.ng2boot.Ng2bootApplication
[DEBUG] 2017-06-04 15:06:45.308 [main] ClassPathBeanDefinitionScanner - JSR-250 'javax.annotation.ManagedBean' found and supported for component scanning
[DEBUG] 2017-06-04 15:06:45.317 [background-preinit] DefaultTraversableResolver - Cannot find javax.persistence.Persistence on classpath. Assuming non JPA 2 environment. All properties will per default be traversable.
[DEBUG] 2017-06-04 15:06:45.321 [main] ConfigFileApplicationListener - Loaded config file 'file:/home/user/Downloads/part1_movieapp-starter/spring-rest/target/classes/application.properties' (classpath:/application.properties)
[DEBUG] 2017-06-04 15:06:45.321 [main] ConfigFileApplicationListener - Skipped (empty) config file 'file:/home/user/Downloads/part1_movieapp-starter/spring-rest/target/classes/application.properties' (classpath:/application.properties) for profile default
[INFO ] 2017-06-04 15:06:45.322 [main] GenericWebApplicationContext - Refreshing org.springframework.web.context.support.GenericWebApplicationContext@1e0fdb2f: startup date [Sun Jun 04 15:06:45 IST 2017]; root of context hierarchy
[DEBUG] 2017-06-04 15:06:45.322 [main] GenericWebApplicationContext - Bean factory for org.springframework.web.context.support.GenericWebApplicationContext@1e0fdb2f: org.springframework.beans.factory.support.DefaultListableBeanFactory@2b7e8044: defining beans [org.springframework.context.annotation.internalConfigurationAnnotationProcessor,org.springframework.context.annotation.internalAutowiredAnnotationProcessor,org.springframework.context.annotation.internalRequiredAnnotationProcessor,org.springframework.context.annotation.internalCommonAnnotationProcessor,org.springframework.context.event.internalEventListenerProcessor,org.springframework.context.event.internalEventListenerFactory,org.springframework.boot.test.context.ImportsContextCustomizer$ImportsCleanupPostProcessor,org.springframework.boot.test.context.ImportsContextCustomizer$ImportsConfiguration,org.springframework.boot.test.mock.mockito.MockitoPostProcessor$SpyPostProcessor,org.springframework.boot.test.mock.mockito.MockitoPostProcessor,ng2bootApplication]; root of factory hierarchy
[DEBUG] 2017-06-04 15:06:45.322 [main] DefaultListableBeanFactory - Registering scope 'request' with implementation [org.springframework.web.context.request.RequestScope@3a1706e1]
[DEBUG] 2017-06-04 15:06:45.322 [main] DefaultListableBeanFactory - Registering scope 'session' with implementation [org.springframework.web.context.request.SessionScope@3c6c4689]
[DEBUG] 2017-06-04 15:06:45.322 [main] DefaultListableBeanFactory - Registering scope 'globalSession' with implementation [org.springframework.web.context.request.SessionScope@63cf9de0]
[DEBUG] 2017-06-04 15:06:45.322 [main] DefaultListableBeanFactory - Registering scope 'application' with implementation [org.springframework.web.context.support.ServletContextScope@594d9f07]
[DEBUG] 2017-06-04 15:06:45.328 [main] DefaultListableBeanFactory - Creating shared instance of singleton bean 'org.springframework.context.annotation.internalConfigurationAnnotationProcessor'
[DEBUG] 2017-06-04 15:06:45.328 [main] DefaultListableBeanFactory - Creating instance of bean 'org.springframework.context.annotation.internalConfigurationAnnotationProcessor'
[DEBUG] 2017-06-04 15:06:45.329 [main] DefaultListableBeanFactory - Eagerly caching bean 'org.springframework.context.annotation.internalConfigurationAnnotationProcessor' to allow for resolving potential circular references
[DEBUG] 2017-06-04 15:06:45.329 [main] DefaultListableBeanFactory - Creating shared instance of singleton bean 'org.springframework.boot.autoconfigure.internalCachingMetadataReaderFactory'
[DEBUG] 2017-06-04 15:06:45.329 [main] DefaultListableBeanFactory - Creating instance of bean 'org.springframework.boot.autoconfigure.internalCachingMetadataReaderFactory'
[DEBUG] 2017-06-04 15:06:45.329 [main] DefaultListableBeanFactory - Eagerly caching bean 'org.springframework.boot.autoconfigure.internalCachingMetadataReaderFactory' to allow for resolving potential circular references
[DEBUG] 2017-06-04 15:06:45.329 [main] DefaultListableBeanFactory - Finished creating instance of bean 'org.springframework.boot.autoconfigure.internalCachingMetadataReaderFactory'
[DEBUG] 2017-06-04 15:06:45.334 [main] DefaultListableBeanFactory - Finished creating instance of bean 'org.springframework.context.annotation.internalConfigurationAnnotationProcessor'
[DEBUG] 2017-06-04 15:06:45.350 [main] StandardEnvironment - Adding [systemProperties] PropertySource with lowest search precedence
[DEBUG] 2017-06-04 15:06:45.350 [main] StandardEnvironment - Adding [systemEnvironment] PropertySource with lowest search precedence
[DEBUG] 2017-06-04 15:06:45.350 [main] StandardEnvironment - Initialized StandardEnvironment with PropertySources [systemProperties,systemEnvironment]
[DEBUG] 2017-06-04 15:06:45.350 [main] ClassPathBeanDefinitionScanner - JSR-250 'javax.annotation.ManagedBean' found and supported for component scanning
[DEBUG] 2017-06-04 15:06:45.352 [main] PathMatchingResourcePatternResolver - Resolved classpath location [com/stackroute/ng2boot/] to resources [URL [file:/home/user/Downloads/part1_movieapp-starter/spring-rest/target/test-classes/com/stackroute/ng2boot/], URL [file:/home/user/Downloads/part1_movieapp-starter/spring-rest/target/classes/com/stackroute/ng2boot/]]
[DEBUG] 2017-06-04 15:06:45.353 [main] PathMatchingResourcePatternResolver - Looking for matching resources in directory tree [/home/user/Downloads/part1_movieapp-starter/spring-rest/target/test-classes/com/stackroute/ng2boot]
[DEBUG] 2017-06-04 15:06:45.353 [main] PathMatchingResourcePatternResolver - Searching directory [/home/user/Downloads/part1_movieapp-starter/spring-rest/target/test-classes/com/stackroute/ng2boot] for files matching pattern [/home/user/Downloads/part1_movieapp-starter/spring-rest/target/test-classes/com/stackroute/ng2boot/**/*.class]
[DEBUG] 2017-06-04 15:06:45.356 [main] PathMatchingResourcePatternResolver - Searching directory [/home/user/Downloads/part1_movieapp-starter/spring-rest/target/test-classes/com/stackroute/ng2boot/controllers] for files matching pattern [/home/user/Downloads/part1_movieapp-starter/spring-rest/target/test-classes/com/stackroute/ng2boot/**/*.class]
[DEBUG] 2017-06-04 15:06:45.357 [main] PathMatchingResourcePatternResolver - Looking for matching resources in directory tree [/home/user/Downloads/part1_movieapp-starter/spring-rest/target/classes/com/stackroute/ng2boot]
[DEBUG] 2017-06-04 15:06:45.357 [main] PathMatchingResourcePatternResolver - Searching directory [/home/user/Downloads/part1_movieapp-starter/spring-rest/target/classes/com/stackroute/ng2boot] for files matching pattern [/home/user/Downloads/part1_movieapp-starter/spring-rest/target/classes/com/stackroute/ng2boot/**/*.class]
[DEBUG] 2017-06-04 15:06:45.357 [main] PathMatchingResourcePatternResolver - Searching directory [/home/user/Downloads/part1_movieapp-starter/spring-rest/target/classes/com/stackroute/ng2boot/config] for files matching pattern [/home/user/Downloads/part1_movieapp-starter/spring-rest/target/classes/com/stackroute/ng2boot/**/*.class]
[DEBUG] 2017-06-04 15:06:45.357 [main] PathMatchingResourcePatternResolver - Searching directory [/home/user/Downloads/part1_movieapp-starter/spring-rest/target/classes/com/stackroute/ng2boot/controllers] for files matching pattern [/home/user/Downloads/part1_movieapp-starter/spring-rest/target/classes/com/stackroute/ng2boot/**/*.class]
[DEBUG] 2017-06-04 15:06:45.357 [main] PathMatchingResourcePatternResolver - Searching directory [/home/user/Downloads/part1_movieapp-starter/spring-rest/target/classes/com/stackroute/ng2boot/domain] for files matching pattern [/home/user/Downloads/part1_movieapp-starter/spring-rest/target/classes/com/stackroute/ng2boot/**/*.class]
[DEBUG] 2017-06-04 15:06:45.357 [main] PathMatchingResourcePatternResolver - Searching directory [/home/user/Downloads/part1_movieapp-starter/spring-rest/target/classes/com/stackroute/ng2boot/links] for files matching pattern [/home/user/Downloads/part1_movieapp-starter/spring-rest/target/classes/com/stackroute/ng2boot/**/*.class]
[DEBUG] 2017-06-04 15:06:45.358 [main] PathMatchingResourcePatternResolver - Searching directory [/home/user/Downloads/part1_movieapp-starter/spring-rest/target/classes/com/stackroute/ng2boot/repository] for files matching pattern [/home/user/Downloads/part1_movieapp-starter/spring-rest/target/classes/com/stackroute/ng2boot/**/*.class]
[DEBUG] 2017-06-04 15:06:45.358 [main] PathMatchingResourcePatternResolver - Searching directory [/home/user/Downloads/part1_movieapp-starter/spring-rest/target/classes/com/stackroute/ng2boot/service] for files matching pattern [/home/user/Downloads/part1_movieapp-starter/spring-rest/target/classes/com/stackroute/ng2boot/**/*.class]
[DEBUG] 2017-06-04 15:06:45.358 [main] PathMatchingResourcePatternResolver - Resolved location pattern [classpath*:com/stackroute/ng2boot/**/*.class] to resources [file [/home/user/Downloads/part1_movieapp-starter/spring-rest/target/test-classes/com/stackroute/ng2boot/Ng2bootApplicationTests.class], file [/home/user/Downloads/part1_movieapp-starter/spring-rest/target/test-classes/com/stackroute/ng2boot/controllers/MovieRestControllerTest.class], file [/home/user/Downloads/part1_movieapp-starter/spring-rest/target/classes/com/stackroute/ng2boot/Ng2bootApplication.class], file [/home/user/Downloads/part1_movieapp-starter/spring-rest/target/classes/com/stackroute/ng2boot/config/SwaggerConfig.class], file [/home/user/Downloads/part1_movieapp-starter/spring-rest/target/classes/com/stackroute/ng2boot/controllers/MovieRestController.class], file [/home/user/Downloads/part1_movieapp-starter/spring-rest/target/classes/com/stackroute/ng2boot/controllers/MovieRestControllerTest.class], file [/home/user/Downloads/part1_movieapp-starter/spring-rest/target/classes/com/stackroute/ng2boot/domain/Movie.class], file [/home/user/Downloads/part1_movieapp-starter/spring-rest/target/classes/com/stackroute/ng2boot/links/MovieLinks.class], file [/home/user/Downloads/part1_movieapp-starter/spring-rest/target/classes/com/stackroute/ng2boot/links/MovieLinksImpl.class], file [/home/user/Downloads/part1_movieapp-starter/spring-rest/target/classes/com/stackroute/ng2boot/repository/CrudsRepository.class], file [/home/user/Downloads/part1_movieapp-starter/spring-rest/target/classes/com/stackroute/ng2boot/repository/MovieRepository.class], file [/home/user/Downloads/part1_movieapp-starter/spring-rest/target/classes/com/stackroute/ng2boot/service/MovieGetService.class], file [/home/user/Downloads/part1_movieapp-starter/spring-rest/target/classes/com/stackroute/ng2boot/service/MovieGetServiceImpl.class]]
[DEBUG] 2017-06-04 15:06:45.359 [main] DefaultListableBeanFactory - Returning cached instance of singleton bean 'org.springframework.boot.test.context.filter.TestTypeExcludeFilter'
[DEBUG] 2017-06-04 15:06:45.359 [main] DefaultListableBeanFactory - Returning cached instance of singleton bean 'org.springframework.boot.test.autoconfigure.filter.TypeExcludeFilters'
[DEBUG] 2017-06-04 15:06:45.360 [main] DefaultListableBeanFactory - Returning cached instance of singleton bean 'org.springframework.boot.test.context.filter.TestTypeExcludeFilter'
[DEBUG] 2017-06-04 15:06:45.360 [main] DefaultListableBeanFactory - Returning cached instance of singleton bean 'org.springframework.boot.test.autoconfigure.filter.TypeExcludeFilters'
[DEBUG] 2017-06-04 15:06:45.362 [main] DefaultListableBeanFactory - Returning cached instance of singleton bean 'org.springframework.boot.test.context.filter.TestTypeExcludeFilter'
[DEBUG] 2017-06-04 15:06:45.363 [main] DefaultListableBeanFactory - Returning cached instance of singleton bean 'org.springframework.boot.test.autoconfigure.filter.TypeExcludeFilters'
[DEBUG] 2017-06-04 15:06:45.366 [main] DefaultListableBeanFactory - Returning cached instance of singleton bean 'org.springframework.boot.test.context.filter.TestTypeExcludeFilter'
[DEBUG] 2017-06-04 15:06:45.366 [main] DefaultListableBeanFactory - Returning cached instance of singleton bean 'org.springframework.boot.test.autoconfigure.filter.TypeExcludeFilters'
[DEBUG] 2017-06-04 15:06:45.366 [main] ClassPathBeanDefinitionScanner - Identified candidate component class: file [/home/user/Downloads/part1_movieapp-starter/spring-rest/target/classes/com/stackroute/ng2boot/controllers/MovieRestController.class]
[DEBUG] 2017-06-04 15:06:45.367 [main] DefaultListableBeanFactory - Returning cached instance of singleton bean 'org.springframework.boot.test.context.filter.TestTypeExcludeFilter'
[DEBUG] 2017-06-04 15:06:45.368 [main] DefaultListableBeanFactory - Returning cached instance of singleton bean 'org.springframework.boot.test.autoconfigure.filter.TypeExcludeFilters'
[DEBUG] 2017-06-04 15:06:45.369 [main] DefaultListableBeanFactory - Returning cached instance of singleton bean 'org.springframework.boot.test.context.filter.TestTypeExcludeFilter'
[DEBUG] 2017-06-04 15:06:45.369 [main] DefaultListableBeanFactory - Returning cached instance of singleton bean 'org.springframework.boot.test.autoconfigure.filter.TypeExcludeFilters'
[DEBUG] 2017-06-04 15:06:45.374 [main] DefaultListableBeanFactory - Returning cached instance of singleton bean 'org.springframework.boot.test.context.filter.TestTypeExcludeFilter'
[DEBUG] 2017-06-04 15:06:45.374 [main] DefaultListableBeanFactory - Returning cached instance of singleton bean 'org.springframework.boot.test.autoconfigure.filter.TypeExcludeFilters'
[DEBUG] 2017-06-04 15:06:45.375 [main] DefaultListableBeanFactory - Returning cached instance of singleton bean 'org.springframework.boot.test.context.filter.TestTypeExcludeFilter'
[DEBUG] 2017-06-04 15:06:45.375 [main] DefaultListableBeanFactory - Returning cached instance of singleton bean 'org.springframework.boot.test.autoconfigure.filter.TypeExcludeFilters'
[DEBUG] 2017-06-04 15:06:45.376 [main] DefaultListableBeanFactory - Returning cached instance of singleton bean 'org.springframework.boot.test.context.filter.TestTypeExcludeFilter'
[DEBUG] 2017-06-04 15:06:45.376 [main] DefaultListableBeanFactory - Returning cached instance of singleton bean 'org.springframework.boot.test.autoconfigure.filter.TypeExcludeFilters'
[DEBUG] 2017-06-04 15:06:45.379 [main] DefaultListableBeanFactory - Returning cached instance of singleton bean 'org.springframework.boot.test.context.filter.TestTypeExcludeFilter'
[DEBUG] 2017-06-04 15:06:45.379 [main] DefaultListableBeanFactory - Returning cached instance of singleton bean 'org.springframework.boot.test.autoconfigure.filter.TypeExcludeFilters'
[DEBUG] 2017-06-04 15:06:45.385 [main] DefaultListableBeanFactory - Returning cached instance of singleton bean 'org.springframework.boot.test.context.filter.TestTypeExcludeFilter'
[DEBUG] 2017-06-04 15:06:45.385 [main] DefaultListableBeanFactory - Returning cached instance of singleton bean 'org.springframework.boot.test.autoconfigure.filter.TypeExcludeFilters'
[DEBUG] 2017-06-04 15:06:45.387 [main] DefaultListableBeanFactory - Returning cached instance of singleton bean 'org.springframework.boot.test.context.filter.TestTypeExcludeFilter'
[DEBUG] 2017-06-04 15:06:45.387 [main] DefaultListableBeanFactory - Returning cached instance of singleton bean 'org.springframework.boot.test.autoconfigure.filter.TypeExcludeFilters'
[DEBUG] 2017-06-04 15:06:45.400 [main] DefaultListableBeanFactory - Returning cached instance of singleton bean 'org.springframework.boot.autoconfigure.internalCachingMetadataReaderFactory'
[DEBUG] 2017-06-04 15:06:45.414 [main] DefaultListableBeanFactory - Returning cached instance of singleton bean 'autoConfigurationReport'
[DEBUG] 2017-06-04 15:06:45.416 [main] PropertySourcesPropertyResolver - Could not find key 'spring.messages.basename' in any property source
[DEBUG] 2017-06-04 15:06:45.416 [main] DefaultListableBeanFactory - Returning cached instance of singleton bean 'autoConfigurationReport'
[DEBUG] 2017-06-04 15:06:45.416 [main] DefaultListableBeanFactory - Returning cached instance of singleton bean 'autoConfigurationReport'
[DEBUG] 2017-06-04 15:06:45.416 [main] DefaultListableBeanFactory - Returning cached instance of singleton bean 'autoConfigurationReport'
[DEBUG] 2017-06-04 15:06:45.421 [main] PropertySourcesPropertyResolver - Found key 'spring.cache.type' in [Annotations] with type [CacheType]
[DEBUG] 2017-06-04 15:06:45.421 [main] PropertySourcesPropertyResolver - Found key 'spring.test.mockmvc.secure' in [Annotations] with type [Boolean]
[DEBUG] 2017-06-04 15:06:45.422 [main] PropertySourcesPropertyResolver - Found key 'spring.test.mockmvc.webdriver.enabled' in [Annotations] with type [Boolean]
[DEBUG] 2017-06-04 15:06:45.422 [main] PropertySourcesPropertyResolver - Found key 'spring.test.mockmvc.add-filters' in [Annotations] with type [Boolean]
[DEBUG] 2017-06-04 15:06:45.422 [main] PropertySourcesPropertyResolver - Found key 'spring.test.mockmvc.print-only-on-failure' in [Annotations] with type [Boolean]
[DEBUG] 2017-06-04 15:06:45.423 [main] PropertySourcesPropertyResolver - Found key 'spring.test.mockmvc.webclient.enabled' in [Annotations] with type [Boolean]
[DEBUG] 2017-06-04 15:06:45.423 [main] PropertySourcesPropertyResolver - Found key 'spring.boot.enableautoconfiguration' in [test] with type [String]
[DEBUG] 2017-06-04 15:06:45.423 [main] PropertySourcesPropertyResolver - Found key 'spring.jmx.enabled' in [Inlined Test Properties] with type [String]
[DEBUG] 2017-06-04 15:06:45.423 [main] PropertySourcesPropertyResolver - Found key 'org.springframework.boot.test.autoconfigure.web.servlet.WebMvcTestContextBootstrapper' in [Inlined Test Properties] with type [String]
[DEBUG] 2017-06-04 15:06:45.423 [main] PropertySourcesPropertyResolver - Found key 'server.port' in [Inlined Test Properties] with type [String]
[DEBUG] 2017-06-04 15:06:45.423 [main] PropertySourcesPropertyResolver - Found key 'java.runtime.name' in [systemProperties] with type [String]
[DEBUG] 2017-06-04 15:06:45.423 [main] PropertySourcesPropertyResolver - Found key 'sun.boot.library.path' in [systemProperties] with type [String]
[DEBUG] 2017-06-04 15:06:45.424 [main] PropertySourcesPropertyResolver - Found key 'java.vm.version' in [systemProperties] with type [String]
[DEBUG] 2017-06-04 15:06:45.424 [main] PropertySourcesPropertyResolver - Found key 'java.vm.vendor' in [systemProperties] with type [String]
[DEBUG] 2017-06-04 15:06:45.424 [main] PropertySourcesPropertyResolver - Found key 'java.vendor.url' in [systemProperties] with type [String]
[DEBUG] 2017-06-04 15:06:45.424 [main] PropertySourcesPropertyResolver - Found key 'path.separator' in [systemProperties] with type [String]
[DEBUG] 2017-06-04 15:06:45.424 [main] PropertySourcesPropertyResolver - Found key 'java.vm.name' in [systemProperties] with type [String]
[DEBUG] 2017-06-04 15:06:45.424 [main] PropertySourcesPropertyResolver - Found key 'file.encoding.pkg' in [systemProperties] with type [String]
[DEBUG] 2017-06-04 15:06:45.424 [main] PropertySourcesPropertyResolver - Found key 'user.country' in [systemProperties] with type [String]
[DEBUG] 2017-06-04 15:06:45.424 [main] PropertySourcesPropertyResolver - Found key 'sun.java.launcher' in [systemProperties] with type [String]
[DEBUG] 2017-06-04 15:06:45.424 [main] PropertySourcesPropertyResolver - Found key 'sun.os.patch.level' in [systemProperties] with type [String]
[DEBUG] 2017-06-04 15:06:45.424 [main] PropertySourcesPropertyResolver - Found key 'PID' in [systemProperties] with type [String]
[DEBUG] 2017-06-04 15:06:45.424 [main] PropertySourcesPropertyResolver - Found key 'java.vm.specification.name' in [systemProperties] with type [String]
[DEBUG] 2017-06-04 15:06:45.424 [main] PropertySourcesPropertyResolver - Found key 'user.dir' in [systemProperties] with type [String]
[DEBUG] 2017-06-04 15:06:45.425 [main] PropertySourcesPropertyResolver - Found key 'java.runtime.version' in [systemProperties] with type [String]
[DEBUG] 2017-06-04 15:06:45.425 [main] PropertySourcesPropertyResolver - Found key 'basedir' in [systemProperties] with type [String]
[DEBUG] 2017-06-04 15:06:45.425 [main] PropertySourcesPropertyResolver - Found key 'java.awt.graphicsenv' in [systemProperties] with type [String]
[DEBUG] 2017-06-04 15:06:45.425 [main] PropertySourcesPropertyResolver - Found key 'java.endorsed.dirs' in [systemProperties] with type [String]
[DEBUG] 2017-06-04 15:06:45.425 [main] PropertySourcesPropertyResolver - Found key 'os.arch' in [systemProperties] with type [String]
[DEBUG] 2017-06-04 15:06:45.425 [main] PropertySourcesPropertyResolver - Found key 'surefire.real.class.path' in [systemProperties] with type [String]
[DEBUG] 2017-06-04 15:06:45.425 [main] PropertySourcesPropertyResolver - Found key 'java.io.tmpdir' in [systemProperties] with type [String]
[DEBUG] 2017-06-04 15:06:45.425 [main] PropertySourcesPropertyResolver - Found key 'line.separator' in [systemProperties] with type [String]
[DEBUG] 2017-06-04 15:06:45.425 [main] PropertySourcesPropertyResolver - Found key 'java.vm.specification.vendor' in [systemProperties] with type [String]
[DEBUG] 2017-06-04 15:06:45.425 [main] PropertySourcesPropertyResolver - Found key 'os.name' in [systemProperties] with type [String]
[DEBUG] 2017-06-04 15:06:45.425 [main] PropertySourcesPropertyResolver - Found key 'sun.jnu.encoding' in [systemProperties] with type [String]
[DEBUG] 2017-06-04 15:06:45.425 [main] PropertySourcesPropertyResolver - Found key 'spring.beaninfo.ignore' in [systemProperties] with type [String]
[DEBUG] 2017-06-04 15:06:45.425 [main] PropertySourcesPropertyResolver - Found key 'java.library.path' in [systemProperties] with type [String]
[DEBUG] 2017-06-04 15:06:45.426 [main] PropertySourcesPropertyResolver - Found key 'surefire.test.class.path' in [systemProperties] with type [String]
[DEBUG] 2017-06-04 15:06:45.426 [main] PropertySourcesPropertyResolver - Found key 'java.specification.name' in [systemProperties] with type [String]
[DEBUG] 2017-06-04 15:06:45.426 [main] PropertySourcesPropertyResolver - Found key 'java.class.version' in [systemProperties] with type [String]
[DEBUG] 2017-06-04 15:06:45.426 [main] PropertySourcesPropertyResolver - Found key 'sun.management.compiler' in [systemProperties] with type [String]
[DEBUG] 2017-06-04 15:06:45.426 [main] PropertySourcesPropertyResolver - Found key 'os.version' in [systemProperties] with type [String]
[DEBUG] 2017-06-04 15:06:45.426 [main] PropertySourcesPropertyResolver - Found key 'user.home' in [systemProperties] with type [String]
[DEBUG] 2017-06-04 15:06:45.426 [main] PropertySourcesPropertyResolver - Found key 'user.timezone' in [systemProperties] with type [String]
[DEBUG] 2017-06-04 15:06:45.426 [main] PropertySourcesPropertyResolver - Found key 'java.awt.printerjob' in [systemProperties] with type [String]
[DEBUG] 2017-06-04 15:06:45.426 [main] PropertySourcesPropertyResolver - Found key 'file.encoding' in [systemProperties] with type [String]
[DEBUG] 2017-06-04 15:06:45.426 [main] PropertySourcesPropertyResolver - Found key 'java.specification.version' in [systemProperties] with type [String]
[DEBUG] 2017-06-04 15:06:45.426 [main] PropertySourcesPropertyResolver - Found key 'java.class.path' in [systemProperties] with type [String]
[DEBUG] 2017-06-04 15:06:45.427 [main] PropertySourcesPropertyResolver - Found key 'user.name' in [systemProperties] with type [String]
[DEBUG] 2017-06-04 15:06:45.427 [main] PropertySourcesPropertyResolver - Found key 'java.vm.specification.version' in [systemProperties] with type [String]
[DEBUG] 2017-06-04 15:06:45.427 [main] PropertySourcesPropertyResolver - Found key 'sun.java.command' in [systemProperties] with type [String]
[DEBUG] 2017-06-04 15:06:45.427 [main] PropertySourcesPropertyResolver - Found key 'java.home' in [systemProperties] with type [String]
[DEBUG] 2017-06-04 15:06:45.427 [main] PropertySourcesPropertyResolver - Found key 'sun.arch.data.model' in [systemProperties] with type [String]
[DEBUG] 2017-06-04 15:06:45.427 [main] PropertySourcesPropertyResolver - Found key 'user.language' in [systemProperties] with type [String]
[DEBUG] 2017-06-04 15:06:45.427 [main] PropertySourcesPropertyResolver - Found key 'java.specification.vendor' in [systemProperties] with type [String]
[DEBUG] 2017-06-04 15:06:45.427 [main] PropertySourcesPropertyResolver - Found key 'awt.toolkit' in [systemProperties] with type [String]
[DEBUG] 2017-06-04 15:06:45.427 [main] PropertySourcesPropertyResolver - Found key 'java.vm.info' in [systemProperties] with type [String]
[DEBUG] 2017-06-04 15:06:45.427 [main] PropertySourcesPropertyResolver - Found key 'java.version' in [systemProperties] with type [String]
[DEBUG] 2017-06-04 15:06:45.427 [main] PropertySourcesPropertyResolver - Found key 'java.ext.dirs' in [systemProperties] with type [String]
[DEBUG] 2017-06-04 15:06:45.428 [main] PropertySourcesPropertyResolver - Found key 'sun.boot.class.path' in [systemProperties] with type [String]
[DEBUG] 2017-06-04 15:06:45.428 [main] PropertySourcesPropertyResolver - Found key 'java.awt.headless' in [systemProperties] with type [String]
[DEBUG] 2017-06-04 15:06:45.428 [main] PropertySourcesPropertyResolver - Found key 'java.vendor' in [systemProperties] with type [String]
[DEBUG] 2017-06-04 15:06:45.428 [main] PropertySourcesPropertyResolver - Found key 'localRepository' in [systemProperties] with type [String]
[DEBUG] 2017-06-04 15:06:45.428 [main] PropertySourcesPropertyResolver - Found key 'file.separator' in [systemProperties] with type [String]
[DEBUG] 2017-06-04 15:06:45.428 [main] PropertySourcesPropertyResolver - Found key 'java.vendor.url.bug' in [systemProperties] with type [String]
[DEBUG] 2017-06-04 15:06:45.428 [main] PropertySourcesPropertyResolver - Found key 'sun.io.unicode.encoding' in [systemProperties] with type [String]
[DEBUG] 2017-06-04 15:06:45.428 [main] PropertySourcesPropertyResolver - Found key 'sun.cpu.endian' in [systemProperties] with type [String]
[DEBUG] 2017-06-04 15:06:45.428 [main] PropertySourcesPropertyResolver - Found key 'sun.desktop' in [systemProperties] with type [String]
[DEBUG] 2017-06-04 15:06:45.428 [main] PropertySourcesPropertyResolver - Found key 'sun.cpu.isalist' in [systemProperties] with type [String]
[DEBUG] 2017-06-04 15:06:45.429 [main] PropertySourcesPropertyResolver - Found key 'PATH' in [systemEnvironment] with type [String]
[DEBUG] 2017-06-04 15:06:45.429 [main] PropertySourcesPropertyResolver - Found key 'XAUTHORITY' in [systemEnvironment] with type [String]
[DEBUG] 2017-06-04 15:06:45.429 [main] PropertySourcesPropertyResolver - Found key 'XMODIFIERS' in [systemEnvironment] with type [String]
[DEBUG] 2017-06-04 15:06:45.429 [main] PropertySourcesPropertyResolver - Found key 'XDG_DATA_DIRS' in [systemEnvironment] with type [String]
[DEBUG] 2017-06-04 15:06:45.429 [main] PropertySourcesPropertyResolver - Found key 'GDMSESSION' in [systemEnvironment] with type [String]
[DEBUG] 2017-06-04 15:06:45.430 [main] PropertySourcesPropertyResolver - Found key 'MANDATORY_PATH' in [systemEnvironment] with type [String]
[DEBUG] 2017-06-04 15:06:45.430 [main] PropertySourcesPropertyResolver - Found key 'GTK_IM_MODULE' in [systemEnvironment] with type [String]
[DEBUG] 2017-06-04 15:06:45.430 [main] PropertySourcesPropertyResolver - Found key 'DBUS_SESSION_BUS_ADDRESS' in [systemEnvironment] with type [String]
[DEBUG] 2017-06-04 15:06:45.430 [main] PropertySourcesPropertyResolver - Found key 'DEFAULTS_PATH' in [systemEnvironment] with type [String]
[DEBUG] 2017-06-04 15:06:45.430 [main] PropertySourcesPropertyResolver - Found key 'XDG_CURRENT_DESKTOP' in [systemEnvironment] with type [String]
[DEBUG] 2017-06-04 15:06:45.430 [main] PropertySourcesPropertyResolver - Found key 'UPSTART_SESSION' in [systemEnvironment] with type [String]
[DEBUG] 2017-06-04 15:06:45.430 [main] PropertySourcesPropertyResolver - Found key 'QT4_IM_MODULE' in [systemEnvironment] with type [String]
[DEBUG] 2017-06-04 15:06:45.430 [main] PropertySourcesPropertyResolver - Found key 'QT_LINUX_ACCESSIBILITY_ALWAYS_ON' in [systemEnvironment] with type [String]
[DEBUG] 2017-06-04 15:06:45.430 [main] PropertySourcesPropertyResolver - Found key 'LOGNAME' in [systemEnvironment] with type [String]
[DEBUG] 2017-06-04 15:06:45.431 [main] PropertySourcesPropertyResolver - Found key 'JOB' in [systemEnvironment] with type [String]
[DEBUG] 2017-06-04 15:06:45.431 [main] PropertySourcesPropertyResolver - Found key 'PWD' in [systemEnvironment] with type [String]
[DEBUG] 2017-06-04 15:06:45.431 [main] PropertySourcesPropertyResolver - Found key 'DERBY_HOME' in [systemEnvironment] with type [String]
[DEBUG] 2017-06-04 15:06:45.431 [main] PropertySourcesPropertyResolver - Found key 'IM_CONFIG_PHASE' in [systemEnvironment] with type [String]
[DEBUG] 2017-06-04 15:06:45.431 [main] PropertySourcesPropertyResolver - Found key 'LANGUAGE' in [systemEnvironment] with type [String]
[DEBUG] 2017-06-04 15:06:45.431 [main] PropertySourcesPropertyResolver - Found key 'SHELL' in [systemEnvironment] with type [String]
[DEBUG] 2017-06-04 15:06:45.431 [main] PropertySourcesPropertyResolver - Found key 'GIO_LAUNCHED_DESKTOP_FILE' in [systemEnvironment] with type [String]
[DEBUG] 2017-06-04 15:06:45.431 [main] PropertySourcesPropertyResolver - Found key 'GTK2_MODULES' in [systemEnvironment] with type [String]
[DEBUG] 2017-06-04 15:06:45.431 [main] PropertySourcesPropertyResolver - Found key 'INSTANCE' in [systemEnvironment] with type [String]
[DEBUG] 2017-06-04 15:06:45.431 [main] PropertySourcesPropertyResolver - Found key 'J2SDKDIR' in [systemEnvironment] with type [String]
[DEBUG] 2017-06-04 15:06:45.432 [main] PropertySourcesPropertyResolver - Found key 'OLDPWD' in [systemEnvironment] with type [String]
[DEBUG] 2017-06-04 15:06:45.432 [main] PropertySourcesPropertyResolver - Found key 'GNOME_DESKTOP_SESSION_ID' in [systemEnvironment] with type [String]
[DEBUG] 2017-06-04 15:06:45.432 [main] PropertySourcesPropertyResolver - Found key 'UPSTART_INSTANCE' in [systemEnvironment] with type [String]
[DEBUG] 2017-06-04 15:06:45.432 [main] PropertySourcesPropertyResolver - Found key 'GTK_MODULES' in [systemEnvironment] with type [String]
[DEBUG] 2017-06-04 15:06:45.432 [main] PropertySourcesPropertyResolver - Found key 'J2REDIR' in [systemEnvironment] with type [String]
[DEBUG] 2017-06-04 15:06:45.432 [main] PropertySourcesPropertyResolver - Found key 'GDK_SCALE' in [systemEnvironment] with type [String]
[DEBUG] 2017-06-04 15:06:45.432 [main] PropertySourcesPropertyResolver - Found key 'CLUTTER_IM_MODULE' in [systemEnvironment] with type [String]
[DEBUG] 2017-06-04 15:06:45.432 [main] PropertySourcesPropertyResolver - Found key 'XDG_SESSION_PATH' in [systemEnvironment] with type [String]
[DEBUG] 2017-06-04 15:06:45.432 [main] PropertySourcesPropertyResolver - Found key 'COMPIZ_BIN_PATH' in [systemEnvironment] with type [String]
[DEBUG] 2017-06-04 15:06:45.433 [main] PropertySourcesPropertyResolver - Found key 'SESSIONTYPE' in [systemEnvironment] with type [String]
[DEBUG] 2017-06-04 15:06:45.433 [main] PropertySourcesPropertyResolver - Found key 'XDG_SESSION_DESKTOP' in [systemEnvironment] with type [String]
[DEBUG] 2017-06-04 15:06:45.433 [main] PropertySourcesPropertyResolver - Found key 'SHLVL' in [systemEnvironment] with type [String]
[DEBUG] 2017-06-04 15:06:45.433 [main] PropertySourcesPropertyResolver - Found key 'OXYGEN_DISABLE_INNER_SHADOWS_HACK' in [systemEnvironment] with type [String]
[DEBUG] 2017-06-04 15:06:45.433 [main] PropertySourcesPropertyResolver - Found key 'COMPIZ_CONFIG_PROFILE' in [systemEnvironment] with type [String]
[DEBUG] 2017-06-04 15:06:45.434 [main] PropertySourcesPropertyResolver - Found key 'QT_IM_MODULE' in [systemEnvironment] with type [String]
[DEBUG] 2017-06-04 15:06:45.434 [main] PropertySourcesPropertyResolver - Found key 'UPSTART_JOB' in [systemEnvironment] with type [String]
[DEBUG] 2017-06-04 15:06:45.434 [main] PropertySourcesPropertyResolver - Found key 'JAVA_HOME' in [systemEnvironment] with type [String]
[DEBUG] 2017-06-04 15:06:45.434 [main] PropertySourcesPropertyResolver - Found key 'XDG_CONFIG_DIRS' in [systemEnvironment] with type [String]
[DEBUG] 2017-06-04 15:06:45.434 [main] PropertySourcesPropertyResolver - Found key 'XFILESEARCHPATH' in [systemEnvironment] with type [String]
[DEBUG] 2017-06-04 15:06:45.434 [main] PropertySourcesPropertyResolver - Found key 'LANG' in [systemEnvironment] with type [String]
[DEBUG] 2017-06-04 15:06:45.434 [main] PropertySourcesPropertyResolver - Found key 'GNOME_KEYRING_CONTROL' in [systemEnvironment] with type [String]
[DEBUG] 2017-06-04 15:06:45.434 [main] PropertySourcesPropertyResolver - Found key 'XDG_SEAT_PATH' in [systemEnvironment] with type [String]
[DEBUG] 2017-06-04 15:06:45.434 [main] PropertySourcesPropertyResolver - Found key 'XDG_SESSION_ID' in [systemEnvironment] with type [String]
[DEBUG] 2017-06-04 15:06:45.434 [main] PropertySourcesPropertyResolver - Found key 'XDG_SESSION_TYPE' in [systemEnvironment] with type [String]
[DEBUG] 2017-06-04 15:06:45.435 [main] PropertySourcesPropertyResolver - Found key 'DISPLAY' in [systemEnvironment] with type [String]
[DEBUG] 2017-06-04 15:06:45.435 [main] PropertySourcesPropertyResolver - Found key 'NODE_PATH' in [systemEnvironment] with type [String]
[DEBUG] 2017-06-04 15:06:45.435 [main] PropertySourcesPropertyResolver - Found key 'GDM_LANG' in [systemEnvironment] with type [String]
[DEBUG] 2017-06-04 15:06:45.435 [main] PropertySourcesPropertyResolver - Found key 'XDG_GREETER_DATA_DIR' in [systemEnvironment] with type [String]
[DEBUG] 2017-06-04 15:06:45.435 [main] PropertySourcesPropertyResolver - Found key 'UPSTART_EVENTS' in [systemEnvironment] with type [String]
[DEBUG] 2017-06-04 15:06:45.435 [main] PropertySourcesPropertyResolver - Found key 'LIBOVERLAY_SCROLLBAR' in [systemEnvironment] with type [String]
[DEBUG] 2017-06-04 15:06:45.435 [main] PropertySourcesPropertyResolver - Found key 'GPG_AGENT_INFO' in [systemEnvironment] with type [String]
[DEBUG] 2017-06-04 15:06:45.435 [main] PropertySourcesPropertyResolver - Found key 'GDK_CORE_DEVICE_EVENTS' in [systemEnvironment] with type [String]
[DEBUG] 2017-06-04 15:06:45.435 [main] PropertySourcesPropertyResolver - Found key 'DESKTOP_SESSION' in [systemEnvironment] with type [String]
[DEBUG] 2017-06-04 15:06:45.435 [main] PropertySourcesPropertyResolver - Found key 'SESSION' in [systemEnvironment] with type [String]
[DEBUG] 2017-06-04 15:06:45.435 [main] PropertySourcesPropertyResolver - Found key 'USER' in [systemEnvironment] with type [String]
[DEBUG] 2017-06-04 15:06:45.436 [main] PropertySourcesPropertyResolver - Found key 'GIO_LAUNCHED_DESKTOP_FILE_PID' in [systemEnvironment] with type [String]
[DEBUG] 2017-06-04 15:06:45.436 [main] PropertySourcesPropertyResolver - Found key 'QT_ACCESSIBILITY' in [systemEnvironment] with type [String]
[DEBUG] 2017-06-04 15:06:45.436 [main] PropertySourcesPropertyResolver - Found key 'SSH_AUTH_SOCK' in [systemEnvironment] with type [String]
[DEBUG] 2017-06-04 15:06:45.436 [main] PropertySourcesPropertyResolver - Found key 'XDG_SEAT' in [systemEnvironment] with type [String]
[DEBUG] 2017-06-04 15:06:45.436 [main] PropertySourcesPropertyResolver - Found key 'NLSPATH' in [systemEnvironment] with type [String]
[DEBUG] 2017-06-04 15:06:45.436 [main] PropertySourcesPropertyResolver - Found key 'QT_QPA_PLATFORMTHEME' in [systemEnvironment] with type [String]
[DEBUG] 2017-06-04 15:06:45.436 [main] PropertySourcesPropertyResolver - Found key 'XDG_VTNR' in [systemEnvironment] with type [String]
[DEBUG] 2017-06-04 15:06:45.436 [main] PropertySourcesPropertyResolver - Found key 'XDG_RUNTIME_DIR' in [systemEnvironment] with type [String]
[DEBUG] 2017-06-04 15:06:45.436 [main] PropertySourcesPropertyResolver - Found key 'HOME' in [systemEnvironment] with type [String]
[DEBUG] 2017-06-04 15:06:45.436 [main] PropertySourcesPropertyResolver - Found key 'GNOME_KEYRING_PID' in [systemEnvironment] with type [String]
[DEBUG] 2017-06-04 15:06:45.436 [main] PropertySourcesPropertyResolver - Found key 'logging.config' in [applicationConfigurationProperties] with type [String]
[DEBUG] 2017-06-04 15:06:45.444 [main] DefaultListableBeanFactory - Returning cached instance of singleton bean 'autoConfigurationReport'
[DEBUG] 2017-06-04 15:06:45.452 [main] DefaultListableBeanFactory - Returning cached instance of singleton bean 'autoConfigurationReport'
[DEBUG] 2017-06-04 15:06:45.461 [main] DefaultListableBeanFactory - Returning cached instance of singleton bean 'autoConfigurationReport'
[DEBUG] 2017-06-04 15:06:45.464 [main] DefaultListableBeanFactory - Returning cached instance of singleton bean 'autoConfigurationReport'
[DEBUG] 2017-06-04 15:06:45.478 [main] PropertySourcesPropertyResolver - Found key 'spring.cache.type' in [Annotations] with type [CacheType]
[DEBUG] 2017-06-04 15:06:45.479 [main] DefaultListableBeanFactory - Returning cached instance of singleton bean 'autoConfigurationReport'
[DEBUG] 2017-06-04 15:06:45.481 [main] DefaultListableBeanFactory - Returning cached instance of singleton bean 'autoConfigurationReport'
[DEBUG] 2017-06-04 15:06:45.482 [main] DefaultListableBeanFactory - Returning cached instance of singleton bean 'autoConfigurationReport'
[DEBUG] 2017-06-04 15:06:45.484 [main] DefaultListableBeanFactory - Returning cached instance of singleton bean 'autoConfigurationReport'
[DEBUG] 2017-06-04 15:06:45.485 [main] DefaultListableBeanFactory - Returning cached instance of singleton bean 'autoConfigurationReport'
[DEBUG] 2017-06-04 15:06:45.486 [main] DefaultListableBeanFactory - Returning cached instance of singleton bean 'autoConfigurationReport'
[DEBUG] 2017-06-04 15:06:45.487 [main] PropertySourcesPropertyResolver - Found key 'spring.cache.type' in [Annotations] with type [CacheType]
[DEBUG] 2017-06-04 15:06:45.487 [main] DefaultListableBeanFactory - Returning cached instance of singleton bean 'autoConfigurationReport'
[DEBUG] 2017-06-04 15:06:45.488 [main] DefaultListableBeanFactory - Returning cached instance of singleton bean 'autoConfigurationReport'
[DEBUG] 2017-06-04 15:06:45.489 [main] DefaultListableBeanFactory - Returning cached instance of singleton bean 'autoConfigurationReport'
[DEBUG] 2017-06-04 15:06:45.489 [main] PropertySourcesPropertyResolver - Found key 'spring.cache.type' in [Annotations] with type [CacheType]
[DEBUG] 2017-06-04 15:06:45.490 [main] DefaultListableBeanFactory - Returning cached instance of singleton bean 'autoConfigurationReport'
[DEBUG] 2017-06-04 15:06:45.490 [main] PropertySourcesPropertyResolver - Found key 'spring.cache.type' in [Annotations] with type [CacheType]
[DEBUG] 2017-06-04 15:06:45.490 [main] DefaultListableBeanFactory - Returning cached instance of singleton bean 'autoConfigurationReport'
[DEBUG] 2017-06-04 15:06:45.492 [main] DefaultListableBeanFactory - Returning cached instance of singleton bean 'autoConfigurationReport'
[DEBUG] 2017-06-04 15:06:45.493 [main] DefaultListableBeanFactory - Returning cached instance of singleton bean 'autoConfigurationReport'
[DEBUG] 2017-06-04 15:06:45.493 [main] DefaultListableBeanFactory - Returning cached instance of singleton bean 'autoConfigurationReport'
[DEBUG] 2017-06-04 15:06:45.494 [main] DefaultListableBeanFactory - Returning cached instance of singleton bean 'autoConfigurationReport'
[DEBUG] 2017-06-04 15:06:45.499 [main] DefaultListableBeanFactory - Returning cached instance of singleton bean 'autoConfigurationReport'
[DEBUG] 2017-06-04 15:06:45.502 [main] DefaultListableBeanFactory - Returning cached instance of singleton bean 'autoConfigurationReport'
[DEBUG] 2017-06-04 15:06:45.504 [main] DefaultListableBeanFactory - Returning cached instance of singleton bean 'autoConfigurationReport'
[DEBUG] 2017-06-04 15:06:45.505 [main] DefaultListableBeanFactory - Returning cached instance of singleton bean 'autoConfigurationReport'
[DEBUG] 2017-06-04 15:06:45.505 [main] DefaultListableBeanFactory - Returning cached instance of singleton bean 'autoConfigurationReport'
[DEBUG] 2017-06-04 15:06:45.507 [main] DefaultListableBeanFactory - Returning cached instance of singleton bean 'autoConfigurationReport'
[DEBUG] 2017-06-04 15:06:45.509 [main] DefaultListableBeanFactory - Returning cached instance of singleton bean 'autoConfigurationReport'
[DEBUG] 2017-06-04 15:06:45.514 [main] DefaultListableBeanFactory - Returning cached instance of singleton bean 'autoConfigurationReport'
[DEBUG] 2017-06-04 15:06:45.514 [main] DefaultListableBeanFactory - Returning cached instance of singleton bean 'autoConfigurationReport'
[DEBUG] 2017-06-04 15:06:45.514 [main] DefaultListableBeanFactory - Returning cached instance of singleton bean 'autoConfigurationReport'
[DEBUG] 2017-06-04 15:06:45.516 [main] DefaultListableBeanFactory - Returning cached instance of singleton bean 'autoConfigurationReport'
[DEBUG] 2017-06-04 15:06:45.521 [main] DefaultListableBeanFactory - Returning cached instance of singleton bean 'autoConfigurationReport'
[DEBUG] 2017-06-04 15:06:45.521 [main] DefaultListableBeanFactory - Returning cached instance of singleton bean 'autoConfigurationReport'
[DEBUG] 2017-06-04 15:06:45.535 [main] DefaultListableBeanFactory - Returning cached instance of singleton bean 'autoConfigurationReport'
[DEBUG] 2017-06-04 15:06:45.536 [main] DefaultListableBeanFactory - Returning cached instance of singleton bean 'autoConfigurationReport'
[DEBUG] 2017-06-04 15:06:45.536 [main] DefaultListableBeanFactory - Returning cached instance of singleton bean 'autoConfigurationReport'
[DEBUG] 2017-06-04 15:06:45.539 [main] PropertySourcesPropertyResolver - Found key 'spring.test.mockmvc.secure' in [Annotations] with type [Boolean]
[DEBUG] 2017-06-04 15:06:45.540 [main] DefaultListableBeanFactory - Returning cached instance of singleton bean 'autoConfigurationReport'
[DEBUG] 2017-06-04 15:06:45.545 [main] DefaultListableBeanFactory - Returning cached instance of singleton bean 'autoConfigurationReport'
[DEBUG] 2017-06-04 15:06:45.546 [main] DefaultListableBeanFactory - Returning cached instance of singleton bean 'autoConfigurationReport'
[DEBUG] 2017-06-04 15:06:45.549 [main] DefaultListableBeanFactory - Returning cached instance of singleton bean 'autoConfigurationReport'
[DEBUG] 2017-06-04 15:06:45.549 [main] DefaultListableBeanFactory - Returning cached instance of singleton bean 'autoConfigurationReport'
[DEBUG] 2017-06-04 15:06:45.550 [main] DefaultListableBeanFactory - Returning cached instance of singleton bean 'autoConfigurationReport'
[DEBUG] 2017-06-04 15:06:45.550 [main] PropertySourcesPropertyResolver - Found key 'spring.boot.enableautoconfiguration' in [test] with type [String]
[DEBUG] 2017-06-04 15:06:45.553 [main] ConfigurationClassBeanDefinitionReader - Registered bean definition for imported class 'com.stackroute.ng2boot.controllers.MovieRestControllerTest'
[DEBUG] 2017-06-04 15:06:45.555 [main] StandardEnvironment - Adding [systemProperties] PropertySource with lowest search precedence
[DEBUG] 2017-06-04 15:06:45.555 [main] StandardEnvironment - Adding [systemEnvironment] PropertySource with lowest search precedence
[DEBUG] 2017-06-04 15:06:45.555 [main] StandardEnvironment - Initialized StandardEnvironment with PropertySources [systemProperties,systemEnvironment]
[DEBUG] 2017-06-04 15:06:45.555 [main] PathMatchingResourcePatternResolver - Resolved classpath location [org/springframework/data/] to resources [URL [jar:file:/home/user/.m2/repository/org/springframework/data/spring-data-mongodb/1.9.5.RELEASE/spring-data-mongodb-1.9.5.RELEASE.jar!/org/springframework/data/], URL [jar:file:/home/user/.m2/repository/org/springframework/data/spring-data-commons/1.12.5.RELEASE/spring-data-commons-1.12.5.RELEASE.jar!/org/springframework/data/]]
[DEBUG] 2017-06-04 15:06:45.556 [main] PathMatchingResourcePatternResolver - Looking for matching resources in jar file [file:/home/user/.m2/repository/org/springframework/data/spring-data-mongodb/1.9.5.RELEASE/spring-data-mongodb-1.9.5.RELEASE.jar]
[DEBUG] 2017-06-04 15:06:45.560 [main] PathMatchingResourcePatternResolver - Looking for matching resources in jar file [file:/home/user/.m2/repository/org/springframework/data/spring-data-commons/1.12.5.RELEASE/spring-data-commons-1.12.5.RELEASE.jar]
[DEBUG] 2017-06-04 15:06:45.565 [main] PathMatchingResourcePatternResolver - Resolved location pattern [classpath*:org/springframework/data/**/repository/support/**/*.class] to resources [URL [jar:file:/home/user/.m2/repository/org/springframework/data/spring-data-mongodb/1.9.5.RELEASE/spring-data-mongodb-1.9.5.RELEASE.jar!/org/springframework/data/mongodb/repository/support/IndexEnsuringQueryCreationListener.class], URL [jar:file:/home/user/.m2/repository/org/springframework/data/spring-data-mongodb/1.9.5.RELEASE/spring-data-mongodb-1.9.5.RELEASE.jar!/org/springframework/data/mongodb/repository/support/MappingMongoEntityInformation.class], URL [jar:file:/home/user/.m2/repository/org/springframework/data/spring-data-mongodb/1.9.5.RELEASE/spring-data-mongodb-1.9.5.RELEASE.jar!/org/springframework/data/mongodb/repository/support/MongoAnnotationProcessor.class], URL [jar:file:/home/user/.m2/repository/org/springframework/data/spring-data-mongodb/1.9.5.RELEASE/spring-data-mongodb-1.9.5.RELEASE.jar!/org/springframework/data/mongodb/repository/support/MongoRepositoryFactory$MongoQueryLookupStrategy.class], URL [jar:file:/home/user/.m2/repository/org/springframework/data/spring-data-mongodb/1.9.5.RELEASE/spring-data-mongodb-1.9.5.RELEASE.jar!/org/springframework/data/mongodb/repository/support/MongoRepositoryFactory.class], URL [jar:file:/home/user/.m2/repository/org/springframework/data/spring-data-mongodb/1.9.5.RELEASE/spring-data-mongodb-1.9.5.RELEASE.jar!/org/springframework/data/mongodb/repository/support/MongoRepositoryFactoryBean.class], URL [jar:file:/home/user/.m2/repository/org/springframework/data/spring-data-mongodb/1.9.5.RELEASE/spring-data-mongodb-1.9.5.RELEASE.jar!/org/springframework/data/mongodb/repository/support/QueryDslMongoRepository.class], URL [jar:file:/home/user/.m2/repository/org/springframework/data/spring-data-mongodb/1.9.5.RELEASE/spring-data-mongodb-1.9.5.RELEASE.jar!/org/springframework/data/mongodb/repository/support/QuerydslRepositorySupport.class], URL [jar:file:/home/user/.m2/repository/org/springframework/data/spring-data-mongodb/1.9.5.RELEASE/spring-data-mongodb-1.9.5.RELEASE.jar!/org/springframework/data/mongodb/repository/support/SimpleMongoRepository.class], URL [jar:file:/home/user/.m2/repository/org/springframework/data/spring-data-mongodb/1.9.5.RELEASE/spring-data-mongodb-1.9.5.RELEASE.jar!/org/springframework/data/mongodb/repository/support/SpringDataMongodbQuery$1.class], URL [jar:file:/home/user/.m2/repository/org/springframework/data/spring-data-mongodb/1.9.5.RELEASE/spring-data-mongodb-1.9.5.RELEASE.jar!/org/springframework/data/mongodb/repository/support/SpringDataMongodbQuery.class], URL [jar:file:/home/user/.m2/repository/org/springframework/data/spring-data-mongodb/1.9.5.RELEASE/spring-data-mongodb-1.9.5.RELEASE.jar!/org/springframework/data/mongodb/repository/support/SpringDataMongodbSerializer.class], URL [jar:file:/home/user/.m2/repository/org/springframework/data/spring-data-commons/1.12.5.RELEASE/spring-data-commons-1.12.5.RELEASE.jar!/org/springframework/data/repository/support/AnnotationAttribute.class], URL [jar:file:/home/user/.m2/repository/org/springframework/data/spring-data-commons/1.12.5.RELEASE/spring-data-commons-1.12.5.RELEASE.jar!/org/springframework/data/repository/support/CrudRepositoryInvoker.class], URL [jar:file:/home/user/.m2/repository/org/springframework/data/spring-data-commons/1.12.5.RELEASE/spring-data-commons-1.12.5.RELEASE.jar!/org/springframework/data/repository/support/DefaultRepositoryInvokerFactory.class], URL [jar:file:/home/user/.m2/repository/org/springframework/data/spring-data-commons/1.12.5.RELEASE/spring-data-commons-1.12.5.RELEASE.jar!/org/springframework/data/repository/support/DomainClassConverter$ToEntityConverter.class], URL [jar:file:/home/user/.m2/repository/org/springframework/data/spring-data-commons/1.12.5.RELEASE/spring-data-commons-1.12.5.RELEASE.jar!/org/springframework/data/repository/support/DomainClassConverter$ToIdConverter.class], URL [jar:file:/home/user/.m2/repository/org/springframework/data/spring-data-commons/1.12.5.RELEASE/spring-data-commons-1.12.5.RELEASE.jar!/org/springframework/data/repository/support/DomainClassConverter.class], URL [jar:file:/home/user/.m2/repository/org/springframework/data/spring-data-commons/1.12.5.RELEASE/spring-data-commons-1.12.5.RELEASE.jar!/org/springframework/data/repository/support/DomainClassPropertyEditor.class], URL [jar:file:/home/user/.m2/repository/org/springframework/data/spring-data-commons/1.12.5.RELEASE/spring-data-commons-1.12.5.RELEASE.jar!/org/springframework/data/repository/support/DomainClassPropertyEditorRegistrar.class], URL [jar:file:/home/user/.m2/repository/org/springframework/data/spring-data-commons/1.12.5.RELEASE/spring-data-commons-1.12.5.RELEASE.jar!/org/springframework/data/repository/support/MethodParameters$AnnotationNamingMethodParameter.class], URL [jar:file:/home/user/.m2/repository/org/springframework/data/spring-data-commons/1.12.5.RELEASE/spring-data-commons-1.12.5.RELEASE.jar!/org/springframework/data/repository/support/MethodParameters.class], URL [jar:file:/home/user/.m2/repository/org/springframework/data/spring-data-commons/1.12.5.RELEASE/spring-data-commons-1.12.5.RELEASE.jar!/org/springframework/data/repository/support/PagingAndSortingRepositoryInvoker.class], URL [jar:file:/home/user/.m2/repository/org/springframework/data/spring-data-commons/1.12.5.RELEASE/spring-data-commons-1.12.5.RELEASE.jar!/org/springframework/data/repository/support/QueryMethodParameterConversionException.class], URL [jar:file:/home/user/.m2/repository/org/springframework/data/spring-data-commons/1.12.5.RELEASE/spring-data-commons-1.12.5.RELEASE.jar!/org/springframework/data/repository/support/ReflectionRepositoryInvoker.class], URL [jar:file:/home/user/.m2/repository/org/springframework/data/spring-data-commons/1.12.5.RELEASE/spring-data-commons-1.12.5.RELEASE.jar!/org/springframework/data/repository/support/Repositories$EmptyRepositoryFactoryInformation.class], URL [jar:file:/home/user/.m2/repository/org/springframework/data/spring-data-commons/1.12.5.RELEASE/spring-data-commons-1.12.5.RELEASE.jar!/org/springframework/data/repository/support/Repositories.class], URL [jar:file:/home/user/.m2/repository/org/springframework/data/spring-data-commons/1.12.5.RELEASE/spring-data-commons-1.12.5.RELEASE.jar!/org/springframework/data/repository/support/RepositoryInvocationInformation.class], URL [jar:file:/home/user/.m2/repository/org/springframework/data/spring-data-commons/1.12.5.RELEASE/spring-data-commons-1.12.5.RELEASE.jar!/org/springframework/data/repository/support/RepositoryInvoker.class], URL [jar:file:/home/user/.m2/repository/org/springframework/data/spring-data-commons/1.12.5.RELEASE/spring-data-commons-1.12.5.RELEASE.jar!/org/springframework/data/repository/support/RepositoryInvokerFactory.class]]
[DEBUG] 2017-06-04 15:06:45.568 [main] AssignableTypeFilter - Could not read super class [com.querydsl.apt.AbstractQuerydslProcessor] of type-filtered class [org.springframework.data.mongodb.repository.support.MongoAnnotationProcessor]
[DEBUG] 2017-06-04 15:06:45.570 [main] ClassPathScanningCandidateComponentProvider - Identified candidate component class: URL [jar:file:/home/user/.m2/repository/org/springframework/data/spring-data-mongodb/1.9.5.RELEASE/spring-data-mongodb-1.9.5.RELEASE.jar!/org/springframework/data/mongodb/repository/support/MongoRepositoryFactory.class]
[DEBUG] 2017-06-04 15:06:45.578 [main] AssignableTypeFilter - Could not read super class [com.querydsl.mongodb.AbstractMongodbQuery] of type-filtered class [org.springframework.data.mongodb.repository.support.SpringDataMongodbQuery]
[DEBUG] 2017-06-04 15:06:45.579 [main] AssignableTypeFilter - Could not read super class [com.querydsl.mongodb.MongodbSerializer] of type-filtered class [org.springframework.data.mongodb.repository.support.SpringDataMongodbSerializer]
[DEBUG] 2017-06-04 15:06:45.591 [main] StandardEnvironment - Adding [systemProperties] PropertySource with lowest search precedence
[DEBUG] 2017-06-04 15:06:45.592 [main] StandardEnvironment - Adding [systemEnvironment] PropertySource with lowest search precedence
[DEBUG] 2017-06-04 15:06:45.592 [main] StandardEnvironment - Initialized StandardEnvironment with PropertySources [systemProperties,systemEnvironment]
[DEBUG] 2017-06-04 15:06:45.592 [main] PathMatchingResourcePatternResolver - Resolved classpath location [com/stackroute/ng2boot/] to resources [URL [file:/home/user/Downloads/part1_movieapp-starter/spring-rest/target/test-classes/com/stackroute/ng2boot/], URL [file:/home/user/Downloads/part1_movieapp-starter/spring-rest/target/classes/com/stackroute/ng2boot/]]
[DEBUG] 2017-06-04 15:06:45.593 [main] PathMatchingResourcePatternResolver - Looking for matching resources in directory tree [/home/user/Downloads/part1_movieapp-starter/spring-rest/target/test-classes/com/stackroute/ng2boot]
[DEBUG] 2017-06-04 15:06:45.593 [main] PathMatchingResourcePatternResolver - Searching directory [/home/user/Downloads/part1_movieapp-starter/spring-rest/target/test-classes/com/stackroute/ng2boot] for files matching pattern [/home/user/Downloads/part1_movieapp-starter/spring-rest/target/test-classes/com/stackroute/ng2boot/**/*.class]
[DEBUG] 2017-06-04 15:06:45.593 [main] PathMatchingResourcePatternResolver - Searching directory [/home/user/Downloads/part1_movieapp-starter/spring-rest/target/test-classes/com/stackroute/ng2boot/controllers] for files matching pattern [/home/user/Downloads/part1_movieapp-starter/spring-rest/target/test-classes/com/stackroute/ng2boot/**/*.class]
[DEBUG] 2017-06-04 15:06:45.593 [main] PathMatchingResourcePatternResolver - Looking for matching resources in directory tree [/home/user/Downloads/part1_movieapp-starter/spring-rest/target/classes/com/stackroute/ng2boot]
[DEBUG] 2017-06-04 15:06:45.593 [main] PathMatchingResourcePatternResolver - Searching directory [/home/user/Downloads/part1_movieapp-starter/spring-rest/target/classes/com/stackroute/ng2boot] for files matching pattern [/home/user/Downloads/part1_movieapp-starter/spring-rest/target/classes/com/stackroute/ng2boot/**/*.class]
[DEBUG] 2017-06-04 15:06:45.594 [main] PathMatchingResourcePatternResolver - Searching directory [/home/user/Downloads/part1_movieapp-starter/spring-rest/target/classes/com/stackroute/ng2boot/config] for files matching pattern [/home/user/Downloads/part1_movieapp-starter/spring-rest/target/classes/com/stackroute/ng2boot/**/*.class]
[DEBUG] 2017-06-04 15:06:45.595 [main] PathMatchingResourcePatternResolver - Searching directory [/home/user/Downloads/part1_movieapp-starter/spring-rest/target/classes/com/stackroute/ng2boot/controllers] for files matching pattern [/home/user/Downloads/part1_movieapp-starter/spring-rest/target/classes/com/stackroute/ng2boot/**/*.class]
[DEBUG] 2017-06-04 15:06:45.595 [main] PathMatchingResourcePatternResolver - Searching directory [/home/user/Downloads/part1_movieapp-starter/spring-rest/target/classes/com/stackroute/ng2boot/domain] for files matching pattern [/home/user/Downloads/part1_movieapp-starter/spring-rest/target/classes/com/stackroute/ng2boot/**/*.class]
[DEBUG] 2017-06-04 15:06:45.595 [main] PathMatchingResourcePatternResolver - Searching directory [/home/user/Downloads/part1_movieapp-starter/spring-rest/target/classes/com/stackroute/ng2boot/links] for files matching pattern [/home/user/Downloads/part1_movieapp-starter/spring-rest/target/classes/com/stackroute/ng2boot/**/*.class]
[DEBUG] 2017-06-04 15:06:45.595 [main] PathMatchingResourcePatternResolver - Searching directory [/home/user/Downloads/part1_movieapp-starter/spring-rest/target/classes/com/stackroute/ng2boot/repository] for files matching pattern [/home/user/Downloads/part1_movieapp-starter/spring-rest/target/classes/com/stackroute/ng2boot/**/*.class]
[DEBUG] 2017-06-04 15:06:45.595 [main] PathMatchingResourcePatternResolver - Searching directory [/home/user/Downloads/part1_movieapp-starter/spring-rest/target/classes/com/stackroute/ng2boot/service] for files matching pattern [/home/user/Downloads/part1_movieapp-starter/spring-rest/target/classes/com/stackroute/ng2boot/**/*.class]
[DEBUG] 2017-06-04 15:06:45.596 [main] PathMatchingResourcePatternResolver - Resolved location pattern [classpath*:com/stackroute/ng2boot/**/*.class] to resources [file [/home/user/Downloads/part1_movieapp-starter/spring-rest/target/test-classes/com/stackroute/ng2boot/Ng2bootApplicationTests.class], file [/home/user/Downloads/part1_movieapp-starter/spring-rest/target/test-classes/com/stackroute/ng2boot/controllers/MovieRestControllerTest.class], file [/home/user/Downloads/part1_movieapp-starter/spring-rest/target/classes/com/stackroute/ng2boot/Ng2bootApplication.class], file [/home/user/Downloads/part1_movieapp-starter/spring-rest/target/classes/com/stackroute/ng2boot/config/SwaggerConfig.class], file [/home/user/Downloads/part1_movieapp-starter/spring-rest/target/classes/com/stackroute/ng2boot/controllers/MovieRestController.class], file [/home/user/Downloads/part1_movieapp-starter/spring-rest/target/classes/com/stackroute/ng2boot/controllers/MovieRestControllerTest.class], file [/home/user/Downloads/part1_movieapp-starter/spring-rest/target/classes/com/stackroute/ng2boot/domain/Movie.class], file [/home/user/Downloads/part1_movieapp-starter/spring-rest/target/classes/com/stackroute/ng2boot/links/MovieLinks.class], file [/home/user/Downloads/part1_movieapp-starter/spring-rest/target/classes/com/stackroute/ng2boot/links/MovieLinksImpl.class], file [/home/user/Downloads/part1_movieapp-starter/spring-rest/target/classes/com/stackroute/ng2boot/repository/CrudsRepository.class], file [/home/user/Downloads/part1_movieapp-starter/spring-rest/target/classes/com/stackroute/ng2boot/repository/MovieRepository.class], file [/home/user/Downloads/part1_movieapp-starter/spring-rest/target/classes/com/stackroute/ng2boot/service/MovieGetService.class], file [/home/user/Downloads/part1_movieapp-starter/spring-rest/target/classes/com/stackroute/ng2boot/service/MovieGetServiceImpl.class]]
[DEBUG] 2017-06-04 15:06:45.605 [main] RepositoryComponentProvider - Identified candidate component class: file [/home/user/Downloads/part1_movieapp-starter/spring-rest/target/classes/com/stackroute/ng2boot/repository/CrudsRepository.class]
[DEBUG] 2017-06-04 15:06:45.607 [main] RepositoryComponentProvider - Identified candidate component class: file [/home/user/Downloads/part1_movieapp-starter/spring-rest/target/classes/com/stackroute/ng2boot/repository/MovieRepository.class]
[DEBUG] 2017-06-04 15:06:45.609 [main] StandardEnvironment - Adding [systemProperties] PropertySource with lowest search precedence
[DEBUG] 2017-06-04 15:06:45.610 [main] StandardEnvironment - Adding [systemEnvironment] PropertySource with lowest search precedence
[DEBUG] 2017-06-04 15:06:45.610 [main] StandardEnvironment - Initialized StandardEnvironment with PropertySources [systemProperties,systemEnvironment]
[DEBUG] 2017-06-04 15:06:45.610 [main] PathMatchingResourcePatternResolver - Resolved classpath location [com/stackroute/ng2boot/] to resources [URL [file:/home/user/Downloads/part1_movieapp-starter/spring-rest/target/test-classes/com/stackroute/ng2boot/], URL [file:/home/user/Downloads/part1_movieapp-starter/spring-rest/target/classes/com/stackroute/ng2boot/]]
[DEBUG] 2017-06-04 15:06:45.610 [main] PathMatchingResourcePatternResolver - Looking for matching resources in directory tree [/home/user/Downloads/part1_movieapp-starter/spring-rest/target/test-classes/com/stackroute/ng2boot]
[DEBUG] 2017-06-04 15:06:45.610 [main] PathMatchingResourcePatternResolver - Searching directory [/home/user/Downloads/part1_movieapp-starter/spring-rest/target/test-classes/com/stackroute/ng2boot] for files matching pattern [/home/user/Downloads/part1_movieapp-starter/spring-rest/target/test-classes/com/stackroute/ng2boot/**/*CrudsRepositoryImpl.class]
[DEBUG] 2017-06-04 15:06:45.611 [main] PathMatchingResourcePatternResolver - Searching directory [/home/user/Downloads/part1_movieapp-starter/spring-rest/target/test-classes/com/stackroute/ng2boot/controllers] for files matching pattern [/home/user/Downloads/part1_movieapp-starter/spring-rest/target/test-classes/com/stackroute/ng2boot/**/*CrudsRepositoryImpl.class]
[DEBUG] 2017-06-04 15:06:45.611 [main] PathMatchingResourcePatternResolver - Looking for matching resources in directory tree [/home/user/Downloads/part1_movieapp-starter/spring-rest/target/classes/com/stackroute/ng2boot]
[DEBUG] 2017-06-04 15:06:45.611 [main] PathMatchingResourcePatternResolver - Searching directory [/home/user/Downloads/part1_movieapp-starter/spring-rest/target/classes/com/stackroute/ng2boot] for files matching pattern [/home/user/Downloads/part1_movieapp-starter/spring-rest/target/classes/com/stackroute/ng2boot/**/*CrudsRepositoryImpl.class]
[DEBUG] 2017-06-04 15:06:45.611 [main] PathMatchingResourcePatternResolver - Searching directory [/home/user/Downloads/part1_movieapp-starter/spring-rest/target/classes/com/stackroute/ng2boot/config] for files matching pattern [/home/user/Downloads/part1_movieapp-starter/spring-rest/target/classes/com/stackroute/ng2boot/**/*CrudsRepositoryImpl.class]
[DEBUG] 2017-06-04 15:06:45.611 [main] PathMatchingResourcePatternResolver - Searching directory [/home/user/Downloads/part1_movieapp-starter/spring-rest/target/classes/com/stackroute/ng2boot/controllers] for files matching pattern [/home/user/Downloads/part1_movieapp-starter/spring-rest/target/classes/com/stackroute/ng2boot/**/*CrudsRepositoryImpl.class]
[DEBUG] 2017-06-04 15:06:45.611 [main] PathMatchingResourcePatternResolver - Searching directory [/home/user/Downloads/part1_movieapp-starter/spring-rest/target/classes/com/stackroute/ng2boot/domain] for files matching pattern [/home/user/Downloads/part1_movieapp-starter/spring-rest/target/classes/com/stackroute/ng2boot/**/*CrudsRepositoryImpl.class]
[DEBUG] 2017-06-04 15:06:45.611 [main] PathMatchingResourcePatternResolver - Searching directory [/home/user/Downloads/part1_movieapp-starter/spring-rest/target/classes/com/stackroute/ng2boot/links] for files matching pattern [/home/user/Downloads/part1_movieapp-starter/spring-rest/target/classes/com/stackroute/ng2boot/**/*CrudsRepositoryImpl.class]
[DEBUG] 2017-06-04 15:06:45.611 [main] PathMatchingResourcePatternResolver - Searching directory [/home/user/Downloads/part1_movieapp-starter/spring-rest/target/classes/com/stackroute/ng2boot/repository] for files matching pattern [/home/user/Downloads/part1_movieapp-starter/spring-rest/target/classes/com/stackroute/ng2boot/**/*CrudsRepositoryImpl.class]
[DEBUG] 2017-06-04 15:06:45.612 [main] PathMatchingResourcePatternResolver - Searching directory [/home/user/Downloads/part1_movieapp-starter/spring-rest/target/classes/com/stackroute/ng2boot/service] for files matching pattern [/home/user/Downloads/part1_movieapp-starter/spring-rest/target/classes/com/stackroute/ng2boot/**/*CrudsRepositoryImpl.class]
[DEBUG] 2017-06-04 15:06:45.612 [main] PathMatchingResourcePatternResolver - Resolved location pattern [classpath*:com/stackroute/ng2boot/**/*CrudsRepositoryImpl.class] to resources []
[DEBUG] 2017-06-04 15:06:45.612 [main] RepositoryConfigurationDelegate - Spring Data MongoDB - Registering repository: crudsRepository - Interface: com.stackroute.ng2boot.repository.CrudsRepository - Factory: org.springframework.data.mongodb.repository.support.MongoRepositoryFactoryBean
[DEBUG] 2017-06-04 15:06:45.615 [main] StandardEnvironment - Adding [systemProperties] PropertySource with lowest search precedence
[DEBUG] 2017-06-04 15:06:45.615 [main] StandardEnvironment - Adding [systemEnvironment] PropertySource with lowest search precedence
[DEBUG] 2017-06-04 15:06:45.615 [main] StandardEnvironment - Initialized StandardEnvironment with PropertySources [systemProperties,systemEnvironment]
[DEBUG] 2017-06-04 15:06:45.616 [main] PathMatchingResourcePatternResolver - Resolved classpath location [com/stackroute/ng2boot/] to resources [URL [file:/home/user/Downloads/part1_movieapp-starter/spring-rest/target/test-classes/com/stackroute/ng2boot/], URL [file:/home/user/Downloads/part1_movieapp-starter/spring-rest/target/classes/com/stackroute/ng2boot/]]
[DEBUG] 2017-06-04 15:06:45.616 [main] PathMatchingResourcePatternResolver - Looking for matching resources in directory tree [/home/user/Downloads/part1_movieapp-starter/spring-rest/target/test-classes/com/stackroute/ng2boot]
[DEBUG] 2017-06-04 15:06:45.616 [main] PathMatchingResourcePatternResolver - Searching directory [/home/user/Downloads/part1_movieapp-starter/spring-rest/target/test-classes/com/stackroute/ng2boot] for files matching pattern [/home/user/Downloads/part1_movieapp-starter/spring-rest/target/test-classes/com/stackroute/ng2boot/**/*MovieRepositoryImpl.class]
[DEBUG] 2017-06-04 15:06:45.616 [main] PathMatchingResourcePatternResolver - Searching directory [/home/user/Downloads/part1_movieapp-starter/spring-rest/target/test-classes/com/stackroute/ng2boot/controllers] for files matching pattern [/home/user/Downloads/part1_movieapp-starter/spring-rest/target/test-classes/com/stackroute/ng2boot/**/*MovieRepositoryImpl.class]
[DEBUG] 2017-06-04 15:06:45.617 [main] PathMatchingResourcePatternResolver - Looking for matching resources in directory tree [/home/user/Downloads/part1_movieapp-starter/spring-rest/target/classes/com/stackroute/ng2boot]
[DEBUG] 2017-06-04 15:06:45.617 [main] PathMatchingResourcePatternResolver - Searching directory [/home/user/Downloads/part1_movieapp-starter/spring-rest/target/classes/com/stackroute/ng2boot] for files matching pattern [/home/user/Downloads/part1_movieapp-starter/spring-rest/target/classes/com/stackroute/ng2boot/**/*MovieRepositoryImpl.class]
[DEBUG] 2017-06-04 15:06:45.617 [main] PathMatchingResourcePatternResolver - Searching directory [/home/user/Downloads/part1_movieapp-starter/spring-rest/target/classes/com/stackroute/ng2boot/config] for files matching pattern [/home/user/Downloads/part1_movieapp-starter/spring-rest/target/classes/com/stackroute/ng2boot/**/*MovieRepositoryImpl.class]
[DEBUG] 2017-06-04 15:06:45.617 [main] PathMatchingResourcePatternResolver - Searching directory [/home/user/Downloads/part1_movieapp-starter/spring-rest/target/classes/com/stackroute/ng2boot/controllers] for files matching pattern [/home/user/Downloads/part1_movieapp-starter/spring-rest/target/classes/com/stackroute/ng2boot/**/*MovieRepositoryImpl.class]
[DEBUG] 2017-06-04 15:06:45.617 [main] PathMatchingResourcePatternResolver - Searching directory [/home/user/Downloads/part1_movieapp-starter/spring-rest/target/classes/com/stackroute/ng2boot/domain] for files matching pattern [/home/user/Downloads/part1_movieapp-starter/spring-rest/target/classes/com/stackroute/ng2boot/**/*MovieRepositoryImpl.class]
[DEBUG] 2017-06-04 15:06:45.617 [main] PathMatchingResourcePatternResolver - Searching directory [/home/user/Downloads/part1_movieapp-starter/spring-rest/target/classes/com/stackroute/ng2boot/links] for files matching pattern [/home/user/Downloads/part1_movieapp-starter/spring-rest/target/classes/com/stackroute/ng2boot/**/*MovieRepositoryImpl.class]
[DEBUG] 2017-06-04 15:06:45.618 [main] PathMatchingResourcePatternResolver - Searching directory [/home/user/Downloads/part1_movieapp-starter/spring-rest/target/classes/com/stackroute/ng2boot/repository] for files matching pattern [/home/user/Downloads/part1_movieapp-starter/spring-rest/target/classes/com/stackroute/ng2boot/**/*MovieRepositoryImpl.class]
[DEBUG] 2017-06-04 15:06:45.618 [main] PathMatchingResourcePatternResolver - Searching directory [/home/user/Downloads/part1_movieapp-starter/spring-rest/target/classes/com/stackroute/ng2boot/service] for files matching pattern [/home/user/Downloads/part1_movieapp-starter/spring-rest/target/classes/com/stackroute/ng2boot/**/*MovieRepositoryImpl.class]
[DEBUG] 2017-06-04 15:06:45.618 [main] PathMatchingResourcePatternResolver - Resolved location pattern [classpath*:com/stackroute/ng2boot/**/*MovieRepositoryImpl.class] to resources []
[DEBUG] 2017-06-04 15:06:45.620 [main] RepositoryConfigurationDelegate - Spring Data MongoDB - Registering repository: movieRepository - Interface: com.stackroute.ng2boot.repository.MovieRepository - Factory: org.springframework.data.mongodb.repository.support.MongoRepositoryFactoryBean
[DEBUG] 2017-06-04 15:06:45.620 [main] DefaultListableBeanFactory - Returning cached instance of singleton bean 'autoConfigurationReport'
[DEBUG] 2017-06-04 15:06:45.620 [main] DefaultListableBeanFactory - Returning cached instance of singleton bean 'autoConfigurationReport'
[DEBUG] 2017-06-04 15:06:45.621 [main] DefaultListableBeanFactory - Creating shared instance of singleton bean 'org.springframework.boot.autoconfigure.condition.BeanTypeRegistry'
[DEBUG] 2017-06-04 15:06:45.621 [main] DefaultListableBeanFactory - Creating instance of bean 'org.springframework.boot.autoconfigure.condition.BeanTypeRegistry'
[DEBUG] 2017-06-04 15:06:45.621 [main] DefaultListableBeanFactory - Eagerly caching bean 'org.springframework.boot.autoconfigure.condition.BeanTypeRegistry' to allow for resolving potential circular references
[DEBUG] 2017-06-04 15:06:45.621 [main] DefaultListableBeanFactory - Finished creating instance of bean 'org.springframework.boot.autoconfigure.condition.BeanTypeRegistry'
[DEBUG] 2017-06-04 15:06:45.622 [main] DefaultListableBeanFactory - Returning cached instance of singleton bean 'autoConfigurationReport'
[DEBUG] 2017-06-04 15:06:45.622 [main] ConfigurationClassBeanDefinitionReader - Registered bean definition for imported class 'org.springframework.boot.autoconfigure.web.WebMvcAutoConfiguration$EnableWebMvcConfiguration'
[DEBUG] 2017-06-04 15:06:45.623 [main] ConfigurationClassBeanDefinitionReader - Registering bean definition for @Bean method org.springframework.boot.autoconfigure.web.WebMvcAutoConfiguration$EnableWebMvcConfiguration.requestMappingHandlerAdapter()
[DEBUG] 2017-06-04 15:06:45.623 [main] ConfigurationClassBeanDefinitionReader - Registering bean definition for @Bean method org.springframework.boot.autoconfigure.web.WebMvcAutoConfiguration$EnableWebMvcConfiguration.requestMappingHandlerMapping()
[DEBUG] 2017-06-04 15:06:45.623 [main] ConfigurationClassBeanDefinitionReader - Registering bean definition for @Bean method org.springframework.boot.autoconfigure.web.WebMvcAutoConfiguration$EnableWebMvcConfiguration.mvcPathMatcher()
[DEBUG] 2017-06-04 15:06:45.623 [main] ConfigurationClassBeanDefinitionReader - Registering bean definition for @Bean method org.springframework.boot.autoconfigure.web.WebMvcAutoConfiguration$EnableWebMvcConfiguration.mvcUrlPathHelper()
[DEBUG] 2017-06-04 15:06:45.623 [main] ConfigurationClassBeanDefinitionReader - Registering bean definition for @Bean method org.springframework.boot.autoconfigure.web.WebMvcAutoConfiguration$EnableWebMvcConfiguration.mvcContentNegotiationManager()
[DEBUG] 2017-06-04 15:06:45.623 [main] ConfigurationClassBeanDefinitionReader - Registering bean definition for @Bean method org.springframework.boot.autoconfigure.web.WebMvcAutoConfiguration$EnableWebMvcConfiguration.viewControllerHandlerMapping()
[DEBUG] 2017-06-04 15:06:45.623 [main] ConfigurationClassBeanDefinitionReader - Registering bean definition for @Bean method org.springframework.boot.autoconfigure.web.WebMvcAutoConfiguration$EnableWebMvcConfiguration.beanNameHandlerMapping()
[DEBUG] 2017-06-04 15:06:45.624 [main] ConfigurationClassBeanDefinitionReader - Registering bean definition for @Bean method org.springframework.boot.autoconfigure.web.WebMvcAutoConfiguration$EnableWebMvcConfiguration.resourceHandlerMapping()
[DEBUG] 2017-06-04 15:06:45.624 [main] ConfigurationClassBeanDefinitionReader - Registering bean definition for @Bean method org.springframework.boot.autoconfigure.web.WebMvcAutoConfiguration$EnableWebMvcConfiguration.mvcResourceUrlProvider()
[DEBUG] 2017-06-04 15:06:45.624 [main] ConfigurationClassBeanDefinitionReader - Registering bean definition for @Bean method org.springframework.boot.autoconfigure.web.WebMvcAutoConfiguration$EnableWebMvcConfiguration.defaultServletHandlerMapping()
[DEBUG] 2017-06-04 15:06:45.624 [main] ConfigurationClassBeanDefinitionReader - Registering bean definition for @Bean method org.springframework.boot.autoconfigure.web.WebMvcAutoConfiguration$EnableWebMvcConfiguration.mvcConversionService()
[DEBUG] 2017-06-04 15:06:45.624 [main] ConfigurationClassBeanDefinitionReader - Registering bean definition for @Bean method org.springframework.boot.autoconfigure.web.WebMvcAutoConfiguration$EnableWebMvcConfiguration.mvcValidator()
[DEBUG] 2017-06-04 15:06:45.624 [main] ConfigurationClassBeanDefinitionReader - Registering bean definition for @Bean method org.springframework.boot.autoconfigure.web.WebMvcAutoConfiguration$EnableWebMvcConfiguration.mvcUriComponentsContributor()
[DEBUG] 2017-06-04 15:06:45.624 [main] ConfigurationClassBeanDefinitionReader - Registering bean definition for @Bean method org.springframework.boot.autoconfigure.web.WebMvcAutoConfiguration$EnableWebMvcConfiguration.httpRequestHandlerAdapter()
[DEBUG] 2017-06-04 15:06:45.624 [main] ConfigurationClassBeanDefinitionReader - Registering bean definition for @Bean method org.springframework.boot.autoconfigure.web.WebMvcAutoConfiguration$EnableWebMvcConfiguration.simpleControllerHandlerAdapter()
[DEBUG] 2017-06-04 15:06:45.624 [main] ConfigurationClassBeanDefinitionReader - Registering bean definition for @Bean method org.springframework.boot.autoconfigure.web.WebMvcAutoConfiguration$EnableWebMvcConfiguration.handlerExceptionResolver()
[DEBUG] 2017-06-04 15:06:45.624 [main] ConfigurationClassBeanDefinitionReader - Registering bean definition for @Bean method org.springframework.boot.autoconfigure.web.WebMvcAutoConfiguration$EnableWebMvcConfiguration.mvcViewResolver()
[DEBUG] 2017-06-04 15:06:45.625 [main] DefaultListableBeanFactory - Returning cached instance of singleton bean 'autoConfigurationReport'
[DEBUG] 2017-06-04 15:06:45.625 [main] ConfigurationClassBeanDefinitionReader - Registered bean definition for imported class 'org.springframework.boot.autoconfigure.web.WebMvcAutoConfiguration$WebMvcAutoConfigurationAdapter$FaviconConfiguration'
[DEBUG] 2017-06-04 15:06:45.625 [main] ConfigurationClassBeanDefinitionReader - Registering bean definition for @Bean method org.springframework.boot.autoconfigure.web.WebMvcAutoConfiguration$WebMvcAutoConfigurationAdapter$FaviconConfiguration.faviconHandlerMapping()
[DEBUG] 2017-06-04 15:06:45.625 [main] ConfigurationClassBeanDefinitionReader - Registering bean definition for @Bean method org.springframework.boot.autoconfigure.web.WebMvcAutoConfiguration$WebMvcAutoConfigurationAdapter$FaviconConfiguration.faviconRequestHandler()
[DEBUG] 2017-06-04 15:06:45.625 [main] ConfigurationClassBeanDefinitionReader - Registered bean definition for imported class 'org.springframework.boot.autoconfigure.web.WebMvcAutoConfiguration$WebMvcAutoConfigurationAdapter'
[DEBUG] 2017-06-04 15:06:45.626 [main] DefaultListableBeanFactory - Returning cached instance of singleton bean 'org.springframework.boot.autoconfigure.condition.BeanTypeRegistry'
[DEBUG] 2017-06-04 15:06:45.628 [main] DefaultListableBeanFactory - Returning cached instance of singleton bean 'autoConfigurationReport'
[DEBUG] 2017-06-04 15:06:45.628 [main] ConfigurationClassBeanDefinitionReader - Registering bean definition for @Bean method org.springframework.boot.autoconfigure.web.WebMvcAutoConfiguration$WebMvcAutoConfigurationAdapter.defaultViewResolver()
[DEBUG] 2017-06-04 15:06:45.628 [main] DefaultListableBeanFactory - Returning cached instance of singleton bean 'org.springframework.boot.autoconfigure.condition.BeanTypeRegistry'
[DEBUG] 2017-06-04 15:06:45.629 [main] DefaultListableBeanFactory - Returning cached instance of singleton bean 'autoConfigurationReport'
[DEBUG] 2017-06-04 15:06:45.629 [main] DefaultListableBeanFactory - Returning cached instance of singleton bean 'org.springframework.boot.autoconfigure.condition.BeanTypeRegistry'
[DEBUG] 2017-06-04 15:06:45.629 [main] DefaultListableBeanFactory - Returning cached instance of singleton bean 'org.springframework.boot.autoconfigure.condition.BeanTypeRegistry'
[DEBUG] 2017-06-04 15:06:45.629 [main] DefaultListableBeanFactory - Returning cached instance of singleton bean 'autoConfigurationReport'
[DEBUG] 2017-06-04 15:06:45.630 [main] DefaultListableBeanFactory - Returning cached instance of singleton bean 'org.springframework.boot.autoconfigure.condition.BeanTypeRegistry'
[DEBUG] 2017-06-04 15:06:45.630 [main] DefaultListableBeanFactory - Returning cached instance of singleton bean 'org.springframework.boot.autoconfigure.condition.BeanTypeRegistry'
[DEBUG] 2017-06-04 15:06:45.630 [main] DefaultListableBeanFactory - Returning cached instance of singleton bean 'autoConfigurationReport'
[DEBUG] 2017-06-04 15:06:45.630 [main] ConfigurationClassBeanDefinitionReader - Registering bean definition for @Bean method org.springframework.boot.autoconfigure.web.WebMvcAutoConfiguration$WebMvcAutoConfigurationAdapter.viewResolver()
[DEBUG] 2017-06-04 15:06:45.632 [main] DefaultListableBeanFactory - Returning cached instance of singleton bean 'autoConfigurationReport'
[DEBUG] 2017-06-04 15:06:45.639 [main] DefaultListableBeanFactory - Returning cached instance of singleton bean 'autoConfigurationReport'
[DEBUG] 2017-06-04 15:06:45.640 [main] ConfigurationClassBeanDefinitionReader - Registering bean definition for @Bean method org.springframework.boot.autoconfigure.web.WebMvcAutoConfiguration$WebMvcAutoConfigurationAdapter.welcomePageHandlerMapping()
[DEBUG] 2017-06-04 15:06:45.641 [main] DefaultListableBeanFactory - Returning cached instance of singleton bean 'org.springframework.boot.autoconfigure.condition.BeanTypeRegistry'
[DEBUG] 2017-06-04 15:06:45.641 [main] DefaultListableBeanFactory - Returning cached instance of singleton bean 'org.springframework.boot.autoconfigure.condition.BeanTypeRegistry'
[DEBUG] 2017-06-04 15:06:45.641 [main] DefaultListableBeanFactory - Returning cached instance of singleton bean 'autoConfigurationReport'
[DEBUG] 2017-06-04 15:06:45.642 [main] ConfigurationClassBeanDefinitionReader - Registering bean definition for @Bean method org.springframework.boot.autoconfigure.web.WebMvcAutoConfiguration$WebMvcAutoConfigurationAdapter.requestContextFilter()
[DEBUG] 2017-06-04 15:06:45.642 [main] ConfigurationClassBeanDefinitionReader - Registered bean definition for imported class 'org.springframework.boot.autoconfigure.web.WebMvcAutoConfiguration'
[DEBUG] 2017-06-04 15:06:45.643 [main] DefaultListableBeanFactory - Returning cached instance of singleton bean 'org.springframework.boot.autoconfigure.condition.BeanTypeRegistry'
[DEBUG] 2017-06-04 15:06:45.643 [main] DefaultListableBeanFactory - Returning cached instance of singleton bean 'autoConfigurationReport'
[DEBUG] 2017-06-04 15:06:45.643 [main] ConfigurationClassBeanDefinitionReader - Registering bean definition for @Bean method org.springframework.boot.autoconfigure.web.WebMvcAutoConfiguration.hiddenHttpMethodFilter()
[DEBUG] 2017-06-04 15:06:45.644 [main] DefaultListableBeanFactory - Returning cached instance of singleton bean 'autoConfigurationReport'
[DEBUG] 2017-06-04 15:06:45.644 [main] DefaultListableBeanFactory - Returning cached instance of singleton bean 'org.springframework.boot.autoconfigure.condition.BeanTypeRegistry'
[DEBUG] 2017-06-04 15:06:45.644 [main] DefaultListableBeanFactory - Returning cached instance of singleton bean 'autoConfigurationReport'
[DEBUG] 2017-06-04 15:06:45.644 [main] ConfigurationClassBeanDefinitionReader - Registering bean definition for @Bean method org.springframework.boot.autoconfigure.web.WebMvcAutoConfiguration.httpPutFormContentFilter()
[DEBUG] 2017-06-04 15:06:45.645 [main] DefaultListableBeanFactory - Returning cached instance of singleton bean 'autoConfigurationReport'
[DEBUG] 2017-06-04 15:06:45.645 [main] DefaultListableBeanFactory - Returning cached instance of singleton bean 'org.springframework.boot.autoconfigure.condition.BeanTypeRegistry'
[DEBUG] 2017-06-04 15:06:45.645 [main] DefaultListableBeanFactory - Returning cached instance of singleton bean 'autoConfigurationReport'
[DEBUG] 2017-06-04 15:06:45.645 [main] DefaultListableBeanFactory - Returning cached instance of singleton bean 'autoConfigurationReport'
[DEBUG] 2017-06-04 15:06:45.645 [main] ConfigurationClassBeanDefinitionReader - Registered bean definition for imported class 'org.springframework.boot.autoconfigure.gson.GsonAutoConfiguration'
[DEBUG] 2017-06-04 15:06:45.646 [main] DefaultListableBeanFactory - Returning cached instance of singleton bean 'org.springframework.boot.autoconfigure.condition.BeanTypeRegistry'
[DEBUG] 2017-06-04 15:06:45.646 [main] DefaultListableBeanFactory - Returning cached instance of singleton bean 'autoConfigurationReport'
[DEBUG] 2017-06-04 15:06:45.646 [main] ConfigurationClassBeanDefinitionReader - Registering bean definition for @Bean method org.springframework.boot.autoconfigure.gson.GsonAutoConfiguration.gson()
[DEBUG] 2017-06-04 15:06:45.646 [main] DefaultListableBeanFactory - Returning cached instance of singleton bean 'autoConfigurationReport'
[DEBUG] 2017-06-04 15:06:45.646 [main] DefaultListableBeanFactory - Returning cached instance of singleton bean 'autoConfigurationReport'
[DEBUG] 2017-06-04 15:06:45.646 [main] ConfigurationClassBeanDefinitionReader - Registered bean definition for imported class 'org.springframework.boot.autoconfigure.jackson.JacksonAutoConfiguration$Jackson2ObjectMapperBuilderCustomizerConfiguration'
[DEBUG] 2017-06-04 15:06:45.646 [main] ConfigurationClassBeanDefinitionReader - Registering bean definition for @Bean method org.springframework.boot.autoconfigure.jackson.JacksonAutoConfiguration$Jackson2ObjectMapperBuilderCustomizerConfiguration.standardJacksonObjectMapperBuilderCustomizer()
[DEBUG] 2017-06-04 15:06:45.647 [main] DefaultListableBeanFactory - Returning cached instance of singleton bean 'autoConfigurationReport'
[DEBUG] 2017-06-04 15:06:45.647 [main] ConfigurationClassBeanDefinitionReader - Registered bean definition for imported class 'org.springframework.boot.autoconfigure.jackson.JacksonAutoConfiguration$JacksonObjectMapperBuilderConfiguration'
[DEBUG] 2017-06-04 15:06:45.647 [main] DefaultListableBeanFactory - Returning cached instance of singleton bean 'org.springframework.boot.autoconfigure.condition.BeanTypeRegistry'
[DEBUG] 2017-06-04 15:06:45.650 [main] DefaultListableBeanFactory - Returning cached instance of singleton bean 'autoConfigurationReport'
[DEBUG] 2017-06-04 15:06:45.650 [main] ConfigurationClassBeanDefinitionReader - Registering bean definition for @Bean method org.springframework.boot.autoconfigure.jackson.JacksonAutoConfiguration$JacksonObjectMapperBuilderConfiguration.jacksonObjectMapperBuilder()
[DEBUG] 2017-06-04 15:06:45.650 [main] DefaultListableBeanFactory - Returning cached instance of singleton bean 'autoConfigurationReport'
[DEBUG] 2017-06-04 15:06:45.650 [main] ConfigurationClassBeanDefinitionReader - Registered bean definition for imported class 'org.springframework.boot.autoconfigure.jackson.JacksonAutoConfiguration$JacksonObjectMapperConfiguration'
[DEBUG] 2017-06-04 15:06:45.650 [main] DefaultListableBeanFactory - Returning cached instance of singleton bean 'org.springframework.boot.autoconfigure.condition.BeanTypeRegistry'
[DEBUG] 2017-06-04 15:06:45.651 [main] DefaultListableBeanFactory - Returning cached instance of singleton bean 'autoConfigurationReport'
[DEBUG] 2017-06-04 15:06:45.651 [main] ConfigurationClassBeanDefinitionReader - Registering bean definition for @Bean method org.springframework.boot.autoconfigure.jackson.JacksonAutoConfiguration$JacksonObjectMapperConfiguration.jacksonObjectMapper()
[DEBUG] 2017-06-04 15:06:45.651 [main] ConfigurationClassBeanDefinitionReader - Registered bean definition for imported class 'org.springframework.boot.autoconfigure.jackson.JacksonAutoConfiguration'
[DEBUG] 2017-06-04 15:06:45.651 [main] ConfigurationClassBeanDefinitionReader - Registering bean definition for @Bean method org.springframework.boot.autoconfigure.jackson.JacksonAutoConfiguration.jsonComponentModule()
[DEBUG] 2017-06-04 15:06:45.651 [main] DefaultListableBeanFactory - Returning cached instance of singleton bean 'autoConfigurationReport'
[DEBUG] 2017-06-04 15:06:45.651 [main] DefaultListableBeanFactory - Returning cached instance of singleton bean 'autoConfigurationReport'
[DEBUG] 2017-06-04 15:06:45.652 [main] ConfigurationClassBeanDefinitionReader - Registered bean definition for imported class 'org.springframework.boot.autoconfigure.web.HttpMessageConvertersAutoConfiguration$StringHttpMessageConverterConfiguration'
[DEBUG] 2017-06-04 15:06:45.652 [main] DefaultListableBeanFactory - Returning cached instance of singleton bean 'org.springframework.boot.autoconfigure.condition.BeanTypeRegistry'
[DEBUG] 2017-06-04 15:06:45.652 [main] DefaultListableBeanFactory - Returning cached instance of singleton bean 'autoConfigurationReport'
[DEBUG] 2017-06-04 15:06:45.653 [main] ConfigurationClassBeanDefinitionReader - Registering bean definition for @Bean method org.springframework.boot.autoconfigure.web.HttpMessageConvertersAutoConfiguration$StringHttpMessageConverterConfiguration.stringHttpMessageConverter()
[DEBUG] 2017-06-04 15:06:45.658 [main] DefaultListableBeanFactory - Returning cached instance of singleton bean 'autoConfigurationReport'
[DEBUG] 2017-06-04 15:06:45.658 [main] DefaultListableBeanFactory - Returning cached instance of singleton bean 'autoConfigurationReport'
[DEBUG] 2017-06-04 15:06:45.658 [main] DefaultListableBeanFactory - Returning cached instance of singleton bean 'org.springframework.boot.autoconfigure.condition.BeanTypeRegistry'
[DEBUG] 2017-06-04 15:06:45.659 [main] DefaultListableBeanFactory - Returning cached instance of singleton bean 'autoConfigurationReport'
[DEBUG] 2017-06-04 15:06:45.659 [main] ConfigurationClassBeanDefinitionReader - Registered bean definition for imported class 'org.springframework.boot.autoconfigure.web.JacksonHttpMessageConvertersConfiguration$MappingJackson2HttpMessageConverterConfiguration'
[DEBUG] 2017-06-04 15:06:45.659 [main] DefaultListableBeanFactory - Returning cached instance of singleton bean 'org.springframework.boot.autoconfigure.condition.BeanTypeRegistry'
[DEBUG] 2017-06-04 15:06:45.659 [main] DefaultListableBeanFactory - Returning cached instance of singleton bean 'org.springframework.boot.autoconfigure.condition.BeanTypeRegistry'
[DEBUG] 2017-06-04 15:06:45.660 [main] DefaultListableBeanFactory - Returning cached instance of singleton bean 'autoConfigurationReport'
[DEBUG] 2017-06-04 15:06:45.660 [main] ConfigurationClassBeanDefinitionReader - Registering bean definition for @Bean method org.springframework.boot.autoconfigure.web.JacksonHttpMessageConvertersConfiguration$MappingJackson2HttpMessageConverterConfiguration.mappingJackson2HttpMessageConverter()
[DEBUG] 2017-06-04 15:06:45.661 [main] ConfigurationClassBeanDefinitionReader - Registered bean definition for imported class 'org.springframework.boot.autoconfigure.web.JacksonHttpMessageConvertersConfiguration'
[DEBUG] 2017-06-04 15:06:45.661 [main] DefaultListableBeanFactory - Returning cached instance of singleton bean 'autoConfigurationReport'
[DEBUG] 2017-06-04 15:06:45.662 [main] DefaultListableBeanFactory - Returning cached instance of singleton bean 'org.springframework.boot.autoconfigure.condition.BeanTypeRegistry'
[DEBUG] 2017-06-04 15:06:45.663 [main] DefaultListableBeanFactory - Returning cached instance of singleton bean 'autoConfigurationReport'
[DEBUG] 2017-06-04 15:06:45.663 [main] ConfigurationClassBeanDefinitionReader - Registered bean definition for imported class 'org.springframework.boot.autoconfigure.web.GsonHttpMessageConvertersConfiguration'
[DEBUG] 2017-06-04 15:06:45.665 [main] ConfigurationClassBeanDefinitionReader - Registered bean definition for imported class 'org.springframework.boot.autoconfigure.web.HttpMessageConvertersAutoConfiguration'
[DEBUG] 2017-06-04 15:06:45.665 [main] DefaultListableBeanFactory - Returning cached instance of singleton bean 'org.springframework.boot.autoconfigure.condition.BeanTypeRegistry'
[DEBUG] 2017-06-04 15:06:45.665 [main] DefaultListableBeanFactory - Returning cached instance of singleton bean 'autoConfigurationReport'
[DEBUG] 2017-06-04 15:06:45.666 [main] ConfigurationClassBeanDefinitionReader - Registering bean definition for @Bean method org.springframework.boot.autoconfigure.web.HttpMessageConvertersAutoConfiguration.messageConverters()
[DEBUG] 2017-06-04 15:06:45.666 [main] DefaultListableBeanFactory - Returning cached instance of singleton bean 'autoConfigurationReport'
[DEBUG] 2017-06-04 15:06:45.666 [main] DefaultListableBeanFactory - Returning cached instance of singleton bean 'autoConfigurationReport'
[DEBUG] 2017-06-04 15:06:45.666 [main] DefaultListableBeanFactory - Returning cached instance of singleton bean 'org.springframework.boot.autoconfigure.condition.BeanTypeRegistry'
[DEBUG] 2017-06-04 15:06:45.666 [main] DefaultListableBeanFactory - Returning cached instance of singleton bean 'autoConfigurationReport'
[DEBUG] 2017-06-04 15:06:45.667 [main] ConfigurationClassBeanDefinitionReader - Registered bean definition for imported class 'org.springframework.boot.autoconfigure.hateoas.HypermediaAutoConfiguration$EntityLinksConfiguration'
[DEBUG] 2017-06-04 15:06:45.667 [main] DefaultListableBeanFactory - Returning cached instance of singleton bean 'org.springframework.boot.autoconfigure.condition.BeanTypeRegistry'
[DEBUG] 2017-06-04 15:06:45.667 [main] DefaultListableBeanFactory - Returning cached instance of singleton bean 'autoConfigurationReport'
[DEBUG] 2017-06-04 15:06:45.667 [main] ConfigurationClassBeanDefinitionReader - Registered bean definition for imported class 'org.springframework.hateoas.config.HateoasConfiguration'
[DEBUG] 2017-06-04 15:06:45.667 [main] ConfigurationClassBeanDefinitionReader - Registering bean definition for @Bean method org.springframework.hateoas.config.HateoasConfiguration.linkRelationMessageSource()
[DEBUG] 2017-06-04 15:06:45.668 [main] ConfigurationClassBeanDefinitionReader - Registered bean definition for imported class 'org.springframework.boot.autoconfigure.hateoas.HypermediaAutoConfiguration$HypermediaConfiguration'
[DEBUG] 2017-06-04 15:06:45.668 [main] ConfigurationClassBeanDefinitionReader - Registering bean definition for @Bean method org.springframework.boot.autoconfigure.hateoas.HypermediaAutoConfiguration$HypermediaConfiguration.halObjectMapperConfigurer()
[DEBUG] 2017-06-04 15:06:45.668 [main] DefaultListableBeanFactory - Overriding bean definition for bean 'entityLinksPluginRegistry' with an equivalent definition: replacing [Root bean: class [org.springframework.plugin.core.support.PluginRegistryFactoryBean]; scope=; abstract=false; lazyInit=false; autowireMode=0; dependencyCheck=0; autowireCandidate=true; primary=false; factoryBeanName=null; factoryMethodName=null; initMethodName=null; destroyMethodName=null] with [Root bean: class [org.springframework.plugin.core.support.PluginRegistryFactoryBean]; scope=; abstract=false; lazyInit=false; autowireMode=0; dependencyCheck=0; autowireCandidate=true; primary=false; factoryBeanName=null; factoryMethodName=null; initMethodName=null; destroyMethodName=null]
[DEBUG] 2017-06-04 15:06:45.668 [main] DefaultListableBeanFactory - Overriding bean definition for bean 'controllerEntityLinks' with an equivalent definition: replacing [Root bean: class [org.springframework.hateoas.core.ControllerEntityLinksFactoryBean]; scope=; abstract=false; lazyInit=false; autowireMode=0; dependencyCheck=0; autowireCandidate=true; primary=false; factoryBeanName=null; factoryMethodName=null; initMethodName=null; destroyMethodName=null] with [Root bean: class [org.springframework.hateoas.core.ControllerEntityLinksFactoryBean]; scope=; abstract=false; lazyInit=false; autowireMode=0; dependencyCheck=0; autowireCandidate=true; primary=false; factoryBeanName=null; factoryMethodName=null; initMethodName=null; destroyMethodName=null]
[DEBUG] 2017-06-04 15:06:45.668 [main] DefaultListableBeanFactory - Overriding bean definition for bean 'delegatingEntityLinks' with an equivalent definition: replacing [Root bean: class [org.springframework.hateoas.core.DelegatingEntityLinks]; scope=; abstract=false; lazyInit=false; autowireMode=0; dependencyCheck=0; autowireCandidate=true; primary=true; factoryBeanName=null; factoryMethodName=null; initMethodName=null; destroyMethodName=null] with [Root bean: class [org.springframework.hateoas.core.DelegatingEntityLinks]; scope=; abstract=false; lazyInit=false; autowireMode=0; dependencyCheck=0; autowireCandidate=true; primary=true; factoryBeanName=null; factoryMethodName=null; initMethodName=null; destroyMethodName=null]
[DEBUG] 2017-06-04 15:06:45.669 [main] ConfigurationClassBeanDefinitionReader - Registered bean definition for imported class 'org.springframework.boot.autoconfigure.hateoas.HypermediaHttpMessageConverterConfiguration'
[DEBUG] 2017-06-04 15:06:45.669 [main] DefaultListableBeanFactory - Returning cached instance of singleton bean 'autoConfigurationReport'
[DEBUG] 2017-06-04 15:06:45.669 [main] ConfigurationClassBeanDefinitionReader - Registering bean definition for @Bean method org.springframework.boot.autoconfigure.hateoas.HypermediaHttpMessageConverterConfiguration.halMessageConverterSupportedMediaTypeCustomizer()
[DEBUG] 2017-06-04 15:06:45.670 [main] ConfigurationClassBeanDefinitionReader - Registered bean definition for imported class 'org.springframework.boot.autoconfigure.hateoas.HypermediaAutoConfiguration'
[DEBUG] 2017-06-04 15:06:45.670 [main] DefaultListableBeanFactory - Returning cached instance of singleton bean 'autoConfigurationReport'
[DEBUG] 2017-06-04 15:06:45.670 [main] ConfigurationClassBeanDefinitionReader - Registered bean definition for imported class 'org.springframework.boot.test.autoconfigure.web.servlet.MockMvcAutoConfiguration'
[DEBUG] 2017-06-04 15:06:45.670 [main] DefaultListableBeanFactory - Returning cached instance of singleton bean 'org.springframework.boot.autoconfigure.condition.BeanTypeRegistry'
[DEBUG] 2017-06-04 15:06:45.671 [main] DefaultListableBeanFactory - Returning cached instance of singleton bean 'autoConfigurationReport'
[DEBUG] 2017-06-04 15:06:45.671 [main] ConfigurationClassBeanDefinitionReader - Registering bean definition for @Bean method org.springframework.boot.test.autoconfigure.web.servlet.MockMvcAutoConfiguration.mockMvcBuilder()
[DEBUG] 2017-06-04 15:06:45.671 [main] ConfigurationClassBeanDefinitionReader - Registering bean definition for @Bean method org.springframework.boot.test.autoconfigure.web.servlet.MockMvcAutoConfiguration.springBootMockMvcBuilderCustomizer()
[DEBUG] 2017-06-04 15:06:45.671 [main] DefaultListableBeanFactory - Returning cached instance of singleton bean 'org.springframework.boot.autoconfigure.condition.BeanTypeRegistry'
[DEBUG] 2017-06-04 15:06:45.672 [main] DefaultListableBeanFactory - Returning cached instance of singleton bean 'autoConfigurationReport'
[DEBUG] 2017-06-04 15:06:45.672 [main] ConfigurationClassBeanDefinitionReader - Registering bean definition for @Bean method org.springframework.boot.test.autoconfigure.web.servlet.MockMvcAutoConfiguration.mockMvc()
[DEBUG] 2017-06-04 15:06:45.672 [main] PropertySourcesPropertyResolver - Found key 'spring.test.mockmvc.secure' in [Annotations] with type [Boolean]
[DEBUG] 2017-06-04 15:06:45.672 [main] DefaultListableBeanFactory - Returning cached instance of singleton bean 'autoConfigurationReport'
[DEBUG] 2017-06-04 15:06:45.673 [main] DefaultListableBeanFactory - Returning cached instance of singleton bean 'autoConfigurationReport'
[DEBUG] 2017-06-04 15:06:45.673 [main] ConfigurationClassBeanDefinitionReader - Registered bean definition for imported class 'org.springframework.boot.autoconfigure.web.ServerPropertiesAutoConfiguration'
[DEBUG] 2017-06-04 15:06:45.673 [main] DefaultListableBeanFactory - Returning cached instance of singleton bean 'org.springframework.boot.autoconfigure.condition.BeanTypeRegistry'
[DEBUG] 2017-06-04 15:06:45.674 [main] DefaultListableBeanFactory - Returning cached instance of singleton bean 'autoConfigurationReport'
[DEBUG] 2017-06-04 15:06:45.674 [main] ConfigurationClassBeanDefinitionReader - Registering bean definition for @Bean method org.springframework.boot.autoconfigure.web.ServerPropertiesAutoConfiguration.serverProperties()
[DEBUG] 2017-06-04 15:06:45.674 [main] ConfigurationClassBeanDefinitionReader - Registering bean definition for @Bean method org.springframework.boot.autoconfigure.web.ServerPropertiesAutoConfiguration.duplicateServerPropertiesDetector()
[DEBUG] 2017-06-04 15:06:45.674 [main] ConfigurationClassBeanDefinitionReader - Registered bean definition for imported class 'org.springframework.boot.test.autoconfigure.web.servlet.MockMvcSecurityAutoConfiguration'
[DEBUG] 2017-06-04 15:06:45.679 [main] DefaultListableBeanFactory - Creating shared instance of singleton bean 'org.springframework.boot.test.context.ImportsContextCustomizer$ImportsCleanupPostProcessor'
[DEBUG] 2017-06-04 15:06:45.679 [main] DefaultListableBeanFactory - Creating instance of bean 'org.springframework.boot.test.context.ImportsContextCustomizer$ImportsCleanupPostProcessor'
[DEBUG] 2017-06-04 15:06:45.679 [main] DefaultListableBeanFactory - Eagerly caching bean 'org.springframework.boot.test.context.ImportsContextCustomizer$ImportsCleanupPostProcessor' to allow for resolving potential circular references
[DEBUG] 2017-06-04 15:06:45.680 [main] DefaultListableBeanFactory - Finished creating instance of bean 'org.springframework.boot.test.context.ImportsContextCustomizer$ImportsCleanupPostProcessor'
[DEBUG] 2017-06-04 15:06:45.680 [main] ConfigurationClassEnhancer - Successfully enhanced com.stackroute.ng2boot.Ng2bootApplication; enhanced class name is: com.stackroute.ng2boot.Ng2bootApplication$$EnhancerBySpringCGLIB$$2d67f579
[DEBUG] 2017-06-04 15:06:45.680 [main] ConfigurationClassPostProcessor - Replacing bean definition 'ng2bootApplication' existing class 'com.stackroute.ng2boot.Ng2bootApplication' with enhanced class 'com.stackroute.ng2boot.Ng2bootApplication$$EnhancerBySpringCGLIB$$2d67f579'
[DEBUG] 2017-06-04 15:06:45.681 [main] ConfigurationClassEnhancer - Successfully enhanced org.springframework.boot.autoconfigure.web.WebMvcAutoConfiguration$EnableWebMvcConfiguration; enhanced class name is: org.springframework.boot.autoconfigure.web.WebMvcAutoConfiguration$EnableWebMvcConfiguration$$EnhancerBySpringCGLIB$$3221c155
[DEBUG] 2017-06-04 15:06:45.681 [main] ConfigurationClassPostProcessor - Replacing bean definition 'org.springframework.boot.autoconfigure.web.WebMvcAutoConfiguration$EnableWebMvcConfiguration' existing class 'org.springframework.boot.autoconfigure.web.WebMvcAutoConfiguration$EnableWebMvcConfiguration' with enhanced class 'org.springframework.boot.autoconfigure.web.WebMvcAutoConfiguration$EnableWebMvcConfiguration$$EnhancerBySpringCGLIB$$3221c155'
[DEBUG] 2017-06-04 15:06:45.681 [main] ConfigurationClassEnhancer - Successfully enhanced org.springframework.boot.autoconfigure.web.WebMvcAutoConfiguration$WebMvcAutoConfigurationAdapter$FaviconConfiguration; enhanced class name is: org.springframework.boot.autoconfigure.web.WebMvcAutoConfiguration$WebMvcAutoConfigurationAdapter$FaviconConfiguration$$EnhancerBySpringCGLIB$$13114b40
[DEBUG] 2017-06-04 15:06:45.681 [main] ConfigurationClassPostProcessor - Replacing bean definition 'org.springframework.boot.autoconfigure.web.WebMvcAutoConfiguration$WebMvcAutoConfigurationAdapter$FaviconConfiguration' existing class 'org.springframework.boot.autoconfigure.web.WebMvcAutoConfiguration$WebMvcAutoConfigurationAdapter$FaviconConfiguration' with enhanced class 'org.springframework.boot.autoconfigure.web.WebMvcAutoConfiguration$WebMvcAutoConfigurationAdapter$FaviconConfiguration$$EnhancerBySpringCGLIB$$13114b40'
[DEBUG] 2017-06-04 15:06:45.681 [main] ConfigurationClassEnhancer - Successfully enhanced org.springframework.boot.autoconfigure.web.WebMvcAutoConfiguration$WebMvcAutoConfigurationAdapter; enhanced class name is: org.springframework.boot.autoconfigure.web.WebMvcAutoConfiguration$WebMvcAutoConfigurationAdapter$$EnhancerBySpringCGLIB$$c5f776c8
[DEBUG] 2017-06-04 15:06:45.681 [main] ConfigurationClassPostProcessor - Replacing bean definition 'org.springframework.boot.autoconfigure.web.WebMvcAutoConfiguration$WebMvcAutoConfigurationAdapter' existing class 'org.springframework.boot.autoconfigure.web.WebMvcAutoConfiguration$WebMvcAutoConfigurationAdapter' with enhanced class 'org.springframework.boot.autoconfigure.web.WebMvcAutoConfiguration$WebMvcAutoConfigurationAdapter$$EnhancerBySpringCGLIB$$c5f776c8'
[DEBUG] 2017-06-04 15:06:45.681 [main] ConfigurationClassEnhancer - Successfully enhanced org.springframework.boot.autoconfigure.web.WebMvcAutoConfiguration$WebMvcAutoConfigurationAdapter; enhanced class name is: org.springframework.boot.autoconfigure.web.WebMvcAutoConfiguration$WebMvcAutoConfigurationAdapter$$EnhancerBySpringCGLIB$$c5f776c8
[DEBUG] 2017-06-04 15:06:45.681 [main] ConfigurationClassPostProcessor - Replacing bean definition 'requestContextFilter' existing class 'org.springframework.boot.autoconfigure.web.WebMvcAutoConfiguration$WebMvcAutoConfigurationAdapter' with enhanced class 'org.springframework.boot.autoconfigure.web.WebMvcAutoConfiguration$WebMvcAutoConfigurationAdapter$$EnhancerBySpringCGLIB$$c5f776c8'
[DEBUG] 2017-06-04 15:06:45.682 [main] ConfigurationClassEnhancer - Successfully enhanced org.springframework.boot.autoconfigure.web.WebMvcAutoConfiguration; enhanced class name is: org.springframework.boot.autoconfigure.web.WebMvcAutoConfiguration$$EnhancerBySpringCGLIB$$4a31088c
[DEBUG] 2017-06-04 15:06:45.682 [main] ConfigurationClassPostProcessor - Replacing bean definition 'org.springframework.boot.autoconfigure.web.WebMvcAutoConfiguration' existing class 'org.springframework.boot.autoconfigure.web.WebMvcAutoConfiguration' with enhanced class 'org.springframework.boot.autoconfigure.web.WebMvcAutoConfiguration$$EnhancerBySpringCGLIB$$4a31088c'
[DEBUG] 2017-06-04 15:06:45.682 [main] ConfigurationClassEnhancer - Successfully enhanced org.springframework.boot.autoconfigure.gson.GsonAutoConfiguration; enhanced class name is: org.springframework.boot.autoconfigure.gson.GsonAutoConfiguration$$EnhancerBySpringCGLIB$$19af32d6
[DEBUG] 2017-06-04 15:06:45.682 [main] ConfigurationClassPostProcessor - Replacing bean definition 'org.springframework.boot.autoconfigure.gson.GsonAutoConfiguration' existing class 'org.springframework.boot.autoconfigure.gson.GsonAutoConfiguration' with enhanced class 'org.springframework.boot.autoconfigure.gson.GsonAutoConfiguration$$EnhancerBySpringCGLIB$$19af32d6'
[DEBUG] 2017-06-04 15:06:45.682 [main] ConfigurationClassEnhancer - Successfully enhanced org.springframework.boot.autoconfigure.jackson.JacksonAutoConfiguration$Jackson2ObjectMapperBuilderCustomizerConfiguration; enhanced class name is: org.springframework.boot.autoconfigure.jackson.JacksonAutoConfiguration$Jackson2ObjectMapperBuilderCustomizerConfiguration$$EnhancerBySpringCGLIB$$a3eb46e5
[DEBUG] 2017-06-04 15:06:45.683 [main] ConfigurationClassPostProcessor - Replacing bean definition 'org.springframework.boot.autoconfigure.jackson.JacksonAutoConfiguration$Jackson2ObjectMapperBuilderCustomizerConfiguration' existing class 'org.springframework.boot.autoconfigure.jackson.JacksonAutoConfiguration$Jackson2ObjectMapperBuilderCustomizerConfiguration' with enhanced class 'org.springframework.boot.autoconfigure.jackson.JacksonAutoConfiguration$Jackson2ObjectMapperBuilderCustomizerConfiguration$$EnhancerBySpringCGLIB$$a3eb46e5'
[DEBUG] 2017-06-04 15:06:45.683 [main] ConfigurationClassEnhancer - Successfully enhanced org.springframework.boot.autoconfigure.jackson.JacksonAutoConfiguration$JacksonObjectMapperBuilderConfiguration; enhanced class name is: org.springframework.boot.autoconfigure.jackson.JacksonAutoConfiguration$JacksonObjectMapperBuilderConfiguration$$EnhancerBySpringCGLIB$$e8d460f6
[DEBUG] 2017-06-04 15:06:45.683 [main] ConfigurationClassPostProcessor - Replacing bean definition 'org.springframework.boot.autoconfigure.jackson.JacksonAutoConfiguration$JacksonObjectMapperBuilderConfiguration' existing class 'org.springframework.boot.autoconfigure.jackson.JacksonAutoConfiguration$JacksonObjectMapperBuilderConfiguration' with enhanced class 'org.springframework.boot.autoconfigure.jackson.JacksonAutoConfiguration$JacksonObjectMapperBuilderConfiguration$$EnhancerBySpringCGLIB$$e8d460f6'
[DEBUG] 2017-06-04 15:06:45.683 [main] ConfigurationClassEnhancer - Successfully enhanced org.springframework.boot.autoconfigure.jackson.JacksonAutoConfiguration$JacksonObjectMapperConfiguration; enhanced class name is: org.springframework.boot.autoconfigure.jackson.JacksonAutoConfiguration$JacksonObjectMapperConfiguration$$EnhancerBySpringCGLIB$$36879edd
[DEBUG] 2017-06-04 15:06:45.683 [main] ConfigurationClassPostProcessor - Replacing bean definition 'org.springframework.boot.autoconfigure.jackson.JacksonAutoConfiguration$JacksonObjectMapperConfiguration' existing class 'org.springframework.boot.autoconfigure.jackson.JacksonAutoConfiguration$JacksonObjectMapperConfiguration' with enhanced class 'org.springframework.boot.autoconfigure.jackson.JacksonAutoConfiguration$JacksonObjectMapperConfiguration$$EnhancerBySpringCGLIB$$36879edd'
[DEBUG] 2017-06-04 15:06:45.683 [main] ConfigurationClassEnhancer - Successfully enhanced org.springframework.boot.autoconfigure.jackson.JacksonAutoConfiguration; enhanced class name is: org.springframework.boot.autoconfigure.jackson.JacksonAutoConfiguration$$EnhancerBySpringCGLIB$$18933c6c
[DEBUG] 2017-06-04 15:06:45.683 [main] ConfigurationClassPostProcessor - Replacing bean definition 'org.springframework.boot.autoconfigure.jackson.JacksonAutoConfiguration' existing class 'org.springframework.boot.autoconfigure.jackson.JacksonAutoConfiguration' with enhanced class 'org.springframework.boot.autoconfigure.jackson.JacksonAutoConfiguration$$EnhancerBySpringCGLIB$$18933c6c'
[DEBUG] 2017-06-04 15:06:45.684 [main] ConfigurationClassEnhancer - Successfully enhanced org.springframework.boot.autoconfigure.web.HttpMessageConvertersAutoConfiguration$StringHttpMessageConverterConfiguration; enhanced class name is: org.springframework.boot.autoconfigure.web.HttpMessageConvertersAutoConfiguration$StringHttpMessageConverterConfiguration$$EnhancerBySpringCGLIB$$2822484c
[DEBUG] 2017-06-04 15:06:45.684 [main] ConfigurationClassPostProcessor - Replacing bean definition 'org.springframework.boot.autoconfigure.web.HttpMessageConvertersAutoConfiguration$StringHttpMessageConverterConfiguration' existing class 'org.springframework.boot.autoconfigure.web.HttpMessageConvertersAutoConfiguration$StringHttpMessageConverterConfiguration' with enhanced class 'org.springframework.boot.autoconfigure.web.HttpMessageConvertersAutoConfiguration$StringHttpMessageConverterConfiguration$$EnhancerBySpringCGLIB$$2822484c'
[DEBUG] 2017-06-04 15:06:45.684 [main] ConfigurationClassEnhancer - Successfully enhanced org.springframework.boot.autoconfigure.web.JacksonHttpMessageConvertersConfiguration$MappingJackson2HttpMessageConverterConfiguration; enhanced class name is: org.springframework.boot.autoconfigure.web.JacksonHttpMessageConvertersConfiguration$MappingJackson2HttpMessageConverterConfiguration$$EnhancerBySpringCGLIB$$b630724c
[DEBUG] 2017-06-04 15:06:45.684 [main] ConfigurationClassPostProcessor - Replacing bean definition 'org.springframework.boot.autoconfigure.web.JacksonHttpMessageConvertersConfiguration$MappingJackson2HttpMessageConverterConfiguration' existing class 'org.springframework.boot.autoconfigure.web.JacksonHttpMessageConvertersConfiguration$MappingJackson2HttpMessageConverterConfiguration' with enhanced class 'org.springframework.boot.autoconfigure.web.JacksonHttpMessageConvertersConfiguration$MappingJackson2HttpMessageConverterConfiguration$$EnhancerBySpringCGLIB$$b630724c'
[DEBUG] 2017-06-04 15:06:45.684 [main] ConfigurationClassEnhancer - Successfully enhanced org.springframework.boot.autoconfigure.web.JacksonHttpMessageConvertersConfiguration; enhanced class name is: org.springframework.boot.autoconfigure.web.JacksonHttpMessageConvertersConfiguration$$EnhancerBySpringCGLIB$$491e0ac2
[DEBUG] 2017-06-04 15:06:45.684 [main] ConfigurationClassPostProcessor - Replacing bean definition 'org.springframework.boot.autoconfigure.web.JacksonHttpMessageConvertersConfiguration' existing class 'org.springframework.boot.autoconfigure.web.JacksonHttpMessageConvertersConfiguration' with enhanced class 'org.springframework.boot.autoconfigure.web.JacksonHttpMessageConvertersConfiguration$$EnhancerBySpringCGLIB$$491e0ac2'
[DEBUG] 2017-06-04 15:06:45.684 [main] ConfigurationClassEnhancer - Successfully enhanced org.springframework.boot.autoconfigure.web.GsonHttpMessageConvertersConfiguration; enhanced class name is: org.springframework.boot.autoconfigure.web.GsonHttpMessageConvertersConfiguration$$EnhancerBySpringCGLIB$$b6298886
[DEBUG] 2017-06-04 15:06:45.684 [main] ConfigurationClassPostProcessor - Replacing bean definition 'org.springframework.boot.autoconfigure.web.GsonHttpMessageConvertersConfiguration' existing class 'org.springframework.boot.autoconfigure.web.GsonHttpMessageConvertersConfiguration' with enhanced class 'org.springframework.boot.autoconfigure.web.GsonHttpMessageConvertersConfiguration$$EnhancerBySpringCGLIB$$b6298886'
[DEBUG] 2017-06-04 15:06:45.684 [main] ConfigurationClassEnhancer - Successfully enhanced org.springframework.boot.autoconfigure.web.HttpMessageConvertersAutoConfiguration; enhanced class name is: org.springframework.boot.autoconfigure.web.HttpMessageConvertersAutoConfiguration$$EnhancerBySpringCGLIB$$6bac3dac
[DEBUG] 2017-06-04 15:06:45.684 [main] ConfigurationClassPostProcessor - Replacing bean definition 'org.springframework.boot.autoconfigure.web.HttpMessageConvertersAutoConfiguration' existing class 'org.springframework.boot.autoconfigure.web.HttpMessageConvertersAutoConfiguration' with enhanced class 'org.springframework.boot.autoconfigure.web.HttpMessageConvertersAutoConfiguration$$EnhancerBySpringCGLIB$$6bac3dac'
[DEBUG] 2017-06-04 15:06:45.684 [main] ConfigurationClassEnhancer - Successfully enhanced org.springframework.boot.autoconfigure.hateoas.HypermediaAutoConfiguration$EntityLinksConfiguration; enhanced class name is: org.springframework.boot.autoconfigure.hateoas.HypermediaAutoConfiguration$EntityLinksConfiguration$$EnhancerBySpringCGLIB$$a4aa7529
[DEBUG] 2017-06-04 15:06:45.684 [main] ConfigurationClassPostProcessor - Replacing bean definition 'org.springframework.boot.autoconfigure.hateoas.HypermediaAutoConfiguration$EntityLinksConfiguration' existing class 'org.springframework.boot.autoconfigure.hateoas.HypermediaAutoConfiguration$EntityLinksConfiguration' with enhanced class 'org.springframework.boot.autoconfigure.hateoas.HypermediaAutoConfiguration$EntityLinksConfiguration$$EnhancerBySpringCGLIB$$a4aa7529'
[DEBUG] 2017-06-04 15:06:45.685 [main] ConfigurationClassEnhancer - Successfully enhanced org.springframework.hateoas.config.HateoasConfiguration; enhanced class name is: org.springframework.hateoas.config.HateoasConfiguration$$EnhancerBySpringCGLIB$$5a746c7e
[DEBUG] 2017-06-04 15:06:45.685 [main] ConfigurationClassPostProcessor - Replacing bean definition 'org.springframework.hateoas.config.HateoasConfiguration' existing class 'org.springframework.hateoas.config.HateoasConfiguration' with enhanced class 'org.springframework.hateoas.config.HateoasConfiguration$$EnhancerBySpringCGLIB$$5a746c7e'
[DEBUG] 2017-06-04 15:06:45.685 [main] ConfigurationClassEnhancer - Successfully enhanced org.springframework.boot.autoconfigure.hateoas.HypermediaAutoConfiguration$HypermediaConfiguration; enhanced class name is: org.springframework.boot.autoconfigure.hateoas.HypermediaAutoConfiguration$HypermediaConfiguration$$EnhancerBySpringCGLIB$$7982c8d7
[DEBUG] 2017-06-04 15:06:45.685 [main] ConfigurationClassPostProcessor - Replacing bean definition 'org.springframework.boot.autoconfigure.hateoas.HypermediaAutoConfiguration$HypermediaConfiguration' existing class 'org.springframework.boot.autoconfigure.hateoas.HypermediaAutoConfiguration$HypermediaConfiguration' with enhanced class 'org.springframework.boot.autoconfigure.hateoas.HypermediaAutoConfiguration$HypermediaConfiguration$$EnhancerBySpringCGLIB$$7982c8d7'
[DEBUG] 2017-06-04 15:06:45.685 [main] ConfigurationClassEnhancer - Successfully enhanced org.springframework.boot.autoconfigure.hateoas.HypermediaAutoConfiguration$HypermediaConfiguration; enhanced class name is: org.springframework.boot.autoconfigure.hateoas.HypermediaAutoConfiguration$HypermediaConfiguration$$EnhancerBySpringCGLIB$$7982c8d7
[DEBUG] 2017-06-04 15:06:45.685 [main] ConfigurationClassPostProcessor - Replacing bean definition 'halObjectMapperConfigurer' existing class 'org.springframework.boot.autoconfigure.hateoas.HypermediaAutoConfiguration$HypermediaConfiguration' with enhanced class 'org.springframework.boot.autoconfigure.hateoas.HypermediaAutoConfiguration$HypermediaConfiguration$$EnhancerBySpringCGLIB$$7982c8d7'
[DEBUG] 2017-06-04 15:06:45.685 [main] ConfigurationClassEnhancer - Successfully enhanced org.springframework.boot.autoconfigure.hateoas.HypermediaAutoConfiguration; enhanced class name is: org.springframework.boot.autoconfigure.hateoas.HypermediaAutoConfiguration$$EnhancerBySpringCGLIB$$f6fa897d
[DEBUG] 2017-06-04 15:06:45.685 [main] ConfigurationClassPostProcessor - Replacing bean definition 'org.springframework.boot.autoconfigure.hateoas.HypermediaAutoConfiguration' existing class 'org.springframework.boot.autoconfigure.hateoas.HypermediaAutoConfiguration' with enhanced class 'org.springframework.boot.autoconfigure.hateoas.HypermediaAutoConfiguration$$EnhancerBySpringCGLIB$$f6fa897d'
[DEBUG] 2017-06-04 15:06:45.685 [main] ConfigurationClassEnhancer - Successfully enhanced org.springframework.boot.test.autoconfigure.web.servlet.MockMvcAutoConfiguration; enhanced class name is: org.springframework.boot.test.autoconfigure.web.servlet.MockMvcAutoConfiguration$$EnhancerBySpringCGLIB$$9956da89
[DEBUG] 2017-06-04 15:06:45.685 [main] ConfigurationClassPostProcessor - Replacing bean definition 'org.springframework.boot.test.autoconfigure.web.servlet.MockMvcAutoConfiguration' existing class 'org.springframework.boot.test.autoconfigure.web.servlet.MockMvcAutoConfiguration' with enhanced class 'org.springframework.boot.test.autoconfigure.web.servlet.MockMvcAutoConfiguration$$EnhancerBySpringCGLIB$$9956da89'
[DEBUG] 2017-06-04 15:06:45.685 [main] ConfigurationClassEnhancer - Successfully enhanced org.springframework.boot.autoconfigure.web.ServerPropertiesAutoConfiguration; enhanced class name is: org.springframework.boot.autoconfigure.web.ServerPropertiesAutoConfiguration$$EnhancerBySpringCGLIB$$91499b1c
[DEBUG] 2017-06-04 15:06:45.685 [main] ConfigurationClassPostProcessor - Replacing bean definition 'org.springframework.boot.autoconfigure.web.ServerPropertiesAutoConfiguration' existing class 'org.springframework.boot.autoconfigure.web.ServerPropertiesAutoConfiguration' with enhanced class 'org.springframework.boot.autoconfigure.web.ServerPropertiesAutoConfiguration$$EnhancerBySpringCGLIB$$91499b1c'
[DEBUG] 2017-06-04 15:06:45.685 [main] ConfigurationClassEnhancer - Successfully enhanced org.springframework.boot.test.autoconfigure.web.servlet.MockMvcSecurityAutoConfiguration; enhanced class name is: org.springframework.boot.test.autoconfigure.web.servlet.MockMvcSecurityAutoConfiguration$$EnhancerBySpringCGLIB$$af84fe29
[DEBUG] 2017-06-04 15:06:45.686 [main] ConfigurationClassPostProcessor - Replacing bean definition 'org.springframework.boot.test.autoconfigure.web.servlet.MockMvcSecurityAutoConfiguration' existing class 'org.springframework.boot.test.autoconfigure.web.servlet.MockMvcSecurityAutoConfiguration' with enhanced class 'org.springframework.boot.test.autoconfigure.web.servlet.MockMvcSecurityAutoConfiguration$$EnhancerBySpringCGLIB$$af84fe29'
[DEBUG] 2017-06-04 15:06:45.686 [main] StandardEnvironment - Adding [applicationConfig: [classpath:/application.properties]] PropertySource with search precedence immediately lower than [applicationConfigurationProperties]
[DEBUG] 2017-06-04 15:06:45.686 [main] StandardEnvironment - Removing [applicationConfigurationProperties] PropertySource
[DEBUG] 2017-06-04 15:06:45.686 [main] StandardEnvironment - Removing [defaultProperties] PropertySource
[DEBUG] 2017-06-04 15:06:45.686 [main] DefaultListableBeanFactory - Creating shared instance of singleton bean 'org.springframework.boot.test.mock.mockito.MockitoPostProcessor'
[DEBUG] 2017-06-04 15:06:45.687 [main] DefaultListableBeanFactory - Creating instance of bean 'org.springframework.boot.test.mock.mockito.MockitoPostProcessor'
[DEBUG] 2017-06-04 15:06:45.689 [main] DefaultListableBeanFactory - Eagerly caching bean 'org.springframework.boot.test.mock.mockito.MockitoPostProcessor' to allow for resolving potential circular references
[DEBUG] 2017-06-04 15:06:45.689 [main] DefaultListableBeanFactory - Finished creating instance of bean 'org.springframework.boot.test.mock.mockito.MockitoPostProcessor'
[DEBUG] 2017-06-04 15:06:45.694 [main] DefaultListableBeanFactory - Creating shared instance of singleton bean 'org.springframework.boot.context.properties.ConfigurationPropertiesBindingPostProcessor.store'
[DEBUG] 2017-06-04 15:06:45.694 [main] DefaultListableBeanFactory - Creating instance of bean 'org.springframework.boot.context.properties.ConfigurationPropertiesBindingPostProcessor.store'
[DEBUG] 2017-06-04 15:06:45.694 [main] DefaultListableBeanFactory - Eagerly caching bean 'org.springframework.boot.context.properties.ConfigurationPropertiesBindingPostProcessor.store' to allow for resolving potential circular references
[DEBUG] 2017-06-04 15:06:45.694 [main] DefaultListableBeanFactory - Finished creating instance of bean 'org.springframework.boot.context.properties.ConfigurationPropertiesBindingPostProcessor.store'
[DEBUG] 2017-06-04 15:06:45.697 [main] DefaultListableBeanFactory - Creating shared instance of singleton bean 'org.springframework.context.annotation.internalAutowiredAnnotationProcessor'
[DEBUG] 2017-06-04 15:06:45.697 [main] DefaultListableBeanFactory - Creating instance of bean 'org.springframework.context.annotation.internalAutowiredAnnotationProcessor'
[DEBUG] 2017-06-04 15:06:45.698 [main] DefaultListableBeanFactory - Eagerly caching bean 'org.springframework.context.annotation.internalAutowiredAnnotationProcessor' to allow for resolving potential circular references
[DEBUG] 2017-06-04 15:06:45.698 [main] DefaultListableBeanFactory - Finished creating instance of bean 'org.springframework.context.annotation.internalAutowiredAnnotationProcessor'
[DEBUG] 2017-06-04 15:06:45.698 [main] DefaultListableBeanFactory - Creating shared instance of singleton bean 'org.springframework.context.annotation.internalRequiredAnnotationProcessor'
[DEBUG] 2017-06-04 15:06:45.698 [main] DefaultListableBeanFactory - Creating instance of bean 'org.springframework.context.annotation.internalRequiredAnnotationProcessor'
[DEBUG] 2017-06-04 15:06:45.699 [main] DefaultListableBeanFactory - Eagerly caching bean 'org.springframework.context.annotation.internalRequiredAnnotationProcessor' to allow for resolving potential circular references
[DEBUG] 2017-06-04 15:06:45.699 [main] DefaultListableBeanFactory - Finished creating instance of bean 'org.springframework.context.annotation.internalRequiredAnnotationProcessor'
[DEBUG] 2017-06-04 15:06:45.699 [main] DefaultListableBeanFactory - Creating shared instance of singleton bean 'org.springframework.context.annotation.internalCommonAnnotationProcessor'
[DEBUG] 2017-06-04 15:06:45.700 [main] DefaultListableBeanFactory - Creating instance of bean 'org.springframework.context.annotation.internalCommonAnnotationProcessor'
[DEBUG] 2017-06-04 15:06:45.700 [main] DefaultListableBeanFactory - Eagerly caching bean 'org.springframework.context.annotation.internalCommonAnnotationProcessor' to allow for resolving potential circular references
[DEBUG] 2017-06-04 15:06:45.700 [main] DefaultListableBeanFactory - Finished creating instance of bean 'org.springframework.context.annotation.internalCommonAnnotationProcessor'
[DEBUG] 2017-06-04 15:06:45.700 [main] DefaultListableBeanFactory - Creating shared instance of singleton bean 'org.springframework.boot.test.mock.mockito.MockitoPostProcessor$SpyPostProcessor'
[DEBUG] 2017-06-04 15:06:45.700 [main] DefaultListableBeanFactory - Creating instance of bean 'org.springframework.boot.test.mock.mockito.MockitoPostProcessor$SpyPostProcessor'
[DEBUG] 2017-06-04 15:06:45.700 [main] DefaultListableBeanFactory - Returning cached instance of singleton bean 'org.springframework.boot.test.mock.mockito.MockitoPostProcessor'
[DEBUG] 2017-06-04 15:06:45.701 [main] DefaultListableBeanFactory - Eagerly caching bean 'org.springframework.boot.test.mock.mockito.MockitoPostProcessor$SpyPostProcessor' to allow for resolving potential circular references
[DEBUG] 2017-06-04 15:06:45.701 [main] DefaultListableBeanFactory - Finished creating instance of bean 'org.springframework.boot.test.mock.mockito.MockitoPostProcessor$SpyPostProcessor'
[DEBUG] 2017-06-04 15:06:45.701 [main] DefaultListableBeanFactory - Creating shared instance of singleton bean 'org.springframework.context.annotation.ConfigurationClassPostProcessor.importAwareProcessor'
[DEBUG] 2017-06-04 15:06:45.701 [main] DefaultListableBeanFactory - Creating instance of bean 'org.springframework.context.annotation.ConfigurationClassPostProcessor.importAwareProcessor'
[DEBUG] 2017-06-04 15:06:45.701 [main] DefaultListableBeanFactory - Eagerly caching bean 'org.springframework.context.annotation.ConfigurationClassPostProcessor.importAwareProcessor' to allow for resolving potential circular references
[DEBUG] 2017-06-04 15:06:45.702 [main] DefaultListableBeanFactory - Finished creating instance of bean 'org.springframework.context.annotation.ConfigurationClassPostProcessor.importAwareProcessor'
[DEBUG] 2017-06-04 15:06:45.702 [main] DefaultListableBeanFactory - Creating shared instance of singleton bean 'org.springframework.context.annotation.ConfigurationClassPostProcessor.enhancedConfigurationProcessor'
[DEBUG] 2017-06-04 15:06:45.702 [main] DefaultListableBeanFactory - Creating instance of bean 'org.springframework.context.annotation.ConfigurationClassPostProcessor.enhancedConfigurationProcessor'
[DEBUG] 2017-06-04 15:06:45.702 [main] DefaultListableBeanFactory - Eagerly caching bean 'org.springframework.context.annotation.ConfigurationClassPostProcessor.enhancedConfigurationProcessor' to allow for resolving potential circular references
[DEBUG] 2017-06-04 15:06:45.702 [main] DefaultListableBeanFactory - Finished creating instance of bean 'org.springframework.context.annotation.ConfigurationClassPostProcessor.enhancedConfigurationProcessor'
[DEBUG] 2017-06-04 15:06:45.702 [main] DefaultListableBeanFactory - Creating shared instance of singleton bean 'org.springframework.data.repository.core.support.RepositoryFactoryBeanSupport_Predictor'
[DEBUG] 2017-06-04 15:06:45.702 [main] DefaultListableBeanFactory - Creating instance of bean 'org.springframework.data.repository.core.support.RepositoryFactoryBeanSupport_Predictor'
[DEBUG] 2017-06-04 15:06:45.703 [main] DefaultListableBeanFactory - Eagerly caching bean 'org.springframework.data.repository.core.support.RepositoryFactoryBeanSupport_Predictor' to allow for resolving potential circular references
[DEBUG] 2017-06-04 15:06:45.703 [main] DefaultListableBeanFactory - Finished creating instance of bean 'org.springframework.data.repository.core.support.RepositoryFactoryBeanSupport_Predictor'
[DEBUG] 2017-06-04 15:06:45.703 [main] DefaultListableBeanFactory - Creating shared instance of singleton bean 'org.springframework.boot.context.properties.ConfigurationPropertiesBindingPostProcessor'
[DEBUG] 2017-06-04 15:06:45.703 [main] DefaultListableBeanFactory - Creating instance of bean 'org.springframework.boot.context.properties.ConfigurationPropertiesBindingPostProcessor'
[DEBUG] 2017-06-04 15:06:45.704 [main] StandardEnvironment - Adding [systemProperties] PropertySource with lowest search precedence
[DEBUG] 2017-06-04 15:06:45.704 [main] StandardEnvironment - Adding [systemEnvironment] PropertySource with lowest search precedence
[DEBUG] 2017-06-04 15:06:45.704 [main] StandardEnvironment - Initialized StandardEnvironment with PropertySources [systemProperties,systemEnvironment]
[DEBUG] 2017-06-04 15:06:45.704 [main] DefaultListableBeanFactory - Eagerly caching bean 'org.springframework.boot.context.properties.ConfigurationPropertiesBindingPostProcessor' to allow for resolving potential circular references
[DEBUG] 2017-06-04 15:06:45.704 [main] DefaultListableBeanFactory - Returning cached instance of singleton bean 'org.springframework.boot.context.properties.ConfigurationPropertiesBindingPostProcessor.store'
[DEBUG] 2017-06-04 15:06:45.711 [main] DefaultListableBeanFactory - Invoking afterPropertiesSet() on bean with name 'org.springframework.boot.context.properties.ConfigurationPropertiesBindingPostProcessor'
[DEBUG] 2017-06-04 15:06:45.711 [main] DefaultListableBeanFactory - Finished creating instance of bean 'org.springframework.boot.context.properties.ConfigurationPropertiesBindingPostProcessor'
[DEBUG] 2017-06-04 15:06:45.711 [main] DefaultListableBeanFactory - Returning cached instance of singleton bean 'org.springframework.boot.test.mock.mockito.MockitoPostProcessor'
[DEBUG] 2017-06-04 15:06:45.712 [main] DefaultListableBeanFactory - Creating shared instance of singleton bean 'halObjectMapperConfigurer'
[DEBUG] 2017-06-04 15:06:45.712 [main] DefaultListableBeanFactory - Creating instance of bean 'halObjectMapperConfigurer'
[DEBUG] 2017-06-04 15:06:45.712 [main] DefaultListableBeanFactory - Eagerly caching bean 'halObjectMapperConfigurer' to allow for resolving potential circular references
[DEBUG] 2017-06-04 15:06:45.715 [main] DefaultListableBeanFactory - Finished creating instance of bean 'halObjectMapperConfigurer'
[DEBUG] 2017-06-04 15:06:45.715 [main] DefaultListableBeanFactory - Creating shared instance of singleton bean 'org.springframework.hateoas.config.HypermediaSupportBeanDefinitionRegistrar$DefaultObjectMapperCustomizer#0'
[DEBUG] 2017-06-04 15:06:45.715 [main] DefaultListableBeanFactory - Creating instance of bean 'org.springframework.hateoas.config.HypermediaSupportBeanDefinitionRegistrar$DefaultObjectMapperCustomizer#0'
[DEBUG] 2017-06-04 15:06:45.715 [main] DefaultListableBeanFactory - Eagerly caching bean 'org.springframework.hateoas.config.HypermediaSupportBeanDefinitionRegistrar$DefaultObjectMapperCustomizer#0' to allow for resolving potential circular references
[DEBUG] 2017-06-04 15:06:45.717 [main] DefaultListableBeanFactory - Finished creating instance of bean 'org.springframework.hateoas.config.HypermediaSupportBeanDefinitionRegistrar$DefaultObjectMapperCustomizer#0'
[DEBUG] 2017-06-04 15:06:45.717 [main] DefaultListableBeanFactory - Creating shared instance of singleton bean 'org.springframework.hateoas.config.HypermediaSupportBeanDefinitionRegistrar$Jackson2ModuleRegisteringBeanPostProcessor#0'
[DEBUG] 2017-06-04 15:06:45.717 [main] DefaultListableBeanFactory - Creating instance of bean 'org.springframework.hateoas.config.HypermediaSupportBeanDefinitionRegistrar$Jackson2ModuleRegisteringBeanPostProcessor#0'
[DEBUG] 2017-06-04 15:06:45.718 [main] DefaultListableBeanFactory - Eagerly caching bean 'org.springframework.hateoas.config.HypermediaSupportBeanDefinitionRegistrar$Jackson2ModuleRegisteringBeanPostProcessor#0' to allow for resolving potential circular references
[DEBUG] 2017-06-04 15:06:45.721 [main] DefaultListableBeanFactory - Finished creating instance of bean 'org.springframework.hateoas.config.HypermediaSupportBeanDefinitionRegistrar$Jackson2ModuleRegisteringBeanPostProcessor#0'
[DEBUG] 2017-06-04 15:06:45.721 [main] DefaultListableBeanFactory - Returning cached instance of singleton bean 'org.springframework.boot.test.autoconfigure.properties.PropertyMappingContextCustomizer$PropertyMappingCheckBeanPostProcessor'
[DEBUG] 2017-06-04 15:06:45.721 [main] GenericWebApplicationContext - Unable to locate MessageSource with name 'messageSource': using default [org.springframework.context.support.DelegatingMessageSource@b27b210]
[DEBUG] 2017-06-04 15:06:45.721 [main] GenericWebApplicationContext - Unable to locate ApplicationEventMulticaster with name 'applicationEventMulticaster': using default [org.springframework.context.event.SimpleApplicationEventMulticaster@69aa7d76]
[DEBUG] 2017-06-04 15:06:45.721 [main] UiApplicationContextUtils - Unable to locate ThemeSource with name 'themeSource': using default [org.springframework.ui.context.support.ResourceBundleThemeSource@33f17289]
[DEBUG] 2017-06-04 15:06:45.723 [main] DefaultListableBeanFactory - Pre-instantiating singletons in org.springframework.beans.factory.support.DefaultListableBeanFactory@2b7e8044: defining beans [org.springframework.context.annotation.internalConfigurationAnnotationProcessor,org.springframework.context.annotation.internalAutowiredAnnotationProcessor,org.springframework.context.annotation.internalRequiredAnnotationProcessor,org.springframework.context.annotation.internalCommonAnnotationProcessor,org.springframework.context.event.internalEventListenerProcessor,org.springframework.context.event.internalEventListenerFactory,org.springframework.boot.test.context.ImportsContextCustomizer$ImportsCleanupPostProcessor,org.springframework.boot.test.mock.mockito.MockitoPostProcessor$SpyPostProcessor,org.springframework.boot.test.mock.mockito.MockitoPostProcessor,ng2bootApplication,org.springframework.boot.autoconfigure.internalCachingMetadataReaderFactory,org.springframework.context.annotation.ConfigurationClassPostProcessor.importAwareProcessor,org.springframework.context.annotation.ConfigurationClassPostProcessor.enhancedConfigurationProcessor,movieRestController,org.springframework.boot.autoconfigure.AutoConfigurationPackages,org.springframework.data.mongodb.repository.config.MongoRepositoryConfigurationExtension#0,org.springframework.data.repository.core.support.RepositoryFactoryBeanSupport_Predictor,crudsRepository,movieRepository,org.springframework.boot.autoconfigure.condition.BeanTypeRegistry,org.springframework.boot.autoconfigure.web.WebMvcAutoConfiguration$EnableWebMvcConfiguration,requestMappingHandlerAdapter,requestMappingHandlerMapping,mvcPathMatcher,mvcUrlPathHelper,mvcContentNegotiationManager,viewControllerHandlerMapping,beanNameHandlerMapping,resourceHandlerMapping,mvcResourceUrlProvider,defaultServletHandlerMapping,mvcConversionService,mvcValidator,mvcUriComponentsContributor,httpRequestHandlerAdapter,simpleControllerHandlerAdapter,handlerExceptionResolver,mvcViewResolver,org.springframework.boot.autoconfigure.web.WebMvcAutoConfiguration$WebMvcAutoConfigurationAdapter$FaviconConfiguration,faviconHandlerMapping,faviconRequestHandler,org.springframework.boot.autoconfigure.web.WebMvcAutoConfiguration$WebMvcAutoConfigurationAdapter,defaultViewResolver,viewResolver,welcomePageHandlerMapping,requestContextFilter,spring.mvc-org.springframework.boot.autoconfigure.web.WebMvcProperties,spring.resources-org.springframework.boot.autoconfigure.web.ResourceProperties,org.springframework.boot.context.properties.ConfigurationPropertiesBindingPostProcessor,org.springframework.boot.context.properties.ConfigurationPropertiesBindingPostProcessor.store,org.springframework.boot.autoconfigure.web.WebMvcAutoConfiguration,hiddenHttpMethodFilter,httpPutFormContentFilter,org.springframework.boot.autoconfigure.gson.GsonAutoConfiguration,gson,org.springframework.boot.autoconfigure.jackson.JacksonAutoConfiguration$Jackson2ObjectMapperBuilderCustomizerConfiguration,standardJacksonObjectMapperBuilderCustomizer,spring.jackson-org.springframework.boot.autoconfigure.jackson.JacksonProperties,org.springframework.boot.autoconfigure.jackson.JacksonAutoConfiguration$JacksonObjectMapperBuilderConfiguration,jacksonObjectMapperBuilder,org.springframework.boot.autoconfigure.jackson.JacksonAutoConfiguration$JacksonObjectMapperConfiguration,jacksonObjectMapper,org.springframework.boot.autoconfigure.jackson.JacksonAutoConfiguration,jsonComponentModule,org.springframework.boot.autoconfigure.web.HttpMessageConvertersAutoConfiguration$StringHttpMessageConverterConfiguration,stringHttpMessageConverter,spring.http.encoding-org.springframework.boot.autoconfigure.web.HttpEncodingProperties,org.springframework.boot.autoconfigure.web.JacksonHttpMessageConvertersConfiguration$MappingJackson2HttpMessageConverterConfiguration,mappingJackson2HttpMessageConverter,org.springframework.boot.autoconfigure.web.JacksonHttpMessageConvertersConfiguration,org.springframework.boot.autoconfigure.web.GsonHttpMessageConvertersConfiguration,org.springframework.boot.autoconfigure.web.HttpMessageConvertersAutoConfiguration,messageConverters,org.springframework.boot.autoconfigure.hateoas.HypermediaAutoConfiguration$EntityLinksConfiguration,entityLinksPluginRegistry,controllerEntityLinks,delegatingEntityLinks,org.springframework.hateoas.config.HateoasConfiguration,linkRelationMessageSource,org.springframework.boot.autoconfigure.hateoas.HypermediaAutoConfiguration$HypermediaConfiguration,halObjectMapperConfigurer,org.springframework.hateoas.hal.HalLinkDiscoverer#0,_halObjectMapper,org.springframework.hateoas.config.HypermediaSupportBeanDefinitionRegistrar$DefaultObjectMapperCustomizer#0,org.springframework.hateoas.config.HypermediaSupportBeanDefinitionRegistrar$Jackson2ModuleRegisteringBeanPostProcessor#0,_linkDiscovererRegistry,org.springframework.hateoas.LinkDiscoverers#0,defaultRelProvider,annotationRelProvider,relProviderPluginRegistry,_relProvider,org.springframework.boot.autoconfigure.hateoas.HypermediaHttpMessageConverterConfiguration,halMessageConverterSupportedMediaTypeCustomizer,org.springframework.boot.autoconfigure.hateoas.HypermediaAutoConfiguration,spring.hateoas-org.springframework.boot.autoconfigure.hateoas.HateoasProperties,org.springframework.boot.test.autoconfigure.web.servlet.MockMvcAutoConfiguration,mockMvcBuilder,springBootMockMvcBuilderCustomizer,mockMvc,org.springframework.boot.autoconfigure.web.ServerPropertiesAutoConfiguration,serverProperties,duplicateServerPropertiesDetector,org.springframework.boot.test.autoconfigure.web.servlet.MockMvcSecurityAutoConfiguration,com.stackroute.ng2boot.service.MovieGetService#0]; root of factory hierarchy
[DEBUG] 2017-06-04 15:06:45.724 [main] DefaultListableBeanFactory - Returning cached instance of singleton bean 'org.springframework.context.annotation.internalConfigurationAnnotationProcessor'
[DEBUG] 2017-06-04 15:06:45.724 [main] DefaultListableBeanFactory - Returning cached instance of singleton bean 'org.springframework.context.annotation.internalAutowiredAnnotationProcessor'
[DEBUG] 2017-06-04 15:06:45.724 [main] DefaultListableBeanFactory - Returning cached instance of singleton bean 'org.springframework.context.annotation.internalRequiredAnnotationProcessor'
[DEBUG] 2017-06-04 15:06:45.724 [main] DefaultListableBeanFactory - Returning cached instance of singleton bean 'org.springframework.context.annotation.internalCommonAnnotationProcessor'
[DEBUG] 2017-06-04 15:06:45.724 [main] DefaultListableBeanFactory - Creating shared instance of singleton bean 'org.springframework.context.event.internalEventListenerProcessor'
[DEBUG] 2017-06-04 15:06:45.724 [main] DefaultListableBeanFactory - Creating instance of bean 'org.springframework.context.event.internalEventListenerProcessor'
[DEBUG] 2017-06-04 15:06:45.724 [main] DefaultListableBeanFactory - Eagerly caching bean 'org.springframework.context.event.internalEventListenerProcessor' to allow for resolving potential circular references
[DEBUG] 2017-06-04 15:06:45.727 [main] DefaultListableBeanFactory - Finished creating instance of bean 'org.springframework.context.event.internalEventListenerProcessor'
[DEBUG] 2017-06-04 15:06:45.728 [main] DefaultListableBeanFactory - Creating shared instance of singleton bean 'org.springframework.context.event.internalEventListenerFactory'
[DEBUG] 2017-06-04 15:06:45.728 [main] DefaultListableBeanFactory - Creating instance of bean 'org.springframework.context.event.internalEventListenerFactory'
[DEBUG] 2017-06-04 15:06:45.728 [main] DefaultListableBeanFactory - Eagerly caching bean 'org.springframework.context.event.internalEventListenerFactory' to allow for resolving potential circular references
[DEBUG] 2017-06-04 15:06:45.731 [main] DefaultListableBeanFactory - Finished creating instance of bean 'org.springframework.context.event.internalEventListenerFactory'
[DEBUG] 2017-06-04 15:06:45.731 [main] DefaultListableBeanFactory - Returning cached instance of singleton bean 'org.springframework.boot.test.context.ImportsContextCustomizer$ImportsCleanupPostProcessor'
[DEBUG] 2017-06-04 15:06:45.731 [main] DefaultListableBeanFactory - Returning cached instance of singleton bean 'org.springframework.boot.test.mock.mockito.MockitoPostProcessor$SpyPostProcessor'
[DEBUG] 2017-06-04 15:06:45.731 [main] DefaultListableBeanFactory - Returning cached instance of singleton bean 'org.springframework.boot.test.mock.mockito.MockitoPostProcessor'
[DEBUG] 2017-06-04 15:06:45.731 [main] DefaultListableBeanFactory - Creating shared instance of singleton bean 'ng2bootApplication'
[DEBUG] 2017-06-04 15:06:45.731 [main] DefaultListableBeanFactory - Creating instance of bean 'ng2bootApplication'
[DEBUG] 2017-06-04 15:06:45.731 [main] DefaultListableBeanFactory - Eagerly caching bean 'ng2bootApplication' to allow for resolving potential circular references
[DEBUG] 2017-06-04 15:06:45.734 [main] DefaultListableBeanFactory - Finished creating instance of bean 'ng2bootApplication'
[DEBUG] 2017-06-04 15:06:45.735 [main] DefaultListableBeanFactory - Returning cached instance of singleton bean 'org.springframework.boot.autoconfigure.internalCachingMetadataReaderFactory'
[DEBUG] 2017-06-04 15:06:45.735 [main] DefaultListableBeanFactory - Returning cached instance of singleton bean 'org.springframework.context.annotation.ConfigurationClassPostProcessor.importAwareProcessor'
[DEBUG] 2017-06-04 15:06:45.735 [main] DefaultListableBeanFactory - Returning cached instance of singleton bean 'org.springframework.context.annotation.ConfigurationClassPostProcessor.enhancedConfigurationProcessor'
[DEBUG] 2017-06-04 15:06:45.735 [main] DefaultListableBeanFactory - Creating shared instance of singleton bean 'movieRestController'
[DEBUG] 2017-06-04 15:06:45.735 [main] DefaultListableBeanFactory - Creating instance of bean 'movieRestController'
[DEBUG] 2017-06-04 15:06:45.735 [main] InjectionMetadata - Registered injected element on class [com.stackroute.ng2boot.controllers.MovieRestController]: AutowiredFieldElement for private com.stackroute.ng2boot.service.MovieGetService com.stackroute.ng2boot.controllers.MovieRestController.moviegetservice
[DEBUG] 2017-06-04 15:06:45.736 [main] InjectionMetadata - Registered injected element on class [com.stackroute.ng2boot.controllers.MovieRestController]: AutowiredFieldElement for private com.stackroute.ng2boot.links.MovieLinks com.stackroute.ng2boot.controllers.MovieRestController.movielinks
[DEBUG] 2017-06-04 15:06:45.736 [main] DefaultListableBeanFactory - Eagerly caching bean 'movieRestController' to allow for resolving potential circular references
[DEBUG] 2017-06-04 15:06:45.737 [main] InjectionMetadata - Processing injected element of bean 'movieRestController': AutowiredFieldElement for private com.stackroute.ng2boot.service.MovieGetService com.stackroute.ng2boot.controllers.MovieRestController.moviegetservice
[DEBUG] 2017-06-04 15:06:45.738 [main] DefaultListableBeanFactory - Returning cached instance of singleton bean 'com.stackroute.ng2boot.service.MovieGetService#0'
[DEBUG] 2017-06-04 15:06:45.738 [main] AutowiredAnnotationBeanPostProcessor - Autowiring by type from bean name 'movieRestController' to bean named 'com.stackroute.ng2boot.service.MovieGetService#0'
[DEBUG] 2017-06-04 15:06:45.738 [main] InjectionMetadata - Processing injected element of bean 'movieRestController': AutowiredFieldElement for private com.stackroute.ng2boot.links.MovieLinks com.stackroute.ng2boot.controllers.MovieRestController.movielinks
[WARN ] 2017-06-04 15:06:45.739 [main] GenericWebApplicationContext - Exception encountered during context initialization - cancelling refresh attempt: org.springframework.beans.factory.UnsatisfiedDependencyException: Error creating bean with name 'movieRestController': Unsatisfied dependency expressed through field 'movielinks'; nested exception is org.springframework.beans.factory.NoSuchBeanDefinitionException: No qualifying bean of type 'com.stackroute.ng2boot.links.MovieLinks' available: expected at least 1 bean which qualifies as autowire candidate. Dependency annotations: {@org.springframework.beans.factory.annotation.Autowired(required=true)}
[DEBUG] 2017-06-04 15:06:45.739 [main] DefaultListableBeanFactory - Destroying singletons in org.springframework.beans.factory.support.DefaultListableBeanFactory@2b7e8044: defining beans [org.springframework.context.annotation.internalConfigurationAnnotationProcessor,org.springframework.context.annotation.internalAutowiredAnnotationProcessor,org.springframework.context.annotation.internalRequiredAnnotationProcessor,org.springframework.context.annotation.internalCommonAnnotationProcessor,org.springframework.context.event.internalEventListenerProcessor,org.springframework.context.event.internalEventListenerFactory,org.springframework.boot.test.context.ImportsContextCustomizer$ImportsCleanupPostProcessor,org.springframework.boot.test.mock.mockito.MockitoPostProcessor$SpyPostProcessor,org.springframework.boot.test.mock.mockito.MockitoPostProcessor,ng2bootApplication,org.springframework.boot.autoconfigure.internalCachingMetadataReaderFactory,org.springframework.context.annotation.ConfigurationClassPostProcessor.importAwareProcessor,org.springframework.context.annotation.ConfigurationClassPostProcessor.enhancedConfigurationProcessor,movieRestController,org.springframework.boot.autoconfigure.AutoConfigurationPackages,org.springframework.data.mongodb.repository.config.MongoRepositoryConfigurationExtension#0,org.springframework.data.repository.core.support.RepositoryFactoryBeanSupport_Predictor,crudsRepository,movieRepository,org.springframework.boot.autoconfigure.condition.BeanTypeRegistry,org.springframework.boot.autoconfigure.web.WebMvcAutoConfiguration$EnableWebMvcConfiguration,requestMappingHandlerAdapter,requestMappingHandlerMapping,mvcPathMatcher,mvcUrlPathHelper,mvcContentNegotiationManager,viewControllerHandlerMapping,beanNameHandlerMapping,resourceHandlerMapping,mvcResourceUrlProvider,defaultServletHandlerMapping,mvcConversionService,mvcValidator,mvcUriComponentsContributor,httpRequestHandlerAdapter,simpleControllerHandlerAdapter,handlerExceptionResolver,mvcViewResolver,org.springframework.boot.autoconfigure.web.WebMvcAutoConfiguration$WebMvcAutoConfigurationAdapter$FaviconConfiguration,faviconHandlerMapping,faviconRequestHandler,org.springframework.boot.autoconfigure.web.WebMvcAutoConfiguration$WebMvcAutoConfigurationAdapter,defaultViewResolver,viewResolver,welcomePageHandlerMapping,requestContextFilter,spring.mvc-org.springframework.boot.autoconfigure.web.WebMvcProperties,spring.resources-org.springframework.boot.autoconfigure.web.ResourceProperties,org.springframework.boot.context.properties.ConfigurationPropertiesBindingPostProcessor,org.springframework.boot.context.properties.ConfigurationPropertiesBindingPostProcessor.store,org.springframework.boot.autoconfigure.web.WebMvcAutoConfiguration,hiddenHttpMethodFilter,httpPutFormContentFilter,org.springframework.boot.autoconfigure.gson.GsonAutoConfiguration,gson,org.springframework.boot.autoconfigure.jackson.JacksonAutoConfiguration$Jackson2ObjectMapperBuilderCustomizerConfiguration,standardJacksonObjectMapperBuilderCustomizer,spring.jackson-org.springframework.boot.autoconfigure.jackson.JacksonProperties,org.springframework.boot.autoconfigure.jackson.JacksonAutoConfiguration$JacksonObjectMapperBuilderConfiguration,jacksonObjectMapperBuilder,org.springframework.boot.autoconfigure.jackson.JacksonAutoConfiguration$JacksonObjectMapperConfiguration,jacksonObjectMapper,org.springframework.boot.autoconfigure.jackson.JacksonAutoConfiguration,jsonComponentModule,org.springframework.boot.autoconfigure.web.HttpMessageConvertersAutoConfiguration$StringHttpMessageConverterConfiguration,stringHttpMessageConverter,spring.http.encoding-org.springframework.boot.autoconfigure.web.HttpEncodingProperties,org.springframework.boot.autoconfigure.web.JacksonHttpMessageConvertersConfiguration$MappingJackson2HttpMessageConverterConfiguration,mappingJackson2HttpMessageConverter,org.springframework.boot.autoconfigure.web.JacksonHttpMessageConvertersConfiguration,org.springframework.boot.autoconfigure.web.GsonHttpMessageConvertersConfiguration,org.springframework.boot.autoconfigure.web.HttpMessageConvertersAutoConfiguration,messageConverters,org.springframework.boot.autoconfigure.hateoas.HypermediaAutoConfiguration$EntityLinksConfiguration,entityLinksPluginRegistry,controllerEntityLinks,delegatingEntityLinks,org.springframework.hateoas.config.HateoasConfiguration,linkRelationMessageSource,org.springframework.boot.autoconfigure.hateoas.HypermediaAutoConfiguration$HypermediaConfiguration,halObjectMapperConfigurer,org.springframework.hateoas.hal.HalLinkDiscoverer#0,_halObjectMapper,org.springframework.hateoas.config.HypermediaSupportBeanDefinitionRegistrar$DefaultObjectMapperCustomizer#0,org.springframework.hateoas.config.HypermediaSupportBeanDefinitionRegistrar$Jackson2ModuleRegisteringBeanPostProcessor#0,_linkDiscovererRegistry,org.springframework.hateoas.LinkDiscoverers#0,defaultRelProvider,annotationRelProvider,relProviderPluginRegistry,_relProvider,org.springframework.boot.autoconfigure.hateoas.HypermediaHttpMessageConverterConfiguration,halMessageConverterSupportedMediaTypeCustomizer,org.springframework.boot.autoconfigure.hateoas.HypermediaAutoConfiguration,spring.hateoas-org.springframework.boot.autoconfigure.hateoas.HateoasProperties,org.springframework.boot.test.autoconfigure.web.servlet.MockMvcAutoConfiguration,mockMvcBuilder,springBootMockMvcBuilderCustomizer,mockMvc,org.springframework.boot.autoconfigure.web.ServerPropertiesAutoConfiguration,serverProperties,duplicateServerPropertiesDetector,org.springframework.boot.test.autoconfigure.web.servlet.MockMvcSecurityAutoConfiguration,com.stackroute.ng2boot.service.MovieGetService#0]; root of factory hierarchy
[DEBUG] 2017-06-04 15:06:45.739 [main] DisposableBeanAdapter - Invoking destroy() on bean with name 'org.springframework.boot.context.properties.ConfigurationPropertiesBindingPostProcessor'
[DEBUG] 2017-06-04 15:06:45.739 [main] DefaultListableBeanFactory - Retrieved dependent beans for bean 'org.springframework.boot.autoconfigure.internalCachingMetadataReaderFactory': [org.springframework.context.annotation.internalConfigurationAnnotationProcessor]
[DEBUG] 2017-06-04 15:06:45.740 [main] ClasspathLoggingApplicationListener - Application failed to start with classpath: [file:/home/user/Downloads/part1_movieapp-starter/spring-rest/target/surefire/surefirebooter8256104674369339533.jar]
[DEBUG] 2017-06-04 15:06:45.744 [main] AutoConfigurationReportLoggingInitializer - 


=========================
AUTO-CONFIGURATION REPORT
=========================


Positive matches:
-----------------

   GsonAutoConfiguration matched:
      - @ConditionalOnClass found required class 'com.google.gson.Gson' (OnClassCondition)

   GsonAutoConfiguration#gson matched:
      - @ConditionalOnMissingBean (types: com.google.gson.Gson; SearchStrategy: all) did not find any beans (OnBeanCondition)

   GsonHttpMessageConvertersConfiguration matched:
      - @ConditionalOnClass found required class 'com.google.gson.Gson' (OnClassCondition)

   HttpMessageConvertersAutoConfiguration matched:
      - @ConditionalOnClass found required class 'org.springframework.http.converter.HttpMessageConverter' (OnClassCondition)

   HttpMessageConvertersAutoConfiguration#messageConverters matched:
      - @ConditionalOnMissingBean (types: org.springframework.boot.autoconfigure.web.HttpMessageConverters; SearchStrategy: all) did not find any beans (OnBeanCondition)

   HttpMessageConvertersAutoConfiguration.StringHttpMessageConverterConfiguration matched:
      - @ConditionalOnClass found required class 'org.springframework.http.converter.StringHttpMessageConverter' (OnClassCondition)

   HttpMessageConvertersAutoConfiguration.StringHttpMessageConverterConfiguration#stringHttpMessageConverter matched:
      - @ConditionalOnMissingBean (types: org.springframework.http.converter.StringHttpMessageConverter; SearchStrategy: all) did not find any beans (OnBeanCondition)

   HypermediaAutoConfiguration matched:
      - @ConditionalOnClass found required classes 'org.springframework.hateoas.Resource', 'org.springframework.web.bind.annotation.RequestMapping', 'org.springframework.plugin.core.Plugin' (OnClassCondition)
      - @ConditionalOnWebApplication (required) found 'session' scope (OnWebApplicationCondition)

   HypermediaAutoConfiguration.EntityLinksConfiguration matched:
      - @ConditionalOnMissingBean (types: org.springframework.hateoas.EntityLinks; SearchStrategy: all) did not find any beans (OnBeanCondition)

   HypermediaAutoConfiguration.HypermediaConfiguration matched:
      - @ConditionalOnMissingBean (types: org.springframework.hateoas.LinkDiscoverers; SearchStrategy: all) did not find any beans (OnBeanCondition)

   HypermediaHttpMessageConverterConfiguration#halMessageConverterSupportedMediaTypeCustomizer matched:
      - @ConditionalOnProperty (spring.hateoas.use-hal-as-default-json-media-type) matched (OnPropertyCondition)

   JacksonAutoConfiguration matched:
      - @ConditionalOnClass found required class 'com.fasterxml.jackson.databind.ObjectMapper' (OnClassCondition)

   JacksonAutoConfiguration.Jackson2ObjectMapperBuilderCustomizerConfiguration matched:
      - @ConditionalOnClass found required classes 'com.fasterxml.jackson.databind.ObjectMapper', 'org.springframework.http.converter.json.Jackson2ObjectMapperBuilder' (OnClassCondition)

   JacksonAutoConfiguration.JacksonObjectMapperBuilderConfiguration matched:
      - @ConditionalOnClass found required classes 'com.fasterxml.jackson.databind.ObjectMapper', 'org.springframework.http.converter.json.Jackson2ObjectMapperBuilder' (OnClassCondition)

   JacksonAutoConfiguration.JacksonObjectMapperBuilderConfiguration#jacksonObjectMapperBuilder matched:
      - @ConditionalOnMissingBean (types: org.springframework.http.converter.json.Jackson2ObjectMapperBuilder; SearchStrategy: all) did not find any beans (OnBeanCondition)

   JacksonAutoConfiguration.JacksonObjectMapperConfiguration matched:
      - @ConditionalOnClass found required classes 'com.fasterxml.jackson.databind.ObjectMapper', 'org.springframework.http.converter.json.Jackson2ObjectMapperBuilder' (OnClassCondition)

   JacksonAutoConfiguration.JacksonObjectMapperConfiguration#jacksonObjectMapper matched:
      - @ConditionalOnMissingBean (types: com.fasterxml.jackson.databind.ObjectMapper; SearchStrategy: all) did not find any beans (OnBeanCondition)

   JacksonHttpMessageConvertersConfiguration.MappingJackson2HttpMessageConverterConfiguration matched:
      - @ConditionalOnClass found required class 'com.fasterxml.jackson.databind.ObjectMapper' (OnClassCondition)
      - @ConditionalOnProperty (spring.http.converters.preferred-json-mapper=jackson) matched (OnPropertyCondition)
      - @ConditionalOnBean (types: com.fasterxml.jackson.databind.ObjectMapper; SearchStrategy: all) found bean 'jacksonObjectMapper' (OnBeanCondition)

   JacksonHttpMessageConvertersConfiguration.MappingJackson2HttpMessageConverterConfiguration#mappingJackson2HttpMessageConverter matched:
      - @ConditionalOnMissingBean (types: org.springframework.http.converter.json.MappingJackson2HttpMessageConverter; SearchStrategy: all) did not find any beans (OnBeanCondition)

   MockMvcAutoConfiguration matched:
      - @ConditionalOnWebApplication (required) found 'session' scope (OnWebApplicationCondition)

   MockMvcAutoConfiguration#mockMvc matched:
      - @ConditionalOnMissingBean (types: org.springframework.test.web.servlet.MockMvc; SearchStrategy: all) did not find any beans (OnBeanCondition)

   MockMvcAutoConfiguration#mockMvcBuilder matched:
      - @ConditionalOnMissingBean (types: org.springframework.test.web.servlet.MockMvcBuilder; SearchStrategy: all) did not find any beans (OnBeanCondition)

   MockMvcSecurityAutoConfiguration matched:
      - @ConditionalOnProperty (spring.test.mockmvc.secure=true) matched (OnPropertyCondition)

   NoOpCacheConfiguration matched:
      - Cache org.springframework.boot.autoconfigure.cache.NoOpCacheConfiguration NONE cache type (CacheCondition)

   ServerPropertiesAutoConfiguration matched:
      - @ConditionalOnWebApplication (required) found 'session' scope (OnWebApplicationCondition)

   ServerPropertiesAutoConfiguration#serverProperties matched:
      - @ConditionalOnMissingBean (types: org.springframework.boot.autoconfigure.web.ServerProperties; SearchStrategy: current) did not find any beans (OnBeanCondition)

   WebMvcAutoConfiguration matched:
      - @ConditionalOnClass found required classes 'javax.servlet.Servlet', 'org.springframework.web.servlet.DispatcherServlet', 'org.springframework.web.servlet.config.annotation.WebMvcConfigurerAdapter' (OnClassCondition)
      - @ConditionalOnWebApplication (required) found 'session' scope (OnWebApplicationCondition)
      - @ConditionalOnMissingBean (types: org.springframework.web.servlet.config.annotation.WebMvcConfigurationSupport; SearchStrategy: all) did not find any beans (OnBeanCondition)

   WebMvcAutoConfiguration#hiddenHttpMethodFilter matched:
      - @ConditionalOnMissingBean (types: org.springframework.web.filter.HiddenHttpMethodFilter; SearchStrategy: all) did not find any beans (OnBeanCondition)

   WebMvcAutoConfiguration#httpPutFormContentFilter matched:
      - @ConditionalOnProperty (spring.mvc.formcontent.putfilter.enabled) matched (OnPropertyCondition)
      - @ConditionalOnMissingBean (types: org.springframework.web.filter.HttpPutFormContentFilter; SearchStrategy: all) did not find any beans (OnBeanCondition)

   WebMvcAutoConfiguration.WebMvcAutoConfigurationAdapter#defaultViewResolver matched:
      - @ConditionalOnMissingBean (types: org.springframework.web.servlet.view.InternalResourceViewResolver; SearchStrategy: all) did not find any beans (OnBeanCondition)

   WebMvcAutoConfiguration.WebMvcAutoConfigurationAdapter#requestContextFilter matched:
      - @ConditionalOnMissingBean (types: org.springframework.web.context.request.RequestContextListener,org.springframework.web.filter.RequestContextFilter; SearchStrategy: all) did not find any beans (OnBeanCondition)

   WebMvcAutoConfiguration.WebMvcAutoConfigurationAdapter#viewResolver matched:
      - @ConditionalOnBean (types: org.springframework.web.servlet.ViewResolver; SearchStrategy: all) found beans 'defaultViewResolver', 'mvcViewResolver'; @ConditionalOnMissingBean (names: viewResolver; types: org.springframework.web.servlet.view.ContentNegotiatingViewResolver; SearchStrategy: all) did not find any beans (OnBeanCondition)

   WebMvcAutoConfiguration.WebMvcAutoConfigurationAdapter.FaviconConfiguration matched:
      - @ConditionalOnProperty (spring.mvc.favicon.enabled) matched (OnPropertyCondition)


Negative matches:
-----------------

   CacheAutoConfiguration:
      Did not match:
         - @ConditionalOnBean (types: org.springframework.cache.interceptor.CacheAspectSupport; SearchStrategy: all) did not find any beans (OnBeanCondition)
      Matched:
         - @ConditionalOnClass found required class 'org.springframework.cache.CacheManager' (OnClassCondition)

   CacheAutoConfiguration.CacheManagerJpaDependencyConfiguration:
      Did not match:
         - @ConditionalOnClass did not find required class 'org.springframework.orm.jpa.LocalContainerEntityManagerFactoryBean' (OnClassCondition)
         - Ancestor org.springframework.boot.autoconfigure.cache.CacheAutoConfiguration did not match (ConditionEvaluationReport.AncestorsMatchedCondition)

   CaffeineCacheConfiguration:
      Did not match:
         - @ConditionalOnClass did not find required classes 'com.github.benmanes.caffeine.cache.Caffeine', 'org.springframework.cache.caffeine.CaffeineCacheManager' (OnClassCondition)

   CouchbaseCacheConfiguration:
      Did not match:
         - @ConditionalOnClass did not find required classes 'com.couchbase.client.java.Bucket', 'com.couchbase.client.spring.cache.CouchbaseCacheManager' (OnClassCondition)

   EhCacheCacheConfiguration:
      Did not match:
         - @ConditionalOnClass did not find required classes 'net.sf.ehcache.Cache', 'org.springframework.cache.ehcache.EhCacheCacheManager' (OnClassCondition)

   FreeMarkerAutoConfiguration:
      Did not match:
         - @ConditionalOnClass did not find required classes 'freemarker.template.Configuration', 'org.springframework.ui.freemarker.FreeMarkerConfigurationFactory' (OnClassCondition)

   GenericCacheConfiguration:
      Did not match:
         - Cache org.springframework.boot.autoconfigure.cache.GenericCacheConfiguration NONE cache type (CacheCondition)

   GroovyTemplateAutoConfiguration:
      Did not match:
         - @ConditionalOnClass did not find required class 'groovy.text.markup.MarkupTemplateEngine' (OnClassCondition)

   GsonHttpMessageConvertersConfiguration.GsonHttpMessageConverterConfiguration:
      Did not match:
         - AnyNestedCondition 0 matched 2 did not; NestedCondition on GsonHttpMessageConvertersConfiguration.PreferGsonOrMissingJacksonCondition.JacksonMissing @ConditionalOnMissingBean (types: org.springframework.http.converter.json.MappingJackson2HttpMessageConverter; SearchStrategy: all) found bean 'mappingJackson2HttpMessageConverter'; NestedCondition on GsonHttpMessageConvertersConfiguration.PreferGsonOrMissingJacksonCondition.GsonPreferred @ConditionalOnProperty (spring.http.converters.preferred-json-mapper=gson) did not find property 'spring.http.converters.preferred-json-mapper' (GsonHttpMessageConvertersConfiguration.PreferGsonOrMissingJacksonCondition)

   GuavaCacheConfiguration:
      Did not match:
         - @ConditionalOnClass did not find required class 'org.springframework.cache.guava.GuavaCacheManager' (OnClassCondition)

   HazelcastCacheConfiguration:
      Did not match:
         - @ConditionalOnClass did not find required classes 'com.hazelcast.core.HazelcastInstance', 'com.hazelcast.spring.cache.HazelcastCacheManager' (OnClassCondition)

   InfinispanCacheConfiguration:
      Did not match:
         - @ConditionalOnClass did not find required class 'org.infinispan.spring.provider.SpringEmbeddedCacheManager' (OnClassCondition)

   JCacheCacheConfiguration:
      Did not match:
         - @ConditionalOnClass did not find required classes 'javax.cache.Caching', 'org.springframework.cache.jcache.JCacheCacheManager' (OnClassCondition)

   JacksonAutoConfiguration.JodaDateTimeJacksonConfiguration:
      Did not match:
         - @ConditionalOnClass did not find required classes 'org.joda.time.DateTime', 'com.fasterxml.jackson.datatype.joda.ser.DateTimeSerializer', 'com.fasterxml.jackson.datatype.joda.cfg.JacksonJodaDateFormat' (OnClassCondition)

   JacksonAutoConfiguration.ParameterNamesModuleConfiguration:
      Did not match:
         - @ConditionalOnClass did not find required class 'com.fasterxml.jackson.module.paramnames.ParameterNamesModule' (OnClassCondition)

   JacksonHttpMessageConvertersConfiguration.MappingJackson2XmlHttpMessageConverterConfiguration:
      Did not match:
         - @ConditionalOnClass did not find required class 'com.fasterxml.jackson.dataformat.xml.XmlMapper' (OnClassCondition)

   MessageSourceAutoConfiguration:
      Did not match:
         - ResourceBundle did not find bundle with basename messages (MessageSourceAutoConfiguration.ResourceBundleCondition)

   MockMvcSecurityConfiguration:
      Did not match:
         - @ConditionalOnClass did not find required class 'org.springframework.security.test.web.servlet.request.SecurityMockMvcRequestPostProcessors' (OnClassCondition)

   MockMvcWebClientAutoConfiguration:
      Did not match:
         - @ConditionalOnClass did not find required class 'com.gargoylesoftware.htmlunit.WebClient' (OnClassCondition)

   MockMvcWebDriverAutoConfiguration:
      Did not match:
         - @ConditionalOnClass did not find required class 'org.openqa.selenium.htmlunit.HtmlUnitDriver' (OnClassCondition)

   MustacheAutoConfiguration:
      Did not match:
         - @ConditionalOnClass did not find required class 'com.samskivert.mustache.Mustache' (OnClassCondition)

   RedisCacheConfiguration:
      Did not match:
         - Cache org.springframework.boot.autoconfigure.cache.RedisCacheConfiguration NONE cache type (CacheCondition)

   SecurityAutoConfiguration:
      Did not match:
         - @ConditionalOnClass did not find required classes 'org.springframework.security.authentication.AuthenticationManager', 'org.springframework.security.config.annotation.authentication.configurers.GlobalAuthenticationConfigurerAdapter' (OnClassCondition)

   SimpleCacheConfiguration:
      Did not match:
         - Cache org.springframework.boot.autoconfigure.cache.SimpleCacheConfiguration NONE cache type (CacheCondition)

   ThymeleafAutoConfiguration:
      Did not match:
         - @ConditionalOnClass did not find required class 'org.thymeleaf.spring4.SpringTemplateEngine' (OnClassCondition)

   WebMvcAutoConfiguration.ResourceChainCustomizerConfiguration:
      Did not match:
         - @ConditionalOnEnabledResourceChain did not find class org.webjars.WebJarAssetLocator (OnEnabledResourceChainCondition)

   WebMvcAutoConfiguration.WebMvcAutoConfigurationAdapter#beanNameViewResolver:
      Did not match:
         - @ConditionalOnBean (types: org.springframework.web.servlet.View; SearchStrategy: all) did not find any beans (OnBeanCondition)

   WebMvcAutoConfiguration.WebMvcAutoConfigurationAdapter#dateFormatter:
      Did not match:
         - @ConditionalOnProperty (spring.mvc.date-format) did not find property 'date-format' (OnPropertyCondition)

   WebMvcAutoConfiguration.WebMvcAutoConfigurationAdapter#localeResolver:
      Did not match:
         - @ConditionalOnProperty (spring.mvc.locale) did not find property 'locale' (OnPropertyCondition)


Exclusions:
-----------

    None


Unconditional classes:
----------------------

    None



[DEBUG] 2017-06-04 15:06:45.798 [main] LoggingFailureAnalysisReporter - Application failed to start due to an exception
org.springframework.beans.factory.NoSuchBeanDefinitionException: No qualifying bean of type 'com.stackroute.ng2boot.links.MovieLinks' available: expected at least 1 bean which qualifies as autowire candidate. Dependency annotations: {@org.springframework.beans.factory.annotation.Autowired(required=true)}
	at org.springframework.beans.factory.support.DefaultListableBeanFactory.raiseNoMatchingBeanFound(DefaultListableBeanFactory.java:1466) ~[spring-beans-4.3.4.RELEASE.jar:4.3.4.RELEASE]
	at org.springframework.beans.factory.support.DefaultListableBeanFactory.doResolveDependency(DefaultListableBeanFactory.java:1097) ~[spring-beans-4.3.4.RELEASE.jar:4.3.4.RELEASE]
	at org.springframework.beans.factory.support.DefaultListableBeanFactory.resolveDependency(DefaultListableBeanFactory.java:1059) ~[spring-beans-4.3.4.RELEASE.jar:4.3.4.RELEASE]
	at org.springframework.beans.factory.annotation.AutowiredAnnotationBeanPostProcessor$AutowiredFieldElement.inject(AutowiredAnnotationBeanPostProcessor.java:589) ~[spring-beans-4.3.4.RELEASE.jar:4.3.4.RELEASE]
	at org.springframework.beans.factory.annotation.InjectionMetadata.inject(InjectionMetadata.java:88) ~[spring-beans-4.3.4.RELEASE.jar:4.3.4.RELEASE]
	at org.springframework.beans.factory.annotation.AutowiredAnnotationBeanPostProcessor.postProcessPropertyValues(AutowiredAnnotationBeanPostProcessor.java:370) ~[spring-beans-4.3.4.RELEASE.jar:4.3.4.RELEASE]
	at org.springframework.beans.factory.support.AbstractAutowireCapableBeanFactory.populateBean(AbstractAutowireCapableBeanFactory.java:1219) ~[spring-beans-4.3.4.RELEASE.jar:4.3.4.RELEASE]
	at org.springframework.beans.factory.support.AbstractAutowireCapableBeanFactory.doCreateBean(AbstractAutowireCapableBeanFactory.java:551) ~[spring-beans-4.3.4.RELEASE.jar:4.3.4.RELEASE]
	at org.springframework.beans.factory.support.AbstractAutowireCapableBeanFactory.createBean(AbstractAutowireCapableBeanFactory.java:482) ~[spring-beans-4.3.4.RELEASE.jar:4.3.4.RELEASE]
	at org.springframework.beans.factory.support.AbstractBeanFactory$1.getObject(AbstractBeanFactory.java:306) ~[spring-beans-4.3.4.RELEASE.jar:4.3.4.RELEASE]
	at org.springframework.beans.factory.support.DefaultSingletonBeanRegistry.getSingleton(DefaultSingletonBeanRegistry.java:230) ~[spring-beans-4.3.4.RELEASE.jar:4.3.4.RELEASE]
	at org.springframework.beans.factory.support.AbstractBeanFactory.doGetBean(AbstractBeanFactory.java:302) ~[spring-beans-4.3.4.RELEASE.jar:4.3.4.RELEASE]
	at org.springframework.beans.factory.support.AbstractBeanFactory.getBean(AbstractBeanFactory.java:197) ~[spring-beans-4.3.4.RELEASE.jar:4.3.4.RELEASE]
	at org.springframework.beans.factory.support.DefaultListableBeanFactory.preInstantiateSingletons(DefaultListableBeanFactory.java:754) ~[spring-beans-4.3.4.RELEASE.jar:4.3.4.RELEASE]
	at org.springframework.context.support.AbstractApplicationContext.finishBeanFactoryInitialization(AbstractApplicationContext.java:866) ~[spring-context-4.3.4.RELEASE.jar:4.3.4.RELEASE]
	at org.springframework.context.support.AbstractApplicationContext.refresh(AbstractApplicationContext.java:542) ~[spring-context-4.3.4.RELEASE.jar:4.3.4.RELEASE]
	at org.springframework.boot.SpringApplication.refresh(SpringApplication.java:761) [spring-boot-1.4.2.RELEASE.jar:1.4.2.RELEASE]
	at org.springframework.boot.SpringApplication.refreshContext(SpringApplication.java:371) [spring-boot-1.4.2.RELEASE.jar:1.4.2.RELEASE]
	at org.springframework.boot.SpringApplication.run(SpringApplication.java:315) [spring-boot-1.4.2.RELEASE.jar:1.4.2.RELEASE]
	at org.springframework.boot.test.context.SpringBootContextLoader.loadContext(SpringBootContextLoader.java:111) [spring-boot-test-1.4.2.RELEASE.jar:1.4.2.RELEASE]
	at org.springframework.test.context.cache.DefaultCacheAwareContextLoaderDelegate.loadContextInternal(DefaultCacheAwareContextLoaderDelegate.java:98) [spring-test-4.3.4.RELEASE.jar:4.3.4.RELEASE]
	at org.springframework.test.context.cache.DefaultCacheAwareContextLoaderDelegate.loadContext(DefaultCacheAwareContextLoaderDelegate.java:116) [spring-test-4.3.4.RELEASE.jar:4.3.4.RELEASE]
	at org.springframework.test.context.support.DefaultTestContext.getApplicationContext(DefaultTestContext.java:83) [spring-test-4.3.4.RELEASE.jar:4.3.4.RELEASE]
	at org.springframework.boot.test.autoconfigure.SpringBootDependencyInjectionTestExecutionListener.prepareTestInstance(SpringBootDependencyInjectionTestExecutionListener.java:47) [spring-boot-test-autoconfigure-1.4.2.RELEASE.jar:1.4.2.RELEASE]
	at org.springframework.test.context.TestContextManager.prepareTestInstance(TestContextManager.java:230) [spring-test-4.3.4.RELEASE.jar:4.3.4.RELEASE]
	at org.springframework.test.context.junit4.SpringJUnit4ClassRunner.createTest(SpringJUnit4ClassRunner.java:228) [spring-test-4.3.4.RELEASE.jar:4.3.4.RELEASE]
	at org.springframework.test.context.junit4.SpringJUnit4ClassRunner$1.runReflectiveCall(SpringJUnit4ClassRunner.java:287) [spring-test-4.3.4.RELEASE.jar:4.3.4.RELEASE]
	at org.junit.internal.runners.model.ReflectiveCallable.run(ReflectiveCallable.java:12) [junit-4.12.jar:4.12]
	at org.springframework.test.context.junit4.SpringJUnit4ClassRunner.methodBlock(SpringJUnit4ClassRunner.java:289) [spring-test-4.3.4.RELEASE.jar:4.3.4.RELEASE]
	at org.springframework.test.context.junit4.SpringJUnit4ClassRunner.runChild(SpringJUnit4ClassRunner.java:247) [spring-test-4.3.4.RELEASE.jar:4.3.4.RELEASE]
	at org.springframework.test.context.junit4.SpringJUnit4ClassRunner.runChild(SpringJUnit4ClassRunner.java:94) [spring-test-4.3.4.RELEASE.jar:4.3.4.RELEASE]
	at org.junit.runners.ParentRunner$3.run(ParentRunner.java:290) [junit-4.12.jar:4.12]
	at org.junit.runners.ParentRunner$1.schedule(ParentRunner.java:71) [junit-4.12.jar:4.12]
	at org.junit.runners.ParentRunner.runChildren(ParentRunner.java:288) [junit-4.12.jar:4.12]
	at org.junit.runners.ParentRunner.access$000(ParentRunner.java:58) [junit-4.12.jar:4.12]
	at org.junit.runners.ParentRunner$2.evaluate(ParentRunner.java:268) [junit-4.12.jar:4.12]
	at org.springframework.test.context.junit4.statements.RunBeforeTestClassCallbacks.evaluate(RunBeforeTestClassCallbacks.java:61) [spring-test-4.3.4.RELEASE.jar:4.3.4.RELEASE]
	at org.springframework.test.context.junit4.statements.RunAfterTestClassCallbacks.evaluate(RunAfterTestClassCallbacks.java:70) [spring-test-4.3.4.RELEASE.jar:4.3.4.RELEASE]
	at org.junit.runners.ParentRunner.run(ParentRunner.java:363) [junit-4.12.jar:4.12]
	at org.springframework.test.context.junit4.SpringJUnit4ClassRunner.run(SpringJUnit4ClassRunner.java:191) [spring-test-4.3.4.RELEASE.jar:4.3.4.RELEASE]
	at org.apache.maven.surefire.junit4.JUnit4Provider.execute(JUnit4Provider.java:283) [surefire-junit4-2.18.1.jar:2.18.1]
	at org.apache.maven.surefire.junit4.JUnit4Provider.executeWithRerun(JUnit4Provider.java:173) [surefire-junit4-2.18.1.jar:2.18.1]
	at org.apache.maven.surefire.junit4.JUnit4Provider.executeTestSet(JUnit4Provider.java:153) [surefire-junit4-2.18.1.jar:2.18.1]
	at org.apache.maven.surefire.junit4.JUnit4Provider.invoke(JUnit4Provider.java:128) [surefire-junit4-2.18.1.jar:2.18.1]
	at org.apache.maven.surefire.booter.ForkedBooter.invokeProviderInSameClassLoader(ForkedBooter.java:203) [surefire-booter-2.18.1.jar:2.18.1]
	at org.apache.maven.surefire.booter.ForkedBooter.runSuitesInProcess(ForkedBooter.java:155) [surefire-booter-2.18.1.jar:2.18.1]
	at org.apache.maven.surefire.booter.ForkedBooter.main(ForkedBooter.java:103) [surefire-booter-2.18.1.jar:2.18.1]
[ERROR] 2017-06-04 15:06:45.799 [main] LoggingFailureAnalysisReporter - 

***************************
APPLICATION FAILED TO START
***************************

Description:

Field movielinks in com.stackroute.ng2boot.controllers.MovieRestController required a bean of type 'com.stackroute.ng2boot.links.MovieLinks' that could not be found.


Action:

Consider defining a bean of type 'com.stackroute.ng2boot.links.MovieLinks' in your configuration.

[ERROR] 2017-06-04 15:06:45.799 [main] TestContextManager - Caught exception while allowing TestExecutionListener [org.springframework.boot.test.autoconfigure.SpringBootDependencyInjectionTestExecutionListener@48c76607] to prepare test instance [com.stackroute.ng2boot.controllers.MovieRestControllerTest@2e869098]
java.lang.IllegalStateException: Failed to load ApplicationContext
	at org.springframework.test.context.cache.DefaultCacheAwareContextLoaderDelegate.loadContext(DefaultCacheAwareContextLoaderDelegate.java:124) ~[spring-test-4.3.4.RELEASE.jar:4.3.4.RELEASE]
	at org.springframework.test.context.support.DefaultTestContext.getApplicationContext(DefaultTestContext.java:83) ~[spring-test-4.3.4.RELEASE.jar:4.3.4.RELEASE]
	at org.springframework.boot.test.autoconfigure.SpringBootDependencyInjectionTestExecutionListener.prepareTestInstance(SpringBootDependencyInjectionTestExecutionListener.java:47) ~[spring-boot-test-autoconfigure-1.4.2.RELEASE.jar:1.4.2.RELEASE]
	at org.springframework.test.context.TestContextManager.prepareTestInstance(TestContextManager.java:230) [spring-test-4.3.4.RELEASE.jar:4.3.4.RELEASE]
	at org.springframework.test.context.junit4.SpringJUnit4ClassRunner.createTest(SpringJUnit4ClassRunner.java:228) [spring-test-4.3.4.RELEASE.jar:4.3.4.RELEASE]
	at org.springframework.test.context.junit4.SpringJUnit4ClassRunner$1.runReflectiveCall(SpringJUnit4ClassRunner.java:287) [spring-test-4.3.4.RELEASE.jar:4.3.4.RELEASE]
	at org.junit.internal.runners.model.ReflectiveCallable.run(ReflectiveCallable.java:12) [junit-4.12.jar:4.12]
	at org.springframework.test.context.junit4.SpringJUnit4ClassRunner.methodBlock(SpringJUnit4ClassRunner.java:289) [spring-test-4.3.4.RELEASE.jar:4.3.4.RELEASE]
	at org.springframework.test.context.junit4.SpringJUnit4ClassRunner.runChild(SpringJUnit4ClassRunner.java:247) [spring-test-4.3.4.RELEASE.jar:4.3.4.RELEASE]
	at org.springframework.test.context.junit4.SpringJUnit4ClassRunner.runChild(SpringJUnit4ClassRunner.java:94) [spring-test-4.3.4.RELEASE.jar:4.3.4.RELEASE]
	at org.junit.runners.ParentRunner$3.run(ParentRunner.java:290) [junit-4.12.jar:4.12]
	at org.junit.runners.ParentRunner$1.schedule(ParentRunner.java:71) [junit-4.12.jar:4.12]
	at org.junit.runners.ParentRunner.runChildren(ParentRunner.java:288) [junit-4.12.jar:4.12]
	at org.junit.runners.ParentRunner.access$000(ParentRunner.java:58) [junit-4.12.jar:4.12]
	at org.junit.runners.ParentRunner$2.evaluate(ParentRunner.java:268) [junit-4.12.jar:4.12]
	at org.springframework.test.context.junit4.statements.RunBeforeTestClassCallbacks.evaluate(RunBeforeTestClassCallbacks.java:61) [spring-test-4.3.4.RELEASE.jar:4.3.4.RELEASE]
	at org.springframework.test.context.junit4.statements.RunAfterTestClassCallbacks.evaluate(RunAfterTestClassCallbacks.java:70) [spring-test-4.3.4.RELEASE.jar:4.3.4.RELEASE]
	at org.junit.runners.ParentRunner.run(ParentRunner.java:363) [junit-4.12.jar:4.12]
	at org.springframework.test.context.junit4.SpringJUnit4ClassRunner.run(SpringJUnit4ClassRunner.java:191) [spring-test-4.3.4.RELEASE.jar:4.3.4.RELEASE]
	at org.apache.maven.surefire.junit4.JUnit4Provider.execute(JUnit4Provider.java:283) [surefire-junit4-2.18.1.jar:2.18.1]
	at org.apache.maven.surefire.junit4.JUnit4Provider.executeWithRerun(JUnit4Provider.java:173) [surefire-junit4-2.18.1.jar:2.18.1]
	at org.apache.maven.surefire.junit4.JUnit4Provider.executeTestSet(JUnit4Provider.java:153) [surefire-junit4-2.18.1.jar:2.18.1]
	at org.apache.maven.surefire.junit4.JUnit4Provider.invoke(JUnit4Provider.java:128) [surefire-junit4-2.18.1.jar:2.18.1]
	at org.apache.maven.surefire.booter.ForkedBooter.invokeProviderInSameClassLoader(ForkedBooter.java:203) [surefire-booter-2.18.1.jar:2.18.1]
	at org.apache.maven.surefire.booter.ForkedBooter.runSuitesInProcess(ForkedBooter.java:155) [surefire-booter-2.18.1.jar:2.18.1]
	at org.apache.maven.surefire.booter.ForkedBooter.main(ForkedBooter.java:103) [surefire-booter-2.18.1.jar:2.18.1]
Caused by: org.springframework.beans.factory.UnsatisfiedDependencyException: Error creating bean with name 'movieRestController': Unsatisfied dependency expressed through field 'movielinks'; nested exception is org.springframework.beans.factory.NoSuchBeanDefinitionException: No qualifying bean of type 'com.stackroute.ng2boot.links.MovieLinks' available: expected at least 1 bean which qualifies as autowire candidate. Dependency annotations: {@org.springframework.beans.factory.annotation.Autowired(required=true)}
	at org.springframework.beans.factory.annotation.AutowiredAnnotationBeanPostProcessor$AutowiredFieldElement.inject(AutowiredAnnotationBeanPostProcessor.java:592) ~[spring-beans-4.3.4.RELEASE.jar:4.3.4.RELEASE]
	at org.springframework.beans.factory.annotation.InjectionMetadata.inject(InjectionMetadata.java:88) ~[spring-beans-4.3.4.RELEASE.jar:4.3.4.RELEASE]
	at org.springframework.beans.factory.annotation.AutowiredAnnotationBeanPostProcessor.postProcessPropertyValues(AutowiredAnnotationBeanPostProcessor.java:370) ~[spring-beans-4.3.4.RELEASE.jar:4.3.4.RELEASE]
	at org.springframework.beans.factory.support.AbstractAutowireCapableBeanFactory.populateBean(AbstractAutowireCapableBeanFactory.java:1219) ~[spring-beans-4.3.4.RELEASE.jar:4.3.4.RELEASE]
	at org.springframework.beans.factory.support.AbstractAutowireCapableBeanFactory.doCreateBean(AbstractAutowireCapableBeanFactory.java:551) ~[spring-beans-4.3.4.RELEASE.jar:4.3.4.RELEASE]
	at org.springframework.beans.factory.support.AbstractAutowireCapableBeanFactory.createBean(AbstractAutowireCapableBeanFactory.java:482) ~[spring-beans-4.3.4.RELEASE.jar:4.3.4.RELEASE]
	at org.springframework.beans.factory.support.AbstractBeanFactory$1.getObject(AbstractBeanFactory.java:306) ~[spring-beans-4.3.4.RELEASE.jar:4.3.4.RELEASE]
	at org.springframework.beans.factory.support.DefaultSingletonBeanRegistry.getSingleton(DefaultSingletonBeanRegistry.java:230) ~[spring-beans-4.3.4.RELEASE.jar:4.3.4.RELEASE]
	at org.springframework.beans.factory.support.AbstractBeanFactory.doGetBean(AbstractBeanFactory.java:302) ~[spring-beans-4.3.4.RELEASE.jar:4.3.4.RELEASE]
	at org.springframework.beans.factory.support.AbstractBeanFactory.getBean(AbstractBeanFactory.java:197) ~[spring-beans-4.3.4.RELEASE.jar:4.3.4.RELEASE]
	at org.springframework.beans.factory.support.DefaultListableBeanFactory.preInstantiateSingletons(DefaultListableBeanFactory.java:754) ~[spring-beans-4.3.4.RELEASE.jar:4.3.4.RELEASE]
	at org.springframework.context.support.AbstractApplicationContext.finishBeanFactoryInitialization(AbstractApplicationContext.java:866) ~[spring-context-4.3.4.RELEASE.jar:4.3.4.RELEASE]
	at org.springframework.context.support.AbstractApplicationContext.refresh(AbstractApplicationContext.java:542) ~[spring-context-4.3.4.RELEASE.jar:4.3.4.RELEASE]
	at org.springframework.boot.SpringApplication.refresh(SpringApplication.java:761) ~[spring-boot-1.4.2.RELEASE.jar:1.4.2.RELEASE]
	at org.springframework.boot.SpringApplication.refreshContext(SpringApplication.java:371) ~[spring-boot-1.4.2.RELEASE.jar:1.4.2.RELEASE]
	at org.springframework.boot.SpringApplication.run(SpringApplication.java:315) ~[spring-boot-1.4.2.RELEASE.jar:1.4.2.RELEASE]
	at org.springframework.boot.test.context.SpringBootContextLoader.loadContext(SpringBootContextLoader.java:111) ~[spring-boot-test-1.4.2.RELEASE.jar:1.4.2.RELEASE]
	at org.springframework.test.context.cache.DefaultCacheAwareContextLoaderDelegate.loadContextInternal(DefaultCacheAwareContextLoaderDelegate.java:98) ~[spring-test-4.3.4.RELEASE.jar:4.3.4.RELEASE]
	at org.springframework.test.context.cache.DefaultCacheAwareContextLoaderDelegate.loadContext(DefaultCacheAwareContextLoaderDelegate.java:116) ~[spring-test-4.3.4.RELEASE.jar:4.3.4.RELEASE]
	... 25 more
Caused by: org.springframework.beans.factory.NoSuchBeanDefinitionException: No qualifying bean of type 'com.stackroute.ng2boot.links.MovieLinks' available: expected at least 1 bean which qualifies as autowire candidate. Dependency annotations: {@org.springframework.beans.factory.annotation.Autowired(required=true)}
	at org.springframework.beans.factory.support.DefaultListableBeanFactory.raiseNoMatchingBeanFound(DefaultListableBeanFactory.java:1466) ~[spring-beans-4.3.4.RELEASE.jar:4.3.4.RELEASE]
	at org.springframework.beans.factory.support.DefaultListableBeanFactory.doResolveDependency(DefaultListableBeanFactory.java:1097) ~[spring-beans-4.3.4.RELEASE.jar:4.3.4.RELEASE]
	at org.springframework.beans.factory.support.DefaultListableBeanFactory.resolveDependency(DefaultListableBeanFactory.java:1059) ~[spring-beans-4.3.4.RELEASE.jar:4.3.4.RELEASE]
	at org.springframework.beans.factory.annotation.AutowiredAnnotationBeanPostProcessor$AutowiredFieldElement.inject(AutowiredAnnotationBeanPostProcessor.java:589) ~[spring-beans-4.3.4.RELEASE.jar:4.3.4.RELEASE]
	at org.springframework.beans.factory.annotation.InjectionMetadata.inject(InjectionMetadata.java:88) ~[spring-beans-4.3.4.RELEASE.jar:4.3.4.RELEASE]
	at org.springframework.beans.factory.annotation.AutowiredAnnotationBeanPostProcessor.postProcessPropertyValues(AutowiredAnnotationBeanPostProcessor.java:370) ~[spring-beans-4.3.4.RELEASE.jar:4.3.4.RELEASE]
	at org.springframework.beans.factory.support.AbstractAutowireCapableBeanFactory.populateBean(AbstractAutowireCapableBeanFactory.java:1219) ~[spring-beans-4.3.4.RELEASE.jar:4.3.4.RELEASE]
	at org.springframework.beans.factory.support.AbstractAutowireCapableBeanFactory.doCreateBean(AbstractAutowireCapableBeanFactory.java:551) ~[spring-beans-4.3.4.RELEASE.jar:4.3.4.RELEASE]
	at org.springframework.beans.factory.support.AbstractAutowireCapableBeanFactory.createBean(AbstractAutowireCapableBeanFactory.java:482) ~[spring-beans-4.3.4.RELEASE.jar:4.3.4.RELEASE]
	at org.springframework.beans.factory.support.AbstractBeanFactory$1.getObject(AbstractBeanFactory.java:306) ~[spring-beans-4.3.4.RELEASE.jar:4.3.4.RELEASE]
	at org.springframework.beans.factory.support.DefaultSingletonBeanRegistry.getSingleton(DefaultSingletonBeanRegistry.java:230) ~[spring-beans-4.3.4.RELEASE.jar:4.3.4.RELEASE]
	at org.springframework.beans.factory.support.AbstractBeanFactory.doGetBean(AbstractBeanFactory.java:302) ~[spring-beans-4.3.4.RELEASE.jar:4.3.4.RELEASE]
	at org.springframework.beans.factory.support.AbstractBeanFactory.getBean(AbstractBeanFactory.java:197) ~[spring-beans-4.3.4.RELEASE.jar:4.3.4.RELEASE]
	at org.springframework.beans.factory.support.DefaultListableBeanFactory.preInstantiateSingletons(DefaultListableBeanFactory.java:754) ~[spring-beans-4.3.4.RELEASE.jar:4.3.4.RELEASE]
	at org.springframework.context.support.AbstractApplicationContext.finishBeanFactoryInitialization(AbstractApplicationContext.java:866) ~[spring-context-4.3.4.RELEASE.jar:4.3.4.RELEASE]
	at org.springframework.context.support.AbstractApplicationContext.refresh(AbstractApplicationContext.java:542) ~[spring-context-4.3.4.RELEASE.jar:4.3.4.RELEASE]
	at org.springframework.boot.SpringApplication.refresh(SpringApplication.java:761) ~[spring-boot-1.4.2.RELEASE.jar:1.4.2.RELEASE]
	at org.springframework.boot.SpringApplication.refreshContext(SpringApplication.java:371) ~[spring-boot-1.4.2.RELEASE.jar:1.4.2.RELEASE]
	at org.springframework.boot.SpringApplication.run(SpringApplication.java:315) ~[spring-boot-1.4.2.RELEASE.jar:1.4.2.RELEASE]
	at org.springframework.boot.test.context.SpringBootContextLoader.loadContext(SpringBootContextLoader.java:111) ~[spring-boot-test-1.4.2.RELEASE.jar:1.4.2.RELEASE]
	at org.springframework.test.context.cache.DefaultCacheAwareContextLoaderDelegate.loadContextInternal(DefaultCacheAwareContextLoaderDelegate.java:98) ~[spring-test-4.3.4.RELEASE.jar:4.3.4.RELEASE]
	at org.springframework.test.context.cache.DefaultCacheAwareContextLoaderDelegate.loadContext(DefaultCacheAwareContextLoaderDelegate.java:116) ~[spring-test-4.3.4.RELEASE.jar:4.3.4.RELEASE]
	... 25 more
]]></system-out>
  </testcase>
  <testcase name="getMovie" classname="com.stackroute.ng2boot.controllers.MovieRestControllerTest" time="0.013">
    <error message="Failed to load ApplicationContext" type="java.lang.IllegalStateException">java.lang.IllegalStateException: Failed to load ApplicationContext
	at org.springframework.test.context.cache.DefaultCacheAwareContextLoaderDelegate.loadContext(DefaultCacheAwareContextLoaderDelegate.java:124)
	at org.springframework.test.context.support.DefaultTestContext.getApplicationContext(DefaultTestContext.java:83)
	at org.springframework.boot.test.autoconfigure.SpringBootDependencyInjectionTestExecutionListener.prepareTestInstance(SpringBootDependencyInjectionTestExecutionListener.java:47)
	at org.springframework.test.context.TestContextManager.prepareTestInstance(TestContextManager.java:230)
	at org.springframework.test.context.junit4.SpringJUnit4ClassRunner.createTest(SpringJUnit4ClassRunner.java:228)
	at org.springframework.test.context.junit4.SpringJUnit4ClassRunner$1.runReflectiveCall(SpringJUnit4ClassRunner.java:287)
	at org.junit.internal.runners.model.ReflectiveCallable.run(ReflectiveCallable.java:12)
	at org.springframework.test.context.junit4.SpringJUnit4ClassRunner.methodBlock(SpringJUnit4ClassRunner.java:289)
	at org.springframework.test.context.junit4.SpringJUnit4ClassRunner.runChild(SpringJUnit4ClassRunner.java:247)
	at org.springframework.test.context.junit4.SpringJUnit4ClassRunner.runChild(SpringJUnit4ClassRunner.java:94)
	at org.junit.runners.ParentRunner$3.run(ParentRunner.java:290)
	at org.junit.runners.ParentRunner$1.schedule(ParentRunner.java:71)
	at org.junit.runners.ParentRunner.runChildren(ParentRunner.java:288)
	at org.junit.runners.ParentRunner.access$000(ParentRunner.java:58)
	at org.junit.runners.ParentRunner$2.evaluate(ParentRunner.java:268)
	at org.springframework.test.context.junit4.statements.RunBeforeTestClassCallbacks.evaluate(RunBeforeTestClassCallbacks.java:61)
	at org.springframework.test.context.junit4.statements.RunAfterTestClassCallbacks.evaluate(RunAfterTestClassCallbacks.java:70)
	at org.junit.runners.ParentRunner.run(ParentRunner.java:363)
	at org.springframework.test.context.junit4.SpringJUnit4ClassRunner.run(SpringJUnit4ClassRunner.java:191)
	at org.apache.maven.surefire.junit4.JUnit4Provider.execute(JUnit4Provider.java:283)
	at org.apache.maven.surefire.junit4.JUnit4Provider.executeWithRerun(JUnit4Provider.java:173)
	at org.apache.maven.surefire.junit4.JUnit4Provider.executeTestSet(JUnit4Provider.java:153)
	at org.apache.maven.surefire.junit4.JUnit4Provider.invoke(JUnit4Provider.java:128)
	at org.apache.maven.surefire.booter.ForkedBooter.invokeProviderInSameClassLoader(ForkedBooter.java:203)
	at org.apache.maven.surefire.booter.ForkedBooter.runSuitesInProcess(ForkedBooter.java:155)
	at org.apache.maven.surefire.booter.ForkedBooter.main(ForkedBooter.java:103)
Caused by: org.springframework.beans.factory.UnsatisfiedDependencyException: Error creating bean with name 'movieRestController': Unsatisfied dependency expressed through field 'movielinks'; nested exception is org.springframework.beans.factory.NoSuchBeanDefinitionException: No qualifying bean of type 'com.stackroute.ng2boot.links.MovieLinks' available: expected at least 1 bean which qualifies as autowire candidate. Dependency annotations: {@org.springframework.beans.factory.annotation.Autowired(required=true)}
	at org.springframework.beans.factory.annotation.AutowiredAnnotationBeanPostProcessor$AutowiredFieldElement.inject(AutowiredAnnotationBeanPostProcessor.java:592)
	at org.springframework.beans.factory.annotation.InjectionMetadata.inject(InjectionMetadata.java:88)
	at org.springframework.beans.factory.annotation.AutowiredAnnotationBeanPostProcessor.postProcessPropertyValues(AutowiredAnnotationBeanPostProcessor.java:370)
	at org.springframework.beans.factory.support.AbstractAutowireCapableBeanFactory.populateBean(AbstractAutowireCapableBeanFactory.java:1219)
	at org.springframework.beans.factory.support.AbstractAutowireCapableBeanFactory.doCreateBean(AbstractAutowireCapableBeanFactory.java:551)
	at org.springframework.beans.factory.support.AbstractAutowireCapableBeanFactory.createBean(AbstractAutowireCapableBeanFactory.java:482)
	at org.springframework.beans.factory.support.AbstractBeanFactory$1.getObject(AbstractBeanFactory.java:306)
	at org.springframework.beans.factory.support.DefaultSingletonBeanRegistry.getSingleton(DefaultSingletonBeanRegistry.java:230)
	at org.springframework.beans.factory.support.AbstractBeanFactory.doGetBean(AbstractBeanFactory.java:302)
	at org.springframework.beans.factory.support.AbstractBeanFactory.getBean(AbstractBeanFactory.java:197)
	at org.springframework.beans.factory.support.DefaultListableBeanFactory.preInstantiateSingletons(DefaultListableBeanFactory.java:754)
	at org.springframework.context.support.AbstractApplicationContext.finishBeanFactoryInitialization(AbstractApplicationContext.java:866)
	at org.springframework.context.support.AbstractApplicationContext.refresh(AbstractApplicationContext.java:542)
	at org.springframework.boot.SpringApplication.refresh(SpringApplication.java:761)
	at org.springframework.boot.SpringApplication.refreshContext(SpringApplication.java:371)
	at org.springframework.boot.SpringApplication.run(SpringApplication.java:315)
	at org.springframework.boot.test.context.SpringBootContextLoader.loadContext(SpringBootContextLoader.java:111)
	at org.springframework.test.context.cache.DefaultCacheAwareContextLoaderDelegate.loadContextInternal(DefaultCacheAwareContextLoaderDelegate.java:98)
	at org.springframework.test.context.cache.DefaultCacheAwareContextLoaderDelegate.loadContext(DefaultCacheAwareContextLoaderDelegate.java:116)
	at org.springframework.test.context.support.DefaultTestContext.getApplicationContext(DefaultTestContext.java:83)
	at org.springframework.boot.test.autoconfigure.SpringBootDependencyInjectionTestExecutionListener.prepareTestInstance(SpringBootDependencyInjectionTestExecutionListener.java:47)
	at org.springframework.test.context.TestContextManager.prepareTestInstance(TestContextManager.java:230)
	at org.springframework.test.context.junit4.SpringJUnit4ClassRunner.createTest(SpringJUnit4ClassRunner.java:228)
	at org.springframework.test.context.junit4.SpringJUnit4ClassRunner$1.runReflectiveCall(SpringJUnit4ClassRunner.java:287)
	at org.junit.internal.runners.model.ReflectiveCallable.run(ReflectiveCallable.java:12)
	at org.springframework.test.context.junit4.SpringJUnit4ClassRunner.methodBlock(SpringJUnit4ClassRunner.java:289)
	at org.springframework.test.context.junit4.SpringJUnit4ClassRunner.runChild(SpringJUnit4ClassRunner.java:247)
	at org.springframework.test.context.junit4.SpringJUnit4ClassRunner.runChild(SpringJUnit4ClassRunner.java:94)
	at org.junit.runners.ParentRunner$3.run(ParentRunner.java:290)
	at org.junit.runners.ParentRunner$1.schedule(ParentRunner.java:71)
	at org.junit.runners.ParentRunner.runChildren(ParentRunner.java:288)
	at org.junit.runners.ParentRunner.access$000(ParentRunner.java:58)
	at org.junit.runners.ParentRunner$2.evaluate(ParentRunner.java:268)
	at org.springframework.test.context.junit4.statements.RunBeforeTestClassCallbacks.evaluate(RunBeforeTestClassCallbacks.java:61)
	at org.springframework.test.context.junit4.statements.RunAfterTestClassCallbacks.evaluate(RunAfterTestClassCallbacks.java:70)
	at org.junit.runners.ParentRunner.run(ParentRunner.java:363)
	at org.springframework.test.context.junit4.SpringJUnit4ClassRunner.run(SpringJUnit4ClassRunner.java:191)
	at org.apache.maven.surefire.junit4.JUnit4Provider.execute(JUnit4Provider.java:283)
	at org.apache.maven.surefire.junit4.JUnit4Provider.executeWithRerun(JUnit4Provider.java:173)
	at org.apache.maven.surefire.junit4.JUnit4Provider.executeTestSet(JUnit4Provider.java:153)
	at org.apache.maven.surefire.junit4.JUnit4Provider.invoke(JUnit4Provider.java:128)
	at org.apache.maven.surefire.booter.ForkedBooter.invokeProviderInSameClassLoader(ForkedBooter.java:203)
	at org.apache.maven.surefire.booter.ForkedBooter.runSuitesInProcess(ForkedBooter.java:155)
	at org.apache.maven.surefire.booter.ForkedBooter.main(ForkedBooter.java:103)
Caused by: org.springframework.beans.factory.NoSuchBeanDefinitionException: No qualifying bean of type 'com.stackroute.ng2boot.links.MovieLinks' available: expected at least 1 bean which qualifies as autowire candidate. Dependency annotations: {@org.springframework.beans.factory.annotation.Autowired(required=true)}
	at org.springframework.beans.factory.support.DefaultListableBeanFactory.raiseNoMatchingBeanFound(DefaultListableBeanFactory.java:1466)
	at org.springframework.beans.factory.support.DefaultListableBeanFactory.doResolveDependency(DefaultListableBeanFactory.java:1097)
	at org.springframework.beans.factory.support.DefaultListableBeanFactory.resolveDependency(DefaultListableBeanFactory.java:1059)
	at org.springframework.beans.factory.annotation.AutowiredAnnotationBeanPostProcessor$AutowiredFieldElement.inject(AutowiredAnnotationBeanPostProcessor.java:589)
	at org.springframework.beans.factory.annotation.InjectionMetadata.inject(InjectionMetadata.java:88)
	at org.springframework.beans.factory.annotation.AutowiredAnnotationBeanPostProcessor.postProcessPropertyValues(AutowiredAnnotationBeanPostProcessor.java:370)
	at org.springframework.beans.factory.support.AbstractAutowireCapableBeanFactory.populateBean(AbstractAutowireCapableBeanFactory.java:1219)
	at org.springframework.beans.factory.support.AbstractAutowireCapableBeanFactory.doCreateBean(AbstractAutowireCapableBeanFactory.java:551)
	at org.springframework.beans.factory.support.AbstractAutowireCapableBeanFactory.createBean(AbstractAutowireCapableBeanFactory.java:482)
	at org.springframework.beans.factory.support.AbstractBeanFactory$1.getObject(AbstractBeanFactory.java:306)
	at org.springframework.beans.factory.support.DefaultSingletonBeanRegistry.getSingleton(DefaultSingletonBeanRegistry.java:230)
	at org.springframework.beans.factory.support.AbstractBeanFactory.doGetBean(AbstractBeanFactory.java:302)
	at org.springframework.beans.factory.support.AbstractBeanFactory.getBean(AbstractBeanFactory.java:197)
	at org.springframework.beans.factory.support.DefaultListableBeanFactory.preInstantiateSingletons(DefaultListableBeanFactory.java:754)
	at org.springframework.context.support.AbstractApplicationContext.finishBeanFactoryInitialization(AbstractApplicationContext.java:866)
	at org.springframework.context.support.AbstractApplicationContext.refresh(AbstractApplicationContext.java:542)
	at org.springframework.boot.SpringApplication.refresh(SpringApplication.java:761)
	at org.springframework.boot.SpringApplication.refreshContext(SpringApplication.java:371)
	at org.springframework.boot.SpringApplication.run(SpringApplication.java:315)
	at org.springframework.boot.test.context.SpringBootContextLoader.loadContext(SpringBootContextLoader.java:111)
	at org.springframework.test.context.cache.DefaultCacheAwareContextLoaderDelegate.loadContextInternal(DefaultCacheAwareContextLoaderDelegate.java:98)
	at org.springframework.test.context.cache.DefaultCacheAwareContextLoaderDelegate.loadContext(DefaultCacheAwareContextLoaderDelegate.java:116)
	at org.springframework.test.context.support.DefaultTestContext.getApplicationContext(DefaultTestContext.java:83)
	at org.springframework.boot.test.autoconfigure.SpringBootDependencyInjectionTestExecutionListener.prepareTestInstance(SpringBootDependencyInjectionTestExecutionListener.java:47)
	at org.springframework.test.context.TestContextManager.prepareTestInstance(TestContextManager.java:230)
	at org.springframework.test.context.junit4.SpringJUnit4ClassRunner.createTest(SpringJUnit4ClassRunner.java:228)
	at org.springframework.test.context.junit4.SpringJUnit4ClassRunner$1.runReflectiveCall(SpringJUnit4ClassRunner.java:287)
	at org.junit.internal.runners.model.ReflectiveCallable.run(ReflectiveCallable.java:12)
	at org.springframework.test.context.junit4.SpringJUnit4ClassRunner.methodBlock(SpringJUnit4ClassRunner.java:289)
	at org.springframework.test.context.junit4.SpringJUnit4ClassRunner.runChild(SpringJUnit4ClassRunner.java:247)
	at org.springframework.test.context.junit4.SpringJUnit4ClassRunner.runChild(SpringJUnit4ClassRunner.java:94)
	at org.junit.runners.ParentRunner$3.run(ParentRunner.java:290)
	at org.junit.runners.ParentRunner$1.schedule(ParentRunner.java:71)
	at org.junit.runners.ParentRunner.runChildren(ParentRunner.java:288)
	at org.junit.runners.ParentRunner.access$000(ParentRunner.java:58)
	at org.junit.runners.ParentRunner$2.evaluate(ParentRunner.java:268)
	at org.springframework.test.context.junit4.statements.RunBeforeTestClassCallbacks.evaluate(RunBeforeTestClassCallbacks.java:61)
	at org.springframework.test.context.junit4.statements.RunAfterTestClassCallbacks.evaluate(RunAfterTestClassCallbacks.java:70)
	at org.junit.runners.ParentRunner.run(ParentRunner.java:363)
	at org.springframework.test.context.junit4.SpringJUnit4ClassRunner.run(SpringJUnit4ClassRunner.java:191)
	at org.apache.maven.surefire.junit4.JUnit4Provider.execute(JUnit4Provider.java:283)
	at org.apache.maven.surefire.junit4.JUnit4Provider.executeWithRerun(JUnit4Provider.java:173)
	at org.apache.maven.surefire.junit4.JUnit4Provider.executeTestSet(JUnit4Provider.java:153)
	at org.apache.maven.surefire.junit4.JUnit4Provider.invoke(JUnit4Provider.java:128)
	at org.apache.maven.surefire.booter.ForkedBooter.invokeProviderInSameClassLoader(ForkedBooter.java:203)
	at org.apache.maven.surefire.booter.ForkedBooter.runSuitesInProcess(ForkedBooter.java:155)
	at org.apache.maven.surefire.booter.ForkedBooter.main(ForkedBooter.java:103)
</error>
    <system-out><![CDATA[[DEBUG] 2017-06-04 15:06:45.802 [main] ProfileValueUtils - Retrieved @ProfileValueSourceConfiguration [null] for test class [com.stackroute.ng2boot.controllers.MovieRestControllerTest]
[DEBUG] 2017-06-04 15:06:45.802 [main] ProfileValueUtils - Retrieved ProfileValueSource type [class org.springframework.test.annotation.SystemProfileValueSource] for class [com.stackroute.ng2boot.controllers.MovieRestControllerTest]
[DEBUG] 2017-06-04 15:06:45.802 [main] DependencyInjectionTestExecutionListener - Performing dependency injection for test context [[DefaultTestContext@29a5f4e7 testClass = MovieRestControllerTest, testInstance = com.stackroute.ng2boot.controllers.MovieRestControllerTest@1624775, testMethod = [null], testException = [null], mergedContextConfiguration = [WebMergedContextConfiguration@79c97cb testClass = MovieRestControllerTest, locations = '{}', classes = '{class com.stackroute.ng2boot.Ng2bootApplication}', contextInitializerClasses = '[]', activeProfiles = '{}', propertySourceLocations = '{}', propertySourceProperties = '{org.springframework.boot.test.autoconfigure.web.servlet.WebMvcTestContextBootstrapper=true}', contextCustomizers = set[org.springframework.boot.test.context.ImportsContextCustomizer@51e4757b, org.springframework.boot.test.context.filter.ExcludeFilterContextCustomizer@d5b810e, org.springframework.boot.test.mock.mockito.MockitoContextCustomizer@5df9e145, org.springframework.boot.test.autoconfigure.OverrideAutoConfigurationContextCustomizerFactory$DisableAutoConfigurationContextCustomizer@82de64a, org.springframework.boot.test.autoconfigure.filter.TypeExcludeFiltersContextCustomizer@1613674b, org.springframework.boot.test.autoconfigure.properties.PropertyMappingContextCustomizer@ddca66c4, org.springframework.boot.test.autoconfigure.web.servlet.WebDriverContextCustomizerFactory$Customizer@7d4f9aae], resourceBasePath = '', contextLoader = 'org.springframework.boot.test.context.SpringBootContextLoader', parent = [null]]]].
[DEBUG] 2017-06-04 15:06:45.811 [main] StandardEnvironment - Adding [systemProperties] PropertySource with lowest search precedence
[DEBUG] 2017-06-04 15:06:45.815 [main] StandardEnvironment - Adding [systemEnvironment] PropertySource with lowest search precedence
[DEBUG] 2017-06-04 15:06:45.815 [main] StandardEnvironment - Initialized StandardEnvironment with PropertySources [systemProperties,systemEnvironment]
[DEBUG] 2017-06-04 15:06:45.816 [main] TestPropertySourceUtils - Adding inlined properties to environment: {spring.jmx.enabled=false, org.springframework.boot.test.autoconfigure.web.servlet.WebMvcTestContextBootstrapper=true, server.port=-1}
[DEBUG] 2017-06-04 15:06:45.816 [main] StandardEnvironment - Adding [Inlined Test Properties] PropertySource with highest search precedence
[DEBUG] 2017-06-04 15:06:45.820 [main] PropertySourcesPropertyResolver - Could not find key 'spring.profiles.active' in any property source
[DEBUG] 2017-06-04 15:06:45.820 [main] PropertySourcesPropertyResolver - Could not find key 'spring.profiles.active' in any property source
[DEBUG] 2017-06-04 15:06:45.821 [main] PropertySourcesPropertyResolver - Could not find key 'SPRING_APPLICATION_JSON:' in any property source
[DEBUG] 2017-06-04 15:06:45.821 [main] PropertySourcesPropertyResolver - Could not find key 'SPRING_APPLICATION_JSON' in any property source
[DEBUG] 2017-06-04 15:06:45.821 [main] PropertySourcesPropertyResolver - Could not find key 'spring.application.json:' in any property source
[DEBUG] 2017-06-04 15:06:45.821 [main] PropertySourcesPropertyResolver - Could not find key 'spring.application.json' in any property source
[DEBUG] 2017-06-04 15:06:45.821 [main] StandardEnvironment - Adding [random] PropertySource with search precedence immediately lower than [systemEnvironment]
[DEBUG] 2017-06-04 15:06:45.822 [main] PropertySourcesPropertyResolver - Could not find key 'spring.profiles.active' in any property source
[DEBUG] 2017-06-04 15:06:45.823 [main] PropertySourcesPropertyResolver - Could not find key 'spring.profiles.default' in any property source
[DEBUG] 2017-06-04 15:06:45.824 [main] MutablePropertySources - Adding [applicationConfig: [profile=]] PropertySource with highest search precedence
[DEBUG] 2017-06-04 15:06:45.841 [main] StandardEnvironment - Adding [applicationConfigurationProperties] PropertySource with lowest search precedence
[DEBUG] 2017-06-04 15:06:45.852 [main] PropertySourcesPropertyResolver - Could not find key 'logging.file' in any property source
[DEBUG] 2017-06-04 15:06:45.852 [main] PropertySourcesPropertyResolver - Could not find key 'logging.path' in any property source
[DEBUG] 2017-06-04 15:06:45.852 [main] PropertySourcesPropertyResolver - Could not find key 'debug' in any property source
[DEBUG] 2017-06-04 15:06:45.852 [main] PropertySourcesPropertyResolver - Could not find key 'trace' in any property source
[DEBUG] 2017-06-04 15:06:45.852 [main] PropertySourcesPropertyResolver - Found key 'logging.config' in [applicationConfigurationProperties] with type [String]
[DEBUG] 2017-06-04 15:06:45.854 [main] ClasspathLoggingApplicationListener - Application started with classpath: [file:/home/user/Downloads/part1_movieapp-starter/spring-rest/target/surefire/surefirebooter8256104674369339533.jar]
[DEBUG] 2017-06-04 15:06:45.855 [main] PropertySourcesPropertyResolver - Could not find key 'context.listener.classes' in any property source
[DEBUG] 2017-06-04 15:06:45.855 [main] PropertySourcesPropertyResolver - Could not find key 'banner.image.location' in any property source
[DEBUG] 2017-06-04 15:06:45.856 [main] PropertySourcesPropertyResolver - Could not find key 'banner.location' in any property source

  .   ____          _            __ _ _
 /\\ / ___'_ __ _ _(_)_ __  __ _ \ \ \ \
( ( )\___ | '_ | '_| | '_ \/ _` | \ \ \ \
 \\/  ___)| |_)| | | | | || (_| |  ) ) ) )
  '  |____| .__|_| |_|_| |_\__, | / / / /
 =========|_|==============|___/=/_/_/_/
 :: Spring Boot ::        (v1.4.2.RELEASE)

[DEBUG] 2017-06-04 15:06:45.859 [main] PropertySourcesPropertyResolver - Could not find key 'context.initializer.classes' in any property source
[DEBUG] 2017-06-04 15:06:45.859 [main] PropertySourcesPropertyResolver - Could not find key 'spring.config.name:application' in any property source
[DEBUG] 2017-06-04 15:06:45.859 [main] PropertySourcesPropertyResolver - Could not find key 'spring.config.name' in any property source
[DEBUG] 2017-06-04 15:06:45.859 [main] PropertySourcesPropertyResolver - Could not find key 'vcap.application.name:application' in any property source
[DEBUG] 2017-06-04 15:06:45.859 [main] PropertySourcesPropertyResolver - Could not find key 'vcap.application.name' in any property source
[DEBUG] 2017-06-04 15:06:45.859 [main] PropertySourcesPropertyResolver - Could not find key 'spring.application.name:application' in any property source
[DEBUG] 2017-06-04 15:06:45.859 [main] PropertySourcesPropertyResolver - Could not find key 'spring.application.name' in any property source
[DEBUG] 2017-06-04 15:06:45.860 [main] PropertySourcesPropertyResolver - Could not find key 'PORT:null' in any property source
[DEBUG] 2017-06-04 15:06:45.860 [main] PropertySourcesPropertyResolver - Could not find key 'PORT' in any property source
[DEBUG] 2017-06-04 15:06:45.860 [main] PropertySourcesPropertyResolver - Could not find key 'server.port:null' in any property source
[DEBUG] 2017-06-04 15:06:45.860 [main] PropertySourcesPropertyResolver - Found key 'server.port' in [Inlined Test Properties] with type [String]
[DEBUG] 2017-06-04 15:06:45.860 [main] PropertySourcesPropertyResolver - Could not find key 'spring.application.index:-1' in any property source
[DEBUG] 2017-06-04 15:06:45.860 [main] PropertySourcesPropertyResolver - Could not find key 'spring.application.index' in any property source
[DEBUG] 2017-06-04 15:06:45.860 [main] PropertySourcesPropertyResolver - Could not find key 'vcap.application.instance_index:-1' in any property source
[DEBUG] 2017-06-04 15:06:45.860 [main] PropertySourcesPropertyResolver - Could not find key 'vcap.application.instance_index' in any property source
[DEBUG] 2017-06-04 15:06:45.860 [main] PropertySourcesPropertyResolver - Could not find key 'spring.profiles.active' in any property source
[DEBUG] 2017-06-04 15:06:45.862 [main] StandardEnvironment - Adding [test] PropertySource with highest search precedence
[DEBUG] 2017-06-04 15:06:45.864 [main] StandardEnvironment - Adding [Annotations] PropertySource with highest search precedence
[DEBUG] 2017-06-04 15:06:45.865 [main] DefaultListableBeanFactory - Returning cached instance of singleton bean 'autoConfigurationReport'
[INFO ] 2017-06-04 15:06:45.867 [main] MovieRestControllerTest - Starting MovieRestControllerTest on user-ThinkPad-T420 with PID 3136 (started by user in /home/user/Downloads/part1_movieapp-starter/spring-rest)
[DEBUG] 2017-06-04 15:06:45.867 [main] MovieRestControllerTest - Running with Spring Boot v1.4.2.RELEASE, Spring v4.3.4.RELEASE
[DEBUG] 2017-06-04 15:06:45.868 [main] PropertySourcesPropertyResolver - Could not find key 'spring.profiles.active' in any property source
[DEBUG] 2017-06-04 15:06:45.868 [main] PropertySourcesPropertyResolver - Could not find key 'spring.profiles.default' in any property source
[INFO ] 2017-06-04 15:06:45.868 [main] MovieRestControllerTest - No active profile set, falling back to default profiles: default
[DEBUG] 2017-06-04 15:06:45.868 [main] SpringApplication - Loading source class com.stackroute.ng2boot.Ng2bootApplication
[DEBUG] 2017-06-04 15:06:45.869 [background-preinit] DefaultTraversableResolver - Cannot find javax.persistence.Persistence on classpath. Assuming non JPA 2 environment. All properties will per default be traversable.
[DEBUG] 2017-06-04 15:06:45.870 [main] ClassPathBeanDefinitionScanner - JSR-250 'javax.annotation.ManagedBean' found and supported for component scanning
[DEBUG] 2017-06-04 15:06:45.876 [main] ConfigFileApplicationListener - Loaded config file 'file:/home/user/Downloads/part1_movieapp-starter/spring-rest/target/classes/application.properties' (classpath:/application.properties)
[DEBUG] 2017-06-04 15:06:45.876 [main] ConfigFileApplicationListener - Skipped (empty) config file 'file:/home/user/Downloads/part1_movieapp-starter/spring-rest/target/classes/application.properties' (classpath:/application.properties) for profile default
[INFO ] 2017-06-04 15:06:45.876 [main] GenericWebApplicationContext - Refreshing org.springframework.web.context.support.GenericWebApplicationContext@6dee8ae6: startup date [Sun Jun 04 15:06:45 IST 2017]; root of context hierarchy
[DEBUG] 2017-06-04 15:06:45.876 [main] GenericWebApplicationContext - Bean factory for org.springframework.web.context.support.GenericWebApplicationContext@6dee8ae6: org.springframework.beans.factory.support.DefaultListableBeanFactory@f25f48a: defining beans [org.springframework.context.annotation.internalConfigurationAnnotationProcessor,org.springframework.context.annotation.internalAutowiredAnnotationProcessor,org.springframework.context.annotation.internalRequiredAnnotationProcessor,org.springframework.context.annotation.internalCommonAnnotationProcessor,org.springframework.context.event.internalEventListenerProcessor,org.springframework.context.event.internalEventListenerFactory,org.springframework.boot.test.context.ImportsContextCustomizer$ImportsCleanupPostProcessor,org.springframework.boot.test.context.ImportsContextCustomizer$ImportsConfiguration,org.springframework.boot.test.mock.mockito.MockitoPostProcessor$SpyPostProcessor,org.springframework.boot.test.mock.mockito.MockitoPostProcessor,ng2bootApplication]; root of factory hierarchy
[DEBUG] 2017-06-04 15:06:45.876 [main] DefaultListableBeanFactory - Registering scope 'request' with implementation [org.springframework.web.context.request.RequestScope@3b2e5c0d]
[DEBUG] 2017-06-04 15:06:45.876 [main] DefaultListableBeanFactory - Registering scope 'session' with implementation [org.springframework.web.context.request.SessionScope@7499eac7]
[DEBUG] 2017-06-04 15:06:45.876 [main] DefaultListableBeanFactory - Registering scope 'globalSession' with implementation [org.springframework.web.context.request.SessionScope@5438c17a]
[DEBUG] 2017-06-04 15:06:45.876 [main] DefaultListableBeanFactory - Registering scope 'application' with implementation [org.springframework.web.context.support.ServletContextScope@b9d018b]
[DEBUG] 2017-06-04 15:06:45.877 [main] DefaultListableBeanFactory - Creating shared instance of singleton bean 'org.springframework.context.annotation.internalConfigurationAnnotationProcessor'
[DEBUG] 2017-06-04 15:06:45.877 [main] DefaultListableBeanFactory - Creating instance of bean 'org.springframework.context.annotation.internalConfigurationAnnotationProcessor'
[DEBUG] 2017-06-04 15:06:45.878 [main] DefaultListableBeanFactory - Eagerly caching bean 'org.springframework.context.annotation.internalConfigurationAnnotationProcessor' to allow for resolving potential circular references
[DEBUG] 2017-06-04 15:06:45.878 [main] DefaultListableBeanFactory - Creating shared instance of singleton bean 'org.springframework.boot.autoconfigure.internalCachingMetadataReaderFactory'
[DEBUG] 2017-06-04 15:06:45.878 [main] DefaultListableBeanFactory - Creating instance of bean 'org.springframework.boot.autoconfigure.internalCachingMetadataReaderFactory'
[DEBUG] 2017-06-04 15:06:45.878 [main] DefaultListableBeanFactory - Eagerly caching bean 'org.springframework.boot.autoconfigure.internalCachingMetadataReaderFactory' to allow for resolving potential circular references
[DEBUG] 2017-06-04 15:06:45.879 [main] DefaultListableBeanFactory - Finished creating instance of bean 'org.springframework.boot.autoconfigure.internalCachingMetadataReaderFactory'
[DEBUG] 2017-06-04 15:06:45.883 [main] DefaultListableBeanFactory - Finished creating instance of bean 'org.springframework.context.annotation.internalConfigurationAnnotationProcessor'
[DEBUG] 2017-06-04 15:06:45.916 [main] StandardEnvironment - Adding [systemProperties] PropertySource with lowest search precedence
[DEBUG] 2017-06-04 15:06:45.916 [main] StandardEnvironment - Adding [systemEnvironment] PropertySource with lowest search precedence
[DEBUG] 2017-06-04 15:06:45.916 [main] StandardEnvironment - Initialized StandardEnvironment with PropertySources [systemProperties,systemEnvironment]
[DEBUG] 2017-06-04 15:06:45.916 [main] ClassPathBeanDefinitionScanner - JSR-250 'javax.annotation.ManagedBean' found and supported for component scanning
[DEBUG] 2017-06-04 15:06:45.917 [main] PathMatchingResourcePatternResolver - Resolved classpath location [com/stackroute/ng2boot/] to resources [URL [file:/home/user/Downloads/part1_movieapp-starter/spring-rest/target/test-classes/com/stackroute/ng2boot/], URL [file:/home/user/Downloads/part1_movieapp-starter/spring-rest/target/classes/com/stackroute/ng2boot/]]
[DEBUG] 2017-06-04 15:06:45.917 [main] PathMatchingResourcePatternResolver - Looking for matching resources in directory tree [/home/user/Downloads/part1_movieapp-starter/spring-rest/target/test-classes/com/stackroute/ng2boot]
[DEBUG] 2017-06-04 15:06:45.917 [main] PathMatchingResourcePatternResolver - Searching directory [/home/user/Downloads/part1_movieapp-starter/spring-rest/target/test-classes/com/stackroute/ng2boot] for files matching pattern [/home/user/Downloads/part1_movieapp-starter/spring-rest/target/test-classes/com/stackroute/ng2boot/**/*.class]
[DEBUG] 2017-06-04 15:06:45.918 [main] PathMatchingResourcePatternResolver - Searching directory [/home/user/Downloads/part1_movieapp-starter/spring-rest/target/test-classes/com/stackroute/ng2boot/controllers] for files matching pattern [/home/user/Downloads/part1_movieapp-starter/spring-rest/target/test-classes/com/stackroute/ng2boot/**/*.class]
[DEBUG] 2017-06-04 15:06:45.921 [main] PathMatchingResourcePatternResolver - Looking for matching resources in directory tree [/home/user/Downloads/part1_movieapp-starter/spring-rest/target/classes/com/stackroute/ng2boot]
[DEBUG] 2017-06-04 15:06:45.921 [main] PathMatchingResourcePatternResolver - Searching directory [/home/user/Downloads/part1_movieapp-starter/spring-rest/target/classes/com/stackroute/ng2boot] for files matching pattern [/home/user/Downloads/part1_movieapp-starter/spring-rest/target/classes/com/stackroute/ng2boot/**/*.class]
[DEBUG] 2017-06-04 15:06:45.922 [main] PathMatchingResourcePatternResolver - Searching directory [/home/user/Downloads/part1_movieapp-starter/spring-rest/target/classes/com/stackroute/ng2boot/config] for files matching pattern [/home/user/Downloads/part1_movieapp-starter/spring-rest/target/classes/com/stackroute/ng2boot/**/*.class]
[DEBUG] 2017-06-04 15:06:45.922 [main] PathMatchingResourcePatternResolver - Searching directory [/home/user/Downloads/part1_movieapp-starter/spring-rest/target/classes/com/stackroute/ng2boot/controllers] for files matching pattern [/home/user/Downloads/part1_movieapp-starter/spring-rest/target/classes/com/stackroute/ng2boot/**/*.class]
[DEBUG] 2017-06-04 15:06:45.922 [main] PathMatchingResourcePatternResolver - Searching directory [/home/user/Downloads/part1_movieapp-starter/spring-rest/target/classes/com/stackroute/ng2boot/domain] for files matching pattern [/home/user/Downloads/part1_movieapp-starter/spring-rest/target/classes/com/stackroute/ng2boot/**/*.class]
[DEBUG] 2017-06-04 15:06:45.922 [main] PathMatchingResourcePatternResolver - Searching directory [/home/user/Downloads/part1_movieapp-starter/spring-rest/target/classes/com/stackroute/ng2boot/links] for files matching pattern [/home/user/Downloads/part1_movieapp-starter/spring-rest/target/classes/com/stackroute/ng2boot/**/*.class]
[DEBUG] 2017-06-04 15:06:45.922 [main] PathMatchingResourcePatternResolver - Searching directory [/home/user/Downloads/part1_movieapp-starter/spring-rest/target/classes/com/stackroute/ng2boot/repository] for files matching pattern [/home/user/Downloads/part1_movieapp-starter/spring-rest/target/classes/com/stackroute/ng2boot/**/*.class]
[DEBUG] 2017-06-04 15:06:45.922 [main] PathMatchingResourcePatternResolver - Searching directory [/home/user/Downloads/part1_movieapp-starter/spring-rest/target/classes/com/stackroute/ng2boot/service] for files matching pattern [/home/user/Downloads/part1_movieapp-starter/spring-rest/target/classes/com/stackroute/ng2boot/**/*.class]
[DEBUG] 2017-06-04 15:06:45.922 [main] PathMatchingResourcePatternResolver - Resolved location pattern [classpath*:com/stackroute/ng2boot/**/*.class] to resources [file [/home/user/Downloads/part1_movieapp-starter/spring-rest/target/test-classes/com/stackroute/ng2boot/Ng2bootApplicationTests.class], file [/home/user/Downloads/part1_movieapp-starter/spring-rest/target/test-classes/com/stackroute/ng2boot/controllers/MovieRestControllerTest.class], file [/home/user/Downloads/part1_movieapp-starter/spring-rest/target/classes/com/stackroute/ng2boot/Ng2bootApplication.class], file [/home/user/Downloads/part1_movieapp-starter/spring-rest/target/classes/com/stackroute/ng2boot/config/SwaggerConfig.class], file [/home/user/Downloads/part1_movieapp-starter/spring-rest/target/classes/com/stackroute/ng2boot/controllers/MovieRestController.class], file [/home/user/Downloads/part1_movieapp-starter/spring-rest/target/classes/com/stackroute/ng2boot/controllers/MovieRestControllerTest.class], file [/home/user/Downloads/part1_movieapp-starter/spring-rest/target/classes/com/stackroute/ng2boot/domain/Movie.class], file [/home/user/Downloads/part1_movieapp-starter/spring-rest/target/classes/com/stackroute/ng2boot/links/MovieLinks.class], file [/home/user/Downloads/part1_movieapp-starter/spring-rest/target/classes/com/stackroute/ng2boot/links/MovieLinksImpl.class], file [/home/user/Downloads/part1_movieapp-starter/spring-rest/target/classes/com/stackroute/ng2boot/repository/CrudsRepository.class], file [/home/user/Downloads/part1_movieapp-starter/spring-rest/target/classes/com/stackroute/ng2boot/repository/MovieRepository.class], file [/home/user/Downloads/part1_movieapp-starter/spring-rest/target/classes/com/stackroute/ng2boot/service/MovieGetService.class], file [/home/user/Downloads/part1_movieapp-starter/spring-rest/target/classes/com/stackroute/ng2boot/service/MovieGetServiceImpl.class]]
[DEBUG] 2017-06-04 15:06:45.925 [main] DefaultListableBeanFactory - Returning cached instance of singleton bean 'org.springframework.boot.test.context.filter.TestTypeExcludeFilter'
[DEBUG] 2017-06-04 15:06:45.925 [main] DefaultListableBeanFactory - Returning cached instance of singleton bean 'org.springframework.boot.test.autoconfigure.filter.TypeExcludeFilters'
[DEBUG] 2017-06-04 15:06:45.925 [main] DefaultListableBeanFactory - Returning cached instance of singleton bean 'org.springframework.boot.test.context.filter.TestTypeExcludeFilter'
[DEBUG] 2017-06-04 15:06:45.926 [main] DefaultListableBeanFactory - Returning cached instance of singleton bean 'org.springframework.boot.test.autoconfigure.filter.TypeExcludeFilters'
[DEBUG] 2017-06-04 15:06:45.927 [main] DefaultListableBeanFactory - Returning cached instance of singleton bean 'org.springframework.boot.test.context.filter.TestTypeExcludeFilter'
[DEBUG] 2017-06-04 15:06:45.927 [main] DefaultListableBeanFactory - Returning cached instance of singleton bean 'org.springframework.boot.test.autoconfigure.filter.TypeExcludeFilters'
[DEBUG] 2017-06-04 15:06:45.929 [main] DefaultListableBeanFactory - Returning cached instance of singleton bean 'org.springframework.boot.test.context.filter.TestTypeExcludeFilter'
[DEBUG] 2017-06-04 15:06:45.929 [main] DefaultListableBeanFactory - Returning cached instance of singleton bean 'org.springframework.boot.test.autoconfigure.filter.TypeExcludeFilters'
[DEBUG] 2017-06-04 15:06:45.929 [main] ClassPathBeanDefinitionScanner - Identified candidate component class: file [/home/user/Downloads/part1_movieapp-starter/spring-rest/target/classes/com/stackroute/ng2boot/controllers/MovieRestController.class]
[DEBUG] 2017-06-04 15:06:45.936 [main] DefaultListableBeanFactory - Returning cached instance of singleton bean 'org.springframework.boot.test.context.filter.TestTypeExcludeFilter'
[DEBUG] 2017-06-04 15:06:45.936 [main] DefaultListableBeanFactory - Returning cached instance of singleton bean 'org.springframework.boot.test.autoconfigure.filter.TypeExcludeFilters'
[DEBUG] 2017-06-04 15:06:45.937 [main] DefaultListableBeanFactory - Returning cached instance of singleton bean 'org.springframework.boot.test.context.filter.TestTypeExcludeFilter'
[DEBUG] 2017-06-04 15:06:45.937 [main] DefaultListableBeanFactory - Returning cached instance of singleton bean 'org.springframework.boot.test.autoconfigure.filter.TypeExcludeFilters'
[DEBUG] 2017-06-04 15:06:45.948 [main] DefaultListableBeanFactory - Returning cached instance of singleton bean 'org.springframework.boot.test.context.filter.TestTypeExcludeFilter'
[DEBUG] 2017-06-04 15:06:45.948 [main] DefaultListableBeanFactory - Returning cached instance of singleton bean 'org.springframework.boot.test.autoconfigure.filter.TypeExcludeFilters'
[DEBUG] 2017-06-04 15:06:45.949 [main] DefaultListableBeanFactory - Returning cached instance of singleton bean 'org.springframework.boot.test.context.filter.TestTypeExcludeFilter'
[DEBUG] 2017-06-04 15:06:45.949 [main] DefaultListableBeanFactory - Returning cached instance of singleton bean 'org.springframework.boot.test.autoconfigure.filter.TypeExcludeFilters'
[DEBUG] 2017-06-04 15:06:45.950 [main] DefaultListableBeanFactory - Returning cached instance of singleton bean 'org.springframework.boot.test.context.filter.TestTypeExcludeFilter'
[DEBUG] 2017-06-04 15:06:45.950 [main] DefaultListableBeanFactory - Returning cached instance of singleton bean 'org.springframework.boot.test.autoconfigure.filter.TypeExcludeFilters'
[DEBUG] 2017-06-04 15:06:45.957 [main] DefaultListableBeanFactory - Returning cached instance of singleton bean 'org.springframework.boot.test.context.filter.TestTypeExcludeFilter'
[DEBUG] 2017-06-04 15:06:45.957 [main] DefaultListableBeanFactory - Returning cached instance of singleton bean 'org.springframework.boot.test.autoconfigure.filter.TypeExcludeFilters'
[DEBUG] 2017-06-04 15:06:45.963 [main] DefaultListableBeanFactory - Returning cached instance of singleton bean 'org.springframework.boot.test.context.filter.TestTypeExcludeFilter'
[DEBUG] 2017-06-04 15:06:45.963 [main] DefaultListableBeanFactory - Returning cached instance of singleton bean 'org.springframework.boot.test.autoconfigure.filter.TypeExcludeFilters'
[DEBUG] 2017-06-04 15:06:45.964 [main] DefaultListableBeanFactory - Returning cached instance of singleton bean 'org.springframework.boot.test.context.filter.TestTypeExcludeFilter'
[DEBUG] 2017-06-04 15:06:45.964 [main] DefaultListableBeanFactory - Returning cached instance of singleton bean 'org.springframework.boot.test.autoconfigure.filter.TypeExcludeFilters'
[DEBUG] 2017-06-04 15:06:45.975 [main] DefaultListableBeanFactory - Returning cached instance of singleton bean 'org.springframework.boot.autoconfigure.internalCachingMetadataReaderFactory'
[DEBUG] 2017-06-04 15:06:45.986 [main] DefaultListableBeanFactory - Returning cached instance of singleton bean 'autoConfigurationReport'
[DEBUG] 2017-06-04 15:06:45.988 [main] PropertySourcesPropertyResolver - Could not find key 'spring.messages.basename' in any property source
[DEBUG] 2017-06-04 15:06:45.988 [main] DefaultListableBeanFactory - Returning cached instance of singleton bean 'autoConfigurationReport'
[DEBUG] 2017-06-04 15:06:45.988 [main] DefaultListableBeanFactory - Returning cached instance of singleton bean 'autoConfigurationReport'
[DEBUG] 2017-06-04 15:06:45.988 [main] DefaultListableBeanFactory - Returning cached instance of singleton bean 'autoConfigurationReport'
[DEBUG] 2017-06-04 15:06:45.991 [main] PropertySourcesPropertyResolver - Found key 'spring.cache.type' in [Annotations] with type [CacheType]
[DEBUG] 2017-06-04 15:06:45.992 [main] PropertySourcesPropertyResolver - Found key 'spring.test.mockmvc.secure' in [Annotations] with type [Boolean]
[DEBUG] 2017-06-04 15:06:45.992 [main] PropertySourcesPropertyResolver - Found key 'spring.test.mockmvc.webdriver.enabled' in [Annotations] with type [Boolean]
[DEBUG] 2017-06-04 15:06:45.992 [main] PropertySourcesPropertyResolver - Found key 'spring.test.mockmvc.add-filters' in [Annotations] with type [Boolean]
[DEBUG] 2017-06-04 15:06:45.992 [main] PropertySourcesPropertyResolver - Found key 'spring.test.mockmvc.print-only-on-failure' in [Annotations] with type [Boolean]
[DEBUG] 2017-06-04 15:06:45.992 [main] PropertySourcesPropertyResolver - Found key 'spring.test.mockmvc.webclient.enabled' in [Annotations] with type [Boolean]
[DEBUG] 2017-06-04 15:06:45.992 [main] PropertySourcesPropertyResolver - Found key 'spring.boot.enableautoconfiguration' in [test] with type [String]
[DEBUG] 2017-06-04 15:06:45.992 [main] PropertySourcesPropertyResolver - Found key 'spring.jmx.enabled' in [Inlined Test Properties] with type [String]
[DEBUG] 2017-06-04 15:06:45.992 [main] PropertySourcesPropertyResolver - Found key 'org.springframework.boot.test.autoconfigure.web.servlet.WebMvcTestContextBootstrapper' in [Inlined Test Properties] with type [String]
[DEBUG] 2017-06-04 15:06:45.992 [main] PropertySourcesPropertyResolver - Found key 'server.port' in [Inlined Test Properties] with type [String]
[DEBUG] 2017-06-04 15:06:45.992 [main] PropertySourcesPropertyResolver - Found key 'java.runtime.name' in [systemProperties] with type [String]
[DEBUG] 2017-06-04 15:06:45.993 [main] PropertySourcesPropertyResolver - Found key 'sun.boot.library.path' in [systemProperties] with type [String]
[DEBUG] 2017-06-04 15:06:45.993 [main] PropertySourcesPropertyResolver - Found key 'java.vm.version' in [systemProperties] with type [String]
[DEBUG] 2017-06-04 15:06:45.993 [main] PropertySourcesPropertyResolver - Found key 'java.vm.vendor' in [systemProperties] with type [String]
[DEBUG] 2017-06-04 15:06:45.993 [main] PropertySourcesPropertyResolver - Found key 'java.vendor.url' in [systemProperties] with type [String]
[DEBUG] 2017-06-04 15:06:45.993 [main] PropertySourcesPropertyResolver - Found key 'path.separator' in [systemProperties] with type [String]
[DEBUG] 2017-06-04 15:06:45.993 [main] PropertySourcesPropertyResolver - Found key 'java.vm.name' in [systemProperties] with type [String]
[DEBUG] 2017-06-04 15:06:45.993 [main] PropertySourcesPropertyResolver - Found key 'file.encoding.pkg' in [systemProperties] with type [String]
[DEBUG] 2017-06-04 15:06:45.993 [main] PropertySourcesPropertyResolver - Found key 'user.country' in [systemProperties] with type [String]
[DEBUG] 2017-06-04 15:06:45.993 [main] PropertySourcesPropertyResolver - Found key 'sun.java.launcher' in [systemProperties] with type [String]
[DEBUG] 2017-06-04 15:06:45.993 [main] PropertySourcesPropertyResolver - Found key 'sun.os.patch.level' in [systemProperties] with type [String]
[DEBUG] 2017-06-04 15:06:45.993 [main] PropertySourcesPropertyResolver - Found key 'PID' in [systemProperties] with type [String]
[DEBUG] 2017-06-04 15:06:45.993 [main] PropertySourcesPropertyResolver - Found key 'java.vm.specification.name' in [systemProperties] with type [String]
[DEBUG] 2017-06-04 15:06:45.993 [main] PropertySourcesPropertyResolver - Found key 'user.dir' in [systemProperties] with type [String]
[DEBUG] 2017-06-04 15:06:45.993 [main] PropertySourcesPropertyResolver - Found key 'java.runtime.version' in [systemProperties] with type [String]
[DEBUG] 2017-06-04 15:06:45.993 [main] PropertySourcesPropertyResolver - Found key 'basedir' in [systemProperties] with type [String]
[DEBUG] 2017-06-04 15:06:45.993 [main] PropertySourcesPropertyResolver - Found key 'java.awt.graphicsenv' in [systemProperties] with type [String]
[DEBUG] 2017-06-04 15:06:45.993 [main] PropertySourcesPropertyResolver - Found key 'java.endorsed.dirs' in [systemProperties] with type [String]
[DEBUG] 2017-06-04 15:06:45.993 [main] PropertySourcesPropertyResolver - Found key 'os.arch' in [systemProperties] with type [String]
[DEBUG] 2017-06-04 15:06:45.993 [main] PropertySourcesPropertyResolver - Found key 'surefire.real.class.path' in [systemProperties] with type [String]
[DEBUG] 2017-06-04 15:06:45.993 [main] PropertySourcesPropertyResolver - Found key 'java.io.tmpdir' in [systemProperties] with type [String]
[DEBUG] 2017-06-04 15:06:45.994 [main] PropertySourcesPropertyResolver - Found key 'line.separator' in [systemProperties] with type [String]
[DEBUG] 2017-06-04 15:06:45.994 [main] PropertySourcesPropertyResolver - Found key 'java.vm.specification.vendor' in [systemProperties] with type [String]
[DEBUG] 2017-06-04 15:06:45.994 [main] PropertySourcesPropertyResolver - Found key 'os.name' in [systemProperties] with type [String]
[DEBUG] 2017-06-04 15:06:45.994 [main] PropertySourcesPropertyResolver - Found key 'sun.jnu.encoding' in [systemProperties] with type [String]
[DEBUG] 2017-06-04 15:06:45.994 [main] PropertySourcesPropertyResolver - Found key 'spring.beaninfo.ignore' in [systemProperties] with type [String]
[DEBUG] 2017-06-04 15:06:45.994 [main] PropertySourcesPropertyResolver - Found key 'java.library.path' in [systemProperties] with type [String]
[DEBUG] 2017-06-04 15:06:45.994 [main] PropertySourcesPropertyResolver - Found key 'surefire.test.class.path' in [systemProperties] with type [String]
[DEBUG] 2017-06-04 15:06:45.994 [main] PropertySourcesPropertyResolver - Found key 'java.specification.name' in [systemProperties] with type [String]
[DEBUG] 2017-06-04 15:06:45.994 [main] PropertySourcesPropertyResolver - Found key 'java.class.version' in [systemProperties] with type [String]
[DEBUG] 2017-06-04 15:06:45.994 [main] PropertySourcesPropertyResolver - Found key 'sun.management.compiler' in [systemProperties] with type [String]
[DEBUG] 2017-06-04 15:06:45.994 [main] PropertySourcesPropertyResolver - Found key 'os.version' in [systemProperties] with type [String]
[DEBUG] 2017-06-04 15:06:45.994 [main] PropertySourcesPropertyResolver - Found key 'user.home' in [systemProperties] with type [String]
[DEBUG] 2017-06-04 15:06:45.994 [main] PropertySourcesPropertyResolver - Found key 'user.timezone' in [systemProperties] with type [String]
[DEBUG] 2017-06-04 15:06:45.994 [main] PropertySourcesPropertyResolver - Found key 'java.awt.printerjob' in [systemProperties] with type [String]
[DEBUG] 2017-06-04 15:06:45.994 [main] PropertySourcesPropertyResolver - Found key 'file.encoding' in [systemProperties] with type [String]
[DEBUG] 2017-06-04 15:06:45.994 [main] PropertySourcesPropertyResolver - Found key 'java.specification.version' in [systemProperties] with type [String]
[DEBUG] 2017-06-04 15:06:45.994 [main] PropertySourcesPropertyResolver - Found key 'java.class.path' in [systemProperties] with type [String]
[DEBUG] 2017-06-04 15:06:45.994 [main] PropertySourcesPropertyResolver - Found key 'user.name' in [systemProperties] with type [String]
[DEBUG] 2017-06-04 15:06:45.994 [main] PropertySourcesPropertyResolver - Found key 'java.vm.specification.version' in [systemProperties] with type [String]
[DEBUG] 2017-06-04 15:06:45.994 [main] PropertySourcesPropertyResolver - Found key 'sun.java.command' in [systemProperties] with type [String]
[DEBUG] 2017-06-04 15:06:45.994 [main] PropertySourcesPropertyResolver - Found key 'java.home' in [systemProperties] with type [String]
[DEBUG] 2017-06-04 15:06:45.994 [main] PropertySourcesPropertyResolver - Found key 'sun.arch.data.model' in [systemProperties] with type [String]
[DEBUG] 2017-06-04 15:06:45.995 [main] PropertySourcesPropertyResolver - Found key 'user.language' in [systemProperties] with type [String]
[DEBUG] 2017-06-04 15:06:45.995 [main] PropertySourcesPropertyResolver - Found key 'java.specification.vendor' in [systemProperties] with type [String]
[DEBUG] 2017-06-04 15:06:45.995 [main] PropertySourcesPropertyResolver - Found key 'awt.toolkit' in [systemProperties] with type [String]
[DEBUG] 2017-06-04 15:06:45.995 [main] PropertySourcesPropertyResolver - Found key 'java.vm.info' in [systemProperties] with type [String]
[DEBUG] 2017-06-04 15:06:45.995 [main] PropertySourcesPropertyResolver - Found key 'java.version' in [systemProperties] with type [String]
[DEBUG] 2017-06-04 15:06:45.995 [main] PropertySourcesPropertyResolver - Found key 'java.ext.dirs' in [systemProperties] with type [String]
[DEBUG] 2017-06-04 15:06:45.995 [main] PropertySourcesPropertyResolver - Found key 'sun.boot.class.path' in [systemProperties] with type [String]
[DEBUG] 2017-06-04 15:06:45.995 [main] PropertySourcesPropertyResolver - Found key 'java.awt.headless' in [systemProperties] with type [String]
[DEBUG] 2017-06-04 15:06:45.995 [main] PropertySourcesPropertyResolver - Found key 'java.vendor' in [systemProperties] with type [String]
[DEBUG] 2017-06-04 15:06:45.995 [main] PropertySourcesPropertyResolver - Found key 'localRepository' in [systemProperties] with type [String]
[DEBUG] 2017-06-04 15:06:45.995 [main] PropertySourcesPropertyResolver - Found key 'file.separator' in [systemProperties] with type [String]
[DEBUG] 2017-06-04 15:06:45.995 [main] PropertySourcesPropertyResolver - Found key 'java.vendor.url.bug' in [systemProperties] with type [String]
[DEBUG] 2017-06-04 15:06:45.995 [main] PropertySourcesPropertyResolver - Found key 'sun.io.unicode.encoding' in [systemProperties] with type [String]
[DEBUG] 2017-06-04 15:06:45.995 [main] PropertySourcesPropertyResolver - Found key 'sun.cpu.endian' in [systemProperties] with type [String]
[DEBUG] 2017-06-04 15:06:45.995 [main] PropertySourcesPropertyResolver - Found key 'sun.desktop' in [systemProperties] with type [String]
[DEBUG] 2017-06-04 15:06:45.995 [main] PropertySourcesPropertyResolver - Found key 'sun.cpu.isalist' in [systemProperties] with type [String]
[DEBUG] 2017-06-04 15:06:45.995 [main] PropertySourcesPropertyResolver - Found key 'PATH' in [systemEnvironment] with type [String]
[DEBUG] 2017-06-04 15:06:45.995 [main] PropertySourcesPropertyResolver - Found key 'XAUTHORITY' in [systemEnvironment] with type [String]
[DEBUG] 2017-06-04 15:06:45.995 [main] PropertySourcesPropertyResolver - Found key 'XMODIFIERS' in [systemEnvironment] with type [String]
[DEBUG] 2017-06-04 15:06:45.995 [main] PropertySourcesPropertyResolver - Found key 'XDG_DATA_DIRS' in [systemEnvironment] with type [String]
[DEBUG] 2017-06-04 15:06:45.995 [main] PropertySourcesPropertyResolver - Found key 'GDMSESSION' in [systemEnvironment] with type [String]
[DEBUG] 2017-06-04 15:06:45.995 [main] PropertySourcesPropertyResolver - Found key 'MANDATORY_PATH' in [systemEnvironment] with type [String]
[DEBUG] 2017-06-04 15:06:45.996 [main] PropertySourcesPropertyResolver - Found key 'GTK_IM_MODULE' in [systemEnvironment] with type [String]
[DEBUG] 2017-06-04 15:06:45.996 [main] PropertySourcesPropertyResolver - Found key 'DBUS_SESSION_BUS_ADDRESS' in [systemEnvironment] with type [String]
[DEBUG] 2017-06-04 15:06:45.996 [main] PropertySourcesPropertyResolver - Found key 'DEFAULTS_PATH' in [systemEnvironment] with type [String]
[DEBUG] 2017-06-04 15:06:45.996 [main] PropertySourcesPropertyResolver - Found key 'XDG_CURRENT_DESKTOP' in [systemEnvironment] with type [String]
[DEBUG] 2017-06-04 15:06:45.996 [main] PropertySourcesPropertyResolver - Found key 'UPSTART_SESSION' in [systemEnvironment] with type [String]
[DEBUG] 2017-06-04 15:06:45.996 [main] PropertySourcesPropertyResolver - Found key 'QT4_IM_MODULE' in [systemEnvironment] with type [String]
[DEBUG] 2017-06-04 15:06:45.996 [main] PropertySourcesPropertyResolver - Found key 'QT_LINUX_ACCESSIBILITY_ALWAYS_ON' in [systemEnvironment] with type [String]
[DEBUG] 2017-06-04 15:06:45.996 [main] PropertySourcesPropertyResolver - Found key 'LOGNAME' in [systemEnvironment] with type [String]
[DEBUG] 2017-06-04 15:06:45.996 [main] PropertySourcesPropertyResolver - Found key 'JOB' in [systemEnvironment] with type [String]
[DEBUG] 2017-06-04 15:06:45.996 [main] PropertySourcesPropertyResolver - Found key 'PWD' in [systemEnvironment] with type [String]
[DEBUG] 2017-06-04 15:06:45.996 [main] PropertySourcesPropertyResolver - Found key 'DERBY_HOME' in [systemEnvironment] with type [String]
[DEBUG] 2017-06-04 15:06:45.996 [main] PropertySourcesPropertyResolver - Found key 'IM_CONFIG_PHASE' in [systemEnvironment] with type [String]
[DEBUG] 2017-06-04 15:06:45.996 [main] PropertySourcesPropertyResolver - Found key 'LANGUAGE' in [systemEnvironment] with type [String]
[DEBUG] 2017-06-04 15:06:45.996 [main] PropertySourcesPropertyResolver - Found key 'SHELL' in [systemEnvironment] with type [String]
[DEBUG] 2017-06-04 15:06:45.996 [main] PropertySourcesPropertyResolver - Found key 'GIO_LAUNCHED_DESKTOP_FILE' in [systemEnvironment] with type [String]
[DEBUG] 2017-06-04 15:06:45.996 [main] PropertySourcesPropertyResolver - Found key 'GTK2_MODULES' in [systemEnvironment] with type [String]
[DEBUG] 2017-06-04 15:06:45.996 [main] PropertySourcesPropertyResolver - Found key 'INSTANCE' in [systemEnvironment] with type [String]
[DEBUG] 2017-06-04 15:06:45.996 [main] PropertySourcesPropertyResolver - Found key 'J2SDKDIR' in [systemEnvironment] with type [String]
[DEBUG] 2017-06-04 15:06:45.996 [main] PropertySourcesPropertyResolver - Found key 'OLDPWD' in [systemEnvironment] with type [String]
[DEBUG] 2017-06-04 15:06:45.996 [main] PropertySourcesPropertyResolver - Found key 'GNOME_DESKTOP_SESSION_ID' in [systemEnvironment] with type [String]
[DEBUG] 2017-06-04 15:06:45.996 [main] PropertySourcesPropertyResolver - Found key 'UPSTART_INSTANCE' in [systemEnvironment] with type [String]
[DEBUG] 2017-06-04 15:06:45.997 [main] PropertySourcesPropertyResolver - Found key 'GTK_MODULES' in [systemEnvironment] with type [String]
[DEBUG] 2017-06-04 15:06:45.997 [main] PropertySourcesPropertyResolver - Found key 'J2REDIR' in [systemEnvironment] with type [String]
[DEBUG] 2017-06-04 15:06:45.997 [main] PropertySourcesPropertyResolver - Found key 'GDK_SCALE' in [systemEnvironment] with type [String]
[DEBUG] 2017-06-04 15:06:45.997 [main] PropertySourcesPropertyResolver - Found key 'CLUTTER_IM_MODULE' in [systemEnvironment] with type [String]
[DEBUG] 2017-06-04 15:06:45.997 [main] PropertySourcesPropertyResolver - Found key 'XDG_SESSION_PATH' in [systemEnvironment] with type [String]
[DEBUG] 2017-06-04 15:06:45.997 [main] PropertySourcesPropertyResolver - Found key 'COMPIZ_BIN_PATH' in [systemEnvironment] with type [String]
[DEBUG] 2017-06-04 15:06:45.997 [main] PropertySourcesPropertyResolver - Found key 'SESSIONTYPE' in [systemEnvironment] with type [String]
[DEBUG] 2017-06-04 15:06:45.997 [main] PropertySourcesPropertyResolver - Found key 'XDG_SESSION_DESKTOP' in [systemEnvironment] with type [String]
[DEBUG] 2017-06-04 15:06:45.997 [main] PropertySourcesPropertyResolver - Found key 'SHLVL' in [systemEnvironment] with type [String]
[DEBUG] 2017-06-04 15:06:45.997 [main] PropertySourcesPropertyResolver - Found key 'OXYGEN_DISABLE_INNER_SHADOWS_HACK' in [systemEnvironment] with type [String]
[DEBUG] 2017-06-04 15:06:45.997 [main] PropertySourcesPropertyResolver - Found key 'COMPIZ_CONFIG_PROFILE' in [systemEnvironment] with type [String]
[DEBUG] 2017-06-04 15:06:45.997 [main] PropertySourcesPropertyResolver - Found key 'QT_IM_MODULE' in [systemEnvironment] with type [String]
[DEBUG] 2017-06-04 15:06:45.997 [main] PropertySourcesPropertyResolver - Found key 'UPSTART_JOB' in [systemEnvironment] with type [String]
[DEBUG] 2017-06-04 15:06:45.997 [main] PropertySourcesPropertyResolver - Found key 'JAVA_HOME' in [systemEnvironment] with type [String]
[DEBUG] 2017-06-04 15:06:45.997 [main] PropertySourcesPropertyResolver - Found key 'XDG_CONFIG_DIRS' in [systemEnvironment] with type [String]
[DEBUG] 2017-06-04 15:06:45.997 [main] PropertySourcesPropertyResolver - Found key 'XFILESEARCHPATH' in [systemEnvironment] with type [String]
[DEBUG] 2017-06-04 15:06:45.997 [main] PropertySourcesPropertyResolver - Found key 'LANG' in [systemEnvironment] with type [String]
[DEBUG] 2017-06-04 15:06:45.997 [main] PropertySourcesPropertyResolver - Found key 'GNOME_KEYRING_CONTROL' in [systemEnvironment] with type [String]
[DEBUG] 2017-06-04 15:06:45.997 [main] PropertySourcesPropertyResolver - Found key 'XDG_SEAT_PATH' in [systemEnvironment] with type [String]
[DEBUG] 2017-06-04 15:06:45.997 [main] PropertySourcesPropertyResolver - Found key 'XDG_SESSION_ID' in [systemEnvironment] with type [String]
[DEBUG] 2017-06-04 15:06:45.997 [main] PropertySourcesPropertyResolver - Found key 'XDG_SESSION_TYPE' in [systemEnvironment] with type [String]
[DEBUG] 2017-06-04 15:06:45.998 [main] PropertySourcesPropertyResolver - Found key 'DISPLAY' in [systemEnvironment] with type [String]
[DEBUG] 2017-06-04 15:06:45.998 [main] PropertySourcesPropertyResolver - Found key 'NODE_PATH' in [systemEnvironment] with type [String]
[DEBUG] 2017-06-04 15:06:45.998 [main] PropertySourcesPropertyResolver - Found key 'GDM_LANG' in [systemEnvironment] with type [String]
[DEBUG] 2017-06-04 15:06:45.998 [main] PropertySourcesPropertyResolver - Found key 'XDG_GREETER_DATA_DIR' in [systemEnvironment] with type [String]
[DEBUG] 2017-06-04 15:06:45.998 [main] PropertySourcesPropertyResolver - Found key 'UPSTART_EVENTS' in [systemEnvironment] with type [String]
[DEBUG] 2017-06-04 15:06:45.998 [main] PropertySourcesPropertyResolver - Found key 'LIBOVERLAY_SCROLLBAR' in [systemEnvironment] with type [String]
[DEBUG] 2017-06-04 15:06:45.998 [main] PropertySourcesPropertyResolver - Found key 'GPG_AGENT_INFO' in [systemEnvironment] with type [String]
[DEBUG] 2017-06-04 15:06:46.002 [main] PropertySourcesPropertyResolver - Found key 'GDK_CORE_DEVICE_EVENTS' in [systemEnvironment] with type [String]
[DEBUG] 2017-06-04 15:06:46.002 [main] PropertySourcesPropertyResolver - Found key 'DESKTOP_SESSION' in [systemEnvironment] with type [String]
[DEBUG] 2017-06-04 15:06:46.002 [main] PropertySourcesPropertyResolver - Found key 'SESSION' in [systemEnvironment] with type [String]
[DEBUG] 2017-06-04 15:06:46.002 [main] PropertySourcesPropertyResolver - Found key 'USER' in [systemEnvironment] with type [String]
[DEBUG] 2017-06-04 15:06:46.002 [main] PropertySourcesPropertyResolver - Found key 'GIO_LAUNCHED_DESKTOP_FILE_PID' in [systemEnvironment] with type [String]
[DEBUG] 2017-06-04 15:06:46.002 [main] PropertySourcesPropertyResolver - Found key 'QT_ACCESSIBILITY' in [systemEnvironment] with type [String]
[DEBUG] 2017-06-04 15:06:46.003 [main] PropertySourcesPropertyResolver - Found key 'SSH_AUTH_SOCK' in [systemEnvironment] with type [String]
[DEBUG] 2017-06-04 15:06:46.003 [main] PropertySourcesPropertyResolver - Found key 'XDG_SEAT' in [systemEnvironment] with type [String]
[DEBUG] 2017-06-04 15:06:46.003 [main] PropertySourcesPropertyResolver - Found key 'NLSPATH' in [systemEnvironment] with type [String]
[DEBUG] 2017-06-04 15:06:46.003 [main] PropertySourcesPropertyResolver - Found key 'QT_QPA_PLATFORMTHEME' in [systemEnvironment] with type [String]
[DEBUG] 2017-06-04 15:06:46.003 [main] PropertySourcesPropertyResolver - Found key 'XDG_VTNR' in [systemEnvironment] with type [String]
[DEBUG] 2017-06-04 15:06:46.003 [main] PropertySourcesPropertyResolver - Found key 'XDG_RUNTIME_DIR' in [systemEnvironment] with type [String]
[DEBUG] 2017-06-04 15:06:46.003 [main] PropertySourcesPropertyResolver - Found key 'HOME' in [systemEnvironment] with type [String]
[DEBUG] 2017-06-04 15:06:46.003 [main] PropertySourcesPropertyResolver - Found key 'GNOME_KEYRING_PID' in [systemEnvironment] with type [String]
[DEBUG] 2017-06-04 15:06:46.003 [main] PropertySourcesPropertyResolver - Found key 'logging.config' in [applicationConfigurationProperties] with type [String]
[DEBUG] 2017-06-04 15:06:46.027 [main] DefaultListableBeanFactory - Returning cached instance of singleton bean 'autoConfigurationReport'
[DEBUG] 2017-06-04 15:06:46.044 [main] DefaultListableBeanFactory - Returning cached instance of singleton bean 'autoConfigurationReport'
[DEBUG] 2017-06-04 15:06:46.054 [main] DefaultListableBeanFactory - Returning cached instance of singleton bean 'autoConfigurationReport'
[DEBUG] 2017-06-04 15:06:46.056 [main] DefaultListableBeanFactory - Returning cached instance of singleton bean 'autoConfigurationReport'
[DEBUG] 2017-06-04 15:06:46.070 [main] PropertySourcesPropertyResolver - Found key 'spring.cache.type' in [Annotations] with type [CacheType]
[DEBUG] 2017-06-04 15:06:46.070 [main] DefaultListableBeanFactory - Returning cached instance of singleton bean 'autoConfigurationReport'
[DEBUG] 2017-06-04 15:06:46.071 [main] DefaultListableBeanFactory - Returning cached instance of singleton bean 'autoConfigurationReport'
[DEBUG] 2017-06-04 15:06:46.072 [main] DefaultListableBeanFactory - Returning cached instance of singleton bean 'autoConfigurationReport'
[DEBUG] 2017-06-04 15:06:46.073 [main] DefaultListableBeanFactory - Returning cached instance of singleton bean 'autoConfigurationReport'
[DEBUG] 2017-06-04 15:06:46.074 [main] DefaultListableBeanFactory - Returning cached instance of singleton bean 'autoConfigurationReport'
[DEBUG] 2017-06-04 15:06:46.075 [main] DefaultListableBeanFactory - Returning cached instance of singleton bean 'autoConfigurationReport'
[DEBUG] 2017-06-04 15:06:46.075 [main] PropertySourcesPropertyResolver - Found key 'spring.cache.type' in [Annotations] with type [CacheType]
[DEBUG] 2017-06-04 15:06:46.075 [main] DefaultListableBeanFactory - Returning cached instance of singleton bean 'autoConfigurationReport'
[DEBUG] 2017-06-04 15:06:46.076 [main] DefaultListableBeanFactory - Returning cached instance of singleton bean 'autoConfigurationReport'
[DEBUG] 2017-06-04 15:06:46.077 [main] DefaultListableBeanFactory - Returning cached instance of singleton bean 'autoConfigurationReport'
[DEBUG] 2017-06-04 15:06:46.077 [main] PropertySourcesPropertyResolver - Found key 'spring.cache.type' in [Annotations] with type [CacheType]
[DEBUG] 2017-06-04 15:06:46.077 [main] DefaultListableBeanFactory - Returning cached instance of singleton bean 'autoConfigurationReport'
[DEBUG] 2017-06-04 15:06:46.078 [main] PropertySourcesPropertyResolver - Found key 'spring.cache.type' in [Annotations] with type [CacheType]
[DEBUG] 2017-06-04 15:06:46.078 [main] DefaultListableBeanFactory - Returning cached instance of singleton bean 'autoConfigurationReport'
[DEBUG] 2017-06-04 15:06:46.079 [main] DefaultListableBeanFactory - Returning cached instance of singleton bean 'autoConfigurationReport'
[DEBUG] 2017-06-04 15:06:46.080 [main] DefaultListableBeanFactory - Returning cached instance of singleton bean 'autoConfigurationReport'
[DEBUG] 2017-06-04 15:06:46.080 [main] DefaultListableBeanFactory - Returning cached instance of singleton bean 'autoConfigurationReport'
[DEBUG] 2017-06-04 15:06:46.081 [main] DefaultListableBeanFactory - Returning cached instance of singleton bean 'autoConfigurationReport'
[DEBUG] 2017-06-04 15:06:46.084 [main] DefaultListableBeanFactory - Returning cached instance of singleton bean 'autoConfigurationReport'
[DEBUG] 2017-06-04 15:06:46.087 [main] DefaultListableBeanFactory - Returning cached instance of singleton bean 'autoConfigurationReport'
[DEBUG] 2017-06-04 15:06:46.088 [main] DefaultListableBeanFactory - Returning cached instance of singleton bean 'autoConfigurationReport'
[DEBUG] 2017-06-04 15:06:46.089 [main] DefaultListableBeanFactory - Returning cached instance of singleton bean 'autoConfigurationReport'
[DEBUG] 2017-06-04 15:06:46.089 [main] DefaultListableBeanFactory - Returning cached instance of singleton bean 'autoConfigurationReport'
[DEBUG] 2017-06-04 15:06:46.091 [main] DefaultListableBeanFactory - Returning cached instance of singleton bean 'autoConfigurationReport'
[DEBUG] 2017-06-04 15:06:46.092 [main] DefaultListableBeanFactory - Returning cached instance of singleton bean 'autoConfigurationReport'
[DEBUG] 2017-06-04 15:06:46.097 [main] DefaultListableBeanFactory - Returning cached instance of singleton bean 'autoConfigurationReport'
[DEBUG] 2017-06-04 15:06:46.098 [main] DefaultListableBeanFactory - Returning cached instance of singleton bean 'autoConfigurationReport'
[DEBUG] 2017-06-04 15:06:46.098 [main] DefaultListableBeanFactory - Returning cached instance of singleton bean 'autoConfigurationReport'
[DEBUG] 2017-06-04 15:06:46.099 [main] DefaultListableBeanFactory - Returning cached instance of singleton bean 'autoConfigurationReport'
[DEBUG] 2017-06-04 15:06:46.102 [main] DefaultListableBeanFactory - Returning cached instance of singleton bean 'autoConfigurationReport'
[DEBUG] 2017-06-04 15:06:46.102 [main] DefaultListableBeanFactory - Returning cached instance of singleton bean 'autoConfigurationReport'
[DEBUG] 2017-06-04 15:06:46.112 [main] DefaultListableBeanFactory - Returning cached instance of singleton bean 'autoConfigurationReport'
[DEBUG] 2017-06-04 15:06:46.112 [main] DefaultListableBeanFactory - Returning cached instance of singleton bean 'autoConfigurationReport'
[DEBUG] 2017-06-04 15:06:46.112 [main] DefaultListableBeanFactory - Returning cached instance of singleton bean 'autoConfigurationReport'
[DEBUG] 2017-06-04 15:06:46.115 [main] PropertySourcesPropertyResolver - Found key 'spring.test.mockmvc.secure' in [Annotations] with type [Boolean]
[DEBUG] 2017-06-04 15:06:46.115 [main] DefaultListableBeanFactory - Returning cached instance of singleton bean 'autoConfigurationReport'
[DEBUG] 2017-06-04 15:06:46.119 [main] DefaultListableBeanFactory - Returning cached instance of singleton bean 'autoConfigurationReport'
[DEBUG] 2017-06-04 15:06:46.119 [main] DefaultListableBeanFactory - Returning cached instance of singleton bean 'autoConfigurationReport'
[DEBUG] 2017-06-04 15:06:46.121 [main] DefaultListableBeanFactory - Returning cached instance of singleton bean 'autoConfigurationReport'
[DEBUG] 2017-06-04 15:06:46.122 [main] DefaultListableBeanFactory - Returning cached instance of singleton bean 'autoConfigurationReport'
[DEBUG] 2017-06-04 15:06:46.123 [main] DefaultListableBeanFactory - Returning cached instance of singleton bean 'autoConfigurationReport'
[DEBUG] 2017-06-04 15:06:46.123 [main] PropertySourcesPropertyResolver - Found key 'spring.boot.enableautoconfiguration' in [test] with type [String]
[DEBUG] 2017-06-04 15:06:46.123 [main] ConfigurationClassBeanDefinitionReader - Registered bean definition for imported class 'com.stackroute.ng2boot.controllers.MovieRestControllerTest'
[DEBUG] 2017-06-04 15:06:46.125 [main] StandardEnvironment - Adding [systemProperties] PropertySource with lowest search precedence
[DEBUG] 2017-06-04 15:06:46.125 [main] StandardEnvironment - Adding [systemEnvironment] PropertySource with lowest search precedence
[DEBUG] 2017-06-04 15:06:46.125 [main] StandardEnvironment - Initialized StandardEnvironment with PropertySources [systemProperties,systemEnvironment]
[DEBUG] 2017-06-04 15:06:46.126 [main] PathMatchingResourcePatternResolver - Resolved classpath location [org/springframework/data/] to resources [URL [jar:file:/home/user/.m2/repository/org/springframework/data/spring-data-mongodb/1.9.5.RELEASE/spring-data-mongodb-1.9.5.RELEASE.jar!/org/springframework/data/], URL [jar:file:/home/user/.m2/repository/org/springframework/data/spring-data-commons/1.12.5.RELEASE/spring-data-commons-1.12.5.RELEASE.jar!/org/springframework/data/]]
[DEBUG] 2017-06-04 15:06:46.126 [main] PathMatchingResourcePatternResolver - Looking for matching resources in jar file [file:/home/user/.m2/repository/org/springframework/data/spring-data-mongodb/1.9.5.RELEASE/spring-data-mongodb-1.9.5.RELEASE.jar]
[DEBUG] 2017-06-04 15:06:46.131 [main] PathMatchingResourcePatternResolver - Looking for matching resources in jar file [file:/home/user/.m2/repository/org/springframework/data/spring-data-commons/1.12.5.RELEASE/spring-data-commons-1.12.5.RELEASE.jar]
[DEBUG] 2017-06-04 15:06:46.135 [main] PathMatchingResourcePatternResolver - Resolved location pattern [classpath*:org/springframework/data/**/repository/support/**/*.class] to resources [URL [jar:file:/home/user/.m2/repository/org/springframework/data/spring-data-mongodb/1.9.5.RELEASE/spring-data-mongodb-1.9.5.RELEASE.jar!/org/springframework/data/mongodb/repository/support/IndexEnsuringQueryCreationListener.class], URL [jar:file:/home/user/.m2/repository/org/springframework/data/spring-data-mongodb/1.9.5.RELEASE/spring-data-mongodb-1.9.5.RELEASE.jar!/org/springframework/data/mongodb/repository/support/MappingMongoEntityInformation.class], URL [jar:file:/home/user/.m2/repository/org/springframework/data/spring-data-mongodb/1.9.5.RELEASE/spring-data-mongodb-1.9.5.RELEASE.jar!/org/springframework/data/mongodb/repository/support/MongoAnnotationProcessor.class], URL [jar:file:/home/user/.m2/repository/org/springframework/data/spring-data-mongodb/1.9.5.RELEASE/spring-data-mongodb-1.9.5.RELEASE.jar!/org/springframework/data/mongodb/repository/support/MongoRepositoryFactory$MongoQueryLookupStrategy.class], URL [jar:file:/home/user/.m2/repository/org/springframework/data/spring-data-mongodb/1.9.5.RELEASE/spring-data-mongodb-1.9.5.RELEASE.jar!/org/springframework/data/mongodb/repository/support/MongoRepositoryFactory.class], URL [jar:file:/home/user/.m2/repository/org/springframework/data/spring-data-mongodb/1.9.5.RELEASE/spring-data-mongodb-1.9.5.RELEASE.jar!/org/springframework/data/mongodb/repository/support/MongoRepositoryFactoryBean.class], URL [jar:file:/home/user/.m2/repository/org/springframework/data/spring-data-mongodb/1.9.5.RELEASE/spring-data-mongodb-1.9.5.RELEASE.jar!/org/springframework/data/mongodb/repository/support/QueryDslMongoRepository.class], URL [jar:file:/home/user/.m2/repository/org/springframework/data/spring-data-mongodb/1.9.5.RELEASE/spring-data-mongodb-1.9.5.RELEASE.jar!/org/springframework/data/mongodb/repository/support/QuerydslRepositorySupport.class], URL [jar:file:/home/user/.m2/repository/org/springframework/data/spring-data-mongodb/1.9.5.RELEASE/spring-data-mongodb-1.9.5.RELEASE.jar!/org/springframework/data/mongodb/repository/support/SimpleMongoRepository.class], URL [jar:file:/home/user/.m2/repository/org/springframework/data/spring-data-mongodb/1.9.5.RELEASE/spring-data-mongodb-1.9.5.RELEASE.jar!/org/springframework/data/mongodb/repository/support/SpringDataMongodbQuery$1.class], URL [jar:file:/home/user/.m2/repository/org/springframework/data/spring-data-mongodb/1.9.5.RELEASE/spring-data-mongodb-1.9.5.RELEASE.jar!/org/springframework/data/mongodb/repository/support/SpringDataMongodbQuery.class], URL [jar:file:/home/user/.m2/repository/org/springframework/data/spring-data-mongodb/1.9.5.RELEASE/spring-data-mongodb-1.9.5.RELEASE.jar!/org/springframework/data/mongodb/repository/support/SpringDataMongodbSerializer.class], URL [jar:file:/home/user/.m2/repository/org/springframework/data/spring-data-commons/1.12.5.RELEASE/spring-data-commons-1.12.5.RELEASE.jar!/org/springframework/data/repository/support/AnnotationAttribute.class], URL [jar:file:/home/user/.m2/repository/org/springframework/data/spring-data-commons/1.12.5.RELEASE/spring-data-commons-1.12.5.RELEASE.jar!/org/springframework/data/repository/support/CrudRepositoryInvoker.class], URL [jar:file:/home/user/.m2/repository/org/springframework/data/spring-data-commons/1.12.5.RELEASE/spring-data-commons-1.12.5.RELEASE.jar!/org/springframework/data/repository/support/DefaultRepositoryInvokerFactory.class], URL [jar:file:/home/user/.m2/repository/org/springframework/data/spring-data-commons/1.12.5.RELEASE/spring-data-commons-1.12.5.RELEASE.jar!/org/springframework/data/repository/support/DomainClassConverter$ToEntityConverter.class], URL [jar:file:/home/user/.m2/repository/org/springframework/data/spring-data-commons/1.12.5.RELEASE/spring-data-commons-1.12.5.RELEASE.jar!/org/springframework/data/repository/support/DomainClassConverter$ToIdConverter.class], URL [jar:file:/home/user/.m2/repository/org/springframework/data/spring-data-commons/1.12.5.RELEASE/spring-data-commons-1.12.5.RELEASE.jar!/org/springframework/data/repository/support/DomainClassConverter.class], URL [jar:file:/home/user/.m2/repository/org/springframework/data/spring-data-commons/1.12.5.RELEASE/spring-data-commons-1.12.5.RELEASE.jar!/org/springframework/data/repository/support/DomainClassPropertyEditor.class], URL [jar:file:/home/user/.m2/repository/org/springframework/data/spring-data-commons/1.12.5.RELEASE/spring-data-commons-1.12.5.RELEASE.jar!/org/springframework/data/repository/support/DomainClassPropertyEditorRegistrar.class], URL [jar:file:/home/user/.m2/repository/org/springframework/data/spring-data-commons/1.12.5.RELEASE/spring-data-commons-1.12.5.RELEASE.jar!/org/springframework/data/repository/support/MethodParameters$AnnotationNamingMethodParameter.class], URL [jar:file:/home/user/.m2/repository/org/springframework/data/spring-data-commons/1.12.5.RELEASE/spring-data-commons-1.12.5.RELEASE.jar!/org/springframework/data/repository/support/MethodParameters.class], URL [jar:file:/home/user/.m2/repository/org/springframework/data/spring-data-commons/1.12.5.RELEASE/spring-data-commons-1.12.5.RELEASE.jar!/org/springframework/data/repository/support/PagingAndSortingRepositoryInvoker.class], URL [jar:file:/home/user/.m2/repository/org/springframework/data/spring-data-commons/1.12.5.RELEASE/spring-data-commons-1.12.5.RELEASE.jar!/org/springframework/data/repository/support/QueryMethodParameterConversionException.class], URL [jar:file:/home/user/.m2/repository/org/springframework/data/spring-data-commons/1.12.5.RELEASE/spring-data-commons-1.12.5.RELEASE.jar!/org/springframework/data/repository/support/ReflectionRepositoryInvoker.class], URL [jar:file:/home/user/.m2/repository/org/springframework/data/spring-data-commons/1.12.5.RELEASE/spring-data-commons-1.12.5.RELEASE.jar!/org/springframework/data/repository/support/Repositories$EmptyRepositoryFactoryInformation.class], URL [jar:file:/home/user/.m2/repository/org/springframework/data/spring-data-commons/1.12.5.RELEASE/spring-data-commons-1.12.5.RELEASE.jar!/org/springframework/data/repository/support/Repositories.class], URL [jar:file:/home/user/.m2/repository/org/springframework/data/spring-data-commons/1.12.5.RELEASE/spring-data-commons-1.12.5.RELEASE.jar!/org/springframework/data/repository/support/RepositoryInvocationInformation.class], URL [jar:file:/home/user/.m2/repository/org/springframework/data/spring-data-commons/1.12.5.RELEASE/spring-data-commons-1.12.5.RELEASE.jar!/org/springframework/data/repository/support/RepositoryInvoker.class], URL [jar:file:/home/user/.m2/repository/org/springframework/data/spring-data-commons/1.12.5.RELEASE/spring-data-commons-1.12.5.RELEASE.jar!/org/springframework/data/repository/support/RepositoryInvokerFactory.class]]
[DEBUG] 2017-06-04 15:06:46.138 [main] AssignableTypeFilter - Could not read super class [com.querydsl.apt.AbstractQuerydslProcessor] of type-filtered class [org.springframework.data.mongodb.repository.support.MongoAnnotationProcessor]
[DEBUG] 2017-06-04 15:06:46.139 [main] ClassPathScanningCandidateComponentProvider - Identified candidate component class: URL [jar:file:/home/user/.m2/repository/org/springframework/data/spring-data-mongodb/1.9.5.RELEASE/spring-data-mongodb-1.9.5.RELEASE.jar!/org/springframework/data/mongodb/repository/support/MongoRepositoryFactory.class]
[DEBUG] 2017-06-04 15:06:46.147 [main] AssignableTypeFilter - Could not read super class [com.querydsl.mongodb.AbstractMongodbQuery] of type-filtered class [org.springframework.data.mongodb.repository.support.SpringDataMongodbQuery]
[DEBUG] 2017-06-04 15:06:46.148 [main] AssignableTypeFilter - Could not read super class [com.querydsl.mongodb.MongodbSerializer] of type-filtered class [org.springframework.data.mongodb.repository.support.SpringDataMongodbSerializer]
[DEBUG] 2017-06-04 15:06:46.157 [main] StandardEnvironment - Adding [systemProperties] PropertySource with lowest search precedence
[DEBUG] 2017-06-04 15:06:46.157 [main] StandardEnvironment - Adding [systemEnvironment] PropertySource with lowest search precedence
[DEBUG] 2017-06-04 15:06:46.158 [main] StandardEnvironment - Initialized StandardEnvironment with PropertySources [systemProperties,systemEnvironment]
[DEBUG] 2017-06-04 15:06:46.158 [main] PathMatchingResourcePatternResolver - Resolved classpath location [com/stackroute/ng2boot/] to resources [URL [file:/home/user/Downloads/part1_movieapp-starter/spring-rest/target/test-classes/com/stackroute/ng2boot/], URL [file:/home/user/Downloads/part1_movieapp-starter/spring-rest/target/classes/com/stackroute/ng2boot/]]
[DEBUG] 2017-06-04 15:06:46.158 [main] PathMatchingResourcePatternResolver - Looking for matching resources in directory tree [/home/user/Downloads/part1_movieapp-starter/spring-rest/target/test-classes/com/stackroute/ng2boot]
[DEBUG] 2017-06-04 15:06:46.158 [main] PathMatchingResourcePatternResolver - Searching directory [/home/user/Downloads/part1_movieapp-starter/spring-rest/target/test-classes/com/stackroute/ng2boot] for files matching pattern [/home/user/Downloads/part1_movieapp-starter/spring-rest/target/test-classes/com/stackroute/ng2boot/**/*.class]
[DEBUG] 2017-06-04 15:06:46.158 [main] PathMatchingResourcePatternResolver - Searching directory [/home/user/Downloads/part1_movieapp-starter/spring-rest/target/test-classes/com/stackroute/ng2boot/controllers] for files matching pattern [/home/user/Downloads/part1_movieapp-starter/spring-rest/target/test-classes/com/stackroute/ng2boot/**/*.class]
[DEBUG] 2017-06-04 15:06:46.158 [main] PathMatchingResourcePatternResolver - Looking for matching resources in directory tree [/home/user/Downloads/part1_movieapp-starter/spring-rest/target/classes/com/stackroute/ng2boot]
[DEBUG] 2017-06-04 15:06:46.158 [main] PathMatchingResourcePatternResolver - Searching directory [/home/user/Downloads/part1_movieapp-starter/spring-rest/target/classes/com/stackroute/ng2boot] for files matching pattern [/home/user/Downloads/part1_movieapp-starter/spring-rest/target/classes/com/stackroute/ng2boot/**/*.class]
[DEBUG] 2017-06-04 15:06:46.159 [main] PathMatchingResourcePatternResolver - Searching directory [/home/user/Downloads/part1_movieapp-starter/spring-rest/target/classes/com/stackroute/ng2boot/config] for files matching pattern [/home/user/Downloads/part1_movieapp-starter/spring-rest/target/classes/com/stackroute/ng2boot/**/*.class]
[DEBUG] 2017-06-04 15:06:46.159 [main] PathMatchingResourcePatternResolver - Searching directory [/home/user/Downloads/part1_movieapp-starter/spring-rest/target/classes/com/stackroute/ng2boot/controllers] for files matching pattern [/home/user/Downloads/part1_movieapp-starter/spring-rest/target/classes/com/stackroute/ng2boot/**/*.class]
[DEBUG] 2017-06-04 15:06:46.159 [main] PathMatchingResourcePatternResolver - Searching directory [/home/user/Downloads/part1_movieapp-starter/spring-rest/target/classes/com/stackroute/ng2boot/domain] for files matching pattern [/home/user/Downloads/part1_movieapp-starter/spring-rest/target/classes/com/stackroute/ng2boot/**/*.class]
[DEBUG] 2017-06-04 15:06:46.159 [main] PathMatchingResourcePatternResolver - Searching directory [/home/user/Downloads/part1_movieapp-starter/spring-rest/target/classes/com/stackroute/ng2boot/links] for files matching pattern [/home/user/Downloads/part1_movieapp-starter/spring-rest/target/classes/com/stackroute/ng2boot/**/*.class]
[DEBUG] 2017-06-04 15:06:46.159 [main] PathMatchingResourcePatternResolver - Searching directory [/home/user/Downloads/part1_movieapp-starter/spring-rest/target/classes/com/stackroute/ng2boot/repository] for files matching pattern [/home/user/Downloads/part1_movieapp-starter/spring-rest/target/classes/com/stackroute/ng2boot/**/*.class]
[DEBUG] 2017-06-04 15:06:46.159 [main] PathMatchingResourcePatternResolver - Searching directory [/home/user/Downloads/part1_movieapp-starter/spring-rest/target/classes/com/stackroute/ng2boot/service] for files matching pattern [/home/user/Downloads/part1_movieapp-starter/spring-rest/target/classes/com/stackroute/ng2boot/**/*.class]
[DEBUG] 2017-06-04 15:06:46.159 [main] PathMatchingResourcePatternResolver - Resolved location pattern [classpath*:com/stackroute/ng2boot/**/*.class] to resources [file [/home/user/Downloads/part1_movieapp-starter/spring-rest/target/test-classes/com/stackroute/ng2boot/Ng2bootApplicationTests.class], file [/home/user/Downloads/part1_movieapp-starter/spring-rest/target/test-classes/com/stackroute/ng2boot/controllers/MovieRestControllerTest.class], file [/home/user/Downloads/part1_movieapp-starter/spring-rest/target/classes/com/stackroute/ng2boot/Ng2bootApplication.class], file [/home/user/Downloads/part1_movieapp-starter/spring-rest/target/classes/com/stackroute/ng2boot/config/SwaggerConfig.class], file [/home/user/Downloads/part1_movieapp-starter/spring-rest/target/classes/com/stackroute/ng2boot/controllers/MovieRestController.class], file [/home/user/Downloads/part1_movieapp-starter/spring-rest/target/classes/com/stackroute/ng2boot/controllers/MovieRestControllerTest.class], file [/home/user/Downloads/part1_movieapp-starter/spring-rest/target/classes/com/stackroute/ng2boot/domain/Movie.class], file [/home/user/Downloads/part1_movieapp-starter/spring-rest/target/classes/com/stackroute/ng2boot/links/MovieLinks.class], file [/home/user/Downloads/part1_movieapp-starter/spring-rest/target/classes/com/stackroute/ng2boot/links/MovieLinksImpl.class], file [/home/user/Downloads/part1_movieapp-starter/spring-rest/target/classes/com/stackroute/ng2boot/repository/CrudsRepository.class], file [/home/user/Downloads/part1_movieapp-starter/spring-rest/target/classes/com/stackroute/ng2boot/repository/MovieRepository.class], file [/home/user/Downloads/part1_movieapp-starter/spring-rest/target/classes/com/stackroute/ng2boot/service/MovieGetService.class], file [/home/user/Downloads/part1_movieapp-starter/spring-rest/target/classes/com/stackroute/ng2boot/service/MovieGetServiceImpl.class]]
[DEBUG] 2017-06-04 15:06:46.169 [main] RepositoryComponentProvider - Identified candidate component class: file [/home/user/Downloads/part1_movieapp-starter/spring-rest/target/classes/com/stackroute/ng2boot/repository/CrudsRepository.class]
[DEBUG] 2017-06-04 15:06:46.170 [main] RepositoryComponentProvider - Identified candidate component class: file [/home/user/Downloads/part1_movieapp-starter/spring-rest/target/classes/com/stackroute/ng2boot/repository/MovieRepository.class]
[DEBUG] 2017-06-04 15:06:46.171 [main] StandardEnvironment - Adding [systemProperties] PropertySource with lowest search precedence
[DEBUG] 2017-06-04 15:06:46.172 [main] StandardEnvironment - Adding [systemEnvironment] PropertySource with lowest search precedence
[DEBUG] 2017-06-04 15:06:46.172 [main] StandardEnvironment - Initialized StandardEnvironment with PropertySources [systemProperties,systemEnvironment]
[DEBUG] 2017-06-04 15:06:46.173 [main] PathMatchingResourcePatternResolver - Resolved classpath location [com/stackroute/ng2boot/] to resources [URL [file:/home/user/Downloads/part1_movieapp-starter/spring-rest/target/test-classes/com/stackroute/ng2boot/], URL [file:/home/user/Downloads/part1_movieapp-starter/spring-rest/target/classes/com/stackroute/ng2boot/]]
[DEBUG] 2017-06-04 15:06:46.173 [main] PathMatchingResourcePatternResolver - Looking for matching resources in directory tree [/home/user/Downloads/part1_movieapp-starter/spring-rest/target/test-classes/com/stackroute/ng2boot]
[DEBUG] 2017-06-04 15:06:46.173 [main] PathMatchingResourcePatternResolver - Searching directory [/home/user/Downloads/part1_movieapp-starter/spring-rest/target/test-classes/com/stackroute/ng2boot] for files matching pattern [/home/user/Downloads/part1_movieapp-starter/spring-rest/target/test-classes/com/stackroute/ng2boot/**/*CrudsRepositoryImpl.class]
[DEBUG] 2017-06-04 15:06:46.174 [main] PathMatchingResourcePatternResolver - Searching directory [/home/user/Downloads/part1_movieapp-starter/spring-rest/target/test-classes/com/stackroute/ng2boot/controllers] for files matching pattern [/home/user/Downloads/part1_movieapp-starter/spring-rest/target/test-classes/com/stackroute/ng2boot/**/*CrudsRepositoryImpl.class]
[DEBUG] 2017-06-04 15:06:46.174 [main] PathMatchingResourcePatternResolver - Looking for matching resources in directory tree [/home/user/Downloads/part1_movieapp-starter/spring-rest/target/classes/com/stackroute/ng2boot]
[DEBUG] 2017-06-04 15:06:46.174 [main] PathMatchingResourcePatternResolver - Searching directory [/home/user/Downloads/part1_movieapp-starter/spring-rest/target/classes/com/stackroute/ng2boot] for files matching pattern [/home/user/Downloads/part1_movieapp-starter/spring-rest/target/classes/com/stackroute/ng2boot/**/*CrudsRepositoryImpl.class]
[DEBUG] 2017-06-04 15:06:46.174 [main] PathMatchingResourcePatternResolver - Searching directory [/home/user/Downloads/part1_movieapp-starter/spring-rest/target/classes/com/stackroute/ng2boot/config] for files matching pattern [/home/user/Downloads/part1_movieapp-starter/spring-rest/target/classes/com/stackroute/ng2boot/**/*CrudsRepositoryImpl.class]
[DEBUG] 2017-06-04 15:06:46.174 [main] PathMatchingResourcePatternResolver - Searching directory [/home/user/Downloads/part1_movieapp-starter/spring-rest/target/classes/com/stackroute/ng2boot/controllers] for files matching pattern [/home/user/Downloads/part1_movieapp-starter/spring-rest/target/classes/com/stackroute/ng2boot/**/*CrudsRepositoryImpl.class]
[DEBUG] 2017-06-04 15:06:46.174 [main] PathMatchingResourcePatternResolver - Searching directory [/home/user/Downloads/part1_movieapp-starter/spring-rest/target/classes/com/stackroute/ng2boot/domain] for files matching pattern [/home/user/Downloads/part1_movieapp-starter/spring-rest/target/classes/com/stackroute/ng2boot/**/*CrudsRepositoryImpl.class]
[DEBUG] 2017-06-04 15:06:46.174 [main] PathMatchingResourcePatternResolver - Searching directory [/home/user/Downloads/part1_movieapp-starter/spring-rest/target/classes/com/stackroute/ng2boot/links] for files matching pattern [/home/user/Downloads/part1_movieapp-starter/spring-rest/target/classes/com/stackroute/ng2boot/**/*CrudsRepositoryImpl.class]
[DEBUG] 2017-06-04 15:06:46.174 [main] PathMatchingResourcePatternResolver - Searching directory [/home/user/Downloads/part1_movieapp-starter/spring-rest/target/classes/com/stackroute/ng2boot/repository] for files matching pattern [/home/user/Downloads/part1_movieapp-starter/spring-rest/target/classes/com/stackroute/ng2boot/**/*CrudsRepositoryImpl.class]
[DEBUG] 2017-06-04 15:06:46.175 [main] PathMatchingResourcePatternResolver - Searching directory [/home/user/Downloads/part1_movieapp-starter/spring-rest/target/classes/com/stackroute/ng2boot/service] for files matching pattern [/home/user/Downloads/part1_movieapp-starter/spring-rest/target/classes/com/stackroute/ng2boot/**/*CrudsRepositoryImpl.class]
[DEBUG] 2017-06-04 15:06:46.175 [main] PathMatchingResourcePatternResolver - Resolved location pattern [classpath*:com/stackroute/ng2boot/**/*CrudsRepositoryImpl.class] to resources []
[DEBUG] 2017-06-04 15:06:46.175 [main] RepositoryConfigurationDelegate - Spring Data MongoDB - Registering repository: crudsRepository - Interface: com.stackroute.ng2boot.repository.CrudsRepository - Factory: org.springframework.data.mongodb.repository.support.MongoRepositoryFactoryBean
[DEBUG] 2017-06-04 15:06:46.175 [main] StandardEnvironment - Adding [systemProperties] PropertySource with lowest search precedence
[DEBUG] 2017-06-04 15:06:46.175 [main] StandardEnvironment - Adding [systemEnvironment] PropertySource with lowest search precedence
[DEBUG] 2017-06-04 15:06:46.175 [main] StandardEnvironment - Initialized StandardEnvironment with PropertySources [systemProperties,systemEnvironment]
[DEBUG] 2017-06-04 15:06:46.176 [main] PathMatchingResourcePatternResolver - Resolved classpath location [com/stackroute/ng2boot/] to resources [URL [file:/home/user/Downloads/part1_movieapp-starter/spring-rest/target/test-classes/com/stackroute/ng2boot/], URL [file:/home/user/Downloads/part1_movieapp-starter/spring-rest/target/classes/com/stackroute/ng2boot/]]
[DEBUG] 2017-06-04 15:06:46.176 [main] PathMatchingResourcePatternResolver - Looking for matching resources in directory tree [/home/user/Downloads/part1_movieapp-starter/spring-rest/target/test-classes/com/stackroute/ng2boot]
[DEBUG] 2017-06-04 15:06:46.176 [main] PathMatchingResourcePatternResolver - Searching directory [/home/user/Downloads/part1_movieapp-starter/spring-rest/target/test-classes/com/stackroute/ng2boot] for files matching pattern [/home/user/Downloads/part1_movieapp-starter/spring-rest/target/test-classes/com/stackroute/ng2boot/**/*MovieRepositoryImpl.class]
[DEBUG] 2017-06-04 15:06:46.176 [main] PathMatchingResourcePatternResolver - Searching directory [/home/user/Downloads/part1_movieapp-starter/spring-rest/target/test-classes/com/stackroute/ng2boot/controllers] for files matching pattern [/home/user/Downloads/part1_movieapp-starter/spring-rest/target/test-classes/com/stackroute/ng2boot/**/*MovieRepositoryImpl.class]
[DEBUG] 2017-06-04 15:06:46.176 [main] PathMatchingResourcePatternResolver - Looking for matching resources in directory tree [/home/user/Downloads/part1_movieapp-starter/spring-rest/target/classes/com/stackroute/ng2boot]
[DEBUG] 2017-06-04 15:06:46.176 [main] PathMatchingResourcePatternResolver - Searching directory [/home/user/Downloads/part1_movieapp-starter/spring-rest/target/classes/com/stackroute/ng2boot] for files matching pattern [/home/user/Downloads/part1_movieapp-starter/spring-rest/target/classes/com/stackroute/ng2boot/**/*MovieRepositoryImpl.class]
[DEBUG] 2017-06-04 15:06:46.176 [main] PathMatchingResourcePatternResolver - Searching directory [/home/user/Downloads/part1_movieapp-starter/spring-rest/target/classes/com/stackroute/ng2boot/config] for files matching pattern [/home/user/Downloads/part1_movieapp-starter/spring-rest/target/classes/com/stackroute/ng2boot/**/*MovieRepositoryImpl.class]
[DEBUG] 2017-06-04 15:06:46.176 [main] PathMatchingResourcePatternResolver - Searching directory [/home/user/Downloads/part1_movieapp-starter/spring-rest/target/classes/com/stackroute/ng2boot/controllers] for files matching pattern [/home/user/Downloads/part1_movieapp-starter/spring-rest/target/classes/com/stackroute/ng2boot/**/*MovieRepositoryImpl.class]
[DEBUG] 2017-06-04 15:06:46.176 [main] PathMatchingResourcePatternResolver - Searching directory [/home/user/Downloads/part1_movieapp-starter/spring-rest/target/classes/com/stackroute/ng2boot/domain] for files matching pattern [/home/user/Downloads/part1_movieapp-starter/spring-rest/target/classes/com/stackroute/ng2boot/**/*MovieRepositoryImpl.class]
[DEBUG] 2017-06-04 15:06:46.177 [main] PathMatchingResourcePatternResolver - Searching directory [/home/user/Downloads/part1_movieapp-starter/spring-rest/target/classes/com/stackroute/ng2boot/links] for files matching pattern [/home/user/Downloads/part1_movieapp-starter/spring-rest/target/classes/com/stackroute/ng2boot/**/*MovieRepositoryImpl.class]
[DEBUG] 2017-06-04 15:06:46.177 [main] PathMatchingResourcePatternResolver - Searching directory [/home/user/Downloads/part1_movieapp-starter/spring-rest/target/classes/com/stackroute/ng2boot/repository] for files matching pattern [/home/user/Downloads/part1_movieapp-starter/spring-rest/target/classes/com/stackroute/ng2boot/**/*MovieRepositoryImpl.class]
[DEBUG] 2017-06-04 15:06:46.177 [main] PathMatchingResourcePatternResolver - Searching directory [/home/user/Downloads/part1_movieapp-starter/spring-rest/target/classes/com/stackroute/ng2boot/service] for files matching pattern [/home/user/Downloads/part1_movieapp-starter/spring-rest/target/classes/com/stackroute/ng2boot/**/*MovieRepositoryImpl.class]
[DEBUG] 2017-06-04 15:06:46.177 [main] PathMatchingResourcePatternResolver - Resolved location pattern [classpath*:com/stackroute/ng2boot/**/*MovieRepositoryImpl.class] to resources []
[DEBUG] 2017-06-04 15:06:46.177 [main] RepositoryConfigurationDelegate - Spring Data MongoDB - Registering repository: movieRepository - Interface: com.stackroute.ng2boot.repository.MovieRepository - Factory: org.springframework.data.mongodb.repository.support.MongoRepositoryFactoryBean
[DEBUG] 2017-06-04 15:06:46.177 [main] DefaultListableBeanFactory - Returning cached instance of singleton bean 'autoConfigurationReport'
[DEBUG] 2017-06-04 15:06:46.178 [main] DefaultListableBeanFactory - Returning cached instance of singleton bean 'autoConfigurationReport'
[DEBUG] 2017-06-04 15:06:46.178 [main] DefaultListableBeanFactory - Creating shared instance of singleton bean 'org.springframework.boot.autoconfigure.condition.BeanTypeRegistry'
[DEBUG] 2017-06-04 15:06:46.178 [main] DefaultListableBeanFactory - Creating instance of bean 'org.springframework.boot.autoconfigure.condition.BeanTypeRegistry'
[DEBUG] 2017-06-04 15:06:46.179 [main] DefaultListableBeanFactory - Eagerly caching bean 'org.springframework.boot.autoconfigure.condition.BeanTypeRegistry' to allow for resolving potential circular references
[DEBUG] 2017-06-04 15:06:46.179 [main] DefaultListableBeanFactory - Finished creating instance of bean 'org.springframework.boot.autoconfigure.condition.BeanTypeRegistry'
[DEBUG] 2017-06-04 15:06:46.179 [main] DefaultListableBeanFactory - Returning cached instance of singleton bean 'autoConfigurationReport'
[DEBUG] 2017-06-04 15:06:46.180 [main] ConfigurationClassBeanDefinitionReader - Registered bean definition for imported class 'org.springframework.boot.autoconfigure.web.WebMvcAutoConfiguration$EnableWebMvcConfiguration'
[DEBUG] 2017-06-04 15:06:46.180 [main] ConfigurationClassBeanDefinitionReader - Registering bean definition for @Bean method org.springframework.boot.autoconfigure.web.WebMvcAutoConfiguration$EnableWebMvcConfiguration.requestMappingHandlerAdapter()
[DEBUG] 2017-06-04 15:06:46.180 [main] ConfigurationClassBeanDefinitionReader - Registering bean definition for @Bean method org.springframework.boot.autoconfigure.web.WebMvcAutoConfiguration$EnableWebMvcConfiguration.requestMappingHandlerMapping()
[DEBUG] 2017-06-04 15:06:46.180 [main] ConfigurationClassBeanDefinitionReader - Registering bean definition for @Bean method org.springframework.boot.autoconfigure.web.WebMvcAutoConfiguration$EnableWebMvcConfiguration.mvcPathMatcher()
[DEBUG] 2017-06-04 15:06:46.180 [main] ConfigurationClassBeanDefinitionReader - Registering bean definition for @Bean method org.springframework.boot.autoconfigure.web.WebMvcAutoConfiguration$EnableWebMvcConfiguration.mvcUrlPathHelper()
[DEBUG] 2017-06-04 15:06:46.180 [main] ConfigurationClassBeanDefinitionReader - Registering bean definition for @Bean method org.springframework.boot.autoconfigure.web.WebMvcAutoConfiguration$EnableWebMvcConfiguration.mvcContentNegotiationManager()
[DEBUG] 2017-06-04 15:06:46.180 [main] ConfigurationClassBeanDefinitionReader - Registering bean definition for @Bean method org.springframework.boot.autoconfigure.web.WebMvcAutoConfiguration$EnableWebMvcConfiguration.viewControllerHandlerMapping()
[DEBUG] 2017-06-04 15:06:46.180 [main] ConfigurationClassBeanDefinitionReader - Registering bean definition for @Bean method org.springframework.boot.autoconfigure.web.WebMvcAutoConfiguration$EnableWebMvcConfiguration.beanNameHandlerMapping()
[DEBUG] 2017-06-04 15:06:46.180 [main] ConfigurationClassBeanDefinitionReader - Registering bean definition for @Bean method org.springframework.boot.autoconfigure.web.WebMvcAutoConfiguration$EnableWebMvcConfiguration.resourceHandlerMapping()
[DEBUG] 2017-06-04 15:06:46.180 [main] ConfigurationClassBeanDefinitionReader - Registering bean definition for @Bean method org.springframework.boot.autoconfigure.web.WebMvcAutoConfiguration$EnableWebMvcConfiguration.mvcResourceUrlProvider()
[DEBUG] 2017-06-04 15:06:46.180 [main] ConfigurationClassBeanDefinitionReader - Registering bean definition for @Bean method org.springframework.boot.autoconfigure.web.WebMvcAutoConfiguration$EnableWebMvcConfiguration.defaultServletHandlerMapping()
[DEBUG] 2017-06-04 15:06:46.180 [main] ConfigurationClassBeanDefinitionReader - Registering bean definition for @Bean method org.springframework.boot.autoconfigure.web.WebMvcAutoConfiguration$EnableWebMvcConfiguration.mvcConversionService()
[DEBUG] 2017-06-04 15:06:46.180 [main] ConfigurationClassBeanDefinitionReader - Registering bean definition for @Bean method org.springframework.boot.autoconfigure.web.WebMvcAutoConfiguration$EnableWebMvcConfiguration.mvcValidator()
[DEBUG] 2017-06-04 15:06:46.180 [main] ConfigurationClassBeanDefinitionReader - Registering bean definition for @Bean method org.springframework.boot.autoconfigure.web.WebMvcAutoConfiguration$EnableWebMvcConfiguration.mvcUriComponentsContributor()
[DEBUG] 2017-06-04 15:06:46.180 [main] ConfigurationClassBeanDefinitionReader - Registering bean definition for @Bean method org.springframework.boot.autoconfigure.web.WebMvcAutoConfiguration$EnableWebMvcConfiguration.httpRequestHandlerAdapter()
[DEBUG] 2017-06-04 15:06:46.181 [main] ConfigurationClassBeanDefinitionReader - Registering bean definition for @Bean method org.springframework.boot.autoconfigure.web.WebMvcAutoConfiguration$EnableWebMvcConfiguration.simpleControllerHandlerAdapter()
[DEBUG] 2017-06-04 15:06:46.181 [main] ConfigurationClassBeanDefinitionReader - Registering bean definition for @Bean method org.springframework.boot.autoconfigure.web.WebMvcAutoConfiguration$EnableWebMvcConfiguration.handlerExceptionResolver()
[DEBUG] 2017-06-04 15:06:46.181 [main] ConfigurationClassBeanDefinitionReader - Registering bean definition for @Bean method org.springframework.boot.autoconfigure.web.WebMvcAutoConfiguration$EnableWebMvcConfiguration.mvcViewResolver()
[DEBUG] 2017-06-04 15:06:46.181 [main] DefaultListableBeanFactory - Returning cached instance of singleton bean 'autoConfigurationReport'
[DEBUG] 2017-06-04 15:06:46.181 [main] ConfigurationClassBeanDefinitionReader - Registered bean definition for imported class 'org.springframework.boot.autoconfigure.web.WebMvcAutoConfiguration$WebMvcAutoConfigurationAdapter$FaviconConfiguration'
[DEBUG] 2017-06-04 15:06:46.181 [main] ConfigurationClassBeanDefinitionReader - Registering bean definition for @Bean method org.springframework.boot.autoconfigure.web.WebMvcAutoConfiguration$WebMvcAutoConfigurationAdapter$FaviconConfiguration.faviconHandlerMapping()
[DEBUG] 2017-06-04 15:06:46.181 [main] ConfigurationClassBeanDefinitionReader - Registering bean definition for @Bean method org.springframework.boot.autoconfigure.web.WebMvcAutoConfiguration$WebMvcAutoConfigurationAdapter$FaviconConfiguration.faviconRequestHandler()
[DEBUG] 2017-06-04 15:06:46.182 [main] ConfigurationClassBeanDefinitionReader - Registered bean definition for imported class 'org.springframework.boot.autoconfigure.web.WebMvcAutoConfiguration$WebMvcAutoConfigurationAdapter'
[DEBUG] 2017-06-04 15:06:46.182 [main] DefaultListableBeanFactory - Returning cached instance of singleton bean 'org.springframework.boot.autoconfigure.condition.BeanTypeRegistry'
[DEBUG] 2017-06-04 15:06:46.183 [main] DefaultListableBeanFactory - Returning cached instance of singleton bean 'autoConfigurationReport'
[DEBUG] 2017-06-04 15:06:46.183 [main] ConfigurationClassBeanDefinitionReader - Registering bean definition for @Bean method org.springframework.boot.autoconfigure.web.WebMvcAutoConfiguration$WebMvcAutoConfigurationAdapter.defaultViewResolver()
[DEBUG] 2017-06-04 15:06:46.183 [main] DefaultListableBeanFactory - Returning cached instance of singleton bean 'org.springframework.boot.autoconfigure.condition.BeanTypeRegistry'
[DEBUG] 2017-06-04 15:06:46.184 [main] DefaultListableBeanFactory - Returning cached instance of singleton bean 'autoConfigurationReport'
[DEBUG] 2017-06-04 15:06:46.184 [main] DefaultListableBeanFactory - Returning cached instance of singleton bean 'org.springframework.boot.autoconfigure.condition.BeanTypeRegistry'
[DEBUG] 2017-06-04 15:06:46.184 [main] DefaultListableBeanFactory - Returning cached instance of singleton bean 'org.springframework.boot.autoconfigure.condition.BeanTypeRegistry'
[DEBUG] 2017-06-04 15:06:46.184 [main] DefaultListableBeanFactory - Returning cached instance of singleton bean 'autoConfigurationReport'
[DEBUG] 2017-06-04 15:06:46.184 [main] DefaultListableBeanFactory - Returning cached instance of singleton bean 'org.springframework.boot.autoconfigure.condition.BeanTypeRegistry'
[DEBUG] 2017-06-04 15:06:46.184 [main] DefaultListableBeanFactory - Returning cached instance of singleton bean 'org.springframework.boot.autoconfigure.condition.BeanTypeRegistry'
[DEBUG] 2017-06-04 15:06:46.184 [main] DefaultListableBeanFactory - Returning cached instance of singleton bean 'autoConfigurationReport'
[DEBUG] 2017-06-04 15:06:46.184 [main] ConfigurationClassBeanDefinitionReader - Registering bean definition for @Bean method org.springframework.boot.autoconfigure.web.WebMvcAutoConfiguration$WebMvcAutoConfigurationAdapter.viewResolver()
[DEBUG] 2017-06-04 15:06:46.185 [main] DefaultListableBeanFactory - Returning cached instance of singleton bean 'autoConfigurationReport'
[DEBUG] 2017-06-04 15:06:46.185 [main] DefaultListableBeanFactory - Returning cached instance of singleton bean 'autoConfigurationReport'
[DEBUG] 2017-06-04 15:06:46.186 [main] ConfigurationClassBeanDefinitionReader - Registering bean definition for @Bean method org.springframework.boot.autoconfigure.web.WebMvcAutoConfiguration$WebMvcAutoConfigurationAdapter.welcomePageHandlerMapping()
[DEBUG] 2017-06-04 15:06:46.186 [main] DefaultListableBeanFactory - Returning cached instance of singleton bean 'org.springframework.boot.autoconfigure.condition.BeanTypeRegistry'
[DEBUG] 2017-06-04 15:06:46.186 [main] DefaultListableBeanFactory - Returning cached instance of singleton bean 'org.springframework.boot.autoconfigure.condition.BeanTypeRegistry'
[DEBUG] 2017-06-04 15:06:46.186 [main] DefaultListableBeanFactory - Returning cached instance of singleton bean 'autoConfigurationReport'
[DEBUG] 2017-06-04 15:06:46.186 [main] ConfigurationClassBeanDefinitionReader - Registering bean definition for @Bean method org.springframework.boot.autoconfigure.web.WebMvcAutoConfiguration$WebMvcAutoConfigurationAdapter.requestContextFilter()
[DEBUG] 2017-06-04 15:06:46.187 [main] ConfigurationClassBeanDefinitionReader - Registered bean definition for imported class 'org.springframework.boot.autoconfigure.web.WebMvcAutoConfiguration'
[DEBUG] 2017-06-04 15:06:46.187 [main] DefaultListableBeanFactory - Returning cached instance of singleton bean 'org.springframework.boot.autoconfigure.condition.BeanTypeRegistry'
[DEBUG] 2017-06-04 15:06:46.187 [main] DefaultListableBeanFactory - Returning cached instance of singleton bean 'autoConfigurationReport'
[DEBUG] 2017-06-04 15:06:46.187 [main] ConfigurationClassBeanDefinitionReader - Registering bean definition for @Bean method org.springframework.boot.autoconfigure.web.WebMvcAutoConfiguration.hiddenHttpMethodFilter()
[DEBUG] 2017-06-04 15:06:46.187 [main] DefaultListableBeanFactory - Returning cached instance of singleton bean 'autoConfigurationReport'
[DEBUG] 2017-06-04 15:06:46.188 [main] DefaultListableBeanFactory - Returning cached instance of singleton bean 'org.springframework.boot.autoconfigure.condition.BeanTypeRegistry'
[DEBUG] 2017-06-04 15:06:46.188 [main] DefaultListableBeanFactory - Returning cached instance of singleton bean 'autoConfigurationReport'
[DEBUG] 2017-06-04 15:06:46.188 [main] ConfigurationClassBeanDefinitionReader - Registering bean definition for @Bean method org.springframework.boot.autoconfigure.web.WebMvcAutoConfiguration.httpPutFormContentFilter()
[DEBUG] 2017-06-04 15:06:46.188 [main] DefaultListableBeanFactory - Returning cached instance of singleton bean 'autoConfigurationReport'
[DEBUG] 2017-06-04 15:06:46.188 [main] DefaultListableBeanFactory - Returning cached instance of singleton bean 'org.springframework.boot.autoconfigure.condition.BeanTypeRegistry'
[DEBUG] 2017-06-04 15:06:46.189 [main] DefaultListableBeanFactory - Returning cached instance of singleton bean 'autoConfigurationReport'
[DEBUG] 2017-06-04 15:06:46.189 [main] DefaultListableBeanFactory - Returning cached instance of singleton bean 'autoConfigurationReport'
[DEBUG] 2017-06-04 15:06:46.189 [main] ConfigurationClassBeanDefinitionReader - Registered bean definition for imported class 'org.springframework.boot.autoconfigure.gson.GsonAutoConfiguration'
[DEBUG] 2017-06-04 15:06:46.189 [main] DefaultListableBeanFactory - Returning cached instance of singleton bean 'org.springframework.boot.autoconfigure.condition.BeanTypeRegistry'
[DEBUG] 2017-06-04 15:06:46.189 [main] DefaultListableBeanFactory - Returning cached instance of singleton bean 'autoConfigurationReport'
[DEBUG] 2017-06-04 15:06:46.189 [main] ConfigurationClassBeanDefinitionReader - Registering bean definition for @Bean method org.springframework.boot.autoconfigure.gson.GsonAutoConfiguration.gson()
[DEBUG] 2017-06-04 15:06:46.189 [main] DefaultListableBeanFactory - Returning cached instance of singleton bean 'autoConfigurationReport'
[DEBUG] 2017-06-04 15:06:46.189 [main] DefaultListableBeanFactory - Returning cached instance of singleton bean 'autoConfigurationReport'
[DEBUG] 2017-06-04 15:06:46.190 [main] ConfigurationClassBeanDefinitionReader - Registered bean definition for imported class 'org.springframework.boot.autoconfigure.jackson.JacksonAutoConfiguration$Jackson2ObjectMapperBuilderCustomizerConfiguration'
[DEBUG] 2017-06-04 15:06:46.190 [main] ConfigurationClassBeanDefinitionReader - Registering bean definition for @Bean method org.springframework.boot.autoconfigure.jackson.JacksonAutoConfiguration$Jackson2ObjectMapperBuilderCustomizerConfiguration.standardJacksonObjectMapperBuilderCustomizer()
[DEBUG] 2017-06-04 15:06:46.190 [main] DefaultListableBeanFactory - Returning cached instance of singleton bean 'autoConfigurationReport'
[DEBUG] 2017-06-04 15:06:46.190 [main] ConfigurationClassBeanDefinitionReader - Registered bean definition for imported class 'org.springframework.boot.autoconfigure.jackson.JacksonAutoConfiguration$JacksonObjectMapperBuilderConfiguration'
[DEBUG] 2017-06-04 15:06:46.190 [main] DefaultListableBeanFactory - Returning cached instance of singleton bean 'org.springframework.boot.autoconfigure.condition.BeanTypeRegistry'
[DEBUG] 2017-06-04 15:06:46.190 [main] DefaultListableBeanFactory - Returning cached instance of singleton bean 'autoConfigurationReport'
[DEBUG] 2017-06-04 15:06:46.191 [main] ConfigurationClassBeanDefinitionReader - Registering bean definition for @Bean method org.springframework.boot.autoconfigure.jackson.JacksonAutoConfiguration$JacksonObjectMapperBuilderConfiguration.jacksonObjectMapperBuilder()
[DEBUG] 2017-06-04 15:06:46.191 [main] DefaultListableBeanFactory - Returning cached instance of singleton bean 'autoConfigurationReport'
[DEBUG] 2017-06-04 15:06:46.191 [main] ConfigurationClassBeanDefinitionReader - Registered bean definition for imported class 'org.springframework.boot.autoconfigure.jackson.JacksonAutoConfiguration$JacksonObjectMapperConfiguration'
[DEBUG] 2017-06-04 15:06:46.191 [main] DefaultListableBeanFactory - Returning cached instance of singleton bean 'org.springframework.boot.autoconfigure.condition.BeanTypeRegistry'
[DEBUG] 2017-06-04 15:06:46.191 [main] DefaultListableBeanFactory - Returning cached instance of singleton bean 'autoConfigurationReport'
[DEBUG] 2017-06-04 15:06:46.191 [main] ConfigurationClassBeanDefinitionReader - Registering bean definition for @Bean method org.springframework.boot.autoconfigure.jackson.JacksonAutoConfiguration$JacksonObjectMapperConfiguration.jacksonObjectMapper()
[DEBUG] 2017-06-04 15:06:46.192 [main] ConfigurationClassBeanDefinitionReader - Registered bean definition for imported class 'org.springframework.boot.autoconfigure.jackson.JacksonAutoConfiguration'
[DEBUG] 2017-06-04 15:06:46.192 [main] ConfigurationClassBeanDefinitionReader - Registering bean definition for @Bean method org.springframework.boot.autoconfigure.jackson.JacksonAutoConfiguration.jsonComponentModule()
[DEBUG] 2017-06-04 15:06:46.192 [main] DefaultListableBeanFactory - Returning cached instance of singleton bean 'autoConfigurationReport'
[DEBUG] 2017-06-04 15:06:46.192 [main] DefaultListableBeanFactory - Returning cached instance of singleton bean 'autoConfigurationReport'
[DEBUG] 2017-06-04 15:06:46.192 [main] ConfigurationClassBeanDefinitionReader - Registered bean definition for imported class 'org.springframework.boot.autoconfigure.web.HttpMessageConvertersAutoConfiguration$StringHttpMessageConverterConfiguration'
[DEBUG] 2017-06-04 15:06:46.192 [main] DefaultListableBeanFactory - Returning cached instance of singleton bean 'org.springframework.boot.autoconfigure.condition.BeanTypeRegistry'
[DEBUG] 2017-06-04 15:06:46.192 [main] DefaultListableBeanFactory - Returning cached instance of singleton bean 'autoConfigurationReport'
[DEBUG] 2017-06-04 15:06:46.193 [main] ConfigurationClassBeanDefinitionReader - Registering bean definition for @Bean method org.springframework.boot.autoconfigure.web.HttpMessageConvertersAutoConfiguration$StringHttpMessageConverterConfiguration.stringHttpMessageConverter()
[DEBUG] 2017-06-04 15:06:46.193 [main] DefaultListableBeanFactory - Returning cached instance of singleton bean 'autoConfigurationReport'
[DEBUG] 2017-06-04 15:06:46.193 [main] DefaultListableBeanFactory - Returning cached instance of singleton bean 'autoConfigurationReport'
[DEBUG] 2017-06-04 15:06:46.193 [main] DefaultListableBeanFactory - Returning cached instance of singleton bean 'org.springframework.boot.autoconfigure.condition.BeanTypeRegistry'
[DEBUG] 2017-06-04 15:06:46.193 [main] DefaultListableBeanFactory - Returning cached instance of singleton bean 'autoConfigurationReport'
[DEBUG] 2017-06-04 15:06:46.194 [main] ConfigurationClassBeanDefinitionReader - Registered bean definition for imported class 'org.springframework.boot.autoconfigure.web.JacksonHttpMessageConvertersConfiguration$MappingJackson2HttpMessageConverterConfiguration'
[DEBUG] 2017-06-04 15:06:46.194 [main] DefaultListableBeanFactory - Returning cached instance of singleton bean 'org.springframework.boot.autoconfigure.condition.BeanTypeRegistry'
[DEBUG] 2017-06-04 15:06:46.194 [main] DefaultListableBeanFactory - Returning cached instance of singleton bean 'org.springframework.boot.autoconfigure.condition.BeanTypeRegistry'
[DEBUG] 2017-06-04 15:06:46.194 [main] DefaultListableBeanFactory - Returning cached instance of singleton bean 'autoConfigurationReport'
[DEBUG] 2017-06-04 15:06:46.194 [main] ConfigurationClassBeanDefinitionReader - Registering bean definition for @Bean method org.springframework.boot.autoconfigure.web.JacksonHttpMessageConvertersConfiguration$MappingJackson2HttpMessageConverterConfiguration.mappingJackson2HttpMessageConverter()
[DEBUG] 2017-06-04 15:06:46.194 [main] ConfigurationClassBeanDefinitionReader - Registered bean definition for imported class 'org.springframework.boot.autoconfigure.web.JacksonHttpMessageConvertersConfiguration'
[DEBUG] 2017-06-04 15:06:46.195 [main] DefaultListableBeanFactory - Returning cached instance of singleton bean 'autoConfigurationReport'
[DEBUG] 2017-06-04 15:06:46.197 [main] DefaultListableBeanFactory - Returning cached instance of singleton bean 'org.springframework.boot.autoconfigure.condition.BeanTypeRegistry'
[DEBUG] 2017-06-04 15:06:46.198 [main] DefaultListableBeanFactory - Returning cached instance of singleton bean 'autoConfigurationReport'
[DEBUG] 2017-06-04 15:06:46.198 [main] ConfigurationClassBeanDefinitionReader - Registered bean definition for imported class 'org.springframework.boot.autoconfigure.web.GsonHttpMessageConvertersConfiguration'
[DEBUG] 2017-06-04 15:06:46.198 [main] ConfigurationClassBeanDefinitionReader - Registered bean definition for imported class 'org.springframework.boot.autoconfigure.web.HttpMessageConvertersAutoConfiguration'
[DEBUG] 2017-06-04 15:06:46.198 [main] DefaultListableBeanFactory - Returning cached instance of singleton bean 'org.springframework.boot.autoconfigure.condition.BeanTypeRegistry'
[DEBUG] 2017-06-04 15:06:46.198 [main] DefaultListableBeanFactory - Returning cached instance of singleton bean 'autoConfigurationReport'
[DEBUG] 2017-06-04 15:06:46.198 [main] ConfigurationClassBeanDefinitionReader - Registering bean definition for @Bean method org.springframework.boot.autoconfigure.web.HttpMessageConvertersAutoConfiguration.messageConverters()
[DEBUG] 2017-06-04 15:06:46.199 [main] DefaultListableBeanFactory - Returning cached instance of singleton bean 'autoConfigurationReport'
[DEBUG] 2017-06-04 15:06:46.199 [main] DefaultListableBeanFactory - Returning cached instance of singleton bean 'autoConfigurationReport'
[DEBUG] 2017-06-04 15:06:46.199 [main] DefaultListableBeanFactory - Returning cached instance of singleton bean 'org.springframework.boot.autoconfigure.condition.BeanTypeRegistry'
[DEBUG] 2017-06-04 15:06:46.199 [main] DefaultListableBeanFactory - Returning cached instance of singleton bean 'autoConfigurationReport'
[DEBUG] 2017-06-04 15:06:46.199 [main] ConfigurationClassBeanDefinitionReader - Registered bean definition for imported class 'org.springframework.boot.autoconfigure.hateoas.HypermediaAutoConfiguration$EntityLinksConfiguration'
[DEBUG] 2017-06-04 15:06:46.199 [main] DefaultListableBeanFactory - Returning cached instance of singleton bean 'org.springframework.boot.autoconfigure.condition.BeanTypeRegistry'
[DEBUG] 2017-06-04 15:06:46.200 [main] DefaultListableBeanFactory - Returning cached instance of singleton bean 'autoConfigurationReport'
[DEBUG] 2017-06-04 15:06:46.200 [main] ConfigurationClassBeanDefinitionReader - Registered bean definition for imported class 'org.springframework.hateoas.config.HateoasConfiguration'
[DEBUG] 2017-06-04 15:06:46.200 [main] ConfigurationClassBeanDefinitionReader - Registering bean definition for @Bean method org.springframework.hateoas.config.HateoasConfiguration.linkRelationMessageSource()
[DEBUG] 2017-06-04 15:06:46.200 [main] ConfigurationClassBeanDefinitionReader - Registered bean definition for imported class 'org.springframework.boot.autoconfigure.hateoas.HypermediaAutoConfiguration$HypermediaConfiguration'
[DEBUG] 2017-06-04 15:06:46.200 [main] ConfigurationClassBeanDefinitionReader - Registering bean definition for @Bean method org.springframework.boot.autoconfigure.hateoas.HypermediaAutoConfiguration$HypermediaConfiguration.halObjectMapperConfigurer()
[DEBUG] 2017-06-04 15:06:46.200 [main] DefaultListableBeanFactory - Overriding bean definition for bean 'entityLinksPluginRegistry' with an equivalent definition: replacing [Root bean: class [org.springframework.plugin.core.support.PluginRegistryFactoryBean]; scope=; abstract=false; lazyInit=false; autowireMode=0; dependencyCheck=0; autowireCandidate=true; primary=false; factoryBeanName=null; factoryMethodName=null; initMethodName=null; destroyMethodName=null] with [Root bean: class [org.springframework.plugin.core.support.PluginRegistryFactoryBean]; scope=; abstract=false; lazyInit=false; autowireMode=0; dependencyCheck=0; autowireCandidate=true; primary=false; factoryBeanName=null; factoryMethodName=null; initMethodName=null; destroyMethodName=null]
[DEBUG] 2017-06-04 15:06:46.200 [main] DefaultListableBeanFactory - Overriding bean definition for bean 'controllerEntityLinks' with an equivalent definition: replacing [Root bean: class [org.springframework.hateoas.core.ControllerEntityLinksFactoryBean]; scope=; abstract=false; lazyInit=false; autowireMode=0; dependencyCheck=0; autowireCandidate=true; primary=false; factoryBeanName=null; factoryMethodName=null; initMethodName=null; destroyMethodName=null] with [Root bean: class [org.springframework.hateoas.core.ControllerEntityLinksFactoryBean]; scope=; abstract=false; lazyInit=false; autowireMode=0; dependencyCheck=0; autowireCandidate=true; primary=false; factoryBeanName=null; factoryMethodName=null; initMethodName=null; destroyMethodName=null]
[DEBUG] 2017-06-04 15:06:46.201 [main] DefaultListableBeanFactory - Overriding bean definition for bean 'delegatingEntityLinks' with an equivalent definition: replacing [Root bean: class [org.springframework.hateoas.core.DelegatingEntityLinks]; scope=; abstract=false; lazyInit=false; autowireMode=0; dependencyCheck=0; autowireCandidate=true; primary=true; factoryBeanName=null; factoryMethodName=null; initMethodName=null; destroyMethodName=null] with [Root bean: class [org.springframework.hateoas.core.DelegatingEntityLinks]; scope=; abstract=false; lazyInit=false; autowireMode=0; dependencyCheck=0; autowireCandidate=true; primary=true; factoryBeanName=null; factoryMethodName=null; initMethodName=null; destroyMethodName=null]
[DEBUG] 2017-06-04 15:06:46.201 [main] ConfigurationClassBeanDefinitionReader - Registered bean definition for imported class 'org.springframework.boot.autoconfigure.hateoas.HypermediaHttpMessageConverterConfiguration'
[DEBUG] 2017-06-04 15:06:46.201 [main] DefaultListableBeanFactory - Returning cached instance of singleton bean 'autoConfigurationReport'
[DEBUG] 2017-06-04 15:06:46.202 [main] ConfigurationClassBeanDefinitionReader - Registering bean definition for @Bean method org.springframework.boot.autoconfigure.hateoas.HypermediaHttpMessageConverterConfiguration.halMessageConverterSupportedMediaTypeCustomizer()
[DEBUG] 2017-06-04 15:06:46.202 [main] ConfigurationClassBeanDefinitionReader - Registered bean definition for imported class 'org.springframework.boot.autoconfigure.hateoas.HypermediaAutoConfiguration'
[DEBUG] 2017-06-04 15:06:46.202 [main] DefaultListableBeanFactory - Returning cached instance of singleton bean 'autoConfigurationReport'
[DEBUG] 2017-06-04 15:06:46.202 [main] ConfigurationClassBeanDefinitionReader - Registered bean definition for imported class 'org.springframework.boot.test.autoconfigure.web.servlet.MockMvcAutoConfiguration'
[DEBUG] 2017-06-04 15:06:46.202 [main] DefaultListableBeanFactory - Returning cached instance of singleton bean 'org.springframework.boot.autoconfigure.condition.BeanTypeRegistry'
[DEBUG] 2017-06-04 15:06:46.203 [main] DefaultListableBeanFactory - Returning cached instance of singleton bean 'autoConfigurationReport'
[DEBUG] 2017-06-04 15:06:46.203 [main] ConfigurationClassBeanDefinitionReader - Registering bean definition for @Bean method org.springframework.boot.test.autoconfigure.web.servlet.MockMvcAutoConfiguration.mockMvcBuilder()
[DEBUG] 2017-06-04 15:06:46.203 [main] ConfigurationClassBeanDefinitionReader - Registering bean definition for @Bean method org.springframework.boot.test.autoconfigure.web.servlet.MockMvcAutoConfiguration.springBootMockMvcBuilderCustomizer()
[DEBUG] 2017-06-04 15:06:46.203 [main] DefaultListableBeanFactory - Returning cached instance of singleton bean 'org.springframework.boot.autoconfigure.condition.BeanTypeRegistry'
[DEBUG] 2017-06-04 15:06:46.204 [main] DefaultListableBeanFactory - Returning cached instance of singleton bean 'autoConfigurationReport'
[DEBUG] 2017-06-04 15:06:46.204 [main] ConfigurationClassBeanDefinitionReader - Registering bean definition for @Bean method org.springframework.boot.test.autoconfigure.web.servlet.MockMvcAutoConfiguration.mockMvc()
[DEBUG] 2017-06-04 15:06:46.204 [main] PropertySourcesPropertyResolver - Found key 'spring.test.mockmvc.secure' in [Annotations] with type [Boolean]
[DEBUG] 2017-06-04 15:06:46.204 [main] DefaultListableBeanFactory - Returning cached instance of singleton bean 'autoConfigurationReport'
[DEBUG] 2017-06-04 15:06:46.204 [main] DefaultListableBeanFactory - Returning cached instance of singleton bean 'autoConfigurationReport'
[DEBUG] 2017-06-04 15:06:46.204 [main] ConfigurationClassBeanDefinitionReader - Registered bean definition for imported class 'org.springframework.boot.autoconfigure.web.ServerPropertiesAutoConfiguration'
[DEBUG] 2017-06-04 15:06:46.205 [main] DefaultListableBeanFactory - Returning cached instance of singleton bean 'org.springframework.boot.autoconfigure.condition.BeanTypeRegistry'
[DEBUG] 2017-06-04 15:06:46.205 [main] DefaultListableBeanFactory - Returning cached instance of singleton bean 'autoConfigurationReport'
[DEBUG] 2017-06-04 15:06:46.205 [main] ConfigurationClassBeanDefinitionReader - Registering bean definition for @Bean method org.springframework.boot.autoconfigure.web.ServerPropertiesAutoConfiguration.serverProperties()
[DEBUG] 2017-06-04 15:06:46.205 [main] ConfigurationClassBeanDefinitionReader - Registering bean definition for @Bean method org.springframework.boot.autoconfigure.web.ServerPropertiesAutoConfiguration.duplicateServerPropertiesDetector()
[DEBUG] 2017-06-04 15:06:46.205 [main] ConfigurationClassBeanDefinitionReader - Registered bean definition for imported class 'org.springframework.boot.test.autoconfigure.web.servlet.MockMvcSecurityAutoConfiguration'
[DEBUG] 2017-06-04 15:06:46.208 [main] DefaultListableBeanFactory - Creating shared instance of singleton bean 'org.springframework.boot.test.context.ImportsContextCustomizer$ImportsCleanupPostProcessor'
[DEBUG] 2017-06-04 15:06:46.208 [main] DefaultListableBeanFactory - Creating instance of bean 'org.springframework.boot.test.context.ImportsContextCustomizer$ImportsCleanupPostProcessor'
[DEBUG] 2017-06-04 15:06:46.209 [main] DefaultListableBeanFactory - Eagerly caching bean 'org.springframework.boot.test.context.ImportsContextCustomizer$ImportsCleanupPostProcessor' to allow for resolving potential circular references
[DEBUG] 2017-06-04 15:06:46.209 [main] DefaultListableBeanFactory - Finished creating instance of bean 'org.springframework.boot.test.context.ImportsContextCustomizer$ImportsCleanupPostProcessor'
[DEBUG] 2017-06-04 15:06:46.209 [main] ConfigurationClassEnhancer - Successfully enhanced com.stackroute.ng2boot.Ng2bootApplication; enhanced class name is: com.stackroute.ng2boot.Ng2bootApplication$$EnhancerBySpringCGLIB$$2d67f579
[DEBUG] 2017-06-04 15:06:46.209 [main] ConfigurationClassPostProcessor - Replacing bean definition 'ng2bootApplication' existing class 'com.stackroute.ng2boot.Ng2bootApplication' with enhanced class 'com.stackroute.ng2boot.Ng2bootApplication$$EnhancerBySpringCGLIB$$2d67f579'
[DEBUG] 2017-06-04 15:06:46.210 [main] ConfigurationClassEnhancer - Successfully enhanced org.springframework.boot.autoconfigure.web.WebMvcAutoConfiguration$EnableWebMvcConfiguration; enhanced class name is: org.springframework.boot.autoconfigure.web.WebMvcAutoConfiguration$EnableWebMvcConfiguration$$EnhancerBySpringCGLIB$$3221c155
[DEBUG] 2017-06-04 15:06:46.210 [main] ConfigurationClassPostProcessor - Replacing bean definition 'org.springframework.boot.autoconfigure.web.WebMvcAutoConfiguration$EnableWebMvcConfiguration' existing class 'org.springframework.boot.autoconfigure.web.WebMvcAutoConfiguration$EnableWebMvcConfiguration' with enhanced class 'org.springframework.boot.autoconfigure.web.WebMvcAutoConfiguration$EnableWebMvcConfiguration$$EnhancerBySpringCGLIB$$3221c155'
[DEBUG] 2017-06-04 15:06:46.210 [main] ConfigurationClassEnhancer - Successfully enhanced org.springframework.boot.autoconfigure.web.WebMvcAutoConfiguration$WebMvcAutoConfigurationAdapter$FaviconConfiguration; enhanced class name is: org.springframework.boot.autoconfigure.web.WebMvcAutoConfiguration$WebMvcAutoConfigurationAdapter$FaviconConfiguration$$EnhancerBySpringCGLIB$$13114b40
[DEBUG] 2017-06-04 15:06:46.210 [main] ConfigurationClassPostProcessor - Replacing bean definition 'org.springframework.boot.autoconfigure.web.WebMvcAutoConfiguration$WebMvcAutoConfigurationAdapter$FaviconConfiguration' existing class 'org.springframework.boot.autoconfigure.web.WebMvcAutoConfiguration$WebMvcAutoConfigurationAdapter$FaviconConfiguration' with enhanced class 'org.springframework.boot.autoconfigure.web.WebMvcAutoConfiguration$WebMvcAutoConfigurationAdapter$FaviconConfiguration$$EnhancerBySpringCGLIB$$13114b40'
[DEBUG] 2017-06-04 15:06:46.210 [main] ConfigurationClassEnhancer - Successfully enhanced org.springframework.boot.autoconfigure.web.WebMvcAutoConfiguration$WebMvcAutoConfigurationAdapter; enhanced class name is: org.springframework.boot.autoconfigure.web.WebMvcAutoConfiguration$WebMvcAutoConfigurationAdapter$$EnhancerBySpringCGLIB$$c5f776c8
[DEBUG] 2017-06-04 15:06:46.210 [main] ConfigurationClassPostProcessor - Replacing bean definition 'org.springframework.boot.autoconfigure.web.WebMvcAutoConfiguration$WebMvcAutoConfigurationAdapter' existing class 'org.springframework.boot.autoconfigure.web.WebMvcAutoConfiguration$WebMvcAutoConfigurationAdapter' with enhanced class 'org.springframework.boot.autoconfigure.web.WebMvcAutoConfiguration$WebMvcAutoConfigurationAdapter$$EnhancerBySpringCGLIB$$c5f776c8'
[DEBUG] 2017-06-04 15:06:46.210 [main] ConfigurationClassEnhancer - Successfully enhanced org.springframework.boot.autoconfigure.web.WebMvcAutoConfiguration$WebMvcAutoConfigurationAdapter; enhanced class name is: org.springframework.boot.autoconfigure.web.WebMvcAutoConfiguration$WebMvcAutoConfigurationAdapter$$EnhancerBySpringCGLIB$$c5f776c8
[DEBUG] 2017-06-04 15:06:46.210 [main] ConfigurationClassPostProcessor - Replacing bean definition 'requestContextFilter' existing class 'org.springframework.boot.autoconfigure.web.WebMvcAutoConfiguration$WebMvcAutoConfigurationAdapter' with enhanced class 'org.springframework.boot.autoconfigure.web.WebMvcAutoConfiguration$WebMvcAutoConfigurationAdapter$$EnhancerBySpringCGLIB$$c5f776c8'
[DEBUG] 2017-06-04 15:06:46.210 [main] ConfigurationClassEnhancer - Successfully enhanced org.springframework.boot.autoconfigure.web.WebMvcAutoConfiguration; enhanced class name is: org.springframework.boot.autoconfigure.web.WebMvcAutoConfiguration$$EnhancerBySpringCGLIB$$4a31088c
[DEBUG] 2017-06-04 15:06:46.210 [main] ConfigurationClassPostProcessor - Replacing bean definition 'org.springframework.boot.autoconfigure.web.WebMvcAutoConfiguration' existing class 'org.springframework.boot.autoconfigure.web.WebMvcAutoConfiguration' with enhanced class 'org.springframework.boot.autoconfigure.web.WebMvcAutoConfiguration$$EnhancerBySpringCGLIB$$4a31088c'
[DEBUG] 2017-06-04 15:06:46.210 [main] ConfigurationClassEnhancer - Successfully enhanced org.springframework.boot.autoconfigure.gson.GsonAutoConfiguration; enhanced class name is: org.springframework.boot.autoconfigure.gson.GsonAutoConfiguration$$EnhancerBySpringCGLIB$$19af32d6
[DEBUG] 2017-06-04 15:06:46.210 [main] ConfigurationClassPostProcessor - Replacing bean definition 'org.springframework.boot.autoconfigure.gson.GsonAutoConfiguration' existing class 'org.springframework.boot.autoconfigure.gson.GsonAutoConfiguration' with enhanced class 'org.springframework.boot.autoconfigure.gson.GsonAutoConfiguration$$EnhancerBySpringCGLIB$$19af32d6'
[DEBUG] 2017-06-04 15:06:46.210 [main] ConfigurationClassEnhancer - Successfully enhanced org.springframework.boot.autoconfigure.jackson.JacksonAutoConfiguration$Jackson2ObjectMapperBuilderCustomizerConfiguration; enhanced class name is: org.springframework.boot.autoconfigure.jackson.JacksonAutoConfiguration$Jackson2ObjectMapperBuilderCustomizerConfiguration$$EnhancerBySpringCGLIB$$a3eb46e5
[DEBUG] 2017-06-04 15:06:46.210 [main] ConfigurationClassPostProcessor - Replacing bean definition 'org.springframework.boot.autoconfigure.jackson.JacksonAutoConfiguration$Jackson2ObjectMapperBuilderCustomizerConfiguration' existing class 'org.springframework.boot.autoconfigure.jackson.JacksonAutoConfiguration$Jackson2ObjectMapperBuilderCustomizerConfiguration' with enhanced class 'org.springframework.boot.autoconfigure.jackson.JacksonAutoConfiguration$Jackson2ObjectMapperBuilderCustomizerConfiguration$$EnhancerBySpringCGLIB$$a3eb46e5'
[DEBUG] 2017-06-04 15:06:46.210 [main] ConfigurationClassEnhancer - Successfully enhanced org.springframework.boot.autoconfigure.jackson.JacksonAutoConfiguration$JacksonObjectMapperBuilderConfiguration; enhanced class name is: org.springframework.boot.autoconfigure.jackson.JacksonAutoConfiguration$JacksonObjectMapperBuilderConfiguration$$EnhancerBySpringCGLIB$$e8d460f6
[DEBUG] 2017-06-04 15:06:46.210 [main] ConfigurationClassPostProcessor - Replacing bean definition 'org.springframework.boot.autoconfigure.jackson.JacksonAutoConfiguration$JacksonObjectMapperBuilderConfiguration' existing class 'org.springframework.boot.autoconfigure.jackson.JacksonAutoConfiguration$JacksonObjectMapperBuilderConfiguration' with enhanced class 'org.springframework.boot.autoconfigure.jackson.JacksonAutoConfiguration$JacksonObjectMapperBuilderConfiguration$$EnhancerBySpringCGLIB$$e8d460f6'
[DEBUG] 2017-06-04 15:06:46.210 [main] ConfigurationClassEnhancer - Successfully enhanced org.springframework.boot.autoconfigure.jackson.JacksonAutoConfiguration$JacksonObjectMapperConfiguration; enhanced class name is: org.springframework.boot.autoconfigure.jackson.JacksonAutoConfiguration$JacksonObjectMapperConfiguration$$EnhancerBySpringCGLIB$$36879edd
[DEBUG] 2017-06-04 15:06:46.210 [main] ConfigurationClassPostProcessor - Replacing bean definition 'org.springframework.boot.autoconfigure.jackson.JacksonAutoConfiguration$JacksonObjectMapperConfiguration' existing class 'org.springframework.boot.autoconfigure.jackson.JacksonAutoConfiguration$JacksonObjectMapperConfiguration' with enhanced class 'org.springframework.boot.autoconfigure.jackson.JacksonAutoConfiguration$JacksonObjectMapperConfiguration$$EnhancerBySpringCGLIB$$36879edd'
[DEBUG] 2017-06-04 15:06:46.211 [main] ConfigurationClassEnhancer - Successfully enhanced org.springframework.boot.autoconfigure.jackson.JacksonAutoConfiguration; enhanced class name is: org.springframework.boot.autoconfigure.jackson.JacksonAutoConfiguration$$EnhancerBySpringCGLIB$$18933c6c
[DEBUG] 2017-06-04 15:06:46.211 [main] ConfigurationClassPostProcessor - Replacing bean definition 'org.springframework.boot.autoconfigure.jackson.JacksonAutoConfiguration' existing class 'org.springframework.boot.autoconfigure.jackson.JacksonAutoConfiguration' with enhanced class 'org.springframework.boot.autoconfigure.jackson.JacksonAutoConfiguration$$EnhancerBySpringCGLIB$$18933c6c'
[DEBUG] 2017-06-04 15:06:46.211 [main] ConfigurationClassEnhancer - Successfully enhanced org.springframework.boot.autoconfigure.web.HttpMessageConvertersAutoConfiguration$StringHttpMessageConverterConfiguration; enhanced class name is: org.springframework.boot.autoconfigure.web.HttpMessageConvertersAutoConfiguration$StringHttpMessageConverterConfiguration$$EnhancerBySpringCGLIB$$2822484c
[DEBUG] 2017-06-04 15:06:46.211 [main] ConfigurationClassPostProcessor - Replacing bean definition 'org.springframework.boot.autoconfigure.web.HttpMessageConvertersAutoConfiguration$StringHttpMessageConverterConfiguration' existing class 'org.springframework.boot.autoconfigure.web.HttpMessageConvertersAutoConfiguration$StringHttpMessageConverterConfiguration' with enhanced class 'org.springframework.boot.autoconfigure.web.HttpMessageConvertersAutoConfiguration$StringHttpMessageConverterConfiguration$$EnhancerBySpringCGLIB$$2822484c'
[DEBUG] 2017-06-04 15:06:46.211 [main] ConfigurationClassEnhancer - Successfully enhanced org.springframework.boot.autoconfigure.web.JacksonHttpMessageConvertersConfiguration$MappingJackson2HttpMessageConverterConfiguration; enhanced class name is: org.springframework.boot.autoconfigure.web.JacksonHttpMessageConvertersConfiguration$MappingJackson2HttpMessageConverterConfiguration$$EnhancerBySpringCGLIB$$b630724c
[DEBUG] 2017-06-04 15:06:46.211 [main] ConfigurationClassPostProcessor - Replacing bean definition 'org.springframework.boot.autoconfigure.web.JacksonHttpMessageConvertersConfiguration$MappingJackson2HttpMessageConverterConfiguration' existing class 'org.springframework.boot.autoconfigure.web.JacksonHttpMessageConvertersConfiguration$MappingJackson2HttpMessageConverterConfiguration' with enhanced class 'org.springframework.boot.autoconfigure.web.JacksonHttpMessageConvertersConfiguration$MappingJackson2HttpMessageConverterConfiguration$$EnhancerBySpringCGLIB$$b630724c'
[DEBUG] 2017-06-04 15:06:46.211 [main] ConfigurationClassEnhancer - Successfully enhanced org.springframework.boot.autoconfigure.web.JacksonHttpMessageConvertersConfiguration; enhanced class name is: org.springframework.boot.autoconfigure.web.JacksonHttpMessageConvertersConfiguration$$EnhancerBySpringCGLIB$$491e0ac2
[DEBUG] 2017-06-04 15:06:46.211 [main] ConfigurationClassPostProcessor - Replacing bean definition 'org.springframework.boot.autoconfigure.web.JacksonHttpMessageConvertersConfiguration' existing class 'org.springframework.boot.autoconfigure.web.JacksonHttpMessageConvertersConfiguration' with enhanced class 'org.springframework.boot.autoconfigure.web.JacksonHttpMessageConvertersConfiguration$$EnhancerBySpringCGLIB$$491e0ac2'
[DEBUG] 2017-06-04 15:06:46.211 [main] ConfigurationClassEnhancer - Successfully enhanced org.springframework.boot.autoconfigure.web.GsonHttpMessageConvertersConfiguration; enhanced class name is: org.springframework.boot.autoconfigure.web.GsonHttpMessageConvertersConfiguration$$EnhancerBySpringCGLIB$$b6298886
[DEBUG] 2017-06-04 15:06:46.211 [main] ConfigurationClassPostProcessor - Replacing bean definition 'org.springframework.boot.autoconfigure.web.GsonHttpMessageConvertersConfiguration' existing class 'org.springframework.boot.autoconfigure.web.GsonHttpMessageConvertersConfiguration' with enhanced class 'org.springframework.boot.autoconfigure.web.GsonHttpMessageConvertersConfiguration$$EnhancerBySpringCGLIB$$b6298886'
[DEBUG] 2017-06-04 15:06:46.211 [main] ConfigurationClassEnhancer - Successfully enhanced org.springframework.boot.autoconfigure.web.HttpMessageConvertersAutoConfiguration; enhanced class name is: org.springframework.boot.autoconfigure.web.HttpMessageConvertersAutoConfiguration$$EnhancerBySpringCGLIB$$6bac3dac
[DEBUG] 2017-06-04 15:06:46.211 [main] ConfigurationClassPostProcessor - Replacing bean definition 'org.springframework.boot.autoconfigure.web.HttpMessageConvertersAutoConfiguration' existing class 'org.springframework.boot.autoconfigure.web.HttpMessageConvertersAutoConfiguration' with enhanced class 'org.springframework.boot.autoconfigure.web.HttpMessageConvertersAutoConfiguration$$EnhancerBySpringCGLIB$$6bac3dac'
[DEBUG] 2017-06-04 15:06:46.211 [main] ConfigurationClassEnhancer - Successfully enhanced org.springframework.boot.autoconfigure.hateoas.HypermediaAutoConfiguration$EntityLinksConfiguration; enhanced class name is: org.springframework.boot.autoconfigure.hateoas.HypermediaAutoConfiguration$EntityLinksConfiguration$$EnhancerBySpringCGLIB$$a4aa7529
[DEBUG] 2017-06-04 15:06:46.211 [main] ConfigurationClassPostProcessor - Replacing bean definition 'org.springframework.boot.autoconfigure.hateoas.HypermediaAutoConfiguration$EntityLinksConfiguration' existing class 'org.springframework.boot.autoconfigure.hateoas.HypermediaAutoConfiguration$EntityLinksConfiguration' with enhanced class 'org.springframework.boot.autoconfigure.hateoas.HypermediaAutoConfiguration$EntityLinksConfiguration$$EnhancerBySpringCGLIB$$a4aa7529'
[DEBUG] 2017-06-04 15:06:46.211 [main] ConfigurationClassEnhancer - Successfully enhanced org.springframework.hateoas.config.HateoasConfiguration; enhanced class name is: org.springframework.hateoas.config.HateoasConfiguration$$EnhancerBySpringCGLIB$$5a746c7e
[DEBUG] 2017-06-04 15:06:46.211 [main] ConfigurationClassPostProcessor - Replacing bean definition 'org.springframework.hateoas.config.HateoasConfiguration' existing class 'org.springframework.hateoas.config.HateoasConfiguration' with enhanced class 'org.springframework.hateoas.config.HateoasConfiguration$$EnhancerBySpringCGLIB$$5a746c7e'
[DEBUG] 2017-06-04 15:06:46.212 [main] ConfigurationClassEnhancer - Successfully enhanced org.springframework.boot.autoconfigure.hateoas.HypermediaAutoConfiguration$HypermediaConfiguration; enhanced class name is: org.springframework.boot.autoconfigure.hateoas.HypermediaAutoConfiguration$HypermediaConfiguration$$EnhancerBySpringCGLIB$$7982c8d7
[DEBUG] 2017-06-04 15:06:46.212 [main] ConfigurationClassPostProcessor - Replacing bean definition 'org.springframework.boot.autoconfigure.hateoas.HypermediaAutoConfiguration$HypermediaConfiguration' existing class 'org.springframework.boot.autoconfigure.hateoas.HypermediaAutoConfiguration$HypermediaConfiguration' with enhanced class 'org.springframework.boot.autoconfigure.hateoas.HypermediaAutoConfiguration$HypermediaConfiguration$$EnhancerBySpringCGLIB$$7982c8d7'
[DEBUG] 2017-06-04 15:06:46.212 [main] ConfigurationClassEnhancer - Successfully enhanced org.springframework.boot.autoconfigure.hateoas.HypermediaAutoConfiguration$HypermediaConfiguration; enhanced class name is: org.springframework.boot.autoconfigure.hateoas.HypermediaAutoConfiguration$HypermediaConfiguration$$EnhancerBySpringCGLIB$$7982c8d7
[DEBUG] 2017-06-04 15:06:46.212 [main] ConfigurationClassPostProcessor - Replacing bean definition 'halObjectMapperConfigurer' existing class 'org.springframework.boot.autoconfigure.hateoas.HypermediaAutoConfiguration$HypermediaConfiguration' with enhanced class 'org.springframework.boot.autoconfigure.hateoas.HypermediaAutoConfiguration$HypermediaConfiguration$$EnhancerBySpringCGLIB$$7982c8d7'
[DEBUG] 2017-06-04 15:06:46.212 [main] ConfigurationClassEnhancer - Successfully enhanced org.springframework.boot.autoconfigure.hateoas.HypermediaAutoConfiguration; enhanced class name is: org.springframework.boot.autoconfigure.hateoas.HypermediaAutoConfiguration$$EnhancerBySpringCGLIB$$f6fa897d
[DEBUG] 2017-06-04 15:06:46.212 [main] ConfigurationClassPostProcessor - Replacing bean definition 'org.springframework.boot.autoconfigure.hateoas.HypermediaAutoConfiguration' existing class 'org.springframework.boot.autoconfigure.hateoas.HypermediaAutoConfiguration' with enhanced class 'org.springframework.boot.autoconfigure.hateoas.HypermediaAutoConfiguration$$EnhancerBySpringCGLIB$$f6fa897d'
[DEBUG] 2017-06-04 15:06:46.212 [main] ConfigurationClassEnhancer - Successfully enhanced org.springframework.boot.test.autoconfigure.web.servlet.MockMvcAutoConfiguration; enhanced class name is: org.springframework.boot.test.autoconfigure.web.servlet.MockMvcAutoConfiguration$$EnhancerBySpringCGLIB$$9956da89
[DEBUG] 2017-06-04 15:06:46.212 [main] ConfigurationClassPostProcessor - Replacing bean definition 'org.springframework.boot.test.autoconfigure.web.servlet.MockMvcAutoConfiguration' existing class 'org.springframework.boot.test.autoconfigure.web.servlet.MockMvcAutoConfiguration' with enhanced class 'org.springframework.boot.test.autoconfigure.web.servlet.MockMvcAutoConfiguration$$EnhancerBySpringCGLIB$$9956da89'
[DEBUG] 2017-06-04 15:06:46.212 [main] ConfigurationClassEnhancer - Successfully enhanced org.springframework.boot.autoconfigure.web.ServerPropertiesAutoConfiguration; enhanced class name is: org.springframework.boot.autoconfigure.web.ServerPropertiesAutoConfiguration$$EnhancerBySpringCGLIB$$91499b1c
[DEBUG] 2017-06-04 15:06:46.212 [main] ConfigurationClassPostProcessor - Replacing bean definition 'org.springframework.boot.autoconfigure.web.ServerPropertiesAutoConfiguration' existing class 'org.springframework.boot.autoconfigure.web.ServerPropertiesAutoConfiguration' with enhanced class 'org.springframework.boot.autoconfigure.web.ServerPropertiesAutoConfiguration$$EnhancerBySpringCGLIB$$91499b1c'
[DEBUG] 2017-06-04 15:06:46.212 [main] ConfigurationClassEnhancer - Successfully enhanced org.springframework.boot.test.autoconfigure.web.servlet.MockMvcSecurityAutoConfiguration; enhanced class name is: org.springframework.boot.test.autoconfigure.web.servlet.MockMvcSecurityAutoConfiguration$$EnhancerBySpringCGLIB$$af84fe29
[DEBUG] 2017-06-04 15:06:46.212 [main] ConfigurationClassPostProcessor - Replacing bean definition 'org.springframework.boot.test.autoconfigure.web.servlet.MockMvcSecurityAutoConfiguration' existing class 'org.springframework.boot.test.autoconfigure.web.servlet.MockMvcSecurityAutoConfiguration' with enhanced class 'org.springframework.boot.test.autoconfigure.web.servlet.MockMvcSecurityAutoConfiguration$$EnhancerBySpringCGLIB$$af84fe29'
[DEBUG] 2017-06-04 15:06:46.213 [main] StandardEnvironment - Adding [applicationConfig: [classpath:/application.properties]] PropertySource with search precedence immediately lower than [applicationConfigurationProperties]
[DEBUG] 2017-06-04 15:06:46.213 [main] StandardEnvironment - Removing [applicationConfigurationProperties] PropertySource
[DEBUG] 2017-06-04 15:06:46.213 [main] StandardEnvironment - Removing [defaultProperties] PropertySource
[DEBUG] 2017-06-04 15:06:46.214 [main] DefaultListableBeanFactory - Creating shared instance of singleton bean 'org.springframework.boot.test.mock.mockito.MockitoPostProcessor'
[DEBUG] 2017-06-04 15:06:46.214 [main] DefaultListableBeanFactory - Creating instance of bean 'org.springframework.boot.test.mock.mockito.MockitoPostProcessor'
[DEBUG] 2017-06-04 15:06:46.216 [main] DefaultListableBeanFactory - Eagerly caching bean 'org.springframework.boot.test.mock.mockito.MockitoPostProcessor' to allow for resolving potential circular references
[DEBUG] 2017-06-04 15:06:46.216 [main] DefaultListableBeanFactory - Finished creating instance of bean 'org.springframework.boot.test.mock.mockito.MockitoPostProcessor'
[DEBUG] 2017-06-04 15:06:46.219 [main] DefaultListableBeanFactory - Creating shared instance of singleton bean 'org.springframework.boot.context.properties.ConfigurationPropertiesBindingPostProcessor.store'
[DEBUG] 2017-06-04 15:06:46.219 [main] DefaultListableBeanFactory - Creating instance of bean 'org.springframework.boot.context.properties.ConfigurationPropertiesBindingPostProcessor.store'
[DEBUG] 2017-06-04 15:06:46.219 [main] DefaultListableBeanFactory - Eagerly caching bean 'org.springframework.boot.context.properties.ConfigurationPropertiesBindingPostProcessor.store' to allow for resolving potential circular references
[DEBUG] 2017-06-04 15:06:46.219 [main] DefaultListableBeanFactory - Finished creating instance of bean 'org.springframework.boot.context.properties.ConfigurationPropertiesBindingPostProcessor.store'
[DEBUG] 2017-06-04 15:06:46.222 [main] DefaultListableBeanFactory - Creating shared instance of singleton bean 'org.springframework.context.annotation.internalAutowiredAnnotationProcessor'
[DEBUG] 2017-06-04 15:06:46.222 [main] DefaultListableBeanFactory - Creating instance of bean 'org.springframework.context.annotation.internalAutowiredAnnotationProcessor'
[DEBUG] 2017-06-04 15:06:46.222 [main] DefaultListableBeanFactory - Eagerly caching bean 'org.springframework.context.annotation.internalAutowiredAnnotationProcessor' to allow for resolving potential circular references
[DEBUG] 2017-06-04 15:06:46.223 [main] DefaultListableBeanFactory - Finished creating instance of bean 'org.springframework.context.annotation.internalAutowiredAnnotationProcessor'
[DEBUG] 2017-06-04 15:06:46.223 [main] DefaultListableBeanFactory - Creating shared instance of singleton bean 'org.springframework.context.annotation.internalRequiredAnnotationProcessor'
[DEBUG] 2017-06-04 15:06:46.223 [main] DefaultListableBeanFactory - Creating instance of bean 'org.springframework.context.annotation.internalRequiredAnnotationProcessor'
[DEBUG] 2017-06-04 15:06:46.223 [main] DefaultListableBeanFactory - Eagerly caching bean 'org.springframework.context.annotation.internalRequiredAnnotationProcessor' to allow for resolving potential circular references
[DEBUG] 2017-06-04 15:06:46.223 [main] DefaultListableBeanFactory - Finished creating instance of bean 'org.springframework.context.annotation.internalRequiredAnnotationProcessor'
[DEBUG] 2017-06-04 15:06:46.223 [main] DefaultListableBeanFactory - Creating shared instance of singleton bean 'org.springframework.context.annotation.internalCommonAnnotationProcessor'
[DEBUG] 2017-06-04 15:06:46.223 [main] DefaultListableBeanFactory - Creating instance of bean 'org.springframework.context.annotation.internalCommonAnnotationProcessor'
[DEBUG] 2017-06-04 15:06:46.223 [main] DefaultListableBeanFactory - Eagerly caching bean 'org.springframework.context.annotation.internalCommonAnnotationProcessor' to allow for resolving potential circular references
[DEBUG] 2017-06-04 15:06:46.223 [main] DefaultListableBeanFactory - Finished creating instance of bean 'org.springframework.context.annotation.internalCommonAnnotationProcessor'
[DEBUG] 2017-06-04 15:06:46.223 [main] DefaultListableBeanFactory - Creating shared instance of singleton bean 'org.springframework.boot.test.mock.mockito.MockitoPostProcessor$SpyPostProcessor'
[DEBUG] 2017-06-04 15:06:46.223 [main] DefaultListableBeanFactory - Creating instance of bean 'org.springframework.boot.test.mock.mockito.MockitoPostProcessor$SpyPostProcessor'
[DEBUG] 2017-06-04 15:06:46.223 [main] DefaultListableBeanFactory - Returning cached instance of singleton bean 'org.springframework.boot.test.mock.mockito.MockitoPostProcessor'
[DEBUG] 2017-06-04 15:06:46.224 [main] DefaultListableBeanFactory - Eagerly caching bean 'org.springframework.boot.test.mock.mockito.MockitoPostProcessor$SpyPostProcessor' to allow for resolving potential circular references
[DEBUG] 2017-06-04 15:06:46.224 [main] DefaultListableBeanFactory - Finished creating instance of bean 'org.springframework.boot.test.mock.mockito.MockitoPostProcessor$SpyPostProcessor'
[DEBUG] 2017-06-04 15:06:46.224 [main] DefaultListableBeanFactory - Creating shared instance of singleton bean 'org.springframework.context.annotation.ConfigurationClassPostProcessor.importAwareProcessor'
[DEBUG] 2017-06-04 15:06:46.224 [main] DefaultListableBeanFactory - Creating instance of bean 'org.springframework.context.annotation.ConfigurationClassPostProcessor.importAwareProcessor'
[DEBUG] 2017-06-04 15:06:46.224 [main] DefaultListableBeanFactory - Eagerly caching bean 'org.springframework.context.annotation.ConfigurationClassPostProcessor.importAwareProcessor' to allow for resolving potential circular references
[DEBUG] 2017-06-04 15:06:46.224 [main] DefaultListableBeanFactory - Finished creating instance of bean 'org.springframework.context.annotation.ConfigurationClassPostProcessor.importAwareProcessor'
[DEBUG] 2017-06-04 15:06:46.224 [main] DefaultListableBeanFactory - Creating shared instance of singleton bean 'org.springframework.context.annotation.ConfigurationClassPostProcessor.enhancedConfigurationProcessor'
[DEBUG] 2017-06-04 15:06:46.224 [main] DefaultListableBeanFactory - Creating instance of bean 'org.springframework.context.annotation.ConfigurationClassPostProcessor.enhancedConfigurationProcessor'
[DEBUG] 2017-06-04 15:06:46.224 [main] DefaultListableBeanFactory - Eagerly caching bean 'org.springframework.context.annotation.ConfigurationClassPostProcessor.enhancedConfigurationProcessor' to allow for resolving potential circular references
[DEBUG] 2017-06-04 15:06:46.224 [main] DefaultListableBeanFactory - Finished creating instance of bean 'org.springframework.context.annotation.ConfigurationClassPostProcessor.enhancedConfigurationProcessor'
[DEBUG] 2017-06-04 15:06:46.224 [main] DefaultListableBeanFactory - Creating shared instance of singleton bean 'org.springframework.data.repository.core.support.RepositoryFactoryBeanSupport_Predictor'
[DEBUG] 2017-06-04 15:06:46.224 [main] DefaultListableBeanFactory - Creating instance of bean 'org.springframework.data.repository.core.support.RepositoryFactoryBeanSupport_Predictor'
[DEBUG] 2017-06-04 15:06:46.225 [main] DefaultListableBeanFactory - Eagerly caching bean 'org.springframework.data.repository.core.support.RepositoryFactoryBeanSupport_Predictor' to allow for resolving potential circular references
[DEBUG] 2017-06-04 15:06:46.226 [main] DefaultListableBeanFactory - Finished creating instance of bean 'org.springframework.data.repository.core.support.RepositoryFactoryBeanSupport_Predictor'
[DEBUG] 2017-06-04 15:06:46.226 [main] DefaultListableBeanFactory - Creating shared instance of singleton bean 'org.springframework.boot.context.properties.ConfigurationPropertiesBindingPostProcessor'
[DEBUG] 2017-06-04 15:06:46.226 [main] DefaultListableBeanFactory - Creating instance of bean 'org.springframework.boot.context.properties.ConfigurationPropertiesBindingPostProcessor'
[DEBUG] 2017-06-04 15:06:46.226 [main] StandardEnvironment - Adding [systemProperties] PropertySource with lowest search precedence
[DEBUG] 2017-06-04 15:06:46.226 [main] StandardEnvironment - Adding [systemEnvironment] PropertySource with lowest search precedence
[DEBUG] 2017-06-04 15:06:46.226 [main] StandardEnvironment - Initialized StandardEnvironment with PropertySources [systemProperties,systemEnvironment]
[DEBUG] 2017-06-04 15:06:46.226 [main] DefaultListableBeanFactory - Eagerly caching bean 'org.springframework.boot.context.properties.ConfigurationPropertiesBindingPostProcessor' to allow for resolving potential circular references
[DEBUG] 2017-06-04 15:06:46.226 [main] DefaultListableBeanFactory - Returning cached instance of singleton bean 'org.springframework.boot.context.properties.ConfigurationPropertiesBindingPostProcessor.store'
[DEBUG] 2017-06-04 15:06:46.234 [main] DefaultListableBeanFactory - Invoking afterPropertiesSet() on bean with name 'org.springframework.boot.context.properties.ConfigurationPropertiesBindingPostProcessor'
[DEBUG] 2017-06-04 15:06:46.235 [main] DefaultListableBeanFactory - Finished creating instance of bean 'org.springframework.boot.context.properties.ConfigurationPropertiesBindingPostProcessor'
[DEBUG] 2017-06-04 15:06:46.235 [main] DefaultListableBeanFactory - Returning cached instance of singleton bean 'org.springframework.boot.test.mock.mockito.MockitoPostProcessor'
[DEBUG] 2017-06-04 15:06:46.235 [main] DefaultListableBeanFactory - Creating shared instance of singleton bean 'halObjectMapperConfigurer'
[DEBUG] 2017-06-04 15:06:46.235 [main] DefaultListableBeanFactory - Creating instance of bean 'halObjectMapperConfigurer'
[DEBUG] 2017-06-04 15:06:46.235 [main] DefaultListableBeanFactory - Eagerly caching bean 'halObjectMapperConfigurer' to allow for resolving potential circular references
[DEBUG] 2017-06-04 15:06:46.238 [main] DefaultListableBeanFactory - Finished creating instance of bean 'halObjectMapperConfigurer'
[DEBUG] 2017-06-04 15:06:46.238 [main] DefaultListableBeanFactory - Creating shared instance of singleton bean 'org.springframework.hateoas.config.HypermediaSupportBeanDefinitionRegistrar$DefaultObjectMapperCustomizer#0'
[DEBUG] 2017-06-04 15:06:46.238 [main] DefaultListableBeanFactory - Creating instance of bean 'org.springframework.hateoas.config.HypermediaSupportBeanDefinitionRegistrar$DefaultObjectMapperCustomizer#0'
[DEBUG] 2017-06-04 15:06:46.238 [main] DefaultListableBeanFactory - Eagerly caching bean 'org.springframework.hateoas.config.HypermediaSupportBeanDefinitionRegistrar$DefaultObjectMapperCustomizer#0' to allow for resolving potential circular references
[DEBUG] 2017-06-04 15:06:46.240 [main] DefaultListableBeanFactory - Finished creating instance of bean 'org.springframework.hateoas.config.HypermediaSupportBeanDefinitionRegistrar$DefaultObjectMapperCustomizer#0'
[DEBUG] 2017-06-04 15:06:46.240 [main] DefaultListableBeanFactory - Creating shared instance of singleton bean 'org.springframework.hateoas.config.HypermediaSupportBeanDefinitionRegistrar$Jackson2ModuleRegisteringBeanPostProcessor#0'
[DEBUG] 2017-06-04 15:06:46.240 [main] DefaultListableBeanFactory - Creating instance of bean 'org.springframework.hateoas.config.HypermediaSupportBeanDefinitionRegistrar$Jackson2ModuleRegisteringBeanPostProcessor#0'
[DEBUG] 2017-06-04 15:06:46.240 [main] DefaultListableBeanFactory - Eagerly caching bean 'org.springframework.hateoas.config.HypermediaSupportBeanDefinitionRegistrar$Jackson2ModuleRegisteringBeanPostProcessor#0' to allow for resolving potential circular references
[DEBUG] 2017-06-04 15:06:46.243 [main] DefaultListableBeanFactory - Finished creating instance of bean 'org.springframework.hateoas.config.HypermediaSupportBeanDefinitionRegistrar$Jackson2ModuleRegisteringBeanPostProcessor#0'
[DEBUG] 2017-06-04 15:06:46.243 [main] DefaultListableBeanFactory - Returning cached instance of singleton bean 'org.springframework.boot.test.autoconfigure.properties.PropertyMappingContextCustomizer$PropertyMappingCheckBeanPostProcessor'
[DEBUG] 2017-06-04 15:06:46.243 [main] GenericWebApplicationContext - Unable to locate MessageSource with name 'messageSource': using default [org.springframework.context.support.DelegatingMessageSource@7069f076]
[DEBUG] 2017-06-04 15:06:46.243 [main] GenericWebApplicationContext - Unable to locate ApplicationEventMulticaster with name 'applicationEventMulticaster': using default [org.springframework.context.event.SimpleApplicationEventMulticaster@4a070cf0]
[DEBUG] 2017-06-04 15:06:46.243 [main] UiApplicationContextUtils - Unable to locate ThemeSource with name 'themeSource': using default [org.springframework.ui.context.support.ResourceBundleThemeSource@764b14b8]
[DEBUG] 2017-06-04 15:06:46.245 [main] DefaultListableBeanFactory - Pre-instantiating singletons in org.springframework.beans.factory.support.DefaultListableBeanFactory@f25f48a: defining beans [org.springframework.context.annotation.internalConfigurationAnnotationProcessor,org.springframework.context.annotation.internalAutowiredAnnotationProcessor,org.springframework.context.annotation.internalRequiredAnnotationProcessor,org.springframework.context.annotation.internalCommonAnnotationProcessor,org.springframework.context.event.internalEventListenerProcessor,org.springframework.context.event.internalEventListenerFactory,org.springframework.boot.test.context.ImportsContextCustomizer$ImportsCleanupPostProcessor,org.springframework.boot.test.mock.mockito.MockitoPostProcessor$SpyPostProcessor,org.springframework.boot.test.mock.mockito.MockitoPostProcessor,ng2bootApplication,org.springframework.boot.autoconfigure.internalCachingMetadataReaderFactory,org.springframework.context.annotation.ConfigurationClassPostProcessor.importAwareProcessor,org.springframework.context.annotation.ConfigurationClassPostProcessor.enhancedConfigurationProcessor,movieRestController,org.springframework.boot.autoconfigure.AutoConfigurationPackages,org.springframework.data.mongodb.repository.config.MongoRepositoryConfigurationExtension#0,org.springframework.data.repository.core.support.RepositoryFactoryBeanSupport_Predictor,crudsRepository,movieRepository,org.springframework.boot.autoconfigure.condition.BeanTypeRegistry,org.springframework.boot.autoconfigure.web.WebMvcAutoConfiguration$EnableWebMvcConfiguration,requestMappingHandlerAdapter,requestMappingHandlerMapping,mvcPathMatcher,mvcUrlPathHelper,mvcContentNegotiationManager,viewControllerHandlerMapping,beanNameHandlerMapping,resourceHandlerMapping,mvcResourceUrlProvider,defaultServletHandlerMapping,mvcConversionService,mvcValidator,mvcUriComponentsContributor,httpRequestHandlerAdapter,simpleControllerHandlerAdapter,handlerExceptionResolver,mvcViewResolver,org.springframework.boot.autoconfigure.web.WebMvcAutoConfiguration$WebMvcAutoConfigurationAdapter$FaviconConfiguration,faviconHandlerMapping,faviconRequestHandler,org.springframework.boot.autoconfigure.web.WebMvcAutoConfiguration$WebMvcAutoConfigurationAdapter,defaultViewResolver,viewResolver,welcomePageHandlerMapping,requestContextFilter,spring.mvc-org.springframework.boot.autoconfigure.web.WebMvcProperties,spring.resources-org.springframework.boot.autoconfigure.web.ResourceProperties,org.springframework.boot.context.properties.ConfigurationPropertiesBindingPostProcessor,org.springframework.boot.context.properties.ConfigurationPropertiesBindingPostProcessor.store,org.springframework.boot.autoconfigure.web.WebMvcAutoConfiguration,hiddenHttpMethodFilter,httpPutFormContentFilter,org.springframework.boot.autoconfigure.gson.GsonAutoConfiguration,gson,org.springframework.boot.autoconfigure.jackson.JacksonAutoConfiguration$Jackson2ObjectMapperBuilderCustomizerConfiguration,standardJacksonObjectMapperBuilderCustomizer,spring.jackson-org.springframework.boot.autoconfigure.jackson.JacksonProperties,org.springframework.boot.autoconfigure.jackson.JacksonAutoConfiguration$JacksonObjectMapperBuilderConfiguration,jacksonObjectMapperBuilder,org.springframework.boot.autoconfigure.jackson.JacksonAutoConfiguration$JacksonObjectMapperConfiguration,jacksonObjectMapper,org.springframework.boot.autoconfigure.jackson.JacksonAutoConfiguration,jsonComponentModule,org.springframework.boot.autoconfigure.web.HttpMessageConvertersAutoConfiguration$StringHttpMessageConverterConfiguration,stringHttpMessageConverter,spring.http.encoding-org.springframework.boot.autoconfigure.web.HttpEncodingProperties,org.springframework.boot.autoconfigure.web.JacksonHttpMessageConvertersConfiguration$MappingJackson2HttpMessageConverterConfiguration,mappingJackson2HttpMessageConverter,org.springframework.boot.autoconfigure.web.JacksonHttpMessageConvertersConfiguration,org.springframework.boot.autoconfigure.web.GsonHttpMessageConvertersConfiguration,org.springframework.boot.autoconfigure.web.HttpMessageConvertersAutoConfiguration,messageConverters,org.springframework.boot.autoconfigure.hateoas.HypermediaAutoConfiguration$EntityLinksConfiguration,entityLinksPluginRegistry,controllerEntityLinks,delegatingEntityLinks,org.springframework.hateoas.config.HateoasConfiguration,linkRelationMessageSource,org.springframework.boot.autoconfigure.hateoas.HypermediaAutoConfiguration$HypermediaConfiguration,halObjectMapperConfigurer,org.springframework.hateoas.hal.HalLinkDiscoverer#0,_halObjectMapper,org.springframework.hateoas.config.HypermediaSupportBeanDefinitionRegistrar$DefaultObjectMapperCustomizer#0,org.springframework.hateoas.config.HypermediaSupportBeanDefinitionRegistrar$Jackson2ModuleRegisteringBeanPostProcessor#0,_linkDiscovererRegistry,org.springframework.hateoas.LinkDiscoverers#0,defaultRelProvider,annotationRelProvider,relProviderPluginRegistry,_relProvider,org.springframework.boot.autoconfigure.hateoas.HypermediaHttpMessageConverterConfiguration,halMessageConverterSupportedMediaTypeCustomizer,org.springframework.boot.autoconfigure.hateoas.HypermediaAutoConfiguration,spring.hateoas-org.springframework.boot.autoconfigure.hateoas.HateoasProperties,org.springframework.boot.test.autoconfigure.web.servlet.MockMvcAutoConfiguration,mockMvcBuilder,springBootMockMvcBuilderCustomizer,mockMvc,org.springframework.boot.autoconfigure.web.ServerPropertiesAutoConfiguration,serverProperties,duplicateServerPropertiesDetector,org.springframework.boot.test.autoconfigure.web.servlet.MockMvcSecurityAutoConfiguration,com.stackroute.ng2boot.service.MovieGetService#0]; root of factory hierarchy
[DEBUG] 2017-06-04 15:06:46.245 [main] DefaultListableBeanFactory - Returning cached instance of singleton bean 'org.springframework.context.annotation.internalConfigurationAnnotationProcessor'
[DEBUG] 2017-06-04 15:06:46.245 [main] DefaultListableBeanFactory - Returning cached instance of singleton bean 'org.springframework.context.annotation.internalAutowiredAnnotationProcessor'
[DEBUG] 2017-06-04 15:06:46.245 [main] DefaultListableBeanFactory - Returning cached instance of singleton bean 'org.springframework.context.annotation.internalRequiredAnnotationProcessor'
[DEBUG] 2017-06-04 15:06:46.245 [main] DefaultListableBeanFactory - Returning cached instance of singleton bean 'org.springframework.context.annotation.internalCommonAnnotationProcessor'
[DEBUG] 2017-06-04 15:06:46.245 [main] DefaultListableBeanFactory - Creating shared instance of singleton bean 'org.springframework.context.event.internalEventListenerProcessor'
[DEBUG] 2017-06-04 15:06:46.245 [main] DefaultListableBeanFactory - Creating instance of bean 'org.springframework.context.event.internalEventListenerProcessor'
[DEBUG] 2017-06-04 15:06:46.246 [main] DefaultListableBeanFactory - Eagerly caching bean 'org.springframework.context.event.internalEventListenerProcessor' to allow for resolving potential circular references
[DEBUG] 2017-06-04 15:06:46.249 [main] DefaultListableBeanFactory - Finished creating instance of bean 'org.springframework.context.event.internalEventListenerProcessor'
[DEBUG] 2017-06-04 15:06:46.249 [main] DefaultListableBeanFactory - Creating shared instance of singleton bean 'org.springframework.context.event.internalEventListenerFactory'
[DEBUG] 2017-06-04 15:06:46.249 [main] DefaultListableBeanFactory - Creating instance of bean 'org.springframework.context.event.internalEventListenerFactory'
[DEBUG] 2017-06-04 15:06:46.249 [main] DefaultListableBeanFactory - Eagerly caching bean 'org.springframework.context.event.internalEventListenerFactory' to allow for resolving potential circular references
[DEBUG] 2017-06-04 15:06:46.252 [main] DefaultListableBeanFactory - Finished creating instance of bean 'org.springframework.context.event.internalEventListenerFactory'
[DEBUG] 2017-06-04 15:06:46.252 [main] DefaultListableBeanFactory - Returning cached instance of singleton bean 'org.springframework.boot.test.context.ImportsContextCustomizer$ImportsCleanupPostProcessor'
[DEBUG] 2017-06-04 15:06:46.252 [main] DefaultListableBeanFactory - Returning cached instance of singleton bean 'org.springframework.boot.test.mock.mockito.MockitoPostProcessor$SpyPostProcessor'
[DEBUG] 2017-06-04 15:06:46.252 [main] DefaultListableBeanFactory - Returning cached instance of singleton bean 'org.springframework.boot.test.mock.mockito.MockitoPostProcessor'
[DEBUG] 2017-06-04 15:06:46.252 [main] DefaultListableBeanFactory - Creating shared instance of singleton bean 'ng2bootApplication'
[DEBUG] 2017-06-04 15:06:46.252 [main] DefaultListableBeanFactory - Creating instance of bean 'ng2bootApplication'
[DEBUG] 2017-06-04 15:06:46.252 [main] DefaultListableBeanFactory - Eagerly caching bean 'ng2bootApplication' to allow for resolving potential circular references
[DEBUG] 2017-06-04 15:06:46.255 [main] DefaultListableBeanFactory - Finished creating instance of bean 'ng2bootApplication'
[DEBUG] 2017-06-04 15:06:46.255 [main] DefaultListableBeanFactory - Returning cached instance of singleton bean 'org.springframework.boot.autoconfigure.internalCachingMetadataReaderFactory'
[DEBUG] 2017-06-04 15:06:46.255 [main] DefaultListableBeanFactory - Returning cached instance of singleton bean 'org.springframework.context.annotation.ConfigurationClassPostProcessor.importAwareProcessor'
[DEBUG] 2017-06-04 15:06:46.255 [main] DefaultListableBeanFactory - Returning cached instance of singleton bean 'org.springframework.context.annotation.ConfigurationClassPostProcessor.enhancedConfigurationProcessor'
[DEBUG] 2017-06-04 15:06:46.256 [main] DefaultListableBeanFactory - Creating shared instance of singleton bean 'movieRestController'
[DEBUG] 2017-06-04 15:06:46.256 [main] DefaultListableBeanFactory - Creating instance of bean 'movieRestController'
[DEBUG] 2017-06-04 15:06:46.256 [main] InjectionMetadata - Registered injected element on class [com.stackroute.ng2boot.controllers.MovieRestController]: AutowiredFieldElement for private com.stackroute.ng2boot.service.MovieGetService com.stackroute.ng2boot.controllers.MovieRestController.moviegetservice
[DEBUG] 2017-06-04 15:06:46.256 [main] InjectionMetadata - Registered injected element on class [com.stackroute.ng2boot.controllers.MovieRestController]: AutowiredFieldElement for private com.stackroute.ng2boot.links.MovieLinks com.stackroute.ng2boot.controllers.MovieRestController.movielinks
[DEBUG] 2017-06-04 15:06:46.256 [main] DefaultListableBeanFactory - Eagerly caching bean 'movieRestController' to allow for resolving potential circular references
[DEBUG] 2017-06-04 15:06:46.258 [main] InjectionMetadata - Processing injected element of bean 'movieRestController': AutowiredFieldElement for private com.stackroute.ng2boot.service.MovieGetService com.stackroute.ng2boot.controllers.MovieRestController.moviegetservice
[DEBUG] 2017-06-04 15:06:46.259 [main] DefaultListableBeanFactory - Returning cached instance of singleton bean 'com.stackroute.ng2boot.service.MovieGetService#0'
[DEBUG] 2017-06-04 15:06:46.259 [main] AutowiredAnnotationBeanPostProcessor - Autowiring by type from bean name 'movieRestController' to bean named 'com.stackroute.ng2boot.service.MovieGetService#0'
[DEBUG] 2017-06-04 15:06:46.259 [main] InjectionMetadata - Processing injected element of bean 'movieRestController': AutowiredFieldElement for private com.stackroute.ng2boot.links.MovieLinks com.stackroute.ng2boot.controllers.MovieRestController.movielinks
[WARN ] 2017-06-04 15:06:46.260 [main] GenericWebApplicationContext - Exception encountered during context initialization - cancelling refresh attempt: org.springframework.beans.factory.UnsatisfiedDependencyException: Error creating bean with name 'movieRestController': Unsatisfied dependency expressed through field 'movielinks'; nested exception is org.springframework.beans.factory.NoSuchBeanDefinitionException: No qualifying bean of type 'com.stackroute.ng2boot.links.MovieLinks' available: expected at least 1 bean which qualifies as autowire candidate. Dependency annotations: {@org.springframework.beans.factory.annotation.Autowired(required=true)}
[DEBUG] 2017-06-04 15:06:46.260 [main] DefaultListableBeanFactory - Destroying singletons in org.springframework.beans.factory.support.DefaultListableBeanFactory@f25f48a: defining beans [org.springframework.context.annotation.internalConfigurationAnnotationProcessor,org.springframework.context.annotation.internalAutowiredAnnotationProcessor,org.springframework.context.annotation.internalRequiredAnnotationProcessor,org.springframework.context.annotation.internalCommonAnnotationProcessor,org.springframework.context.event.internalEventListenerProcessor,org.springframework.context.event.internalEventListenerFactory,org.springframework.boot.test.context.ImportsContextCustomizer$ImportsCleanupPostProcessor,org.springframework.boot.test.mock.mockito.MockitoPostProcessor$SpyPostProcessor,org.springframework.boot.test.mock.mockito.MockitoPostProcessor,ng2bootApplication,org.springframework.boot.autoconfigure.internalCachingMetadataReaderFactory,org.springframework.context.annotation.ConfigurationClassPostProcessor.importAwareProcessor,org.springframework.context.annotation.ConfigurationClassPostProcessor.enhancedConfigurationProcessor,movieRestController,org.springframework.boot.autoconfigure.AutoConfigurationPackages,org.springframework.data.mongodb.repository.config.MongoRepositoryConfigurationExtension#0,org.springframework.data.repository.core.support.RepositoryFactoryBeanSupport_Predictor,crudsRepository,movieRepository,org.springframework.boot.autoconfigure.condition.BeanTypeRegistry,org.springframework.boot.autoconfigure.web.WebMvcAutoConfiguration$EnableWebMvcConfiguration,requestMappingHandlerAdapter,requestMappingHandlerMapping,mvcPathMatcher,mvcUrlPathHelper,mvcContentNegotiationManager,viewControllerHandlerMapping,beanNameHandlerMapping,resourceHandlerMapping,mvcResourceUrlProvider,defaultServletHandlerMapping,mvcConversionService,mvcValidator,mvcUriComponentsContributor,httpRequestHandlerAdapter,simpleControllerHandlerAdapter,handlerExceptionResolver,mvcViewResolver,org.springframework.boot.autoconfigure.web.WebMvcAutoConfiguration$WebMvcAutoConfigurationAdapter$FaviconConfiguration,faviconHandlerMapping,faviconRequestHandler,org.springframework.boot.autoconfigure.web.WebMvcAutoConfiguration$WebMvcAutoConfigurationAdapter,defaultViewResolver,viewResolver,welcomePageHandlerMapping,requestContextFilter,spring.mvc-org.springframework.boot.autoconfigure.web.WebMvcProperties,spring.resources-org.springframework.boot.autoconfigure.web.ResourceProperties,org.springframework.boot.context.properties.ConfigurationPropertiesBindingPostProcessor,org.springframework.boot.context.properties.ConfigurationPropertiesBindingPostProcessor.store,org.springframework.boot.autoconfigure.web.WebMvcAutoConfiguration,hiddenHttpMethodFilter,httpPutFormContentFilter,org.springframework.boot.autoconfigure.gson.GsonAutoConfiguration,gson,org.springframework.boot.autoconfigure.jackson.JacksonAutoConfiguration$Jackson2ObjectMapperBuilderCustomizerConfiguration,standardJacksonObjectMapperBuilderCustomizer,spring.jackson-org.springframework.boot.autoconfigure.jackson.JacksonProperties,org.springframework.boot.autoconfigure.jackson.JacksonAutoConfiguration$JacksonObjectMapperBuilderConfiguration,jacksonObjectMapperBuilder,org.springframework.boot.autoconfigure.jackson.JacksonAutoConfiguration$JacksonObjectMapperConfiguration,jacksonObjectMapper,org.springframework.boot.autoconfigure.jackson.JacksonAutoConfiguration,jsonComponentModule,org.springframework.boot.autoconfigure.web.HttpMessageConvertersAutoConfiguration$StringHttpMessageConverterConfiguration,stringHttpMessageConverter,spring.http.encoding-org.springframework.boot.autoconfigure.web.HttpEncodingProperties,org.springframework.boot.autoconfigure.web.JacksonHttpMessageConvertersConfiguration$MappingJackson2HttpMessageConverterConfiguration,mappingJackson2HttpMessageConverter,org.springframework.boot.autoconfigure.web.JacksonHttpMessageConvertersConfiguration,org.springframework.boot.autoconfigure.web.GsonHttpMessageConvertersConfiguration,org.springframework.boot.autoconfigure.web.HttpMessageConvertersAutoConfiguration,messageConverters,org.springframework.boot.autoconfigure.hateoas.HypermediaAutoConfiguration$EntityLinksConfiguration,entityLinksPluginRegistry,controllerEntityLinks,delegatingEntityLinks,org.springframework.hateoas.config.HateoasConfiguration,linkRelationMessageSource,org.springframework.boot.autoconfigure.hateoas.HypermediaAutoConfiguration$HypermediaConfiguration,halObjectMapperConfigurer,org.springframework.hateoas.hal.HalLinkDiscoverer#0,_halObjectMapper,org.springframework.hateoas.config.HypermediaSupportBeanDefinitionRegistrar$DefaultObjectMapperCustomizer#0,org.springframework.hateoas.config.HypermediaSupportBeanDefinitionRegistrar$Jackson2ModuleRegisteringBeanPostProcessor#0,_linkDiscovererRegistry,org.springframework.hateoas.LinkDiscoverers#0,defaultRelProvider,annotationRelProvider,relProviderPluginRegistry,_relProvider,org.springframework.boot.autoconfigure.hateoas.HypermediaHttpMessageConverterConfiguration,halMessageConverterSupportedMediaTypeCustomizer,org.springframework.boot.autoconfigure.hateoas.HypermediaAutoConfiguration,spring.hateoas-org.springframework.boot.autoconfigure.hateoas.HateoasProperties,org.springframework.boot.test.autoconfigure.web.servlet.MockMvcAutoConfiguration,mockMvcBuilder,springBootMockMvcBuilderCustomizer,mockMvc,org.springframework.boot.autoconfigure.web.ServerPropertiesAutoConfiguration,serverProperties,duplicateServerPropertiesDetector,org.springframework.boot.test.autoconfigure.web.servlet.MockMvcSecurityAutoConfiguration,com.stackroute.ng2boot.service.MovieGetService#0]; root of factory hierarchy
[DEBUG] 2017-06-04 15:06:46.260 [main] DisposableBeanAdapter - Invoking destroy() on bean with name 'org.springframework.boot.context.properties.ConfigurationPropertiesBindingPostProcessor'
[DEBUG] 2017-06-04 15:06:46.260 [main] DefaultListableBeanFactory - Retrieved dependent beans for bean 'org.springframework.boot.autoconfigure.internalCachingMetadataReaderFactory': [org.springframework.context.annotation.internalConfigurationAnnotationProcessor]
[DEBUG] 2017-06-04 15:06:46.261 [main] ClasspathLoggingApplicationListener - Application failed to start with classpath: [file:/home/user/Downloads/part1_movieapp-starter/spring-rest/target/surefire/surefirebooter8256104674369339533.jar]
[DEBUG] 2017-06-04 15:06:46.264 [main] AutoConfigurationReportLoggingInitializer - 


=========================
AUTO-CONFIGURATION REPORT
=========================


Positive matches:
-----------------

   GsonAutoConfiguration matched:
      - @ConditionalOnClass found required class 'com.google.gson.Gson' (OnClassCondition)

   GsonAutoConfiguration#gson matched:
      - @ConditionalOnMissingBean (types: com.google.gson.Gson; SearchStrategy: all) did not find any beans (OnBeanCondition)

   GsonHttpMessageConvertersConfiguration matched:
      - @ConditionalOnClass found required class 'com.google.gson.Gson' (OnClassCondition)

   HttpMessageConvertersAutoConfiguration matched:
      - @ConditionalOnClass found required class 'org.springframework.http.converter.HttpMessageConverter' (OnClassCondition)

   HttpMessageConvertersAutoConfiguration#messageConverters matched:
      - @ConditionalOnMissingBean (types: org.springframework.boot.autoconfigure.web.HttpMessageConverters; SearchStrategy: all) did not find any beans (OnBeanCondition)

   HttpMessageConvertersAutoConfiguration.StringHttpMessageConverterConfiguration matched:
      - @ConditionalOnClass found required class 'org.springframework.http.converter.StringHttpMessageConverter' (OnClassCondition)

   HttpMessageConvertersAutoConfiguration.StringHttpMessageConverterConfiguration#stringHttpMessageConverter matched:
      - @ConditionalOnMissingBean (types: org.springframework.http.converter.StringHttpMessageConverter; SearchStrategy: all) did not find any beans (OnBeanCondition)

   HypermediaAutoConfiguration matched:
      - @ConditionalOnClass found required classes 'org.springframework.hateoas.Resource', 'org.springframework.web.bind.annotation.RequestMapping', 'org.springframework.plugin.core.Plugin' (OnClassCondition)
      - @ConditionalOnWebApplication (required) found 'session' scope (OnWebApplicationCondition)

   HypermediaAutoConfiguration.EntityLinksConfiguration matched:
      - @ConditionalOnMissingBean (types: org.springframework.hateoas.EntityLinks; SearchStrategy: all) did not find any beans (OnBeanCondition)

   HypermediaAutoConfiguration.HypermediaConfiguration matched:
      - @ConditionalOnMissingBean (types: org.springframework.hateoas.LinkDiscoverers; SearchStrategy: all) did not find any beans (OnBeanCondition)

   HypermediaHttpMessageConverterConfiguration#halMessageConverterSupportedMediaTypeCustomizer matched:
      - @ConditionalOnProperty (spring.hateoas.use-hal-as-default-json-media-type) matched (OnPropertyCondition)

   JacksonAutoConfiguration matched:
      - @ConditionalOnClass found required class 'com.fasterxml.jackson.databind.ObjectMapper' (OnClassCondition)

   JacksonAutoConfiguration.Jackson2ObjectMapperBuilderCustomizerConfiguration matched:
      - @ConditionalOnClass found required classes 'com.fasterxml.jackson.databind.ObjectMapper', 'org.springframework.http.converter.json.Jackson2ObjectMapperBuilder' (OnClassCondition)

   JacksonAutoConfiguration.JacksonObjectMapperBuilderConfiguration matched:
      - @ConditionalOnClass found required classes 'com.fasterxml.jackson.databind.ObjectMapper', 'org.springframework.http.converter.json.Jackson2ObjectMapperBuilder' (OnClassCondition)

   JacksonAutoConfiguration.JacksonObjectMapperBuilderConfiguration#jacksonObjectMapperBuilder matched:
      - @ConditionalOnMissingBean (types: org.springframework.http.converter.json.Jackson2ObjectMapperBuilder; SearchStrategy: all) did not find any beans (OnBeanCondition)

   JacksonAutoConfiguration.JacksonObjectMapperConfiguration matched:
      - @ConditionalOnClass found required classes 'com.fasterxml.jackson.databind.ObjectMapper', 'org.springframework.http.converter.json.Jackson2ObjectMapperBuilder' (OnClassCondition)

   JacksonAutoConfiguration.JacksonObjectMapperConfiguration#jacksonObjectMapper matched:
      - @ConditionalOnMissingBean (types: com.fasterxml.jackson.databind.ObjectMapper; SearchStrategy: all) did not find any beans (OnBeanCondition)

   JacksonHttpMessageConvertersConfiguration.MappingJackson2HttpMessageConverterConfiguration matched:
      - @ConditionalOnClass found required class 'com.fasterxml.jackson.databind.ObjectMapper' (OnClassCondition)
      - @ConditionalOnProperty (spring.http.converters.preferred-json-mapper=jackson) matched (OnPropertyCondition)
      - @ConditionalOnBean (types: com.fasterxml.jackson.databind.ObjectMapper; SearchStrategy: all) found bean 'jacksonObjectMapper' (OnBeanCondition)

   JacksonHttpMessageConvertersConfiguration.MappingJackson2HttpMessageConverterConfiguration#mappingJackson2HttpMessageConverter matched:
      - @ConditionalOnMissingBean (types: org.springframework.http.converter.json.MappingJackson2HttpMessageConverter; SearchStrategy: all) did not find any beans (OnBeanCondition)

   MockMvcAutoConfiguration matched:
      - @ConditionalOnWebApplication (required) found 'session' scope (OnWebApplicationCondition)

   MockMvcAutoConfiguration#mockMvc matched:
      - @ConditionalOnMissingBean (types: org.springframework.test.web.servlet.MockMvc; SearchStrategy: all) did not find any beans (OnBeanCondition)

   MockMvcAutoConfiguration#mockMvcBuilder matched:
      - @ConditionalOnMissingBean (types: org.springframework.test.web.servlet.MockMvcBuilder; SearchStrategy: all) did not find any beans (OnBeanCondition)

   MockMvcSecurityAutoConfiguration matched:
      - @ConditionalOnProperty (spring.test.mockmvc.secure=true) matched (OnPropertyCondition)

   NoOpCacheConfiguration matched:
      - Cache org.springframework.boot.autoconfigure.cache.NoOpCacheConfiguration NONE cache type (CacheCondition)

   ServerPropertiesAutoConfiguration matched:
      - @ConditionalOnWebApplication (required) found 'session' scope (OnWebApplicationCondition)

   ServerPropertiesAutoConfiguration#serverProperties matched:
      - @ConditionalOnMissingBean (types: org.springframework.boot.autoconfigure.web.ServerProperties; SearchStrategy: current) did not find any beans (OnBeanCondition)

   WebMvcAutoConfiguration matched:
      - @ConditionalOnClass found required classes 'javax.servlet.Servlet', 'org.springframework.web.servlet.DispatcherServlet', 'org.springframework.web.servlet.config.annotation.WebMvcConfigurerAdapter' (OnClassCondition)
      - @ConditionalOnWebApplication (required) found 'session' scope (OnWebApplicationCondition)
      - @ConditionalOnMissingBean (types: org.springframework.web.servlet.config.annotation.WebMvcConfigurationSupport; SearchStrategy: all) did not find any beans (OnBeanCondition)

   WebMvcAutoConfiguration#hiddenHttpMethodFilter matched:
      - @ConditionalOnMissingBean (types: org.springframework.web.filter.HiddenHttpMethodFilter; SearchStrategy: all) did not find any beans (OnBeanCondition)

   WebMvcAutoConfiguration#httpPutFormContentFilter matched:
      - @ConditionalOnProperty (spring.mvc.formcontent.putfilter.enabled) matched (OnPropertyCondition)
      - @ConditionalOnMissingBean (types: org.springframework.web.filter.HttpPutFormContentFilter; SearchStrategy: all) did not find any beans (OnBeanCondition)

   WebMvcAutoConfiguration.WebMvcAutoConfigurationAdapter#defaultViewResolver matched:
      - @ConditionalOnMissingBean (types: org.springframework.web.servlet.view.InternalResourceViewResolver; SearchStrategy: all) did not find any beans (OnBeanCondition)

   WebMvcAutoConfiguration.WebMvcAutoConfigurationAdapter#requestContextFilter matched:
      - @ConditionalOnMissingBean (types: org.springframework.web.context.request.RequestContextListener,org.springframework.web.filter.RequestContextFilter; SearchStrategy: all) did not find any beans (OnBeanCondition)

   WebMvcAutoConfiguration.WebMvcAutoConfigurationAdapter#viewResolver matched:
      - @ConditionalOnBean (types: org.springframework.web.servlet.ViewResolver; SearchStrategy: all) found beans 'defaultViewResolver', 'mvcViewResolver'; @ConditionalOnMissingBean (names: viewResolver; types: org.springframework.web.servlet.view.ContentNegotiatingViewResolver; SearchStrategy: all) did not find any beans (OnBeanCondition)

   WebMvcAutoConfiguration.WebMvcAutoConfigurationAdapter.FaviconConfiguration matched:
      - @ConditionalOnProperty (spring.mvc.favicon.enabled) matched (OnPropertyCondition)


Negative matches:
-----------------

   CacheAutoConfiguration:
      Did not match:
         - @ConditionalOnBean (types: org.springframework.cache.interceptor.CacheAspectSupport; SearchStrategy: all) did not find any beans (OnBeanCondition)
      Matched:
         - @ConditionalOnClass found required class 'org.springframework.cache.CacheManager' (OnClassCondition)

   CacheAutoConfiguration.CacheManagerJpaDependencyConfiguration:
      Did not match:
         - @ConditionalOnClass did not find required class 'org.springframework.orm.jpa.LocalContainerEntityManagerFactoryBean' (OnClassCondition)
         - Ancestor org.springframework.boot.autoconfigure.cache.CacheAutoConfiguration did not match (ConditionEvaluationReport.AncestorsMatchedCondition)

   CaffeineCacheConfiguration:
      Did not match:
         - @ConditionalOnClass did not find required classes 'com.github.benmanes.caffeine.cache.Caffeine', 'org.springframework.cache.caffeine.CaffeineCacheManager' (OnClassCondition)

   CouchbaseCacheConfiguration:
      Did not match:
         - @ConditionalOnClass did not find required classes 'com.couchbase.client.java.Bucket', 'com.couchbase.client.spring.cache.CouchbaseCacheManager' (OnClassCondition)

   EhCacheCacheConfiguration:
      Did not match:
         - @ConditionalOnClass did not find required classes 'net.sf.ehcache.Cache', 'org.springframework.cache.ehcache.EhCacheCacheManager' (OnClassCondition)

   FreeMarkerAutoConfiguration:
      Did not match:
         - @ConditionalOnClass did not find required classes 'freemarker.template.Configuration', 'org.springframework.ui.freemarker.FreeMarkerConfigurationFactory' (OnClassCondition)

   GenericCacheConfiguration:
      Did not match:
         - Cache org.springframework.boot.autoconfigure.cache.GenericCacheConfiguration NONE cache type (CacheCondition)

   GroovyTemplateAutoConfiguration:
      Did not match:
         - @ConditionalOnClass did not find required class 'groovy.text.markup.MarkupTemplateEngine' (OnClassCondition)

   GsonHttpMessageConvertersConfiguration.GsonHttpMessageConverterConfiguration:
      Did not match:
         - AnyNestedCondition 0 matched 2 did not; NestedCondition on GsonHttpMessageConvertersConfiguration.PreferGsonOrMissingJacksonCondition.JacksonMissing @ConditionalOnMissingBean (types: org.springframework.http.converter.json.MappingJackson2HttpMessageConverter; SearchStrategy: all) found bean 'mappingJackson2HttpMessageConverter'; NestedCondition on GsonHttpMessageConvertersConfiguration.PreferGsonOrMissingJacksonCondition.GsonPreferred @ConditionalOnProperty (spring.http.converters.preferred-json-mapper=gson) did not find property 'spring.http.converters.preferred-json-mapper' (GsonHttpMessageConvertersConfiguration.PreferGsonOrMissingJacksonCondition)

   GuavaCacheConfiguration:
      Did not match:
         - @ConditionalOnClass did not find required class 'org.springframework.cache.guava.GuavaCacheManager' (OnClassCondition)

   HazelcastCacheConfiguration:
      Did not match:
         - @ConditionalOnClass did not find required classes 'com.hazelcast.core.HazelcastInstance', 'com.hazelcast.spring.cache.HazelcastCacheManager' (OnClassCondition)

   InfinispanCacheConfiguration:
      Did not match:
         - @ConditionalOnClass did not find required class 'org.infinispan.spring.provider.SpringEmbeddedCacheManager' (OnClassCondition)

   JCacheCacheConfiguration:
      Did not match:
         - @ConditionalOnClass did not find required classes 'javax.cache.Caching', 'org.springframework.cache.jcache.JCacheCacheManager' (OnClassCondition)

   JacksonAutoConfiguration.JodaDateTimeJacksonConfiguration:
      Did not match:
         - @ConditionalOnClass did not find required classes 'org.joda.time.DateTime', 'com.fasterxml.jackson.datatype.joda.ser.DateTimeSerializer', 'com.fasterxml.jackson.datatype.joda.cfg.JacksonJodaDateFormat' (OnClassCondition)

   JacksonAutoConfiguration.ParameterNamesModuleConfiguration:
      Did not match:
         - @ConditionalOnClass did not find required class 'com.fasterxml.jackson.module.paramnames.ParameterNamesModule' (OnClassCondition)

   JacksonHttpMessageConvertersConfiguration.MappingJackson2XmlHttpMessageConverterConfiguration:
      Did not match:
         - @ConditionalOnClass did not find required class 'com.fasterxml.jackson.dataformat.xml.XmlMapper' (OnClassCondition)

   MessageSourceAutoConfiguration:
      Did not match:
         - ResourceBundle did not find bundle with basename messages (MessageSourceAutoConfiguration.ResourceBundleCondition)

   MockMvcSecurityConfiguration:
      Did not match:
         - @ConditionalOnClass did not find required class 'org.springframework.security.test.web.servlet.request.SecurityMockMvcRequestPostProcessors' (OnClassCondition)

   MockMvcWebClientAutoConfiguration:
      Did not match:
         - @ConditionalOnClass did not find required class 'com.gargoylesoftware.htmlunit.WebClient' (OnClassCondition)

   MockMvcWebDriverAutoConfiguration:
      Did not match:
         - @ConditionalOnClass did not find required class 'org.openqa.selenium.htmlunit.HtmlUnitDriver' (OnClassCondition)

   MustacheAutoConfiguration:
      Did not match:
         - @ConditionalOnClass did not find required class 'com.samskivert.mustache.Mustache' (OnClassCondition)

   RedisCacheConfiguration:
      Did not match:
         - Cache org.springframework.boot.autoconfigure.cache.RedisCacheConfiguration NONE cache type (CacheCondition)

   SecurityAutoConfiguration:
      Did not match:
         - @ConditionalOnClass did not find required classes 'org.springframework.security.authentication.AuthenticationManager', 'org.springframework.security.config.annotation.authentication.configurers.GlobalAuthenticationConfigurerAdapter' (OnClassCondition)

   SimpleCacheConfiguration:
      Did not match:
         - Cache org.springframework.boot.autoconfigure.cache.SimpleCacheConfiguration NONE cache type (CacheCondition)

   ThymeleafAutoConfiguration:
      Did not match:
         - @ConditionalOnClass did not find required class 'org.thymeleaf.spring4.SpringTemplateEngine' (OnClassCondition)

   WebMvcAutoConfiguration.ResourceChainCustomizerConfiguration:
      Did not match:
         - @ConditionalOnEnabledResourceChain did not find class org.webjars.WebJarAssetLocator (OnEnabledResourceChainCondition)

   WebMvcAutoConfiguration.WebMvcAutoConfigurationAdapter#beanNameViewResolver:
      Did not match:
         - @ConditionalOnBean (types: org.springframework.web.servlet.View; SearchStrategy: all) did not find any beans (OnBeanCondition)

   WebMvcAutoConfiguration.WebMvcAutoConfigurationAdapter#dateFormatter:
      Did not match:
         - @ConditionalOnProperty (spring.mvc.date-format) did not find property 'date-format' (OnPropertyCondition)

   WebMvcAutoConfiguration.WebMvcAutoConfigurationAdapter#localeResolver:
      Did not match:
         - @ConditionalOnProperty (spring.mvc.locale) did not find property 'locale' (OnPropertyCondition)


Exclusions:
-----------

    None


Unconditional classes:
----------------------

    None



[DEBUG] 2017-06-04 15:06:46.290 [main] LoggingFailureAnalysisReporter - Application failed to start due to an exception
org.springframework.beans.factory.NoSuchBeanDefinitionException: No qualifying bean of type 'com.stackroute.ng2boot.links.MovieLinks' available: expected at least 1 bean which qualifies as autowire candidate. Dependency annotations: {@org.springframework.beans.factory.annotation.Autowired(required=true)}
	at org.springframework.beans.factory.support.DefaultListableBeanFactory.raiseNoMatchingBeanFound(DefaultListableBeanFactory.java:1466) ~[spring-beans-4.3.4.RELEASE.jar:4.3.4.RELEASE]
	at org.springframework.beans.factory.support.DefaultListableBeanFactory.doResolveDependency(DefaultListableBeanFactory.java:1097) ~[spring-beans-4.3.4.RELEASE.jar:4.3.4.RELEASE]
	at org.springframework.beans.factory.support.DefaultListableBeanFactory.resolveDependency(DefaultListableBeanFactory.java:1059) ~[spring-beans-4.3.4.RELEASE.jar:4.3.4.RELEASE]
	at org.springframework.beans.factory.annotation.AutowiredAnnotationBeanPostProcessor$AutowiredFieldElement.inject(AutowiredAnnotationBeanPostProcessor.java:589) ~[spring-beans-4.3.4.RELEASE.jar:4.3.4.RELEASE]
	at org.springframework.beans.factory.annotation.InjectionMetadata.inject(InjectionMetadata.java:88) ~[spring-beans-4.3.4.RELEASE.jar:4.3.4.RELEASE]
	at org.springframework.beans.factory.annotation.AutowiredAnnotationBeanPostProcessor.postProcessPropertyValues(AutowiredAnnotationBeanPostProcessor.java:370) ~[spring-beans-4.3.4.RELEASE.jar:4.3.4.RELEASE]
	at org.springframework.beans.factory.support.AbstractAutowireCapableBeanFactory.populateBean(AbstractAutowireCapableBeanFactory.java:1219) ~[spring-beans-4.3.4.RELEASE.jar:4.3.4.RELEASE]
	at org.springframework.beans.factory.support.AbstractAutowireCapableBeanFactory.doCreateBean(AbstractAutowireCapableBeanFactory.java:551) ~[spring-beans-4.3.4.RELEASE.jar:4.3.4.RELEASE]
	at org.springframework.beans.factory.support.AbstractAutowireCapableBeanFactory.createBean(AbstractAutowireCapableBeanFactory.java:482) ~[spring-beans-4.3.4.RELEASE.jar:4.3.4.RELEASE]
	at org.springframework.beans.factory.support.AbstractBeanFactory$1.getObject(AbstractBeanFactory.java:306) ~[spring-beans-4.3.4.RELEASE.jar:4.3.4.RELEASE]
	at org.springframework.beans.factory.support.DefaultSingletonBeanRegistry.getSingleton(DefaultSingletonBeanRegistry.java:230) ~[spring-beans-4.3.4.RELEASE.jar:4.3.4.RELEASE]
	at org.springframework.beans.factory.support.AbstractBeanFactory.doGetBean(AbstractBeanFactory.java:302) ~[spring-beans-4.3.4.RELEASE.jar:4.3.4.RELEASE]
	at org.springframework.beans.factory.support.AbstractBeanFactory.getBean(AbstractBeanFactory.java:197) ~[spring-beans-4.3.4.RELEASE.jar:4.3.4.RELEASE]
	at org.springframework.beans.factory.support.DefaultListableBeanFactory.preInstantiateSingletons(DefaultListableBeanFactory.java:754) ~[spring-beans-4.3.4.RELEASE.jar:4.3.4.RELEASE]
	at org.springframework.context.support.AbstractApplicationContext.finishBeanFactoryInitialization(AbstractApplicationContext.java:866) ~[spring-context-4.3.4.RELEASE.jar:4.3.4.RELEASE]
	at org.springframework.context.support.AbstractApplicationContext.refresh(AbstractApplicationContext.java:542) ~[spring-context-4.3.4.RELEASE.jar:4.3.4.RELEASE]
	at org.springframework.boot.SpringApplication.refresh(SpringApplication.java:761) [spring-boot-1.4.2.RELEASE.jar:1.4.2.RELEASE]
	at org.springframework.boot.SpringApplication.refreshContext(SpringApplication.java:371) [spring-boot-1.4.2.RELEASE.jar:1.4.2.RELEASE]
	at org.springframework.boot.SpringApplication.run(SpringApplication.java:315) [spring-boot-1.4.2.RELEASE.jar:1.4.2.RELEASE]
	at org.springframework.boot.test.context.SpringBootContextLoader.loadContext(SpringBootContextLoader.java:111) [spring-boot-test-1.4.2.RELEASE.jar:1.4.2.RELEASE]
	at org.springframework.test.context.cache.DefaultCacheAwareContextLoaderDelegate.loadContextInternal(DefaultCacheAwareContextLoaderDelegate.java:98) [spring-test-4.3.4.RELEASE.jar:4.3.4.RELEASE]
	at org.springframework.test.context.cache.DefaultCacheAwareContextLoaderDelegate.loadContext(DefaultCacheAwareContextLoaderDelegate.java:116) [spring-test-4.3.4.RELEASE.jar:4.3.4.RELEASE]
	at org.springframework.test.context.support.DefaultTestContext.getApplicationContext(DefaultTestContext.java:83) [spring-test-4.3.4.RELEASE.jar:4.3.4.RELEASE]
	at org.springframework.test.context.support.DependencyInjectionTestExecutionListener.injectDependencies(DependencyInjectionTestExecutionListener.java:117) [spring-test-4.3.4.RELEASE.jar:4.3.4.RELEASE]
	at org.springframework.test.context.support.DependencyInjectionTestExecutionListener.prepareTestInstance(DependencyInjectionTestExecutionListener.java:83) [spring-test-4.3.4.RELEASE.jar:4.3.4.RELEASE]
	at org.springframework.boot.test.autoconfigure.SpringBootDependencyInjectionTestExecutionListener.prepareTestInstance(SpringBootDependencyInjectionTestExecutionListener.java:44) [spring-boot-test-autoconfigure-1.4.2.RELEASE.jar:1.4.2.RELEASE]
	at org.springframework.test.context.TestContextManager.prepareTestInstance(TestContextManager.java:230) [spring-test-4.3.4.RELEASE.jar:4.3.4.RELEASE]
	at org.springframework.test.context.junit4.SpringJUnit4ClassRunner.createTest(SpringJUnit4ClassRunner.java:228) [spring-test-4.3.4.RELEASE.jar:4.3.4.RELEASE]
	at org.springframework.test.context.junit4.SpringJUnit4ClassRunner$1.runReflectiveCall(SpringJUnit4ClassRunner.java:287) [spring-test-4.3.4.RELEASE.jar:4.3.4.RELEASE]
	at org.junit.internal.runners.model.ReflectiveCallable.run(ReflectiveCallable.java:12) [junit-4.12.jar:4.12]
	at org.springframework.test.context.junit4.SpringJUnit4ClassRunner.methodBlock(SpringJUnit4ClassRunner.java:289) [spring-test-4.3.4.RELEASE.jar:4.3.4.RELEASE]
	at org.springframework.test.context.junit4.SpringJUnit4ClassRunner.runChild(SpringJUnit4ClassRunner.java:247) [spring-test-4.3.4.RELEASE.jar:4.3.4.RELEASE]
	at org.springframework.test.context.junit4.SpringJUnit4ClassRunner.runChild(SpringJUnit4ClassRunner.java:94) [spring-test-4.3.4.RELEASE.jar:4.3.4.RELEASE]
	at org.junit.runners.ParentRunner$3.run(ParentRunner.java:290) [junit-4.12.jar:4.12]
	at org.junit.runners.ParentRunner$1.schedule(ParentRunner.java:71) [junit-4.12.jar:4.12]
	at org.junit.runners.ParentRunner.runChildren(ParentRunner.java:288) [junit-4.12.jar:4.12]
	at org.junit.runners.ParentRunner.access$000(ParentRunner.java:58) [junit-4.12.jar:4.12]
	at org.junit.runners.ParentRunner$2.evaluate(ParentRunner.java:268) [junit-4.12.jar:4.12]
	at org.springframework.test.context.junit4.statements.RunBeforeTestClassCallbacks.evaluate(RunBeforeTestClassCallbacks.java:61) [spring-test-4.3.4.RELEASE.jar:4.3.4.RELEASE]
	at org.springframework.test.context.junit4.statements.RunAfterTestClassCallbacks.evaluate(RunAfterTestClassCallbacks.java:70) [spring-test-4.3.4.RELEASE.jar:4.3.4.RELEASE]
	at org.junit.runners.ParentRunner.run(ParentRunner.java:363) [junit-4.12.jar:4.12]
	at org.springframework.test.context.junit4.SpringJUnit4ClassRunner.run(SpringJUnit4ClassRunner.java:191) [spring-test-4.3.4.RELEASE.jar:4.3.4.RELEASE]
	at org.apache.maven.surefire.junit4.JUnit4Provider.execute(JUnit4Provider.java:283) [surefire-junit4-2.18.1.jar:2.18.1]
	at org.apache.maven.surefire.junit4.JUnit4Provider.executeWithRerun(JUnit4Provider.java:173) [surefire-junit4-2.18.1.jar:2.18.1]
	at org.apache.maven.surefire.junit4.JUnit4Provider.executeTestSet(JUnit4Provider.java:153) [surefire-junit4-2.18.1.jar:2.18.1]
	at org.apache.maven.surefire.junit4.JUnit4Provider.invoke(JUnit4Provider.java:128) [surefire-junit4-2.18.1.jar:2.18.1]
	at org.apache.maven.surefire.booter.ForkedBooter.invokeProviderInSameClassLoader(ForkedBooter.java:203) [surefire-booter-2.18.1.jar:2.18.1]
	at org.apache.maven.surefire.booter.ForkedBooter.runSuitesInProcess(ForkedBooter.java:155) [surefire-booter-2.18.1.jar:2.18.1]
	at org.apache.maven.surefire.booter.ForkedBooter.main(ForkedBooter.java:103) [surefire-booter-2.18.1.jar:2.18.1]
[ERROR] 2017-06-04 15:06:46.291 [main] LoggingFailureAnalysisReporter - 

***************************
APPLICATION FAILED TO START
***************************

Description:

Field movielinks in com.stackroute.ng2boot.controllers.MovieRestController required a bean of type 'com.stackroute.ng2boot.links.MovieLinks' that could not be found.


Action:

Consider defining a bean of type 'com.stackroute.ng2boot.links.MovieLinks' in your configuration.

[DEBUG] 2017-06-04 15:06:46.294 [main] StandardEnvironment - Adding [systemProperties] PropertySource with lowest search precedence
[DEBUG] 2017-06-04 15:06:46.295 [main] StandardEnvironment - Adding [systemEnvironment] PropertySource with lowest search precedence
[DEBUG] 2017-06-04 15:06:46.295 [main] StandardEnvironment - Initialized StandardEnvironment with PropertySources [systemProperties,systemEnvironment]
[DEBUG] 2017-06-04 15:06:46.295 [main] TestPropertySourceUtils - Adding inlined properties to environment: {spring.jmx.enabled=false, org.springframework.boot.test.autoconfigure.web.servlet.WebMvcTestContextBootstrapper=true, server.port=-1}
[DEBUG] 2017-06-04 15:06:46.296 [main] StandardEnvironment - Adding [Inlined Test Properties] PropertySource with highest search precedence
[DEBUG] 2017-06-04 15:06:46.299 [main] PropertySourcesPropertyResolver - Could not find key 'spring.profiles.active' in any property source
[DEBUG] 2017-06-04 15:06:46.299 [main] PropertySourcesPropertyResolver - Could not find key 'spring.profiles.active' in any property source
[DEBUG] 2017-06-04 15:06:46.301 [main] PropertySourcesPropertyResolver - Could not find key 'SPRING_APPLICATION_JSON:' in any property source
[DEBUG] 2017-06-04 15:06:46.301 [main] PropertySourcesPropertyResolver - Could not find key 'SPRING_APPLICATION_JSON' in any property source
[DEBUG] 2017-06-04 15:06:46.301 [main] PropertySourcesPropertyResolver - Could not find key 'spring.application.json:' in any property source
[DEBUG] 2017-06-04 15:06:46.301 [main] PropertySourcesPropertyResolver - Could not find key 'spring.application.json' in any property source
[DEBUG] 2017-06-04 15:06:46.301 [main] StandardEnvironment - Adding [random] PropertySource with search precedence immediately lower than [systemEnvironment]
[DEBUG] 2017-06-04 15:06:46.303 [main] PropertySourcesPropertyResolver - Could not find key 'spring.profiles.active' in any property source
[DEBUG] 2017-06-04 15:06:46.303 [main] PropertySourcesPropertyResolver - Could not find key 'spring.profiles.default' in any property source
[DEBUG] 2017-06-04 15:06:46.305 [main] MutablePropertySources - Adding [applicationConfig: [profile=]] PropertySource with highest search precedence
[DEBUG] 2017-06-04 15:06:46.314 [main] StandardEnvironment - Adding [applicationConfigurationProperties] PropertySource with lowest search precedence
[DEBUG] 2017-06-04 15:06:46.324 [main] PropertySourcesPropertyResolver - Could not find key 'logging.file' in any property source
[DEBUG] 2017-06-04 15:06:46.324 [main] PropertySourcesPropertyResolver - Could not find key 'logging.path' in any property source
[DEBUG] 2017-06-04 15:06:46.324 [main] PropertySourcesPropertyResolver - Could not find key 'debug' in any property source
[DEBUG] 2017-06-04 15:06:46.324 [main] PropertySourcesPropertyResolver - Could not find key 'trace' in any property source
[DEBUG] 2017-06-04 15:06:46.324 [main] PropertySourcesPropertyResolver - Found key 'logging.config' in [applicationConfigurationProperties] with type [String]
[DEBUG] 2017-06-04 15:06:46.325 [main] ClasspathLoggingApplicationListener - Application started with classpath: [file:/home/user/Downloads/part1_movieapp-starter/spring-rest/target/surefire/surefirebooter8256104674369339533.jar]
[DEBUG] 2017-06-04 15:06:46.326 [main] PropertySourcesPropertyResolver - Could not find key 'context.listener.classes' in any property source
[DEBUG] 2017-06-04 15:06:46.326 [main] PropertySourcesPropertyResolver - Could not find key 'banner.image.location' in any property source
[DEBUG] 2017-06-04 15:06:46.327 [main] PropertySourcesPropertyResolver - Could not find key 'banner.location' in any property source

  .   ____          _            __ _ _
 /\\ / ___'_ __ _ _(_)_ __  __ _ \ \ \ \
( ( )\___ | '_ | '_| | '_ \/ _` | \ \ \ \
 \\/  ___)| |_)| | | | | || (_| |  ) ) ) )
  '  |____| .__|_| |_|_| |_\__, | / / / /
 =========|_|==============|___/=/_/_/_/
 :: Spring Boot ::        (v1.4.2.RELEASE)

[DEBUG] 2017-06-04 15:06:46.329 [main] PropertySourcesPropertyResolver - Could not find key 'context.initializer.classes' in any property source
[DEBUG] 2017-06-04 15:06:46.329 [main] PropertySourcesPropertyResolver - Could not find key 'spring.config.name:application' in any property source
[DEBUG] 2017-06-04 15:06:46.329 [main] PropertySourcesPropertyResolver - Could not find key 'spring.config.name' in any property source
[DEBUG] 2017-06-04 15:06:46.330 [main] PropertySourcesPropertyResolver - Could not find key 'vcap.application.name:application' in any property source
[DEBUG] 2017-06-04 15:06:46.330 [main] PropertySourcesPropertyResolver - Could not find key 'vcap.application.name' in any property source
[DEBUG] 2017-06-04 15:06:46.330 [main] PropertySourcesPropertyResolver - Could not find key 'spring.application.name:application' in any property source
[DEBUG] 2017-06-04 15:06:46.330 [main] PropertySourcesPropertyResolver - Could not find key 'spring.application.name' in any property source
[DEBUG] 2017-06-04 15:06:46.330 [main] PropertySourcesPropertyResolver - Could not find key 'PORT:null' in any property source
[DEBUG] 2017-06-04 15:06:46.330 [main] PropertySourcesPropertyResolver - Could not find key 'PORT' in any property source
[DEBUG] 2017-06-04 15:06:46.330 [main] PropertySourcesPropertyResolver - Could not find key 'server.port:null' in any property source
[DEBUG] 2017-06-04 15:06:46.330 [main] PropertySourcesPropertyResolver - Found key 'server.port' in [Inlined Test Properties] with type [String]
[DEBUG] 2017-06-04 15:06:46.330 [main] PropertySourcesPropertyResolver - Could not find key 'spring.application.index:-1' in any property source
[DEBUG] 2017-06-04 15:06:46.330 [main] PropertySourcesPropertyResolver - Could not find key 'spring.application.index' in any property source
[DEBUG] 2017-06-04 15:06:46.330 [main] PropertySourcesPropertyResolver - Could not find key 'vcap.application.instance_index:-1' in any property source
[DEBUG] 2017-06-04 15:06:46.330 [main] PropertySourcesPropertyResolver - Could not find key 'vcap.application.instance_index' in any property source
[DEBUG] 2017-06-04 15:06:46.330 [main] PropertySourcesPropertyResolver - Could not find key 'spring.profiles.active' in any property source
[DEBUG] 2017-06-04 15:06:46.331 [main] StandardEnvironment - Adding [test] PropertySource with highest search precedence
[DEBUG] 2017-06-04 15:06:46.332 [main] StandardEnvironment - Adding [Annotations] PropertySource with highest search precedence
[DEBUG] 2017-06-04 15:06:46.333 [main] DefaultListableBeanFactory - Returning cached instance of singleton bean 'autoConfigurationReport'
[INFO ] 2017-06-04 15:06:46.334 [main] MovieRestControllerTest - Starting MovieRestControllerTest on user-ThinkPad-T420 with PID 3136 (started by user in /home/user/Downloads/part1_movieapp-starter/spring-rest)
[DEBUG] 2017-06-04 15:06:46.334 [main] MovieRestControllerTest - Running with Spring Boot v1.4.2.RELEASE, Spring v4.3.4.RELEASE
[DEBUG] 2017-06-04 15:06:46.334 [main] PropertySourcesPropertyResolver - Could not find key 'spring.profiles.active' in any property source
[DEBUG] 2017-06-04 15:06:46.334 [main] PropertySourcesPropertyResolver - Could not find key 'spring.profiles.default' in any property source
[INFO ] 2017-06-04 15:06:46.334 [main] MovieRestControllerTest - No active profile set, falling back to default profiles: default
[DEBUG] 2017-06-04 15:06:46.334 [main] SpringApplication - Loading source class com.stackroute.ng2boot.Ng2bootApplication
[DEBUG] 2017-06-04 15:06:46.335 [main] ClassPathBeanDefinitionScanner - JSR-250 'javax.annotation.ManagedBean' found and supported for component scanning
[DEBUG] 2017-06-04 15:06:46.337 [main] ConfigFileApplicationListener - Loaded config file 'file:/home/user/Downloads/part1_movieapp-starter/spring-rest/target/classes/application.properties' (classpath:/application.properties)
[DEBUG] 2017-06-04 15:06:46.337 [main] ConfigFileApplicationListener - Skipped (empty) config file 'file:/home/user/Downloads/part1_movieapp-starter/spring-rest/target/classes/application.properties' (classpath:/application.properties) for profile default
[INFO ] 2017-06-04 15:06:46.337 [main] GenericWebApplicationContext - Refreshing org.springframework.web.context.support.GenericWebApplicationContext@63fd4dda: startup date [Sun Jun 04 15:06:46 IST 2017]; root of context hierarchy
[DEBUG] 2017-06-04 15:06:46.337 [main] GenericWebApplicationContext - Bean factory for org.springframework.web.context.support.GenericWebApplicationContext@63fd4dda: org.springframework.beans.factory.support.DefaultListableBeanFactory@bd3eff4: defining beans [org.springframework.context.annotation.internalConfigurationAnnotationProcessor,org.springframework.context.annotation.internalAutowiredAnnotationProcessor,org.springframework.context.annotation.internalRequiredAnnotationProcessor,org.springframework.context.annotation.internalCommonAnnotationProcessor,org.springframework.context.event.internalEventListenerProcessor,org.springframework.context.event.internalEventListenerFactory,org.springframework.boot.test.context.ImportsContextCustomizer$ImportsCleanupPostProcessor,org.springframework.boot.test.context.ImportsContextCustomizer$ImportsConfiguration,org.springframework.boot.test.mock.mockito.MockitoPostProcessor$SpyPostProcessor,org.springframework.boot.test.mock.mockito.MockitoPostProcessor,ng2bootApplication]; root of factory hierarchy
[DEBUG] 2017-06-04 15:06:46.337 [main] DefaultListableBeanFactory - Registering scope 'request' with implementation [org.springframework.web.context.request.RequestScope@5934ca1e]
[DEBUG] 2017-06-04 15:06:46.337 [main] DefaultListableBeanFactory - Registering scope 'session' with implementation [org.springframework.web.context.request.SessionScope@5348d83c]
[DEBUG] 2017-06-04 15:06:46.337 [main] DefaultListableBeanFactory - Registering scope 'globalSession' with implementation [org.springframework.web.context.request.SessionScope@477021ee]
[DEBUG] 2017-06-04 15:06:46.337 [main] DefaultListableBeanFactory - Registering scope 'application' with implementation [org.springframework.web.context.support.ServletContextScope@2180e789]
[DEBUG] 2017-06-04 15:06:46.338 [main] DefaultListableBeanFactory - Creating shared instance of singleton bean 'org.springframework.context.annotation.internalConfigurationAnnotationProcessor'
[DEBUG] 2017-06-04 15:06:46.338 [main] DefaultListableBeanFactory - Creating instance of bean 'org.springframework.context.annotation.internalConfigurationAnnotationProcessor'
[DEBUG] 2017-06-04 15:06:46.338 [main] DefaultListableBeanFactory - Eagerly caching bean 'org.springframework.context.annotation.internalConfigurationAnnotationProcessor' to allow for resolving potential circular references
[DEBUG] 2017-06-04 15:06:46.338 [main] DefaultListableBeanFactory - Creating shared instance of singleton bean 'org.springframework.boot.autoconfigure.internalCachingMetadataReaderFactory'
[DEBUG] 2017-06-04 15:06:46.338 [main] DefaultListableBeanFactory - Creating instance of bean 'org.springframework.boot.autoconfigure.internalCachingMetadataReaderFactory'
[DEBUG] 2017-06-04 15:06:46.338 [main] DefaultListableBeanFactory - Eagerly caching bean 'org.springframework.boot.autoconfigure.internalCachingMetadataReaderFactory' to allow for resolving potential circular references
[DEBUG] 2017-06-04 15:06:46.338 [main] DefaultListableBeanFactory - Finished creating instance of bean 'org.springframework.boot.autoconfigure.internalCachingMetadataReaderFactory'
[DEBUG] 2017-06-04 15:06:46.342 [background-preinit] DefaultTraversableResolver - Cannot find javax.persistence.Persistence on classpath. Assuming non JPA 2 environment. All properties will per default be traversable.
[DEBUG] 2017-06-04 15:06:46.356 [main] DefaultListableBeanFactory - Finished creating instance of bean 'org.springframework.context.annotation.internalConfigurationAnnotationProcessor'
[DEBUG] 2017-06-04 15:06:46.372 [main] StandardEnvironment - Adding [systemProperties] PropertySource with lowest search precedence
[DEBUG] 2017-06-04 15:06:46.372 [main] StandardEnvironment - Adding [systemEnvironment] PropertySource with lowest search precedence
[DEBUG] 2017-06-04 15:06:46.372 [main] StandardEnvironment - Initialized StandardEnvironment with PropertySources [systemProperties,systemEnvironment]
[DEBUG] 2017-06-04 15:06:46.372 [main] ClassPathBeanDefinitionScanner - JSR-250 'javax.annotation.ManagedBean' found and supported for component scanning
[DEBUG] 2017-06-04 15:06:46.373 [main] PathMatchingResourcePatternResolver - Resolved classpath location [com/stackroute/ng2boot/] to resources [URL [file:/home/user/Downloads/part1_movieapp-starter/spring-rest/target/test-classes/com/stackroute/ng2boot/], URL [file:/home/user/Downloads/part1_movieapp-starter/spring-rest/target/classes/com/stackroute/ng2boot/]]
[DEBUG] 2017-06-04 15:06:46.373 [main] PathMatchingResourcePatternResolver - Looking for matching resources in directory tree [/home/user/Downloads/part1_movieapp-starter/spring-rest/target/test-classes/com/stackroute/ng2boot]
[DEBUG] 2017-06-04 15:06:46.373 [main] PathMatchingResourcePatternResolver - Searching directory [/home/user/Downloads/part1_movieapp-starter/spring-rest/target/test-classes/com/stackroute/ng2boot] for files matching pattern [/home/user/Downloads/part1_movieapp-starter/spring-rest/target/test-classes/com/stackroute/ng2boot/**/*.class]
[DEBUG] 2017-06-04 15:06:46.374 [main] PathMatchingResourcePatternResolver - Searching directory [/home/user/Downloads/part1_movieapp-starter/spring-rest/target/test-classes/com/stackroute/ng2boot/controllers] for files matching pattern [/home/user/Downloads/part1_movieapp-starter/spring-rest/target/test-classes/com/stackroute/ng2boot/**/*.class]
[DEBUG] 2017-06-04 15:06:46.375 [main] PathMatchingResourcePatternResolver - Looking for matching resources in directory tree [/home/user/Downloads/part1_movieapp-starter/spring-rest/target/classes/com/stackroute/ng2boot]
[DEBUG] 2017-06-04 15:06:46.375 [main] PathMatchingResourcePatternResolver - Searching directory [/home/user/Downloads/part1_movieapp-starter/spring-rest/target/classes/com/stackroute/ng2boot] for files matching pattern [/home/user/Downloads/part1_movieapp-starter/spring-rest/target/classes/com/stackroute/ng2boot/**/*.class]
[DEBUG] 2017-06-04 15:06:46.375 [main] PathMatchingResourcePatternResolver - Searching directory [/home/user/Downloads/part1_movieapp-starter/spring-rest/target/classes/com/stackroute/ng2boot/config] for files matching pattern [/home/user/Downloads/part1_movieapp-starter/spring-rest/target/classes/com/stackroute/ng2boot/**/*.class]
[DEBUG] 2017-06-04 15:06:46.375 [main] PathMatchingResourcePatternResolver - Searching directory [/home/user/Downloads/part1_movieapp-starter/spring-rest/target/classes/com/stackroute/ng2boot/controllers] for files matching pattern [/home/user/Downloads/part1_movieapp-starter/spring-rest/target/classes/com/stackroute/ng2boot/**/*.class]
[DEBUG] 2017-06-04 15:06:46.375 [main] PathMatchingResourcePatternResolver - Searching directory [/home/user/Downloads/part1_movieapp-starter/spring-rest/target/classes/com/stackroute/ng2boot/domain] for files matching pattern [/home/user/Downloads/part1_movieapp-starter/spring-rest/target/classes/com/stackroute/ng2boot/**/*.class]
[DEBUG] 2017-06-04 15:06:46.376 [main] PathMatchingResourcePatternResolver - Searching directory [/home/user/Downloads/part1_movieapp-starter/spring-rest/target/classes/com/stackroute/ng2boot/links] for files matching pattern [/home/user/Downloads/part1_movieapp-starter/spring-rest/target/classes/com/stackroute/ng2boot/**/*.class]
[DEBUG] 2017-06-04 15:06:46.376 [main] PathMatchingResourcePatternResolver - Searching directory [/home/user/Downloads/part1_movieapp-starter/spring-rest/target/classes/com/stackroute/ng2boot/repository] for files matching pattern [/home/user/Downloads/part1_movieapp-starter/spring-rest/target/classes/com/stackroute/ng2boot/**/*.class]
[DEBUG] 2017-06-04 15:06:46.376 [main] PathMatchingResourcePatternResolver - Searching directory [/home/user/Downloads/part1_movieapp-starter/spring-rest/target/classes/com/stackroute/ng2boot/service] for files matching pattern [/home/user/Downloads/part1_movieapp-starter/spring-rest/target/classes/com/stackroute/ng2boot/**/*.class]
[DEBUG] 2017-06-04 15:06:46.376 [main] PathMatchingResourcePatternResolver - Resolved location pattern [classpath*:com/stackroute/ng2boot/**/*.class] to resources [file [/home/user/Downloads/part1_movieapp-starter/spring-rest/target/test-classes/com/stackroute/ng2boot/Ng2bootApplicationTests.class], file [/home/user/Downloads/part1_movieapp-starter/spring-rest/target/test-classes/com/stackroute/ng2boot/controllers/MovieRestControllerTest.class], file [/home/user/Downloads/part1_movieapp-starter/spring-rest/target/classes/com/stackroute/ng2boot/Ng2bootApplication.class], file [/home/user/Downloads/part1_movieapp-starter/spring-rest/target/classes/com/stackroute/ng2boot/config/SwaggerConfig.class], file [/home/user/Downloads/part1_movieapp-starter/spring-rest/target/classes/com/stackroute/ng2boot/controllers/MovieRestController.class], file [/home/user/Downloads/part1_movieapp-starter/spring-rest/target/classes/com/stackroute/ng2boot/controllers/MovieRestControllerTest.class], file [/home/user/Downloads/part1_movieapp-starter/spring-rest/target/classes/com/stackroute/ng2boot/domain/Movie.class], file [/home/user/Downloads/part1_movieapp-starter/spring-rest/target/classes/com/stackroute/ng2boot/links/MovieLinks.class], file [/home/user/Downloads/part1_movieapp-starter/spring-rest/target/classes/com/stackroute/ng2boot/links/MovieLinksImpl.class], file [/home/user/Downloads/part1_movieapp-starter/spring-rest/target/classes/com/stackroute/ng2boot/repository/CrudsRepository.class], file [/home/user/Downloads/part1_movieapp-starter/spring-rest/target/classes/com/stackroute/ng2boot/repository/MovieRepository.class], file [/home/user/Downloads/part1_movieapp-starter/spring-rest/target/classes/com/stackroute/ng2boot/service/MovieGetService.class], file [/home/user/Downloads/part1_movieapp-starter/spring-rest/target/classes/com/stackroute/ng2boot/service/MovieGetServiceImpl.class]]
[DEBUG] 2017-06-04 15:06:46.377 [main] DefaultListableBeanFactory - Returning cached instance of singleton bean 'org.springframework.boot.test.context.filter.TestTypeExcludeFilter'
[DEBUG] 2017-06-04 15:06:46.377 [main] DefaultListableBeanFactory - Returning cached instance of singleton bean 'org.springframework.boot.test.autoconfigure.filter.TypeExcludeFilters'
[DEBUG] 2017-06-04 15:06:46.378 [main] DefaultListableBeanFactory - Returning cached instance of singleton bean 'org.springframework.boot.test.context.filter.TestTypeExcludeFilter'
[DEBUG] 2017-06-04 15:06:46.378 [main] DefaultListableBeanFactory - Returning cached instance of singleton bean 'org.springframework.boot.test.autoconfigure.filter.TypeExcludeFilters'
[DEBUG] 2017-06-04 15:06:46.380 [main] DefaultListableBeanFactory - Returning cached instance of singleton bean 'org.springframework.boot.test.context.filter.TestTypeExcludeFilter'
[DEBUG] 2017-06-04 15:06:46.380 [main] DefaultListableBeanFactory - Returning cached instance of singleton bean 'org.springframework.boot.test.autoconfigure.filter.TypeExcludeFilters'
[DEBUG] 2017-06-04 15:06:46.382 [main] DefaultListableBeanFactory - Returning cached instance of singleton bean 'org.springframework.boot.test.context.filter.TestTypeExcludeFilter'
[DEBUG] 2017-06-04 15:06:46.383 [main] DefaultListableBeanFactory - Returning cached instance of singleton bean 'org.springframework.boot.test.autoconfigure.filter.TypeExcludeFilters'
[DEBUG] 2017-06-04 15:06:46.383 [main] ClassPathBeanDefinitionScanner - Identified candidate component class: file [/home/user/Downloads/part1_movieapp-starter/spring-rest/target/classes/com/stackroute/ng2boot/controllers/MovieRestController.class]
[DEBUG] 2017-06-04 15:06:46.384 [main] DefaultListableBeanFactory - Returning cached instance of singleton bean 'org.springframework.boot.test.context.filter.TestTypeExcludeFilter'
[DEBUG] 2017-06-04 15:06:46.384 [main] DefaultListableBeanFactory - Returning cached instance of singleton bean 'org.springframework.boot.test.autoconfigure.filter.TypeExcludeFilters'
[DEBUG] 2017-06-04 15:06:46.385 [main] DefaultListableBeanFactory - Returning cached instance of singleton bean 'org.springframework.boot.test.context.filter.TestTypeExcludeFilter'
[DEBUG] 2017-06-04 15:06:46.385 [main] DefaultListableBeanFactory - Returning cached instance of singleton bean 'org.springframework.boot.test.autoconfigure.filter.TypeExcludeFilters'
[DEBUG] 2017-06-04 15:06:46.388 [main] DefaultListableBeanFactory - Returning cached instance of singleton bean 'org.springframework.boot.test.context.filter.TestTypeExcludeFilter'
[DEBUG] 2017-06-04 15:06:46.388 [main] DefaultListableBeanFactory - Returning cached instance of singleton bean 'org.springframework.boot.test.autoconfigure.filter.TypeExcludeFilters'
[DEBUG] 2017-06-04 15:06:46.388 [main] DefaultListableBeanFactory - Returning cached instance of singleton bean 'org.springframework.boot.test.context.filter.TestTypeExcludeFilter'
[DEBUG] 2017-06-04 15:06:46.388 [main] DefaultListableBeanFactory - Returning cached instance of singleton bean 'org.springframework.boot.test.autoconfigure.filter.TypeExcludeFilters'
[DEBUG] 2017-06-04 15:06:46.389 [main] DefaultListableBeanFactory - Returning cached instance of singleton bean 'org.springframework.boot.test.context.filter.TestTypeExcludeFilter'
[DEBUG] 2017-06-04 15:06:46.389 [main] DefaultListableBeanFactory - Returning cached instance of singleton bean 'org.springframework.boot.test.autoconfigure.filter.TypeExcludeFilters'
[DEBUG] 2017-06-04 15:06:46.393 [main] DefaultListableBeanFactory - Returning cached instance of singleton bean 'org.springframework.boot.test.context.filter.TestTypeExcludeFilter'
[DEBUG] 2017-06-04 15:06:46.393 [main] DefaultListableBeanFactory - Returning cached instance of singleton bean 'org.springframework.boot.test.autoconfigure.filter.TypeExcludeFilters'
[DEBUG] 2017-06-04 15:06:46.398 [main] DefaultListableBeanFactory - Returning cached instance of singleton bean 'org.springframework.boot.test.context.filter.TestTypeExcludeFilter'
[DEBUG] 2017-06-04 15:06:46.398 [main] DefaultListableBeanFactory - Returning cached instance of singleton bean 'org.springframework.boot.test.autoconfigure.filter.TypeExcludeFilters'
[DEBUG] 2017-06-04 15:06:46.399 [main] DefaultListableBeanFactory - Returning cached instance of singleton bean 'org.springframework.boot.test.context.filter.TestTypeExcludeFilter'
[DEBUG] 2017-06-04 15:06:46.399 [main] DefaultListableBeanFactory - Returning cached instance of singleton bean 'org.springframework.boot.test.autoconfigure.filter.TypeExcludeFilters'
[DEBUG] 2017-06-04 15:06:46.412 [main] DefaultListableBeanFactory - Returning cached instance of singleton bean 'org.springframework.boot.autoconfigure.internalCachingMetadataReaderFactory'
[DEBUG] 2017-06-04 15:06:46.423 [main] DefaultListableBeanFactory - Returning cached instance of singleton bean 'autoConfigurationReport'
[DEBUG] 2017-06-04 15:06:46.424 [main] PropertySourcesPropertyResolver - Could not find key 'spring.messages.basename' in any property source
[DEBUG] 2017-06-04 15:06:46.424 [main] DefaultListableBeanFactory - Returning cached instance of singleton bean 'autoConfigurationReport'
[DEBUG] 2017-06-04 15:06:46.425 [main] DefaultListableBeanFactory - Returning cached instance of singleton bean 'autoConfigurationReport'
[DEBUG] 2017-06-04 15:06:46.425 [main] DefaultListableBeanFactory - Returning cached instance of singleton bean 'autoConfigurationReport'
[DEBUG] 2017-06-04 15:06:46.429 [main] PropertySourcesPropertyResolver - Found key 'spring.cache.type' in [Annotations] with type [CacheType]
[DEBUG] 2017-06-04 15:06:46.430 [main] PropertySourcesPropertyResolver - Found key 'spring.test.mockmvc.secure' in [Annotations] with type [Boolean]
[DEBUG] 2017-06-04 15:06:46.430 [main] PropertySourcesPropertyResolver - Found key 'spring.test.mockmvc.webdriver.enabled' in [Annotations] with type [Boolean]
[DEBUG] 2017-06-04 15:06:46.430 [main] PropertySourcesPropertyResolver - Found key 'spring.test.mockmvc.add-filters' in [Annotations] with type [Boolean]
[DEBUG] 2017-06-04 15:06:46.430 [main] PropertySourcesPropertyResolver - Found key 'spring.test.mockmvc.print-only-on-failure' in [Annotations] with type [Boolean]
[DEBUG] 2017-06-04 15:06:46.430 [main] PropertySourcesPropertyResolver - Found key 'spring.test.mockmvc.webclient.enabled' in [Annotations] with type [Boolean]
[DEBUG] 2017-06-04 15:06:46.430 [main] PropertySourcesPropertyResolver - Found key 'spring.boot.enableautoconfiguration' in [test] with type [String]
[DEBUG] 2017-06-04 15:06:46.430 [main] PropertySourcesPropertyResolver - Found key 'spring.jmx.enabled' in [Inlined Test Properties] with type [String]
[DEBUG] 2017-06-04 15:06:46.430 [main] PropertySourcesPropertyResolver - Found key 'org.springframework.boot.test.autoconfigure.web.servlet.WebMvcTestContextBootstrapper' in [Inlined Test Properties] with type [String]
[DEBUG] 2017-06-04 15:06:46.430 [main] PropertySourcesPropertyResolver - Found key 'server.port' in [Inlined Test Properties] with type [String]
[DEBUG] 2017-06-04 15:06:46.431 [main] PropertySourcesPropertyResolver - Found key 'java.runtime.name' in [systemProperties] with type [String]
[DEBUG] 2017-06-04 15:06:46.431 [main] PropertySourcesPropertyResolver - Found key 'sun.boot.library.path' in [systemProperties] with type [String]
[DEBUG] 2017-06-04 15:06:46.431 [main] PropertySourcesPropertyResolver - Found key 'java.vm.version' in [systemProperties] with type [String]
[DEBUG] 2017-06-04 15:06:46.431 [main] PropertySourcesPropertyResolver - Found key 'java.vm.vendor' in [systemProperties] with type [String]
[DEBUG] 2017-06-04 15:06:46.431 [main] PropertySourcesPropertyResolver - Found key 'java.vendor.url' in [systemProperties] with type [String]
[DEBUG] 2017-06-04 15:06:46.431 [main] PropertySourcesPropertyResolver - Found key 'path.separator' in [systemProperties] with type [String]
[DEBUG] 2017-06-04 15:06:46.431 [main] PropertySourcesPropertyResolver - Found key 'java.vm.name' in [systemProperties] with type [String]
[DEBUG] 2017-06-04 15:06:46.431 [main] PropertySourcesPropertyResolver - Found key 'file.encoding.pkg' in [systemProperties] with type [String]
[DEBUG] 2017-06-04 15:06:46.431 [main] PropertySourcesPropertyResolver - Found key 'user.country' in [systemProperties] with type [String]
[DEBUG] 2017-06-04 15:06:46.432 [main] PropertySourcesPropertyResolver - Found key 'sun.java.launcher' in [systemProperties] with type [String]
[DEBUG] 2017-06-04 15:06:46.432 [main] PropertySourcesPropertyResolver - Found key 'sun.os.patch.level' in [systemProperties] with type [String]
[DEBUG] 2017-06-04 15:06:46.432 [main] PropertySourcesPropertyResolver - Found key 'PID' in [systemProperties] with type [String]
[DEBUG] 2017-06-04 15:06:46.432 [main] PropertySourcesPropertyResolver - Found key 'java.vm.specification.name' in [systemProperties] with type [String]
[DEBUG] 2017-06-04 15:06:46.432 [main] PropertySourcesPropertyResolver - Found key 'user.dir' in [systemProperties] with type [String]
[DEBUG] 2017-06-04 15:06:46.432 [main] PropertySourcesPropertyResolver - Found key 'java.runtime.version' in [systemProperties] with type [String]
[DEBUG] 2017-06-04 15:06:46.432 [main] PropertySourcesPropertyResolver - Found key 'basedir' in [systemProperties] with type [String]
[DEBUG] 2017-06-04 15:06:46.432 [main] PropertySourcesPropertyResolver - Found key 'java.awt.graphicsenv' in [systemProperties] with type [String]
[DEBUG] 2017-06-04 15:06:46.432 [main] PropertySourcesPropertyResolver - Found key 'java.endorsed.dirs' in [systemProperties] with type [String]
[DEBUG] 2017-06-04 15:06:46.432 [main] PropertySourcesPropertyResolver - Found key 'os.arch' in [systemProperties] with type [String]
[DEBUG] 2017-06-04 15:06:46.432 [main] PropertySourcesPropertyResolver - Found key 'surefire.real.class.path' in [systemProperties] with type [String]
[DEBUG] 2017-06-04 15:06:46.432 [main] PropertySourcesPropertyResolver - Found key 'java.io.tmpdir' in [systemProperties] with type [String]
[DEBUG] 2017-06-04 15:06:46.432 [main] PropertySourcesPropertyResolver - Found key 'line.separator' in [systemProperties] with type [String]
[DEBUG] 2017-06-04 15:06:46.432 [main] PropertySourcesPropertyResolver - Found key 'java.vm.specification.vendor' in [systemProperties] with type [String]
[DEBUG] 2017-06-04 15:06:46.432 [main] PropertySourcesPropertyResolver - Found key 'os.name' in [systemProperties] with type [String]
[DEBUG] 2017-06-04 15:06:46.432 [main] PropertySourcesPropertyResolver - Found key 'sun.jnu.encoding' in [systemProperties] with type [String]
[DEBUG] 2017-06-04 15:06:46.432 [main] PropertySourcesPropertyResolver - Found key 'spring.beaninfo.ignore' in [systemProperties] with type [String]
[DEBUG] 2017-06-04 15:06:46.432 [main] PropertySourcesPropertyResolver - Found key 'java.library.path' in [systemProperties] with type [String]
[DEBUG] 2017-06-04 15:06:46.432 [main] PropertySourcesPropertyResolver - Found key 'surefire.test.class.path' in [systemProperties] with type [String]
[DEBUG] 2017-06-04 15:06:46.432 [main] PropertySourcesPropertyResolver - Found key 'java.specification.name' in [systemProperties] with type [String]
[DEBUG] 2017-06-04 15:06:46.433 [main] PropertySourcesPropertyResolver - Found key 'java.class.version' in [systemProperties] with type [String]
[DEBUG] 2017-06-04 15:06:46.433 [main] PropertySourcesPropertyResolver - Found key 'sun.management.compiler' in [systemProperties] with type [String]
[DEBUG] 2017-06-04 15:06:46.433 [main] PropertySourcesPropertyResolver - Found key 'os.version' in [systemProperties] with type [String]
[DEBUG] 2017-06-04 15:06:46.433 [main] PropertySourcesPropertyResolver - Found key 'user.home' in [systemProperties] with type [String]
[DEBUG] 2017-06-04 15:06:46.433 [main] PropertySourcesPropertyResolver - Found key 'user.timezone' in [systemProperties] with type [String]
[DEBUG] 2017-06-04 15:06:46.433 [main] PropertySourcesPropertyResolver - Found key 'java.awt.printerjob' in [systemProperties] with type [String]
[DEBUG] 2017-06-04 15:06:46.433 [main] PropertySourcesPropertyResolver - Found key 'file.encoding' in [systemProperties] with type [String]
[DEBUG] 2017-06-04 15:06:46.433 [main] PropertySourcesPropertyResolver - Found key 'java.specification.version' in [systemProperties] with type [String]
[DEBUG] 2017-06-04 15:06:46.433 [main] PropertySourcesPropertyResolver - Found key 'java.class.path' in [systemProperties] with type [String]
[DEBUG] 2017-06-04 15:06:46.433 [main] PropertySourcesPropertyResolver - Found key 'user.name' in [systemProperties] with type [String]
[DEBUG] 2017-06-04 15:06:46.433 [main] PropertySourcesPropertyResolver - Found key 'java.vm.specification.version' in [systemProperties] with type [String]
[DEBUG] 2017-06-04 15:06:46.433 [main] PropertySourcesPropertyResolver - Found key 'sun.java.command' in [systemProperties] with type [String]
[DEBUG] 2017-06-04 15:06:46.433 [main] PropertySourcesPropertyResolver - Found key 'java.home' in [systemProperties] with type [String]
[DEBUG] 2017-06-04 15:06:46.433 [main] PropertySourcesPropertyResolver - Found key 'sun.arch.data.model' in [systemProperties] with type [String]
[DEBUG] 2017-06-04 15:06:46.433 [main] PropertySourcesPropertyResolver - Found key 'user.language' in [systemProperties] with type [String]
[DEBUG] 2017-06-04 15:06:46.433 [main] PropertySourcesPropertyResolver - Found key 'java.specification.vendor' in [systemProperties] with type [String]
[DEBUG] 2017-06-04 15:06:46.433 [main] PropertySourcesPropertyResolver - Found key 'awt.toolkit' in [systemProperties] with type [String]
[DEBUG] 2017-06-04 15:06:46.433 [main] PropertySourcesPropertyResolver - Found key 'java.vm.info' in [systemProperties] with type [String]
[DEBUG] 2017-06-04 15:06:46.433 [main] PropertySourcesPropertyResolver - Found key 'java.version' in [systemProperties] with type [String]
[DEBUG] 2017-06-04 15:06:46.433 [main] PropertySourcesPropertyResolver - Found key 'java.ext.dirs' in [systemProperties] with type [String]
[DEBUG] 2017-06-04 15:06:46.433 [main] PropertySourcesPropertyResolver - Found key 'sun.boot.class.path' in [systemProperties] with type [String]
[DEBUG] 2017-06-04 15:06:46.434 [main] PropertySourcesPropertyResolver - Found key 'java.awt.headless' in [systemProperties] with type [String]
[DEBUG] 2017-06-04 15:06:46.434 [main] PropertySourcesPropertyResolver - Found key 'java.vendor' in [systemProperties] with type [String]
[DEBUG] 2017-06-04 15:06:46.434 [main] PropertySourcesPropertyResolver - Found key 'localRepository' in [systemProperties] with type [String]
[DEBUG] 2017-06-04 15:06:46.434 [main] PropertySourcesPropertyResolver - Found key 'file.separator' in [systemProperties] with type [String]
[DEBUG] 2017-06-04 15:06:46.434 [main] PropertySourcesPropertyResolver - Found key 'java.vendor.url.bug' in [systemProperties] with type [String]
[DEBUG] 2017-06-04 15:06:46.434 [main] PropertySourcesPropertyResolver - Found key 'sun.io.unicode.encoding' in [systemProperties] with type [String]
[DEBUG] 2017-06-04 15:06:46.434 [main] PropertySourcesPropertyResolver - Found key 'sun.cpu.endian' in [systemProperties] with type [String]
[DEBUG] 2017-06-04 15:06:46.434 [main] PropertySourcesPropertyResolver - Found key 'sun.desktop' in [systemProperties] with type [String]
[DEBUG] 2017-06-04 15:06:46.434 [main] PropertySourcesPropertyResolver - Found key 'sun.cpu.isalist' in [systemProperties] with type [String]
[DEBUG] 2017-06-04 15:06:46.434 [main] PropertySourcesPropertyResolver - Found key 'PATH' in [systemEnvironment] with type [String]
[DEBUG] 2017-06-04 15:06:46.434 [main] PropertySourcesPropertyResolver - Found key 'XAUTHORITY' in [systemEnvironment] with type [String]
[DEBUG] 2017-06-04 15:06:46.434 [main] PropertySourcesPropertyResolver - Found key 'XMODIFIERS' in [systemEnvironment] with type [String]
[DEBUG] 2017-06-04 15:06:46.434 [main] PropertySourcesPropertyResolver - Found key 'XDG_DATA_DIRS' in [systemEnvironment] with type [String]
[DEBUG] 2017-06-04 15:06:46.434 [main] PropertySourcesPropertyResolver - Found key 'GDMSESSION' in [systemEnvironment] with type [String]
[DEBUG] 2017-06-04 15:06:46.434 [main] PropertySourcesPropertyResolver - Found key 'MANDATORY_PATH' in [systemEnvironment] with type [String]
[DEBUG] 2017-06-04 15:06:46.434 [main] PropertySourcesPropertyResolver - Found key 'GTK_IM_MODULE' in [systemEnvironment] with type [String]
[DEBUG] 2017-06-04 15:06:46.434 [main] PropertySourcesPropertyResolver - Found key 'DBUS_SESSION_BUS_ADDRESS' in [systemEnvironment] with type [String]
[DEBUG] 2017-06-04 15:06:46.434 [main] PropertySourcesPropertyResolver - Found key 'DEFAULTS_PATH' in [systemEnvironment] with type [String]
[DEBUG] 2017-06-04 15:06:46.434 [main] PropertySourcesPropertyResolver - Found key 'XDG_CURRENT_DESKTOP' in [systemEnvironment] with type [String]
[DEBUG] 2017-06-04 15:06:46.434 [main] PropertySourcesPropertyResolver - Found key 'UPSTART_SESSION' in [systemEnvironment] with type [String]
[DEBUG] 2017-06-04 15:06:46.434 [main] PropertySourcesPropertyResolver - Found key 'QT4_IM_MODULE' in [systemEnvironment] with type [String]
[DEBUG] 2017-06-04 15:06:46.435 [main] PropertySourcesPropertyResolver - Found key 'QT_LINUX_ACCESSIBILITY_ALWAYS_ON' in [systemEnvironment] with type [String]
[DEBUG] 2017-06-04 15:06:46.435 [main] PropertySourcesPropertyResolver - Found key 'LOGNAME' in [systemEnvironment] with type [String]
[DEBUG] 2017-06-04 15:06:46.435 [main] PropertySourcesPropertyResolver - Found key 'JOB' in [systemEnvironment] with type [String]
[DEBUG] 2017-06-04 15:06:46.435 [main] PropertySourcesPropertyResolver - Found key 'PWD' in [systemEnvironment] with type [String]
[DEBUG] 2017-06-04 15:06:46.435 [main] PropertySourcesPropertyResolver - Found key 'DERBY_HOME' in [systemEnvironment] with type [String]
[DEBUG] 2017-06-04 15:06:46.435 [main] PropertySourcesPropertyResolver - Found key 'IM_CONFIG_PHASE' in [systemEnvironment] with type [String]
[DEBUG] 2017-06-04 15:06:46.435 [main] PropertySourcesPropertyResolver - Found key 'LANGUAGE' in [systemEnvironment] with type [String]
[DEBUG] 2017-06-04 15:06:46.435 [main] PropertySourcesPropertyResolver - Found key 'SHELL' in [systemEnvironment] with type [String]
[DEBUG] 2017-06-04 15:06:46.435 [main] PropertySourcesPropertyResolver - Found key 'GIO_LAUNCHED_DESKTOP_FILE' in [systemEnvironment] with type [String]
[DEBUG] 2017-06-04 15:06:46.435 [main] PropertySourcesPropertyResolver - Found key 'GTK2_MODULES' in [systemEnvironment] with type [String]
[DEBUG] 2017-06-04 15:06:46.435 [main] PropertySourcesPropertyResolver - Found key 'INSTANCE' in [systemEnvironment] with type [String]
[DEBUG] 2017-06-04 15:06:46.435 [main] PropertySourcesPropertyResolver - Found key 'J2SDKDIR' in [systemEnvironment] with type [String]
[DEBUG] 2017-06-04 15:06:46.435 [main] PropertySourcesPropertyResolver - Found key 'OLDPWD' in [systemEnvironment] with type [String]
[DEBUG] 2017-06-04 15:06:46.435 [main] PropertySourcesPropertyResolver - Found key 'GNOME_DESKTOP_SESSION_ID' in [systemEnvironment] with type [String]
[DEBUG] 2017-06-04 15:06:46.435 [main] PropertySourcesPropertyResolver - Found key 'UPSTART_INSTANCE' in [systemEnvironment] with type [String]
[DEBUG] 2017-06-04 15:06:46.435 [main] PropertySourcesPropertyResolver - Found key 'GTK_MODULES' in [systemEnvironment] with type [String]
[DEBUG] 2017-06-04 15:06:46.435 [main] PropertySourcesPropertyResolver - Found key 'J2REDIR' in [systemEnvironment] with type [String]
[DEBUG] 2017-06-04 15:06:46.435 [main] PropertySourcesPropertyResolver - Found key 'GDK_SCALE' in [systemEnvironment] with type [String]
[DEBUG] 2017-06-04 15:06:46.436 [main] PropertySourcesPropertyResolver - Found key 'CLUTTER_IM_MODULE' in [systemEnvironment] with type [String]
[DEBUG] 2017-06-04 15:06:46.436 [main] PropertySourcesPropertyResolver - Found key 'XDG_SESSION_PATH' in [systemEnvironment] with type [String]
[DEBUG] 2017-06-04 15:06:46.436 [main] PropertySourcesPropertyResolver - Found key 'COMPIZ_BIN_PATH' in [systemEnvironment] with type [String]
[DEBUG] 2017-06-04 15:06:46.436 [main] PropertySourcesPropertyResolver - Found key 'SESSIONTYPE' in [systemEnvironment] with type [String]
[DEBUG] 2017-06-04 15:06:46.436 [main] PropertySourcesPropertyResolver - Found key 'XDG_SESSION_DESKTOP' in [systemEnvironment] with type [String]
[DEBUG] 2017-06-04 15:06:46.436 [main] PropertySourcesPropertyResolver - Found key 'SHLVL' in [systemEnvironment] with type [String]
[DEBUG] 2017-06-04 15:06:46.436 [main] PropertySourcesPropertyResolver - Found key 'OXYGEN_DISABLE_INNER_SHADOWS_HACK' in [systemEnvironment] with type [String]
[DEBUG] 2017-06-04 15:06:46.436 [main] PropertySourcesPropertyResolver - Found key 'COMPIZ_CONFIG_PROFILE' in [systemEnvironment] with type [String]
[DEBUG] 2017-06-04 15:06:46.436 [main] PropertySourcesPropertyResolver - Found key 'QT_IM_MODULE' in [systemEnvironment] with type [String]
[DEBUG] 2017-06-04 15:06:46.436 [main] PropertySourcesPropertyResolver - Found key 'UPSTART_JOB' in [systemEnvironment] with type [String]
[DEBUG] 2017-06-04 15:06:46.436 [main] PropertySourcesPropertyResolver - Found key 'JAVA_HOME' in [systemEnvironment] with type [String]
[DEBUG] 2017-06-04 15:06:46.436 [main] PropertySourcesPropertyResolver - Found key 'XDG_CONFIG_DIRS' in [systemEnvironment] with type [String]
[DEBUG] 2017-06-04 15:06:46.436 [main] PropertySourcesPropertyResolver - Found key 'XFILESEARCHPATH' in [systemEnvironment] with type [String]
[DEBUG] 2017-06-04 15:06:46.436 [main] PropertySourcesPropertyResolver - Found key 'LANG' in [systemEnvironment] with type [String]
[DEBUG] 2017-06-04 15:06:46.436 [main] PropertySourcesPropertyResolver - Found key 'GNOME_KEYRING_CONTROL' in [systemEnvironment] with type [String]
[DEBUG] 2017-06-04 15:06:46.436 [main] PropertySourcesPropertyResolver - Found key 'XDG_SEAT_PATH' in [systemEnvironment] with type [String]
[DEBUG] 2017-06-04 15:06:46.436 [main] PropertySourcesPropertyResolver - Found key 'XDG_SESSION_ID' in [systemEnvironment] with type [String]
[DEBUG] 2017-06-04 15:06:46.436 [main] PropertySourcesPropertyResolver - Found key 'XDG_SESSION_TYPE' in [systemEnvironment] with type [String]
[DEBUG] 2017-06-04 15:06:46.436 [main] PropertySourcesPropertyResolver - Found key 'DISPLAY' in [systemEnvironment] with type [String]
[DEBUG] 2017-06-04 15:06:46.436 [main] PropertySourcesPropertyResolver - Found key 'NODE_PATH' in [systemEnvironment] with type [String]
[DEBUG] 2017-06-04 15:06:46.436 [main] PropertySourcesPropertyResolver - Found key 'GDM_LANG' in [systemEnvironment] with type [String]
[DEBUG] 2017-06-04 15:06:46.437 [main] PropertySourcesPropertyResolver - Found key 'XDG_GREETER_DATA_DIR' in [systemEnvironment] with type [String]
[DEBUG] 2017-06-04 15:06:46.437 [main] PropertySourcesPropertyResolver - Found key 'UPSTART_EVENTS' in [systemEnvironment] with type [String]
[DEBUG] 2017-06-04 15:06:46.437 [main] PropertySourcesPropertyResolver - Found key 'LIBOVERLAY_SCROLLBAR' in [systemEnvironment] with type [String]
[DEBUG] 2017-06-04 15:06:46.437 [main] PropertySourcesPropertyResolver - Found key 'GPG_AGENT_INFO' in [systemEnvironment] with type [String]
[DEBUG] 2017-06-04 15:06:46.437 [main] PropertySourcesPropertyResolver - Found key 'GDK_CORE_DEVICE_EVENTS' in [systemEnvironment] with type [String]
[DEBUG] 2017-06-04 15:06:46.437 [main] PropertySourcesPropertyResolver - Found key 'DESKTOP_SESSION' in [systemEnvironment] with type [String]
[DEBUG] 2017-06-04 15:06:46.437 [main] PropertySourcesPropertyResolver - Found key 'SESSION' in [systemEnvironment] with type [String]
[DEBUG] 2017-06-04 15:06:46.437 [main] PropertySourcesPropertyResolver - Found key 'USER' in [systemEnvironment] with type [String]
[DEBUG] 2017-06-04 15:06:46.437 [main] PropertySourcesPropertyResolver - Found key 'GIO_LAUNCHED_DESKTOP_FILE_PID' in [systemEnvironment] with type [String]
[DEBUG] 2017-06-04 15:06:46.437 [main] PropertySourcesPropertyResolver - Found key 'QT_ACCESSIBILITY' in [systemEnvironment] with type [String]
[DEBUG] 2017-06-04 15:06:46.437 [main] PropertySourcesPropertyResolver - Found key 'SSH_AUTH_SOCK' in [systemEnvironment] with type [String]
[DEBUG] 2017-06-04 15:06:46.437 [main] PropertySourcesPropertyResolver - Found key 'XDG_SEAT' in [systemEnvironment] with type [String]
[DEBUG] 2017-06-04 15:06:46.437 [main] PropertySourcesPropertyResolver - Found key 'NLSPATH' in [systemEnvironment] with type [String]
[DEBUG] 2017-06-04 15:06:46.437 [main] PropertySourcesPropertyResolver - Found key 'QT_QPA_PLATFORMTHEME' in [systemEnvironment] with type [String]
[DEBUG] 2017-06-04 15:06:46.437 [main] PropertySourcesPropertyResolver - Found key 'XDG_VTNR' in [systemEnvironment] with type [String]
[DEBUG] 2017-06-04 15:06:46.437 [main] PropertySourcesPropertyResolver - Found key 'XDG_RUNTIME_DIR' in [systemEnvironment] with type [String]
[DEBUG] 2017-06-04 15:06:46.437 [main] PropertySourcesPropertyResolver - Found key 'HOME' in [systemEnvironment] with type [String]
[DEBUG] 2017-06-04 15:06:46.437 [main] PropertySourcesPropertyResolver - Found key 'GNOME_KEYRING_PID' in [systemEnvironment] with type [String]
[DEBUG] 2017-06-04 15:06:46.437 [main] PropertySourcesPropertyResolver - Found key 'logging.config' in [applicationConfigurationProperties] with type [String]
[DEBUG] 2017-06-04 15:06:46.444 [main] DefaultListableBeanFactory - Returning cached instance of singleton bean 'autoConfigurationReport'
[DEBUG] 2017-06-04 15:06:46.450 [main] DefaultListableBeanFactory - Returning cached instance of singleton bean 'autoConfigurationReport'
[DEBUG] 2017-06-04 15:06:46.462 [main] DefaultListableBeanFactory - Returning cached instance of singleton bean 'autoConfigurationReport'
[DEBUG] 2017-06-04 15:06:46.464 [main] DefaultListableBeanFactory - Returning cached instance of singleton bean 'autoConfigurationReport'
[DEBUG] 2017-06-04 15:06:46.475 [main] PropertySourcesPropertyResolver - Found key 'spring.cache.type' in [Annotations] with type [CacheType]
[DEBUG] 2017-06-04 15:06:46.476 [main] DefaultListableBeanFactory - Returning cached instance of singleton bean 'autoConfigurationReport'
[DEBUG] 2017-06-04 15:06:46.477 [main] DefaultListableBeanFactory - Returning cached instance of singleton bean 'autoConfigurationReport'
[DEBUG] 2017-06-04 15:06:46.478 [main] DefaultListableBeanFactory - Returning cached instance of singleton bean 'autoConfigurationReport'
[DEBUG] 2017-06-04 15:06:46.479 [main] DefaultListableBeanFactory - Returning cached instance of singleton bean 'autoConfigurationReport'
[DEBUG] 2017-06-04 15:06:46.479 [main] DefaultListableBeanFactory - Returning cached instance of singleton bean 'autoConfigurationReport'
[DEBUG] 2017-06-04 15:06:46.480 [main] DefaultListableBeanFactory - Returning cached instance of singleton bean 'autoConfigurationReport'
[DEBUG] 2017-06-04 15:06:46.480 [main] PropertySourcesPropertyResolver - Found key 'spring.cache.type' in [Annotations] with type [CacheType]
[DEBUG] 2017-06-04 15:06:46.480 [main] DefaultListableBeanFactory - Returning cached instance of singleton bean 'autoConfigurationReport'
[DEBUG] 2017-06-04 15:06:46.481 [main] DefaultListableBeanFactory - Returning cached instance of singleton bean 'autoConfigurationReport'
[DEBUG] 2017-06-04 15:06:46.481 [main] DefaultListableBeanFactory - Returning cached instance of singleton bean 'autoConfigurationReport'
[DEBUG] 2017-06-04 15:06:46.482 [main] PropertySourcesPropertyResolver - Found key 'spring.cache.type' in [Annotations] with type [CacheType]
[DEBUG] 2017-06-04 15:06:46.482 [main] DefaultListableBeanFactory - Returning cached instance of singleton bean 'autoConfigurationReport'
[DEBUG] 2017-06-04 15:06:46.482 [main] PropertySourcesPropertyResolver - Found key 'spring.cache.type' in [Annotations] with type [CacheType]
[DEBUG] 2017-06-04 15:06:46.482 [main] DefaultListableBeanFactory - Returning cached instance of singleton bean 'autoConfigurationReport'
[DEBUG] 2017-06-04 15:06:46.484 [main] DefaultListableBeanFactory - Returning cached instance of singleton bean 'autoConfigurationReport'
[DEBUG] 2017-06-04 15:06:46.485 [main] DefaultListableBeanFactory - Returning cached instance of singleton bean 'autoConfigurationReport'
[DEBUG] 2017-06-04 15:06:46.485 [main] DefaultListableBeanFactory - Returning cached instance of singleton bean 'autoConfigurationReport'
[DEBUG] 2017-06-04 15:06:46.485 [main] DefaultListableBeanFactory - Returning cached instance of singleton bean 'autoConfigurationReport'
[DEBUG] 2017-06-04 15:06:46.488 [main] DefaultListableBeanFactory - Returning cached instance of singleton bean 'autoConfigurationReport'
[DEBUG] 2017-06-04 15:06:46.490 [main] DefaultListableBeanFactory - Returning cached instance of singleton bean 'autoConfigurationReport'
[DEBUG] 2017-06-04 15:06:46.492 [main] DefaultListableBeanFactory - Returning cached instance of singleton bean 'autoConfigurationReport'
[DEBUG] 2017-06-04 15:06:46.493 [main] DefaultListableBeanFactory - Returning cached instance of singleton bean 'autoConfigurationReport'
[DEBUG] 2017-06-04 15:06:46.493 [main] DefaultListableBeanFactory - Returning cached instance of singleton bean 'autoConfigurationReport'
[DEBUG] 2017-06-04 15:06:46.494 [main] DefaultListableBeanFactory - Returning cached instance of singleton bean 'autoConfigurationReport'
[DEBUG] 2017-06-04 15:06:46.495 [main] DefaultListableBeanFactory - Returning cached instance of singleton bean 'autoConfigurationReport'
[DEBUG] 2017-06-04 15:06:46.498 [main] DefaultListableBeanFactory - Returning cached instance of singleton bean 'autoConfigurationReport'
[DEBUG] 2017-06-04 15:06:46.499 [main] DefaultListableBeanFactory - Returning cached instance of singleton bean 'autoConfigurationReport'
[DEBUG] 2017-06-04 15:06:46.499 [main] DefaultListableBeanFactory - Returning cached instance of singleton bean 'autoConfigurationReport'
[DEBUG] 2017-06-04 15:06:46.501 [main] DefaultListableBeanFactory - Returning cached instance of singleton bean 'autoConfigurationReport'
[DEBUG] 2017-06-04 15:06:46.502 [main] DefaultListableBeanFactory - Returning cached instance of singleton bean 'autoConfigurationReport'
[DEBUG] 2017-06-04 15:06:46.503 [main] DefaultListableBeanFactory - Returning cached instance of singleton bean 'autoConfigurationReport'
[DEBUG] 2017-06-04 15:06:46.514 [main] DefaultListableBeanFactory - Returning cached instance of singleton bean 'autoConfigurationReport'
[DEBUG] 2017-06-04 15:06:46.514 [main] DefaultListableBeanFactory - Returning cached instance of singleton bean 'autoConfigurationReport'
[DEBUG] 2017-06-04 15:06:46.515 [main] DefaultListableBeanFactory - Returning cached instance of singleton bean 'autoConfigurationReport'
[DEBUG] 2017-06-04 15:06:46.518 [main] PropertySourcesPropertyResolver - Found key 'spring.test.mockmvc.secure' in [Annotations] with type [Boolean]
[DEBUG] 2017-06-04 15:06:46.518 [main] DefaultListableBeanFactory - Returning cached instance of singleton bean 'autoConfigurationReport'
[DEBUG] 2017-06-04 15:06:46.522 [main] DefaultListableBeanFactory - Returning cached instance of singleton bean 'autoConfigurationReport'
[DEBUG] 2017-06-04 15:06:46.522 [main] DefaultListableBeanFactory - Returning cached instance of singleton bean 'autoConfigurationReport'
[DEBUG] 2017-06-04 15:06:46.524 [main] DefaultListableBeanFactory - Returning cached instance of singleton bean 'autoConfigurationReport'
[DEBUG] 2017-06-04 15:06:46.525 [main] DefaultListableBeanFactory - Returning cached instance of singleton bean 'autoConfigurationReport'
[DEBUG] 2017-06-04 15:06:46.525 [main] DefaultListableBeanFactory - Returning cached instance of singleton bean 'autoConfigurationReport'
[DEBUG] 2017-06-04 15:06:46.526 [main] PropertySourcesPropertyResolver - Found key 'spring.boot.enableautoconfiguration' in [test] with type [String]
[DEBUG] 2017-06-04 15:06:46.526 [main] ConfigurationClassBeanDefinitionReader - Registered bean definition for imported class 'com.stackroute.ng2boot.controllers.MovieRestControllerTest'
[DEBUG] 2017-06-04 15:06:46.528 [main] StandardEnvironment - Adding [systemProperties] PropertySource with lowest search precedence
[DEBUG] 2017-06-04 15:06:46.528 [main] StandardEnvironment - Adding [systemEnvironment] PropertySource with lowest search precedence
[DEBUG] 2017-06-04 15:06:46.528 [main] StandardEnvironment - Initialized StandardEnvironment with PropertySources [systemProperties,systemEnvironment]
[DEBUG] 2017-06-04 15:06:46.528 [main] PathMatchingResourcePatternResolver - Resolved classpath location [org/springframework/data/] to resources [URL [jar:file:/home/user/.m2/repository/org/springframework/data/spring-data-mongodb/1.9.5.RELEASE/spring-data-mongodb-1.9.5.RELEASE.jar!/org/springframework/data/], URL [jar:file:/home/user/.m2/repository/org/springframework/data/spring-data-commons/1.12.5.RELEASE/spring-data-commons-1.12.5.RELEASE.jar!/org/springframework/data/]]
[DEBUG] 2017-06-04 15:06:46.528 [main] PathMatchingResourcePatternResolver - Looking for matching resources in jar file [file:/home/user/.m2/repository/org/springframework/data/spring-data-mongodb/1.9.5.RELEASE/spring-data-mongodb-1.9.5.RELEASE.jar]
[DEBUG] 2017-06-04 15:06:46.532 [main] PathMatchingResourcePatternResolver - Looking for matching resources in jar file [file:/home/user/.m2/repository/org/springframework/data/spring-data-commons/1.12.5.RELEASE/spring-data-commons-1.12.5.RELEASE.jar]
[DEBUG] 2017-06-04 15:06:46.540 [main] PathMatchingResourcePatternResolver - Resolved location pattern [classpath*:org/springframework/data/**/repository/support/**/*.class] to resources [URL [jar:file:/home/user/.m2/repository/org/springframework/data/spring-data-mongodb/1.9.5.RELEASE/spring-data-mongodb-1.9.5.RELEASE.jar!/org/springframework/data/mongodb/repository/support/IndexEnsuringQueryCreationListener.class], URL [jar:file:/home/user/.m2/repository/org/springframework/data/spring-data-mongodb/1.9.5.RELEASE/spring-data-mongodb-1.9.5.RELEASE.jar!/org/springframework/data/mongodb/repository/support/MappingMongoEntityInformation.class], URL [jar:file:/home/user/.m2/repository/org/springframework/data/spring-data-mongodb/1.9.5.RELEASE/spring-data-mongodb-1.9.5.RELEASE.jar!/org/springframework/data/mongodb/repository/support/MongoAnnotationProcessor.class], URL [jar:file:/home/user/.m2/repository/org/springframework/data/spring-data-mongodb/1.9.5.RELEASE/spring-data-mongodb-1.9.5.RELEASE.jar!/org/springframework/data/mongodb/repository/support/MongoRepositoryFactory$MongoQueryLookupStrategy.class], URL [jar:file:/home/user/.m2/repository/org/springframework/data/spring-data-mongodb/1.9.5.RELEASE/spring-data-mongodb-1.9.5.RELEASE.jar!/org/springframework/data/mongodb/repository/support/MongoRepositoryFactory.class], URL [jar:file:/home/user/.m2/repository/org/springframework/data/spring-data-mongodb/1.9.5.RELEASE/spring-data-mongodb-1.9.5.RELEASE.jar!/org/springframework/data/mongodb/repository/support/MongoRepositoryFactoryBean.class], URL [jar:file:/home/user/.m2/repository/org/springframework/data/spring-data-mongodb/1.9.5.RELEASE/spring-data-mongodb-1.9.5.RELEASE.jar!/org/springframework/data/mongodb/repository/support/QueryDslMongoRepository.class], URL [jar:file:/home/user/.m2/repository/org/springframework/data/spring-data-mongodb/1.9.5.RELEASE/spring-data-mongodb-1.9.5.RELEASE.jar!/org/springframework/data/mongodb/repository/support/QuerydslRepositorySupport.class], URL [jar:file:/home/user/.m2/repository/org/springframework/data/spring-data-mongodb/1.9.5.RELEASE/spring-data-mongodb-1.9.5.RELEASE.jar!/org/springframework/data/mongodb/repository/support/SimpleMongoRepository.class], URL [jar:file:/home/user/.m2/repository/org/springframework/data/spring-data-mongodb/1.9.5.RELEASE/spring-data-mongodb-1.9.5.RELEASE.jar!/org/springframework/data/mongodb/repository/support/SpringDataMongodbQuery$1.class], URL [jar:file:/home/user/.m2/repository/org/springframework/data/spring-data-mongodb/1.9.5.RELEASE/spring-data-mongodb-1.9.5.RELEASE.jar!/org/springframework/data/mongodb/repository/support/SpringDataMongodbQuery.class], URL [jar:file:/home/user/.m2/repository/org/springframework/data/spring-data-mongodb/1.9.5.RELEASE/spring-data-mongodb-1.9.5.RELEASE.jar!/org/springframework/data/mongodb/repository/support/SpringDataMongodbSerializer.class], URL [jar:file:/home/user/.m2/repository/org/springframework/data/spring-data-commons/1.12.5.RELEASE/spring-data-commons-1.12.5.RELEASE.jar!/org/springframework/data/repository/support/AnnotationAttribute.class], URL [jar:file:/home/user/.m2/repository/org/springframework/data/spring-data-commons/1.12.5.RELEASE/spring-data-commons-1.12.5.RELEASE.jar!/org/springframework/data/repository/support/CrudRepositoryInvoker.class], URL [jar:file:/home/user/.m2/repository/org/springframework/data/spring-data-commons/1.12.5.RELEASE/spring-data-commons-1.12.5.RELEASE.jar!/org/springframework/data/repository/support/DefaultRepositoryInvokerFactory.class], URL [jar:file:/home/user/.m2/repository/org/springframework/data/spring-data-commons/1.12.5.RELEASE/spring-data-commons-1.12.5.RELEASE.jar!/org/springframework/data/repository/support/DomainClassConverter$ToEntityConverter.class], URL [jar:file:/home/user/.m2/repository/org/springframework/data/spring-data-commons/1.12.5.RELEASE/spring-data-commons-1.12.5.RELEASE.jar!/org/springframework/data/repository/support/DomainClassConverter$ToIdConverter.class], URL [jar:file:/home/user/.m2/repository/org/springframework/data/spring-data-commons/1.12.5.RELEASE/spring-data-commons-1.12.5.RELEASE.jar!/org/springframework/data/repository/support/DomainClassConverter.class], URL [jar:file:/home/user/.m2/repository/org/springframework/data/spring-data-commons/1.12.5.RELEASE/spring-data-commons-1.12.5.RELEASE.jar!/org/springframework/data/repository/support/DomainClassPropertyEditor.class], URL [jar:file:/home/user/.m2/repository/org/springframework/data/spring-data-commons/1.12.5.RELEASE/spring-data-commons-1.12.5.RELEASE.jar!/org/springframework/data/repository/support/DomainClassPropertyEditorRegistrar.class], URL [jar:file:/home/user/.m2/repository/org/springframework/data/spring-data-commons/1.12.5.RELEASE/spring-data-commons-1.12.5.RELEASE.jar!/org/springframework/data/repository/support/MethodParameters$AnnotationNamingMethodParameter.class], URL [jar:file:/home/user/.m2/repository/org/springframework/data/spring-data-commons/1.12.5.RELEASE/spring-data-commons-1.12.5.RELEASE.jar!/org/springframework/data/repository/support/MethodParameters.class], URL [jar:file:/home/user/.m2/repository/org/springframework/data/spring-data-commons/1.12.5.RELEASE/spring-data-commons-1.12.5.RELEASE.jar!/org/springframework/data/repository/support/PagingAndSortingRepositoryInvoker.class], URL [jar:file:/home/user/.m2/repository/org/springframework/data/spring-data-commons/1.12.5.RELEASE/spring-data-commons-1.12.5.RELEASE.jar!/org/springframework/data/repository/support/QueryMethodParameterConversionException.class], URL [jar:file:/home/user/.m2/repository/org/springframework/data/spring-data-commons/1.12.5.RELEASE/spring-data-commons-1.12.5.RELEASE.jar!/org/springframework/data/repository/support/ReflectionRepositoryInvoker.class], URL [jar:file:/home/user/.m2/repository/org/springframework/data/spring-data-commons/1.12.5.RELEASE/spring-data-commons-1.12.5.RELEASE.jar!/org/springframework/data/repository/support/Repositories$EmptyRepositoryFactoryInformation.class], URL [jar:file:/home/user/.m2/repository/org/springframework/data/spring-data-commons/1.12.5.RELEASE/spring-data-commons-1.12.5.RELEASE.jar!/org/springframework/data/repository/support/Repositories.class], URL [jar:file:/home/user/.m2/repository/org/springframework/data/spring-data-commons/1.12.5.RELEASE/spring-data-commons-1.12.5.RELEASE.jar!/org/springframework/data/repository/support/RepositoryInvocationInformation.class], URL [jar:file:/home/user/.m2/repository/org/springframework/data/spring-data-commons/1.12.5.RELEASE/spring-data-commons-1.12.5.RELEASE.jar!/org/springframework/data/repository/support/RepositoryInvoker.class], URL [jar:file:/home/user/.m2/repository/org/springframework/data/spring-data-commons/1.12.5.RELEASE/spring-data-commons-1.12.5.RELEASE.jar!/org/springframework/data/repository/support/RepositoryInvokerFactory.class]]
[DEBUG] 2017-06-04 15:06:46.543 [main] AssignableTypeFilter - Could not read super class [com.querydsl.apt.AbstractQuerydslProcessor] of type-filtered class [org.springframework.data.mongodb.repository.support.MongoAnnotationProcessor]
[DEBUG] 2017-06-04 15:06:46.544 [main] ClassPathScanningCandidateComponentProvider - Identified candidate component class: URL [jar:file:/home/user/.m2/repository/org/springframework/data/spring-data-mongodb/1.9.5.RELEASE/spring-data-mongodb-1.9.5.RELEASE.jar!/org/springframework/data/mongodb/repository/support/MongoRepositoryFactory.class]
[DEBUG] 2017-06-04 15:06:46.554 [main] AssignableTypeFilter - Could not read super class [com.querydsl.mongodb.AbstractMongodbQuery] of type-filtered class [org.springframework.data.mongodb.repository.support.SpringDataMongodbQuery]
[DEBUG] 2017-06-04 15:06:46.554 [main] AssignableTypeFilter - Could not read super class [com.querydsl.mongodb.MongodbSerializer] of type-filtered class [org.springframework.data.mongodb.repository.support.SpringDataMongodbSerializer]
[DEBUG] 2017-06-04 15:06:46.564 [main] StandardEnvironment - Adding [systemProperties] PropertySource with lowest search precedence
[DEBUG] 2017-06-04 15:06:46.564 [main] StandardEnvironment - Adding [systemEnvironment] PropertySource with lowest search precedence
[DEBUG] 2017-06-04 15:06:46.564 [main] StandardEnvironment - Initialized StandardEnvironment with PropertySources [systemProperties,systemEnvironment]
[DEBUG] 2017-06-04 15:06:46.564 [main] PathMatchingResourcePatternResolver - Resolved classpath location [com/stackroute/ng2boot/] to resources [URL [file:/home/user/Downloads/part1_movieapp-starter/spring-rest/target/test-classes/com/stackroute/ng2boot/], URL [file:/home/user/Downloads/part1_movieapp-starter/spring-rest/target/classes/com/stackroute/ng2boot/]]
[DEBUG] 2017-06-04 15:06:46.565 [main] PathMatchingResourcePatternResolver - Looking for matching resources in directory tree [/home/user/Downloads/part1_movieapp-starter/spring-rest/target/test-classes/com/stackroute/ng2boot]
[DEBUG] 2017-06-04 15:06:46.565 [main] PathMatchingResourcePatternResolver - Searching directory [/home/user/Downloads/part1_movieapp-starter/spring-rest/target/test-classes/com/stackroute/ng2boot] for files matching pattern [/home/user/Downloads/part1_movieapp-starter/spring-rest/target/test-classes/com/stackroute/ng2boot/**/*.class]
[DEBUG] 2017-06-04 15:06:46.565 [main] PathMatchingResourcePatternResolver - Searching directory [/home/user/Downloads/part1_movieapp-starter/spring-rest/target/test-classes/com/stackroute/ng2boot/controllers] for files matching pattern [/home/user/Downloads/part1_movieapp-starter/spring-rest/target/test-classes/com/stackroute/ng2boot/**/*.class]
[DEBUG] 2017-06-04 15:06:46.565 [main] PathMatchingResourcePatternResolver - Looking for matching resources in directory tree [/home/user/Downloads/part1_movieapp-starter/spring-rest/target/classes/com/stackroute/ng2boot]
[DEBUG] 2017-06-04 15:06:46.565 [main] PathMatchingResourcePatternResolver - Searching directory [/home/user/Downloads/part1_movieapp-starter/spring-rest/target/classes/com/stackroute/ng2boot] for files matching pattern [/home/user/Downloads/part1_movieapp-starter/spring-rest/target/classes/com/stackroute/ng2boot/**/*.class]
[DEBUG] 2017-06-04 15:06:46.565 [main] PathMatchingResourcePatternResolver - Searching directory [/home/user/Downloads/part1_movieapp-starter/spring-rest/target/classes/com/stackroute/ng2boot/config] for files matching pattern [/home/user/Downloads/part1_movieapp-starter/spring-rest/target/classes/com/stackroute/ng2boot/**/*.class]
[DEBUG] 2017-06-04 15:06:46.565 [main] PathMatchingResourcePatternResolver - Searching directory [/home/user/Downloads/part1_movieapp-starter/spring-rest/target/classes/com/stackroute/ng2boot/controllers] for files matching pattern [/home/user/Downloads/part1_movieapp-starter/spring-rest/target/classes/com/stackroute/ng2boot/**/*.class]
[DEBUG] 2017-06-04 15:06:46.565 [main] PathMatchingResourcePatternResolver - Searching directory [/home/user/Downloads/part1_movieapp-starter/spring-rest/target/classes/com/stackroute/ng2boot/domain] for files matching pattern [/home/user/Downloads/part1_movieapp-starter/spring-rest/target/classes/com/stackroute/ng2boot/**/*.class]
[DEBUG] 2017-06-04 15:06:46.565 [main] PathMatchingResourcePatternResolver - Searching directory [/home/user/Downloads/part1_movieapp-starter/spring-rest/target/classes/com/stackroute/ng2boot/links] for files matching pattern [/home/user/Downloads/part1_movieapp-starter/spring-rest/target/classes/com/stackroute/ng2boot/**/*.class]
[DEBUG] 2017-06-04 15:06:46.565 [main] PathMatchingResourcePatternResolver - Searching directory [/home/user/Downloads/part1_movieapp-starter/spring-rest/target/classes/com/stackroute/ng2boot/repository] for files matching pattern [/home/user/Downloads/part1_movieapp-starter/spring-rest/target/classes/com/stackroute/ng2boot/**/*.class]
[DEBUG] 2017-06-04 15:06:46.566 [main] PathMatchingResourcePatternResolver - Searching directory [/home/user/Downloads/part1_movieapp-starter/spring-rest/target/classes/com/stackroute/ng2boot/service] for files matching pattern [/home/user/Downloads/part1_movieapp-starter/spring-rest/target/classes/com/stackroute/ng2boot/**/*.class]
[DEBUG] 2017-06-04 15:06:46.566 [main] PathMatchingResourcePatternResolver - Resolved location pattern [classpath*:com/stackroute/ng2boot/**/*.class] to resources [file [/home/user/Downloads/part1_movieapp-starter/spring-rest/target/test-classes/com/stackroute/ng2boot/Ng2bootApplicationTests.class], file [/home/user/Downloads/part1_movieapp-starter/spring-rest/target/test-classes/com/stackroute/ng2boot/controllers/MovieRestControllerTest.class], file [/home/user/Downloads/part1_movieapp-starter/spring-rest/target/classes/com/stackroute/ng2boot/Ng2bootApplication.class], file [/home/user/Downloads/part1_movieapp-starter/spring-rest/target/classes/com/stackroute/ng2boot/config/SwaggerConfig.class], file [/home/user/Downloads/part1_movieapp-starter/spring-rest/target/classes/com/stackroute/ng2boot/controllers/MovieRestController.class], file [/home/user/Downloads/part1_movieapp-starter/spring-rest/target/classes/com/stackroute/ng2boot/controllers/MovieRestControllerTest.class], file [/home/user/Downloads/part1_movieapp-starter/spring-rest/target/classes/com/stackroute/ng2boot/domain/Movie.class], file [/home/user/Downloads/part1_movieapp-starter/spring-rest/target/classes/com/stackroute/ng2boot/links/MovieLinks.class], file [/home/user/Downloads/part1_movieapp-starter/spring-rest/target/classes/com/stackroute/ng2boot/links/MovieLinksImpl.class], file [/home/user/Downloads/part1_movieapp-starter/spring-rest/target/classes/com/stackroute/ng2boot/repository/CrudsRepository.class], file [/home/user/Downloads/part1_movieapp-starter/spring-rest/target/classes/com/stackroute/ng2boot/repository/MovieRepository.class], file [/home/user/Downloads/part1_movieapp-starter/spring-rest/target/classes/com/stackroute/ng2boot/service/MovieGetService.class], file [/home/user/Downloads/part1_movieapp-starter/spring-rest/target/classes/com/stackroute/ng2boot/service/MovieGetServiceImpl.class]]
[DEBUG] 2017-06-04 15:06:46.574 [main] RepositoryComponentProvider - Identified candidate component class: file [/home/user/Downloads/part1_movieapp-starter/spring-rest/target/classes/com/stackroute/ng2boot/repository/CrudsRepository.class]
[DEBUG] 2017-06-04 15:06:46.575 [main] RepositoryComponentProvider - Identified candidate component class: file [/home/user/Downloads/part1_movieapp-starter/spring-rest/target/classes/com/stackroute/ng2boot/repository/MovieRepository.class]
[DEBUG] 2017-06-04 15:06:46.576 [main] StandardEnvironment - Adding [systemProperties] PropertySource with lowest search precedence
[DEBUG] 2017-06-04 15:06:46.576 [main] StandardEnvironment - Adding [systemEnvironment] PropertySource with lowest search precedence
[DEBUG] 2017-06-04 15:06:46.576 [main] StandardEnvironment - Initialized StandardEnvironment with PropertySources [systemProperties,systemEnvironment]
[DEBUG] 2017-06-04 15:06:46.577 [main] PathMatchingResourcePatternResolver - Resolved classpath location [com/stackroute/ng2boot/] to resources [URL [file:/home/user/Downloads/part1_movieapp-starter/spring-rest/target/test-classes/com/stackroute/ng2boot/], URL [file:/home/user/Downloads/part1_movieapp-starter/spring-rest/target/classes/com/stackroute/ng2boot/]]
[DEBUG] 2017-06-04 15:06:46.577 [main] PathMatchingResourcePatternResolver - Looking for matching resources in directory tree [/home/user/Downloads/part1_movieapp-starter/spring-rest/target/test-classes/com/stackroute/ng2boot]
[DEBUG] 2017-06-04 15:06:46.577 [main] PathMatchingResourcePatternResolver - Searching directory [/home/user/Downloads/part1_movieapp-starter/spring-rest/target/test-classes/com/stackroute/ng2boot] for files matching pattern [/home/user/Downloads/part1_movieapp-starter/spring-rest/target/test-classes/com/stackroute/ng2boot/**/*CrudsRepositoryImpl.class]
[DEBUG] 2017-06-04 15:06:46.577 [main] PathMatchingResourcePatternResolver - Searching directory [/home/user/Downloads/part1_movieapp-starter/spring-rest/target/test-classes/com/stackroute/ng2boot/controllers] for files matching pattern [/home/user/Downloads/part1_movieapp-starter/spring-rest/target/test-classes/com/stackroute/ng2boot/**/*CrudsRepositoryImpl.class]
[DEBUG] 2017-06-04 15:06:46.577 [main] PathMatchingResourcePatternResolver - Looking for matching resources in directory tree [/home/user/Downloads/part1_movieapp-starter/spring-rest/target/classes/com/stackroute/ng2boot]
[DEBUG] 2017-06-04 15:06:46.577 [main] PathMatchingResourcePatternResolver - Searching directory [/home/user/Downloads/part1_movieapp-starter/spring-rest/target/classes/com/stackroute/ng2boot] for files matching pattern [/home/user/Downloads/part1_movieapp-starter/spring-rest/target/classes/com/stackroute/ng2boot/**/*CrudsRepositoryImpl.class]
[DEBUG] 2017-06-04 15:06:46.577 [main] PathMatchingResourcePatternResolver - Searching directory [/home/user/Downloads/part1_movieapp-starter/spring-rest/target/classes/com/stackroute/ng2boot/config] for files matching pattern [/home/user/Downloads/part1_movieapp-starter/spring-rest/target/classes/com/stackroute/ng2boot/**/*CrudsRepositoryImpl.class]
[DEBUG] 2017-06-04 15:06:46.577 [main] PathMatchingResourcePatternResolver - Searching directory [/home/user/Downloads/part1_movieapp-starter/spring-rest/target/classes/com/stackroute/ng2boot/controllers] for files matching pattern [/home/user/Downloads/part1_movieapp-starter/spring-rest/target/classes/com/stackroute/ng2boot/**/*CrudsRepositoryImpl.class]
[DEBUG] 2017-06-04 15:06:46.577 [main] PathMatchingResourcePatternResolver - Searching directory [/home/user/Downloads/part1_movieapp-starter/spring-rest/target/classes/com/stackroute/ng2boot/domain] for files matching pattern [/home/user/Downloads/part1_movieapp-starter/spring-rest/target/classes/com/stackroute/ng2boot/**/*CrudsRepositoryImpl.class]
[DEBUG] 2017-06-04 15:06:46.578 [main] PathMatchingResourcePatternResolver - Searching directory [/home/user/Downloads/part1_movieapp-starter/spring-rest/target/classes/com/stackroute/ng2boot/links] for files matching pattern [/home/user/Downloads/part1_movieapp-starter/spring-rest/target/classes/com/stackroute/ng2boot/**/*CrudsRepositoryImpl.class]
[DEBUG] 2017-06-04 15:06:46.578 [main] PathMatchingResourcePatternResolver - Searching directory [/home/user/Downloads/part1_movieapp-starter/spring-rest/target/classes/com/stackroute/ng2boot/repository] for files matching pattern [/home/user/Downloads/part1_movieapp-starter/spring-rest/target/classes/com/stackroute/ng2boot/**/*CrudsRepositoryImpl.class]
[DEBUG] 2017-06-04 15:06:46.578 [main] PathMatchingResourcePatternResolver - Searching directory [/home/user/Downloads/part1_movieapp-starter/spring-rest/target/classes/com/stackroute/ng2boot/service] for files matching pattern [/home/user/Downloads/part1_movieapp-starter/spring-rest/target/classes/com/stackroute/ng2boot/**/*CrudsRepositoryImpl.class]
[DEBUG] 2017-06-04 15:06:46.578 [main] PathMatchingResourcePatternResolver - Resolved location pattern [classpath*:com/stackroute/ng2boot/**/*CrudsRepositoryImpl.class] to resources []
[DEBUG] 2017-06-04 15:06:46.578 [main] RepositoryConfigurationDelegate - Spring Data MongoDB - Registering repository: crudsRepository - Interface: com.stackroute.ng2boot.repository.CrudsRepository - Factory: org.springframework.data.mongodb.repository.support.MongoRepositoryFactoryBean
[DEBUG] 2017-06-04 15:06:46.579 [main] StandardEnvironment - Adding [systemProperties] PropertySource with lowest search precedence
[DEBUG] 2017-06-04 15:06:46.579 [main] StandardEnvironment - Adding [systemEnvironment] PropertySource with lowest search precedence
[DEBUG] 2017-06-04 15:06:46.579 [main] StandardEnvironment - Initialized StandardEnvironment with PropertySources [systemProperties,systemEnvironment]
[DEBUG] 2017-06-04 15:06:46.579 [main] PathMatchingResourcePatternResolver - Resolved classpath location [com/stackroute/ng2boot/] to resources [URL [file:/home/user/Downloads/part1_movieapp-starter/spring-rest/target/test-classes/com/stackroute/ng2boot/], URL [file:/home/user/Downloads/part1_movieapp-starter/spring-rest/target/classes/com/stackroute/ng2boot/]]
[DEBUG] 2017-06-04 15:06:46.579 [main] PathMatchingResourcePatternResolver - Looking for matching resources in directory tree [/home/user/Downloads/part1_movieapp-starter/spring-rest/target/test-classes/com/stackroute/ng2boot]
[DEBUG] 2017-06-04 15:06:46.579 [main] PathMatchingResourcePatternResolver - Searching directory [/home/user/Downloads/part1_movieapp-starter/spring-rest/target/test-classes/com/stackroute/ng2boot] for files matching pattern [/home/user/Downloads/part1_movieapp-starter/spring-rest/target/test-classes/com/stackroute/ng2boot/**/*MovieRepositoryImpl.class]
[DEBUG] 2017-06-04 15:06:46.579 [main] PathMatchingResourcePatternResolver - Searching directory [/home/user/Downloads/part1_movieapp-starter/spring-rest/target/test-classes/com/stackroute/ng2boot/controllers] for files matching pattern [/home/user/Downloads/part1_movieapp-starter/spring-rest/target/test-classes/com/stackroute/ng2boot/**/*MovieRepositoryImpl.class]
[DEBUG] 2017-06-04 15:06:46.580 [main] PathMatchingResourcePatternResolver - Looking for matching resources in directory tree [/home/user/Downloads/part1_movieapp-starter/spring-rest/target/classes/com/stackroute/ng2boot]
[DEBUG] 2017-06-04 15:06:46.580 [main] PathMatchingResourcePatternResolver - Searching directory [/home/user/Downloads/part1_movieapp-starter/spring-rest/target/classes/com/stackroute/ng2boot] for files matching pattern [/home/user/Downloads/part1_movieapp-starter/spring-rest/target/classes/com/stackroute/ng2boot/**/*MovieRepositoryImpl.class]
[DEBUG] 2017-06-04 15:06:46.580 [main] PathMatchingResourcePatternResolver - Searching directory [/home/user/Downloads/part1_movieapp-starter/spring-rest/target/classes/com/stackroute/ng2boot/config] for files matching pattern [/home/user/Downloads/part1_movieapp-starter/spring-rest/target/classes/com/stackroute/ng2boot/**/*MovieRepositoryImpl.class]
[DEBUG] 2017-06-04 15:06:46.580 [main] PathMatchingResourcePatternResolver - Searching directory [/home/user/Downloads/part1_movieapp-starter/spring-rest/target/classes/com/stackroute/ng2boot/controllers] for files matching pattern [/home/user/Downloads/part1_movieapp-starter/spring-rest/target/classes/com/stackroute/ng2boot/**/*MovieRepositoryImpl.class]
[DEBUG] 2017-06-04 15:06:46.580 [main] PathMatchingResourcePatternResolver - Searching directory [/home/user/Downloads/part1_movieapp-starter/spring-rest/target/classes/com/stackroute/ng2boot/domain] for files matching pattern [/home/user/Downloads/part1_movieapp-starter/spring-rest/target/classes/com/stackroute/ng2boot/**/*MovieRepositoryImpl.class]
[DEBUG] 2017-06-04 15:06:46.580 [main] PathMatchingResourcePatternResolver - Searching directory [/home/user/Downloads/part1_movieapp-starter/spring-rest/target/classes/com/stackroute/ng2boot/links] for files matching pattern [/home/user/Downloads/part1_movieapp-starter/spring-rest/target/classes/com/stackroute/ng2boot/**/*MovieRepositoryImpl.class]
[DEBUG] 2017-06-04 15:06:46.580 [main] PathMatchingResourcePatternResolver - Searching directory [/home/user/Downloads/part1_movieapp-starter/spring-rest/target/classes/com/stackroute/ng2boot/repository] for files matching pattern [/home/user/Downloads/part1_movieapp-starter/spring-rest/target/classes/com/stackroute/ng2boot/**/*MovieRepositoryImpl.class]
[DEBUG] 2017-06-04 15:06:46.580 [main] PathMatchingResourcePatternResolver - Searching directory [/home/user/Downloads/part1_movieapp-starter/spring-rest/target/classes/com/stackroute/ng2boot/service] for files matching pattern [/home/user/Downloads/part1_movieapp-starter/spring-rest/target/classes/com/stackroute/ng2boot/**/*MovieRepositoryImpl.class]
[DEBUG] 2017-06-04 15:06:46.580 [main] PathMatchingResourcePatternResolver - Resolved location pattern [classpath*:com/stackroute/ng2boot/**/*MovieRepositoryImpl.class] to resources []
[DEBUG] 2017-06-04 15:06:46.581 [main] RepositoryConfigurationDelegate - Spring Data MongoDB - Registering repository: movieRepository - Interface: com.stackroute.ng2boot.repository.MovieRepository - Factory: org.springframework.data.mongodb.repository.support.MongoRepositoryFactoryBean
[DEBUG] 2017-06-04 15:06:46.581 [main] DefaultListableBeanFactory - Returning cached instance of singleton bean 'autoConfigurationReport'
[DEBUG] 2017-06-04 15:06:46.581 [main] DefaultListableBeanFactory - Returning cached instance of singleton bean 'autoConfigurationReport'
[DEBUG] 2017-06-04 15:06:46.581 [main] DefaultListableBeanFactory - Creating shared instance of singleton bean 'org.springframework.boot.autoconfigure.condition.BeanTypeRegistry'
[DEBUG] 2017-06-04 15:06:46.581 [main] DefaultListableBeanFactory - Creating instance of bean 'org.springframework.boot.autoconfigure.condition.BeanTypeRegistry'
[DEBUG] 2017-06-04 15:06:46.582 [main] DefaultListableBeanFactory - Eagerly caching bean 'org.springframework.boot.autoconfigure.condition.BeanTypeRegistry' to allow for resolving potential circular references
[DEBUG] 2017-06-04 15:06:46.582 [main] DefaultListableBeanFactory - Finished creating instance of bean 'org.springframework.boot.autoconfigure.condition.BeanTypeRegistry'
[DEBUG] 2017-06-04 15:06:46.583 [main] DefaultListableBeanFactory - Returning cached instance of singleton bean 'autoConfigurationReport'
[DEBUG] 2017-06-04 15:06:46.583 [main] ConfigurationClassBeanDefinitionReader - Registered bean definition for imported class 'org.springframework.boot.autoconfigure.web.WebMvcAutoConfiguration$EnableWebMvcConfiguration'
[DEBUG] 2017-06-04 15:06:46.583 [main] ConfigurationClassBeanDefinitionReader - Registering bean definition for @Bean method org.springframework.boot.autoconfigure.web.WebMvcAutoConfiguration$EnableWebMvcConfiguration.requestMappingHandlerAdapter()
[DEBUG] 2017-06-04 15:06:46.583 [main] ConfigurationClassBeanDefinitionReader - Registering bean definition for @Bean method org.springframework.boot.autoconfigure.web.WebMvcAutoConfiguration$EnableWebMvcConfiguration.requestMappingHandlerMapping()
[DEBUG] 2017-06-04 15:06:46.584 [main] ConfigurationClassBeanDefinitionReader - Registering bean definition for @Bean method org.springframework.boot.autoconfigure.web.WebMvcAutoConfiguration$EnableWebMvcConfiguration.mvcPathMatcher()
[DEBUG] 2017-06-04 15:06:46.584 [main] ConfigurationClassBeanDefinitionReader - Registering bean definition for @Bean method org.springframework.boot.autoconfigure.web.WebMvcAutoConfiguration$EnableWebMvcConfiguration.mvcUrlPathHelper()
[DEBUG] 2017-06-04 15:06:46.584 [main] ConfigurationClassBeanDefinitionReader - Registering bean definition for @Bean method org.springframework.boot.autoconfigure.web.WebMvcAutoConfiguration$EnableWebMvcConfiguration.mvcContentNegotiationManager()
[DEBUG] 2017-06-04 15:06:46.584 [main] ConfigurationClassBeanDefinitionReader - Registering bean definition for @Bean method org.springframework.boot.autoconfigure.web.WebMvcAutoConfiguration$EnableWebMvcConfiguration.viewControllerHandlerMapping()
[DEBUG] 2017-06-04 15:06:46.584 [main] ConfigurationClassBeanDefinitionReader - Registering bean definition for @Bean method org.springframework.boot.autoconfigure.web.WebMvcAutoConfiguration$EnableWebMvcConfiguration.beanNameHandlerMapping()
[DEBUG] 2017-06-04 15:06:46.584 [main] ConfigurationClassBeanDefinitionReader - Registering bean definition for @Bean method org.springframework.boot.autoconfigure.web.WebMvcAutoConfiguration$EnableWebMvcConfiguration.resourceHandlerMapping()
[DEBUG] 2017-06-04 15:06:46.584 [main] ConfigurationClassBeanDefinitionReader - Registering bean definition for @Bean method org.springframework.boot.autoconfigure.web.WebMvcAutoConfiguration$EnableWebMvcConfiguration.mvcResourceUrlProvider()
[DEBUG] 2017-06-04 15:06:46.584 [main] ConfigurationClassBeanDefinitionReader - Registering bean definition for @Bean method org.springframework.boot.autoconfigure.web.WebMvcAutoConfiguration$EnableWebMvcConfiguration.defaultServletHandlerMapping()
[DEBUG] 2017-06-04 15:06:46.588 [main] ConfigurationClassBeanDefinitionReader - Registering bean definition for @Bean method org.springframework.boot.autoconfigure.web.WebMvcAutoConfiguration$EnableWebMvcConfiguration.mvcConversionService()
[DEBUG] 2017-06-04 15:06:46.589 [main] ConfigurationClassBeanDefinitionReader - Registering bean definition for @Bean method org.springframework.boot.autoconfigure.web.WebMvcAutoConfiguration$EnableWebMvcConfiguration.mvcValidator()
[DEBUG] 2017-06-04 15:06:46.589 [main] ConfigurationClassBeanDefinitionReader - Registering bean definition for @Bean method org.springframework.boot.autoconfigure.web.WebMvcAutoConfiguration$EnableWebMvcConfiguration.mvcUriComponentsContributor()
[DEBUG] 2017-06-04 15:06:46.589 [main] ConfigurationClassBeanDefinitionReader - Registering bean definition for @Bean method org.springframework.boot.autoconfigure.web.WebMvcAutoConfiguration$EnableWebMvcConfiguration.httpRequestHandlerAdapter()
[DEBUG] 2017-06-04 15:06:46.589 [main] ConfigurationClassBeanDefinitionReader - Registering bean definition for @Bean method org.springframework.boot.autoconfigure.web.WebMvcAutoConfiguration$EnableWebMvcConfiguration.simpleControllerHandlerAdapter()
[DEBUG] 2017-06-04 15:06:46.589 [main] ConfigurationClassBeanDefinitionReader - Registering bean definition for @Bean method org.springframework.boot.autoconfigure.web.WebMvcAutoConfiguration$EnableWebMvcConfiguration.handlerExceptionResolver()
[DEBUG] 2017-06-04 15:06:46.589 [main] ConfigurationClassBeanDefinitionReader - Registering bean definition for @Bean method org.springframework.boot.autoconfigure.web.WebMvcAutoConfiguration$EnableWebMvcConfiguration.mvcViewResolver()
[DEBUG] 2017-06-04 15:06:46.590 [main] DefaultListableBeanFactory - Returning cached instance of singleton bean 'autoConfigurationReport'
[DEBUG] 2017-06-04 15:06:46.590 [main] ConfigurationClassBeanDefinitionReader - Registered bean definition for imported class 'org.springframework.boot.autoconfigure.web.WebMvcAutoConfiguration$WebMvcAutoConfigurationAdapter$FaviconConfiguration'
[DEBUG] 2017-06-04 15:06:46.590 [main] ConfigurationClassBeanDefinitionReader - Registering bean definition for @Bean method org.springframework.boot.autoconfigure.web.WebMvcAutoConfiguration$WebMvcAutoConfigurationAdapter$FaviconConfiguration.faviconHandlerMapping()
[DEBUG] 2017-06-04 15:06:46.590 [main] ConfigurationClassBeanDefinitionReader - Registering bean definition for @Bean method org.springframework.boot.autoconfigure.web.WebMvcAutoConfiguration$WebMvcAutoConfigurationAdapter$FaviconConfiguration.faviconRequestHandler()
[DEBUG] 2017-06-04 15:06:46.590 [main] ConfigurationClassBeanDefinitionReader - Registered bean definition for imported class 'org.springframework.boot.autoconfigure.web.WebMvcAutoConfiguration$WebMvcAutoConfigurationAdapter'
[DEBUG] 2017-06-04 15:06:46.590 [main] DefaultListableBeanFactory - Returning cached instance of singleton bean 'org.springframework.boot.autoconfigure.condition.BeanTypeRegistry'
[DEBUG] 2017-06-04 15:06:46.591 [main] DefaultListableBeanFactory - Returning cached instance of singleton bean 'autoConfigurationReport'
[DEBUG] 2017-06-04 15:06:46.593 [main] ConfigurationClassBeanDefinitionReader - Registering bean definition for @Bean method org.springframework.boot.autoconfigure.web.WebMvcAutoConfiguration$WebMvcAutoConfigurationAdapter.defaultViewResolver()
[DEBUG] 2017-06-04 15:06:46.593 [main] DefaultListableBeanFactory - Returning cached instance of singleton bean 'org.springframework.boot.autoconfigure.condition.BeanTypeRegistry'
[DEBUG] 2017-06-04 15:06:46.593 [main] DefaultListableBeanFactory - Returning cached instance of singleton bean 'autoConfigurationReport'
[DEBUG] 2017-06-04 15:06:46.593 [main] DefaultListableBeanFactory - Returning cached instance of singleton bean 'org.springframework.boot.autoconfigure.condition.BeanTypeRegistry'
[DEBUG] 2017-06-04 15:06:46.593 [main] DefaultListableBeanFactory - Returning cached instance of singleton bean 'org.springframework.boot.autoconfigure.condition.BeanTypeRegistry'
[DEBUG] 2017-06-04 15:06:46.594 [main] DefaultListableBeanFactory - Returning cached instance of singleton bean 'autoConfigurationReport'
[DEBUG] 2017-06-04 15:06:46.594 [main] DefaultListableBeanFactory - Returning cached instance of singleton bean 'org.springframework.boot.autoconfigure.condition.BeanTypeRegistry'
[DEBUG] 2017-06-04 15:06:46.594 [main] DefaultListableBeanFactory - Returning cached instance of singleton bean 'org.springframework.boot.autoconfigure.condition.BeanTypeRegistry'
[DEBUG] 2017-06-04 15:06:46.594 [main] DefaultListableBeanFactory - Returning cached instance of singleton bean 'autoConfigurationReport'
[DEBUG] 2017-06-04 15:06:46.594 [main] ConfigurationClassBeanDefinitionReader - Registering bean definition for @Bean method org.springframework.boot.autoconfigure.web.WebMvcAutoConfiguration$WebMvcAutoConfigurationAdapter.viewResolver()
[DEBUG] 2017-06-04 15:06:46.594 [main] DefaultListableBeanFactory - Returning cached instance of singleton bean 'autoConfigurationReport'
[DEBUG] 2017-06-04 15:06:46.595 [main] DefaultListableBeanFactory - Returning cached instance of singleton bean 'autoConfigurationReport'
[DEBUG] 2017-06-04 15:06:46.595 [main] ConfigurationClassBeanDefinitionReader - Registering bean definition for @Bean method org.springframework.boot.autoconfigure.web.WebMvcAutoConfiguration$WebMvcAutoConfigurationAdapter.welcomePageHandlerMapping()
[DEBUG] 2017-06-04 15:06:46.595 [main] DefaultListableBeanFactory - Returning cached instance of singleton bean 'org.springframework.boot.autoconfigure.condition.BeanTypeRegistry'
[DEBUG] 2017-06-04 15:06:46.595 [main] DefaultListableBeanFactory - Returning cached instance of singleton bean 'org.springframework.boot.autoconfigure.condition.BeanTypeRegistry'
[DEBUG] 2017-06-04 15:06:46.595 [main] DefaultListableBeanFactory - Returning cached instance of singleton bean 'autoConfigurationReport'
[DEBUG] 2017-06-04 15:06:46.595 [main] ConfigurationClassBeanDefinitionReader - Registering bean definition for @Bean method org.springframework.boot.autoconfigure.web.WebMvcAutoConfiguration$WebMvcAutoConfigurationAdapter.requestContextFilter()
[DEBUG] 2017-06-04 15:06:46.596 [main] ConfigurationClassBeanDefinitionReader - Registered bean definition for imported class 'org.springframework.boot.autoconfigure.web.WebMvcAutoConfiguration'
[DEBUG] 2017-06-04 15:06:46.596 [main] DefaultListableBeanFactory - Returning cached instance of singleton bean 'org.springframework.boot.autoconfigure.condition.BeanTypeRegistry'
[DEBUG] 2017-06-04 15:06:46.596 [main] DefaultListableBeanFactory - Returning cached instance of singleton bean 'autoConfigurationReport'
[DEBUG] 2017-06-04 15:06:46.596 [main] ConfigurationClassBeanDefinitionReader - Registering bean definition for @Bean method org.springframework.boot.autoconfigure.web.WebMvcAutoConfiguration.hiddenHttpMethodFilter()
[DEBUG] 2017-06-04 15:06:46.597 [main] DefaultListableBeanFactory - Returning cached instance of singleton bean 'autoConfigurationReport'
[DEBUG] 2017-06-04 15:06:46.597 [main] DefaultListableBeanFactory - Returning cached instance of singleton bean 'org.springframework.boot.autoconfigure.condition.BeanTypeRegistry'
[DEBUG] 2017-06-04 15:06:46.597 [main] DefaultListableBeanFactory - Returning cached instance of singleton bean 'autoConfigurationReport'
[DEBUG] 2017-06-04 15:06:46.597 [main] ConfigurationClassBeanDefinitionReader - Registering bean definition for @Bean method org.springframework.boot.autoconfigure.web.WebMvcAutoConfiguration.httpPutFormContentFilter()
[DEBUG] 2017-06-04 15:06:46.597 [main] DefaultListableBeanFactory - Returning cached instance of singleton bean 'autoConfigurationReport'
[DEBUG] 2017-06-04 15:06:46.597 [main] DefaultListableBeanFactory - Returning cached instance of singleton bean 'org.springframework.boot.autoconfigure.condition.BeanTypeRegistry'
[DEBUG] 2017-06-04 15:06:46.597 [main] DefaultListableBeanFactory - Returning cached instance of singleton bean 'autoConfigurationReport'
[DEBUG] 2017-06-04 15:06:46.598 [main] DefaultListableBeanFactory - Returning cached instance of singleton bean 'autoConfigurationReport'
[DEBUG] 2017-06-04 15:06:46.598 [main] ConfigurationClassBeanDefinitionReader - Registered bean definition for imported class 'org.springframework.boot.autoconfigure.gson.GsonAutoConfiguration'
[DEBUG] 2017-06-04 15:06:46.598 [main] DefaultListableBeanFactory - Returning cached instance of singleton bean 'org.springframework.boot.autoconfigure.condition.BeanTypeRegistry'
[DEBUG] 2017-06-04 15:06:46.598 [main] DefaultListableBeanFactory - Returning cached instance of singleton bean 'autoConfigurationReport'
[DEBUG] 2017-06-04 15:06:46.598 [main] ConfigurationClassBeanDefinitionReader - Registering bean definition for @Bean method org.springframework.boot.autoconfigure.gson.GsonAutoConfiguration.gson()
[DEBUG] 2017-06-04 15:06:46.598 [main] DefaultListableBeanFactory - Returning cached instance of singleton bean 'autoConfigurationReport'
[DEBUG] 2017-06-04 15:06:46.598 [main] DefaultListableBeanFactory - Returning cached instance of singleton bean 'autoConfigurationReport'
[DEBUG] 2017-06-04 15:06:46.598 [main] ConfigurationClassBeanDefinitionReader - Registered bean definition for imported class 'org.springframework.boot.autoconfigure.jackson.JacksonAutoConfiguration$Jackson2ObjectMapperBuilderCustomizerConfiguration'
[DEBUG] 2017-06-04 15:06:46.599 [main] ConfigurationClassBeanDefinitionReader - Registering bean definition for @Bean method org.springframework.boot.autoconfigure.jackson.JacksonAutoConfiguration$Jackson2ObjectMapperBuilderCustomizerConfiguration.standardJacksonObjectMapperBuilderCustomizer()
[DEBUG] 2017-06-04 15:06:46.599 [main] DefaultListableBeanFactory - Returning cached instance of singleton bean 'autoConfigurationReport'
[DEBUG] 2017-06-04 15:06:46.599 [main] ConfigurationClassBeanDefinitionReader - Registered bean definition for imported class 'org.springframework.boot.autoconfigure.jackson.JacksonAutoConfiguration$JacksonObjectMapperBuilderConfiguration'
[DEBUG] 2017-06-04 15:06:46.599 [main] DefaultListableBeanFactory - Returning cached instance of singleton bean 'org.springframework.boot.autoconfigure.condition.BeanTypeRegistry'
[DEBUG] 2017-06-04 15:06:46.599 [main] DefaultListableBeanFactory - Returning cached instance of singleton bean 'autoConfigurationReport'
[DEBUG] 2017-06-04 15:06:46.599 [main] ConfigurationClassBeanDefinitionReader - Registering bean definition for @Bean method org.springframework.boot.autoconfigure.jackson.JacksonAutoConfiguration$JacksonObjectMapperBuilderConfiguration.jacksonObjectMapperBuilder()
[DEBUG] 2017-06-04 15:06:46.599 [main] DefaultListableBeanFactory - Returning cached instance of singleton bean 'autoConfigurationReport'
[DEBUG] 2017-06-04 15:06:46.600 [main] ConfigurationClassBeanDefinitionReader - Registered bean definition for imported class 'org.springframework.boot.autoconfigure.jackson.JacksonAutoConfiguration$JacksonObjectMapperConfiguration'
[DEBUG] 2017-06-04 15:06:46.600 [main] DefaultListableBeanFactory - Returning cached instance of singleton bean 'org.springframework.boot.autoconfigure.condition.BeanTypeRegistry'
[DEBUG] 2017-06-04 15:06:46.600 [main] DefaultListableBeanFactory - Returning cached instance of singleton bean 'autoConfigurationReport'
[DEBUG] 2017-06-04 15:06:46.600 [main] ConfigurationClassBeanDefinitionReader - Registering bean definition for @Bean method org.springframework.boot.autoconfigure.jackson.JacksonAutoConfiguration$JacksonObjectMapperConfiguration.jacksonObjectMapper()
[DEBUG] 2017-06-04 15:06:46.600 [main] ConfigurationClassBeanDefinitionReader - Registered bean definition for imported class 'org.springframework.boot.autoconfigure.jackson.JacksonAutoConfiguration'
[DEBUG] 2017-06-04 15:06:46.600 [main] ConfigurationClassBeanDefinitionReader - Registering bean definition for @Bean method org.springframework.boot.autoconfigure.jackson.JacksonAutoConfiguration.jsonComponentModule()
[DEBUG] 2017-06-04 15:06:46.600 [main] DefaultListableBeanFactory - Returning cached instance of singleton bean 'autoConfigurationReport'
[DEBUG] 2017-06-04 15:06:46.600 [main] DefaultListableBeanFactory - Returning cached instance of singleton bean 'autoConfigurationReport'
[DEBUG] 2017-06-04 15:06:46.601 [main] ConfigurationClassBeanDefinitionReader - Registered bean definition for imported class 'org.springframework.boot.autoconfigure.web.HttpMessageConvertersAutoConfiguration$StringHttpMessageConverterConfiguration'
[DEBUG] 2017-06-04 15:06:46.601 [main] DefaultListableBeanFactory - Returning cached instance of singleton bean 'org.springframework.boot.autoconfigure.condition.BeanTypeRegistry'
[DEBUG] 2017-06-04 15:06:46.601 [main] DefaultListableBeanFactory - Returning cached instance of singleton bean 'autoConfigurationReport'
[DEBUG] 2017-06-04 15:06:46.601 [main] ConfigurationClassBeanDefinitionReader - Registering bean definition for @Bean method org.springframework.boot.autoconfigure.web.HttpMessageConvertersAutoConfiguration$StringHttpMessageConverterConfiguration.stringHttpMessageConverter()
[DEBUG] 2017-06-04 15:06:46.601 [main] DefaultListableBeanFactory - Returning cached instance of singleton bean 'autoConfigurationReport'
[DEBUG] 2017-06-04 15:06:46.602 [main] DefaultListableBeanFactory - Returning cached instance of singleton bean 'autoConfigurationReport'
[DEBUG] 2017-06-04 15:06:46.602 [main] DefaultListableBeanFactory - Returning cached instance of singleton bean 'org.springframework.boot.autoconfigure.condition.BeanTypeRegistry'
[DEBUG] 2017-06-04 15:06:46.602 [main] DefaultListableBeanFactory - Returning cached instance of singleton bean 'autoConfigurationReport'
[DEBUG] 2017-06-04 15:06:46.602 [main] ConfigurationClassBeanDefinitionReader - Registered bean definition for imported class 'org.springframework.boot.autoconfigure.web.JacksonHttpMessageConvertersConfiguration$MappingJackson2HttpMessageConverterConfiguration'
[DEBUG] 2017-06-04 15:06:46.602 [main] DefaultListableBeanFactory - Returning cached instance of singleton bean 'org.springframework.boot.autoconfigure.condition.BeanTypeRegistry'
[DEBUG] 2017-06-04 15:06:46.602 [main] DefaultListableBeanFactory - Returning cached instance of singleton bean 'org.springframework.boot.autoconfigure.condition.BeanTypeRegistry'
[DEBUG] 2017-06-04 15:06:46.603 [main] DefaultListableBeanFactory - Returning cached instance of singleton bean 'autoConfigurationReport'
[DEBUG] 2017-06-04 15:06:46.603 [main] ConfigurationClassBeanDefinitionReader - Registering bean definition for @Bean method org.springframework.boot.autoconfigure.web.JacksonHttpMessageConvertersConfiguration$MappingJackson2HttpMessageConverterConfiguration.mappingJackson2HttpMessageConverter()
[DEBUG] 2017-06-04 15:06:46.603 [main] ConfigurationClassBeanDefinitionReader - Registered bean definition for imported class 'org.springframework.boot.autoconfigure.web.JacksonHttpMessageConvertersConfiguration'
[DEBUG] 2017-06-04 15:06:46.603 [main] DefaultListableBeanFactory - Returning cached instance of singleton bean 'autoConfigurationReport'
[DEBUG] 2017-06-04 15:06:46.607 [main] DefaultListableBeanFactory - Returning cached instance of singleton bean 'org.springframework.boot.autoconfigure.condition.BeanTypeRegistry'
[DEBUG] 2017-06-04 15:06:46.607 [main] DefaultListableBeanFactory - Returning cached instance of singleton bean 'autoConfigurationReport'
[DEBUG] 2017-06-04 15:06:46.608 [main] ConfigurationClassBeanDefinitionReader - Registered bean definition for imported class 'org.springframework.boot.autoconfigure.web.GsonHttpMessageConvertersConfiguration'
[DEBUG] 2017-06-04 15:06:46.608 [main] ConfigurationClassBeanDefinitionReader - Registered bean definition for imported class 'org.springframework.boot.autoconfigure.web.HttpMessageConvertersAutoConfiguration'
[DEBUG] 2017-06-04 15:06:46.608 [main] DefaultListableBeanFactory - Returning cached instance of singleton bean 'org.springframework.boot.autoconfigure.condition.BeanTypeRegistry'
[DEBUG] 2017-06-04 15:06:46.608 [main] DefaultListableBeanFactory - Returning cached instance of singleton bean 'autoConfigurationReport'
[DEBUG] 2017-06-04 15:06:46.608 [main] ConfigurationClassBeanDefinitionReader - Registering bean definition for @Bean method org.springframework.boot.autoconfigure.web.HttpMessageConvertersAutoConfiguration.messageConverters()
[DEBUG] 2017-06-04 15:06:46.609 [main] DefaultListableBeanFactory - Returning cached instance of singleton bean 'autoConfigurationReport'
[DEBUG] 2017-06-04 15:06:46.609 [main] DefaultListableBeanFactory - Returning cached instance of singleton bean 'autoConfigurationReport'
[DEBUG] 2017-06-04 15:06:46.609 [main] DefaultListableBeanFactory - Returning cached instance of singleton bean 'org.springframework.boot.autoconfigure.condition.BeanTypeRegistry'
[DEBUG] 2017-06-04 15:06:46.609 [main] DefaultListableBeanFactory - Returning cached instance of singleton bean 'autoConfigurationReport'
[DEBUG] 2017-06-04 15:06:46.609 [main] ConfigurationClassBeanDefinitionReader - Registered bean definition for imported class 'org.springframework.boot.autoconfigure.hateoas.HypermediaAutoConfiguration$EntityLinksConfiguration'
[DEBUG] 2017-06-04 15:06:46.610 [main] DefaultListableBeanFactory - Returning cached instance of singleton bean 'org.springframework.boot.autoconfigure.condition.BeanTypeRegistry'
[DEBUG] 2017-06-04 15:06:46.611 [main] DefaultListableBeanFactory - Returning cached instance of singleton bean 'autoConfigurationReport'
[DEBUG] 2017-06-04 15:06:46.611 [main] ConfigurationClassBeanDefinitionReader - Registered bean definition for imported class 'org.springframework.hateoas.config.HateoasConfiguration'
[DEBUG] 2017-06-04 15:06:46.611 [main] ConfigurationClassBeanDefinitionReader - Registering bean definition for @Bean method org.springframework.hateoas.config.HateoasConfiguration.linkRelationMessageSource()
[DEBUG] 2017-06-04 15:06:46.611 [main] ConfigurationClassBeanDefinitionReader - Registered bean definition for imported class 'org.springframework.boot.autoconfigure.hateoas.HypermediaAutoConfiguration$HypermediaConfiguration'
[DEBUG] 2017-06-04 15:06:46.611 [main] ConfigurationClassBeanDefinitionReader - Registering bean definition for @Bean method org.springframework.boot.autoconfigure.hateoas.HypermediaAutoConfiguration$HypermediaConfiguration.halObjectMapperConfigurer()
[DEBUG] 2017-06-04 15:06:46.611 [main] DefaultListableBeanFactory - Overriding bean definition for bean 'entityLinksPluginRegistry' with an equivalent definition: replacing [Root bean: class [org.springframework.plugin.core.support.PluginRegistryFactoryBean]; scope=; abstract=false; lazyInit=false; autowireMode=0; dependencyCheck=0; autowireCandidate=true; primary=false; factoryBeanName=null; factoryMethodName=null; initMethodName=null; destroyMethodName=null] with [Root bean: class [org.springframework.plugin.core.support.PluginRegistryFactoryBean]; scope=; abstract=false; lazyInit=false; autowireMode=0; dependencyCheck=0; autowireCandidate=true; primary=false; factoryBeanName=null; factoryMethodName=null; initMethodName=null; destroyMethodName=null]
[DEBUG] 2017-06-04 15:06:46.611 [main] DefaultListableBeanFactory - Overriding bean definition for bean 'controllerEntityLinks' with an equivalent definition: replacing [Root bean: class [org.springframework.hateoas.core.ControllerEntityLinksFactoryBean]; scope=; abstract=false; lazyInit=false; autowireMode=0; dependencyCheck=0; autowireCandidate=true; primary=false; factoryBeanName=null; factoryMethodName=null; initMethodName=null; destroyMethodName=null] with [Root bean: class [org.springframework.hateoas.core.ControllerEntityLinksFactoryBean]; scope=; abstract=false; lazyInit=false; autowireMode=0; dependencyCheck=0; autowireCandidate=true; primary=false; factoryBeanName=null; factoryMethodName=null; initMethodName=null; destroyMethodName=null]
[DEBUG] 2017-06-04 15:06:46.612 [main] DefaultListableBeanFactory - Overriding bean definition for bean 'delegatingEntityLinks' with an equivalent definition: replacing [Root bean: class [org.springframework.hateoas.core.DelegatingEntityLinks]; scope=; abstract=false; lazyInit=false; autowireMode=0; dependencyCheck=0; autowireCandidate=true; primary=true; factoryBeanName=null; factoryMethodName=null; initMethodName=null; destroyMethodName=null] with [Root bean: class [org.springframework.hateoas.core.DelegatingEntityLinks]; scope=; abstract=false; lazyInit=false; autowireMode=0; dependencyCheck=0; autowireCandidate=true; primary=true; factoryBeanName=null; factoryMethodName=null; initMethodName=null; destroyMethodName=null]
[DEBUG] 2017-06-04 15:06:46.612 [main] ConfigurationClassBeanDefinitionReader - Registered bean definition for imported class 'org.springframework.boot.autoconfigure.hateoas.HypermediaHttpMessageConverterConfiguration'
[DEBUG] 2017-06-04 15:06:46.612 [main] DefaultListableBeanFactory - Returning cached instance of singleton bean 'autoConfigurationReport'
[DEBUG] 2017-06-04 15:06:46.613 [main] ConfigurationClassBeanDefinitionReader - Registering bean definition for @Bean method org.springframework.boot.autoconfigure.hateoas.HypermediaHttpMessageConverterConfiguration.halMessageConverterSupportedMediaTypeCustomizer()
[DEBUG] 2017-06-04 15:06:46.613 [main] ConfigurationClassBeanDefinitionReader - Registered bean definition for imported class 'org.springframework.boot.autoconfigure.hateoas.HypermediaAutoConfiguration'
[DEBUG] 2017-06-04 15:06:46.613 [main] DefaultListableBeanFactory - Returning cached instance of singleton bean 'autoConfigurationReport'
[DEBUG] 2017-06-04 15:06:46.613 [main] ConfigurationClassBeanDefinitionReader - Registered bean definition for imported class 'org.springframework.boot.test.autoconfigure.web.servlet.MockMvcAutoConfiguration'
[DEBUG] 2017-06-04 15:06:46.613 [main] DefaultListableBeanFactory - Returning cached instance of singleton bean 'org.springframework.boot.autoconfigure.condition.BeanTypeRegistry'
[DEBUG] 2017-06-04 15:06:46.614 [main] DefaultListableBeanFactory - Returning cached instance of singleton bean 'autoConfigurationReport'
[DEBUG] 2017-06-04 15:06:46.614 [main] ConfigurationClassBeanDefinitionReader - Registering bean definition for @Bean method org.springframework.boot.test.autoconfigure.web.servlet.MockMvcAutoConfiguration.mockMvcBuilder()
[DEBUG] 2017-06-04 15:06:46.614 [main] ConfigurationClassBeanDefinitionReader - Registering bean definition for @Bean method org.springframework.boot.test.autoconfigure.web.servlet.MockMvcAutoConfiguration.springBootMockMvcBuilderCustomizer()
[DEBUG] 2017-06-04 15:06:46.614 [main] DefaultListableBeanFactory - Returning cached instance of singleton bean 'org.springframework.boot.autoconfigure.condition.BeanTypeRegistry'
[DEBUG] 2017-06-04 15:06:46.615 [main] DefaultListableBeanFactory - Returning cached instance of singleton bean 'autoConfigurationReport'
[DEBUG] 2017-06-04 15:06:46.615 [main] ConfigurationClassBeanDefinitionReader - Registering bean definition for @Bean method org.springframework.boot.test.autoconfigure.web.servlet.MockMvcAutoConfiguration.mockMvc()
[DEBUG] 2017-06-04 15:06:46.615 [main] PropertySourcesPropertyResolver - Found key 'spring.test.mockmvc.secure' in [Annotations] with type [Boolean]
[DEBUG] 2017-06-04 15:06:46.616 [main] DefaultListableBeanFactory - Returning cached instance of singleton bean 'autoConfigurationReport'
[DEBUG] 2017-06-04 15:06:46.616 [main] DefaultListableBeanFactory - Returning cached instance of singleton bean 'autoConfigurationReport'
[DEBUG] 2017-06-04 15:06:46.616 [main] ConfigurationClassBeanDefinitionReader - Registered bean definition for imported class 'org.springframework.boot.autoconfigure.web.ServerPropertiesAutoConfiguration'
[DEBUG] 2017-06-04 15:06:46.616 [main] DefaultListableBeanFactory - Returning cached instance of singleton bean 'org.springframework.boot.autoconfigure.condition.BeanTypeRegistry'
[DEBUG] 2017-06-04 15:06:46.616 [main] DefaultListableBeanFactory - Returning cached instance of singleton bean 'autoConfigurationReport'
[DEBUG] 2017-06-04 15:06:46.616 [main] ConfigurationClassBeanDefinitionReader - Registering bean definition for @Bean method org.springframework.boot.autoconfigure.web.ServerPropertiesAutoConfiguration.serverProperties()
[DEBUG] 2017-06-04 15:06:46.616 [main] ConfigurationClassBeanDefinitionReader - Registering bean definition for @Bean method org.springframework.boot.autoconfigure.web.ServerPropertiesAutoConfiguration.duplicateServerPropertiesDetector()
[DEBUG] 2017-06-04 15:06:46.617 [main] ConfigurationClassBeanDefinitionReader - Registered bean definition for imported class 'org.springframework.boot.test.autoconfigure.web.servlet.MockMvcSecurityAutoConfiguration'
[DEBUG] 2017-06-04 15:06:46.620 [main] DefaultListableBeanFactory - Creating shared instance of singleton bean 'org.springframework.boot.test.context.ImportsContextCustomizer$ImportsCleanupPostProcessor'
[DEBUG] 2017-06-04 15:06:46.620 [main] DefaultListableBeanFactory - Creating instance of bean 'org.springframework.boot.test.context.ImportsContextCustomizer$ImportsCleanupPostProcessor'
[DEBUG] 2017-06-04 15:06:46.620 [main] DefaultListableBeanFactory - Eagerly caching bean 'org.springframework.boot.test.context.ImportsContextCustomizer$ImportsCleanupPostProcessor' to allow for resolving potential circular references
[DEBUG] 2017-06-04 15:06:46.621 [main] DefaultListableBeanFactory - Finished creating instance of bean 'org.springframework.boot.test.context.ImportsContextCustomizer$ImportsCleanupPostProcessor'
[DEBUG] 2017-06-04 15:06:46.622 [main] ConfigurationClassEnhancer - Successfully enhanced com.stackroute.ng2boot.Ng2bootApplication; enhanced class name is: com.stackroute.ng2boot.Ng2bootApplication$$EnhancerBySpringCGLIB$$2d67f579
[DEBUG] 2017-06-04 15:06:46.622 [main] ConfigurationClassPostProcessor - Replacing bean definition 'ng2bootApplication' existing class 'com.stackroute.ng2boot.Ng2bootApplication' with enhanced class 'com.stackroute.ng2boot.Ng2bootApplication$$EnhancerBySpringCGLIB$$2d67f579'
[DEBUG] 2017-06-04 15:06:46.622 [main] ConfigurationClassEnhancer - Successfully enhanced org.springframework.boot.autoconfigure.web.WebMvcAutoConfiguration$EnableWebMvcConfiguration; enhanced class name is: org.springframework.boot.autoconfigure.web.WebMvcAutoConfiguration$EnableWebMvcConfiguration$$EnhancerBySpringCGLIB$$3221c155
[DEBUG] 2017-06-04 15:06:46.622 [main] ConfigurationClassPostProcessor - Replacing bean definition 'org.springframework.boot.autoconfigure.web.WebMvcAutoConfiguration$EnableWebMvcConfiguration' existing class 'org.springframework.boot.autoconfigure.web.WebMvcAutoConfiguration$EnableWebMvcConfiguration' with enhanced class 'org.springframework.boot.autoconfigure.web.WebMvcAutoConfiguration$EnableWebMvcConfiguration$$EnhancerBySpringCGLIB$$3221c155'
[DEBUG] 2017-06-04 15:06:46.623 [main] ConfigurationClassEnhancer - Successfully enhanced org.springframework.boot.autoconfigure.web.WebMvcAutoConfiguration$WebMvcAutoConfigurationAdapter$FaviconConfiguration; enhanced class name is: org.springframework.boot.autoconfigure.web.WebMvcAutoConfiguration$WebMvcAutoConfigurationAdapter$FaviconConfiguration$$EnhancerBySpringCGLIB$$13114b40
[DEBUG] 2017-06-04 15:06:46.623 [main] ConfigurationClassPostProcessor - Replacing bean definition 'org.springframework.boot.autoconfigure.web.WebMvcAutoConfiguration$WebMvcAutoConfigurationAdapter$FaviconConfiguration' existing class 'org.springframework.boot.autoconfigure.web.WebMvcAutoConfiguration$WebMvcAutoConfigurationAdapter$FaviconConfiguration' with enhanced class 'org.springframework.boot.autoconfigure.web.WebMvcAutoConfiguration$WebMvcAutoConfigurationAdapter$FaviconConfiguration$$EnhancerBySpringCGLIB$$13114b40'
[DEBUG] 2017-06-04 15:06:46.623 [main] ConfigurationClassEnhancer - Successfully enhanced org.springframework.boot.autoconfigure.web.WebMvcAutoConfiguration$WebMvcAutoConfigurationAdapter; enhanced class name is: org.springframework.boot.autoconfigure.web.WebMvcAutoConfiguration$WebMvcAutoConfigurationAdapter$$EnhancerBySpringCGLIB$$c5f776c8
[DEBUG] 2017-06-04 15:06:46.623 [main] ConfigurationClassPostProcessor - Replacing bean definition 'org.springframework.boot.autoconfigure.web.WebMvcAutoConfiguration$WebMvcAutoConfigurationAdapter' existing class 'org.springframework.boot.autoconfigure.web.WebMvcAutoConfiguration$WebMvcAutoConfigurationAdapter' with enhanced class 'org.springframework.boot.autoconfigure.web.WebMvcAutoConfiguration$WebMvcAutoConfigurationAdapter$$EnhancerBySpringCGLIB$$c5f776c8'
[DEBUG] 2017-06-04 15:06:46.625 [main] ConfigurationClassEnhancer - Successfully enhanced org.springframework.boot.autoconfigure.web.WebMvcAutoConfiguration$WebMvcAutoConfigurationAdapter; enhanced class name is: org.springframework.boot.autoconfigure.web.WebMvcAutoConfiguration$WebMvcAutoConfigurationAdapter$$EnhancerBySpringCGLIB$$c5f776c8
[DEBUG] 2017-06-04 15:06:46.625 [main] ConfigurationClassPostProcessor - Replacing bean definition 'requestContextFilter' existing class 'org.springframework.boot.autoconfigure.web.WebMvcAutoConfiguration$WebMvcAutoConfigurationAdapter' with enhanced class 'org.springframework.boot.autoconfigure.web.WebMvcAutoConfiguration$WebMvcAutoConfigurationAdapter$$EnhancerBySpringCGLIB$$c5f776c8'
[DEBUG] 2017-06-04 15:06:46.625 [main] ConfigurationClassEnhancer - Successfully enhanced org.springframework.boot.autoconfigure.web.WebMvcAutoConfiguration; enhanced class name is: org.springframework.boot.autoconfigure.web.WebMvcAutoConfiguration$$EnhancerBySpringCGLIB$$4a31088c
[DEBUG] 2017-06-04 15:06:46.625 [main] ConfigurationClassPostProcessor - Replacing bean definition 'org.springframework.boot.autoconfigure.web.WebMvcAutoConfiguration' existing class 'org.springframework.boot.autoconfigure.web.WebMvcAutoConfiguration' with enhanced class 'org.springframework.boot.autoconfigure.web.WebMvcAutoConfiguration$$EnhancerBySpringCGLIB$$4a31088c'
[DEBUG] 2017-06-04 15:06:46.625 [main] ConfigurationClassEnhancer - Successfully enhanced org.springframework.boot.autoconfigure.gson.GsonAutoConfiguration; enhanced class name is: org.springframework.boot.autoconfigure.gson.GsonAutoConfiguration$$EnhancerBySpringCGLIB$$19af32d6
[DEBUG] 2017-06-04 15:06:46.625 [main] ConfigurationClassPostProcessor - Replacing bean definition 'org.springframework.boot.autoconfigure.gson.GsonAutoConfiguration' existing class 'org.springframework.boot.autoconfigure.gson.GsonAutoConfiguration' with enhanced class 'org.springframework.boot.autoconfigure.gson.GsonAutoConfiguration$$EnhancerBySpringCGLIB$$19af32d6'
[DEBUG] 2017-06-04 15:06:46.625 [main] ConfigurationClassEnhancer - Successfully enhanced org.springframework.boot.autoconfigure.jackson.JacksonAutoConfiguration$Jackson2ObjectMapperBuilderCustomizerConfiguration; enhanced class name is: org.springframework.boot.autoconfigure.jackson.JacksonAutoConfiguration$Jackson2ObjectMapperBuilderCustomizerConfiguration$$EnhancerBySpringCGLIB$$a3eb46e5
[DEBUG] 2017-06-04 15:06:46.625 [main] ConfigurationClassPostProcessor - Replacing bean definition 'org.springframework.boot.autoconfigure.jackson.JacksonAutoConfiguration$Jackson2ObjectMapperBuilderCustomizerConfiguration' existing class 'org.springframework.boot.autoconfigure.jackson.JacksonAutoConfiguration$Jackson2ObjectMapperBuilderCustomizerConfiguration' with enhanced class 'org.springframework.boot.autoconfigure.jackson.JacksonAutoConfiguration$Jackson2ObjectMapperBuilderCustomizerConfiguration$$EnhancerBySpringCGLIB$$a3eb46e5'
[DEBUG] 2017-06-04 15:06:46.625 [main] ConfigurationClassEnhancer - Successfully enhanced org.springframework.boot.autoconfigure.jackson.JacksonAutoConfiguration$JacksonObjectMapperBuilderConfiguration; enhanced class name is: org.springframework.boot.autoconfigure.jackson.JacksonAutoConfiguration$JacksonObjectMapperBuilderConfiguration$$EnhancerBySpringCGLIB$$e8d460f6
[DEBUG] 2017-06-04 15:06:46.626 [main] ConfigurationClassPostProcessor - Replacing bean definition 'org.springframework.boot.autoconfigure.jackson.JacksonAutoConfiguration$JacksonObjectMapperBuilderConfiguration' existing class 'org.springframework.boot.autoconfigure.jackson.JacksonAutoConfiguration$JacksonObjectMapperBuilderConfiguration' with enhanced class 'org.springframework.boot.autoconfigure.jackson.JacksonAutoConfiguration$JacksonObjectMapperBuilderConfiguration$$EnhancerBySpringCGLIB$$e8d460f6'
[DEBUG] 2017-06-04 15:06:46.626 [main] ConfigurationClassEnhancer - Successfully enhanced org.springframework.boot.autoconfigure.jackson.JacksonAutoConfiguration$JacksonObjectMapperConfiguration; enhanced class name is: org.springframework.boot.autoconfigure.jackson.JacksonAutoConfiguration$JacksonObjectMapperConfiguration$$EnhancerBySpringCGLIB$$36879edd
[DEBUG] 2017-06-04 15:06:46.626 [main] ConfigurationClassPostProcessor - Replacing bean definition 'org.springframework.boot.autoconfigure.jackson.JacksonAutoConfiguration$JacksonObjectMapperConfiguration' existing class 'org.springframework.boot.autoconfigure.jackson.JacksonAutoConfiguration$JacksonObjectMapperConfiguration' with enhanced class 'org.springframework.boot.autoconfigure.jackson.JacksonAutoConfiguration$JacksonObjectMapperConfiguration$$EnhancerBySpringCGLIB$$36879edd'
[DEBUG] 2017-06-04 15:06:46.626 [main] ConfigurationClassEnhancer - Successfully enhanced org.springframework.boot.autoconfigure.jackson.JacksonAutoConfiguration; enhanced class name is: org.springframework.boot.autoconfigure.jackson.JacksonAutoConfiguration$$EnhancerBySpringCGLIB$$18933c6c
[DEBUG] 2017-06-04 15:06:46.626 [main] ConfigurationClassPostProcessor - Replacing bean definition 'org.springframework.boot.autoconfigure.jackson.JacksonAutoConfiguration' existing class 'org.springframework.boot.autoconfigure.jackson.JacksonAutoConfiguration' with enhanced class 'org.springframework.boot.autoconfigure.jackson.JacksonAutoConfiguration$$EnhancerBySpringCGLIB$$18933c6c'
[DEBUG] 2017-06-04 15:06:46.626 [main] ConfigurationClassEnhancer - Successfully enhanced org.springframework.boot.autoconfigure.web.HttpMessageConvertersAutoConfiguration$StringHttpMessageConverterConfiguration; enhanced class name is: org.springframework.boot.autoconfigure.web.HttpMessageConvertersAutoConfiguration$StringHttpMessageConverterConfiguration$$EnhancerBySpringCGLIB$$2822484c
[DEBUG] 2017-06-04 15:06:46.626 [main] ConfigurationClassPostProcessor - Replacing bean definition 'org.springframework.boot.autoconfigure.web.HttpMessageConvertersAutoConfiguration$StringHttpMessageConverterConfiguration' existing class 'org.springframework.boot.autoconfigure.web.HttpMessageConvertersAutoConfiguration$StringHttpMessageConverterConfiguration' with enhanced class 'org.springframework.boot.autoconfigure.web.HttpMessageConvertersAutoConfiguration$StringHttpMessageConverterConfiguration$$EnhancerBySpringCGLIB$$2822484c'
[DEBUG] 2017-06-04 15:06:46.626 [main] ConfigurationClassEnhancer - Successfully enhanced org.springframework.boot.autoconfigure.web.JacksonHttpMessageConvertersConfiguration$MappingJackson2HttpMessageConverterConfiguration; enhanced class name is: org.springframework.boot.autoconfigure.web.JacksonHttpMessageConvertersConfiguration$MappingJackson2HttpMessageConverterConfiguration$$EnhancerBySpringCGLIB$$b630724c
[DEBUG] 2017-06-04 15:06:46.626 [main] ConfigurationClassPostProcessor - Replacing bean definition 'org.springframework.boot.autoconfigure.web.JacksonHttpMessageConvertersConfiguration$MappingJackson2HttpMessageConverterConfiguration' existing class 'org.springframework.boot.autoconfigure.web.JacksonHttpMessageConvertersConfiguration$MappingJackson2HttpMessageConverterConfiguration' with enhanced class 'org.springframework.boot.autoconfigure.web.JacksonHttpMessageConvertersConfiguration$MappingJackson2HttpMessageConverterConfiguration$$EnhancerBySpringCGLIB$$b630724c'
[DEBUG] 2017-06-04 15:06:46.626 [main] ConfigurationClassEnhancer - Successfully enhanced org.springframework.boot.autoconfigure.web.JacksonHttpMessageConvertersConfiguration; enhanced class name is: org.springframework.boot.autoconfigure.web.JacksonHttpMessageConvertersConfiguration$$EnhancerBySpringCGLIB$$491e0ac2
[DEBUG] 2017-06-04 15:06:46.626 [main] ConfigurationClassPostProcessor - Replacing bean definition 'org.springframework.boot.autoconfigure.web.JacksonHttpMessageConvertersConfiguration' existing class 'org.springframework.boot.autoconfigure.web.JacksonHttpMessageConvertersConfiguration' with enhanced class 'org.springframework.boot.autoconfigure.web.JacksonHttpMessageConvertersConfiguration$$EnhancerBySpringCGLIB$$491e0ac2'
[DEBUG] 2017-06-04 15:06:46.626 [main] ConfigurationClassEnhancer - Successfully enhanced org.springframework.boot.autoconfigure.web.GsonHttpMessageConvertersConfiguration; enhanced class name is: org.springframework.boot.autoconfigure.web.GsonHttpMessageConvertersConfiguration$$EnhancerBySpringCGLIB$$b6298886
[DEBUG] 2017-06-04 15:06:46.626 [main] ConfigurationClassPostProcessor - Replacing bean definition 'org.springframework.boot.autoconfigure.web.GsonHttpMessageConvertersConfiguration' existing class 'org.springframework.boot.autoconfigure.web.GsonHttpMessageConvertersConfiguration' with enhanced class 'org.springframework.boot.autoconfigure.web.GsonHttpMessageConvertersConfiguration$$EnhancerBySpringCGLIB$$b6298886'
[DEBUG] 2017-06-04 15:06:46.626 [main] ConfigurationClassEnhancer - Successfully enhanced org.springframework.boot.autoconfigure.web.HttpMessageConvertersAutoConfiguration; enhanced class name is: org.springframework.boot.autoconfigure.web.HttpMessageConvertersAutoConfiguration$$EnhancerBySpringCGLIB$$6bac3dac
[DEBUG] 2017-06-04 15:06:46.626 [main] ConfigurationClassPostProcessor - Replacing bean definition 'org.springframework.boot.autoconfigure.web.HttpMessageConvertersAutoConfiguration' existing class 'org.springframework.boot.autoconfigure.web.HttpMessageConvertersAutoConfiguration' with enhanced class 'org.springframework.boot.autoconfigure.web.HttpMessageConvertersAutoConfiguration$$EnhancerBySpringCGLIB$$6bac3dac'
[DEBUG] 2017-06-04 15:06:46.626 [main] ConfigurationClassEnhancer - Successfully enhanced org.springframework.boot.autoconfigure.hateoas.HypermediaAutoConfiguration$EntityLinksConfiguration; enhanced class name is: org.springframework.boot.autoconfigure.hateoas.HypermediaAutoConfiguration$EntityLinksConfiguration$$EnhancerBySpringCGLIB$$a4aa7529
[DEBUG] 2017-06-04 15:06:46.626 [main] ConfigurationClassPostProcessor - Replacing bean definition 'org.springframework.boot.autoconfigure.hateoas.HypermediaAutoConfiguration$EntityLinksConfiguration' existing class 'org.springframework.boot.autoconfigure.hateoas.HypermediaAutoConfiguration$EntityLinksConfiguration' with enhanced class 'org.springframework.boot.autoconfigure.hateoas.HypermediaAutoConfiguration$EntityLinksConfiguration$$EnhancerBySpringCGLIB$$a4aa7529'
[DEBUG] 2017-06-04 15:06:46.627 [main] ConfigurationClassEnhancer - Successfully enhanced org.springframework.hateoas.config.HateoasConfiguration; enhanced class name is: org.springframework.hateoas.config.HateoasConfiguration$$EnhancerBySpringCGLIB$$5a746c7e
[DEBUG] 2017-06-04 15:06:46.627 [main] ConfigurationClassPostProcessor - Replacing bean definition 'org.springframework.hateoas.config.HateoasConfiguration' existing class 'org.springframework.hateoas.config.HateoasConfiguration' with enhanced class 'org.springframework.hateoas.config.HateoasConfiguration$$EnhancerBySpringCGLIB$$5a746c7e'
[DEBUG] 2017-06-04 15:06:46.627 [main] ConfigurationClassEnhancer - Successfully enhanced org.springframework.boot.autoconfigure.hateoas.HypermediaAutoConfiguration$HypermediaConfiguration; enhanced class name is: org.springframework.boot.autoconfigure.hateoas.HypermediaAutoConfiguration$HypermediaConfiguration$$EnhancerBySpringCGLIB$$7982c8d7
[DEBUG] 2017-06-04 15:06:46.627 [main] ConfigurationClassPostProcessor - Replacing bean definition 'org.springframework.boot.autoconfigure.hateoas.HypermediaAutoConfiguration$HypermediaConfiguration' existing class 'org.springframework.boot.autoconfigure.hateoas.HypermediaAutoConfiguration$HypermediaConfiguration' with enhanced class 'org.springframework.boot.autoconfigure.hateoas.HypermediaAutoConfiguration$HypermediaConfiguration$$EnhancerBySpringCGLIB$$7982c8d7'
[DEBUG] 2017-06-04 15:06:46.627 [main] ConfigurationClassEnhancer - Successfully enhanced org.springframework.boot.autoconfigure.hateoas.HypermediaAutoConfiguration$HypermediaConfiguration; enhanced class name is: org.springframework.boot.autoconfigure.hateoas.HypermediaAutoConfiguration$HypermediaConfiguration$$EnhancerBySpringCGLIB$$7982c8d7
[DEBUG] 2017-06-04 15:06:46.627 [main] ConfigurationClassPostProcessor - Replacing bean definition 'halObjectMapperConfigurer' existing class 'org.springframework.boot.autoconfigure.hateoas.HypermediaAutoConfiguration$HypermediaConfiguration' with enhanced class 'org.springframework.boot.autoconfigure.hateoas.HypermediaAutoConfiguration$HypermediaConfiguration$$EnhancerBySpringCGLIB$$7982c8d7'
[DEBUG] 2017-06-04 15:06:46.628 [main] ConfigurationClassEnhancer - Successfully enhanced org.springframework.boot.autoconfigure.hateoas.HypermediaAutoConfiguration; enhanced class name is: org.springframework.boot.autoconfigure.hateoas.HypermediaAutoConfiguration$$EnhancerBySpringCGLIB$$f6fa897d
[DEBUG] 2017-06-04 15:06:46.628 [main] ConfigurationClassPostProcessor - Replacing bean definition 'org.springframework.boot.autoconfigure.hateoas.HypermediaAutoConfiguration' existing class 'org.springframework.boot.autoconfigure.hateoas.HypermediaAutoConfiguration' with enhanced class 'org.springframework.boot.autoconfigure.hateoas.HypermediaAutoConfiguration$$EnhancerBySpringCGLIB$$f6fa897d'
[DEBUG] 2017-06-04 15:06:46.629 [main] ConfigurationClassEnhancer - Successfully enhanced org.springframework.boot.test.autoconfigure.web.servlet.MockMvcAutoConfiguration; enhanced class name is: org.springframework.boot.test.autoconfigure.web.servlet.MockMvcAutoConfiguration$$EnhancerBySpringCGLIB$$9956da89
[DEBUG] 2017-06-04 15:06:46.629 [main] ConfigurationClassPostProcessor - Replacing bean definition 'org.springframework.boot.test.autoconfigure.web.servlet.MockMvcAutoConfiguration' existing class 'org.springframework.boot.test.autoconfigure.web.servlet.MockMvcAutoConfiguration' with enhanced class 'org.springframework.boot.test.autoconfigure.web.servlet.MockMvcAutoConfiguration$$EnhancerBySpringCGLIB$$9956da89'
[DEBUG] 2017-06-04 15:06:46.629 [main] ConfigurationClassEnhancer - Successfully enhanced org.springframework.boot.autoconfigure.web.ServerPropertiesAutoConfiguration; enhanced class name is: org.springframework.boot.autoconfigure.web.ServerPropertiesAutoConfiguration$$EnhancerBySpringCGLIB$$91499b1c
[DEBUG] 2017-06-04 15:06:46.629 [main] ConfigurationClassPostProcessor - Replacing bean definition 'org.springframework.boot.autoconfigure.web.ServerPropertiesAutoConfiguration' existing class 'org.springframework.boot.autoconfigure.web.ServerPropertiesAutoConfiguration' with enhanced class 'org.springframework.boot.autoconfigure.web.ServerPropertiesAutoConfiguration$$EnhancerBySpringCGLIB$$91499b1c'
[DEBUG] 2017-06-04 15:06:46.629 [main] ConfigurationClassEnhancer - Successfully enhanced org.springframework.boot.test.autoconfigure.web.servlet.MockMvcSecurityAutoConfiguration; enhanced class name is: org.springframework.boot.test.autoconfigure.web.servlet.MockMvcSecurityAutoConfiguration$$EnhancerBySpringCGLIB$$af84fe29
[DEBUG] 2017-06-04 15:06:46.629 [main] ConfigurationClassPostProcessor - Replacing bean definition 'org.springframework.boot.test.autoconfigure.web.servlet.MockMvcSecurityAutoConfiguration' existing class 'org.springframework.boot.test.autoconfigure.web.servlet.MockMvcSecurityAutoConfiguration' with enhanced class 'org.springframework.boot.test.autoconfigure.web.servlet.MockMvcSecurityAutoConfiguration$$EnhancerBySpringCGLIB$$af84fe29'
[DEBUG] 2017-06-04 15:06:46.629 [main] StandardEnvironment - Adding [applicationConfig: [classpath:/application.properties]] PropertySource with search precedence immediately lower than [applicationConfigurationProperties]
[DEBUG] 2017-06-04 15:06:46.629 [main] StandardEnvironment - Removing [applicationConfigurationProperties] PropertySource
[DEBUG] 2017-06-04 15:06:46.629 [main] StandardEnvironment - Removing [defaultProperties] PropertySource
[DEBUG] 2017-06-04 15:06:46.630 [main] DefaultListableBeanFactory - Creating shared instance of singleton bean 'org.springframework.boot.test.mock.mockito.MockitoPostProcessor'
[DEBUG] 2017-06-04 15:06:46.630 [main] DefaultListableBeanFactory - Creating instance of bean 'org.springframework.boot.test.mock.mockito.MockitoPostProcessor'
[DEBUG] 2017-06-04 15:06:46.634 [main] DefaultListableBeanFactory - Eagerly caching bean 'org.springframework.boot.test.mock.mockito.MockitoPostProcessor' to allow for resolving potential circular references
[DEBUG] 2017-06-04 15:06:46.634 [main] DefaultListableBeanFactory - Finished creating instance of bean 'org.springframework.boot.test.mock.mockito.MockitoPostProcessor'
[DEBUG] 2017-06-04 15:06:46.640 [main] DefaultListableBeanFactory - Creating shared instance of singleton bean 'org.springframework.boot.context.properties.ConfigurationPropertiesBindingPostProcessor.store'
[DEBUG] 2017-06-04 15:06:46.640 [main] DefaultListableBeanFactory - Creating instance of bean 'org.springframework.boot.context.properties.ConfigurationPropertiesBindingPostProcessor.store'
[DEBUG] 2017-06-04 15:06:46.640 [main] DefaultListableBeanFactory - Eagerly caching bean 'org.springframework.boot.context.properties.ConfigurationPropertiesBindingPostProcessor.store' to allow for resolving potential circular references
[DEBUG] 2017-06-04 15:06:46.640 [main] DefaultListableBeanFactory - Finished creating instance of bean 'org.springframework.boot.context.properties.ConfigurationPropertiesBindingPostProcessor.store'
[DEBUG] 2017-06-04 15:06:46.642 [main] DefaultListableBeanFactory - Creating shared instance of singleton bean 'org.springframework.context.annotation.internalAutowiredAnnotationProcessor'
[DEBUG] 2017-06-04 15:06:46.642 [main] DefaultListableBeanFactory - Creating instance of bean 'org.springframework.context.annotation.internalAutowiredAnnotationProcessor'
[DEBUG] 2017-06-04 15:06:46.643 [main] DefaultListableBeanFactory - Eagerly caching bean 'org.springframework.context.annotation.internalAutowiredAnnotationProcessor' to allow for resolving potential circular references
[DEBUG] 2017-06-04 15:06:46.643 [main] DefaultListableBeanFactory - Finished creating instance of bean 'org.springframework.context.annotation.internalAutowiredAnnotationProcessor'
[DEBUG] 2017-06-04 15:06:46.643 [main] DefaultListableBeanFactory - Creating shared instance of singleton bean 'org.springframework.context.annotation.internalRequiredAnnotationProcessor'
[DEBUG] 2017-06-04 15:06:46.643 [main] DefaultListableBeanFactory - Creating instance of bean 'org.springframework.context.annotation.internalRequiredAnnotationProcessor'
[DEBUG] 2017-06-04 15:06:46.643 [main] DefaultListableBeanFactory - Eagerly caching bean 'org.springframework.context.annotation.internalRequiredAnnotationProcessor' to allow for resolving potential circular references
[DEBUG] 2017-06-04 15:06:46.643 [main] DefaultListableBeanFactory - Finished creating instance of bean 'org.springframework.context.annotation.internalRequiredAnnotationProcessor'
[DEBUG] 2017-06-04 15:06:46.644 [main] DefaultListableBeanFactory - Creating shared instance of singleton bean 'org.springframework.context.annotation.internalCommonAnnotationProcessor'
[DEBUG] 2017-06-04 15:06:46.644 [main] DefaultListableBeanFactory - Creating instance of bean 'org.springframework.context.annotation.internalCommonAnnotationProcessor'
[DEBUG] 2017-06-04 15:06:46.644 [main] DefaultListableBeanFactory - Eagerly caching bean 'org.springframework.context.annotation.internalCommonAnnotationProcessor' to allow for resolving potential circular references
[DEBUG] 2017-06-04 15:06:46.644 [main] DefaultListableBeanFactory - Finished creating instance of bean 'org.springframework.context.annotation.internalCommonAnnotationProcessor'
[DEBUG] 2017-06-04 15:06:46.644 [main] DefaultListableBeanFactory - Creating shared instance of singleton bean 'org.springframework.boot.test.mock.mockito.MockitoPostProcessor$SpyPostProcessor'
[DEBUG] 2017-06-04 15:06:46.644 [main] DefaultListableBeanFactory - Creating instance of bean 'org.springframework.boot.test.mock.mockito.MockitoPostProcessor$SpyPostProcessor'
[DEBUG] 2017-06-04 15:06:46.644 [main] DefaultListableBeanFactory - Returning cached instance of singleton bean 'org.springframework.boot.test.mock.mockito.MockitoPostProcessor'
[DEBUG] 2017-06-04 15:06:46.646 [main] DefaultListableBeanFactory - Eagerly caching bean 'org.springframework.boot.test.mock.mockito.MockitoPostProcessor$SpyPostProcessor' to allow for resolving potential circular references
[DEBUG] 2017-06-04 15:06:46.646 [main] DefaultListableBeanFactory - Finished creating instance of bean 'org.springframework.boot.test.mock.mockito.MockitoPostProcessor$SpyPostProcessor'
[DEBUG] 2017-06-04 15:06:46.646 [main] DefaultListableBeanFactory - Creating shared instance of singleton bean 'org.springframework.context.annotation.ConfigurationClassPostProcessor.importAwareProcessor'
[DEBUG] 2017-06-04 15:06:46.646 [main] DefaultListableBeanFactory - Creating instance of bean 'org.springframework.context.annotation.ConfigurationClassPostProcessor.importAwareProcessor'
[DEBUG] 2017-06-04 15:06:46.646 [main] DefaultListableBeanFactory - Eagerly caching bean 'org.springframework.context.annotation.ConfigurationClassPostProcessor.importAwareProcessor' to allow for resolving potential circular references
[DEBUG] 2017-06-04 15:06:46.646 [main] DefaultListableBeanFactory - Finished creating instance of bean 'org.springframework.context.annotation.ConfigurationClassPostProcessor.importAwareProcessor'
[DEBUG] 2017-06-04 15:06:46.646 [main] DefaultListableBeanFactory - Creating shared instance of singleton bean 'org.springframework.context.annotation.ConfigurationClassPostProcessor.enhancedConfigurationProcessor'
[DEBUG] 2017-06-04 15:06:46.646 [main] DefaultListableBeanFactory - Creating instance of bean 'org.springframework.context.annotation.ConfigurationClassPostProcessor.enhancedConfigurationProcessor'
[DEBUG] 2017-06-04 15:06:46.646 [main] DefaultListableBeanFactory - Eagerly caching bean 'org.springframework.context.annotation.ConfigurationClassPostProcessor.enhancedConfigurationProcessor' to allow for resolving potential circular references
[DEBUG] 2017-06-04 15:06:46.646 [main] DefaultListableBeanFactory - Finished creating instance of bean 'org.springframework.context.annotation.ConfigurationClassPostProcessor.enhancedConfigurationProcessor'
[DEBUG] 2017-06-04 15:06:46.646 [main] DefaultListableBeanFactory - Creating shared instance of singleton bean 'org.springframework.data.repository.core.support.RepositoryFactoryBeanSupport_Predictor'
[DEBUG] 2017-06-04 15:06:46.646 [main] DefaultListableBeanFactory - Creating instance of bean 'org.springframework.data.repository.core.support.RepositoryFactoryBeanSupport_Predictor'
[DEBUG] 2017-06-04 15:06:46.647 [main] DefaultListableBeanFactory - Eagerly caching bean 'org.springframework.data.repository.core.support.RepositoryFactoryBeanSupport_Predictor' to allow for resolving potential circular references
[DEBUG] 2017-06-04 15:06:46.648 [main] DefaultListableBeanFactory - Finished creating instance of bean 'org.springframework.data.repository.core.support.RepositoryFactoryBeanSupport_Predictor'
[DEBUG] 2017-06-04 15:06:46.648 [main] DefaultListableBeanFactory - Creating shared instance of singleton bean 'org.springframework.boot.context.properties.ConfigurationPropertiesBindingPostProcessor'
[DEBUG] 2017-06-04 15:06:46.648 [main] DefaultListableBeanFactory - Creating instance of bean 'org.springframework.boot.context.properties.ConfigurationPropertiesBindingPostProcessor'
[DEBUG] 2017-06-04 15:06:46.649 [main] StandardEnvironment - Adding [systemProperties] PropertySource with lowest search precedence
[DEBUG] 2017-06-04 15:06:46.649 [main] StandardEnvironment - Adding [systemEnvironment] PropertySource with lowest search precedence
[DEBUG] 2017-06-04 15:06:46.649 [main] StandardEnvironment - Initialized StandardEnvironment with PropertySources [systemProperties,systemEnvironment]
[DEBUG] 2017-06-04 15:06:46.649 [main] DefaultListableBeanFactory - Eagerly caching bean 'org.springframework.boot.context.properties.ConfigurationPropertiesBindingPostProcessor' to allow for resolving potential circular references
[DEBUG] 2017-06-04 15:06:46.649 [main] DefaultListableBeanFactory - Returning cached instance of singleton bean 'org.springframework.boot.context.properties.ConfigurationPropertiesBindingPostProcessor.store'
[DEBUG] 2017-06-04 15:06:46.655 [main] DefaultListableBeanFactory - Invoking afterPropertiesSet() on bean with name 'org.springframework.boot.context.properties.ConfigurationPropertiesBindingPostProcessor'
[DEBUG] 2017-06-04 15:06:46.656 [main] DefaultListableBeanFactory - Finished creating instance of bean 'org.springframework.boot.context.properties.ConfigurationPropertiesBindingPostProcessor'
[DEBUG] 2017-06-04 15:06:46.656 [main] DefaultListableBeanFactory - Returning cached instance of singleton bean 'org.springframework.boot.test.mock.mockito.MockitoPostProcessor'
[DEBUG] 2017-06-04 15:06:46.656 [main] DefaultListableBeanFactory - Creating shared instance of singleton bean 'halObjectMapperConfigurer'
[DEBUG] 2017-06-04 15:06:46.656 [main] DefaultListableBeanFactory - Creating instance of bean 'halObjectMapperConfigurer'
[DEBUG] 2017-06-04 15:06:46.657 [main] DefaultListableBeanFactory - Eagerly caching bean 'halObjectMapperConfigurer' to allow for resolving potential circular references
[DEBUG] 2017-06-04 15:06:46.660 [main] DefaultListableBeanFactory - Finished creating instance of bean 'halObjectMapperConfigurer'
[DEBUG] 2017-06-04 15:06:46.660 [main] DefaultListableBeanFactory - Creating shared instance of singleton bean 'org.springframework.hateoas.config.HypermediaSupportBeanDefinitionRegistrar$DefaultObjectMapperCustomizer#0'
[DEBUG] 2017-06-04 15:06:46.660 [main] DefaultListableBeanFactory - Creating instance of bean 'org.springframework.hateoas.config.HypermediaSupportBeanDefinitionRegistrar$DefaultObjectMapperCustomizer#0'
[DEBUG] 2017-06-04 15:06:46.661 [main] DefaultListableBeanFactory - Eagerly caching bean 'org.springframework.hateoas.config.HypermediaSupportBeanDefinitionRegistrar$DefaultObjectMapperCustomizer#0' to allow for resolving potential circular references
[DEBUG] 2017-06-04 15:06:46.663 [main] DefaultListableBeanFactory - Finished creating instance of bean 'org.springframework.hateoas.config.HypermediaSupportBeanDefinitionRegistrar$DefaultObjectMapperCustomizer#0'
[DEBUG] 2017-06-04 15:06:46.663 [main] DefaultListableBeanFactory - Creating shared instance of singleton bean 'org.springframework.hateoas.config.HypermediaSupportBeanDefinitionRegistrar$Jackson2ModuleRegisteringBeanPostProcessor#0'
[DEBUG] 2017-06-04 15:06:46.663 [main] DefaultListableBeanFactory - Creating instance of bean 'org.springframework.hateoas.config.HypermediaSupportBeanDefinitionRegistrar$Jackson2ModuleRegisteringBeanPostProcessor#0'
[DEBUG] 2017-06-04 15:06:46.663 [main] DefaultListableBeanFactory - Eagerly caching bean 'org.springframework.hateoas.config.HypermediaSupportBeanDefinitionRegistrar$Jackson2ModuleRegisteringBeanPostProcessor#0' to allow for resolving potential circular references
[DEBUG] 2017-06-04 15:06:46.668 [main] DefaultListableBeanFactory - Finished creating instance of bean 'org.springframework.hateoas.config.HypermediaSupportBeanDefinitionRegistrar$Jackson2ModuleRegisteringBeanPostProcessor#0'
[DEBUG] 2017-06-04 15:06:46.668 [main] DefaultListableBeanFactory - Returning cached instance of singleton bean 'org.springframework.boot.test.autoconfigure.properties.PropertyMappingContextCustomizer$PropertyMappingCheckBeanPostProcessor'
[DEBUG] 2017-06-04 15:06:46.668 [main] GenericWebApplicationContext - Unable to locate MessageSource with name 'messageSource': using default [org.springframework.context.support.DelegatingMessageSource@6af609ea]
[DEBUG] 2017-06-04 15:06:46.668 [main] GenericWebApplicationContext - Unable to locate ApplicationEventMulticaster with name 'applicationEventMulticaster': using default [org.springframework.context.event.SimpleApplicationEventMulticaster@280fafd]
[DEBUG] 2017-06-04 15:06:46.669 [main] UiApplicationContextUtils - Unable to locate ThemeSource with name 'themeSource': using default [org.springframework.ui.context.support.ResourceBundleThemeSource@39e53bef]
[DEBUG] 2017-06-04 15:06:46.671 [main] DefaultListableBeanFactory - Pre-instantiating singletons in org.springframework.beans.factory.support.DefaultListableBeanFactory@bd3eff4: defining beans [org.springframework.context.annotation.internalConfigurationAnnotationProcessor,org.springframework.context.annotation.internalAutowiredAnnotationProcessor,org.springframework.context.annotation.internalRequiredAnnotationProcessor,org.springframework.context.annotation.internalCommonAnnotationProcessor,org.springframework.context.event.internalEventListenerProcessor,org.springframework.context.event.internalEventListenerFactory,org.springframework.boot.test.context.ImportsContextCustomizer$ImportsCleanupPostProcessor,org.springframework.boot.test.mock.mockito.MockitoPostProcessor$SpyPostProcessor,org.springframework.boot.test.mock.mockito.MockitoPostProcessor,ng2bootApplication,org.springframework.boot.autoconfigure.internalCachingMetadataReaderFactory,org.springframework.context.annotation.ConfigurationClassPostProcessor.importAwareProcessor,org.springframework.context.annotation.ConfigurationClassPostProcessor.enhancedConfigurationProcessor,movieRestController,org.springframework.boot.autoconfigure.AutoConfigurationPackages,org.springframework.data.mongodb.repository.config.MongoRepositoryConfigurationExtension#0,org.springframework.data.repository.core.support.RepositoryFactoryBeanSupport_Predictor,crudsRepository,movieRepository,org.springframework.boot.autoconfigure.condition.BeanTypeRegistry,org.springframework.boot.autoconfigure.web.WebMvcAutoConfiguration$EnableWebMvcConfiguration,requestMappingHandlerAdapter,requestMappingHandlerMapping,mvcPathMatcher,mvcUrlPathHelper,mvcContentNegotiationManager,viewControllerHandlerMapping,beanNameHandlerMapping,resourceHandlerMapping,mvcResourceUrlProvider,defaultServletHandlerMapping,mvcConversionService,mvcValidator,mvcUriComponentsContributor,httpRequestHandlerAdapter,simpleControllerHandlerAdapter,handlerExceptionResolver,mvcViewResolver,org.springframework.boot.autoconfigure.web.WebMvcAutoConfiguration$WebMvcAutoConfigurationAdapter$FaviconConfiguration,faviconHandlerMapping,faviconRequestHandler,org.springframework.boot.autoconfigure.web.WebMvcAutoConfiguration$WebMvcAutoConfigurationAdapter,defaultViewResolver,viewResolver,welcomePageHandlerMapping,requestContextFilter,spring.mvc-org.springframework.boot.autoconfigure.web.WebMvcProperties,spring.resources-org.springframework.boot.autoconfigure.web.ResourceProperties,org.springframework.boot.context.properties.ConfigurationPropertiesBindingPostProcessor,org.springframework.boot.context.properties.ConfigurationPropertiesBindingPostProcessor.store,org.springframework.boot.autoconfigure.web.WebMvcAutoConfiguration,hiddenHttpMethodFilter,httpPutFormContentFilter,org.springframework.boot.autoconfigure.gson.GsonAutoConfiguration,gson,org.springframework.boot.autoconfigure.jackson.JacksonAutoConfiguration$Jackson2ObjectMapperBuilderCustomizerConfiguration,standardJacksonObjectMapperBuilderCustomizer,spring.jackson-org.springframework.boot.autoconfigure.jackson.JacksonProperties,org.springframework.boot.autoconfigure.jackson.JacksonAutoConfiguration$JacksonObjectMapperBuilderConfiguration,jacksonObjectMapperBuilder,org.springframework.boot.autoconfigure.jackson.JacksonAutoConfiguration$JacksonObjectMapperConfiguration,jacksonObjectMapper,org.springframework.boot.autoconfigure.jackson.JacksonAutoConfiguration,jsonComponentModule,org.springframework.boot.autoconfigure.web.HttpMessageConvertersAutoConfiguration$StringHttpMessageConverterConfiguration,stringHttpMessageConverter,spring.http.encoding-org.springframework.boot.autoconfigure.web.HttpEncodingProperties,org.springframework.boot.autoconfigure.web.JacksonHttpMessageConvertersConfiguration$MappingJackson2HttpMessageConverterConfiguration,mappingJackson2HttpMessageConverter,org.springframework.boot.autoconfigure.web.JacksonHttpMessageConvertersConfiguration,org.springframework.boot.autoconfigure.web.GsonHttpMessageConvertersConfiguration,org.springframework.boot.autoconfigure.web.HttpMessageConvertersAutoConfiguration,messageConverters,org.springframework.boot.autoconfigure.hateoas.HypermediaAutoConfiguration$EntityLinksConfiguration,entityLinksPluginRegistry,controllerEntityLinks,delegatingEntityLinks,org.springframework.hateoas.config.HateoasConfiguration,linkRelationMessageSource,org.springframework.boot.autoconfigure.hateoas.HypermediaAutoConfiguration$HypermediaConfiguration,halObjectMapperConfigurer,org.springframework.hateoas.hal.HalLinkDiscoverer#0,_halObjectMapper,org.springframework.hateoas.config.HypermediaSupportBeanDefinitionRegistrar$DefaultObjectMapperCustomizer#0,org.springframework.hateoas.config.HypermediaSupportBeanDefinitionRegistrar$Jackson2ModuleRegisteringBeanPostProcessor#0,_linkDiscovererRegistry,org.springframework.hateoas.LinkDiscoverers#0,defaultRelProvider,annotationRelProvider,relProviderPluginRegistry,_relProvider,org.springframework.boot.autoconfigure.hateoas.HypermediaHttpMessageConverterConfiguration,halMessageConverterSupportedMediaTypeCustomizer,org.springframework.boot.autoconfigure.hateoas.HypermediaAutoConfiguration,spring.hateoas-org.springframework.boot.autoconfigure.hateoas.HateoasProperties,org.springframework.boot.test.autoconfigure.web.servlet.MockMvcAutoConfiguration,mockMvcBuilder,springBootMockMvcBuilderCustomizer,mockMvc,org.springframework.boot.autoconfigure.web.ServerPropertiesAutoConfiguration,serverProperties,duplicateServerPropertiesDetector,org.springframework.boot.test.autoconfigure.web.servlet.MockMvcSecurityAutoConfiguration,com.stackroute.ng2boot.service.MovieGetService#0]; root of factory hierarchy
[DEBUG] 2017-06-04 15:06:46.671 [main] DefaultListableBeanFactory - Returning cached instance of singleton bean 'org.springframework.context.annotation.internalConfigurationAnnotationProcessor'
[DEBUG] 2017-06-04 15:06:46.671 [main] DefaultListableBeanFactory - Returning cached instance of singleton bean 'org.springframework.context.annotation.internalAutowiredAnnotationProcessor'
[DEBUG] 2017-06-04 15:06:46.671 [main] DefaultListableBeanFactory - Returning cached instance of singleton bean 'org.springframework.context.annotation.internalRequiredAnnotationProcessor'
[DEBUG] 2017-06-04 15:06:46.671 [main] DefaultListableBeanFactory - Returning cached instance of singleton bean 'org.springframework.context.annotation.internalCommonAnnotationProcessor'
[DEBUG] 2017-06-04 15:06:46.671 [main] DefaultListableBeanFactory - Creating shared instance of singleton bean 'org.springframework.context.event.internalEventListenerProcessor'
[DEBUG] 2017-06-04 15:06:46.671 [main] DefaultListableBeanFactory - Creating instance of bean 'org.springframework.context.event.internalEventListenerProcessor'
[DEBUG] 2017-06-04 15:06:46.671 [main] DefaultListableBeanFactory - Eagerly caching bean 'org.springframework.context.event.internalEventListenerProcessor' to allow for resolving potential circular references
[DEBUG] 2017-06-04 15:06:46.675 [main] DefaultListableBeanFactory - Finished creating instance of bean 'org.springframework.context.event.internalEventListenerProcessor'
[DEBUG] 2017-06-04 15:06:46.675 [main] DefaultListableBeanFactory - Creating shared instance of singleton bean 'org.springframework.context.event.internalEventListenerFactory'
[DEBUG] 2017-06-04 15:06:46.675 [main] DefaultListableBeanFactory - Creating instance of bean 'org.springframework.context.event.internalEventListenerFactory'
[DEBUG] 2017-06-04 15:06:46.675 [main] DefaultListableBeanFactory - Eagerly caching bean 'org.springframework.context.event.internalEventListenerFactory' to allow for resolving potential circular references
[DEBUG] 2017-06-04 15:06:46.678 [main] DefaultListableBeanFactory - Finished creating instance of bean 'org.springframework.context.event.internalEventListenerFactory'
[DEBUG] 2017-06-04 15:06:46.678 [main] DefaultListableBeanFactory - Returning cached instance of singleton bean 'org.springframework.boot.test.context.ImportsContextCustomizer$ImportsCleanupPostProcessor'
[DEBUG] 2017-06-04 15:06:46.678 [main] DefaultListableBeanFactory - Returning cached instance of singleton bean 'org.springframework.boot.test.mock.mockito.MockitoPostProcessor$SpyPostProcessor'
[DEBUG] 2017-06-04 15:06:46.678 [main] DefaultListableBeanFactory - Returning cached instance of singleton bean 'org.springframework.boot.test.mock.mockito.MockitoPostProcessor'
[DEBUG] 2017-06-04 15:06:46.678 [main] DefaultListableBeanFactory - Creating shared instance of singleton bean 'ng2bootApplication'
[DEBUG] 2017-06-04 15:06:46.678 [main] DefaultListableBeanFactory - Creating instance of bean 'ng2bootApplication'
[DEBUG] 2017-06-04 15:06:46.686 [main] DefaultListableBeanFactory - Eagerly caching bean 'ng2bootApplication' to allow for resolving potential circular references
[DEBUG] 2017-06-04 15:06:46.690 [main] DefaultListableBeanFactory - Finished creating instance of bean 'ng2bootApplication'
[DEBUG] 2017-06-04 15:06:46.690 [main] DefaultListableBeanFactory - Returning cached instance of singleton bean 'org.springframework.boot.autoconfigure.internalCachingMetadataReaderFactory'
[DEBUG] 2017-06-04 15:06:46.690 [main] DefaultListableBeanFactory - Returning cached instance of singleton bean 'org.springframework.context.annotation.ConfigurationClassPostProcessor.importAwareProcessor'
[DEBUG] 2017-06-04 15:06:46.690 [main] DefaultListableBeanFactory - Returning cached instance of singleton bean 'org.springframework.context.annotation.ConfigurationClassPostProcessor.enhancedConfigurationProcessor'
[DEBUG] 2017-06-04 15:06:46.691 [main] DefaultListableBeanFactory - Creating shared instance of singleton bean 'movieRestController'
[DEBUG] 2017-06-04 15:06:46.691 [main] DefaultListableBeanFactory - Creating instance of bean 'movieRestController'
[DEBUG] 2017-06-04 15:06:46.697 [main] InjectionMetadata - Registered injected element on class [com.stackroute.ng2boot.controllers.MovieRestController]: AutowiredFieldElement for private com.stackroute.ng2boot.service.MovieGetService com.stackroute.ng2boot.controllers.MovieRestController.moviegetservice
[DEBUG] 2017-06-04 15:06:46.697 [main] InjectionMetadata - Registered injected element on class [com.stackroute.ng2boot.controllers.MovieRestController]: AutowiredFieldElement for private com.stackroute.ng2boot.links.MovieLinks com.stackroute.ng2boot.controllers.MovieRestController.movielinks
[DEBUG] 2017-06-04 15:06:46.697 [main] DefaultListableBeanFactory - Eagerly caching bean 'movieRestController' to allow for resolving potential circular references
[DEBUG] 2017-06-04 15:06:46.698 [main] InjectionMetadata - Processing injected element of bean 'movieRestController': AutowiredFieldElement for private com.stackroute.ng2boot.service.MovieGetService com.stackroute.ng2boot.controllers.MovieRestController.moviegetservice
[DEBUG] 2017-06-04 15:06:46.699 [main] DefaultListableBeanFactory - Returning cached instance of singleton bean 'com.stackroute.ng2boot.service.MovieGetService#0'
[DEBUG] 2017-06-04 15:06:46.699 [main] AutowiredAnnotationBeanPostProcessor - Autowiring by type from bean name 'movieRestController' to bean named 'com.stackroute.ng2boot.service.MovieGetService#0'
[DEBUG] 2017-06-04 15:06:46.699 [main] InjectionMetadata - Processing injected element of bean 'movieRestController': AutowiredFieldElement for private com.stackroute.ng2boot.links.MovieLinks com.stackroute.ng2boot.controllers.MovieRestController.movielinks
[WARN ] 2017-06-04 15:06:46.702 [main] GenericWebApplicationContext - Exception encountered during context initialization - cancelling refresh attempt: org.springframework.beans.factory.UnsatisfiedDependencyException: Error creating bean with name 'movieRestController': Unsatisfied dependency expressed through field 'movielinks'; nested exception is org.springframework.beans.factory.NoSuchBeanDefinitionException: No qualifying bean of type 'com.stackroute.ng2boot.links.MovieLinks' available: expected at least 1 bean which qualifies as autowire candidate. Dependency annotations: {@org.springframework.beans.factory.annotation.Autowired(required=true)}
[DEBUG] 2017-06-04 15:06:46.702 [main] DefaultListableBeanFactory - Destroying singletons in org.springframework.beans.factory.support.DefaultListableBeanFactory@bd3eff4: defining beans [org.springframework.context.annotation.internalConfigurationAnnotationProcessor,org.springframework.context.annotation.internalAutowiredAnnotationProcessor,org.springframework.context.annotation.internalRequiredAnnotationProcessor,org.springframework.context.annotation.internalCommonAnnotationProcessor,org.springframework.context.event.internalEventListenerProcessor,org.springframework.context.event.internalEventListenerFactory,org.springframework.boot.test.context.ImportsContextCustomizer$ImportsCleanupPostProcessor,org.springframework.boot.test.mock.mockito.MockitoPostProcessor$SpyPostProcessor,org.springframework.boot.test.mock.mockito.MockitoPostProcessor,ng2bootApplication,org.springframework.boot.autoconfigure.internalCachingMetadataReaderFactory,org.springframework.context.annotation.ConfigurationClassPostProcessor.importAwareProcessor,org.springframework.context.annotation.ConfigurationClassPostProcessor.enhancedConfigurationProcessor,movieRestController,org.springframework.boot.autoconfigure.AutoConfigurationPackages,org.springframework.data.mongodb.repository.config.MongoRepositoryConfigurationExtension#0,org.springframework.data.repository.core.support.RepositoryFactoryBeanSupport_Predictor,crudsRepository,movieRepository,org.springframework.boot.autoconfigure.condition.BeanTypeRegistry,org.springframework.boot.autoconfigure.web.WebMvcAutoConfiguration$EnableWebMvcConfiguration,requestMappingHandlerAdapter,requestMappingHandlerMapping,mvcPathMatcher,mvcUrlPathHelper,mvcContentNegotiationManager,viewControllerHandlerMapping,beanNameHandlerMapping,resourceHandlerMapping,mvcResourceUrlProvider,defaultServletHandlerMapping,mvcConversionService,mvcValidator,mvcUriComponentsContributor,httpRequestHandlerAdapter,simpleControllerHandlerAdapter,handlerExceptionResolver,mvcViewResolver,org.springframework.boot.autoconfigure.web.WebMvcAutoConfiguration$WebMvcAutoConfigurationAdapter$FaviconConfiguration,faviconHandlerMapping,faviconRequestHandler,org.springframework.boot.autoconfigure.web.WebMvcAutoConfiguration$WebMvcAutoConfigurationAdapter,defaultViewResolver,viewResolver,welcomePageHandlerMapping,requestContextFilter,spring.mvc-org.springframework.boot.autoconfigure.web.WebMvcProperties,spring.resources-org.springframework.boot.autoconfigure.web.ResourceProperties,org.springframework.boot.context.properties.ConfigurationPropertiesBindingPostProcessor,org.springframework.boot.context.properties.ConfigurationPropertiesBindingPostProcessor.store,org.springframework.boot.autoconfigure.web.WebMvcAutoConfiguration,hiddenHttpMethodFilter,httpPutFormContentFilter,org.springframework.boot.autoconfigure.gson.GsonAutoConfiguration,gson,org.springframework.boot.autoconfigure.jackson.JacksonAutoConfiguration$Jackson2ObjectMapperBuilderCustomizerConfiguration,standardJacksonObjectMapperBuilderCustomizer,spring.jackson-org.springframework.boot.autoconfigure.jackson.JacksonProperties,org.springframework.boot.autoconfigure.jackson.JacksonAutoConfiguration$JacksonObjectMapperBuilderConfiguration,jacksonObjectMapperBuilder,org.springframework.boot.autoconfigure.jackson.JacksonAutoConfiguration$JacksonObjectMapperConfiguration,jacksonObjectMapper,org.springframework.boot.autoconfigure.jackson.JacksonAutoConfiguration,jsonComponentModule,org.springframework.boot.autoconfigure.web.HttpMessageConvertersAutoConfiguration$StringHttpMessageConverterConfiguration,stringHttpMessageConverter,spring.http.encoding-org.springframework.boot.autoconfigure.web.HttpEncodingProperties,org.springframework.boot.autoconfigure.web.JacksonHttpMessageConvertersConfiguration$MappingJackson2HttpMessageConverterConfiguration,mappingJackson2HttpMessageConverter,org.springframework.boot.autoconfigure.web.JacksonHttpMessageConvertersConfiguration,org.springframework.boot.autoconfigure.web.GsonHttpMessageConvertersConfiguration,org.springframework.boot.autoconfigure.web.HttpMessageConvertersAutoConfiguration,messageConverters,org.springframework.boot.autoconfigure.hateoas.HypermediaAutoConfiguration$EntityLinksConfiguration,entityLinksPluginRegistry,controllerEntityLinks,delegatingEntityLinks,org.springframework.hateoas.config.HateoasConfiguration,linkRelationMessageSource,org.springframework.boot.autoconfigure.hateoas.HypermediaAutoConfiguration$HypermediaConfiguration,halObjectMapperConfigurer,org.springframework.hateoas.hal.HalLinkDiscoverer#0,_halObjectMapper,org.springframework.hateoas.config.HypermediaSupportBeanDefinitionRegistrar$DefaultObjectMapperCustomizer#0,org.springframework.hateoas.config.HypermediaSupportBeanDefinitionRegistrar$Jackson2ModuleRegisteringBeanPostProcessor#0,_linkDiscovererRegistry,org.springframework.hateoas.LinkDiscoverers#0,defaultRelProvider,annotationRelProvider,relProviderPluginRegistry,_relProvider,org.springframework.boot.autoconfigure.hateoas.HypermediaHttpMessageConverterConfiguration,halMessageConverterSupportedMediaTypeCustomizer,org.springframework.boot.autoconfigure.hateoas.HypermediaAutoConfiguration,spring.hateoas-org.springframework.boot.autoconfigure.hateoas.HateoasProperties,org.springframework.boot.test.autoconfigure.web.servlet.MockMvcAutoConfiguration,mockMvcBuilder,springBootMockMvcBuilderCustomizer,mockMvc,org.springframework.boot.autoconfigure.web.ServerPropertiesAutoConfiguration,serverProperties,duplicateServerPropertiesDetector,org.springframework.boot.test.autoconfigure.web.servlet.MockMvcSecurityAutoConfiguration,com.stackroute.ng2boot.service.MovieGetService#0]; root of factory hierarchy
[DEBUG] 2017-06-04 15:06:46.702 [main] DisposableBeanAdapter - Invoking destroy() on bean with name 'org.springframework.boot.context.properties.ConfigurationPropertiesBindingPostProcessor'
[DEBUG] 2017-06-04 15:06:46.702 [main] DefaultListableBeanFactory - Retrieved dependent beans for bean 'org.springframework.boot.autoconfigure.internalCachingMetadataReaderFactory': [org.springframework.context.annotation.internalConfigurationAnnotationProcessor]
[DEBUG] 2017-06-04 15:06:46.704 [main] ClasspathLoggingApplicationListener - Application failed to start with classpath: [file:/home/user/Downloads/part1_movieapp-starter/spring-rest/target/surefire/surefirebooter8256104674369339533.jar]
[DEBUG] 2017-06-04 15:06:46.709 [main] AutoConfigurationReportLoggingInitializer - 


=========================
AUTO-CONFIGURATION REPORT
=========================


Positive matches:
-----------------

   GsonAutoConfiguration matched:
      - @ConditionalOnClass found required class 'com.google.gson.Gson' (OnClassCondition)

   GsonAutoConfiguration#gson matched:
      - @ConditionalOnMissingBean (types: com.google.gson.Gson; SearchStrategy: all) did not find any beans (OnBeanCondition)

   GsonHttpMessageConvertersConfiguration matched:
      - @ConditionalOnClass found required class 'com.google.gson.Gson' (OnClassCondition)

   HttpMessageConvertersAutoConfiguration matched:
      - @ConditionalOnClass found required class 'org.springframework.http.converter.HttpMessageConverter' (OnClassCondition)

   HttpMessageConvertersAutoConfiguration#messageConverters matched:
      - @ConditionalOnMissingBean (types: org.springframework.boot.autoconfigure.web.HttpMessageConverters; SearchStrategy: all) did not find any beans (OnBeanCondition)

   HttpMessageConvertersAutoConfiguration.StringHttpMessageConverterConfiguration matched:
      - @ConditionalOnClass found required class 'org.springframework.http.converter.StringHttpMessageConverter' (OnClassCondition)

   HttpMessageConvertersAutoConfiguration.StringHttpMessageConverterConfiguration#stringHttpMessageConverter matched:
      - @ConditionalOnMissingBean (types: org.springframework.http.converter.StringHttpMessageConverter; SearchStrategy: all) did not find any beans (OnBeanCondition)

   HypermediaAutoConfiguration matched:
      - @ConditionalOnClass found required classes 'org.springframework.hateoas.Resource', 'org.springframework.web.bind.annotation.RequestMapping', 'org.springframework.plugin.core.Plugin' (OnClassCondition)
      - @ConditionalOnWebApplication (required) found 'session' scope (OnWebApplicationCondition)

   HypermediaAutoConfiguration.EntityLinksConfiguration matched:
      - @ConditionalOnMissingBean (types: org.springframework.hateoas.EntityLinks; SearchStrategy: all) did not find any beans (OnBeanCondition)

   HypermediaAutoConfiguration.HypermediaConfiguration matched:
      - @ConditionalOnMissingBean (types: org.springframework.hateoas.LinkDiscoverers; SearchStrategy: all) did not find any beans (OnBeanCondition)

   HypermediaHttpMessageConverterConfiguration#halMessageConverterSupportedMediaTypeCustomizer matched:
      - @ConditionalOnProperty (spring.hateoas.use-hal-as-default-json-media-type) matched (OnPropertyCondition)

   JacksonAutoConfiguration matched:
      - @ConditionalOnClass found required class 'com.fasterxml.jackson.databind.ObjectMapper' (OnClassCondition)

   JacksonAutoConfiguration.Jackson2ObjectMapperBuilderCustomizerConfiguration matched:
      - @ConditionalOnClass found required classes 'com.fasterxml.jackson.databind.ObjectMapper', 'org.springframework.http.converter.json.Jackson2ObjectMapperBuilder' (OnClassCondition)

   JacksonAutoConfiguration.JacksonObjectMapperBuilderConfiguration matched:
      - @ConditionalOnClass found required classes 'com.fasterxml.jackson.databind.ObjectMapper', 'org.springframework.http.converter.json.Jackson2ObjectMapperBuilder' (OnClassCondition)

   JacksonAutoConfiguration.JacksonObjectMapperBuilderConfiguration#jacksonObjectMapperBuilder matched:
      - @ConditionalOnMissingBean (types: org.springframework.http.converter.json.Jackson2ObjectMapperBuilder; SearchStrategy: all) did not find any beans (OnBeanCondition)

   JacksonAutoConfiguration.JacksonObjectMapperConfiguration matched:
      - @ConditionalOnClass found required classes 'com.fasterxml.jackson.databind.ObjectMapper', 'org.springframework.http.converter.json.Jackson2ObjectMapperBuilder' (OnClassCondition)

   JacksonAutoConfiguration.JacksonObjectMapperConfiguration#jacksonObjectMapper matched:
      - @ConditionalOnMissingBean (types: com.fasterxml.jackson.databind.ObjectMapper; SearchStrategy: all) did not find any beans (OnBeanCondition)

   JacksonHttpMessageConvertersConfiguration.MappingJackson2HttpMessageConverterConfiguration matched:
      - @ConditionalOnClass found required class 'com.fasterxml.jackson.databind.ObjectMapper' (OnClassCondition)
      - @ConditionalOnProperty (spring.http.converters.preferred-json-mapper=jackson) matched (OnPropertyCondition)
      - @ConditionalOnBean (types: com.fasterxml.jackson.databind.ObjectMapper; SearchStrategy: all) found bean 'jacksonObjectMapper' (OnBeanCondition)

   JacksonHttpMessageConvertersConfiguration.MappingJackson2HttpMessageConverterConfiguration#mappingJackson2HttpMessageConverter matched:
      - @ConditionalOnMissingBean (types: org.springframework.http.converter.json.MappingJackson2HttpMessageConverter; SearchStrategy: all) did not find any beans (OnBeanCondition)

   MockMvcAutoConfiguration matched:
      - @ConditionalOnWebApplication (required) found 'session' scope (OnWebApplicationCondition)

   MockMvcAutoConfiguration#mockMvc matched:
      - @ConditionalOnMissingBean (types: org.springframework.test.web.servlet.MockMvc; SearchStrategy: all) did not find any beans (OnBeanCondition)

   MockMvcAutoConfiguration#mockMvcBuilder matched:
      - @ConditionalOnMissingBean (types: org.springframework.test.web.servlet.MockMvcBuilder; SearchStrategy: all) did not find any beans (OnBeanCondition)

   MockMvcSecurityAutoConfiguration matched:
      - @ConditionalOnProperty (spring.test.mockmvc.secure=true) matched (OnPropertyCondition)

   NoOpCacheConfiguration matched:
      - Cache org.springframework.boot.autoconfigure.cache.NoOpCacheConfiguration NONE cache type (CacheCondition)

   ServerPropertiesAutoConfiguration matched:
      - @ConditionalOnWebApplication (required) found 'session' scope (OnWebApplicationCondition)

   ServerPropertiesAutoConfiguration#serverProperties matched:
      - @ConditionalOnMissingBean (types: org.springframework.boot.autoconfigure.web.ServerProperties; SearchStrategy: current) did not find any beans (OnBeanCondition)

   WebMvcAutoConfiguration matched:
      - @ConditionalOnClass found required classes 'javax.servlet.Servlet', 'org.springframework.web.servlet.DispatcherServlet', 'org.springframework.web.servlet.config.annotation.WebMvcConfigurerAdapter' (OnClassCondition)
      - @ConditionalOnWebApplication (required) found 'session' scope (OnWebApplicationCondition)
      - @ConditionalOnMissingBean (types: org.springframework.web.servlet.config.annotation.WebMvcConfigurationSupport; SearchStrategy: all) did not find any beans (OnBeanCondition)

   WebMvcAutoConfiguration#hiddenHttpMethodFilter matched:
      - @ConditionalOnMissingBean (types: org.springframework.web.filter.HiddenHttpMethodFilter; SearchStrategy: all) did not find any beans (OnBeanCondition)

   WebMvcAutoConfiguration#httpPutFormContentFilter matched:
      - @ConditionalOnProperty (spring.mvc.formcontent.putfilter.enabled) matched (OnPropertyCondition)
      - @ConditionalOnMissingBean (types: org.springframework.web.filter.HttpPutFormContentFilter; SearchStrategy: all) did not find any beans (OnBeanCondition)

   WebMvcAutoConfiguration.WebMvcAutoConfigurationAdapter#defaultViewResolver matched:
      - @ConditionalOnMissingBean (types: org.springframework.web.servlet.view.InternalResourceViewResolver; SearchStrategy: all) did not find any beans (OnBeanCondition)

   WebMvcAutoConfiguration.WebMvcAutoConfigurationAdapter#requestContextFilter matched:
      - @ConditionalOnMissingBean (types: org.springframework.web.context.request.RequestContextListener,org.springframework.web.filter.RequestContextFilter; SearchStrategy: all) did not find any beans (OnBeanCondition)

   WebMvcAutoConfiguration.WebMvcAutoConfigurationAdapter#viewResolver matched:
      - @ConditionalOnBean (types: org.springframework.web.servlet.ViewResolver; SearchStrategy: all) found beans 'defaultViewResolver', 'mvcViewResolver'; @ConditionalOnMissingBean (names: viewResolver; types: org.springframework.web.servlet.view.ContentNegotiatingViewResolver; SearchStrategy: all) did not find any beans (OnBeanCondition)

   WebMvcAutoConfiguration.WebMvcAutoConfigurationAdapter.FaviconConfiguration matched:
      - @ConditionalOnProperty (spring.mvc.favicon.enabled) matched (OnPropertyCondition)


Negative matches:
-----------------

   CacheAutoConfiguration:
      Did not match:
         - @ConditionalOnBean (types: org.springframework.cache.interceptor.CacheAspectSupport; SearchStrategy: all) did not find any beans (OnBeanCondition)
      Matched:
         - @ConditionalOnClass found required class 'org.springframework.cache.CacheManager' (OnClassCondition)

   CacheAutoConfiguration.CacheManagerJpaDependencyConfiguration:
      Did not match:
         - @ConditionalOnClass did not find required class 'org.springframework.orm.jpa.LocalContainerEntityManagerFactoryBean' (OnClassCondition)
         - Ancestor org.springframework.boot.autoconfigure.cache.CacheAutoConfiguration did not match (ConditionEvaluationReport.AncestorsMatchedCondition)

   CaffeineCacheConfiguration:
      Did not match:
         - @ConditionalOnClass did not find required classes 'com.github.benmanes.caffeine.cache.Caffeine', 'org.springframework.cache.caffeine.CaffeineCacheManager' (OnClassCondition)

   CouchbaseCacheConfiguration:
      Did not match:
         - @ConditionalOnClass did not find required classes 'com.couchbase.client.java.Bucket', 'com.couchbase.client.spring.cache.CouchbaseCacheManager' (OnClassCondition)

   EhCacheCacheConfiguration:
      Did not match:
         - @ConditionalOnClass did not find required classes 'net.sf.ehcache.Cache', 'org.springframework.cache.ehcache.EhCacheCacheManager' (OnClassCondition)

   FreeMarkerAutoConfiguration:
      Did not match:
         - @ConditionalOnClass did not find required classes 'freemarker.template.Configuration', 'org.springframework.ui.freemarker.FreeMarkerConfigurationFactory' (OnClassCondition)

   GenericCacheConfiguration:
      Did not match:
         - Cache org.springframework.boot.autoconfigure.cache.GenericCacheConfiguration NONE cache type (CacheCondition)

   GroovyTemplateAutoConfiguration:
      Did not match:
         - @ConditionalOnClass did not find required class 'groovy.text.markup.MarkupTemplateEngine' (OnClassCondition)

   GsonHttpMessageConvertersConfiguration.GsonHttpMessageConverterConfiguration:
      Did not match:
         - AnyNestedCondition 0 matched 2 did not; NestedCondition on GsonHttpMessageConvertersConfiguration.PreferGsonOrMissingJacksonCondition.JacksonMissing @ConditionalOnMissingBean (types: org.springframework.http.converter.json.MappingJackson2HttpMessageConverter; SearchStrategy: all) found bean 'mappingJackson2HttpMessageConverter'; NestedCondition on GsonHttpMessageConvertersConfiguration.PreferGsonOrMissingJacksonCondition.GsonPreferred @ConditionalOnProperty (spring.http.converters.preferred-json-mapper=gson) did not find property 'spring.http.converters.preferred-json-mapper' (GsonHttpMessageConvertersConfiguration.PreferGsonOrMissingJacksonCondition)

   GuavaCacheConfiguration:
      Did not match:
         - @ConditionalOnClass did not find required class 'org.springframework.cache.guava.GuavaCacheManager' (OnClassCondition)

   HazelcastCacheConfiguration:
      Did not match:
         - @ConditionalOnClass did not find required classes 'com.hazelcast.core.HazelcastInstance', 'com.hazelcast.spring.cache.HazelcastCacheManager' (OnClassCondition)

   InfinispanCacheConfiguration:
      Did not match:
         - @ConditionalOnClass did not find required class 'org.infinispan.spring.provider.SpringEmbeddedCacheManager' (OnClassCondition)

   JCacheCacheConfiguration:
      Did not match:
         - @ConditionalOnClass did not find required classes 'javax.cache.Caching', 'org.springframework.cache.jcache.JCacheCacheManager' (OnClassCondition)

   JacksonAutoConfiguration.JodaDateTimeJacksonConfiguration:
      Did not match:
         - @ConditionalOnClass did not find required classes 'org.joda.time.DateTime', 'com.fasterxml.jackson.datatype.joda.ser.DateTimeSerializer', 'com.fasterxml.jackson.datatype.joda.cfg.JacksonJodaDateFormat' (OnClassCondition)

   JacksonAutoConfiguration.ParameterNamesModuleConfiguration:
      Did not match:
         - @ConditionalOnClass did not find required class 'com.fasterxml.jackson.module.paramnames.ParameterNamesModule' (OnClassCondition)

   JacksonHttpMessageConvertersConfiguration.MappingJackson2XmlHttpMessageConverterConfiguration:
      Did not match:
         - @ConditionalOnClass did not find required class 'com.fasterxml.jackson.dataformat.xml.XmlMapper' (OnClassCondition)

   MessageSourceAutoConfiguration:
      Did not match:
         - ResourceBundle did not find bundle with basename messages (MessageSourceAutoConfiguration.ResourceBundleCondition)

   MockMvcSecurityConfiguration:
      Did not match:
         - @ConditionalOnClass did not find required class 'org.springframework.security.test.web.servlet.request.SecurityMockMvcRequestPostProcessors' (OnClassCondition)

   MockMvcWebClientAutoConfiguration:
      Did not match:
         - @ConditionalOnClass did not find required class 'com.gargoylesoftware.htmlunit.WebClient' (OnClassCondition)

   MockMvcWebDriverAutoConfiguration:
      Did not match:
         - @ConditionalOnClass did not find required class 'org.openqa.selenium.htmlunit.HtmlUnitDriver' (OnClassCondition)

   MustacheAutoConfiguration:
      Did not match:
         - @ConditionalOnClass did not find required class 'com.samskivert.mustache.Mustache' (OnClassCondition)

   RedisCacheConfiguration:
      Did not match:
         - Cache org.springframework.boot.autoconfigure.cache.RedisCacheConfiguration NONE cache type (CacheCondition)

   SecurityAutoConfiguration:
      Did not match:
         - @ConditionalOnClass did not find required classes 'org.springframework.security.authentication.AuthenticationManager', 'org.springframework.security.config.annotation.authentication.configurers.GlobalAuthenticationConfigurerAdapter' (OnClassCondition)

   SimpleCacheConfiguration:
      Did not match:
         - Cache org.springframework.boot.autoconfigure.cache.SimpleCacheConfiguration NONE cache type (CacheCondition)

   ThymeleafAutoConfiguration:
      Did not match:
         - @ConditionalOnClass did not find required class 'org.thymeleaf.spring4.SpringTemplateEngine' (OnClassCondition)

   WebMvcAutoConfiguration.ResourceChainCustomizerConfiguration:
      Did not match:
         - @ConditionalOnEnabledResourceChain did not find class org.webjars.WebJarAssetLocator (OnEnabledResourceChainCondition)

   WebMvcAutoConfiguration.WebMvcAutoConfigurationAdapter#beanNameViewResolver:
      Did not match:
         - @ConditionalOnBean (types: org.springframework.web.servlet.View; SearchStrategy: all) did not find any beans (OnBeanCondition)

   WebMvcAutoConfiguration.WebMvcAutoConfigurationAdapter#dateFormatter:
      Did not match:
         - @ConditionalOnProperty (spring.mvc.date-format) did not find property 'date-format' (OnPropertyCondition)

   WebMvcAutoConfiguration.WebMvcAutoConfigurationAdapter#localeResolver:
      Did not match:
         - @ConditionalOnProperty (spring.mvc.locale) did not find property 'locale' (OnPropertyCondition)


Exclusions:
-----------

    None


Unconditional classes:
----------------------

    None



[DEBUG] 2017-06-04 15:06:46.735 [main] LoggingFailureAnalysisReporter - Application failed to start due to an exception
org.springframework.beans.factory.NoSuchBeanDefinitionException: No qualifying bean of type 'com.stackroute.ng2boot.links.MovieLinks' available: expected at least 1 bean which qualifies as autowire candidate. Dependency annotations: {@org.springframework.beans.factory.annotation.Autowired(required=true)}
	at org.springframework.beans.factory.support.DefaultListableBeanFactory.raiseNoMatchingBeanFound(DefaultListableBeanFactory.java:1466) ~[spring-beans-4.3.4.RELEASE.jar:4.3.4.RELEASE]
	at org.springframework.beans.factory.support.DefaultListableBeanFactory.doResolveDependency(DefaultListableBeanFactory.java:1097) ~[spring-beans-4.3.4.RELEASE.jar:4.3.4.RELEASE]
	at org.springframework.beans.factory.support.DefaultListableBeanFactory.resolveDependency(DefaultListableBeanFactory.java:1059) ~[spring-beans-4.3.4.RELEASE.jar:4.3.4.RELEASE]
	at org.springframework.beans.factory.annotation.AutowiredAnnotationBeanPostProcessor$AutowiredFieldElement.inject(AutowiredAnnotationBeanPostProcessor.java:589) ~[spring-beans-4.3.4.RELEASE.jar:4.3.4.RELEASE]
	at org.springframework.beans.factory.annotation.InjectionMetadata.inject(InjectionMetadata.java:88) ~[spring-beans-4.3.4.RELEASE.jar:4.3.4.RELEASE]
	at org.springframework.beans.factory.annotation.AutowiredAnnotationBeanPostProcessor.postProcessPropertyValues(AutowiredAnnotationBeanPostProcessor.java:370) ~[spring-beans-4.3.4.RELEASE.jar:4.3.4.RELEASE]
	at org.springframework.beans.factory.support.AbstractAutowireCapableBeanFactory.populateBean(AbstractAutowireCapableBeanFactory.java:1219) ~[spring-beans-4.3.4.RELEASE.jar:4.3.4.RELEASE]
	at org.springframework.beans.factory.support.AbstractAutowireCapableBeanFactory.doCreateBean(AbstractAutowireCapableBeanFactory.java:551) ~[spring-beans-4.3.4.RELEASE.jar:4.3.4.RELEASE]
	at org.springframework.beans.factory.support.AbstractAutowireCapableBeanFactory.createBean(AbstractAutowireCapableBeanFactory.java:482) ~[spring-beans-4.3.4.RELEASE.jar:4.3.4.RELEASE]
	at org.springframework.beans.factory.support.AbstractBeanFactory$1.getObject(AbstractBeanFactory.java:306) ~[spring-beans-4.3.4.RELEASE.jar:4.3.4.RELEASE]
	at org.springframework.beans.factory.support.DefaultSingletonBeanRegistry.getSingleton(DefaultSingletonBeanRegistry.java:230) ~[spring-beans-4.3.4.RELEASE.jar:4.3.4.RELEASE]
	at org.springframework.beans.factory.support.AbstractBeanFactory.doGetBean(AbstractBeanFactory.java:302) ~[spring-beans-4.3.4.RELEASE.jar:4.3.4.RELEASE]
	at org.springframework.beans.factory.support.AbstractBeanFactory.getBean(AbstractBeanFactory.java:197) ~[spring-beans-4.3.4.RELEASE.jar:4.3.4.RELEASE]
	at org.springframework.beans.factory.support.DefaultListableBeanFactory.preInstantiateSingletons(DefaultListableBeanFactory.java:754) ~[spring-beans-4.3.4.RELEASE.jar:4.3.4.RELEASE]
	at org.springframework.context.support.AbstractApplicationContext.finishBeanFactoryInitialization(AbstractApplicationContext.java:866) ~[spring-context-4.3.4.RELEASE.jar:4.3.4.RELEASE]
	at org.springframework.context.support.AbstractApplicationContext.refresh(AbstractApplicationContext.java:542) ~[spring-context-4.3.4.RELEASE.jar:4.3.4.RELEASE]
	at org.springframework.boot.SpringApplication.refresh(SpringApplication.java:761) [spring-boot-1.4.2.RELEASE.jar:1.4.2.RELEASE]
	at org.springframework.boot.SpringApplication.refreshContext(SpringApplication.java:371) [spring-boot-1.4.2.RELEASE.jar:1.4.2.RELEASE]
	at org.springframework.boot.SpringApplication.run(SpringApplication.java:315) [spring-boot-1.4.2.RELEASE.jar:1.4.2.RELEASE]
	at org.springframework.boot.test.context.SpringBootContextLoader.loadContext(SpringBootContextLoader.java:111) [spring-boot-test-1.4.2.RELEASE.jar:1.4.2.RELEASE]
	at org.springframework.test.context.cache.DefaultCacheAwareContextLoaderDelegate.loadContextInternal(DefaultCacheAwareContextLoaderDelegate.java:98) [spring-test-4.3.4.RELEASE.jar:4.3.4.RELEASE]
	at org.springframework.test.context.cache.DefaultCacheAwareContextLoaderDelegate.loadContext(DefaultCacheAwareContextLoaderDelegate.java:116) [spring-test-4.3.4.RELEASE.jar:4.3.4.RELEASE]
	at org.springframework.test.context.support.DefaultTestContext.getApplicationContext(DefaultTestContext.java:83) [spring-test-4.3.4.RELEASE.jar:4.3.4.RELEASE]
	at org.springframework.boot.test.autoconfigure.SpringBootDependencyInjectionTestExecutionListener.prepareTestInstance(SpringBootDependencyInjectionTestExecutionListener.java:47) [spring-boot-test-autoconfigure-1.4.2.RELEASE.jar:1.4.2.RELEASE]
	at org.springframework.test.context.TestContextManager.prepareTestInstance(TestContextManager.java:230) [spring-test-4.3.4.RELEASE.jar:4.3.4.RELEASE]
	at org.springframework.test.context.junit4.SpringJUnit4ClassRunner.createTest(SpringJUnit4ClassRunner.java:228) [spring-test-4.3.4.RELEASE.jar:4.3.4.RELEASE]
	at org.springframework.test.context.junit4.SpringJUnit4ClassRunner$1.runReflectiveCall(SpringJUnit4ClassRunner.java:287) [spring-test-4.3.4.RELEASE.jar:4.3.4.RELEASE]
	at org.junit.internal.runners.model.ReflectiveCallable.run(ReflectiveCallable.java:12) [junit-4.12.jar:4.12]
	at org.springframework.test.context.junit4.SpringJUnit4ClassRunner.methodBlock(SpringJUnit4ClassRunner.java:289) [spring-test-4.3.4.RELEASE.jar:4.3.4.RELEASE]
	at org.springframework.test.context.junit4.SpringJUnit4ClassRunner.runChild(SpringJUnit4ClassRunner.java:247) [spring-test-4.3.4.RELEASE.jar:4.3.4.RELEASE]
	at org.springframework.test.context.junit4.SpringJUnit4ClassRunner.runChild(SpringJUnit4ClassRunner.java:94) [spring-test-4.3.4.RELEASE.jar:4.3.4.RELEASE]
	at org.junit.runners.ParentRunner$3.run(ParentRunner.java:290) [junit-4.12.jar:4.12]
	at org.junit.runners.ParentRunner$1.schedule(ParentRunner.java:71) [junit-4.12.jar:4.12]
	at org.junit.runners.ParentRunner.runChildren(ParentRunner.java:288) [junit-4.12.jar:4.12]
	at org.junit.runners.ParentRunner.access$000(ParentRunner.java:58) [junit-4.12.jar:4.12]
	at org.junit.runners.ParentRunner$2.evaluate(ParentRunner.java:268) [junit-4.12.jar:4.12]
	at org.springframework.test.context.junit4.statements.RunBeforeTestClassCallbacks.evaluate(RunBeforeTestClassCallbacks.java:61) [spring-test-4.3.4.RELEASE.jar:4.3.4.RELEASE]
	at org.springframework.test.context.junit4.statements.RunAfterTestClassCallbacks.evaluate(RunAfterTestClassCallbacks.java:70) [spring-test-4.3.4.RELEASE.jar:4.3.4.RELEASE]
	at org.junit.runners.ParentRunner.run(ParentRunner.java:363) [junit-4.12.jar:4.12]
	at org.springframework.test.context.junit4.SpringJUnit4ClassRunner.run(SpringJUnit4ClassRunner.java:191) [spring-test-4.3.4.RELEASE.jar:4.3.4.RELEASE]
	at org.apache.maven.surefire.junit4.JUnit4Provider.execute(JUnit4Provider.java:283) [surefire-junit4-2.18.1.jar:2.18.1]
	at org.apache.maven.surefire.junit4.JUnit4Provider.executeWithRerun(JUnit4Provider.java:173) [surefire-junit4-2.18.1.jar:2.18.1]
	at org.apache.maven.surefire.junit4.JUnit4Provider.executeTestSet(JUnit4Provider.java:153) [surefire-junit4-2.18.1.jar:2.18.1]
	at org.apache.maven.surefire.junit4.JUnit4Provider.invoke(JUnit4Provider.java:128) [surefire-junit4-2.18.1.jar:2.18.1]
	at org.apache.maven.surefire.booter.ForkedBooter.invokeProviderInSameClassLoader(ForkedBooter.java:203) [surefire-booter-2.18.1.jar:2.18.1]
	at org.apache.maven.surefire.booter.ForkedBooter.runSuitesInProcess(ForkedBooter.java:155) [surefire-booter-2.18.1.jar:2.18.1]
	at org.apache.maven.surefire.booter.ForkedBooter.main(ForkedBooter.java:103) [surefire-booter-2.18.1.jar:2.18.1]
[ERROR] 2017-06-04 15:06:46.738 [main] LoggingFailureAnalysisReporter - 

***************************
APPLICATION FAILED TO START
***************************

Description:

Field movielinks in com.stackroute.ng2boot.controllers.MovieRestController required a bean of type 'com.stackroute.ng2boot.links.MovieLinks' that could not be found.


Action:

Consider defining a bean of type 'com.stackroute.ng2boot.links.MovieLinks' in your configuration.

[ERROR] 2017-06-04 15:06:46.738 [main] TestContextManager - Caught exception while allowing TestExecutionListener [org.springframework.boot.test.autoconfigure.SpringBootDependencyInjectionTestExecutionListener@48c76607] to prepare test instance [com.stackroute.ng2boot.controllers.MovieRestControllerTest@1624775]
java.lang.IllegalStateException: Failed to load ApplicationContext
	at org.springframework.test.context.cache.DefaultCacheAwareContextLoaderDelegate.loadContext(DefaultCacheAwareContextLoaderDelegate.java:124) ~[spring-test-4.3.4.RELEASE.jar:4.3.4.RELEASE]
	at org.springframework.test.context.support.DefaultTestContext.getApplicationContext(DefaultTestContext.java:83) ~[spring-test-4.3.4.RELEASE.jar:4.3.4.RELEASE]
	at org.springframework.boot.test.autoconfigure.SpringBootDependencyInjectionTestExecutionListener.prepareTestInstance(SpringBootDependencyInjectionTestExecutionListener.java:47) ~[spring-boot-test-autoconfigure-1.4.2.RELEASE.jar:1.4.2.RELEASE]
	at org.springframework.test.context.TestContextManager.prepareTestInstance(TestContextManager.java:230) [spring-test-4.3.4.RELEASE.jar:4.3.4.RELEASE]
	at org.springframework.test.context.junit4.SpringJUnit4ClassRunner.createTest(SpringJUnit4ClassRunner.java:228) [spring-test-4.3.4.RELEASE.jar:4.3.4.RELEASE]
	at org.springframework.test.context.junit4.SpringJUnit4ClassRunner$1.runReflectiveCall(SpringJUnit4ClassRunner.java:287) [spring-test-4.3.4.RELEASE.jar:4.3.4.RELEASE]
	at org.junit.internal.runners.model.ReflectiveCallable.run(ReflectiveCallable.java:12) [junit-4.12.jar:4.12]
	at org.springframework.test.context.junit4.SpringJUnit4ClassRunner.methodBlock(SpringJUnit4ClassRunner.java:289) [spring-test-4.3.4.RELEASE.jar:4.3.4.RELEASE]
	at org.springframework.test.context.junit4.SpringJUnit4ClassRunner.runChild(SpringJUnit4ClassRunner.java:247) [spring-test-4.3.4.RELEASE.jar:4.3.4.RELEASE]
	at org.springframework.test.context.junit4.SpringJUnit4ClassRunner.runChild(SpringJUnit4ClassRunner.java:94) [spring-test-4.3.4.RELEASE.jar:4.3.4.RELEASE]
	at org.junit.runners.ParentRunner$3.run(ParentRunner.java:290) [junit-4.12.jar:4.12]
	at org.junit.runners.ParentRunner$1.schedule(ParentRunner.java:71) [junit-4.12.jar:4.12]
	at org.junit.runners.ParentRunner.runChildren(ParentRunner.java:288) [junit-4.12.jar:4.12]
	at org.junit.runners.ParentRunner.access$000(ParentRunner.java:58) [junit-4.12.jar:4.12]
	at org.junit.runners.ParentRunner$2.evaluate(ParentRunner.java:268) [junit-4.12.jar:4.12]
	at org.springframework.test.context.junit4.statements.RunBeforeTestClassCallbacks.evaluate(RunBeforeTestClassCallbacks.java:61) [spring-test-4.3.4.RELEASE.jar:4.3.4.RELEASE]
	at org.springframework.test.context.junit4.statements.RunAfterTestClassCallbacks.evaluate(RunAfterTestClassCallbacks.java:70) [spring-test-4.3.4.RELEASE.jar:4.3.4.RELEASE]
	at org.junit.runners.ParentRunner.run(ParentRunner.java:363) [junit-4.12.jar:4.12]
	at org.springframework.test.context.junit4.SpringJUnit4ClassRunner.run(SpringJUnit4ClassRunner.java:191) [spring-test-4.3.4.RELEASE.jar:4.3.4.RELEASE]
	at org.apache.maven.surefire.junit4.JUnit4Provider.execute(JUnit4Provider.java:283) [surefire-junit4-2.18.1.jar:2.18.1]
	at org.apache.maven.surefire.junit4.JUnit4Provider.executeWithRerun(JUnit4Provider.java:173) [surefire-junit4-2.18.1.jar:2.18.1]
	at org.apache.maven.surefire.junit4.JUnit4Provider.executeTestSet(JUnit4Provider.java:153) [surefire-junit4-2.18.1.jar:2.18.1]
	at org.apache.maven.surefire.junit4.JUnit4Provider.invoke(JUnit4Provider.java:128) [surefire-junit4-2.18.1.jar:2.18.1]
	at org.apache.maven.surefire.booter.ForkedBooter.invokeProviderInSameClassLoader(ForkedBooter.java:203) [surefire-booter-2.18.1.jar:2.18.1]
	at org.apache.maven.surefire.booter.ForkedBooter.runSuitesInProcess(ForkedBooter.java:155) [surefire-booter-2.18.1.jar:2.18.1]
	at org.apache.maven.surefire.booter.ForkedBooter.main(ForkedBooter.java:103) [surefire-booter-2.18.1.jar:2.18.1]
Caused by: org.springframework.beans.factory.UnsatisfiedDependencyException: Error creating bean with name 'movieRestController': Unsatisfied dependency expressed through field 'movielinks'; nested exception is org.springframework.beans.factory.NoSuchBeanDefinitionException: No qualifying bean of type 'com.stackroute.ng2boot.links.MovieLinks' available: expected at least 1 bean which qualifies as autowire candidate. Dependency annotations: {@org.springframework.beans.factory.annotation.Autowired(required=true)}
	at org.springframework.beans.factory.annotation.AutowiredAnnotationBeanPostProcessor$AutowiredFieldElement.inject(AutowiredAnnotationBeanPostProcessor.java:592) ~[spring-beans-4.3.4.RELEASE.jar:4.3.4.RELEASE]
	at org.springframework.beans.factory.annotation.InjectionMetadata.inject(InjectionMetadata.java:88) ~[spring-beans-4.3.4.RELEASE.jar:4.3.4.RELEASE]
	at org.springframework.beans.factory.annotation.AutowiredAnnotationBeanPostProcessor.postProcessPropertyValues(AutowiredAnnotationBeanPostProcessor.java:370) ~[spring-beans-4.3.4.RELEASE.jar:4.3.4.RELEASE]
	at org.springframework.beans.factory.support.AbstractAutowireCapableBeanFactory.populateBean(AbstractAutowireCapableBeanFactory.java:1219) ~[spring-beans-4.3.4.RELEASE.jar:4.3.4.RELEASE]
	at org.springframework.beans.factory.support.AbstractAutowireCapableBeanFactory.doCreateBean(AbstractAutowireCapableBeanFactory.java:551) ~[spring-beans-4.3.4.RELEASE.jar:4.3.4.RELEASE]
	at org.springframework.beans.factory.support.AbstractAutowireCapableBeanFactory.createBean(AbstractAutowireCapableBeanFactory.java:482) ~[spring-beans-4.3.4.RELEASE.jar:4.3.4.RELEASE]
	at org.springframework.beans.factory.support.AbstractBeanFactory$1.getObject(AbstractBeanFactory.java:306) ~[spring-beans-4.3.4.RELEASE.jar:4.3.4.RELEASE]
	at org.springframework.beans.factory.support.DefaultSingletonBeanRegistry.getSingleton(DefaultSingletonBeanRegistry.java:230) ~[spring-beans-4.3.4.RELEASE.jar:4.3.4.RELEASE]
	at org.springframework.beans.factory.support.AbstractBeanFactory.doGetBean(AbstractBeanFactory.java:302) ~[spring-beans-4.3.4.RELEASE.jar:4.3.4.RELEASE]
	at org.springframework.beans.factory.support.AbstractBeanFactory.getBean(AbstractBeanFactory.java:197) ~[spring-beans-4.3.4.RELEASE.jar:4.3.4.RELEASE]
	at org.springframework.beans.factory.support.DefaultListableBeanFactory.preInstantiateSingletons(DefaultListableBeanFactory.java:754) ~[spring-beans-4.3.4.RELEASE.jar:4.3.4.RELEASE]
	at org.springframework.context.support.AbstractApplicationContext.finishBeanFactoryInitialization(AbstractApplicationContext.java:866) ~[spring-context-4.3.4.RELEASE.jar:4.3.4.RELEASE]
	at org.springframework.context.support.AbstractApplicationContext.refresh(AbstractApplicationContext.java:542) ~[spring-context-4.3.4.RELEASE.jar:4.3.4.RELEASE]
	at org.springframework.boot.SpringApplication.refresh(SpringApplication.java:761) ~[spring-boot-1.4.2.RELEASE.jar:1.4.2.RELEASE]
	at org.springframework.boot.SpringApplication.refreshContext(SpringApplication.java:371) ~[spring-boot-1.4.2.RELEASE.jar:1.4.2.RELEASE]
	at org.springframework.boot.SpringApplication.run(SpringApplication.java:315) ~[spring-boot-1.4.2.RELEASE.jar:1.4.2.RELEASE]
	at org.springframework.boot.test.context.SpringBootContextLoader.loadContext(SpringBootContextLoader.java:111) ~[spring-boot-test-1.4.2.RELEASE.jar:1.4.2.RELEASE]
	at org.springframework.test.context.cache.DefaultCacheAwareContextLoaderDelegate.loadContextInternal(DefaultCacheAwareContextLoaderDelegate.java:98) ~[spring-test-4.3.4.RELEASE.jar:4.3.4.RELEASE]
	at org.springframework.test.context.cache.DefaultCacheAwareContextLoaderDelegate.loadContext(DefaultCacheAwareContextLoaderDelegate.java:116) ~[spring-test-4.3.4.RELEASE.jar:4.3.4.RELEASE]
	... 25 more
Caused by: org.springframework.beans.factory.NoSuchBeanDefinitionException: No qualifying bean of type 'com.stackroute.ng2boot.links.MovieLinks' available: expected at least 1 bean which qualifies as autowire candidate. Dependency annotations: {@org.springframework.beans.factory.annotation.Autowired(required=true)}
	at org.springframework.beans.factory.support.DefaultListableBeanFactory.raiseNoMatchingBeanFound(DefaultListableBeanFactory.java:1466) ~[spring-beans-4.3.4.RELEASE.jar:4.3.4.RELEASE]
	at org.springframework.beans.factory.support.DefaultListableBeanFactory.doResolveDependency(DefaultListableBeanFactory.java:1097) ~[spring-beans-4.3.4.RELEASE.jar:4.3.4.RELEASE]
	at org.springframework.beans.factory.support.DefaultListableBeanFactory.resolveDependency(DefaultListableBeanFactory.java:1059) ~[spring-beans-4.3.4.RELEASE.jar:4.3.4.RELEASE]
	at org.springframework.beans.factory.annotation.AutowiredAnnotationBeanPostProcessor$AutowiredFieldElement.inject(AutowiredAnnotationBeanPostProcessor.java:589) ~[spring-beans-4.3.4.RELEASE.jar:4.3.4.RELEASE]
	at org.springframework.beans.factory.annotation.InjectionMetadata.inject(InjectionMetadata.java:88) ~[spring-beans-4.3.4.RELEASE.jar:4.3.4.RELEASE]
	at org.springframework.beans.factory.annotation.AutowiredAnnotationBeanPostProcessor.postProcessPropertyValues(AutowiredAnnotationBeanPostProcessor.java:370) ~[spring-beans-4.3.4.RELEASE.jar:4.3.4.RELEASE]
	at org.springframework.beans.factory.support.AbstractAutowireCapableBeanFactory.populateBean(AbstractAutowireCapableBeanFactory.java:1219) ~[spring-beans-4.3.4.RELEASE.jar:4.3.4.RELEASE]
	at org.springframework.beans.factory.support.AbstractAutowireCapableBeanFactory.doCreateBean(AbstractAutowireCapableBeanFactory.java:551) ~[spring-beans-4.3.4.RELEASE.jar:4.3.4.RELEASE]
	at org.springframework.beans.factory.support.AbstractAutowireCapableBeanFactory.createBean(AbstractAutowireCapableBeanFactory.java:482) ~[spring-beans-4.3.4.RELEASE.jar:4.3.4.RELEASE]
	at org.springframework.beans.factory.support.AbstractBeanFactory$1.getObject(AbstractBeanFactory.java:306) ~[spring-beans-4.3.4.RELEASE.jar:4.3.4.RELEASE]
	at org.springframework.beans.factory.support.DefaultSingletonBeanRegistry.getSingleton(DefaultSingletonBeanRegistry.java:230) ~[spring-beans-4.3.4.RELEASE.jar:4.3.4.RELEASE]
	at org.springframework.beans.factory.support.AbstractBeanFactory.doGetBean(AbstractBeanFactory.java:302) ~[spring-beans-4.3.4.RELEASE.jar:4.3.4.RELEASE]
	at org.springframework.beans.factory.support.AbstractBeanFactory.getBean(AbstractBeanFactory.java:197) ~[spring-beans-4.3.4.RELEASE.jar:4.3.4.RELEASE]
	at org.springframework.beans.factory.support.DefaultListableBeanFactory.preInstantiateSingletons(DefaultListableBeanFactory.java:754) ~[spring-beans-4.3.4.RELEASE.jar:4.3.4.RELEASE]
	at org.springframework.context.support.AbstractApplicationContext.finishBeanFactoryInitialization(AbstractApplicationContext.java:866) ~[spring-context-4.3.4.RELEASE.jar:4.3.4.RELEASE]
	at org.springframework.context.support.AbstractApplicationContext.refresh(AbstractApplicationContext.java:542) ~[spring-context-4.3.4.RELEASE.jar:4.3.4.RELEASE]
	at org.springframework.boot.SpringApplication.refresh(SpringApplication.java:761) ~[spring-boot-1.4.2.RELEASE.jar:1.4.2.RELEASE]
	at org.springframework.boot.SpringApplication.refreshContext(SpringApplication.java:371) ~[spring-boot-1.4.2.RELEASE.jar:1.4.2.RELEASE]
	at org.springframework.boot.SpringApplication.run(SpringApplication.java:315) ~[spring-boot-1.4.2.RELEASE.jar:1.4.2.RELEASE]
	at org.springframework.boot.test.context.SpringBootContextLoader.loadContext(SpringBootContextLoader.java:111) ~[spring-boot-test-1.4.2.RELEASE.jar:1.4.2.RELEASE]
	at org.springframework.test.context.cache.DefaultCacheAwareContextLoaderDelegate.loadContextInternal(DefaultCacheAwareContextLoaderDelegate.java:98) ~[spring-test-4.3.4.RELEASE.jar:4.3.4.RELEASE]
	at org.springframework.test.context.cache.DefaultCacheAwareContextLoaderDelegate.loadContext(DefaultCacheAwareContextLoaderDelegate.java:116) ~[spring-test-4.3.4.RELEASE.jar:4.3.4.RELEASE]
	... 25 more
]]></system-out>
  </testcase>
</testsuite>